[2024-04-09T08:24:30.155+0000] {processor.py:161} INFO - Started process (PID=75) to work on /home/airflow/.local/lib/python3.12/site-packages/airflow/example_dags/example_trigger_target_dag.py
[2024-04-09T08:24:30.156+0000] {processor.py:830} INFO - Processing file /home/airflow/.local/lib/python3.12/site-packages/airflow/example_dags/example_trigger_target_dag.py for tasks to queue
[2024-04-09T08:24:30.157+0000] {logging_mixin.py:188} INFO - [2024-04-09T08:24:30.157+0000] {dagbag.py:540} INFO - Filling up the DagBag from /home/airflow/.local/lib/python3.12/site-packages/airflow/example_dags/example_trigger_target_dag.py
[2024-04-09T08:24:30.165+0000] {processor.py:840} INFO - DAG(s) 'example_trigger_target_dag' retrieved from /home/airflow/.local/lib/python3.12/site-packages/airflow/example_dags/example_trigger_target_dag.py
[2024-04-09T08:24:30.172+0000] {logging_mixin.py:188} INFO - [2024-04-09T08:24:30.171+0000] {dag.py:3096} INFO - Sync 1 DAGs
[2024-04-09T08:24:30.180+0000] {logging_mixin.py:188} INFO - [2024-04-09T08:24:30.180+0000] {dag.py:3954} INFO - Setting next_dagrun for example_trigger_target_dag to None, run_after=None
[2024-04-09T08:24:30.195+0000] {processor.py:183} INFO - Processing /home/airflow/.local/lib/python3.12/site-packages/airflow/example_dags/example_trigger_target_dag.py took 0.042 seconds
[2024-04-09T08:25:00.806+0000] {processor.py:161} INFO - Started process (PID=133) to work on /home/airflow/.local/lib/python3.12/site-packages/airflow/example_dags/example_trigger_target_dag.py
[2024-04-09T08:25:00.807+0000] {processor.py:830} INFO - Processing file /home/airflow/.local/lib/python3.12/site-packages/airflow/example_dags/example_trigger_target_dag.py for tasks to queue
[2024-04-09T08:25:00.808+0000] {logging_mixin.py:188} INFO - [2024-04-09T08:25:00.807+0000] {dagbag.py:540} INFO - Filling up the DagBag from /home/airflow/.local/lib/python3.12/site-packages/airflow/example_dags/example_trigger_target_dag.py
[2024-04-09T08:25:00.811+0000] {processor.py:840} INFO - DAG(s) 'example_trigger_target_dag' retrieved from /home/airflow/.local/lib/python3.12/site-packages/airflow/example_dags/example_trigger_target_dag.py
[2024-04-09T08:25:00.873+0000] {logging_mixin.py:188} INFO - [2024-04-09T08:25:00.873+0000] {dag.py:3096} INFO - Sync 1 DAGs
[2024-04-09T08:25:00.884+0000] {logging_mixin.py:188} INFO - [2024-04-09T08:25:00.884+0000] {dag.py:3954} INFO - Setting next_dagrun for example_trigger_target_dag to None, run_after=None
[2024-04-09T08:25:00.903+0000] {processor.py:183} INFO - Processing /home/airflow/.local/lib/python3.12/site-packages/airflow/example_dags/example_trigger_target_dag.py took 0.100 seconds
[2024-04-09T08:25:30.975+0000] {processor.py:161} INFO - Started process (PID=191) to work on /home/airflow/.local/lib/python3.12/site-packages/airflow/example_dags/example_trigger_target_dag.py
[2024-04-09T08:25:30.975+0000] {processor.py:830} INFO - Processing file /home/airflow/.local/lib/python3.12/site-packages/airflow/example_dags/example_trigger_target_dag.py for tasks to queue
[2024-04-09T08:25:30.976+0000] {logging_mixin.py:188} INFO - [2024-04-09T08:25:30.976+0000] {dagbag.py:540} INFO - Filling up the DagBag from /home/airflow/.local/lib/python3.12/site-packages/airflow/example_dags/example_trigger_target_dag.py
[2024-04-09T08:25:30.979+0000] {processor.py:840} INFO - DAG(s) 'example_trigger_target_dag' retrieved from /home/airflow/.local/lib/python3.12/site-packages/airflow/example_dags/example_trigger_target_dag.py
[2024-04-09T08:25:30.989+0000] {logging_mixin.py:188} INFO - [2024-04-09T08:25:30.989+0000] {dag.py:3096} INFO - Sync 1 DAGs
[2024-04-09T08:25:30.996+0000] {logging_mixin.py:188} INFO - [2024-04-09T08:25:30.996+0000] {dag.py:3954} INFO - Setting next_dagrun for example_trigger_target_dag to None, run_after=None
[2024-04-09T08:25:31.008+0000] {processor.py:183} INFO - Processing /home/airflow/.local/lib/python3.12/site-packages/airflow/example_dags/example_trigger_target_dag.py took 0.036 seconds
[2024-04-09T08:26:01.765+0000] {processor.py:161} INFO - Started process (PID=249) to work on /home/airflow/.local/lib/python3.12/site-packages/airflow/example_dags/example_trigger_target_dag.py
[2024-04-09T08:26:01.766+0000] {processor.py:830} INFO - Processing file /home/airflow/.local/lib/python3.12/site-packages/airflow/example_dags/example_trigger_target_dag.py for tasks to queue
[2024-04-09T08:26:01.767+0000] {logging_mixin.py:188} INFO - [2024-04-09T08:26:01.766+0000] {dagbag.py:540} INFO - Filling up the DagBag from /home/airflow/.local/lib/python3.12/site-packages/airflow/example_dags/example_trigger_target_dag.py
[2024-04-09T08:26:01.770+0000] {processor.py:840} INFO - DAG(s) 'example_trigger_target_dag' retrieved from /home/airflow/.local/lib/python3.12/site-packages/airflow/example_dags/example_trigger_target_dag.py
[2024-04-09T08:26:01.780+0000] {logging_mixin.py:188} INFO - [2024-04-09T08:26:01.780+0000] {dag.py:3096} INFO - Sync 1 DAGs
[2024-04-09T08:26:01.788+0000] {logging_mixin.py:188} INFO - [2024-04-09T08:26:01.788+0000] {dag.py:3954} INFO - Setting next_dagrun for example_trigger_target_dag to None, run_after=None
[2024-04-09T08:26:01.801+0000] {processor.py:183} INFO - Processing /home/airflow/.local/lib/python3.12/site-packages/airflow/example_dags/example_trigger_target_dag.py took 0.039 seconds
[2024-04-09T08:26:32.620+0000] {processor.py:161} INFO - Started process (PID=307) to work on /home/airflow/.local/lib/python3.12/site-packages/airflow/example_dags/example_trigger_target_dag.py
[2024-04-09T08:26:32.620+0000] {processor.py:830} INFO - Processing file /home/airflow/.local/lib/python3.12/site-packages/airflow/example_dags/example_trigger_target_dag.py for tasks to queue
[2024-04-09T08:26:32.621+0000] {logging_mixin.py:188} INFO - [2024-04-09T08:26:32.621+0000] {dagbag.py:540} INFO - Filling up the DagBag from /home/airflow/.local/lib/python3.12/site-packages/airflow/example_dags/example_trigger_target_dag.py
[2024-04-09T08:26:32.624+0000] {processor.py:840} INFO - DAG(s) 'example_trigger_target_dag' retrieved from /home/airflow/.local/lib/python3.12/site-packages/airflow/example_dags/example_trigger_target_dag.py
[2024-04-09T08:26:32.634+0000] {logging_mixin.py:188} INFO - [2024-04-09T08:26:32.634+0000] {dag.py:3096} INFO - Sync 1 DAGs
[2024-04-09T08:26:32.641+0000] {logging_mixin.py:188} INFO - [2024-04-09T08:26:32.641+0000] {dag.py:3954} INFO - Setting next_dagrun for example_trigger_target_dag to None, run_after=None
[2024-04-09T08:26:32.652+0000] {processor.py:183} INFO - Processing /home/airflow/.local/lib/python3.12/site-packages/airflow/example_dags/example_trigger_target_dag.py took 0.036 seconds
[2024-04-09T08:27:02.733+0000] {processor.py:161} INFO - Started process (PID=365) to work on /home/airflow/.local/lib/python3.12/site-packages/airflow/example_dags/example_trigger_target_dag.py
[2024-04-09T08:27:02.733+0000] {processor.py:830} INFO - Processing file /home/airflow/.local/lib/python3.12/site-packages/airflow/example_dags/example_trigger_target_dag.py for tasks to queue
[2024-04-09T08:27:02.734+0000] {logging_mixin.py:188} INFO - [2024-04-09T08:27:02.734+0000] {dagbag.py:540} INFO - Filling up the DagBag from /home/airflow/.local/lib/python3.12/site-packages/airflow/example_dags/example_trigger_target_dag.py
[2024-04-09T08:27:02.737+0000] {processor.py:840} INFO - DAG(s) 'example_trigger_target_dag' retrieved from /home/airflow/.local/lib/python3.12/site-packages/airflow/example_dags/example_trigger_target_dag.py
[2024-04-09T08:27:02.747+0000] {logging_mixin.py:188} INFO - [2024-04-09T08:27:02.747+0000] {dag.py:3096} INFO - Sync 1 DAGs
[2024-04-09T08:27:02.755+0000] {logging_mixin.py:188} INFO - [2024-04-09T08:27:02.755+0000] {dag.py:3954} INFO - Setting next_dagrun for example_trigger_target_dag to None, run_after=None
[2024-04-09T08:27:02.766+0000] {processor.py:183} INFO - Processing /home/airflow/.local/lib/python3.12/site-packages/airflow/example_dags/example_trigger_target_dag.py took 0.037 seconds
[2024-04-09T08:27:33.898+0000] {processor.py:161} INFO - Started process (PID=423) to work on /home/airflow/.local/lib/python3.12/site-packages/airflow/example_dags/example_trigger_target_dag.py
[2024-04-09T08:27:33.899+0000] {processor.py:830} INFO - Processing file /home/airflow/.local/lib/python3.12/site-packages/airflow/example_dags/example_trigger_target_dag.py for tasks to queue
[2024-04-09T08:27:33.900+0000] {logging_mixin.py:188} INFO - [2024-04-09T08:27:33.899+0000] {dagbag.py:540} INFO - Filling up the DagBag from /home/airflow/.local/lib/python3.12/site-packages/airflow/example_dags/example_trigger_target_dag.py
[2024-04-09T08:27:33.903+0000] {processor.py:840} INFO - DAG(s) 'example_trigger_target_dag' retrieved from /home/airflow/.local/lib/python3.12/site-packages/airflow/example_dags/example_trigger_target_dag.py
[2024-04-09T08:27:33.913+0000] {logging_mixin.py:188} INFO - [2024-04-09T08:27:33.913+0000] {dag.py:3096} INFO - Sync 1 DAGs
[2024-04-09T08:27:33.921+0000] {logging_mixin.py:188} INFO - [2024-04-09T08:27:33.921+0000] {dag.py:3954} INFO - Setting next_dagrun for example_trigger_target_dag to None, run_after=None
[2024-04-09T08:27:33.931+0000] {processor.py:183} INFO - Processing /home/airflow/.local/lib/python3.12/site-packages/airflow/example_dags/example_trigger_target_dag.py took 0.036 seconds
[2024-04-09T08:28:03.999+0000] {processor.py:161} INFO - Started process (PID=481) to work on /home/airflow/.local/lib/python3.12/site-packages/airflow/example_dags/example_trigger_target_dag.py
[2024-04-09T08:28:04.000+0000] {processor.py:830} INFO - Processing file /home/airflow/.local/lib/python3.12/site-packages/airflow/example_dags/example_trigger_target_dag.py for tasks to queue
[2024-04-09T08:28:04.001+0000] {logging_mixin.py:188} INFO - [2024-04-09T08:28:04.001+0000] {dagbag.py:540} INFO - Filling up the DagBag from /home/airflow/.local/lib/python3.12/site-packages/airflow/example_dags/example_trigger_target_dag.py
[2024-04-09T08:28:04.005+0000] {processor.py:840} INFO - DAG(s) 'example_trigger_target_dag' retrieved from /home/airflow/.local/lib/python3.12/site-packages/airflow/example_dags/example_trigger_target_dag.py
[2024-04-09T08:28:04.016+0000] {logging_mixin.py:188} INFO - [2024-04-09T08:28:04.015+0000] {dag.py:3096} INFO - Sync 1 DAGs
[2024-04-09T08:28:04.023+0000] {logging_mixin.py:188} INFO - [2024-04-09T08:28:04.023+0000] {dag.py:3954} INFO - Setting next_dagrun for example_trigger_target_dag to None, run_after=None
[2024-04-09T08:28:04.034+0000] {processor.py:183} INFO - Processing /home/airflow/.local/lib/python3.12/site-packages/airflow/example_dags/example_trigger_target_dag.py took 0.038 seconds
[2024-04-09T08:28:34.963+0000] {processor.py:161} INFO - Started process (PID=539) to work on /home/airflow/.local/lib/python3.12/site-packages/airflow/example_dags/example_trigger_target_dag.py
[2024-04-09T08:28:34.963+0000] {processor.py:830} INFO - Processing file /home/airflow/.local/lib/python3.12/site-packages/airflow/example_dags/example_trigger_target_dag.py for tasks to queue
[2024-04-09T08:28:34.964+0000] {logging_mixin.py:188} INFO - [2024-04-09T08:28:34.964+0000] {dagbag.py:540} INFO - Filling up the DagBag from /home/airflow/.local/lib/python3.12/site-packages/airflow/example_dags/example_trigger_target_dag.py
[2024-04-09T08:28:34.968+0000] {processor.py:840} INFO - DAG(s) 'example_trigger_target_dag' retrieved from /home/airflow/.local/lib/python3.12/site-packages/airflow/example_dags/example_trigger_target_dag.py
[2024-04-09T08:28:34.978+0000] {logging_mixin.py:188} INFO - [2024-04-09T08:28:34.978+0000] {dag.py:3096} INFO - Sync 1 DAGs
[2024-04-09T08:28:34.985+0000] {logging_mixin.py:188} INFO - [2024-04-09T08:28:34.985+0000] {dag.py:3954} INFO - Setting next_dagrun for example_trigger_target_dag to None, run_after=None
[2024-04-09T08:28:34.996+0000] {processor.py:183} INFO - Processing /home/airflow/.local/lib/python3.12/site-packages/airflow/example_dags/example_trigger_target_dag.py took 0.036 seconds
[2024-04-09T08:29:05.608+0000] {processor.py:161} INFO - Started process (PID=597) to work on /home/airflow/.local/lib/python3.12/site-packages/airflow/example_dags/example_trigger_target_dag.py
[2024-04-09T08:29:05.608+0000] {processor.py:830} INFO - Processing file /home/airflow/.local/lib/python3.12/site-packages/airflow/example_dags/example_trigger_target_dag.py for tasks to queue
[2024-04-09T08:29:05.609+0000] {logging_mixin.py:188} INFO - [2024-04-09T08:29:05.609+0000] {dagbag.py:540} INFO - Filling up the DagBag from /home/airflow/.local/lib/python3.12/site-packages/airflow/example_dags/example_trigger_target_dag.py
[2024-04-09T08:29:05.612+0000] {processor.py:840} INFO - DAG(s) 'example_trigger_target_dag' retrieved from /home/airflow/.local/lib/python3.12/site-packages/airflow/example_dags/example_trigger_target_dag.py
[2024-04-09T08:29:05.622+0000] {logging_mixin.py:188} INFO - [2024-04-09T08:29:05.622+0000] {dag.py:3096} INFO - Sync 1 DAGs
[2024-04-09T08:29:05.629+0000] {logging_mixin.py:188} INFO - [2024-04-09T08:29:05.629+0000] {dag.py:3954} INFO - Setting next_dagrun for example_trigger_target_dag to None, run_after=None
[2024-04-09T08:29:05.639+0000] {processor.py:183} INFO - Processing /home/airflow/.local/lib/python3.12/site-packages/airflow/example_dags/example_trigger_target_dag.py took 0.035 seconds
[2024-04-09T08:29:36.347+0000] {processor.py:161} INFO - Started process (PID=655) to work on /home/airflow/.local/lib/python3.12/site-packages/airflow/example_dags/example_trigger_target_dag.py
[2024-04-09T08:29:36.348+0000] {processor.py:830} INFO - Processing file /home/airflow/.local/lib/python3.12/site-packages/airflow/example_dags/example_trigger_target_dag.py for tasks to queue
[2024-04-09T08:29:36.349+0000] {logging_mixin.py:188} INFO - [2024-04-09T08:29:36.349+0000] {dagbag.py:540} INFO - Filling up the DagBag from /home/airflow/.local/lib/python3.12/site-packages/airflow/example_dags/example_trigger_target_dag.py
[2024-04-09T08:29:36.352+0000] {processor.py:840} INFO - DAG(s) 'example_trigger_target_dag' retrieved from /home/airflow/.local/lib/python3.12/site-packages/airflow/example_dags/example_trigger_target_dag.py
[2024-04-09T08:29:36.362+0000] {logging_mixin.py:188} INFO - [2024-04-09T08:29:36.362+0000] {dag.py:3096} INFO - Sync 1 DAGs
[2024-04-09T08:29:36.370+0000] {logging_mixin.py:188} INFO - [2024-04-09T08:29:36.370+0000] {dag.py:3954} INFO - Setting next_dagrun for example_trigger_target_dag to None, run_after=None
[2024-04-09T08:29:36.380+0000] {processor.py:183} INFO - Processing /home/airflow/.local/lib/python3.12/site-packages/airflow/example_dags/example_trigger_target_dag.py took 0.035 seconds
[2024-04-09T08:30:07.070+0000] {processor.py:161} INFO - Started process (PID=713) to work on /home/airflow/.local/lib/python3.12/site-packages/airflow/example_dags/example_trigger_target_dag.py
[2024-04-09T08:30:07.071+0000] {processor.py:830} INFO - Processing file /home/airflow/.local/lib/python3.12/site-packages/airflow/example_dags/example_trigger_target_dag.py for tasks to queue
[2024-04-09T08:30:07.072+0000] {logging_mixin.py:188} INFO - [2024-04-09T08:30:07.072+0000] {dagbag.py:540} INFO - Filling up the DagBag from /home/airflow/.local/lib/python3.12/site-packages/airflow/example_dags/example_trigger_target_dag.py
[2024-04-09T08:30:07.075+0000] {processor.py:840} INFO - DAG(s) 'example_trigger_target_dag' retrieved from /home/airflow/.local/lib/python3.12/site-packages/airflow/example_dags/example_trigger_target_dag.py
[2024-04-09T08:30:07.087+0000] {logging_mixin.py:188} INFO - [2024-04-09T08:30:07.086+0000] {dag.py:3096} INFO - Sync 1 DAGs
[2024-04-09T08:30:07.095+0000] {logging_mixin.py:188} INFO - [2024-04-09T08:30:07.095+0000] {dag.py:3954} INFO - Setting next_dagrun for example_trigger_target_dag to None, run_after=None
[2024-04-09T08:30:07.106+0000] {processor.py:183} INFO - Processing /home/airflow/.local/lib/python3.12/site-packages/airflow/example_dags/example_trigger_target_dag.py took 0.038 seconds
[2024-04-09T08:30:37.931+0000] {processor.py:161} INFO - Started process (PID=771) to work on /home/airflow/.local/lib/python3.12/site-packages/airflow/example_dags/example_trigger_target_dag.py
[2024-04-09T08:30:37.932+0000] {processor.py:830} INFO - Processing file /home/airflow/.local/lib/python3.12/site-packages/airflow/example_dags/example_trigger_target_dag.py for tasks to queue
[2024-04-09T08:30:37.933+0000] {logging_mixin.py:188} INFO - [2024-04-09T08:30:37.932+0000] {dagbag.py:540} INFO - Filling up the DagBag from /home/airflow/.local/lib/python3.12/site-packages/airflow/example_dags/example_trigger_target_dag.py
[2024-04-09T08:30:37.936+0000] {processor.py:840} INFO - DAG(s) 'example_trigger_target_dag' retrieved from /home/airflow/.local/lib/python3.12/site-packages/airflow/example_dags/example_trigger_target_dag.py
[2024-04-09T08:30:37.950+0000] {logging_mixin.py:188} INFO - [2024-04-09T08:30:37.950+0000] {dag.py:3096} INFO - Sync 1 DAGs
[2024-04-09T08:30:37.960+0000] {logging_mixin.py:188} INFO - [2024-04-09T08:30:37.959+0000] {dag.py:3954} INFO - Setting next_dagrun for example_trigger_target_dag to None, run_after=None
[2024-04-09T08:30:37.971+0000] {processor.py:183} INFO - Processing /home/airflow/.local/lib/python3.12/site-packages/airflow/example_dags/example_trigger_target_dag.py took 0.044 seconds
[2024-04-09T08:31:08.266+0000] {processor.py:161} INFO - Started process (PID=829) to work on /home/airflow/.local/lib/python3.12/site-packages/airflow/example_dags/example_trigger_target_dag.py
[2024-04-09T08:31:08.267+0000] {processor.py:830} INFO - Processing file /home/airflow/.local/lib/python3.12/site-packages/airflow/example_dags/example_trigger_target_dag.py for tasks to queue
[2024-04-09T08:31:08.268+0000] {logging_mixin.py:188} INFO - [2024-04-09T08:31:08.268+0000] {dagbag.py:540} INFO - Filling up the DagBag from /home/airflow/.local/lib/python3.12/site-packages/airflow/example_dags/example_trigger_target_dag.py
[2024-04-09T08:31:08.272+0000] {processor.py:840} INFO - DAG(s) 'example_trigger_target_dag' retrieved from /home/airflow/.local/lib/python3.12/site-packages/airflow/example_dags/example_trigger_target_dag.py
[2024-04-09T08:31:08.283+0000] {logging_mixin.py:188} INFO - [2024-04-09T08:31:08.283+0000] {dag.py:3096} INFO - Sync 1 DAGs
[2024-04-09T08:31:08.293+0000] {logging_mixin.py:188} INFO - [2024-04-09T08:31:08.292+0000] {dag.py:3954} INFO - Setting next_dagrun for example_trigger_target_dag to None, run_after=None
[2024-04-09T08:31:08.305+0000] {processor.py:183} INFO - Processing /home/airflow/.local/lib/python3.12/site-packages/airflow/example_dags/example_trigger_target_dag.py took 0.042 seconds
[2024-04-09T08:31:39.101+0000] {processor.py:161} INFO - Started process (PID=887) to work on /home/airflow/.local/lib/python3.12/site-packages/airflow/example_dags/example_trigger_target_dag.py
[2024-04-09T08:31:39.102+0000] {processor.py:830} INFO - Processing file /home/airflow/.local/lib/python3.12/site-packages/airflow/example_dags/example_trigger_target_dag.py for tasks to queue
[2024-04-09T08:31:39.103+0000] {logging_mixin.py:188} INFO - [2024-04-09T08:31:39.103+0000] {dagbag.py:540} INFO - Filling up the DagBag from /home/airflow/.local/lib/python3.12/site-packages/airflow/example_dags/example_trigger_target_dag.py
[2024-04-09T08:31:39.106+0000] {processor.py:840} INFO - DAG(s) 'example_trigger_target_dag' retrieved from /home/airflow/.local/lib/python3.12/site-packages/airflow/example_dags/example_trigger_target_dag.py
[2024-04-09T08:31:39.119+0000] {logging_mixin.py:188} INFO - [2024-04-09T08:31:39.119+0000] {dag.py:3096} INFO - Sync 1 DAGs
[2024-04-09T08:31:39.128+0000] {logging_mixin.py:188} INFO - [2024-04-09T08:31:39.128+0000] {dag.py:3954} INFO - Setting next_dagrun for example_trigger_target_dag to None, run_after=None
[2024-04-09T08:31:39.140+0000] {processor.py:183} INFO - Processing /home/airflow/.local/lib/python3.12/site-packages/airflow/example_dags/example_trigger_target_dag.py took 0.043 seconds
[2024-04-09T08:32:09.372+0000] {processor.py:161} INFO - Started process (PID=945) to work on /home/airflow/.local/lib/python3.12/site-packages/airflow/example_dags/example_trigger_target_dag.py
[2024-04-09T08:32:09.373+0000] {processor.py:830} INFO - Processing file /home/airflow/.local/lib/python3.12/site-packages/airflow/example_dags/example_trigger_target_dag.py for tasks to queue
[2024-04-09T08:32:09.374+0000] {logging_mixin.py:188} INFO - [2024-04-09T08:32:09.374+0000] {dagbag.py:540} INFO - Filling up the DagBag from /home/airflow/.local/lib/python3.12/site-packages/airflow/example_dags/example_trigger_target_dag.py
[2024-04-09T08:32:09.377+0000] {processor.py:840} INFO - DAG(s) 'example_trigger_target_dag' retrieved from /home/airflow/.local/lib/python3.12/site-packages/airflow/example_dags/example_trigger_target_dag.py
[2024-04-09T08:32:09.388+0000] {logging_mixin.py:188} INFO - [2024-04-09T08:32:09.387+0000] {dag.py:3096} INFO - Sync 1 DAGs
[2024-04-09T08:32:09.395+0000] {logging_mixin.py:188} INFO - [2024-04-09T08:32:09.395+0000] {dag.py:3954} INFO - Setting next_dagrun for example_trigger_target_dag to None, run_after=None
[2024-04-09T08:32:09.406+0000] {processor.py:183} INFO - Processing /home/airflow/.local/lib/python3.12/site-packages/airflow/example_dags/example_trigger_target_dag.py took 0.036 seconds
[2024-04-09T08:32:40.251+0000] {processor.py:161} INFO - Started process (PID=1003) to work on /home/airflow/.local/lib/python3.12/site-packages/airflow/example_dags/example_trigger_target_dag.py
[2024-04-09T08:32:40.252+0000] {processor.py:830} INFO - Processing file /home/airflow/.local/lib/python3.12/site-packages/airflow/example_dags/example_trigger_target_dag.py for tasks to queue
[2024-04-09T08:32:40.253+0000] {logging_mixin.py:188} INFO - [2024-04-09T08:32:40.253+0000] {dagbag.py:540} INFO - Filling up the DagBag from /home/airflow/.local/lib/python3.12/site-packages/airflow/example_dags/example_trigger_target_dag.py
[2024-04-09T08:32:40.256+0000] {processor.py:840} INFO - DAG(s) 'example_trigger_target_dag' retrieved from /home/airflow/.local/lib/python3.12/site-packages/airflow/example_dags/example_trigger_target_dag.py
[2024-04-09T08:32:40.268+0000] {logging_mixin.py:188} INFO - [2024-04-09T08:32:40.268+0000] {dag.py:3096} INFO - Sync 1 DAGs
[2024-04-09T08:32:40.275+0000] {logging_mixin.py:188} INFO - [2024-04-09T08:32:40.275+0000] {dag.py:3954} INFO - Setting next_dagrun for example_trigger_target_dag to None, run_after=None
[2024-04-09T08:32:40.415+0000] {processor.py:183} INFO - Processing /home/airflow/.local/lib/python3.12/site-packages/airflow/example_dags/example_trigger_target_dag.py took 0.167 seconds
[2024-04-09T08:33:11.559+0000] {processor.py:161} INFO - Started process (PID=1061) to work on /home/airflow/.local/lib/python3.12/site-packages/airflow/example_dags/example_trigger_target_dag.py
[2024-04-09T08:33:11.560+0000] {processor.py:830} INFO - Processing file /home/airflow/.local/lib/python3.12/site-packages/airflow/example_dags/example_trigger_target_dag.py for tasks to queue
[2024-04-09T08:33:11.562+0000] {logging_mixin.py:188} INFO - [2024-04-09T08:33:11.562+0000] {dagbag.py:540} INFO - Filling up the DagBag from /home/airflow/.local/lib/python3.12/site-packages/airflow/example_dags/example_trigger_target_dag.py
[2024-04-09T08:33:11.565+0000] {processor.py:840} INFO - DAG(s) 'example_trigger_target_dag' retrieved from /home/airflow/.local/lib/python3.12/site-packages/airflow/example_dags/example_trigger_target_dag.py
[2024-04-09T08:33:11.580+0000] {logging_mixin.py:188} INFO - [2024-04-09T08:33:11.580+0000] {dag.py:3096} INFO - Sync 1 DAGs
[2024-04-09T08:33:11.591+0000] {logging_mixin.py:188} INFO - [2024-04-09T08:33:11.590+0000] {dag.py:3954} INFO - Setting next_dagrun for example_trigger_target_dag to None, run_after=None
[2024-04-09T08:33:11.606+0000] {processor.py:183} INFO - Processing /home/airflow/.local/lib/python3.12/site-packages/airflow/example_dags/example_trigger_target_dag.py took 0.050 seconds
[2024-04-09T08:33:42.175+0000] {processor.py:161} INFO - Started process (PID=1119) to work on /home/airflow/.local/lib/python3.12/site-packages/airflow/example_dags/example_trigger_target_dag.py
[2024-04-09T08:33:42.176+0000] {processor.py:830} INFO - Processing file /home/airflow/.local/lib/python3.12/site-packages/airflow/example_dags/example_trigger_target_dag.py for tasks to queue
[2024-04-09T08:33:42.177+0000] {logging_mixin.py:188} INFO - [2024-04-09T08:33:42.177+0000] {dagbag.py:540} INFO - Filling up the DagBag from /home/airflow/.local/lib/python3.12/site-packages/airflow/example_dags/example_trigger_target_dag.py
[2024-04-09T08:33:42.181+0000] {processor.py:840} INFO - DAG(s) 'example_trigger_target_dag' retrieved from /home/airflow/.local/lib/python3.12/site-packages/airflow/example_dags/example_trigger_target_dag.py
[2024-04-09T08:33:42.195+0000] {logging_mixin.py:188} INFO - [2024-04-09T08:33:42.195+0000] {dag.py:3096} INFO - Sync 1 DAGs
[2024-04-09T08:33:42.205+0000] {logging_mixin.py:188} INFO - [2024-04-09T08:33:42.204+0000] {dag.py:3954} INFO - Setting next_dagrun for example_trigger_target_dag to None, run_after=None
[2024-04-09T08:33:42.218+0000] {processor.py:183} INFO - Processing /home/airflow/.local/lib/python3.12/site-packages/airflow/example_dags/example_trigger_target_dag.py took 0.046 seconds
[2024-04-09T08:34:12.575+0000] {processor.py:161} INFO - Started process (PID=1177) to work on /home/airflow/.local/lib/python3.12/site-packages/airflow/example_dags/example_trigger_target_dag.py
[2024-04-09T08:34:12.575+0000] {processor.py:830} INFO - Processing file /home/airflow/.local/lib/python3.12/site-packages/airflow/example_dags/example_trigger_target_dag.py for tasks to queue
[2024-04-09T08:34:12.576+0000] {logging_mixin.py:188} INFO - [2024-04-09T08:34:12.576+0000] {dagbag.py:540} INFO - Filling up the DagBag from /home/airflow/.local/lib/python3.12/site-packages/airflow/example_dags/example_trigger_target_dag.py
[2024-04-09T08:34:12.579+0000] {processor.py:840} INFO - DAG(s) 'example_trigger_target_dag' retrieved from /home/airflow/.local/lib/python3.12/site-packages/airflow/example_dags/example_trigger_target_dag.py
[2024-04-09T08:34:12.590+0000] {logging_mixin.py:188} INFO - [2024-04-09T08:34:12.590+0000] {dag.py:3096} INFO - Sync 1 DAGs
[2024-04-09T08:34:12.597+0000] {logging_mixin.py:188} INFO - [2024-04-09T08:34:12.597+0000] {dag.py:3954} INFO - Setting next_dagrun for example_trigger_target_dag to None, run_after=None
[2024-04-09T08:34:12.609+0000] {processor.py:183} INFO - Processing /home/airflow/.local/lib/python3.12/site-packages/airflow/example_dags/example_trigger_target_dag.py took 0.038 seconds
[2024-04-09T08:34:43.593+0000] {processor.py:161} INFO - Started process (PID=1235) to work on /home/airflow/.local/lib/python3.12/site-packages/airflow/example_dags/example_trigger_target_dag.py
[2024-04-09T08:34:43.593+0000] {processor.py:830} INFO - Processing file /home/airflow/.local/lib/python3.12/site-packages/airflow/example_dags/example_trigger_target_dag.py for tasks to queue
[2024-04-09T08:34:43.594+0000] {logging_mixin.py:188} INFO - [2024-04-09T08:34:43.594+0000] {dagbag.py:540} INFO - Filling up the DagBag from /home/airflow/.local/lib/python3.12/site-packages/airflow/example_dags/example_trigger_target_dag.py
[2024-04-09T08:34:43.598+0000] {processor.py:840} INFO - DAG(s) 'example_trigger_target_dag' retrieved from /home/airflow/.local/lib/python3.12/site-packages/airflow/example_dags/example_trigger_target_dag.py
[2024-04-09T08:34:43.609+0000] {logging_mixin.py:188} INFO - [2024-04-09T08:34:43.608+0000] {dag.py:3096} INFO - Sync 1 DAGs
[2024-04-09T08:34:43.616+0000] {logging_mixin.py:188} INFO - [2024-04-09T08:34:43.616+0000] {dag.py:3954} INFO - Setting next_dagrun for example_trigger_target_dag to None, run_after=None
[2024-04-09T08:34:43.628+0000] {processor.py:183} INFO - Processing /home/airflow/.local/lib/python3.12/site-packages/airflow/example_dags/example_trigger_target_dag.py took 0.038 seconds
[2024-04-09T08:35:13.812+0000] {processor.py:161} INFO - Started process (PID=1293) to work on /home/airflow/.local/lib/python3.12/site-packages/airflow/example_dags/example_trigger_target_dag.py
[2024-04-09T08:35:13.813+0000] {processor.py:830} INFO - Processing file /home/airflow/.local/lib/python3.12/site-packages/airflow/example_dags/example_trigger_target_dag.py for tasks to queue
[2024-04-09T08:35:13.814+0000] {logging_mixin.py:188} INFO - [2024-04-09T08:35:13.814+0000] {dagbag.py:540} INFO - Filling up the DagBag from /home/airflow/.local/lib/python3.12/site-packages/airflow/example_dags/example_trigger_target_dag.py
[2024-04-09T08:35:13.817+0000] {processor.py:840} INFO - DAG(s) 'example_trigger_target_dag' retrieved from /home/airflow/.local/lib/python3.12/site-packages/airflow/example_dags/example_trigger_target_dag.py
[2024-04-09T08:35:13.829+0000] {logging_mixin.py:188} INFO - [2024-04-09T08:35:13.829+0000] {dag.py:3096} INFO - Sync 1 DAGs
[2024-04-09T08:35:13.837+0000] {logging_mixin.py:188} INFO - [2024-04-09T08:35:13.836+0000] {dag.py:3954} INFO - Setting next_dagrun for example_trigger_target_dag to None, run_after=None
[2024-04-09T08:35:13.850+0000] {processor.py:183} INFO - Processing /home/airflow/.local/lib/python3.12/site-packages/airflow/example_dags/example_trigger_target_dag.py took 0.041 seconds
[2024-04-09T08:35:44.750+0000] {processor.py:161} INFO - Started process (PID=1351) to work on /home/airflow/.local/lib/python3.12/site-packages/airflow/example_dags/example_trigger_target_dag.py
[2024-04-09T08:35:44.750+0000] {processor.py:830} INFO - Processing file /home/airflow/.local/lib/python3.12/site-packages/airflow/example_dags/example_trigger_target_dag.py for tasks to queue
[2024-04-09T08:35:44.751+0000] {logging_mixin.py:188} INFO - [2024-04-09T08:35:44.751+0000] {dagbag.py:540} INFO - Filling up the DagBag from /home/airflow/.local/lib/python3.12/site-packages/airflow/example_dags/example_trigger_target_dag.py
[2024-04-09T08:35:44.754+0000] {processor.py:840} INFO - DAG(s) 'example_trigger_target_dag' retrieved from /home/airflow/.local/lib/python3.12/site-packages/airflow/example_dags/example_trigger_target_dag.py
[2024-04-09T08:35:44.767+0000] {logging_mixin.py:188} INFO - [2024-04-09T08:35:44.767+0000] {dag.py:3096} INFO - Sync 1 DAGs
[2024-04-09T08:35:44.775+0000] {logging_mixin.py:188} INFO - [2024-04-09T08:35:44.775+0000] {dag.py:3954} INFO - Setting next_dagrun for example_trigger_target_dag to None, run_after=None
[2024-04-09T08:35:44.787+0000] {processor.py:183} INFO - Processing /home/airflow/.local/lib/python3.12/site-packages/airflow/example_dags/example_trigger_target_dag.py took 0.040 seconds
[2024-04-09T08:36:15.514+0000] {processor.py:161} INFO - Started process (PID=1409) to work on /home/airflow/.local/lib/python3.12/site-packages/airflow/example_dags/example_trigger_target_dag.py
[2024-04-09T08:36:15.514+0000] {processor.py:830} INFO - Processing file /home/airflow/.local/lib/python3.12/site-packages/airflow/example_dags/example_trigger_target_dag.py for tasks to queue
[2024-04-09T08:36:15.515+0000] {logging_mixin.py:188} INFO - [2024-04-09T08:36:15.515+0000] {dagbag.py:540} INFO - Filling up the DagBag from /home/airflow/.local/lib/python3.12/site-packages/airflow/example_dags/example_trigger_target_dag.py
[2024-04-09T08:36:15.518+0000] {processor.py:840} INFO - DAG(s) 'example_trigger_target_dag' retrieved from /home/airflow/.local/lib/python3.12/site-packages/airflow/example_dags/example_trigger_target_dag.py
[2024-04-09T08:36:15.528+0000] {logging_mixin.py:188} INFO - [2024-04-09T08:36:15.528+0000] {dag.py:3096} INFO - Sync 1 DAGs
[2024-04-09T08:36:15.535+0000] {logging_mixin.py:188} INFO - [2024-04-09T08:36:15.535+0000] {dag.py:3954} INFO - Setting next_dagrun for example_trigger_target_dag to None, run_after=None
[2024-04-09T08:36:15.546+0000] {processor.py:183} INFO - Processing /home/airflow/.local/lib/python3.12/site-packages/airflow/example_dags/example_trigger_target_dag.py took 0.036 seconds
[2024-04-09T08:36:46.062+0000] {processor.py:161} INFO - Started process (PID=1467) to work on /home/airflow/.local/lib/python3.12/site-packages/airflow/example_dags/example_trigger_target_dag.py
[2024-04-09T08:36:46.063+0000] {processor.py:830} INFO - Processing file /home/airflow/.local/lib/python3.12/site-packages/airflow/example_dags/example_trigger_target_dag.py for tasks to queue
[2024-04-09T08:36:46.064+0000] {logging_mixin.py:188} INFO - [2024-04-09T08:36:46.064+0000] {dagbag.py:540} INFO - Filling up the DagBag from /home/airflow/.local/lib/python3.12/site-packages/airflow/example_dags/example_trigger_target_dag.py
[2024-04-09T08:36:46.067+0000] {processor.py:840} INFO - DAG(s) 'example_trigger_target_dag' retrieved from /home/airflow/.local/lib/python3.12/site-packages/airflow/example_dags/example_trigger_target_dag.py
[2024-04-09T08:36:46.078+0000] {logging_mixin.py:188} INFO - [2024-04-09T08:36:46.078+0000] {dag.py:3096} INFO - Sync 1 DAGs
[2024-04-09T08:36:46.086+0000] {logging_mixin.py:188} INFO - [2024-04-09T08:36:46.086+0000] {dag.py:3954} INFO - Setting next_dagrun for example_trigger_target_dag to None, run_after=None
[2024-04-09T08:36:46.097+0000] {processor.py:183} INFO - Processing /home/airflow/.local/lib/python3.12/site-packages/airflow/example_dags/example_trigger_target_dag.py took 0.038 seconds
[2024-04-09T08:37:16.688+0000] {processor.py:161} INFO - Started process (PID=1525) to work on /home/airflow/.local/lib/python3.12/site-packages/airflow/example_dags/example_trigger_target_dag.py
[2024-04-09T08:37:16.689+0000] {processor.py:830} INFO - Processing file /home/airflow/.local/lib/python3.12/site-packages/airflow/example_dags/example_trigger_target_dag.py for tasks to queue
[2024-04-09T08:37:16.689+0000] {logging_mixin.py:188} INFO - [2024-04-09T08:37:16.689+0000] {dagbag.py:540} INFO - Filling up the DagBag from /home/airflow/.local/lib/python3.12/site-packages/airflow/example_dags/example_trigger_target_dag.py
[2024-04-09T08:37:16.692+0000] {processor.py:840} INFO - DAG(s) 'example_trigger_target_dag' retrieved from /home/airflow/.local/lib/python3.12/site-packages/airflow/example_dags/example_trigger_target_dag.py
[2024-04-09T08:37:16.702+0000] {logging_mixin.py:188} INFO - [2024-04-09T08:37:16.702+0000] {dag.py:3096} INFO - Sync 1 DAGs
[2024-04-09T08:37:16.709+0000] {logging_mixin.py:188} INFO - [2024-04-09T08:37:16.708+0000] {dag.py:3954} INFO - Setting next_dagrun for example_trigger_target_dag to None, run_after=None
[2024-04-09T08:37:16.721+0000] {processor.py:183} INFO - Processing /home/airflow/.local/lib/python3.12/site-packages/airflow/example_dags/example_trigger_target_dag.py took 0.035 seconds
[2024-04-09T08:37:47.239+0000] {processor.py:161} INFO - Started process (PID=1583) to work on /home/airflow/.local/lib/python3.12/site-packages/airflow/example_dags/example_trigger_target_dag.py
[2024-04-09T08:37:47.239+0000] {processor.py:830} INFO - Processing file /home/airflow/.local/lib/python3.12/site-packages/airflow/example_dags/example_trigger_target_dag.py for tasks to queue
[2024-04-09T08:37:47.240+0000] {logging_mixin.py:188} INFO - [2024-04-09T08:37:47.240+0000] {dagbag.py:540} INFO - Filling up the DagBag from /home/airflow/.local/lib/python3.12/site-packages/airflow/example_dags/example_trigger_target_dag.py
[2024-04-09T08:37:47.243+0000] {processor.py:840} INFO - DAG(s) 'example_trigger_target_dag' retrieved from /home/airflow/.local/lib/python3.12/site-packages/airflow/example_dags/example_trigger_target_dag.py
[2024-04-09T08:37:47.254+0000] {logging_mixin.py:188} INFO - [2024-04-09T08:37:47.254+0000] {dag.py:3096} INFO - Sync 1 DAGs
[2024-04-09T08:37:47.261+0000] {logging_mixin.py:188} INFO - [2024-04-09T08:37:47.261+0000] {dag.py:3954} INFO - Setting next_dagrun for example_trigger_target_dag to None, run_after=None
[2024-04-09T08:37:47.273+0000] {processor.py:183} INFO - Processing /home/airflow/.local/lib/python3.12/site-packages/airflow/example_dags/example_trigger_target_dag.py took 0.037 seconds
[2024-04-09T08:38:17.961+0000] {processor.py:161} INFO - Started process (PID=1647) to work on /home/airflow/.local/lib/python3.12/site-packages/airflow/example_dags/example_trigger_target_dag.py
[2024-04-09T08:38:17.962+0000] {processor.py:830} INFO - Processing file /home/airflow/.local/lib/python3.12/site-packages/airflow/example_dags/example_trigger_target_dag.py for tasks to queue
[2024-04-09T08:38:17.963+0000] {logging_mixin.py:188} INFO - [2024-04-09T08:38:17.963+0000] {dagbag.py:540} INFO - Filling up the DagBag from /home/airflow/.local/lib/python3.12/site-packages/airflow/example_dags/example_trigger_target_dag.py
[2024-04-09T08:38:17.966+0000] {processor.py:840} INFO - DAG(s) 'example_trigger_target_dag' retrieved from /home/airflow/.local/lib/python3.12/site-packages/airflow/example_dags/example_trigger_target_dag.py
[2024-04-09T08:38:17.977+0000] {logging_mixin.py:188} INFO - [2024-04-09T08:38:17.976+0000] {dag.py:3096} INFO - Sync 1 DAGs
[2024-04-09T08:38:17.984+0000] {logging_mixin.py:188} INFO - [2024-04-09T08:38:17.984+0000] {dag.py:3954} INFO - Setting next_dagrun for example_trigger_target_dag to None, run_after=None
[2024-04-09T08:38:17.996+0000] {processor.py:183} INFO - Processing /home/airflow/.local/lib/python3.12/site-packages/airflow/example_dags/example_trigger_target_dag.py took 0.037 seconds
[2024-04-09T08:38:48.561+0000] {processor.py:161} INFO - Started process (PID=1705) to work on /home/airflow/.local/lib/python3.12/site-packages/airflow/example_dags/example_trigger_target_dag.py
[2024-04-09T08:38:48.561+0000] {processor.py:830} INFO - Processing file /home/airflow/.local/lib/python3.12/site-packages/airflow/example_dags/example_trigger_target_dag.py for tasks to queue
[2024-04-09T08:38:48.562+0000] {logging_mixin.py:188} INFO - [2024-04-09T08:38:48.562+0000] {dagbag.py:540} INFO - Filling up the DagBag from /home/airflow/.local/lib/python3.12/site-packages/airflow/example_dags/example_trigger_target_dag.py
[2024-04-09T08:38:48.565+0000] {processor.py:840} INFO - DAG(s) 'example_trigger_target_dag' retrieved from /home/airflow/.local/lib/python3.12/site-packages/airflow/example_dags/example_trigger_target_dag.py
[2024-04-09T08:38:48.575+0000] {logging_mixin.py:188} INFO - [2024-04-09T08:38:48.575+0000] {dag.py:3096} INFO - Sync 1 DAGs
[2024-04-09T08:38:48.582+0000] {logging_mixin.py:188} INFO - [2024-04-09T08:38:48.582+0000] {dag.py:3954} INFO - Setting next_dagrun for example_trigger_target_dag to None, run_after=None
[2024-04-09T08:38:48.592+0000] {processor.py:183} INFO - Processing /home/airflow/.local/lib/python3.12/site-packages/airflow/example_dags/example_trigger_target_dag.py took 0.034 seconds
[2024-04-09T08:39:19.230+0000] {processor.py:161} INFO - Started process (PID=1763) to work on /home/airflow/.local/lib/python3.12/site-packages/airflow/example_dags/example_trigger_target_dag.py
[2024-04-09T08:39:19.231+0000] {processor.py:830} INFO - Processing file /home/airflow/.local/lib/python3.12/site-packages/airflow/example_dags/example_trigger_target_dag.py for tasks to queue
[2024-04-09T08:39:19.232+0000] {logging_mixin.py:188} INFO - [2024-04-09T08:39:19.232+0000] {dagbag.py:540} INFO - Filling up the DagBag from /home/airflow/.local/lib/python3.12/site-packages/airflow/example_dags/example_trigger_target_dag.py
[2024-04-09T08:39:19.235+0000] {processor.py:840} INFO - DAG(s) 'example_trigger_target_dag' retrieved from /home/airflow/.local/lib/python3.12/site-packages/airflow/example_dags/example_trigger_target_dag.py
[2024-04-09T08:39:19.246+0000] {logging_mixin.py:188} INFO - [2024-04-09T08:39:19.246+0000] {dag.py:3096} INFO - Sync 1 DAGs
[2024-04-09T08:39:19.253+0000] {logging_mixin.py:188} INFO - [2024-04-09T08:39:19.253+0000] {dag.py:3954} INFO - Setting next_dagrun for example_trigger_target_dag to None, run_after=None
[2024-04-09T08:39:19.264+0000] {processor.py:183} INFO - Processing /home/airflow/.local/lib/python3.12/site-packages/airflow/example_dags/example_trigger_target_dag.py took 0.037 seconds
[2024-04-09T08:39:49.988+0000] {processor.py:161} INFO - Started process (PID=1821) to work on /home/airflow/.local/lib/python3.12/site-packages/airflow/example_dags/example_trigger_target_dag.py
[2024-04-09T08:39:49.988+0000] {processor.py:830} INFO - Processing file /home/airflow/.local/lib/python3.12/site-packages/airflow/example_dags/example_trigger_target_dag.py for tasks to queue
[2024-04-09T08:39:49.989+0000] {logging_mixin.py:188} INFO - [2024-04-09T08:39:49.989+0000] {dagbag.py:540} INFO - Filling up the DagBag from /home/airflow/.local/lib/python3.12/site-packages/airflow/example_dags/example_trigger_target_dag.py
[2024-04-09T08:39:49.992+0000] {processor.py:840} INFO - DAG(s) 'example_trigger_target_dag' retrieved from /home/airflow/.local/lib/python3.12/site-packages/airflow/example_dags/example_trigger_target_dag.py
[2024-04-09T08:39:50.003+0000] {logging_mixin.py:188} INFO - [2024-04-09T08:39:50.003+0000] {dag.py:3096} INFO - Sync 1 DAGs
[2024-04-09T08:39:50.010+0000] {logging_mixin.py:188} INFO - [2024-04-09T08:39:50.010+0000] {dag.py:3954} INFO - Setting next_dagrun for example_trigger_target_dag to None, run_after=None
[2024-04-09T08:39:50.022+0000] {processor.py:183} INFO - Processing /home/airflow/.local/lib/python3.12/site-packages/airflow/example_dags/example_trigger_target_dag.py took 0.037 seconds
[2024-04-09T08:40:20.662+0000] {processor.py:161} INFO - Started process (PID=1879) to work on /home/airflow/.local/lib/python3.12/site-packages/airflow/example_dags/example_trigger_target_dag.py
[2024-04-09T08:40:20.662+0000] {processor.py:830} INFO - Processing file /home/airflow/.local/lib/python3.12/site-packages/airflow/example_dags/example_trigger_target_dag.py for tasks to queue
[2024-04-09T08:40:20.663+0000] {logging_mixin.py:188} INFO - [2024-04-09T08:40:20.663+0000] {dagbag.py:540} INFO - Filling up the DagBag from /home/airflow/.local/lib/python3.12/site-packages/airflow/example_dags/example_trigger_target_dag.py
[2024-04-09T08:40:20.666+0000] {processor.py:840} INFO - DAG(s) 'example_trigger_target_dag' retrieved from /home/airflow/.local/lib/python3.12/site-packages/airflow/example_dags/example_trigger_target_dag.py
[2024-04-09T08:40:20.677+0000] {logging_mixin.py:188} INFO - [2024-04-09T08:40:20.676+0000] {dag.py:3096} INFO - Sync 1 DAGs
[2024-04-09T08:40:20.684+0000] {logging_mixin.py:188} INFO - [2024-04-09T08:40:20.684+0000] {dag.py:3954} INFO - Setting next_dagrun for example_trigger_target_dag to None, run_after=None
[2024-04-09T08:40:20.696+0000] {processor.py:183} INFO - Processing /home/airflow/.local/lib/python3.12/site-packages/airflow/example_dags/example_trigger_target_dag.py took 0.037 seconds
[2024-04-09T08:40:51.287+0000] {processor.py:161} INFO - Started process (PID=1937) to work on /home/airflow/.local/lib/python3.12/site-packages/airflow/example_dags/example_trigger_target_dag.py
[2024-04-09T08:40:51.288+0000] {processor.py:830} INFO - Processing file /home/airflow/.local/lib/python3.12/site-packages/airflow/example_dags/example_trigger_target_dag.py for tasks to queue
[2024-04-09T08:40:51.289+0000] {logging_mixin.py:188} INFO - [2024-04-09T08:40:51.289+0000] {dagbag.py:540} INFO - Filling up the DagBag from /home/airflow/.local/lib/python3.12/site-packages/airflow/example_dags/example_trigger_target_dag.py
[2024-04-09T08:40:51.292+0000] {processor.py:840} INFO - DAG(s) 'example_trigger_target_dag' retrieved from /home/airflow/.local/lib/python3.12/site-packages/airflow/example_dags/example_trigger_target_dag.py
[2024-04-09T08:40:51.303+0000] {logging_mixin.py:188} INFO - [2024-04-09T08:40:51.302+0000] {dag.py:3096} INFO - Sync 1 DAGs
[2024-04-09T08:40:51.310+0000] {logging_mixin.py:188} INFO - [2024-04-09T08:40:51.310+0000] {dag.py:3954} INFO - Setting next_dagrun for example_trigger_target_dag to None, run_after=None
[2024-04-09T08:40:51.320+0000] {processor.py:183} INFO - Processing /home/airflow/.local/lib/python3.12/site-packages/airflow/example_dags/example_trigger_target_dag.py took 0.035 seconds
[2024-04-09T08:41:22.061+0000] {processor.py:161} INFO - Started process (PID=1995) to work on /home/airflow/.local/lib/python3.12/site-packages/airflow/example_dags/example_trigger_target_dag.py
[2024-04-09T08:41:22.061+0000] {processor.py:830} INFO - Processing file /home/airflow/.local/lib/python3.12/site-packages/airflow/example_dags/example_trigger_target_dag.py for tasks to queue
[2024-04-09T08:41:22.062+0000] {logging_mixin.py:188} INFO - [2024-04-09T08:41:22.062+0000] {dagbag.py:540} INFO - Filling up the DagBag from /home/airflow/.local/lib/python3.12/site-packages/airflow/example_dags/example_trigger_target_dag.py
[2024-04-09T08:41:22.066+0000] {processor.py:840} INFO - DAG(s) 'example_trigger_target_dag' retrieved from /home/airflow/.local/lib/python3.12/site-packages/airflow/example_dags/example_trigger_target_dag.py
[2024-04-09T08:41:22.076+0000] {logging_mixin.py:188} INFO - [2024-04-09T08:41:22.076+0000] {dag.py:3096} INFO - Sync 1 DAGs
[2024-04-09T08:41:22.084+0000] {logging_mixin.py:188} INFO - [2024-04-09T08:41:22.084+0000] {dag.py:3954} INFO - Setting next_dagrun for example_trigger_target_dag to None, run_after=None
[2024-04-09T08:41:22.094+0000] {processor.py:183} INFO - Processing /home/airflow/.local/lib/python3.12/site-packages/airflow/example_dags/example_trigger_target_dag.py took 0.037 seconds
[2024-04-09T08:41:52.669+0000] {processor.py:161} INFO - Started process (PID=2053) to work on /home/airflow/.local/lib/python3.12/site-packages/airflow/example_dags/example_trigger_target_dag.py
[2024-04-09T08:41:52.670+0000] {processor.py:830} INFO - Processing file /home/airflow/.local/lib/python3.12/site-packages/airflow/example_dags/example_trigger_target_dag.py for tasks to queue
[2024-04-09T08:41:52.670+0000] {logging_mixin.py:188} INFO - [2024-04-09T08:41:52.670+0000] {dagbag.py:540} INFO - Filling up the DagBag from /home/airflow/.local/lib/python3.12/site-packages/airflow/example_dags/example_trigger_target_dag.py
[2024-04-09T08:41:52.674+0000] {processor.py:840} INFO - DAG(s) 'example_trigger_target_dag' retrieved from /home/airflow/.local/lib/python3.12/site-packages/airflow/example_dags/example_trigger_target_dag.py
[2024-04-09T08:41:52.684+0000] {logging_mixin.py:188} INFO - [2024-04-09T08:41:52.684+0000] {dag.py:3096} INFO - Sync 1 DAGs
[2024-04-09T08:41:52.691+0000] {logging_mixin.py:188} INFO - [2024-04-09T08:41:52.691+0000] {dag.py:3954} INFO - Setting next_dagrun for example_trigger_target_dag to None, run_after=None
[2024-04-09T08:41:52.703+0000] {processor.py:183} INFO - Processing /home/airflow/.local/lib/python3.12/site-packages/airflow/example_dags/example_trigger_target_dag.py took 0.037 seconds
[2024-04-09T08:42:23.316+0000] {processor.py:161} INFO - Started process (PID=2111) to work on /home/airflow/.local/lib/python3.12/site-packages/airflow/example_dags/example_trigger_target_dag.py
[2024-04-09T08:42:23.317+0000] {processor.py:830} INFO - Processing file /home/airflow/.local/lib/python3.12/site-packages/airflow/example_dags/example_trigger_target_dag.py for tasks to queue
[2024-04-09T08:42:23.318+0000] {logging_mixin.py:188} INFO - [2024-04-09T08:42:23.318+0000] {dagbag.py:540} INFO - Filling up the DagBag from /home/airflow/.local/lib/python3.12/site-packages/airflow/example_dags/example_trigger_target_dag.py
[2024-04-09T08:42:23.321+0000] {processor.py:840} INFO - DAG(s) 'example_trigger_target_dag' retrieved from /home/airflow/.local/lib/python3.12/site-packages/airflow/example_dags/example_trigger_target_dag.py
[2024-04-09T08:42:23.331+0000] {logging_mixin.py:188} INFO - [2024-04-09T08:42:23.331+0000] {dag.py:3096} INFO - Sync 1 DAGs
[2024-04-09T08:42:23.338+0000] {logging_mixin.py:188} INFO - [2024-04-09T08:42:23.338+0000] {dag.py:3954} INFO - Setting next_dagrun for example_trigger_target_dag to None, run_after=None
[2024-04-09T08:42:23.350+0000] {processor.py:183} INFO - Processing /home/airflow/.local/lib/python3.12/site-packages/airflow/example_dags/example_trigger_target_dag.py took 0.036 seconds
[2024-04-09T08:42:54.033+0000] {processor.py:161} INFO - Started process (PID=2169) to work on /home/airflow/.local/lib/python3.12/site-packages/airflow/example_dags/example_trigger_target_dag.py
[2024-04-09T08:42:54.033+0000] {processor.py:830} INFO - Processing file /home/airflow/.local/lib/python3.12/site-packages/airflow/example_dags/example_trigger_target_dag.py for tasks to queue
[2024-04-09T08:42:54.034+0000] {logging_mixin.py:188} INFO - [2024-04-09T08:42:54.034+0000] {dagbag.py:540} INFO - Filling up the DagBag from /home/airflow/.local/lib/python3.12/site-packages/airflow/example_dags/example_trigger_target_dag.py
[2024-04-09T08:42:54.037+0000] {processor.py:840} INFO - DAG(s) 'example_trigger_target_dag' retrieved from /home/airflow/.local/lib/python3.12/site-packages/airflow/example_dags/example_trigger_target_dag.py
[2024-04-09T08:42:54.048+0000] {logging_mixin.py:188} INFO - [2024-04-09T08:42:54.048+0000] {dag.py:3096} INFO - Sync 1 DAGs
[2024-04-09T08:42:54.055+0000] {logging_mixin.py:188} INFO - [2024-04-09T08:42:54.055+0000] {dag.py:3954} INFO - Setting next_dagrun for example_trigger_target_dag to None, run_after=None
[2024-04-09T08:42:54.069+0000] {processor.py:183} INFO - Processing /home/airflow/.local/lib/python3.12/site-packages/airflow/example_dags/example_trigger_target_dag.py took 0.039 seconds
[2024-04-09T08:43:24.696+0000] {processor.py:161} INFO - Started process (PID=2227) to work on /home/airflow/.local/lib/python3.12/site-packages/airflow/example_dags/example_trigger_target_dag.py
[2024-04-09T08:43:24.697+0000] {processor.py:830} INFO - Processing file /home/airflow/.local/lib/python3.12/site-packages/airflow/example_dags/example_trigger_target_dag.py for tasks to queue
[2024-04-09T08:43:24.698+0000] {logging_mixin.py:188} INFO - [2024-04-09T08:43:24.698+0000] {dagbag.py:540} INFO - Filling up the DagBag from /home/airflow/.local/lib/python3.12/site-packages/airflow/example_dags/example_trigger_target_dag.py
[2024-04-09T08:43:24.701+0000] {processor.py:840} INFO - DAG(s) 'example_trigger_target_dag' retrieved from /home/airflow/.local/lib/python3.12/site-packages/airflow/example_dags/example_trigger_target_dag.py
[2024-04-09T08:43:24.712+0000] {logging_mixin.py:188} INFO - [2024-04-09T08:43:24.712+0000] {dag.py:3096} INFO - Sync 1 DAGs
[2024-04-09T08:43:24.719+0000] {logging_mixin.py:188} INFO - [2024-04-09T08:43:24.719+0000] {dag.py:3954} INFO - Setting next_dagrun for example_trigger_target_dag to None, run_after=None
[2024-04-09T08:43:24.731+0000] {processor.py:183} INFO - Processing /home/airflow/.local/lib/python3.12/site-packages/airflow/example_dags/example_trigger_target_dag.py took 0.038 seconds
[2024-04-09T08:43:55.374+0000] {processor.py:161} INFO - Started process (PID=2285) to work on /home/airflow/.local/lib/python3.12/site-packages/airflow/example_dags/example_trigger_target_dag.py
[2024-04-09T08:43:55.375+0000] {processor.py:830} INFO - Processing file /home/airflow/.local/lib/python3.12/site-packages/airflow/example_dags/example_trigger_target_dag.py for tasks to queue
[2024-04-09T08:43:55.376+0000] {logging_mixin.py:188} INFO - [2024-04-09T08:43:55.376+0000] {dagbag.py:540} INFO - Filling up the DagBag from /home/airflow/.local/lib/python3.12/site-packages/airflow/example_dags/example_trigger_target_dag.py
[2024-04-09T08:43:55.379+0000] {processor.py:840} INFO - DAG(s) 'example_trigger_target_dag' retrieved from /home/airflow/.local/lib/python3.12/site-packages/airflow/example_dags/example_trigger_target_dag.py
[2024-04-09T08:43:55.390+0000] {logging_mixin.py:188} INFO - [2024-04-09T08:43:55.390+0000] {dag.py:3096} INFO - Sync 1 DAGs
[2024-04-09T08:43:55.397+0000] {logging_mixin.py:188} INFO - [2024-04-09T08:43:55.397+0000] {dag.py:3954} INFO - Setting next_dagrun for example_trigger_target_dag to None, run_after=None
[2024-04-09T08:43:55.408+0000] {processor.py:183} INFO - Processing /home/airflow/.local/lib/python3.12/site-packages/airflow/example_dags/example_trigger_target_dag.py took 0.037 seconds
[2024-04-09T08:44:26.102+0000] {processor.py:161} INFO - Started process (PID=2343) to work on /home/airflow/.local/lib/python3.12/site-packages/airflow/example_dags/example_trigger_target_dag.py
[2024-04-09T08:44:26.102+0000] {processor.py:830} INFO - Processing file /home/airflow/.local/lib/python3.12/site-packages/airflow/example_dags/example_trigger_target_dag.py for tasks to queue
[2024-04-09T08:44:26.103+0000] {logging_mixin.py:188} INFO - [2024-04-09T08:44:26.103+0000] {dagbag.py:540} INFO - Filling up the DagBag from /home/airflow/.local/lib/python3.12/site-packages/airflow/example_dags/example_trigger_target_dag.py
[2024-04-09T08:44:26.106+0000] {processor.py:840} INFO - DAG(s) 'example_trigger_target_dag' retrieved from /home/airflow/.local/lib/python3.12/site-packages/airflow/example_dags/example_trigger_target_dag.py
[2024-04-09T08:44:26.117+0000] {logging_mixin.py:188} INFO - [2024-04-09T08:44:26.116+0000] {dag.py:3096} INFO - Sync 1 DAGs
[2024-04-09T08:44:26.124+0000] {logging_mixin.py:188} INFO - [2024-04-09T08:44:26.123+0000] {dag.py:3954} INFO - Setting next_dagrun for example_trigger_target_dag to None, run_after=None
[2024-04-09T08:44:26.135+0000] {processor.py:183} INFO - Processing /home/airflow/.local/lib/python3.12/site-packages/airflow/example_dags/example_trigger_target_dag.py took 0.036 seconds
[2024-04-09T08:44:56.959+0000] {processor.py:161} INFO - Started process (PID=2401) to work on /home/airflow/.local/lib/python3.12/site-packages/airflow/example_dags/example_trigger_target_dag.py
[2024-04-09T08:44:56.960+0000] {processor.py:830} INFO - Processing file /home/airflow/.local/lib/python3.12/site-packages/airflow/example_dags/example_trigger_target_dag.py for tasks to queue
[2024-04-09T08:44:56.961+0000] {logging_mixin.py:188} INFO - [2024-04-09T08:44:56.961+0000] {dagbag.py:540} INFO - Filling up the DagBag from /home/airflow/.local/lib/python3.12/site-packages/airflow/example_dags/example_trigger_target_dag.py
[2024-04-09T08:44:56.965+0000] {processor.py:840} INFO - DAG(s) 'example_trigger_target_dag' retrieved from /home/airflow/.local/lib/python3.12/site-packages/airflow/example_dags/example_trigger_target_dag.py
[2024-04-09T08:44:56.976+0000] {logging_mixin.py:188} INFO - [2024-04-09T08:44:56.976+0000] {dag.py:3096} INFO - Sync 1 DAGs
[2024-04-09T08:44:56.984+0000] {logging_mixin.py:188} INFO - [2024-04-09T08:44:56.984+0000] {dag.py:3954} INFO - Setting next_dagrun for example_trigger_target_dag to None, run_after=None
[2024-04-09T08:44:56.999+0000] {processor.py:183} INFO - Processing /home/airflow/.local/lib/python3.12/site-packages/airflow/example_dags/example_trigger_target_dag.py took 0.044 seconds
[2024-04-09T08:45:27.606+0000] {processor.py:161} INFO - Started process (PID=2459) to work on /home/airflow/.local/lib/python3.12/site-packages/airflow/example_dags/example_trigger_target_dag.py
[2024-04-09T08:45:27.607+0000] {processor.py:830} INFO - Processing file /home/airflow/.local/lib/python3.12/site-packages/airflow/example_dags/example_trigger_target_dag.py for tasks to queue
[2024-04-09T08:45:27.608+0000] {logging_mixin.py:188} INFO - [2024-04-09T08:45:27.608+0000] {dagbag.py:540} INFO - Filling up the DagBag from /home/airflow/.local/lib/python3.12/site-packages/airflow/example_dags/example_trigger_target_dag.py
[2024-04-09T08:45:27.611+0000] {processor.py:840} INFO - DAG(s) 'example_trigger_target_dag' retrieved from /home/airflow/.local/lib/python3.12/site-packages/airflow/example_dags/example_trigger_target_dag.py
[2024-04-09T08:45:27.621+0000] {logging_mixin.py:188} INFO - [2024-04-09T08:45:27.621+0000] {dag.py:3096} INFO - Sync 1 DAGs
[2024-04-09T08:45:27.629+0000] {logging_mixin.py:188} INFO - [2024-04-09T08:45:27.629+0000] {dag.py:3954} INFO - Setting next_dagrun for example_trigger_target_dag to None, run_after=None
[2024-04-09T08:45:27.641+0000] {processor.py:183} INFO - Processing /home/airflow/.local/lib/python3.12/site-packages/airflow/example_dags/example_trigger_target_dag.py took 0.038 seconds
[2024-04-09T08:45:58.304+0000] {processor.py:161} INFO - Started process (PID=2517) to work on /home/airflow/.local/lib/python3.12/site-packages/airflow/example_dags/example_trigger_target_dag.py
[2024-04-09T08:45:58.305+0000] {processor.py:830} INFO - Processing file /home/airflow/.local/lib/python3.12/site-packages/airflow/example_dags/example_trigger_target_dag.py for tasks to queue
[2024-04-09T08:45:58.306+0000] {logging_mixin.py:188} INFO - [2024-04-09T08:45:58.306+0000] {dagbag.py:540} INFO - Filling up the DagBag from /home/airflow/.local/lib/python3.12/site-packages/airflow/example_dags/example_trigger_target_dag.py
[2024-04-09T08:45:58.309+0000] {processor.py:840} INFO - DAG(s) 'example_trigger_target_dag' retrieved from /home/airflow/.local/lib/python3.12/site-packages/airflow/example_dags/example_trigger_target_dag.py
[2024-04-09T08:45:58.320+0000] {logging_mixin.py:188} INFO - [2024-04-09T08:45:58.320+0000] {dag.py:3096} INFO - Sync 1 DAGs
[2024-04-09T08:45:58.327+0000] {logging_mixin.py:188} INFO - [2024-04-09T08:45:58.327+0000] {dag.py:3954} INFO - Setting next_dagrun for example_trigger_target_dag to None, run_after=None
[2024-04-09T08:45:58.340+0000] {processor.py:183} INFO - Processing /home/airflow/.local/lib/python3.12/site-packages/airflow/example_dags/example_trigger_target_dag.py took 0.039 seconds
[2024-04-09T08:46:28.977+0000] {processor.py:161} INFO - Started process (PID=2575) to work on /home/airflow/.local/lib/python3.12/site-packages/airflow/example_dags/example_trigger_target_dag.py
[2024-04-09T08:46:28.977+0000] {processor.py:830} INFO - Processing file /home/airflow/.local/lib/python3.12/site-packages/airflow/example_dags/example_trigger_target_dag.py for tasks to queue
[2024-04-09T08:46:28.978+0000] {logging_mixin.py:188} INFO - [2024-04-09T08:46:28.978+0000] {dagbag.py:540} INFO - Filling up the DagBag from /home/airflow/.local/lib/python3.12/site-packages/airflow/example_dags/example_trigger_target_dag.py
[2024-04-09T08:46:28.981+0000] {processor.py:840} INFO - DAG(s) 'example_trigger_target_dag' retrieved from /home/airflow/.local/lib/python3.12/site-packages/airflow/example_dags/example_trigger_target_dag.py
[2024-04-09T08:46:28.992+0000] {logging_mixin.py:188} INFO - [2024-04-09T08:46:28.992+0000] {dag.py:3096} INFO - Sync 1 DAGs
[2024-04-09T08:46:28.999+0000] {logging_mixin.py:188} INFO - [2024-04-09T08:46:28.999+0000] {dag.py:3954} INFO - Setting next_dagrun for example_trigger_target_dag to None, run_after=None
[2024-04-09T08:46:29.011+0000] {processor.py:183} INFO - Processing /home/airflow/.local/lib/python3.12/site-packages/airflow/example_dags/example_trigger_target_dag.py took 0.037 seconds
[2024-04-09T08:46:59.530+0000] {processor.py:161} INFO - Started process (PID=2633) to work on /home/airflow/.local/lib/python3.12/site-packages/airflow/example_dags/example_trigger_target_dag.py
[2024-04-09T08:46:59.531+0000] {processor.py:830} INFO - Processing file /home/airflow/.local/lib/python3.12/site-packages/airflow/example_dags/example_trigger_target_dag.py for tasks to queue
[2024-04-09T08:46:59.532+0000] {logging_mixin.py:188} INFO - [2024-04-09T08:46:59.532+0000] {dagbag.py:540} INFO - Filling up the DagBag from /home/airflow/.local/lib/python3.12/site-packages/airflow/example_dags/example_trigger_target_dag.py
[2024-04-09T08:46:59.535+0000] {processor.py:840} INFO - DAG(s) 'example_trigger_target_dag' retrieved from /home/airflow/.local/lib/python3.12/site-packages/airflow/example_dags/example_trigger_target_dag.py
[2024-04-09T08:46:59.546+0000] {logging_mixin.py:188} INFO - [2024-04-09T08:46:59.546+0000] {dag.py:3096} INFO - Sync 1 DAGs
[2024-04-09T08:46:59.553+0000] {logging_mixin.py:188} INFO - [2024-04-09T08:46:59.553+0000] {dag.py:3954} INFO - Setting next_dagrun for example_trigger_target_dag to None, run_after=None
[2024-04-09T08:46:59.565+0000] {processor.py:183} INFO - Processing /home/airflow/.local/lib/python3.12/site-packages/airflow/example_dags/example_trigger_target_dag.py took 0.037 seconds
[2024-04-09T08:47:30.184+0000] {processor.py:161} INFO - Started process (PID=2691) to work on /home/airflow/.local/lib/python3.12/site-packages/airflow/example_dags/example_trigger_target_dag.py
[2024-04-09T08:47:30.184+0000] {processor.py:830} INFO - Processing file /home/airflow/.local/lib/python3.12/site-packages/airflow/example_dags/example_trigger_target_dag.py for tasks to queue
[2024-04-09T08:47:30.185+0000] {logging_mixin.py:188} INFO - [2024-04-09T08:47:30.185+0000] {dagbag.py:540} INFO - Filling up the DagBag from /home/airflow/.local/lib/python3.12/site-packages/airflow/example_dags/example_trigger_target_dag.py
[2024-04-09T08:47:30.189+0000] {processor.py:840} INFO - DAG(s) 'example_trigger_target_dag' retrieved from /home/airflow/.local/lib/python3.12/site-packages/airflow/example_dags/example_trigger_target_dag.py
[2024-04-09T08:47:30.201+0000] {logging_mixin.py:188} INFO - [2024-04-09T08:47:30.200+0000] {dag.py:3096} INFO - Sync 1 DAGs
[2024-04-09T08:47:30.208+0000] {logging_mixin.py:188} INFO - [2024-04-09T08:47:30.208+0000] {dag.py:3954} INFO - Setting next_dagrun for example_trigger_target_dag to None, run_after=None
[2024-04-09T08:47:30.222+0000] {processor.py:183} INFO - Processing /home/airflow/.local/lib/python3.12/site-packages/airflow/example_dags/example_trigger_target_dag.py took 0.041 seconds
[2024-04-09T08:48:00.936+0000] {processor.py:161} INFO - Started process (PID=2749) to work on /home/airflow/.local/lib/python3.12/site-packages/airflow/example_dags/example_trigger_target_dag.py
[2024-04-09T08:48:00.936+0000] {processor.py:830} INFO - Processing file /home/airflow/.local/lib/python3.12/site-packages/airflow/example_dags/example_trigger_target_dag.py for tasks to queue
[2024-04-09T08:48:00.937+0000] {logging_mixin.py:188} INFO - [2024-04-09T08:48:00.937+0000] {dagbag.py:540} INFO - Filling up the DagBag from /home/airflow/.local/lib/python3.12/site-packages/airflow/example_dags/example_trigger_target_dag.py
[2024-04-09T08:48:00.940+0000] {processor.py:840} INFO - DAG(s) 'example_trigger_target_dag' retrieved from /home/airflow/.local/lib/python3.12/site-packages/airflow/example_dags/example_trigger_target_dag.py
[2024-04-09T08:48:00.951+0000] {logging_mixin.py:188} INFO - [2024-04-09T08:48:00.951+0000] {dag.py:3096} INFO - Sync 1 DAGs
[2024-04-09T08:48:00.958+0000] {logging_mixin.py:188} INFO - [2024-04-09T08:48:00.958+0000] {dag.py:3954} INFO - Setting next_dagrun for example_trigger_target_dag to None, run_after=None
[2024-04-09T08:48:00.970+0000] {processor.py:183} INFO - Processing /home/airflow/.local/lib/python3.12/site-packages/airflow/example_dags/example_trigger_target_dag.py took 0.037 seconds
[2024-04-09T08:48:31.505+0000] {processor.py:161} INFO - Started process (PID=2807) to work on /home/airflow/.local/lib/python3.12/site-packages/airflow/example_dags/example_trigger_target_dag.py
[2024-04-09T08:48:31.506+0000] {processor.py:830} INFO - Processing file /home/airflow/.local/lib/python3.12/site-packages/airflow/example_dags/example_trigger_target_dag.py for tasks to queue
[2024-04-09T08:48:31.507+0000] {logging_mixin.py:188} INFO - [2024-04-09T08:48:31.506+0000] {dagbag.py:540} INFO - Filling up the DagBag from /home/airflow/.local/lib/python3.12/site-packages/airflow/example_dags/example_trigger_target_dag.py
[2024-04-09T08:48:31.510+0000] {processor.py:840} INFO - DAG(s) 'example_trigger_target_dag' retrieved from /home/airflow/.local/lib/python3.12/site-packages/airflow/example_dags/example_trigger_target_dag.py
[2024-04-09T08:48:31.521+0000] {logging_mixin.py:188} INFO - [2024-04-09T08:48:31.520+0000] {dag.py:3096} INFO - Sync 1 DAGs
[2024-04-09T08:48:31.528+0000] {logging_mixin.py:188} INFO - [2024-04-09T08:48:31.528+0000] {dag.py:3954} INFO - Setting next_dagrun for example_trigger_target_dag to None, run_after=None
[2024-04-09T08:48:31.539+0000] {processor.py:183} INFO - Processing /home/airflow/.local/lib/python3.12/site-packages/airflow/example_dags/example_trigger_target_dag.py took 0.037 seconds
[2024-04-09T08:49:02.103+0000] {processor.py:161} INFO - Started process (PID=2865) to work on /home/airflow/.local/lib/python3.12/site-packages/airflow/example_dags/example_trigger_target_dag.py
[2024-04-09T08:49:02.104+0000] {processor.py:830} INFO - Processing file /home/airflow/.local/lib/python3.12/site-packages/airflow/example_dags/example_trigger_target_dag.py for tasks to queue
[2024-04-09T08:49:02.105+0000] {logging_mixin.py:188} INFO - [2024-04-09T08:49:02.104+0000] {dagbag.py:540} INFO - Filling up the DagBag from /home/airflow/.local/lib/python3.12/site-packages/airflow/example_dags/example_trigger_target_dag.py
[2024-04-09T08:49:02.108+0000] {processor.py:840} INFO - DAG(s) 'example_trigger_target_dag' retrieved from /home/airflow/.local/lib/python3.12/site-packages/airflow/example_dags/example_trigger_target_dag.py
[2024-04-09T08:49:02.118+0000] {logging_mixin.py:188} INFO - [2024-04-09T08:49:02.118+0000] {dag.py:3096} INFO - Sync 1 DAGs
[2024-04-09T08:49:02.126+0000] {logging_mixin.py:188} INFO - [2024-04-09T08:49:02.126+0000] {dag.py:3954} INFO - Setting next_dagrun for example_trigger_target_dag to None, run_after=None
[2024-04-09T08:49:02.136+0000] {processor.py:183} INFO - Processing /home/airflow/.local/lib/python3.12/site-packages/airflow/example_dags/example_trigger_target_dag.py took 0.037 seconds
[2024-04-09T08:49:32.746+0000] {processor.py:161} INFO - Started process (PID=2923) to work on /home/airflow/.local/lib/python3.12/site-packages/airflow/example_dags/example_trigger_target_dag.py
[2024-04-09T08:49:32.747+0000] {processor.py:830} INFO - Processing file /home/airflow/.local/lib/python3.12/site-packages/airflow/example_dags/example_trigger_target_dag.py for tasks to queue
[2024-04-09T08:49:32.748+0000] {logging_mixin.py:188} INFO - [2024-04-09T08:49:32.747+0000] {dagbag.py:540} INFO - Filling up the DagBag from /home/airflow/.local/lib/python3.12/site-packages/airflow/example_dags/example_trigger_target_dag.py
[2024-04-09T08:49:32.751+0000] {processor.py:840} INFO - DAG(s) 'example_trigger_target_dag' retrieved from /home/airflow/.local/lib/python3.12/site-packages/airflow/example_dags/example_trigger_target_dag.py
[2024-04-09T08:49:32.762+0000] {logging_mixin.py:188} INFO - [2024-04-09T08:49:32.761+0000] {dag.py:3096} INFO - Sync 1 DAGs
[2024-04-09T08:49:32.769+0000] {logging_mixin.py:188} INFO - [2024-04-09T08:49:32.769+0000] {dag.py:3954} INFO - Setting next_dagrun for example_trigger_target_dag to None, run_after=None
[2024-04-09T08:49:32.780+0000] {processor.py:183} INFO - Processing /home/airflow/.local/lib/python3.12/site-packages/airflow/example_dags/example_trigger_target_dag.py took 0.037 seconds
[2024-04-09T08:50:03.511+0000] {processor.py:161} INFO - Started process (PID=2981) to work on /home/airflow/.local/lib/python3.12/site-packages/airflow/example_dags/example_trigger_target_dag.py
[2024-04-09T08:50:03.511+0000] {processor.py:830} INFO - Processing file /home/airflow/.local/lib/python3.12/site-packages/airflow/example_dags/example_trigger_target_dag.py for tasks to queue
[2024-04-09T08:50:03.512+0000] {logging_mixin.py:188} INFO - [2024-04-09T08:50:03.512+0000] {dagbag.py:540} INFO - Filling up the DagBag from /home/airflow/.local/lib/python3.12/site-packages/airflow/example_dags/example_trigger_target_dag.py
[2024-04-09T08:50:03.515+0000] {processor.py:840} INFO - DAG(s) 'example_trigger_target_dag' retrieved from /home/airflow/.local/lib/python3.12/site-packages/airflow/example_dags/example_trigger_target_dag.py
[2024-04-09T08:50:03.526+0000] {logging_mixin.py:188} INFO - [2024-04-09T08:50:03.526+0000] {dag.py:3096} INFO - Sync 1 DAGs
[2024-04-09T08:50:03.533+0000] {logging_mixin.py:188} INFO - [2024-04-09T08:50:03.533+0000] {dag.py:3954} INFO - Setting next_dagrun for example_trigger_target_dag to None, run_after=None
[2024-04-09T08:50:03.544+0000] {processor.py:183} INFO - Processing /home/airflow/.local/lib/python3.12/site-packages/airflow/example_dags/example_trigger_target_dag.py took 0.037 seconds
[2024-04-09T08:50:34.141+0000] {processor.py:161} INFO - Started process (PID=3039) to work on /home/airflow/.local/lib/python3.12/site-packages/airflow/example_dags/example_trigger_target_dag.py
[2024-04-09T08:50:34.142+0000] {processor.py:830} INFO - Processing file /home/airflow/.local/lib/python3.12/site-packages/airflow/example_dags/example_trigger_target_dag.py for tasks to queue
[2024-04-09T08:50:34.143+0000] {logging_mixin.py:188} INFO - [2024-04-09T08:50:34.143+0000] {dagbag.py:540} INFO - Filling up the DagBag from /home/airflow/.local/lib/python3.12/site-packages/airflow/example_dags/example_trigger_target_dag.py
[2024-04-09T08:50:34.146+0000] {processor.py:840} INFO - DAG(s) 'example_trigger_target_dag' retrieved from /home/airflow/.local/lib/python3.12/site-packages/airflow/example_dags/example_trigger_target_dag.py
[2024-04-09T08:50:34.156+0000] {logging_mixin.py:188} INFO - [2024-04-09T08:50:34.156+0000] {dag.py:3096} INFO - Sync 1 DAGs
[2024-04-09T08:50:34.164+0000] {logging_mixin.py:188} INFO - [2024-04-09T08:50:34.164+0000] {dag.py:3954} INFO - Setting next_dagrun for example_trigger_target_dag to None, run_after=None
[2024-04-09T08:50:34.174+0000] {processor.py:183} INFO - Processing /home/airflow/.local/lib/python3.12/site-packages/airflow/example_dags/example_trigger_target_dag.py took 0.036 seconds
[2024-04-09T08:51:04.672+0000] {processor.py:161} INFO - Started process (PID=3097) to work on /home/airflow/.local/lib/python3.12/site-packages/airflow/example_dags/example_trigger_target_dag.py
[2024-04-09T08:51:04.672+0000] {processor.py:830} INFO - Processing file /home/airflow/.local/lib/python3.12/site-packages/airflow/example_dags/example_trigger_target_dag.py for tasks to queue
[2024-04-09T08:51:04.673+0000] {logging_mixin.py:188} INFO - [2024-04-09T08:51:04.673+0000] {dagbag.py:540} INFO - Filling up the DagBag from /home/airflow/.local/lib/python3.12/site-packages/airflow/example_dags/example_trigger_target_dag.py
[2024-04-09T08:51:04.676+0000] {processor.py:840} INFO - DAG(s) 'example_trigger_target_dag' retrieved from /home/airflow/.local/lib/python3.12/site-packages/airflow/example_dags/example_trigger_target_dag.py
[2024-04-09T08:51:04.686+0000] {logging_mixin.py:188} INFO - [2024-04-09T08:51:04.686+0000] {dag.py:3096} INFO - Sync 1 DAGs
[2024-04-09T08:51:04.693+0000] {logging_mixin.py:188} INFO - [2024-04-09T08:51:04.693+0000] {dag.py:3954} INFO - Setting next_dagrun for example_trigger_target_dag to None, run_after=None
[2024-04-09T08:51:04.703+0000] {processor.py:183} INFO - Processing /home/airflow/.local/lib/python3.12/site-packages/airflow/example_dags/example_trigger_target_dag.py took 0.034 seconds
[2024-04-09T08:51:35.195+0000] {processor.py:161} INFO - Started process (PID=3155) to work on /home/airflow/.local/lib/python3.12/site-packages/airflow/example_dags/example_trigger_target_dag.py
[2024-04-09T08:51:35.195+0000] {processor.py:830} INFO - Processing file /home/airflow/.local/lib/python3.12/site-packages/airflow/example_dags/example_trigger_target_dag.py for tasks to queue
[2024-04-09T08:51:35.196+0000] {logging_mixin.py:188} INFO - [2024-04-09T08:51:35.196+0000] {dagbag.py:540} INFO - Filling up the DagBag from /home/airflow/.local/lib/python3.12/site-packages/airflow/example_dags/example_trigger_target_dag.py
[2024-04-09T08:51:35.200+0000] {processor.py:840} INFO - DAG(s) 'example_trigger_target_dag' retrieved from /home/airflow/.local/lib/python3.12/site-packages/airflow/example_dags/example_trigger_target_dag.py
[2024-04-09T08:51:35.212+0000] {logging_mixin.py:188} INFO - [2024-04-09T08:51:35.211+0000] {dag.py:3096} INFO - Sync 1 DAGs
[2024-04-09T08:51:35.219+0000] {logging_mixin.py:188} INFO - [2024-04-09T08:51:35.219+0000] {dag.py:3954} INFO - Setting next_dagrun for example_trigger_target_dag to None, run_after=None
[2024-04-09T08:51:35.230+0000] {processor.py:183} INFO - Processing /home/airflow/.local/lib/python3.12/site-packages/airflow/example_dags/example_trigger_target_dag.py took 0.039 seconds
[2024-04-09T08:52:05.757+0000] {processor.py:161} INFO - Started process (PID=3213) to work on /home/airflow/.local/lib/python3.12/site-packages/airflow/example_dags/example_trigger_target_dag.py
[2024-04-09T08:52:05.758+0000] {processor.py:830} INFO - Processing file /home/airflow/.local/lib/python3.12/site-packages/airflow/example_dags/example_trigger_target_dag.py for tasks to queue
[2024-04-09T08:52:05.759+0000] {logging_mixin.py:188} INFO - [2024-04-09T08:52:05.759+0000] {dagbag.py:540} INFO - Filling up the DagBag from /home/airflow/.local/lib/python3.12/site-packages/airflow/example_dags/example_trigger_target_dag.py
[2024-04-09T08:52:05.762+0000] {processor.py:840} INFO - DAG(s) 'example_trigger_target_dag' retrieved from /home/airflow/.local/lib/python3.12/site-packages/airflow/example_dags/example_trigger_target_dag.py
[2024-04-09T08:52:05.773+0000] {logging_mixin.py:188} INFO - [2024-04-09T08:52:05.773+0000] {dag.py:3096} INFO - Sync 1 DAGs
[2024-04-09T08:52:05.781+0000] {logging_mixin.py:188} INFO - [2024-04-09T08:52:05.781+0000] {dag.py:3954} INFO - Setting next_dagrun for example_trigger_target_dag to None, run_after=None
[2024-04-09T08:52:05.792+0000] {processor.py:183} INFO - Processing /home/airflow/.local/lib/python3.12/site-packages/airflow/example_dags/example_trigger_target_dag.py took 0.037 seconds
[2024-04-09T08:52:36.456+0000] {processor.py:161} INFO - Started process (PID=3271) to work on /home/airflow/.local/lib/python3.12/site-packages/airflow/example_dags/example_trigger_target_dag.py
[2024-04-09T08:52:36.457+0000] {processor.py:830} INFO - Processing file /home/airflow/.local/lib/python3.12/site-packages/airflow/example_dags/example_trigger_target_dag.py for tasks to queue
[2024-04-09T08:52:36.458+0000] {logging_mixin.py:188} INFO - [2024-04-09T08:52:36.458+0000] {dagbag.py:540} INFO - Filling up the DagBag from /home/airflow/.local/lib/python3.12/site-packages/airflow/example_dags/example_trigger_target_dag.py
[2024-04-09T08:52:36.461+0000] {processor.py:840} INFO - DAG(s) 'example_trigger_target_dag' retrieved from /home/airflow/.local/lib/python3.12/site-packages/airflow/example_dags/example_trigger_target_dag.py
[2024-04-09T08:52:36.472+0000] {logging_mixin.py:188} INFO - [2024-04-09T08:52:36.472+0000] {dag.py:3096} INFO - Sync 1 DAGs
[2024-04-09T08:52:36.479+0000] {logging_mixin.py:188} INFO - [2024-04-09T08:52:36.479+0000] {dag.py:3954} INFO - Setting next_dagrun for example_trigger_target_dag to None, run_after=None
[2024-04-09T08:52:36.490+0000] {processor.py:183} INFO - Processing /home/airflow/.local/lib/python3.12/site-packages/airflow/example_dags/example_trigger_target_dag.py took 0.036 seconds
[2024-04-09T08:53:07.229+0000] {processor.py:161} INFO - Started process (PID=3329) to work on /home/airflow/.local/lib/python3.12/site-packages/airflow/example_dags/example_trigger_target_dag.py
[2024-04-09T08:53:07.230+0000] {processor.py:830} INFO - Processing file /home/airflow/.local/lib/python3.12/site-packages/airflow/example_dags/example_trigger_target_dag.py for tasks to queue
[2024-04-09T08:53:07.232+0000] {logging_mixin.py:188} INFO - [2024-04-09T08:53:07.232+0000] {dagbag.py:540} INFO - Filling up the DagBag from /home/airflow/.local/lib/python3.12/site-packages/airflow/example_dags/example_trigger_target_dag.py
[2024-04-09T08:53:07.237+0000] {processor.py:840} INFO - DAG(s) 'example_trigger_target_dag' retrieved from /home/airflow/.local/lib/python3.12/site-packages/airflow/example_dags/example_trigger_target_dag.py
[2024-04-09T08:53:07.267+0000] {logging_mixin.py:188} INFO - [2024-04-09T08:53:07.267+0000] {dag.py:3096} INFO - Sync 1 DAGs
[2024-04-09T08:53:07.284+0000] {logging_mixin.py:188} INFO - [2024-04-09T08:53:07.284+0000] {dag.py:3954} INFO - Setting next_dagrun for example_trigger_target_dag to None, run_after=None
[2024-04-09T08:53:07.304+0000] {processor.py:183} INFO - Processing /home/airflow/.local/lib/python3.12/site-packages/airflow/example_dags/example_trigger_target_dag.py took 0.079 seconds
[2024-04-09T08:53:37.350+0000] {processor.py:161} INFO - Started process (PID=3387) to work on /home/airflow/.local/lib/python3.12/site-packages/airflow/example_dags/example_trigger_target_dag.py
[2024-04-09T08:53:37.350+0000] {processor.py:830} INFO - Processing file /home/airflow/.local/lib/python3.12/site-packages/airflow/example_dags/example_trigger_target_dag.py for tasks to queue
[2024-04-09T08:53:37.351+0000] {logging_mixin.py:188} INFO - [2024-04-09T08:53:37.351+0000] {dagbag.py:540} INFO - Filling up the DagBag from /home/airflow/.local/lib/python3.12/site-packages/airflow/example_dags/example_trigger_target_dag.py
[2024-04-09T08:53:37.354+0000] {processor.py:840} INFO - DAG(s) 'example_trigger_target_dag' retrieved from /home/airflow/.local/lib/python3.12/site-packages/airflow/example_dags/example_trigger_target_dag.py
[2024-04-09T08:53:37.365+0000] {logging_mixin.py:188} INFO - [2024-04-09T08:53:37.365+0000] {dag.py:3096} INFO - Sync 1 DAGs
[2024-04-09T08:53:37.373+0000] {logging_mixin.py:188} INFO - [2024-04-09T08:53:37.373+0000] {dag.py:3954} INFO - Setting next_dagrun for example_trigger_target_dag to None, run_after=None
[2024-04-09T08:53:37.384+0000] {processor.py:183} INFO - Processing /home/airflow/.local/lib/python3.12/site-packages/airflow/example_dags/example_trigger_target_dag.py took 0.037 seconds
[2024-04-09T08:54:07.995+0000] {processor.py:161} INFO - Started process (PID=3445) to work on /home/airflow/.local/lib/python3.12/site-packages/airflow/example_dags/example_trigger_target_dag.py
[2024-04-09T08:54:07.996+0000] {processor.py:830} INFO - Processing file /home/airflow/.local/lib/python3.12/site-packages/airflow/example_dags/example_trigger_target_dag.py for tasks to queue
[2024-04-09T08:54:07.997+0000] {logging_mixin.py:188} INFO - [2024-04-09T08:54:07.997+0000] {dagbag.py:540} INFO - Filling up the DagBag from /home/airflow/.local/lib/python3.12/site-packages/airflow/example_dags/example_trigger_target_dag.py
[2024-04-09T08:54:08.000+0000] {processor.py:840} INFO - DAG(s) 'example_trigger_target_dag' retrieved from /home/airflow/.local/lib/python3.12/site-packages/airflow/example_dags/example_trigger_target_dag.py
[2024-04-09T08:54:08.012+0000] {logging_mixin.py:188} INFO - [2024-04-09T08:54:08.012+0000] {dag.py:3096} INFO - Sync 1 DAGs
[2024-04-09T08:54:08.019+0000] {logging_mixin.py:188} INFO - [2024-04-09T08:54:08.019+0000] {dag.py:3954} INFO - Setting next_dagrun for example_trigger_target_dag to None, run_after=None
[2024-04-09T08:54:08.032+0000] {processor.py:183} INFO - Processing /home/airflow/.local/lib/python3.12/site-packages/airflow/example_dags/example_trigger_target_dag.py took 0.041 seconds
[2024-04-09T08:54:38.644+0000] {processor.py:161} INFO - Started process (PID=3503) to work on /home/airflow/.local/lib/python3.12/site-packages/airflow/example_dags/example_trigger_target_dag.py
[2024-04-09T08:54:38.645+0000] {processor.py:830} INFO - Processing file /home/airflow/.local/lib/python3.12/site-packages/airflow/example_dags/example_trigger_target_dag.py for tasks to queue
[2024-04-09T08:54:38.646+0000] {logging_mixin.py:188} INFO - [2024-04-09T08:54:38.645+0000] {dagbag.py:540} INFO - Filling up the DagBag from /home/airflow/.local/lib/python3.12/site-packages/airflow/example_dags/example_trigger_target_dag.py
[2024-04-09T08:54:38.648+0000] {processor.py:840} INFO - DAG(s) 'example_trigger_target_dag' retrieved from /home/airflow/.local/lib/python3.12/site-packages/airflow/example_dags/example_trigger_target_dag.py
[2024-04-09T08:54:38.661+0000] {logging_mixin.py:188} INFO - [2024-04-09T08:54:38.661+0000] {dag.py:3096} INFO - Sync 1 DAGs
[2024-04-09T08:54:38.668+0000] {logging_mixin.py:188} INFO - [2024-04-09T08:54:38.668+0000] {dag.py:3954} INFO - Setting next_dagrun for example_trigger_target_dag to None, run_after=None
[2024-04-09T08:54:38.680+0000] {processor.py:183} INFO - Processing /home/airflow/.local/lib/python3.12/site-packages/airflow/example_dags/example_trigger_target_dag.py took 0.039 seconds
[2024-04-09T08:55:09.279+0000] {processor.py:161} INFO - Started process (PID=3561) to work on /home/airflow/.local/lib/python3.12/site-packages/airflow/example_dags/example_trigger_target_dag.py
[2024-04-09T08:55:09.280+0000] {processor.py:830} INFO - Processing file /home/airflow/.local/lib/python3.12/site-packages/airflow/example_dags/example_trigger_target_dag.py for tasks to queue
[2024-04-09T08:55:09.281+0000] {logging_mixin.py:188} INFO - [2024-04-09T08:55:09.281+0000] {dagbag.py:540} INFO - Filling up the DagBag from /home/airflow/.local/lib/python3.12/site-packages/airflow/example_dags/example_trigger_target_dag.py
[2024-04-09T08:55:09.284+0000] {processor.py:840} INFO - DAG(s) 'example_trigger_target_dag' retrieved from /home/airflow/.local/lib/python3.12/site-packages/airflow/example_dags/example_trigger_target_dag.py
[2024-04-09T08:55:09.294+0000] {logging_mixin.py:188} INFO - [2024-04-09T08:55:09.294+0000] {dag.py:3096} INFO - Sync 1 DAGs
[2024-04-09T08:55:09.301+0000] {logging_mixin.py:188} INFO - [2024-04-09T08:55:09.301+0000] {dag.py:3954} INFO - Setting next_dagrun for example_trigger_target_dag to None, run_after=None
[2024-04-09T08:55:09.314+0000] {processor.py:183} INFO - Processing /home/airflow/.local/lib/python3.12/site-packages/airflow/example_dags/example_trigger_target_dag.py took 0.038 seconds
[2024-04-09T08:55:39.919+0000] {processor.py:161} INFO - Started process (PID=3619) to work on /home/airflow/.local/lib/python3.12/site-packages/airflow/example_dags/example_trigger_target_dag.py
[2024-04-09T08:55:39.920+0000] {processor.py:830} INFO - Processing file /home/airflow/.local/lib/python3.12/site-packages/airflow/example_dags/example_trigger_target_dag.py for tasks to queue
[2024-04-09T08:55:39.921+0000] {logging_mixin.py:188} INFO - [2024-04-09T08:55:39.921+0000] {dagbag.py:540} INFO - Filling up the DagBag from /home/airflow/.local/lib/python3.12/site-packages/airflow/example_dags/example_trigger_target_dag.py
[2024-04-09T08:55:39.924+0000] {processor.py:840} INFO - DAG(s) 'example_trigger_target_dag' retrieved from /home/airflow/.local/lib/python3.12/site-packages/airflow/example_dags/example_trigger_target_dag.py
[2024-04-09T08:55:39.937+0000] {logging_mixin.py:188} INFO - [2024-04-09T08:55:39.937+0000] {dag.py:3096} INFO - Sync 1 DAGs
[2024-04-09T08:55:39.944+0000] {logging_mixin.py:188} INFO - [2024-04-09T08:55:39.944+0000] {dag.py:3954} INFO - Setting next_dagrun for example_trigger_target_dag to None, run_after=None
[2024-04-09T08:55:39.956+0000] {processor.py:183} INFO - Processing /home/airflow/.local/lib/python3.12/site-packages/airflow/example_dags/example_trigger_target_dag.py took 0.040 seconds
[2024-04-09T08:56:10.607+0000] {processor.py:161} INFO - Started process (PID=3677) to work on /home/airflow/.local/lib/python3.12/site-packages/airflow/example_dags/example_trigger_target_dag.py
[2024-04-09T08:56:10.607+0000] {processor.py:830} INFO - Processing file /home/airflow/.local/lib/python3.12/site-packages/airflow/example_dags/example_trigger_target_dag.py for tasks to queue
[2024-04-09T08:56:10.608+0000] {logging_mixin.py:188} INFO - [2024-04-09T08:56:10.608+0000] {dagbag.py:540} INFO - Filling up the DagBag from /home/airflow/.local/lib/python3.12/site-packages/airflow/example_dags/example_trigger_target_dag.py
[2024-04-09T08:56:10.612+0000] {processor.py:840} INFO - DAG(s) 'example_trigger_target_dag' retrieved from /home/airflow/.local/lib/python3.12/site-packages/airflow/example_dags/example_trigger_target_dag.py
[2024-04-09T08:56:10.622+0000] {logging_mixin.py:188} INFO - [2024-04-09T08:56:10.622+0000] {dag.py:3096} INFO - Sync 1 DAGs
[2024-04-09T08:56:10.629+0000] {logging_mixin.py:188} INFO - [2024-04-09T08:56:10.629+0000] {dag.py:3954} INFO - Setting next_dagrun for example_trigger_target_dag to None, run_after=None
[2024-04-09T08:56:10.641+0000] {processor.py:183} INFO - Processing /home/airflow/.local/lib/python3.12/site-packages/airflow/example_dags/example_trigger_target_dag.py took 0.038 seconds
[2024-04-09T08:56:41.308+0000] {processor.py:161} INFO - Started process (PID=3735) to work on /home/airflow/.local/lib/python3.12/site-packages/airflow/example_dags/example_trigger_target_dag.py
[2024-04-09T08:56:41.309+0000] {processor.py:830} INFO - Processing file /home/airflow/.local/lib/python3.12/site-packages/airflow/example_dags/example_trigger_target_dag.py for tasks to queue
[2024-04-09T08:56:41.310+0000] {logging_mixin.py:188} INFO - [2024-04-09T08:56:41.310+0000] {dagbag.py:540} INFO - Filling up the DagBag from /home/airflow/.local/lib/python3.12/site-packages/airflow/example_dags/example_trigger_target_dag.py
[2024-04-09T08:56:41.313+0000] {processor.py:840} INFO - DAG(s) 'example_trigger_target_dag' retrieved from /home/airflow/.local/lib/python3.12/site-packages/airflow/example_dags/example_trigger_target_dag.py
[2024-04-09T08:56:41.324+0000] {logging_mixin.py:188} INFO - [2024-04-09T08:56:41.324+0000] {dag.py:3096} INFO - Sync 1 DAGs
[2024-04-09T08:56:41.331+0000] {logging_mixin.py:188} INFO - [2024-04-09T08:56:41.331+0000] {dag.py:3954} INFO - Setting next_dagrun for example_trigger_target_dag to None, run_after=None
[2024-04-09T08:56:41.343+0000] {processor.py:183} INFO - Processing /home/airflow/.local/lib/python3.12/site-packages/airflow/example_dags/example_trigger_target_dag.py took 0.038 seconds
[2024-04-09T08:57:11.958+0000] {processor.py:161} INFO - Started process (PID=3793) to work on /home/airflow/.local/lib/python3.12/site-packages/airflow/example_dags/example_trigger_target_dag.py
[2024-04-09T08:57:11.959+0000] {processor.py:830} INFO - Processing file /home/airflow/.local/lib/python3.12/site-packages/airflow/example_dags/example_trigger_target_dag.py for tasks to queue
[2024-04-09T08:57:11.960+0000] {logging_mixin.py:188} INFO - [2024-04-09T08:57:11.960+0000] {dagbag.py:540} INFO - Filling up the DagBag from /home/airflow/.local/lib/python3.12/site-packages/airflow/example_dags/example_trigger_target_dag.py
[2024-04-09T08:57:11.964+0000] {processor.py:840} INFO - DAG(s) 'example_trigger_target_dag' retrieved from /home/airflow/.local/lib/python3.12/site-packages/airflow/example_dags/example_trigger_target_dag.py
[2024-04-09T08:57:11.977+0000] {logging_mixin.py:188} INFO - [2024-04-09T08:57:11.976+0000] {dag.py:3096} INFO - Sync 1 DAGs
[2024-04-09T08:57:11.985+0000] {logging_mixin.py:188} INFO - [2024-04-09T08:57:11.984+0000] {dag.py:3954} INFO - Setting next_dagrun for example_trigger_target_dag to None, run_after=None
[2024-04-09T08:57:11.998+0000] {processor.py:183} INFO - Processing /home/airflow/.local/lib/python3.12/site-packages/airflow/example_dags/example_trigger_target_dag.py took 0.043 seconds
[2024-04-09T08:57:42.757+0000] {processor.py:161} INFO - Started process (PID=3851) to work on /home/airflow/.local/lib/python3.12/site-packages/airflow/example_dags/example_trigger_target_dag.py
[2024-04-09T08:57:42.757+0000] {processor.py:830} INFO - Processing file /home/airflow/.local/lib/python3.12/site-packages/airflow/example_dags/example_trigger_target_dag.py for tasks to queue
[2024-04-09T08:57:42.758+0000] {logging_mixin.py:188} INFO - [2024-04-09T08:57:42.758+0000] {dagbag.py:540} INFO - Filling up the DagBag from /home/airflow/.local/lib/python3.12/site-packages/airflow/example_dags/example_trigger_target_dag.py
[2024-04-09T08:57:42.762+0000] {processor.py:840} INFO - DAG(s) 'example_trigger_target_dag' retrieved from /home/airflow/.local/lib/python3.12/site-packages/airflow/example_dags/example_trigger_target_dag.py
[2024-04-09T08:57:42.775+0000] {logging_mixin.py:188} INFO - [2024-04-09T08:57:42.775+0000] {dag.py:3096} INFO - Sync 1 DAGs
[2024-04-09T08:57:42.785+0000] {logging_mixin.py:188} INFO - [2024-04-09T08:57:42.784+0000] {dag.py:3954} INFO - Setting next_dagrun for example_trigger_target_dag to None, run_after=None
[2024-04-09T08:57:42.798+0000] {processor.py:183} INFO - Processing /home/airflow/.local/lib/python3.12/site-packages/airflow/example_dags/example_trigger_target_dag.py took 0.044 seconds
[2024-04-09T08:58:12.938+0000] {processor.py:161} INFO - Started process (PID=3909) to work on /home/airflow/.local/lib/python3.12/site-packages/airflow/example_dags/example_trigger_target_dag.py
[2024-04-09T08:58:12.938+0000] {processor.py:830} INFO - Processing file /home/airflow/.local/lib/python3.12/site-packages/airflow/example_dags/example_trigger_target_dag.py for tasks to queue
[2024-04-09T08:58:12.939+0000] {logging_mixin.py:188} INFO - [2024-04-09T08:58:12.939+0000] {dagbag.py:540} INFO - Filling up the DagBag from /home/airflow/.local/lib/python3.12/site-packages/airflow/example_dags/example_trigger_target_dag.py
[2024-04-09T08:58:12.943+0000] {processor.py:840} INFO - DAG(s) 'example_trigger_target_dag' retrieved from /home/airflow/.local/lib/python3.12/site-packages/airflow/example_dags/example_trigger_target_dag.py
[2024-04-09T08:58:12.953+0000] {logging_mixin.py:188} INFO - [2024-04-09T08:58:12.953+0000] {dag.py:3096} INFO - Sync 1 DAGs
[2024-04-09T08:58:12.960+0000] {logging_mixin.py:188} INFO - [2024-04-09T08:58:12.960+0000] {dag.py:3954} INFO - Setting next_dagrun for example_trigger_target_dag to None, run_after=None
[2024-04-09T08:58:12.972+0000] {processor.py:183} INFO - Processing /home/airflow/.local/lib/python3.12/site-packages/airflow/example_dags/example_trigger_target_dag.py took 0.037 seconds
