[2024-04-09T08:24:29.890+0000] {processor.py:161} INFO - Started process (PID=69) to work on /home/airflow/.local/lib/python3.12/site-packages/airflow/example_dags/example_task_group_decorator.py
[2024-04-09T08:24:29.890+0000] {processor.py:830} INFO - Processing file /home/airflow/.local/lib/python3.12/site-packages/airflow/example_dags/example_task_group_decorator.py for tasks to queue
[2024-04-09T08:24:29.892+0000] {logging_mixin.py:188} INFO - [2024-04-09T08:24:29.891+0000] {dagbag.py:540} INFO - Filling up the DagBag from /home/airflow/.local/lib/python3.12/site-packages/airflow/example_dags/example_task_group_decorator.py
[2024-04-09T08:24:29.903+0000] {processor.py:840} INFO - DAG(s) 'example_task_group_decorator' retrieved from /home/airflow/.local/lib/python3.12/site-packages/airflow/example_dags/example_task_group_decorator.py
[2024-04-09T08:24:29.910+0000] {logging_mixin.py:188} INFO - [2024-04-09T08:24:29.909+0000] {dag.py:3096} INFO - Sync 1 DAGs
[2024-04-09T08:24:29.924+0000] {logging_mixin.py:188} INFO - [2024-04-09T08:24:29.923+0000] {dag.py:3954} INFO - Setting next_dagrun for example_task_group_decorator to 2024-04-08 00:00:00+00:00, run_after=2024-04-09 00:00:00+00:00
[2024-04-09T08:24:29.938+0000] {processor.py:183} INFO - Processing /home/airflow/.local/lib/python3.12/site-packages/airflow/example_dags/example_task_group_decorator.py took 0.052 seconds
[2024-04-09T08:25:00.485+0000] {processor.py:161} INFO - Started process (PID=127) to work on /home/airflow/.local/lib/python3.12/site-packages/airflow/example_dags/example_task_group_decorator.py
[2024-04-09T08:25:00.486+0000] {processor.py:830} INFO - Processing file /home/airflow/.local/lib/python3.12/site-packages/airflow/example_dags/example_task_group_decorator.py for tasks to queue
[2024-04-09T08:25:00.487+0000] {logging_mixin.py:188} INFO - [2024-04-09T08:25:00.486+0000] {dagbag.py:540} INFO - Filling up the DagBag from /home/airflow/.local/lib/python3.12/site-packages/airflow/example_dags/example_task_group_decorator.py
[2024-04-09T08:25:00.495+0000] {processor.py:840} INFO - DAG(s) 'example_task_group_decorator' retrieved from /home/airflow/.local/lib/python3.12/site-packages/airflow/example_dags/example_task_group_decorator.py
[2024-04-09T08:25:00.561+0000] {logging_mixin.py:188} INFO - [2024-04-09T08:25:00.561+0000] {dag.py:3096} INFO - Sync 1 DAGs
[2024-04-09T08:25:00.573+0000] {logging_mixin.py:188} INFO - [2024-04-09T08:25:00.573+0000] {dag.py:3954} INFO - Setting next_dagrun for example_task_group_decorator to 2024-04-08 00:00:00+00:00, run_after=2024-04-09 00:00:00+00:00
[2024-04-09T08:25:00.585+0000] {processor.py:183} INFO - Processing /home/airflow/.local/lib/python3.12/site-packages/airflow/example_dags/example_task_group_decorator.py took 0.103 seconds
[2024-04-09T08:25:30.800+0000] {processor.py:161} INFO - Started process (PID=185) to work on /home/airflow/.local/lib/python3.12/site-packages/airflow/example_dags/example_task_group_decorator.py
[2024-04-09T08:25:30.801+0000] {processor.py:830} INFO - Processing file /home/airflow/.local/lib/python3.12/site-packages/airflow/example_dags/example_task_group_decorator.py for tasks to queue
[2024-04-09T08:25:30.802+0000] {logging_mixin.py:188} INFO - [2024-04-09T08:25:30.801+0000] {dagbag.py:540} INFO - Filling up the DagBag from /home/airflow/.local/lib/python3.12/site-packages/airflow/example_dags/example_task_group_decorator.py
[2024-04-09T08:25:30.810+0000] {processor.py:840} INFO - DAG(s) 'example_task_group_decorator' retrieved from /home/airflow/.local/lib/python3.12/site-packages/airflow/example_dags/example_task_group_decorator.py
[2024-04-09T08:25:30.825+0000] {logging_mixin.py:188} INFO - [2024-04-09T08:25:30.825+0000] {dag.py:3096} INFO - Sync 1 DAGs
[2024-04-09T08:25:30.837+0000] {logging_mixin.py:188} INFO - [2024-04-09T08:25:30.837+0000] {dag.py:3954} INFO - Setting next_dagrun for example_task_group_decorator to 2024-04-08 00:00:00+00:00, run_after=2024-04-09 00:00:00+00:00
[2024-04-09T08:25:30.849+0000] {processor.py:183} INFO - Processing /home/airflow/.local/lib/python3.12/site-packages/airflow/example_dags/example_task_group_decorator.py took 0.051 seconds
[2024-04-09T08:26:01.516+0000] {processor.py:161} INFO - Started process (PID=243) to work on /home/airflow/.local/lib/python3.12/site-packages/airflow/example_dags/example_task_group_decorator.py
[2024-04-09T08:26:01.516+0000] {processor.py:830} INFO - Processing file /home/airflow/.local/lib/python3.12/site-packages/airflow/example_dags/example_task_group_decorator.py for tasks to queue
[2024-04-09T08:26:01.518+0000] {logging_mixin.py:188} INFO - [2024-04-09T08:26:01.517+0000] {dagbag.py:540} INFO - Filling up the DagBag from /home/airflow/.local/lib/python3.12/site-packages/airflow/example_dags/example_task_group_decorator.py
[2024-04-09T08:26:01.526+0000] {processor.py:840} INFO - DAG(s) 'example_task_group_decorator' retrieved from /home/airflow/.local/lib/python3.12/site-packages/airflow/example_dags/example_task_group_decorator.py
[2024-04-09T08:26:01.542+0000] {logging_mixin.py:188} INFO - [2024-04-09T08:26:01.542+0000] {dag.py:3096} INFO - Sync 1 DAGs
[2024-04-09T08:26:01.554+0000] {logging_mixin.py:188} INFO - [2024-04-09T08:26:01.554+0000] {dag.py:3954} INFO - Setting next_dagrun for example_task_group_decorator to 2024-04-08 00:00:00+00:00, run_after=2024-04-09 00:00:00+00:00
[2024-04-09T08:26:01.566+0000] {processor.py:183} INFO - Processing /home/airflow/.local/lib/python3.12/site-packages/airflow/example_dags/example_task_group_decorator.py took 0.053 seconds
[2024-04-09T08:26:32.369+0000] {processor.py:161} INFO - Started process (PID=301) to work on /home/airflow/.local/lib/python3.12/site-packages/airflow/example_dags/example_task_group_decorator.py
[2024-04-09T08:26:32.370+0000] {processor.py:830} INFO - Processing file /home/airflow/.local/lib/python3.12/site-packages/airflow/example_dags/example_task_group_decorator.py for tasks to queue
[2024-04-09T08:26:32.371+0000] {logging_mixin.py:188} INFO - [2024-04-09T08:26:32.371+0000] {dagbag.py:540} INFO - Filling up the DagBag from /home/airflow/.local/lib/python3.12/site-packages/airflow/example_dags/example_task_group_decorator.py
[2024-04-09T08:26:32.379+0000] {processor.py:840} INFO - DAG(s) 'example_task_group_decorator' retrieved from /home/airflow/.local/lib/python3.12/site-packages/airflow/example_dags/example_task_group_decorator.py
[2024-04-09T08:26:32.393+0000] {logging_mixin.py:188} INFO - [2024-04-09T08:26:32.393+0000] {dag.py:3096} INFO - Sync 1 DAGs
[2024-04-09T08:26:32.406+0000] {logging_mixin.py:188} INFO - [2024-04-09T08:26:32.406+0000] {dag.py:3954} INFO - Setting next_dagrun for example_task_group_decorator to 2024-04-08 00:00:00+00:00, run_after=2024-04-09 00:00:00+00:00
[2024-04-09T08:26:32.418+0000] {processor.py:183} INFO - Processing /home/airflow/.local/lib/python3.12/site-packages/airflow/example_dags/example_task_group_decorator.py took 0.051 seconds
[2024-04-09T08:27:02.544+0000] {processor.py:161} INFO - Started process (PID=359) to work on /home/airflow/.local/lib/python3.12/site-packages/airflow/example_dags/example_task_group_decorator.py
[2024-04-09T08:27:02.544+0000] {processor.py:830} INFO - Processing file /home/airflow/.local/lib/python3.12/site-packages/airflow/example_dags/example_task_group_decorator.py for tasks to queue
[2024-04-09T08:27:02.545+0000] {logging_mixin.py:188} INFO - [2024-04-09T08:27:02.545+0000] {dagbag.py:540} INFO - Filling up the DagBag from /home/airflow/.local/lib/python3.12/site-packages/airflow/example_dags/example_task_group_decorator.py
[2024-04-09T08:27:02.555+0000] {processor.py:840} INFO - DAG(s) 'example_task_group_decorator' retrieved from /home/airflow/.local/lib/python3.12/site-packages/airflow/example_dags/example_task_group_decorator.py
[2024-04-09T08:27:02.570+0000] {logging_mixin.py:188} INFO - [2024-04-09T08:27:02.570+0000] {dag.py:3096} INFO - Sync 1 DAGs
[2024-04-09T08:27:02.585+0000] {logging_mixin.py:188} INFO - [2024-04-09T08:27:02.585+0000] {dag.py:3954} INFO - Setting next_dagrun for example_task_group_decorator to 2024-04-08 00:00:00+00:00, run_after=2024-04-09 00:00:00+00:00
[2024-04-09T08:27:02.597+0000] {processor.py:183} INFO - Processing /home/airflow/.local/lib/python3.12/site-packages/airflow/example_dags/example_task_group_decorator.py took 0.056 seconds
[2024-04-09T08:27:33.615+0000] {processor.py:161} INFO - Started process (PID=417) to work on /home/airflow/.local/lib/python3.12/site-packages/airflow/example_dags/example_task_group_decorator.py
[2024-04-09T08:27:33.616+0000] {processor.py:830} INFO - Processing file /home/airflow/.local/lib/python3.12/site-packages/airflow/example_dags/example_task_group_decorator.py for tasks to queue
[2024-04-09T08:27:33.616+0000] {logging_mixin.py:188} INFO - [2024-04-09T08:27:33.616+0000] {dagbag.py:540} INFO - Filling up the DagBag from /home/airflow/.local/lib/python3.12/site-packages/airflow/example_dags/example_task_group_decorator.py
[2024-04-09T08:27:33.624+0000] {processor.py:840} INFO - DAG(s) 'example_task_group_decorator' retrieved from /home/airflow/.local/lib/python3.12/site-packages/airflow/example_dags/example_task_group_decorator.py
[2024-04-09T08:27:33.638+0000] {logging_mixin.py:188} INFO - [2024-04-09T08:27:33.638+0000] {dag.py:3096} INFO - Sync 1 DAGs
[2024-04-09T08:27:33.650+0000] {logging_mixin.py:188} INFO - [2024-04-09T08:27:33.650+0000] {dag.py:3954} INFO - Setting next_dagrun for example_task_group_decorator to 2024-04-08 00:00:00+00:00, run_after=2024-04-09 00:00:00+00:00
[2024-04-09T08:27:33.661+0000] {processor.py:183} INFO - Processing /home/airflow/.local/lib/python3.12/site-packages/airflow/example_dags/example_task_group_decorator.py took 0.049 seconds
[2024-04-09T08:28:03.817+0000] {processor.py:161} INFO - Started process (PID=475) to work on /home/airflow/.local/lib/python3.12/site-packages/airflow/example_dags/example_task_group_decorator.py
[2024-04-09T08:28:03.818+0000] {processor.py:830} INFO - Processing file /home/airflow/.local/lib/python3.12/site-packages/airflow/example_dags/example_task_group_decorator.py for tasks to queue
[2024-04-09T08:28:03.819+0000] {logging_mixin.py:188} INFO - [2024-04-09T08:28:03.818+0000] {dagbag.py:540} INFO - Filling up the DagBag from /home/airflow/.local/lib/python3.12/site-packages/airflow/example_dags/example_task_group_decorator.py
[2024-04-09T08:28:03.827+0000] {processor.py:840} INFO - DAG(s) 'example_task_group_decorator' retrieved from /home/airflow/.local/lib/python3.12/site-packages/airflow/example_dags/example_task_group_decorator.py
[2024-04-09T08:28:03.844+0000] {logging_mixin.py:188} INFO - [2024-04-09T08:28:03.844+0000] {dag.py:3096} INFO - Sync 1 DAGs
[2024-04-09T08:28:03.860+0000] {logging_mixin.py:188} INFO - [2024-04-09T08:28:03.860+0000] {dag.py:3954} INFO - Setting next_dagrun for example_task_group_decorator to 2024-04-08 00:00:00+00:00, run_after=2024-04-09 00:00:00+00:00
[2024-04-09T08:28:03.871+0000] {processor.py:183} INFO - Processing /home/airflow/.local/lib/python3.12/site-packages/airflow/example_dags/example_task_group_decorator.py took 0.057 seconds
[2024-04-09T08:28:34.785+0000] {processor.py:161} INFO - Started process (PID=533) to work on /home/airflow/.local/lib/python3.12/site-packages/airflow/example_dags/example_task_group_decorator.py
[2024-04-09T08:28:34.785+0000] {processor.py:830} INFO - Processing file /home/airflow/.local/lib/python3.12/site-packages/airflow/example_dags/example_task_group_decorator.py for tasks to queue
[2024-04-09T08:28:34.786+0000] {logging_mixin.py:188} INFO - [2024-04-09T08:28:34.786+0000] {dagbag.py:540} INFO - Filling up the DagBag from /home/airflow/.local/lib/python3.12/site-packages/airflow/example_dags/example_task_group_decorator.py
[2024-04-09T08:28:34.794+0000] {processor.py:840} INFO - DAG(s) 'example_task_group_decorator' retrieved from /home/airflow/.local/lib/python3.12/site-packages/airflow/example_dags/example_task_group_decorator.py
[2024-04-09T08:28:34.809+0000] {logging_mixin.py:188} INFO - [2024-04-09T08:28:34.809+0000] {dag.py:3096} INFO - Sync 1 DAGs
[2024-04-09T08:28:34.822+0000] {logging_mixin.py:188} INFO - [2024-04-09T08:28:34.822+0000] {dag.py:3954} INFO - Setting next_dagrun for example_task_group_decorator to 2024-04-08 00:00:00+00:00, run_after=2024-04-09 00:00:00+00:00
[2024-04-09T08:28:34.833+0000] {processor.py:183} INFO - Processing /home/airflow/.local/lib/python3.12/site-packages/airflow/example_dags/example_task_group_decorator.py took 0.051 seconds
[2024-04-09T08:29:05.378+0000] {processor.py:161} INFO - Started process (PID=591) to work on /home/airflow/.local/lib/python3.12/site-packages/airflow/example_dags/example_task_group_decorator.py
[2024-04-09T08:29:05.379+0000] {processor.py:830} INFO - Processing file /home/airflow/.local/lib/python3.12/site-packages/airflow/example_dags/example_task_group_decorator.py for tasks to queue
[2024-04-09T08:29:05.380+0000] {logging_mixin.py:188} INFO - [2024-04-09T08:29:05.380+0000] {dagbag.py:540} INFO - Filling up the DagBag from /home/airflow/.local/lib/python3.12/site-packages/airflow/example_dags/example_task_group_decorator.py
[2024-04-09T08:29:05.388+0000] {processor.py:840} INFO - DAG(s) 'example_task_group_decorator' retrieved from /home/airflow/.local/lib/python3.12/site-packages/airflow/example_dags/example_task_group_decorator.py
[2024-04-09T08:29:05.401+0000] {logging_mixin.py:188} INFO - [2024-04-09T08:29:05.401+0000] {dag.py:3096} INFO - Sync 1 DAGs
[2024-04-09T08:29:05.413+0000] {logging_mixin.py:188} INFO - [2024-04-09T08:29:05.413+0000] {dag.py:3954} INFO - Setting next_dagrun for example_task_group_decorator to 2024-04-08 00:00:00+00:00, run_after=2024-04-09 00:00:00+00:00
[2024-04-09T08:29:05.423+0000] {processor.py:183} INFO - Processing /home/airflow/.local/lib/python3.12/site-packages/airflow/example_dags/example_task_group_decorator.py took 0.048 seconds
[2024-04-09T08:29:36.172+0000] {processor.py:161} INFO - Started process (PID=649) to work on /home/airflow/.local/lib/python3.12/site-packages/airflow/example_dags/example_task_group_decorator.py
[2024-04-09T08:29:36.172+0000] {processor.py:830} INFO - Processing file /home/airflow/.local/lib/python3.12/site-packages/airflow/example_dags/example_task_group_decorator.py for tasks to queue
[2024-04-09T08:29:36.173+0000] {logging_mixin.py:188} INFO - [2024-04-09T08:29:36.173+0000] {dagbag.py:540} INFO - Filling up the DagBag from /home/airflow/.local/lib/python3.12/site-packages/airflow/example_dags/example_task_group_decorator.py
[2024-04-09T08:29:36.182+0000] {processor.py:840} INFO - DAG(s) 'example_task_group_decorator' retrieved from /home/airflow/.local/lib/python3.12/site-packages/airflow/example_dags/example_task_group_decorator.py
[2024-04-09T08:29:36.196+0000] {logging_mixin.py:188} INFO - [2024-04-09T08:29:36.196+0000] {dag.py:3096} INFO - Sync 1 DAGs
[2024-04-09T08:29:36.208+0000] {logging_mixin.py:188} INFO - [2024-04-09T08:29:36.208+0000] {dag.py:3954} INFO - Setting next_dagrun for example_task_group_decorator to 2024-04-08 00:00:00+00:00, run_after=2024-04-09 00:00:00+00:00
[2024-04-09T08:29:36.218+0000] {processor.py:183} INFO - Processing /home/airflow/.local/lib/python3.12/site-packages/airflow/example_dags/example_task_group_decorator.py took 0.049 seconds
[2024-04-09T08:30:06.885+0000] {processor.py:161} INFO - Started process (PID=707) to work on /home/airflow/.local/lib/python3.12/site-packages/airflow/example_dags/example_task_group_decorator.py
[2024-04-09T08:30:06.886+0000] {processor.py:830} INFO - Processing file /home/airflow/.local/lib/python3.12/site-packages/airflow/example_dags/example_task_group_decorator.py for tasks to queue
[2024-04-09T08:30:06.887+0000] {logging_mixin.py:188} INFO - [2024-04-09T08:30:06.887+0000] {dagbag.py:540} INFO - Filling up the DagBag from /home/airflow/.local/lib/python3.12/site-packages/airflow/example_dags/example_task_group_decorator.py
[2024-04-09T08:30:06.895+0000] {processor.py:840} INFO - DAG(s) 'example_task_group_decorator' retrieved from /home/airflow/.local/lib/python3.12/site-packages/airflow/example_dags/example_task_group_decorator.py
[2024-04-09T08:30:06.909+0000] {logging_mixin.py:188} INFO - [2024-04-09T08:30:06.909+0000] {dag.py:3096} INFO - Sync 1 DAGs
[2024-04-09T08:30:06.921+0000] {logging_mixin.py:188} INFO - [2024-04-09T08:30:06.921+0000] {dag.py:3954} INFO - Setting next_dagrun for example_task_group_decorator to 2024-04-08 00:00:00+00:00, run_after=2024-04-09 00:00:00+00:00
[2024-04-09T08:30:06.931+0000] {processor.py:183} INFO - Processing /home/airflow/.local/lib/python3.12/site-packages/airflow/example_dags/example_task_group_decorator.py took 0.049 seconds
[2024-04-09T08:30:37.716+0000] {processor.py:161} INFO - Started process (PID=765) to work on /home/airflow/.local/lib/python3.12/site-packages/airflow/example_dags/example_task_group_decorator.py
[2024-04-09T08:30:37.717+0000] {processor.py:830} INFO - Processing file /home/airflow/.local/lib/python3.12/site-packages/airflow/example_dags/example_task_group_decorator.py for tasks to queue
[2024-04-09T08:30:37.718+0000] {logging_mixin.py:188} INFO - [2024-04-09T08:30:37.718+0000] {dagbag.py:540} INFO - Filling up the DagBag from /home/airflow/.local/lib/python3.12/site-packages/airflow/example_dags/example_task_group_decorator.py
[2024-04-09T08:30:37.727+0000] {processor.py:840} INFO - DAG(s) 'example_task_group_decorator' retrieved from /home/airflow/.local/lib/python3.12/site-packages/airflow/example_dags/example_task_group_decorator.py
[2024-04-09T08:30:37.743+0000] {logging_mixin.py:188} INFO - [2024-04-09T08:30:37.743+0000] {dag.py:3096} INFO - Sync 1 DAGs
[2024-04-09T08:30:37.756+0000] {logging_mixin.py:188} INFO - [2024-04-09T08:30:37.756+0000] {dag.py:3954} INFO - Setting next_dagrun for example_task_group_decorator to 2024-04-08 00:00:00+00:00, run_after=2024-04-09 00:00:00+00:00
[2024-04-09T08:30:37.767+0000] {processor.py:183} INFO - Processing /home/airflow/.local/lib/python3.12/site-packages/airflow/example_dags/example_task_group_decorator.py took 0.054 seconds
[2024-04-09T08:31:08.057+0000] {processor.py:161} INFO - Started process (PID=823) to work on /home/airflow/.local/lib/python3.12/site-packages/airflow/example_dags/example_task_group_decorator.py
[2024-04-09T08:31:08.058+0000] {processor.py:830} INFO - Processing file /home/airflow/.local/lib/python3.12/site-packages/airflow/example_dags/example_task_group_decorator.py for tasks to queue
[2024-04-09T08:31:08.059+0000] {logging_mixin.py:188} INFO - [2024-04-09T08:31:08.059+0000] {dagbag.py:540} INFO - Filling up the DagBag from /home/airflow/.local/lib/python3.12/site-packages/airflow/example_dags/example_task_group_decorator.py
[2024-04-09T08:31:08.068+0000] {processor.py:840} INFO - DAG(s) 'example_task_group_decorator' retrieved from /home/airflow/.local/lib/python3.12/site-packages/airflow/example_dags/example_task_group_decorator.py
[2024-04-09T08:31:08.086+0000] {logging_mixin.py:188} INFO - [2024-04-09T08:31:08.086+0000] {dag.py:3096} INFO - Sync 1 DAGs
[2024-04-09T08:31:08.103+0000] {logging_mixin.py:188} INFO - [2024-04-09T08:31:08.102+0000] {dag.py:3954} INFO - Setting next_dagrun for example_task_group_decorator to 2024-04-08 00:00:00+00:00, run_after=2024-04-09 00:00:00+00:00
[2024-04-09T08:31:08.115+0000] {processor.py:183} INFO - Processing /home/airflow/.local/lib/python3.12/site-packages/airflow/example_dags/example_task_group_decorator.py took 0.061 seconds
[2024-04-09T08:31:38.886+0000] {processor.py:161} INFO - Started process (PID=881) to work on /home/airflow/.local/lib/python3.12/site-packages/airflow/example_dags/example_task_group_decorator.py
[2024-04-09T08:31:38.886+0000] {processor.py:830} INFO - Processing file /home/airflow/.local/lib/python3.12/site-packages/airflow/example_dags/example_task_group_decorator.py for tasks to queue
[2024-04-09T08:31:38.887+0000] {logging_mixin.py:188} INFO - [2024-04-09T08:31:38.887+0000] {dagbag.py:540} INFO - Filling up the DagBag from /home/airflow/.local/lib/python3.12/site-packages/airflow/example_dags/example_task_group_decorator.py
[2024-04-09T08:31:38.897+0000] {processor.py:840} INFO - DAG(s) 'example_task_group_decorator' retrieved from /home/airflow/.local/lib/python3.12/site-packages/airflow/example_dags/example_task_group_decorator.py
[2024-04-09T08:31:38.915+0000] {logging_mixin.py:188} INFO - [2024-04-09T08:31:38.915+0000] {dag.py:3096} INFO - Sync 1 DAGs
[2024-04-09T08:31:38.930+0000] {logging_mixin.py:188} INFO - [2024-04-09T08:31:38.930+0000] {dag.py:3954} INFO - Setting next_dagrun for example_task_group_decorator to 2024-04-08 00:00:00+00:00, run_after=2024-04-09 00:00:00+00:00
[2024-04-09T08:31:38.941+0000] {processor.py:183} INFO - Processing /home/airflow/.local/lib/python3.12/site-packages/airflow/example_dags/example_task_group_decorator.py took 0.059 seconds
[2024-04-09T08:32:09.195+0000] {processor.py:161} INFO - Started process (PID=939) to work on /home/airflow/.local/lib/python3.12/site-packages/airflow/example_dags/example_task_group_decorator.py
[2024-04-09T08:32:09.195+0000] {processor.py:830} INFO - Processing file /home/airflow/.local/lib/python3.12/site-packages/airflow/example_dags/example_task_group_decorator.py for tasks to queue
[2024-04-09T08:32:09.196+0000] {logging_mixin.py:188} INFO - [2024-04-09T08:32:09.196+0000] {dagbag.py:540} INFO - Filling up the DagBag from /home/airflow/.local/lib/python3.12/site-packages/airflow/example_dags/example_task_group_decorator.py
[2024-04-09T08:32:09.204+0000] {processor.py:840} INFO - DAG(s) 'example_task_group_decorator' retrieved from /home/airflow/.local/lib/python3.12/site-packages/airflow/example_dags/example_task_group_decorator.py
[2024-04-09T08:32:09.220+0000] {logging_mixin.py:188} INFO - [2024-04-09T08:32:09.220+0000] {dag.py:3096} INFO - Sync 1 DAGs
[2024-04-09T08:32:09.234+0000] {logging_mixin.py:188} INFO - [2024-04-09T08:32:09.234+0000] {dag.py:3954} INFO - Setting next_dagrun for example_task_group_decorator to 2024-04-08 00:00:00+00:00, run_after=2024-04-09 00:00:00+00:00
[2024-04-09T08:32:09.244+0000] {processor.py:183} INFO - Processing /home/airflow/.local/lib/python3.12/site-packages/airflow/example_dags/example_task_group_decorator.py took 0.052 seconds
[2024-04-09T08:32:39.734+0000] {processor.py:161} INFO - Started process (PID=997) to work on /home/airflow/.local/lib/python3.12/site-packages/airflow/example_dags/example_task_group_decorator.py
[2024-04-09T08:32:39.734+0000] {processor.py:830} INFO - Processing file /home/airflow/.local/lib/python3.12/site-packages/airflow/example_dags/example_task_group_decorator.py for tasks to queue
[2024-04-09T08:32:39.736+0000] {logging_mixin.py:188} INFO - [2024-04-09T08:32:39.735+0000] {dagbag.py:540} INFO - Filling up the DagBag from /home/airflow/.local/lib/python3.12/site-packages/airflow/example_dags/example_task_group_decorator.py
[2024-04-09T08:32:39.746+0000] {processor.py:840} INFO - DAG(s) 'example_task_group_decorator' retrieved from /home/airflow/.local/lib/python3.12/site-packages/airflow/example_dags/example_task_group_decorator.py
[2024-04-09T08:32:39.762+0000] {logging_mixin.py:188} INFO - [2024-04-09T08:32:39.762+0000] {dag.py:3096} INFO - Sync 1 DAGs
[2024-04-09T08:32:39.884+0000] {logging_mixin.py:188} INFO - [2024-04-09T08:32:39.883+0000] {dag.py:3954} INFO - Setting next_dagrun for example_task_group_decorator to 2024-04-08 00:00:00+00:00, run_after=2024-04-09 00:00:00+00:00
[2024-04-09T08:32:39.894+0000] {processor.py:183} INFO - Processing /home/airflow/.local/lib/python3.12/site-packages/airflow/example_dags/example_task_group_decorator.py took 0.164 seconds
[2024-04-09T08:33:10.870+0000] {processor.py:161} INFO - Started process (PID=1055) to work on /home/airflow/.local/lib/python3.12/site-packages/airflow/example_dags/example_task_group_decorator.py
[2024-04-09T08:33:10.871+0000] {processor.py:830} INFO - Processing file /home/airflow/.local/lib/python3.12/site-packages/airflow/example_dags/example_task_group_decorator.py for tasks to queue
[2024-04-09T08:33:10.872+0000] {logging_mixin.py:188} INFO - [2024-04-09T08:33:10.872+0000] {dagbag.py:540} INFO - Filling up the DagBag from /home/airflow/.local/lib/python3.12/site-packages/airflow/example_dags/example_task_group_decorator.py
[2024-04-09T08:33:10.881+0000] {processor.py:840} INFO - DAG(s) 'example_task_group_decorator' retrieved from /home/airflow/.local/lib/python3.12/site-packages/airflow/example_dags/example_task_group_decorator.py
[2024-04-09T08:33:10.899+0000] {logging_mixin.py:188} INFO - [2024-04-09T08:33:10.899+0000] {dag.py:3096} INFO - Sync 1 DAGs
[2024-04-09T08:33:10.916+0000] {logging_mixin.py:188} INFO - [2024-04-09T08:33:10.916+0000] {dag.py:3954} INFO - Setting next_dagrun for example_task_group_decorator to 2024-04-08 00:00:00+00:00, run_after=2024-04-09 00:00:00+00:00
[2024-04-09T08:33:11.062+0000] {processor.py:183} INFO - Processing /home/airflow/.local/lib/python3.12/site-packages/airflow/example_dags/example_task_group_decorator.py took 0.196 seconds
[2024-04-09T08:33:41.804+0000] {processor.py:161} INFO - Started process (PID=1113) to work on /home/airflow/.local/lib/python3.12/site-packages/airflow/example_dags/example_task_group_decorator.py
[2024-04-09T08:33:41.805+0000] {processor.py:830} INFO - Processing file /home/airflow/.local/lib/python3.12/site-packages/airflow/example_dags/example_task_group_decorator.py for tasks to queue
[2024-04-09T08:33:41.806+0000] {logging_mixin.py:188} INFO - [2024-04-09T08:33:41.806+0000] {dagbag.py:540} INFO - Filling up the DagBag from /home/airflow/.local/lib/python3.12/site-packages/airflow/example_dags/example_task_group_decorator.py
[2024-04-09T08:33:41.815+0000] {processor.py:840} INFO - DAG(s) 'example_task_group_decorator' retrieved from /home/airflow/.local/lib/python3.12/site-packages/airflow/example_dags/example_task_group_decorator.py
[2024-04-09T08:33:41.830+0000] {logging_mixin.py:188} INFO - [2024-04-09T08:33:41.830+0000] {dag.py:3096} INFO - Sync 1 DAGs
[2024-04-09T08:33:41.843+0000] {logging_mixin.py:188} INFO - [2024-04-09T08:33:41.843+0000] {dag.py:3954} INFO - Setting next_dagrun for example_task_group_decorator to 2024-04-08 00:00:00+00:00, run_after=2024-04-09 00:00:00+00:00
[2024-04-09T08:33:41.969+0000] {processor.py:183} INFO - Processing /home/airflow/.local/lib/python3.12/site-packages/airflow/example_dags/example_task_group_decorator.py took 0.168 seconds
[2024-04-09T08:34:12.319+0000] {processor.py:161} INFO - Started process (PID=1171) to work on /home/airflow/.local/lib/python3.12/site-packages/airflow/example_dags/example_task_group_decorator.py
[2024-04-09T08:34:12.319+0000] {processor.py:830} INFO - Processing file /home/airflow/.local/lib/python3.12/site-packages/airflow/example_dags/example_task_group_decorator.py for tasks to queue
[2024-04-09T08:34:12.321+0000] {logging_mixin.py:188} INFO - [2024-04-09T08:34:12.320+0000] {dagbag.py:540} INFO - Filling up the DagBag from /home/airflow/.local/lib/python3.12/site-packages/airflow/example_dags/example_task_group_decorator.py
[2024-04-09T08:34:12.329+0000] {processor.py:840} INFO - DAG(s) 'example_task_group_decorator' retrieved from /home/airflow/.local/lib/python3.12/site-packages/airflow/example_dags/example_task_group_decorator.py
[2024-04-09T08:34:12.345+0000] {logging_mixin.py:188} INFO - [2024-04-09T08:34:12.345+0000] {dag.py:3096} INFO - Sync 1 DAGs
[2024-04-09T08:34:12.359+0000] {logging_mixin.py:188} INFO - [2024-04-09T08:34:12.359+0000] {dag.py:3954} INFO - Setting next_dagrun for example_task_group_decorator to 2024-04-08 00:00:00+00:00, run_after=2024-04-09 00:00:00+00:00
[2024-04-09T08:34:12.369+0000] {processor.py:183} INFO - Processing /home/airflow/.local/lib/python3.12/site-packages/airflow/example_dags/example_task_group_decorator.py took 0.054 seconds
[2024-04-09T08:34:43.343+0000] {processor.py:161} INFO - Started process (PID=1229) to work on /home/airflow/.local/lib/python3.12/site-packages/airflow/example_dags/example_task_group_decorator.py
[2024-04-09T08:34:43.343+0000] {processor.py:830} INFO - Processing file /home/airflow/.local/lib/python3.12/site-packages/airflow/example_dags/example_task_group_decorator.py for tasks to queue
[2024-04-09T08:34:43.344+0000] {logging_mixin.py:188} INFO - [2024-04-09T08:34:43.344+0000] {dagbag.py:540} INFO - Filling up the DagBag from /home/airflow/.local/lib/python3.12/site-packages/airflow/example_dags/example_task_group_decorator.py
[2024-04-09T08:34:43.353+0000] {processor.py:840} INFO - DAG(s) 'example_task_group_decorator' retrieved from /home/airflow/.local/lib/python3.12/site-packages/airflow/example_dags/example_task_group_decorator.py
[2024-04-09T08:34:43.366+0000] {logging_mixin.py:188} INFO - [2024-04-09T08:34:43.366+0000] {dag.py:3096} INFO - Sync 1 DAGs
[2024-04-09T08:34:43.379+0000] {logging_mixin.py:188} INFO - [2024-04-09T08:34:43.379+0000] {dag.py:3954} INFO - Setting next_dagrun for example_task_group_decorator to 2024-04-08 00:00:00+00:00, run_after=2024-04-09 00:00:00+00:00
[2024-04-09T08:34:43.391+0000] {processor.py:183} INFO - Processing /home/airflow/.local/lib/python3.12/site-packages/airflow/example_dags/example_task_group_decorator.py took 0.051 seconds
[2024-04-09T08:35:13.549+0000] {processor.py:161} INFO - Started process (PID=1287) to work on /home/airflow/.local/lib/python3.12/site-packages/airflow/example_dags/example_task_group_decorator.py
[2024-04-09T08:35:13.550+0000] {processor.py:830} INFO - Processing file /home/airflow/.local/lib/python3.12/site-packages/airflow/example_dags/example_task_group_decorator.py for tasks to queue
[2024-04-09T08:35:13.551+0000] {logging_mixin.py:188} INFO - [2024-04-09T08:35:13.551+0000] {dagbag.py:540} INFO - Filling up the DagBag from /home/airflow/.local/lib/python3.12/site-packages/airflow/example_dags/example_task_group_decorator.py
[2024-04-09T08:35:13.559+0000] {processor.py:840} INFO - DAG(s) 'example_task_group_decorator' retrieved from /home/airflow/.local/lib/python3.12/site-packages/airflow/example_dags/example_task_group_decorator.py
[2024-04-09T08:35:13.573+0000] {logging_mixin.py:188} INFO - [2024-04-09T08:35:13.573+0000] {dag.py:3096} INFO - Sync 1 DAGs
[2024-04-09T08:35:13.586+0000] {logging_mixin.py:188} INFO - [2024-04-09T08:35:13.586+0000] {dag.py:3954} INFO - Setting next_dagrun for example_task_group_decorator to 2024-04-08 00:00:00+00:00, run_after=2024-04-09 00:00:00+00:00
[2024-04-09T08:35:13.599+0000] {processor.py:183} INFO - Processing /home/airflow/.local/lib/python3.12/site-packages/airflow/example_dags/example_task_group_decorator.py took 0.053 seconds
[2024-04-09T08:35:44.510+0000] {processor.py:161} INFO - Started process (PID=1345) to work on /home/airflow/.local/lib/python3.12/site-packages/airflow/example_dags/example_task_group_decorator.py
[2024-04-09T08:35:44.510+0000] {processor.py:830} INFO - Processing file /home/airflow/.local/lib/python3.12/site-packages/airflow/example_dags/example_task_group_decorator.py for tasks to queue
[2024-04-09T08:35:44.511+0000] {logging_mixin.py:188} INFO - [2024-04-09T08:35:44.511+0000] {dagbag.py:540} INFO - Filling up the DagBag from /home/airflow/.local/lib/python3.12/site-packages/airflow/example_dags/example_task_group_decorator.py
[2024-04-09T08:35:44.519+0000] {processor.py:840} INFO - DAG(s) 'example_task_group_decorator' retrieved from /home/airflow/.local/lib/python3.12/site-packages/airflow/example_dags/example_task_group_decorator.py
[2024-04-09T08:35:44.533+0000] {logging_mixin.py:188} INFO - [2024-04-09T08:35:44.533+0000] {dag.py:3096} INFO - Sync 1 DAGs
[2024-04-09T08:35:44.545+0000] {logging_mixin.py:188} INFO - [2024-04-09T08:35:44.545+0000] {dag.py:3954} INFO - Setting next_dagrun for example_task_group_decorator to 2024-04-08 00:00:00+00:00, run_after=2024-04-09 00:00:00+00:00
[2024-04-09T08:35:44.557+0000] {processor.py:183} INFO - Processing /home/airflow/.local/lib/python3.12/site-packages/airflow/example_dags/example_task_group_decorator.py took 0.050 seconds
[2024-04-09T08:36:15.335+0000] {processor.py:161} INFO - Started process (PID=1403) to work on /home/airflow/.local/lib/python3.12/site-packages/airflow/example_dags/example_task_group_decorator.py
[2024-04-09T08:36:15.335+0000] {processor.py:830} INFO - Processing file /home/airflow/.local/lib/python3.12/site-packages/airflow/example_dags/example_task_group_decorator.py for tasks to queue
[2024-04-09T08:36:15.336+0000] {logging_mixin.py:188} INFO - [2024-04-09T08:36:15.336+0000] {dagbag.py:540} INFO - Filling up the DagBag from /home/airflow/.local/lib/python3.12/site-packages/airflow/example_dags/example_task_group_decorator.py
[2024-04-09T08:36:15.345+0000] {processor.py:840} INFO - DAG(s) 'example_task_group_decorator' retrieved from /home/airflow/.local/lib/python3.12/site-packages/airflow/example_dags/example_task_group_decorator.py
[2024-04-09T08:36:15.358+0000] {logging_mixin.py:188} INFO - [2024-04-09T08:36:15.358+0000] {dag.py:3096} INFO - Sync 1 DAGs
[2024-04-09T08:36:15.371+0000] {logging_mixin.py:188} INFO - [2024-04-09T08:36:15.371+0000] {dag.py:3954} INFO - Setting next_dagrun for example_task_group_decorator to 2024-04-08 00:00:00+00:00, run_after=2024-04-09 00:00:00+00:00
[2024-04-09T08:36:15.383+0000] {processor.py:183} INFO - Processing /home/airflow/.local/lib/python3.12/site-packages/airflow/example_dags/example_task_group_decorator.py took 0.051 seconds
[2024-04-09T08:36:45.885+0000] {processor.py:161} INFO - Started process (PID=1461) to work on /home/airflow/.local/lib/python3.12/site-packages/airflow/example_dags/example_task_group_decorator.py
[2024-04-09T08:36:45.885+0000] {processor.py:830} INFO - Processing file /home/airflow/.local/lib/python3.12/site-packages/airflow/example_dags/example_task_group_decorator.py for tasks to queue
[2024-04-09T08:36:45.887+0000] {logging_mixin.py:188} INFO - [2024-04-09T08:36:45.886+0000] {dagbag.py:540} INFO - Filling up the DagBag from /home/airflow/.local/lib/python3.12/site-packages/airflow/example_dags/example_task_group_decorator.py
[2024-04-09T08:36:45.895+0000] {processor.py:840} INFO - DAG(s) 'example_task_group_decorator' retrieved from /home/airflow/.local/lib/python3.12/site-packages/airflow/example_dags/example_task_group_decorator.py
[2024-04-09T08:36:45.908+0000] {logging_mixin.py:188} INFO - [2024-04-09T08:36:45.908+0000] {dag.py:3096} INFO - Sync 1 DAGs
[2024-04-09T08:36:45.919+0000] {logging_mixin.py:188} INFO - [2024-04-09T08:36:45.919+0000] {dag.py:3954} INFO - Setting next_dagrun for example_task_group_decorator to 2024-04-08 00:00:00+00:00, run_after=2024-04-09 00:00:00+00:00
[2024-04-09T08:36:45.931+0000] {processor.py:183} INFO - Processing /home/airflow/.local/lib/python3.12/site-packages/airflow/example_dags/example_task_group_decorator.py took 0.049 seconds
[2024-04-09T08:37:16.502+0000] {processor.py:161} INFO - Started process (PID=1519) to work on /home/airflow/.local/lib/python3.12/site-packages/airflow/example_dags/example_task_group_decorator.py
[2024-04-09T08:37:16.502+0000] {processor.py:830} INFO - Processing file /home/airflow/.local/lib/python3.12/site-packages/airflow/example_dags/example_task_group_decorator.py for tasks to queue
[2024-04-09T08:37:16.503+0000] {logging_mixin.py:188} INFO - [2024-04-09T08:37:16.503+0000] {dagbag.py:540} INFO - Filling up the DagBag from /home/airflow/.local/lib/python3.12/site-packages/airflow/example_dags/example_task_group_decorator.py
[2024-04-09T08:37:16.512+0000] {processor.py:840} INFO - DAG(s) 'example_task_group_decorator' retrieved from /home/airflow/.local/lib/python3.12/site-packages/airflow/example_dags/example_task_group_decorator.py
[2024-04-09T08:37:16.526+0000] {logging_mixin.py:188} INFO - [2024-04-09T08:37:16.526+0000] {dag.py:3096} INFO - Sync 1 DAGs
[2024-04-09T08:37:16.538+0000] {logging_mixin.py:188} INFO - [2024-04-09T08:37:16.538+0000] {dag.py:3954} INFO - Setting next_dagrun for example_task_group_decorator to 2024-04-08 00:00:00+00:00, run_after=2024-04-09 00:00:00+00:00
[2024-04-09T08:37:16.550+0000] {processor.py:183} INFO - Processing /home/airflow/.local/lib/python3.12/site-packages/airflow/example_dags/example_task_group_decorator.py took 0.052 seconds
[2024-04-09T08:37:47.060+0000] {processor.py:161} INFO - Started process (PID=1577) to work on /home/airflow/.local/lib/python3.12/site-packages/airflow/example_dags/example_task_group_decorator.py
[2024-04-09T08:37:47.060+0000] {processor.py:830} INFO - Processing file /home/airflow/.local/lib/python3.12/site-packages/airflow/example_dags/example_task_group_decorator.py for tasks to queue
[2024-04-09T08:37:47.061+0000] {logging_mixin.py:188} INFO - [2024-04-09T08:37:47.061+0000] {dagbag.py:540} INFO - Filling up the DagBag from /home/airflow/.local/lib/python3.12/site-packages/airflow/example_dags/example_task_group_decorator.py
[2024-04-09T08:37:47.071+0000] {processor.py:840} INFO - DAG(s) 'example_task_group_decorator' retrieved from /home/airflow/.local/lib/python3.12/site-packages/airflow/example_dags/example_task_group_decorator.py
[2024-04-09T08:37:47.085+0000] {logging_mixin.py:188} INFO - [2024-04-09T08:37:47.084+0000] {dag.py:3096} INFO - Sync 1 DAGs
[2024-04-09T08:37:47.097+0000] {logging_mixin.py:188} INFO - [2024-04-09T08:37:47.097+0000] {dag.py:3954} INFO - Setting next_dagrun for example_task_group_decorator to 2024-04-08 00:00:00+00:00, run_after=2024-04-09 00:00:00+00:00
[2024-04-09T08:37:47.110+0000] {processor.py:183} INFO - Processing /home/airflow/.local/lib/python3.12/site-packages/airflow/example_dags/example_task_group_decorator.py took 0.053 seconds
[2024-04-09T08:38:17.664+0000] {processor.py:161} INFO - Started process (PID=1635) to work on /home/airflow/.local/lib/python3.12/site-packages/airflow/example_dags/example_task_group_decorator.py
[2024-04-09T08:38:17.665+0000] {processor.py:830} INFO - Processing file /home/airflow/.local/lib/python3.12/site-packages/airflow/example_dags/example_task_group_decorator.py for tasks to queue
[2024-04-09T08:38:17.666+0000] {logging_mixin.py:188} INFO - [2024-04-09T08:38:17.666+0000] {dagbag.py:540} INFO - Filling up the DagBag from /home/airflow/.local/lib/python3.12/site-packages/airflow/example_dags/example_task_group_decorator.py
[2024-04-09T08:38:17.674+0000] {processor.py:840} INFO - DAG(s) 'example_task_group_decorator' retrieved from /home/airflow/.local/lib/python3.12/site-packages/airflow/example_dags/example_task_group_decorator.py
[2024-04-09T08:38:17.804+0000] {logging_mixin.py:188} INFO - [2024-04-09T08:38:17.803+0000] {dag.py:3096} INFO - Sync 1 DAGs
[2024-04-09T08:38:17.819+0000] {logging_mixin.py:188} INFO - [2024-04-09T08:38:17.818+0000] {dag.py:3954} INFO - Setting next_dagrun for example_task_group_decorator to 2024-04-08 00:00:00+00:00, run_after=2024-04-09 00:00:00+00:00
[2024-04-09T08:38:17.830+0000] {processor.py:183} INFO - Processing /home/airflow/.local/lib/python3.12/site-packages/airflow/example_dags/example_task_group_decorator.py took 0.170 seconds
[2024-04-09T08:38:48.385+0000] {processor.py:161} INFO - Started process (PID=1699) to work on /home/airflow/.local/lib/python3.12/site-packages/airflow/example_dags/example_task_group_decorator.py
[2024-04-09T08:38:48.385+0000] {processor.py:830} INFO - Processing file /home/airflow/.local/lib/python3.12/site-packages/airflow/example_dags/example_task_group_decorator.py for tasks to queue
[2024-04-09T08:38:48.386+0000] {logging_mixin.py:188} INFO - [2024-04-09T08:38:48.386+0000] {dagbag.py:540} INFO - Filling up the DagBag from /home/airflow/.local/lib/python3.12/site-packages/airflow/example_dags/example_task_group_decorator.py
[2024-04-09T08:38:48.394+0000] {processor.py:840} INFO - DAG(s) 'example_task_group_decorator' retrieved from /home/airflow/.local/lib/python3.12/site-packages/airflow/example_dags/example_task_group_decorator.py
[2024-04-09T08:38:48.408+0000] {logging_mixin.py:188} INFO - [2024-04-09T08:38:48.408+0000] {dag.py:3096} INFO - Sync 1 DAGs
[2024-04-09T08:38:48.420+0000] {logging_mixin.py:188} INFO - [2024-04-09T08:38:48.420+0000] {dag.py:3954} INFO - Setting next_dagrun for example_task_group_decorator to 2024-04-08 00:00:00+00:00, run_after=2024-04-09 00:00:00+00:00
[2024-04-09T08:38:48.432+0000] {processor.py:183} INFO - Processing /home/airflow/.local/lib/python3.12/site-packages/airflow/example_dags/example_task_group_decorator.py took 0.051 seconds
[2024-04-09T08:39:19.044+0000] {processor.py:161} INFO - Started process (PID=1757) to work on /home/airflow/.local/lib/python3.12/site-packages/airflow/example_dags/example_task_group_decorator.py
[2024-04-09T08:39:19.044+0000] {processor.py:830} INFO - Processing file /home/airflow/.local/lib/python3.12/site-packages/airflow/example_dags/example_task_group_decorator.py for tasks to queue
[2024-04-09T08:39:19.045+0000] {logging_mixin.py:188} INFO - [2024-04-09T08:39:19.045+0000] {dagbag.py:540} INFO - Filling up the DagBag from /home/airflow/.local/lib/python3.12/site-packages/airflow/example_dags/example_task_group_decorator.py
[2024-04-09T08:39:19.053+0000] {processor.py:840} INFO - DAG(s) 'example_task_group_decorator' retrieved from /home/airflow/.local/lib/python3.12/site-packages/airflow/example_dags/example_task_group_decorator.py
[2024-04-09T08:39:19.068+0000] {logging_mixin.py:188} INFO - [2024-04-09T08:39:19.068+0000] {dag.py:3096} INFO - Sync 1 DAGs
[2024-04-09T08:39:19.081+0000] {logging_mixin.py:188} INFO - [2024-04-09T08:39:19.081+0000] {dag.py:3954} INFO - Setting next_dagrun for example_task_group_decorator to 2024-04-08 00:00:00+00:00, run_after=2024-04-09 00:00:00+00:00
[2024-04-09T08:39:19.091+0000] {processor.py:183} INFO - Processing /home/airflow/.local/lib/python3.12/site-packages/airflow/example_dags/example_task_group_decorator.py took 0.051 seconds
[2024-04-09T08:39:49.755+0000] {processor.py:161} INFO - Started process (PID=1815) to work on /home/airflow/.local/lib/python3.12/site-packages/airflow/example_dags/example_task_group_decorator.py
[2024-04-09T08:39:49.755+0000] {processor.py:830} INFO - Processing file /home/airflow/.local/lib/python3.12/site-packages/airflow/example_dags/example_task_group_decorator.py for tasks to queue
[2024-04-09T08:39:49.756+0000] {logging_mixin.py:188} INFO - [2024-04-09T08:39:49.756+0000] {dagbag.py:540} INFO - Filling up the DagBag from /home/airflow/.local/lib/python3.12/site-packages/airflow/example_dags/example_task_group_decorator.py
[2024-04-09T08:39:49.765+0000] {processor.py:840} INFO - DAG(s) 'example_task_group_decorator' retrieved from /home/airflow/.local/lib/python3.12/site-packages/airflow/example_dags/example_task_group_decorator.py
[2024-04-09T08:39:49.779+0000] {logging_mixin.py:188} INFO - [2024-04-09T08:39:49.778+0000] {dag.py:3096} INFO - Sync 1 DAGs
[2024-04-09T08:39:49.790+0000] {logging_mixin.py:188} INFO - [2024-04-09T08:39:49.790+0000] {dag.py:3954} INFO - Setting next_dagrun for example_task_group_decorator to 2024-04-08 00:00:00+00:00, run_after=2024-04-09 00:00:00+00:00
[2024-04-09T08:39:49.802+0000] {processor.py:183} INFO - Processing /home/airflow/.local/lib/python3.12/site-packages/airflow/example_dags/example_task_group_decorator.py took 0.050 seconds
[2024-04-09T08:40:20.423+0000] {processor.py:161} INFO - Started process (PID=1873) to work on /home/airflow/.local/lib/python3.12/site-packages/airflow/example_dags/example_task_group_decorator.py
[2024-04-09T08:40:20.423+0000] {processor.py:830} INFO - Processing file /home/airflow/.local/lib/python3.12/site-packages/airflow/example_dags/example_task_group_decorator.py for tasks to queue
[2024-04-09T08:40:20.424+0000] {logging_mixin.py:188} INFO - [2024-04-09T08:40:20.424+0000] {dagbag.py:540} INFO - Filling up the DagBag from /home/airflow/.local/lib/python3.12/site-packages/airflow/example_dags/example_task_group_decorator.py
[2024-04-09T08:40:20.432+0000] {processor.py:840} INFO - DAG(s) 'example_task_group_decorator' retrieved from /home/airflow/.local/lib/python3.12/site-packages/airflow/example_dags/example_task_group_decorator.py
[2024-04-09T08:40:20.445+0000] {logging_mixin.py:188} INFO - [2024-04-09T08:40:20.445+0000] {dag.py:3096} INFO - Sync 1 DAGs
[2024-04-09T08:40:20.457+0000] {logging_mixin.py:188} INFO - [2024-04-09T08:40:20.457+0000] {dag.py:3954} INFO - Setting next_dagrun for example_task_group_decorator to 2024-04-08 00:00:00+00:00, run_after=2024-04-09 00:00:00+00:00
[2024-04-09T08:40:20.469+0000] {processor.py:183} INFO - Processing /home/airflow/.local/lib/python3.12/site-packages/airflow/example_dags/example_task_group_decorator.py took 0.049 seconds
[2024-04-09T08:40:51.045+0000] {processor.py:161} INFO - Started process (PID=1931) to work on /home/airflow/.local/lib/python3.12/site-packages/airflow/example_dags/example_task_group_decorator.py
[2024-04-09T08:40:51.046+0000] {processor.py:830} INFO - Processing file /home/airflow/.local/lib/python3.12/site-packages/airflow/example_dags/example_task_group_decorator.py for tasks to queue
[2024-04-09T08:40:51.047+0000] {logging_mixin.py:188} INFO - [2024-04-09T08:40:51.047+0000] {dagbag.py:540} INFO - Filling up the DagBag from /home/airflow/.local/lib/python3.12/site-packages/airflow/example_dags/example_task_group_decorator.py
[2024-04-09T08:40:51.055+0000] {processor.py:840} INFO - DAG(s) 'example_task_group_decorator' retrieved from /home/airflow/.local/lib/python3.12/site-packages/airflow/example_dags/example_task_group_decorator.py
[2024-04-09T08:40:51.070+0000] {logging_mixin.py:188} INFO - [2024-04-09T08:40:51.069+0000] {dag.py:3096} INFO - Sync 1 DAGs
[2024-04-09T08:40:51.082+0000] {logging_mixin.py:188} INFO - [2024-04-09T08:40:51.082+0000] {dag.py:3954} INFO - Setting next_dagrun for example_task_group_decorator to 2024-04-08 00:00:00+00:00, run_after=2024-04-09 00:00:00+00:00
[2024-04-09T08:40:51.093+0000] {processor.py:183} INFO - Processing /home/airflow/.local/lib/python3.12/site-packages/airflow/example_dags/example_task_group_decorator.py took 0.051 seconds
[2024-04-09T08:41:21.816+0000] {processor.py:161} INFO - Started process (PID=1989) to work on /home/airflow/.local/lib/python3.12/site-packages/airflow/example_dags/example_task_group_decorator.py
[2024-04-09T08:41:21.816+0000] {processor.py:830} INFO - Processing file /home/airflow/.local/lib/python3.12/site-packages/airflow/example_dags/example_task_group_decorator.py for tasks to queue
[2024-04-09T08:41:21.817+0000] {logging_mixin.py:188} INFO - [2024-04-09T08:41:21.817+0000] {dagbag.py:540} INFO - Filling up the DagBag from /home/airflow/.local/lib/python3.12/site-packages/airflow/example_dags/example_task_group_decorator.py
[2024-04-09T08:41:21.826+0000] {processor.py:840} INFO - DAG(s) 'example_task_group_decorator' retrieved from /home/airflow/.local/lib/python3.12/site-packages/airflow/example_dags/example_task_group_decorator.py
[2024-04-09T08:41:21.840+0000] {logging_mixin.py:188} INFO - [2024-04-09T08:41:21.840+0000] {dag.py:3096} INFO - Sync 1 DAGs
[2024-04-09T08:41:21.852+0000] {logging_mixin.py:188} INFO - [2024-04-09T08:41:21.852+0000] {dag.py:3954} INFO - Setting next_dagrun for example_task_group_decorator to 2024-04-08 00:00:00+00:00, run_after=2024-04-09 00:00:00+00:00
[2024-04-09T08:41:21.864+0000] {processor.py:183} INFO - Processing /home/airflow/.local/lib/python3.12/site-packages/airflow/example_dags/example_task_group_decorator.py took 0.051 seconds
[2024-04-09T08:41:52.429+0000] {processor.py:161} INFO - Started process (PID=2047) to work on /home/airflow/.local/lib/python3.12/site-packages/airflow/example_dags/example_task_group_decorator.py
[2024-04-09T08:41:52.430+0000] {processor.py:830} INFO - Processing file /home/airflow/.local/lib/python3.12/site-packages/airflow/example_dags/example_task_group_decorator.py for tasks to queue
[2024-04-09T08:41:52.431+0000] {logging_mixin.py:188} INFO - [2024-04-09T08:41:52.431+0000] {dagbag.py:540} INFO - Filling up the DagBag from /home/airflow/.local/lib/python3.12/site-packages/airflow/example_dags/example_task_group_decorator.py
[2024-04-09T08:41:52.439+0000] {processor.py:840} INFO - DAG(s) 'example_task_group_decorator' retrieved from /home/airflow/.local/lib/python3.12/site-packages/airflow/example_dags/example_task_group_decorator.py
[2024-04-09T08:41:52.452+0000] {logging_mixin.py:188} INFO - [2024-04-09T08:41:52.452+0000] {dag.py:3096} INFO - Sync 1 DAGs
[2024-04-09T08:41:52.464+0000] {logging_mixin.py:188} INFO - [2024-04-09T08:41:52.464+0000] {dag.py:3954} INFO - Setting next_dagrun for example_task_group_decorator to 2024-04-08 00:00:00+00:00, run_after=2024-04-09 00:00:00+00:00
[2024-04-09T08:41:52.474+0000] {processor.py:183} INFO - Processing /home/airflow/.local/lib/python3.12/site-packages/airflow/example_dags/example_task_group_decorator.py took 0.048 seconds
[2024-04-09T08:42:23.072+0000] {processor.py:161} INFO - Started process (PID=2105) to work on /home/airflow/.local/lib/python3.12/site-packages/airflow/example_dags/example_task_group_decorator.py
[2024-04-09T08:42:23.072+0000] {processor.py:830} INFO - Processing file /home/airflow/.local/lib/python3.12/site-packages/airflow/example_dags/example_task_group_decorator.py for tasks to queue
[2024-04-09T08:42:23.073+0000] {logging_mixin.py:188} INFO - [2024-04-09T08:42:23.073+0000] {dagbag.py:540} INFO - Filling up the DagBag from /home/airflow/.local/lib/python3.12/site-packages/airflow/example_dags/example_task_group_decorator.py
[2024-04-09T08:42:23.081+0000] {processor.py:840} INFO - DAG(s) 'example_task_group_decorator' retrieved from /home/airflow/.local/lib/python3.12/site-packages/airflow/example_dags/example_task_group_decorator.py
[2024-04-09T08:42:23.096+0000] {logging_mixin.py:188} INFO - [2024-04-09T08:42:23.096+0000] {dag.py:3096} INFO - Sync 1 DAGs
[2024-04-09T08:42:23.110+0000] {logging_mixin.py:188} INFO - [2024-04-09T08:42:23.109+0000] {dag.py:3954} INFO - Setting next_dagrun for example_task_group_decorator to 2024-04-08 00:00:00+00:00, run_after=2024-04-09 00:00:00+00:00
[2024-04-09T08:42:23.122+0000] {processor.py:183} INFO - Processing /home/airflow/.local/lib/python3.12/site-packages/airflow/example_dags/example_task_group_decorator.py took 0.053 seconds
[2024-04-09T08:42:53.798+0000] {processor.py:161} INFO - Started process (PID=2163) to work on /home/airflow/.local/lib/python3.12/site-packages/airflow/example_dags/example_task_group_decorator.py
[2024-04-09T08:42:53.798+0000] {processor.py:830} INFO - Processing file /home/airflow/.local/lib/python3.12/site-packages/airflow/example_dags/example_task_group_decorator.py for tasks to queue
[2024-04-09T08:42:53.799+0000] {logging_mixin.py:188} INFO - [2024-04-09T08:42:53.799+0000] {dagbag.py:540} INFO - Filling up the DagBag from /home/airflow/.local/lib/python3.12/site-packages/airflow/example_dags/example_task_group_decorator.py
[2024-04-09T08:42:53.807+0000] {processor.py:840} INFO - DAG(s) 'example_task_group_decorator' retrieved from /home/airflow/.local/lib/python3.12/site-packages/airflow/example_dags/example_task_group_decorator.py
[2024-04-09T08:42:53.821+0000] {logging_mixin.py:188} INFO - [2024-04-09T08:42:53.821+0000] {dag.py:3096} INFO - Sync 1 DAGs
[2024-04-09T08:42:53.833+0000] {logging_mixin.py:188} INFO - [2024-04-09T08:42:53.833+0000] {dag.py:3954} INFO - Setting next_dagrun for example_task_group_decorator to 2024-04-08 00:00:00+00:00, run_after=2024-04-09 00:00:00+00:00
[2024-04-09T08:42:53.845+0000] {processor.py:183} INFO - Processing /home/airflow/.local/lib/python3.12/site-packages/airflow/example_dags/example_task_group_decorator.py took 0.050 seconds
[2024-04-09T08:43:24.458+0000] {processor.py:161} INFO - Started process (PID=2221) to work on /home/airflow/.local/lib/python3.12/site-packages/airflow/example_dags/example_task_group_decorator.py
[2024-04-09T08:43:24.459+0000] {processor.py:830} INFO - Processing file /home/airflow/.local/lib/python3.12/site-packages/airflow/example_dags/example_task_group_decorator.py for tasks to queue
[2024-04-09T08:43:24.460+0000] {logging_mixin.py:188} INFO - [2024-04-09T08:43:24.460+0000] {dagbag.py:540} INFO - Filling up the DagBag from /home/airflow/.local/lib/python3.12/site-packages/airflow/example_dags/example_task_group_decorator.py
[2024-04-09T08:43:24.468+0000] {processor.py:840} INFO - DAG(s) 'example_task_group_decorator' retrieved from /home/airflow/.local/lib/python3.12/site-packages/airflow/example_dags/example_task_group_decorator.py
[2024-04-09T08:43:24.482+0000] {logging_mixin.py:188} INFO - [2024-04-09T08:43:24.481+0000] {dag.py:3096} INFO - Sync 1 DAGs
[2024-04-09T08:43:24.494+0000] {logging_mixin.py:188} INFO - [2024-04-09T08:43:24.493+0000] {dag.py:3954} INFO - Setting next_dagrun for example_task_group_decorator to 2024-04-08 00:00:00+00:00, run_after=2024-04-09 00:00:00+00:00
[2024-04-09T08:43:24.504+0000] {processor.py:183} INFO - Processing /home/airflow/.local/lib/python3.12/site-packages/airflow/example_dags/example_task_group_decorator.py took 0.049 seconds
[2024-04-09T08:43:55.146+0000] {processor.py:161} INFO - Started process (PID=2279) to work on /home/airflow/.local/lib/python3.12/site-packages/airflow/example_dags/example_task_group_decorator.py
[2024-04-09T08:43:55.146+0000] {processor.py:830} INFO - Processing file /home/airflow/.local/lib/python3.12/site-packages/airflow/example_dags/example_task_group_decorator.py for tasks to queue
[2024-04-09T08:43:55.147+0000] {logging_mixin.py:188} INFO - [2024-04-09T08:43:55.147+0000] {dagbag.py:540} INFO - Filling up the DagBag from /home/airflow/.local/lib/python3.12/site-packages/airflow/example_dags/example_task_group_decorator.py
[2024-04-09T08:43:55.155+0000] {processor.py:840} INFO - DAG(s) 'example_task_group_decorator' retrieved from /home/airflow/.local/lib/python3.12/site-packages/airflow/example_dags/example_task_group_decorator.py
[2024-04-09T08:43:55.169+0000] {logging_mixin.py:188} INFO - [2024-04-09T08:43:55.169+0000] {dag.py:3096} INFO - Sync 1 DAGs
[2024-04-09T08:43:55.181+0000] {logging_mixin.py:188} INFO - [2024-04-09T08:43:55.181+0000] {dag.py:3954} INFO - Setting next_dagrun for example_task_group_decorator to 2024-04-08 00:00:00+00:00, run_after=2024-04-09 00:00:00+00:00
[2024-04-09T08:43:55.193+0000] {processor.py:183} INFO - Processing /home/airflow/.local/lib/python3.12/site-packages/airflow/example_dags/example_task_group_decorator.py took 0.050 seconds
[2024-04-09T08:44:25.925+0000] {processor.py:161} INFO - Started process (PID=2337) to work on /home/airflow/.local/lib/python3.12/site-packages/airflow/example_dags/example_task_group_decorator.py
[2024-04-09T08:44:25.925+0000] {processor.py:830} INFO - Processing file /home/airflow/.local/lib/python3.12/site-packages/airflow/example_dags/example_task_group_decorator.py for tasks to queue
[2024-04-09T08:44:25.926+0000] {logging_mixin.py:188} INFO - [2024-04-09T08:44:25.926+0000] {dagbag.py:540} INFO - Filling up the DagBag from /home/airflow/.local/lib/python3.12/site-packages/airflow/example_dags/example_task_group_decorator.py
[2024-04-09T08:44:25.935+0000] {processor.py:840} INFO - DAG(s) 'example_task_group_decorator' retrieved from /home/airflow/.local/lib/python3.12/site-packages/airflow/example_dags/example_task_group_decorator.py
[2024-04-09T08:44:25.949+0000] {logging_mixin.py:188} INFO - [2024-04-09T08:44:25.949+0000] {dag.py:3096} INFO - Sync 1 DAGs
[2024-04-09T08:44:25.961+0000] {logging_mixin.py:188} INFO - [2024-04-09T08:44:25.961+0000] {dag.py:3954} INFO - Setting next_dagrun for example_task_group_decorator to 2024-04-08 00:00:00+00:00, run_after=2024-04-09 00:00:00+00:00
[2024-04-09T08:44:25.973+0000] {processor.py:183} INFO - Processing /home/airflow/.local/lib/python3.12/site-packages/airflow/example_dags/example_task_group_decorator.py took 0.052 seconds
[2024-04-09T08:44:56.682+0000] {processor.py:161} INFO - Started process (PID=2395) to work on /home/airflow/.local/lib/python3.12/site-packages/airflow/example_dags/example_task_group_decorator.py
[2024-04-09T08:44:56.683+0000] {processor.py:830} INFO - Processing file /home/airflow/.local/lib/python3.12/site-packages/airflow/example_dags/example_task_group_decorator.py for tasks to queue
[2024-04-09T08:44:56.684+0000] {logging_mixin.py:188} INFO - [2024-04-09T08:44:56.684+0000] {dagbag.py:540} INFO - Filling up the DagBag from /home/airflow/.local/lib/python3.12/site-packages/airflow/example_dags/example_task_group_decorator.py
[2024-04-09T08:44:56.693+0000] {processor.py:840} INFO - DAG(s) 'example_task_group_decorator' retrieved from /home/airflow/.local/lib/python3.12/site-packages/airflow/example_dags/example_task_group_decorator.py
[2024-04-09T08:44:56.707+0000] {logging_mixin.py:188} INFO - [2024-04-09T08:44:56.707+0000] {dag.py:3096} INFO - Sync 1 DAGs
[2024-04-09T08:44:56.720+0000] {logging_mixin.py:188} INFO - [2024-04-09T08:44:56.720+0000] {dag.py:3954} INFO - Setting next_dagrun for example_task_group_decorator to 2024-04-08 00:00:00+00:00, run_after=2024-04-09 00:00:00+00:00
[2024-04-09T08:44:56.733+0000] {processor.py:183} INFO - Processing /home/airflow/.local/lib/python3.12/site-packages/airflow/example_dags/example_task_group_decorator.py took 0.054 seconds
[2024-04-09T08:45:27.415+0000] {processor.py:161} INFO - Started process (PID=2453) to work on /home/airflow/.local/lib/python3.12/site-packages/airflow/example_dags/example_task_group_decorator.py
[2024-04-09T08:45:27.416+0000] {processor.py:830} INFO - Processing file /home/airflow/.local/lib/python3.12/site-packages/airflow/example_dags/example_task_group_decorator.py for tasks to queue
[2024-04-09T08:45:27.417+0000] {logging_mixin.py:188} INFO - [2024-04-09T08:45:27.417+0000] {dagbag.py:540} INFO - Filling up the DagBag from /home/airflow/.local/lib/python3.12/site-packages/airflow/example_dags/example_task_group_decorator.py
[2024-04-09T08:45:27.425+0000] {processor.py:840} INFO - DAG(s) 'example_task_group_decorator' retrieved from /home/airflow/.local/lib/python3.12/site-packages/airflow/example_dags/example_task_group_decorator.py
[2024-04-09T08:45:27.440+0000] {logging_mixin.py:188} INFO - [2024-04-09T08:45:27.440+0000] {dag.py:3096} INFO - Sync 1 DAGs
[2024-04-09T08:45:27.455+0000] {logging_mixin.py:188} INFO - [2024-04-09T08:45:27.455+0000] {dag.py:3954} INFO - Setting next_dagrun for example_task_group_decorator to 2024-04-08 00:00:00+00:00, run_after=2024-04-09 00:00:00+00:00
[2024-04-09T08:45:27.468+0000] {processor.py:183} INFO - Processing /home/airflow/.local/lib/python3.12/site-packages/airflow/example_dags/example_task_group_decorator.py took 0.056 seconds
[2024-04-09T08:45:58.051+0000] {processor.py:161} INFO - Started process (PID=2511) to work on /home/airflow/.local/lib/python3.12/site-packages/airflow/example_dags/example_task_group_decorator.py
[2024-04-09T08:45:58.052+0000] {processor.py:830} INFO - Processing file /home/airflow/.local/lib/python3.12/site-packages/airflow/example_dags/example_task_group_decorator.py for tasks to queue
[2024-04-09T08:45:58.053+0000] {logging_mixin.py:188} INFO - [2024-04-09T08:45:58.053+0000] {dagbag.py:540} INFO - Filling up the DagBag from /home/airflow/.local/lib/python3.12/site-packages/airflow/example_dags/example_task_group_decorator.py
[2024-04-09T08:45:58.063+0000] {processor.py:840} INFO - DAG(s) 'example_task_group_decorator' retrieved from /home/airflow/.local/lib/python3.12/site-packages/airflow/example_dags/example_task_group_decorator.py
[2024-04-09T08:45:58.078+0000] {logging_mixin.py:188} INFO - [2024-04-09T08:45:58.077+0000] {dag.py:3096} INFO - Sync 1 DAGs
[2024-04-09T08:45:58.090+0000] {logging_mixin.py:188} INFO - [2024-04-09T08:45:58.090+0000] {dag.py:3954} INFO - Setting next_dagrun for example_task_group_decorator to 2024-04-08 00:00:00+00:00, run_after=2024-04-09 00:00:00+00:00
[2024-04-09T08:45:58.100+0000] {processor.py:183} INFO - Processing /home/airflow/.local/lib/python3.12/site-packages/airflow/example_dags/example_task_group_decorator.py took 0.054 seconds
[2024-04-09T08:46:28.743+0000] {processor.py:161} INFO - Started process (PID=2569) to work on /home/airflow/.local/lib/python3.12/site-packages/airflow/example_dags/example_task_group_decorator.py
[2024-04-09T08:46:28.744+0000] {processor.py:830} INFO - Processing file /home/airflow/.local/lib/python3.12/site-packages/airflow/example_dags/example_task_group_decorator.py for tasks to queue
[2024-04-09T08:46:28.745+0000] {logging_mixin.py:188} INFO - [2024-04-09T08:46:28.745+0000] {dagbag.py:540} INFO - Filling up the DagBag from /home/airflow/.local/lib/python3.12/site-packages/airflow/example_dags/example_task_group_decorator.py
[2024-04-09T08:46:28.753+0000] {processor.py:840} INFO - DAG(s) 'example_task_group_decorator' retrieved from /home/airflow/.local/lib/python3.12/site-packages/airflow/example_dags/example_task_group_decorator.py
[2024-04-09T08:46:28.767+0000] {logging_mixin.py:188} INFO - [2024-04-09T08:46:28.766+0000] {dag.py:3096} INFO - Sync 1 DAGs
[2024-04-09T08:46:28.779+0000] {logging_mixin.py:188} INFO - [2024-04-09T08:46:28.779+0000] {dag.py:3954} INFO - Setting next_dagrun for example_task_group_decorator to 2024-04-08 00:00:00+00:00, run_after=2024-04-09 00:00:00+00:00
[2024-04-09T08:46:28.791+0000] {processor.py:183} INFO - Processing /home/airflow/.local/lib/python3.12/site-packages/airflow/example_dags/example_task_group_decorator.py took 0.051 seconds
[2024-04-09T08:46:59.353+0000] {processor.py:161} INFO - Started process (PID=2627) to work on /home/airflow/.local/lib/python3.12/site-packages/airflow/example_dags/example_task_group_decorator.py
[2024-04-09T08:46:59.353+0000] {processor.py:830} INFO - Processing file /home/airflow/.local/lib/python3.12/site-packages/airflow/example_dags/example_task_group_decorator.py for tasks to queue
[2024-04-09T08:46:59.354+0000] {logging_mixin.py:188} INFO - [2024-04-09T08:46:59.354+0000] {dagbag.py:540} INFO - Filling up the DagBag from /home/airflow/.local/lib/python3.12/site-packages/airflow/example_dags/example_task_group_decorator.py
[2024-04-09T08:46:59.363+0000] {processor.py:840} INFO - DAG(s) 'example_task_group_decorator' retrieved from /home/airflow/.local/lib/python3.12/site-packages/airflow/example_dags/example_task_group_decorator.py
[2024-04-09T08:46:59.377+0000] {logging_mixin.py:188} INFO - [2024-04-09T08:46:59.377+0000] {dag.py:3096} INFO - Sync 1 DAGs
[2024-04-09T08:46:59.389+0000] {logging_mixin.py:188} INFO - [2024-04-09T08:46:59.389+0000] {dag.py:3954} INFO - Setting next_dagrun for example_task_group_decorator to 2024-04-08 00:00:00+00:00, run_after=2024-04-09 00:00:00+00:00
[2024-04-09T08:46:59.400+0000] {processor.py:183} INFO - Processing /home/airflow/.local/lib/python3.12/site-packages/airflow/example_dags/example_task_group_decorator.py took 0.050 seconds
[2024-04-09T08:47:29.989+0000] {processor.py:161} INFO - Started process (PID=2685) to work on /home/airflow/.local/lib/python3.12/site-packages/airflow/example_dags/example_task_group_decorator.py
[2024-04-09T08:47:29.990+0000] {processor.py:830} INFO - Processing file /home/airflow/.local/lib/python3.12/site-packages/airflow/example_dags/example_task_group_decorator.py for tasks to queue
[2024-04-09T08:47:29.991+0000] {logging_mixin.py:188} INFO - [2024-04-09T08:47:29.991+0000] {dagbag.py:540} INFO - Filling up the DagBag from /home/airflow/.local/lib/python3.12/site-packages/airflow/example_dags/example_task_group_decorator.py
[2024-04-09T08:47:30.000+0000] {processor.py:840} INFO - DAG(s) 'example_task_group_decorator' retrieved from /home/airflow/.local/lib/python3.12/site-packages/airflow/example_dags/example_task_group_decorator.py
[2024-04-09T08:47:30.016+0000] {logging_mixin.py:188} INFO - [2024-04-09T08:47:30.016+0000] {dag.py:3096} INFO - Sync 1 DAGs
[2024-04-09T08:47:30.030+0000] {logging_mixin.py:188} INFO - [2024-04-09T08:47:30.030+0000] {dag.py:3954} INFO - Setting next_dagrun for example_task_group_decorator to 2024-04-08 00:00:00+00:00, run_after=2024-04-09 00:00:00+00:00
[2024-04-09T08:47:30.042+0000] {processor.py:183} INFO - Processing /home/airflow/.local/lib/python3.12/site-packages/airflow/example_dags/example_task_group_decorator.py took 0.056 seconds
[2024-04-09T08:48:00.596+0000] {processor.py:161} INFO - Started process (PID=2743) to work on /home/airflow/.local/lib/python3.12/site-packages/airflow/example_dags/example_task_group_decorator.py
[2024-04-09T08:48:00.596+0000] {processor.py:830} INFO - Processing file /home/airflow/.local/lib/python3.12/site-packages/airflow/example_dags/example_task_group_decorator.py for tasks to queue
[2024-04-09T08:48:00.597+0000] {logging_mixin.py:188} INFO - [2024-04-09T08:48:00.597+0000] {dagbag.py:540} INFO - Filling up the DagBag from /home/airflow/.local/lib/python3.12/site-packages/airflow/example_dags/example_task_group_decorator.py
[2024-04-09T08:48:00.606+0000] {processor.py:840} INFO - DAG(s) 'example_task_group_decorator' retrieved from /home/airflow/.local/lib/python3.12/site-packages/airflow/example_dags/example_task_group_decorator.py
[2024-04-09T08:48:00.619+0000] {logging_mixin.py:188} INFO - [2024-04-09T08:48:00.619+0000] {dag.py:3096} INFO - Sync 1 DAGs
[2024-04-09T08:48:00.632+0000] {logging_mixin.py:188} INFO - [2024-04-09T08:48:00.631+0000] {dag.py:3954} INFO - Setting next_dagrun for example_task_group_decorator to 2024-04-08 00:00:00+00:00, run_after=2024-04-09 00:00:00+00:00
[2024-04-09T08:48:00.643+0000] {processor.py:183} INFO - Processing /home/airflow/.local/lib/python3.12/site-packages/airflow/example_dags/example_task_group_decorator.py took 0.050 seconds
[2024-04-09T08:48:31.329+0000] {processor.py:161} INFO - Started process (PID=2801) to work on /home/airflow/.local/lib/python3.12/site-packages/airflow/example_dags/example_task_group_decorator.py
[2024-04-09T08:48:31.330+0000] {processor.py:830} INFO - Processing file /home/airflow/.local/lib/python3.12/site-packages/airflow/example_dags/example_task_group_decorator.py for tasks to queue
[2024-04-09T08:48:31.331+0000] {logging_mixin.py:188} INFO - [2024-04-09T08:48:31.330+0000] {dagbag.py:540} INFO - Filling up the DagBag from /home/airflow/.local/lib/python3.12/site-packages/airflow/example_dags/example_task_group_decorator.py
[2024-04-09T08:48:31.339+0000] {processor.py:840} INFO - DAG(s) 'example_task_group_decorator' retrieved from /home/airflow/.local/lib/python3.12/site-packages/airflow/example_dags/example_task_group_decorator.py
[2024-04-09T08:48:31.353+0000] {logging_mixin.py:188} INFO - [2024-04-09T08:48:31.353+0000] {dag.py:3096} INFO - Sync 1 DAGs
[2024-04-09T08:48:31.365+0000] {logging_mixin.py:188} INFO - [2024-04-09T08:48:31.365+0000] {dag.py:3954} INFO - Setting next_dagrun for example_task_group_decorator to 2024-04-08 00:00:00+00:00, run_after=2024-04-09 00:00:00+00:00
[2024-04-09T08:48:31.375+0000] {processor.py:183} INFO - Processing /home/airflow/.local/lib/python3.12/site-packages/airflow/example_dags/example_task_group_decorator.py took 0.049 seconds
[2024-04-09T08:49:01.861+0000] {processor.py:161} INFO - Started process (PID=2859) to work on /home/airflow/.local/lib/python3.12/site-packages/airflow/example_dags/example_task_group_decorator.py
[2024-04-09T08:49:01.861+0000] {processor.py:830} INFO - Processing file /home/airflow/.local/lib/python3.12/site-packages/airflow/example_dags/example_task_group_decorator.py for tasks to queue
[2024-04-09T08:49:01.862+0000] {logging_mixin.py:188} INFO - [2024-04-09T08:49:01.862+0000] {dagbag.py:540} INFO - Filling up the DagBag from /home/airflow/.local/lib/python3.12/site-packages/airflow/example_dags/example_task_group_decorator.py
[2024-04-09T08:49:01.870+0000] {processor.py:840} INFO - DAG(s) 'example_task_group_decorator' retrieved from /home/airflow/.local/lib/python3.12/site-packages/airflow/example_dags/example_task_group_decorator.py
[2024-04-09T08:49:01.884+0000] {logging_mixin.py:188} INFO - [2024-04-09T08:49:01.884+0000] {dag.py:3096} INFO - Sync 1 DAGs
[2024-04-09T08:49:01.896+0000] {logging_mixin.py:188} INFO - [2024-04-09T08:49:01.895+0000] {dag.py:3954} INFO - Setting next_dagrun for example_task_group_decorator to 2024-04-08 00:00:00+00:00, run_after=2024-04-09 00:00:00+00:00
[2024-04-09T08:49:01.906+0000] {processor.py:183} INFO - Processing /home/airflow/.local/lib/python3.12/site-packages/airflow/example_dags/example_task_group_decorator.py took 0.049 seconds
[2024-04-09T08:49:32.556+0000] {processor.py:161} INFO - Started process (PID=2917) to work on /home/airflow/.local/lib/python3.12/site-packages/airflow/example_dags/example_task_group_decorator.py
[2024-04-09T08:49:32.557+0000] {processor.py:830} INFO - Processing file /home/airflow/.local/lib/python3.12/site-packages/airflow/example_dags/example_task_group_decorator.py for tasks to queue
[2024-04-09T08:49:32.558+0000] {logging_mixin.py:188} INFO - [2024-04-09T08:49:32.558+0000] {dagbag.py:540} INFO - Filling up the DagBag from /home/airflow/.local/lib/python3.12/site-packages/airflow/example_dags/example_task_group_decorator.py
[2024-04-09T08:49:32.566+0000] {processor.py:840} INFO - DAG(s) 'example_task_group_decorator' retrieved from /home/airflow/.local/lib/python3.12/site-packages/airflow/example_dags/example_task_group_decorator.py
[2024-04-09T08:49:32.582+0000] {logging_mixin.py:188} INFO - [2024-04-09T08:49:32.582+0000] {dag.py:3096} INFO - Sync 1 DAGs
[2024-04-09T08:49:32.595+0000] {logging_mixin.py:188} INFO - [2024-04-09T08:49:32.595+0000] {dag.py:3954} INFO - Setting next_dagrun for example_task_group_decorator to 2024-04-08 00:00:00+00:00, run_after=2024-04-09 00:00:00+00:00
[2024-04-09T08:49:32.606+0000] {processor.py:183} INFO - Processing /home/airflow/.local/lib/python3.12/site-packages/airflow/example_dags/example_task_group_decorator.py took 0.053 seconds
[2024-04-09T08:50:03.280+0000] {processor.py:161} INFO - Started process (PID=2975) to work on /home/airflow/.local/lib/python3.12/site-packages/airflow/example_dags/example_task_group_decorator.py
[2024-04-09T08:50:03.280+0000] {processor.py:830} INFO - Processing file /home/airflow/.local/lib/python3.12/site-packages/airflow/example_dags/example_task_group_decorator.py for tasks to queue
[2024-04-09T08:50:03.281+0000] {logging_mixin.py:188} INFO - [2024-04-09T08:50:03.281+0000] {dagbag.py:540} INFO - Filling up the DagBag from /home/airflow/.local/lib/python3.12/site-packages/airflow/example_dags/example_task_group_decorator.py
[2024-04-09T08:50:03.289+0000] {processor.py:840} INFO - DAG(s) 'example_task_group_decorator' retrieved from /home/airflow/.local/lib/python3.12/site-packages/airflow/example_dags/example_task_group_decorator.py
[2024-04-09T08:50:03.302+0000] {logging_mixin.py:188} INFO - [2024-04-09T08:50:03.302+0000] {dag.py:3096} INFO - Sync 1 DAGs
[2024-04-09T08:50:03.314+0000] {logging_mixin.py:188} INFO - [2024-04-09T08:50:03.314+0000] {dag.py:3954} INFO - Setting next_dagrun for example_task_group_decorator to 2024-04-08 00:00:00+00:00, run_after=2024-04-09 00:00:00+00:00
[2024-04-09T08:50:03.325+0000] {processor.py:183} INFO - Processing /home/airflow/.local/lib/python3.12/site-packages/airflow/example_dags/example_task_group_decorator.py took 0.048 seconds
[2024-04-09T08:50:33.911+0000] {processor.py:161} INFO - Started process (PID=3033) to work on /home/airflow/.local/lib/python3.12/site-packages/airflow/example_dags/example_task_group_decorator.py
[2024-04-09T08:50:33.911+0000] {processor.py:830} INFO - Processing file /home/airflow/.local/lib/python3.12/site-packages/airflow/example_dags/example_task_group_decorator.py for tasks to queue
[2024-04-09T08:50:33.912+0000] {logging_mixin.py:188} INFO - [2024-04-09T08:50:33.912+0000] {dagbag.py:540} INFO - Filling up the DagBag from /home/airflow/.local/lib/python3.12/site-packages/airflow/example_dags/example_task_group_decorator.py
[2024-04-09T08:50:33.920+0000] {processor.py:840} INFO - DAG(s) 'example_task_group_decorator' retrieved from /home/airflow/.local/lib/python3.12/site-packages/airflow/example_dags/example_task_group_decorator.py
[2024-04-09T08:50:33.934+0000] {logging_mixin.py:188} INFO - [2024-04-09T08:50:33.934+0000] {dag.py:3096} INFO - Sync 1 DAGs
[2024-04-09T08:50:33.945+0000] {logging_mixin.py:188} INFO - [2024-04-09T08:50:33.945+0000] {dag.py:3954} INFO - Setting next_dagrun for example_task_group_decorator to 2024-04-08 00:00:00+00:00, run_after=2024-04-09 00:00:00+00:00
[2024-04-09T08:50:33.956+0000] {processor.py:183} INFO - Processing /home/airflow/.local/lib/python3.12/site-packages/airflow/example_dags/example_task_group_decorator.py took 0.049 seconds
[2024-04-09T08:51:04.485+0000] {processor.py:161} INFO - Started process (PID=3091) to work on /home/airflow/.local/lib/python3.12/site-packages/airflow/example_dags/example_task_group_decorator.py
[2024-04-09T08:51:04.486+0000] {processor.py:830} INFO - Processing file /home/airflow/.local/lib/python3.12/site-packages/airflow/example_dags/example_task_group_decorator.py for tasks to queue
[2024-04-09T08:51:04.487+0000] {logging_mixin.py:188} INFO - [2024-04-09T08:51:04.486+0000] {dagbag.py:540} INFO - Filling up the DagBag from /home/airflow/.local/lib/python3.12/site-packages/airflow/example_dags/example_task_group_decorator.py
[2024-04-09T08:51:04.497+0000] {processor.py:840} INFO - DAG(s) 'example_task_group_decorator' retrieved from /home/airflow/.local/lib/python3.12/site-packages/airflow/example_dags/example_task_group_decorator.py
[2024-04-09T08:51:04.518+0000] {logging_mixin.py:188} INFO - [2024-04-09T08:51:04.518+0000] {dag.py:3096} INFO - Sync 1 DAGs
[2024-04-09T08:51:04.532+0000] {logging_mixin.py:188} INFO - [2024-04-09T08:51:04.532+0000] {dag.py:3954} INFO - Setting next_dagrun for example_task_group_decorator to 2024-04-08 00:00:00+00:00, run_after=2024-04-09 00:00:00+00:00
[2024-04-09T08:51:04.543+0000] {processor.py:183} INFO - Processing /home/airflow/.local/lib/python3.12/site-packages/airflow/example_dags/example_task_group_decorator.py took 0.061 seconds
[2024-04-09T08:51:35.008+0000] {processor.py:161} INFO - Started process (PID=3149) to work on /home/airflow/.local/lib/python3.12/site-packages/airflow/example_dags/example_task_group_decorator.py
[2024-04-09T08:51:35.009+0000] {processor.py:830} INFO - Processing file /home/airflow/.local/lib/python3.12/site-packages/airflow/example_dags/example_task_group_decorator.py for tasks to queue
[2024-04-09T08:51:35.010+0000] {logging_mixin.py:188} INFO - [2024-04-09T08:51:35.010+0000] {dagbag.py:540} INFO - Filling up the DagBag from /home/airflow/.local/lib/python3.12/site-packages/airflow/example_dags/example_task_group_decorator.py
[2024-04-09T08:51:35.018+0000] {processor.py:840} INFO - DAG(s) 'example_task_group_decorator' retrieved from /home/airflow/.local/lib/python3.12/site-packages/airflow/example_dags/example_task_group_decorator.py
[2024-04-09T08:51:35.033+0000] {logging_mixin.py:188} INFO - [2024-04-09T08:51:35.033+0000] {dag.py:3096} INFO - Sync 1 DAGs
[2024-04-09T08:51:35.046+0000] {logging_mixin.py:188} INFO - [2024-04-09T08:51:35.045+0000] {dag.py:3954} INFO - Setting next_dagrun for example_task_group_decorator to 2024-04-08 00:00:00+00:00, run_after=2024-04-09 00:00:00+00:00
[2024-04-09T08:51:35.057+0000] {processor.py:183} INFO - Processing /home/airflow/.local/lib/python3.12/site-packages/airflow/example_dags/example_task_group_decorator.py took 0.052 seconds
[2024-04-09T08:52:05.574+0000] {processor.py:161} INFO - Started process (PID=3207) to work on /home/airflow/.local/lib/python3.12/site-packages/airflow/example_dags/example_task_group_decorator.py
[2024-04-09T08:52:05.574+0000] {processor.py:830} INFO - Processing file /home/airflow/.local/lib/python3.12/site-packages/airflow/example_dags/example_task_group_decorator.py for tasks to queue
[2024-04-09T08:52:05.575+0000] {logging_mixin.py:188} INFO - [2024-04-09T08:52:05.575+0000] {dagbag.py:540} INFO - Filling up the DagBag from /home/airflow/.local/lib/python3.12/site-packages/airflow/example_dags/example_task_group_decorator.py
[2024-04-09T08:52:05.584+0000] {processor.py:840} INFO - DAG(s) 'example_task_group_decorator' retrieved from /home/airflow/.local/lib/python3.12/site-packages/airflow/example_dags/example_task_group_decorator.py
[2024-04-09T08:52:05.598+0000] {logging_mixin.py:188} INFO - [2024-04-09T08:52:05.598+0000] {dag.py:3096} INFO - Sync 1 DAGs
[2024-04-09T08:52:05.610+0000] {logging_mixin.py:188} INFO - [2024-04-09T08:52:05.610+0000] {dag.py:3954} INFO - Setting next_dagrun for example_task_group_decorator to 2024-04-08 00:00:00+00:00, run_after=2024-04-09 00:00:00+00:00
[2024-04-09T08:52:05.620+0000] {processor.py:183} INFO - Processing /home/airflow/.local/lib/python3.12/site-packages/airflow/example_dags/example_task_group_decorator.py took 0.049 seconds
[2024-04-09T08:52:36.218+0000] {processor.py:161} INFO - Started process (PID=3265) to work on /home/airflow/.local/lib/python3.12/site-packages/airflow/example_dags/example_task_group_decorator.py
[2024-04-09T08:52:36.218+0000] {processor.py:830} INFO - Processing file /home/airflow/.local/lib/python3.12/site-packages/airflow/example_dags/example_task_group_decorator.py for tasks to queue
[2024-04-09T08:52:36.219+0000] {logging_mixin.py:188} INFO - [2024-04-09T08:52:36.219+0000] {dagbag.py:540} INFO - Filling up the DagBag from /home/airflow/.local/lib/python3.12/site-packages/airflow/example_dags/example_task_group_decorator.py
[2024-04-09T08:52:36.228+0000] {processor.py:840} INFO - DAG(s) 'example_task_group_decorator' retrieved from /home/airflow/.local/lib/python3.12/site-packages/airflow/example_dags/example_task_group_decorator.py
[2024-04-09T08:52:36.241+0000] {logging_mixin.py:188} INFO - [2024-04-09T08:52:36.241+0000] {dag.py:3096} INFO - Sync 1 DAGs
[2024-04-09T08:52:36.253+0000] {logging_mixin.py:188} INFO - [2024-04-09T08:52:36.253+0000] {dag.py:3954} INFO - Setting next_dagrun for example_task_group_decorator to 2024-04-08 00:00:00+00:00, run_after=2024-04-09 00:00:00+00:00
[2024-04-09T08:52:36.265+0000] {processor.py:183} INFO - Processing /home/airflow/.local/lib/python3.12/site-packages/airflow/example_dags/example_task_group_decorator.py took 0.050 seconds
[2024-04-09T08:53:06.910+0000] {processor.py:161} INFO - Started process (PID=3323) to work on /home/airflow/.local/lib/python3.12/site-packages/airflow/example_dags/example_task_group_decorator.py
[2024-04-09T08:53:06.911+0000] {processor.py:830} INFO - Processing file /home/airflow/.local/lib/python3.12/site-packages/airflow/example_dags/example_task_group_decorator.py for tasks to queue
[2024-04-09T08:53:06.912+0000] {logging_mixin.py:188} INFO - [2024-04-09T08:53:06.912+0000] {dagbag.py:540} INFO - Filling up the DagBag from /home/airflow/.local/lib/python3.12/site-packages/airflow/example_dags/example_task_group_decorator.py
[2024-04-09T08:53:06.921+0000] {processor.py:840} INFO - DAG(s) 'example_task_group_decorator' retrieved from /home/airflow/.local/lib/python3.12/site-packages/airflow/example_dags/example_task_group_decorator.py
[2024-04-09T08:53:06.941+0000] {logging_mixin.py:188} INFO - [2024-04-09T08:53:06.941+0000] {dag.py:3096} INFO - Sync 1 DAGs
[2024-04-09T08:53:06.960+0000] {logging_mixin.py:188} INFO - [2024-04-09T08:53:06.960+0000] {dag.py:3954} INFO - Setting next_dagrun for example_task_group_decorator to 2024-04-08 00:00:00+00:00, run_after=2024-04-09 00:00:00+00:00
[2024-04-09T08:53:06.975+0000] {processor.py:183} INFO - Processing /home/airflow/.local/lib/python3.12/site-packages/airflow/example_dags/example_task_group_decorator.py took 0.070 seconds
[2024-04-09T08:53:37.099+0000] {processor.py:161} INFO - Started process (PID=3381) to work on /home/airflow/.local/lib/python3.12/site-packages/airflow/example_dags/example_task_group_decorator.py
[2024-04-09T08:53:37.100+0000] {processor.py:830} INFO - Processing file /home/airflow/.local/lib/python3.12/site-packages/airflow/example_dags/example_task_group_decorator.py for tasks to queue
[2024-04-09T08:53:37.101+0000] {logging_mixin.py:188} INFO - [2024-04-09T08:53:37.100+0000] {dagbag.py:540} INFO - Filling up the DagBag from /home/airflow/.local/lib/python3.12/site-packages/airflow/example_dags/example_task_group_decorator.py
[2024-04-09T08:53:37.109+0000] {processor.py:840} INFO - DAG(s) 'example_task_group_decorator' retrieved from /home/airflow/.local/lib/python3.12/site-packages/airflow/example_dags/example_task_group_decorator.py
[2024-04-09T08:53:37.127+0000] {logging_mixin.py:188} INFO - [2024-04-09T08:53:37.127+0000] {dag.py:3096} INFO - Sync 1 DAGs
[2024-04-09T08:53:37.141+0000] {logging_mixin.py:188} INFO - [2024-04-09T08:53:37.141+0000] {dag.py:3954} INFO - Setting next_dagrun for example_task_group_decorator to 2024-04-08 00:00:00+00:00, run_after=2024-04-09 00:00:00+00:00
[2024-04-09T08:53:37.151+0000] {processor.py:183} INFO - Processing /home/airflow/.local/lib/python3.12/site-packages/airflow/example_dags/example_task_group_decorator.py took 0.056 seconds
[2024-04-09T08:54:07.752+0000] {processor.py:161} INFO - Started process (PID=3439) to work on /home/airflow/.local/lib/python3.12/site-packages/airflow/example_dags/example_task_group_decorator.py
[2024-04-09T08:54:07.753+0000] {processor.py:830} INFO - Processing file /home/airflow/.local/lib/python3.12/site-packages/airflow/example_dags/example_task_group_decorator.py for tasks to queue
[2024-04-09T08:54:07.754+0000] {logging_mixin.py:188} INFO - [2024-04-09T08:54:07.754+0000] {dagbag.py:540} INFO - Filling up the DagBag from /home/airflow/.local/lib/python3.12/site-packages/airflow/example_dags/example_task_group_decorator.py
[2024-04-09T08:54:07.762+0000] {processor.py:840} INFO - DAG(s) 'example_task_group_decorator' retrieved from /home/airflow/.local/lib/python3.12/site-packages/airflow/example_dags/example_task_group_decorator.py
[2024-04-09T08:54:07.776+0000] {logging_mixin.py:188} INFO - [2024-04-09T08:54:07.776+0000] {dag.py:3096} INFO - Sync 1 DAGs
[2024-04-09T08:54:07.788+0000] {logging_mixin.py:188} INFO - [2024-04-09T08:54:07.787+0000] {dag.py:3954} INFO - Setting next_dagrun for example_task_group_decorator to 2024-04-08 00:00:00+00:00, run_after=2024-04-09 00:00:00+00:00
[2024-04-09T08:54:07.800+0000] {processor.py:183} INFO - Processing /home/airflow/.local/lib/python3.12/site-packages/airflow/example_dags/example_task_group_decorator.py took 0.051 seconds
[2024-04-09T08:54:38.406+0000] {processor.py:161} INFO - Started process (PID=3497) to work on /home/airflow/.local/lib/python3.12/site-packages/airflow/example_dags/example_task_group_decorator.py
[2024-04-09T08:54:38.406+0000] {processor.py:830} INFO - Processing file /home/airflow/.local/lib/python3.12/site-packages/airflow/example_dags/example_task_group_decorator.py for tasks to queue
[2024-04-09T08:54:38.407+0000] {logging_mixin.py:188} INFO - [2024-04-09T08:54:38.407+0000] {dagbag.py:540} INFO - Filling up the DagBag from /home/airflow/.local/lib/python3.12/site-packages/airflow/example_dags/example_task_group_decorator.py
[2024-04-09T08:54:38.415+0000] {processor.py:840} INFO - DAG(s) 'example_task_group_decorator' retrieved from /home/airflow/.local/lib/python3.12/site-packages/airflow/example_dags/example_task_group_decorator.py
[2024-04-09T08:54:38.429+0000] {logging_mixin.py:188} INFO - [2024-04-09T08:54:38.429+0000] {dag.py:3096} INFO - Sync 1 DAGs
[2024-04-09T08:54:38.441+0000] {logging_mixin.py:188} INFO - [2024-04-09T08:54:38.441+0000] {dag.py:3954} INFO - Setting next_dagrun for example_task_group_decorator to 2024-04-08 00:00:00+00:00, run_after=2024-04-09 00:00:00+00:00
[2024-04-09T08:54:38.452+0000] {processor.py:183} INFO - Processing /home/airflow/.local/lib/python3.12/site-packages/airflow/example_dags/example_task_group_decorator.py took 0.049 seconds
[2024-04-09T08:55:09.052+0000] {processor.py:161} INFO - Started process (PID=3555) to work on /home/airflow/.local/lib/python3.12/site-packages/airflow/example_dags/example_task_group_decorator.py
[2024-04-09T08:55:09.052+0000] {processor.py:830} INFO - Processing file /home/airflow/.local/lib/python3.12/site-packages/airflow/example_dags/example_task_group_decorator.py for tasks to queue
[2024-04-09T08:55:09.053+0000] {logging_mixin.py:188} INFO - [2024-04-09T08:55:09.053+0000] {dagbag.py:540} INFO - Filling up the DagBag from /home/airflow/.local/lib/python3.12/site-packages/airflow/example_dags/example_task_group_decorator.py
[2024-04-09T08:55:09.061+0000] {processor.py:840} INFO - DAG(s) 'example_task_group_decorator' retrieved from /home/airflow/.local/lib/python3.12/site-packages/airflow/example_dags/example_task_group_decorator.py
[2024-04-09T08:55:09.075+0000] {logging_mixin.py:188} INFO - [2024-04-09T08:55:09.075+0000] {dag.py:3096} INFO - Sync 1 DAGs
[2024-04-09T08:55:09.087+0000] {logging_mixin.py:188} INFO - [2024-04-09T08:55:09.087+0000] {dag.py:3954} INFO - Setting next_dagrun for example_task_group_decorator to 2024-04-08 00:00:00+00:00, run_after=2024-04-09 00:00:00+00:00
[2024-04-09T08:55:09.099+0000] {processor.py:183} INFO - Processing /home/airflow/.local/lib/python3.12/site-packages/airflow/example_dags/example_task_group_decorator.py took 0.050 seconds
[2024-04-09T08:55:39.677+0000] {processor.py:161} INFO - Started process (PID=3613) to work on /home/airflow/.local/lib/python3.12/site-packages/airflow/example_dags/example_task_group_decorator.py
[2024-04-09T08:55:39.678+0000] {processor.py:830} INFO - Processing file /home/airflow/.local/lib/python3.12/site-packages/airflow/example_dags/example_task_group_decorator.py for tasks to queue
[2024-04-09T08:55:39.679+0000] {logging_mixin.py:188} INFO - [2024-04-09T08:55:39.678+0000] {dagbag.py:540} INFO - Filling up the DagBag from /home/airflow/.local/lib/python3.12/site-packages/airflow/example_dags/example_task_group_decorator.py
[2024-04-09T08:55:39.688+0000] {processor.py:840} INFO - DAG(s) 'example_task_group_decorator' retrieved from /home/airflow/.local/lib/python3.12/site-packages/airflow/example_dags/example_task_group_decorator.py
[2024-04-09T08:55:39.703+0000] {logging_mixin.py:188} INFO - [2024-04-09T08:55:39.703+0000] {dag.py:3096} INFO - Sync 1 DAGs
[2024-04-09T08:55:39.716+0000] {logging_mixin.py:188} INFO - [2024-04-09T08:55:39.716+0000] {dag.py:3954} INFO - Setting next_dagrun for example_task_group_decorator to 2024-04-08 00:00:00+00:00, run_after=2024-04-09 00:00:00+00:00
[2024-04-09T08:55:39.728+0000] {processor.py:183} INFO - Processing /home/airflow/.local/lib/python3.12/site-packages/airflow/example_dags/example_task_group_decorator.py took 0.054 seconds
[2024-04-09T08:56:10.368+0000] {processor.py:161} INFO - Started process (PID=3671) to work on /home/airflow/.local/lib/python3.12/site-packages/airflow/example_dags/example_task_group_decorator.py
[2024-04-09T08:56:10.368+0000] {processor.py:830} INFO - Processing file /home/airflow/.local/lib/python3.12/site-packages/airflow/example_dags/example_task_group_decorator.py for tasks to queue
[2024-04-09T08:56:10.369+0000] {logging_mixin.py:188} INFO - [2024-04-09T08:56:10.369+0000] {dagbag.py:540} INFO - Filling up the DagBag from /home/airflow/.local/lib/python3.12/site-packages/airflow/example_dags/example_task_group_decorator.py
[2024-04-09T08:56:10.377+0000] {processor.py:840} INFO - DAG(s) 'example_task_group_decorator' retrieved from /home/airflow/.local/lib/python3.12/site-packages/airflow/example_dags/example_task_group_decorator.py
[2024-04-09T08:56:10.391+0000] {logging_mixin.py:188} INFO - [2024-04-09T08:56:10.391+0000] {dag.py:3096} INFO - Sync 1 DAGs
[2024-04-09T08:56:10.404+0000] {logging_mixin.py:188} INFO - [2024-04-09T08:56:10.404+0000] {dag.py:3954} INFO - Setting next_dagrun for example_task_group_decorator to 2024-04-08 00:00:00+00:00, run_after=2024-04-09 00:00:00+00:00
[2024-04-09T08:56:10.415+0000] {processor.py:183} INFO - Processing /home/airflow/.local/lib/python3.12/site-packages/airflow/example_dags/example_task_group_decorator.py took 0.051 seconds
[2024-04-09T08:56:41.070+0000] {processor.py:161} INFO - Started process (PID=3729) to work on /home/airflow/.local/lib/python3.12/site-packages/airflow/example_dags/example_task_group_decorator.py
[2024-04-09T08:56:41.070+0000] {processor.py:830} INFO - Processing file /home/airflow/.local/lib/python3.12/site-packages/airflow/example_dags/example_task_group_decorator.py for tasks to queue
[2024-04-09T08:56:41.071+0000] {logging_mixin.py:188} INFO - [2024-04-09T08:56:41.071+0000] {dagbag.py:540} INFO - Filling up the DagBag from /home/airflow/.local/lib/python3.12/site-packages/airflow/example_dags/example_task_group_decorator.py
[2024-04-09T08:56:41.079+0000] {processor.py:840} INFO - DAG(s) 'example_task_group_decorator' retrieved from /home/airflow/.local/lib/python3.12/site-packages/airflow/example_dags/example_task_group_decorator.py
[2024-04-09T08:56:41.092+0000] {logging_mixin.py:188} INFO - [2024-04-09T08:56:41.092+0000] {dag.py:3096} INFO - Sync 1 DAGs
[2024-04-09T08:56:41.106+0000] {logging_mixin.py:188} INFO - [2024-04-09T08:56:41.105+0000] {dag.py:3954} INFO - Setting next_dagrun for example_task_group_decorator to 2024-04-08 00:00:00+00:00, run_after=2024-04-09 00:00:00+00:00
[2024-04-09T08:56:41.117+0000] {processor.py:183} INFO - Processing /home/airflow/.local/lib/python3.12/site-packages/airflow/example_dags/example_task_group_decorator.py took 0.051 seconds
[2024-04-09T08:57:11.780+0000] {processor.py:161} INFO - Started process (PID=3787) to work on /home/airflow/.local/lib/python3.12/site-packages/airflow/example_dags/example_task_group_decorator.py
[2024-04-09T08:57:11.780+0000] {processor.py:830} INFO - Processing file /home/airflow/.local/lib/python3.12/site-packages/airflow/example_dags/example_task_group_decorator.py for tasks to queue
[2024-04-09T08:57:11.781+0000] {logging_mixin.py:188} INFO - [2024-04-09T08:57:11.781+0000] {dagbag.py:540} INFO - Filling up the DagBag from /home/airflow/.local/lib/python3.12/site-packages/airflow/example_dags/example_task_group_decorator.py
[2024-04-09T08:57:11.791+0000] {processor.py:840} INFO - DAG(s) 'example_task_group_decorator' retrieved from /home/airflow/.local/lib/python3.12/site-packages/airflow/example_dags/example_task_group_decorator.py
[2024-04-09T08:57:11.806+0000] {logging_mixin.py:188} INFO - [2024-04-09T08:57:11.806+0000] {dag.py:3096} INFO - Sync 1 DAGs
[2024-04-09T08:57:11.820+0000] {logging_mixin.py:188} INFO - [2024-04-09T08:57:11.820+0000] {dag.py:3954} INFO - Setting next_dagrun for example_task_group_decorator to 2024-04-08 00:00:00+00:00, run_after=2024-04-09 00:00:00+00:00
[2024-04-09T08:57:11.832+0000] {processor.py:183} INFO - Processing /home/airflow/.local/lib/python3.12/site-packages/airflow/example_dags/example_task_group_decorator.py took 0.055 seconds
[2024-04-09T08:57:42.476+0000] {processor.py:161} INFO - Started process (PID=3845) to work on /home/airflow/.local/lib/python3.12/site-packages/airflow/example_dags/example_task_group_decorator.py
[2024-04-09T08:57:42.477+0000] {processor.py:830} INFO - Processing file /home/airflow/.local/lib/python3.12/site-packages/airflow/example_dags/example_task_group_decorator.py for tasks to queue
[2024-04-09T08:57:42.478+0000] {logging_mixin.py:188} INFO - [2024-04-09T08:57:42.477+0000] {dagbag.py:540} INFO - Filling up the DagBag from /home/airflow/.local/lib/python3.12/site-packages/airflow/example_dags/example_task_group_decorator.py
[2024-04-09T08:57:42.486+0000] {processor.py:840} INFO - DAG(s) 'example_task_group_decorator' retrieved from /home/airflow/.local/lib/python3.12/site-packages/airflow/example_dags/example_task_group_decorator.py
[2024-04-09T08:57:42.500+0000] {logging_mixin.py:188} INFO - [2024-04-09T08:57:42.500+0000] {dag.py:3096} INFO - Sync 1 DAGs
[2024-04-09T08:57:42.513+0000] {logging_mixin.py:188} INFO - [2024-04-09T08:57:42.512+0000] {dag.py:3954} INFO - Setting next_dagrun for example_task_group_decorator to 2024-04-08 00:00:00+00:00, run_after=2024-04-09 00:00:00+00:00
[2024-04-09T08:57:42.524+0000] {processor.py:183} INFO - Processing /home/airflow/.local/lib/python3.12/site-packages/airflow/example_dags/example_task_group_decorator.py took 0.051 seconds
[2024-04-09T08:58:12.697+0000] {processor.py:161} INFO - Started process (PID=3903) to work on /home/airflow/.local/lib/python3.12/site-packages/airflow/example_dags/example_task_group_decorator.py
[2024-04-09T08:58:12.698+0000] {processor.py:830} INFO - Processing file /home/airflow/.local/lib/python3.12/site-packages/airflow/example_dags/example_task_group_decorator.py for tasks to queue
[2024-04-09T08:58:12.699+0000] {logging_mixin.py:188} INFO - [2024-04-09T08:58:12.699+0000] {dagbag.py:540} INFO - Filling up the DagBag from /home/airflow/.local/lib/python3.12/site-packages/airflow/example_dags/example_task_group_decorator.py
[2024-04-09T08:58:12.708+0000] {processor.py:840} INFO - DAG(s) 'example_task_group_decorator' retrieved from /home/airflow/.local/lib/python3.12/site-packages/airflow/example_dags/example_task_group_decorator.py
[2024-04-09T08:58:12.722+0000] {logging_mixin.py:188} INFO - [2024-04-09T08:58:12.722+0000] {dag.py:3096} INFO - Sync 1 DAGs
[2024-04-09T08:58:12.734+0000] {logging_mixin.py:188} INFO - [2024-04-09T08:58:12.734+0000] {dag.py:3954} INFO - Setting next_dagrun for example_task_group_decorator to 2024-04-08 00:00:00+00:00, run_after=2024-04-09 00:00:00+00:00
[2024-04-09T08:58:12.745+0000] {processor.py:183} INFO - Processing /home/airflow/.local/lib/python3.12/site-packages/airflow/example_dags/example_task_group_decorator.py took 0.051 seconds
