[2024-04-09T08:24:28.603+0000] {processor.py:161} INFO - Started process (PID=46) to work on /home/airflow/.local/lib/python3.12/site-packages/airflow/example_dags/example_bash_decorator.py
[2024-04-09T08:24:28.604+0000] {processor.py:830} INFO - Processing file /home/airflow/.local/lib/python3.12/site-packages/airflow/example_dags/example_bash_decorator.py for tasks to queue
[2024-04-09T08:24:28.606+0000] {logging_mixin.py:188} INFO - [2024-04-09T08:24:28.605+0000] {dagbag.py:540} INFO - Filling up the DagBag from /home/airflow/.local/lib/python3.12/site-packages/airflow/example_dags/example_bash_decorator.py
[2024-04-09T08:24:28.625+0000] {processor.py:840} INFO - DAG(s) 'example_bash_decorator' retrieved from /home/airflow/.local/lib/python3.12/site-packages/airflow/example_dags/example_bash_decorator.py
[2024-04-09T08:24:28.635+0000] {logging_mixin.py:188} INFO - [2024-04-09T08:24:28.634+0000] {dag.py:3096} INFO - Sync 1 DAGs
[2024-04-09T08:24:28.650+0000] {logging_mixin.py:188} INFO - [2024-04-09T08:24:28.649+0000] {dag.py:3954} INFO - Setting next_dagrun for example_bash_decorator to None, run_after=None
[2024-04-09T08:24:28.667+0000] {processor.py:183} INFO - Processing /home/airflow/.local/lib/python3.12/site-packages/airflow/example_dags/example_bash_decorator.py took 0.068 seconds
[2024-04-09T08:24:59.224+0000] {processor.py:161} INFO - Started process (PID=104) to work on /home/airflow/.local/lib/python3.12/site-packages/airflow/example_dags/example_bash_decorator.py
[2024-04-09T08:24:59.225+0000] {processor.py:830} INFO - Processing file /home/airflow/.local/lib/python3.12/site-packages/airflow/example_dags/example_bash_decorator.py for tasks to queue
[2024-04-09T08:24:59.226+0000] {logging_mixin.py:188} INFO - [2024-04-09T08:24:59.225+0000] {dagbag.py:540} INFO - Filling up the DagBag from /home/airflow/.local/lib/python3.12/site-packages/airflow/example_dags/example_bash_decorator.py
[2024-04-09T08:24:59.233+0000] {processor.py:840} INFO - DAG(s) 'example_bash_decorator' retrieved from /home/airflow/.local/lib/python3.12/site-packages/airflow/example_dags/example_bash_decorator.py
[2024-04-09T08:24:59.293+0000] {logging_mixin.py:188} INFO - [2024-04-09T08:24:59.293+0000] {dag.py:3096} INFO - Sync 1 DAGs
[2024-04-09T08:24:59.299+0000] {logging_mixin.py:188} INFO - [2024-04-09T08:24:59.299+0000] {dag.py:3954} INFO - Setting next_dagrun for example_bash_decorator to None, run_after=None
[2024-04-09T08:24:59.312+0000] {processor.py:183} INFO - Processing /home/airflow/.local/lib/python3.12/site-packages/airflow/example_dags/example_bash_decorator.py took 0.091 seconds
[2024-04-09T08:25:30.002+0000] {processor.py:161} INFO - Started process (PID=162) to work on /home/airflow/.local/lib/python3.12/site-packages/airflow/example_dags/example_bash_decorator.py
[2024-04-09T08:25:30.002+0000] {processor.py:830} INFO - Processing file /home/airflow/.local/lib/python3.12/site-packages/airflow/example_dags/example_bash_decorator.py for tasks to queue
[2024-04-09T08:25:30.003+0000] {logging_mixin.py:188} INFO - [2024-04-09T08:25:30.003+0000] {dagbag.py:540} INFO - Filling up the DagBag from /home/airflow/.local/lib/python3.12/site-packages/airflow/example_dags/example_bash_decorator.py
[2024-04-09T08:25:30.010+0000] {processor.py:840} INFO - DAG(s) 'example_bash_decorator' retrieved from /home/airflow/.local/lib/python3.12/site-packages/airflow/example_dags/example_bash_decorator.py
[2024-04-09T08:25:30.023+0000] {logging_mixin.py:188} INFO - [2024-04-09T08:25:30.023+0000] {dag.py:3096} INFO - Sync 1 DAGs
[2024-04-09T08:25:30.030+0000] {logging_mixin.py:188} INFO - [2024-04-09T08:25:30.030+0000] {dag.py:3954} INFO - Setting next_dagrun for example_bash_decorator to None, run_after=None
[2024-04-09T08:25:30.042+0000] {processor.py:183} INFO - Processing /home/airflow/.local/lib/python3.12/site-packages/airflow/example_dags/example_bash_decorator.py took 0.043 seconds
[2024-04-09T08:26:00.716+0000] {processor.py:161} INFO - Started process (PID=220) to work on /home/airflow/.local/lib/python3.12/site-packages/airflow/example_dags/example_bash_decorator.py
[2024-04-09T08:26:00.717+0000] {processor.py:830} INFO - Processing file /home/airflow/.local/lib/python3.12/site-packages/airflow/example_dags/example_bash_decorator.py for tasks to queue
[2024-04-09T08:26:00.718+0000] {logging_mixin.py:188} INFO - [2024-04-09T08:26:00.718+0000] {dagbag.py:540} INFO - Filling up the DagBag from /home/airflow/.local/lib/python3.12/site-packages/airflow/example_dags/example_bash_decorator.py
[2024-04-09T08:26:00.726+0000] {processor.py:840} INFO - DAG(s) 'example_bash_decorator' retrieved from /home/airflow/.local/lib/python3.12/site-packages/airflow/example_dags/example_bash_decorator.py
[2024-04-09T08:26:00.741+0000] {logging_mixin.py:188} INFO - [2024-04-09T08:26:00.741+0000] {dag.py:3096} INFO - Sync 1 DAGs
[2024-04-09T08:26:00.749+0000] {logging_mixin.py:188} INFO - [2024-04-09T08:26:00.749+0000] {dag.py:3954} INFO - Setting next_dagrun for example_bash_decorator to None, run_after=None
[2024-04-09T08:26:00.762+0000] {processor.py:183} INFO - Processing /home/airflow/.local/lib/python3.12/site-packages/airflow/example_dags/example_bash_decorator.py took 0.049 seconds
[2024-04-09T08:26:31.541+0000] {processor.py:161} INFO - Started process (PID=278) to work on /home/airflow/.local/lib/python3.12/site-packages/airflow/example_dags/example_bash_decorator.py
[2024-04-09T08:26:31.542+0000] {processor.py:830} INFO - Processing file /home/airflow/.local/lib/python3.12/site-packages/airflow/example_dags/example_bash_decorator.py for tasks to queue
[2024-04-09T08:26:31.543+0000] {logging_mixin.py:188} INFO - [2024-04-09T08:26:31.542+0000] {dagbag.py:540} INFO - Filling up the DagBag from /home/airflow/.local/lib/python3.12/site-packages/airflow/example_dags/example_bash_decorator.py
[2024-04-09T08:26:31.550+0000] {processor.py:840} INFO - DAG(s) 'example_bash_decorator' retrieved from /home/airflow/.local/lib/python3.12/site-packages/airflow/example_dags/example_bash_decorator.py
[2024-04-09T08:26:31.563+0000] {logging_mixin.py:188} INFO - [2024-04-09T08:26:31.562+0000] {dag.py:3096} INFO - Sync 1 DAGs
[2024-04-09T08:26:31.569+0000] {logging_mixin.py:188} INFO - [2024-04-09T08:26:31.569+0000] {dag.py:3954} INFO - Setting next_dagrun for example_bash_decorator to None, run_after=None
[2024-04-09T08:26:31.581+0000] {processor.py:183} INFO - Processing /home/airflow/.local/lib/python3.12/site-packages/airflow/example_dags/example_bash_decorator.py took 0.043 seconds
[2024-04-09T08:27:01.637+0000] {processor.py:161} INFO - Started process (PID=336) to work on /home/airflow/.local/lib/python3.12/site-packages/airflow/example_dags/example_bash_decorator.py
[2024-04-09T08:27:01.638+0000] {processor.py:830} INFO - Processing file /home/airflow/.local/lib/python3.12/site-packages/airflow/example_dags/example_bash_decorator.py for tasks to queue
[2024-04-09T08:27:01.639+0000] {logging_mixin.py:188} INFO - [2024-04-09T08:27:01.639+0000] {dagbag.py:540} INFO - Filling up the DagBag from /home/airflow/.local/lib/python3.12/site-packages/airflow/example_dags/example_bash_decorator.py
[2024-04-09T08:27:01.647+0000] {processor.py:840} INFO - DAG(s) 'example_bash_decorator' retrieved from /home/airflow/.local/lib/python3.12/site-packages/airflow/example_dags/example_bash_decorator.py
[2024-04-09T08:27:01.662+0000] {logging_mixin.py:188} INFO - [2024-04-09T08:27:01.662+0000] {dag.py:3096} INFO - Sync 1 DAGs
[2024-04-09T08:27:01.670+0000] {logging_mixin.py:188} INFO - [2024-04-09T08:27:01.670+0000] {dag.py:3954} INFO - Setting next_dagrun for example_bash_decorator to None, run_after=None
[2024-04-09T08:27:01.681+0000] {processor.py:183} INFO - Processing /home/airflow/.local/lib/python3.12/site-packages/airflow/example_dags/example_bash_decorator.py took 0.047 seconds
[2024-04-09T08:27:31.710+0000] {processor.py:161} INFO - Started process (PID=393) to work on /home/airflow/.local/lib/python3.12/site-packages/airflow/example_dags/example_bash_decorator.py
[2024-04-09T08:27:31.710+0000] {processor.py:830} INFO - Processing file /home/airflow/.local/lib/python3.12/site-packages/airflow/example_dags/example_bash_decorator.py for tasks to queue
[2024-04-09T08:27:31.711+0000] {logging_mixin.py:188} INFO - [2024-04-09T08:27:31.711+0000] {dagbag.py:540} INFO - Filling up the DagBag from /home/airflow/.local/lib/python3.12/site-packages/airflow/example_dags/example_bash_decorator.py
[2024-04-09T08:27:31.718+0000] {processor.py:840} INFO - DAG(s) 'example_bash_decorator' retrieved from /home/airflow/.local/lib/python3.12/site-packages/airflow/example_dags/example_bash_decorator.py
[2024-04-09T08:27:31.731+0000] {logging_mixin.py:188} INFO - [2024-04-09T08:27:31.731+0000] {dag.py:3096} INFO - Sync 1 DAGs
[2024-04-09T08:27:31.739+0000] {logging_mixin.py:188} INFO - [2024-04-09T08:27:31.739+0000] {dag.py:3954} INFO - Setting next_dagrun for example_bash_decorator to None, run_after=None
[2024-04-09T08:27:31.749+0000] {processor.py:183} INFO - Processing /home/airflow/.local/lib/python3.12/site-packages/airflow/example_dags/example_bash_decorator.py took 0.042 seconds
[2024-04-09T08:28:01.821+0000] {processor.py:161} INFO - Started process (PID=451) to work on /home/airflow/.local/lib/python3.12/site-packages/airflow/example_dags/example_bash_decorator.py
[2024-04-09T08:28:01.822+0000] {processor.py:830} INFO - Processing file /home/airflow/.local/lib/python3.12/site-packages/airflow/example_dags/example_bash_decorator.py for tasks to queue
[2024-04-09T08:28:01.823+0000] {logging_mixin.py:188} INFO - [2024-04-09T08:28:01.823+0000] {dagbag.py:540} INFO - Filling up the DagBag from /home/airflow/.local/lib/python3.12/site-packages/airflow/example_dags/example_bash_decorator.py
[2024-04-09T08:28:01.832+0000] {processor.py:840} INFO - DAG(s) 'example_bash_decorator' retrieved from /home/airflow/.local/lib/python3.12/site-packages/airflow/example_dags/example_bash_decorator.py
[2024-04-09T08:28:01.845+0000] {logging_mixin.py:188} INFO - [2024-04-09T08:28:01.845+0000] {dag.py:3096} INFO - Sync 1 DAGs
[2024-04-09T08:28:01.853+0000] {logging_mixin.py:188} INFO - [2024-04-09T08:28:01.853+0000] {dag.py:3954} INFO - Setting next_dagrun for example_bash_decorator to None, run_after=None
[2024-04-09T08:28:01.864+0000] {processor.py:183} INFO - Processing /home/airflow/.local/lib/python3.12/site-packages/airflow/example_dags/example_bash_decorator.py took 0.046 seconds
[2024-04-09T08:28:31.917+0000] {processor.py:161} INFO - Started process (PID=509) to work on /home/airflow/.local/lib/python3.12/site-packages/airflow/example_dags/example_bash_decorator.py
[2024-04-09T08:28:31.918+0000] {processor.py:830} INFO - Processing file /home/airflow/.local/lib/python3.12/site-packages/airflow/example_dags/example_bash_decorator.py for tasks to queue
[2024-04-09T08:28:31.919+0000] {logging_mixin.py:188} INFO - [2024-04-09T08:28:31.919+0000] {dagbag.py:540} INFO - Filling up the DagBag from /home/airflow/.local/lib/python3.12/site-packages/airflow/example_dags/example_bash_decorator.py
[2024-04-09T08:28:31.926+0000] {processor.py:840} INFO - DAG(s) 'example_bash_decorator' retrieved from /home/airflow/.local/lib/python3.12/site-packages/airflow/example_dags/example_bash_decorator.py
[2024-04-09T08:28:31.939+0000] {logging_mixin.py:188} INFO - [2024-04-09T08:28:31.939+0000] {dag.py:3096} INFO - Sync 1 DAGs
[2024-04-09T08:28:31.946+0000] {logging_mixin.py:188} INFO - [2024-04-09T08:28:31.946+0000] {dag.py:3954} INFO - Setting next_dagrun for example_bash_decorator to None, run_after=None
[2024-04-09T08:28:31.957+0000] {processor.py:183} INFO - Processing /home/airflow/.local/lib/python3.12/site-packages/airflow/example_dags/example_bash_decorator.py took 0.042 seconds
[2024-04-09T08:29:02.552+0000] {processor.py:161} INFO - Started process (PID=567) to work on /home/airflow/.local/lib/python3.12/site-packages/airflow/example_dags/example_bash_decorator.py
[2024-04-09T08:29:02.552+0000] {processor.py:830} INFO - Processing file /home/airflow/.local/lib/python3.12/site-packages/airflow/example_dags/example_bash_decorator.py for tasks to queue
[2024-04-09T08:29:02.553+0000] {logging_mixin.py:188} INFO - [2024-04-09T08:29:02.553+0000] {dagbag.py:540} INFO - Filling up the DagBag from /home/airflow/.local/lib/python3.12/site-packages/airflow/example_dags/example_bash_decorator.py
[2024-04-09T08:29:02.560+0000] {processor.py:840} INFO - DAG(s) 'example_bash_decorator' retrieved from /home/airflow/.local/lib/python3.12/site-packages/airflow/example_dags/example_bash_decorator.py
[2024-04-09T08:29:02.574+0000] {logging_mixin.py:188} INFO - [2024-04-09T08:29:02.573+0000] {dag.py:3096} INFO - Sync 1 DAGs
[2024-04-09T08:29:02.581+0000] {logging_mixin.py:188} INFO - [2024-04-09T08:29:02.581+0000] {dag.py:3954} INFO - Setting next_dagrun for example_bash_decorator to None, run_after=None
[2024-04-09T08:29:02.591+0000] {processor.py:183} INFO - Processing /home/airflow/.local/lib/python3.12/site-packages/airflow/example_dags/example_bash_decorator.py took 0.043 seconds
[2024-04-09T08:29:33.356+0000] {processor.py:161} INFO - Started process (PID=625) to work on /home/airflow/.local/lib/python3.12/site-packages/airflow/example_dags/example_bash_decorator.py
[2024-04-09T08:29:33.356+0000] {processor.py:830} INFO - Processing file /home/airflow/.local/lib/python3.12/site-packages/airflow/example_dags/example_bash_decorator.py for tasks to queue
[2024-04-09T08:29:33.357+0000] {logging_mixin.py:188} INFO - [2024-04-09T08:29:33.357+0000] {dagbag.py:540} INFO - Filling up the DagBag from /home/airflow/.local/lib/python3.12/site-packages/airflow/example_dags/example_bash_decorator.py
[2024-04-09T08:29:33.365+0000] {processor.py:840} INFO - DAG(s) 'example_bash_decorator' retrieved from /home/airflow/.local/lib/python3.12/site-packages/airflow/example_dags/example_bash_decorator.py
[2024-04-09T08:29:33.381+0000] {logging_mixin.py:188} INFO - [2024-04-09T08:29:33.381+0000] {dag.py:3096} INFO - Sync 1 DAGs
[2024-04-09T08:29:33.389+0000] {logging_mixin.py:188} INFO - [2024-04-09T08:29:33.389+0000] {dag.py:3954} INFO - Setting next_dagrun for example_bash_decorator to None, run_after=None
[2024-04-09T08:29:33.404+0000] {processor.py:183} INFO - Processing /home/airflow/.local/lib/python3.12/site-packages/airflow/example_dags/example_bash_decorator.py took 0.052 seconds
[2024-04-09T08:30:04.082+0000] {processor.py:161} INFO - Started process (PID=683) to work on /home/airflow/.local/lib/python3.12/site-packages/airflow/example_dags/example_bash_decorator.py
[2024-04-09T08:30:04.082+0000] {processor.py:830} INFO - Processing file /home/airflow/.local/lib/python3.12/site-packages/airflow/example_dags/example_bash_decorator.py for tasks to queue
[2024-04-09T08:30:04.083+0000] {logging_mixin.py:188} INFO - [2024-04-09T08:30:04.083+0000] {dagbag.py:540} INFO - Filling up the DagBag from /home/airflow/.local/lib/python3.12/site-packages/airflow/example_dags/example_bash_decorator.py
[2024-04-09T08:30:04.091+0000] {processor.py:840} INFO - DAG(s) 'example_bash_decorator' retrieved from /home/airflow/.local/lib/python3.12/site-packages/airflow/example_dags/example_bash_decorator.py
[2024-04-09T08:30:04.106+0000] {logging_mixin.py:188} INFO - [2024-04-09T08:30:04.106+0000] {dag.py:3096} INFO - Sync 1 DAGs
[2024-04-09T08:30:04.114+0000] {logging_mixin.py:188} INFO - [2024-04-09T08:30:04.114+0000] {dag.py:3954} INFO - Setting next_dagrun for example_bash_decorator to None, run_after=None
[2024-04-09T08:30:04.125+0000] {processor.py:183} INFO - Processing /home/airflow/.local/lib/python3.12/site-packages/airflow/example_dags/example_bash_decorator.py took 0.047 seconds
[2024-04-09T08:30:34.717+0000] {processor.py:161} INFO - Started process (PID=741) to work on /home/airflow/.local/lib/python3.12/site-packages/airflow/example_dags/example_bash_decorator.py
[2024-04-09T08:30:34.717+0000] {processor.py:830} INFO - Processing file /home/airflow/.local/lib/python3.12/site-packages/airflow/example_dags/example_bash_decorator.py for tasks to queue
[2024-04-09T08:30:34.718+0000] {logging_mixin.py:188} INFO - [2024-04-09T08:30:34.718+0000] {dagbag.py:540} INFO - Filling up the DagBag from /home/airflow/.local/lib/python3.12/site-packages/airflow/example_dags/example_bash_decorator.py
[2024-04-09T08:30:34.727+0000] {processor.py:840} INFO - DAG(s) 'example_bash_decorator' retrieved from /home/airflow/.local/lib/python3.12/site-packages/airflow/example_dags/example_bash_decorator.py
[2024-04-09T08:30:34.741+0000] {logging_mixin.py:188} INFO - [2024-04-09T08:30:34.741+0000] {dag.py:3096} INFO - Sync 1 DAGs
[2024-04-09T08:30:34.750+0000] {logging_mixin.py:188} INFO - [2024-04-09T08:30:34.749+0000] {dag.py:3954} INFO - Setting next_dagrun for example_bash_decorator to None, run_after=None
[2024-04-09T08:30:34.761+0000] {processor.py:183} INFO - Processing /home/airflow/.local/lib/python3.12/site-packages/airflow/example_dags/example_bash_decorator.py took 0.047 seconds
[2024-04-09T08:31:05.047+0000] {processor.py:161} INFO - Started process (PID=799) to work on /home/airflow/.local/lib/python3.12/site-packages/airflow/example_dags/example_bash_decorator.py
[2024-04-09T08:31:05.048+0000] {processor.py:830} INFO - Processing file /home/airflow/.local/lib/python3.12/site-packages/airflow/example_dags/example_bash_decorator.py for tasks to queue
[2024-04-09T08:31:05.049+0000] {logging_mixin.py:188} INFO - [2024-04-09T08:31:05.049+0000] {dagbag.py:540} INFO - Filling up the DagBag from /home/airflow/.local/lib/python3.12/site-packages/airflow/example_dags/example_bash_decorator.py
[2024-04-09T08:31:05.057+0000] {processor.py:840} INFO - DAG(s) 'example_bash_decorator' retrieved from /home/airflow/.local/lib/python3.12/site-packages/airflow/example_dags/example_bash_decorator.py
[2024-04-09T08:31:05.074+0000] {logging_mixin.py:188} INFO - [2024-04-09T08:31:05.073+0000] {dag.py:3096} INFO - Sync 1 DAGs
[2024-04-09T08:31:05.082+0000] {logging_mixin.py:188} INFO - [2024-04-09T08:31:05.082+0000] {dag.py:3954} INFO - Setting next_dagrun for example_bash_decorator to None, run_after=None
[2024-04-09T08:31:05.093+0000] {processor.py:183} INFO - Processing /home/airflow/.local/lib/python3.12/site-packages/airflow/example_dags/example_bash_decorator.py took 0.049 seconds
[2024-04-09T08:31:35.321+0000] {processor.py:161} INFO - Started process (PID=857) to work on /home/airflow/.local/lib/python3.12/site-packages/airflow/example_dags/example_bash_decorator.py
[2024-04-09T08:31:35.321+0000] {processor.py:830} INFO - Processing file /home/airflow/.local/lib/python3.12/site-packages/airflow/example_dags/example_bash_decorator.py for tasks to queue
[2024-04-09T08:31:35.322+0000] {logging_mixin.py:188} INFO - [2024-04-09T08:31:35.322+0000] {dagbag.py:540} INFO - Filling up the DagBag from /home/airflow/.local/lib/python3.12/site-packages/airflow/example_dags/example_bash_decorator.py
[2024-04-09T08:31:35.331+0000] {processor.py:840} INFO - DAG(s) 'example_bash_decorator' retrieved from /home/airflow/.local/lib/python3.12/site-packages/airflow/example_dags/example_bash_decorator.py
[2024-04-09T08:31:35.346+0000] {logging_mixin.py:188} INFO - [2024-04-09T08:31:35.346+0000] {dag.py:3096} INFO - Sync 1 DAGs
[2024-04-09T08:31:35.353+0000] {logging_mixin.py:188} INFO - [2024-04-09T08:31:35.353+0000] {dag.py:3954} INFO - Setting next_dagrun for example_bash_decorator to None, run_after=None
[2024-04-09T08:31:35.364+0000] {processor.py:183} INFO - Processing /home/airflow/.local/lib/python3.12/site-packages/airflow/example_dags/example_bash_decorator.py took 0.047 seconds
[2024-04-09T08:32:05.841+0000] {processor.py:161} INFO - Started process (PID=915) to work on /home/airflow/.local/lib/python3.12/site-packages/airflow/example_dags/example_bash_decorator.py
[2024-04-09T08:32:05.842+0000] {processor.py:830} INFO - Processing file /home/airflow/.local/lib/python3.12/site-packages/airflow/example_dags/example_bash_decorator.py for tasks to queue
[2024-04-09T08:32:05.843+0000] {logging_mixin.py:188} INFO - [2024-04-09T08:32:05.843+0000] {dagbag.py:540} INFO - Filling up the DagBag from /home/airflow/.local/lib/python3.12/site-packages/airflow/example_dags/example_bash_decorator.py
[2024-04-09T08:32:05.851+0000] {processor.py:840} INFO - DAG(s) 'example_bash_decorator' retrieved from /home/airflow/.local/lib/python3.12/site-packages/airflow/example_dags/example_bash_decorator.py
[2024-04-09T08:32:05.866+0000] {logging_mixin.py:188} INFO - [2024-04-09T08:32:05.865+0000] {dag.py:3096} INFO - Sync 1 DAGs
[2024-04-09T08:32:05.873+0000] {logging_mixin.py:188} INFO - [2024-04-09T08:32:05.873+0000] {dag.py:3954} INFO - Setting next_dagrun for example_bash_decorator to None, run_after=None
[2024-04-09T08:32:05.884+0000] {processor.py:183} INFO - Processing /home/airflow/.local/lib/python3.12/site-packages/airflow/example_dags/example_bash_decorator.py took 0.046 seconds
[2024-04-09T08:32:35.992+0000] {processor.py:161} INFO - Started process (PID=973) to work on /home/airflow/.local/lib/python3.12/site-packages/airflow/example_dags/example_bash_decorator.py
[2024-04-09T08:32:35.992+0000] {processor.py:830} INFO - Processing file /home/airflow/.local/lib/python3.12/site-packages/airflow/example_dags/example_bash_decorator.py for tasks to queue
[2024-04-09T08:32:35.993+0000] {logging_mixin.py:188} INFO - [2024-04-09T08:32:35.993+0000] {dagbag.py:540} INFO - Filling up the DagBag from /home/airflow/.local/lib/python3.12/site-packages/airflow/example_dags/example_bash_decorator.py
[2024-04-09T08:32:36.000+0000] {processor.py:840} INFO - DAG(s) 'example_bash_decorator' retrieved from /home/airflow/.local/lib/python3.12/site-packages/airflow/example_dags/example_bash_decorator.py
[2024-04-09T08:32:36.014+0000] {logging_mixin.py:188} INFO - [2024-04-09T08:32:36.014+0000] {dag.py:3096} INFO - Sync 1 DAGs
[2024-04-09T08:32:36.022+0000] {logging_mixin.py:188} INFO - [2024-04-09T08:32:36.022+0000] {dag.py:3954} INFO - Setting next_dagrun for example_bash_decorator to None, run_after=None
[2024-04-09T08:32:36.032+0000] {processor.py:183} INFO - Processing /home/airflow/.local/lib/python3.12/site-packages/airflow/example_dags/example_bash_decorator.py took 0.044 seconds
[2024-04-09T08:33:06.395+0000] {processor.py:161} INFO - Started process (PID=1031) to work on /home/airflow/.local/lib/python3.12/site-packages/airflow/example_dags/example_bash_decorator.py
[2024-04-09T08:33:06.395+0000] {processor.py:830} INFO - Processing file /home/airflow/.local/lib/python3.12/site-packages/airflow/example_dags/example_bash_decorator.py for tasks to queue
[2024-04-09T08:33:06.396+0000] {logging_mixin.py:188} INFO - [2024-04-09T08:33:06.396+0000] {dagbag.py:540} INFO - Filling up the DagBag from /home/airflow/.local/lib/python3.12/site-packages/airflow/example_dags/example_bash_decorator.py
[2024-04-09T08:33:06.405+0000] {processor.py:840} INFO - DAG(s) 'example_bash_decorator' retrieved from /home/airflow/.local/lib/python3.12/site-packages/airflow/example_dags/example_bash_decorator.py
[2024-04-09T08:33:06.420+0000] {logging_mixin.py:188} INFO - [2024-04-09T08:33:06.420+0000] {dag.py:3096} INFO - Sync 1 DAGs
[2024-04-09T08:33:06.428+0000] {logging_mixin.py:188} INFO - [2024-04-09T08:33:06.428+0000] {dag.py:3954} INFO - Setting next_dagrun for example_bash_decorator to None, run_after=None
[2024-04-09T08:33:06.439+0000] {processor.py:183} INFO - Processing /home/airflow/.local/lib/python3.12/site-packages/airflow/example_dags/example_bash_decorator.py took 0.048 seconds
[2024-04-09T08:33:36.682+0000] {processor.py:161} INFO - Started process (PID=1089) to work on /home/airflow/.local/lib/python3.12/site-packages/airflow/example_dags/example_bash_decorator.py
[2024-04-09T08:33:36.682+0000] {processor.py:830} INFO - Processing file /home/airflow/.local/lib/python3.12/site-packages/airflow/example_dags/example_bash_decorator.py for tasks to queue
[2024-04-09T08:33:36.683+0000] {logging_mixin.py:188} INFO - [2024-04-09T08:33:36.683+0000] {dagbag.py:540} INFO - Filling up the DagBag from /home/airflow/.local/lib/python3.12/site-packages/airflow/example_dags/example_bash_decorator.py
[2024-04-09T08:33:36.691+0000] {processor.py:840} INFO - DAG(s) 'example_bash_decorator' retrieved from /home/airflow/.local/lib/python3.12/site-packages/airflow/example_dags/example_bash_decorator.py
[2024-04-09T08:33:36.704+0000] {logging_mixin.py:188} INFO - [2024-04-09T08:33:36.704+0000] {dag.py:3096} INFO - Sync 1 DAGs
[2024-04-09T08:33:36.712+0000] {logging_mixin.py:188} INFO - [2024-04-09T08:33:36.712+0000] {dag.py:3954} INFO - Setting next_dagrun for example_bash_decorator to None, run_after=None
[2024-04-09T08:33:36.725+0000] {processor.py:183} INFO - Processing /home/airflow/.local/lib/python3.12/site-packages/airflow/example_dags/example_bash_decorator.py took 0.047 seconds
[2024-04-09T08:34:07.499+0000] {processor.py:161} INFO - Started process (PID=1147) to work on /home/airflow/.local/lib/python3.12/site-packages/airflow/example_dags/example_bash_decorator.py
[2024-04-09T08:34:07.500+0000] {processor.py:830} INFO - Processing file /home/airflow/.local/lib/python3.12/site-packages/airflow/example_dags/example_bash_decorator.py for tasks to queue
[2024-04-09T08:34:07.501+0000] {logging_mixin.py:188} INFO - [2024-04-09T08:34:07.501+0000] {dagbag.py:540} INFO - Filling up the DagBag from /home/airflow/.local/lib/python3.12/site-packages/airflow/example_dags/example_bash_decorator.py
[2024-04-09T08:34:07.508+0000] {processor.py:840} INFO - DAG(s) 'example_bash_decorator' retrieved from /home/airflow/.local/lib/python3.12/site-packages/airflow/example_dags/example_bash_decorator.py
[2024-04-09T08:34:07.524+0000] {logging_mixin.py:188} INFO - [2024-04-09T08:34:07.523+0000] {dag.py:3096} INFO - Sync 1 DAGs
[2024-04-09T08:34:07.532+0000] {logging_mixin.py:188} INFO - [2024-04-09T08:34:07.532+0000] {dag.py:3954} INFO - Setting next_dagrun for example_bash_decorator to None, run_after=None
[2024-04-09T08:34:07.545+0000] {processor.py:183} INFO - Processing /home/airflow/.local/lib/python3.12/site-packages/airflow/example_dags/example_bash_decorator.py took 0.049 seconds
[2024-04-09T08:34:38.479+0000] {processor.py:161} INFO - Started process (PID=1205) to work on /home/airflow/.local/lib/python3.12/site-packages/airflow/example_dags/example_bash_decorator.py
[2024-04-09T08:34:38.479+0000] {processor.py:830} INFO - Processing file /home/airflow/.local/lib/python3.12/site-packages/airflow/example_dags/example_bash_decorator.py for tasks to queue
[2024-04-09T08:34:38.480+0000] {logging_mixin.py:188} INFO - [2024-04-09T08:34:38.480+0000] {dagbag.py:540} INFO - Filling up the DagBag from /home/airflow/.local/lib/python3.12/site-packages/airflow/example_dags/example_bash_decorator.py
[2024-04-09T08:34:38.487+0000] {processor.py:840} INFO - DAG(s) 'example_bash_decorator' retrieved from /home/airflow/.local/lib/python3.12/site-packages/airflow/example_dags/example_bash_decorator.py
[2024-04-09T08:34:38.502+0000] {logging_mixin.py:188} INFO - [2024-04-09T08:34:38.502+0000] {dag.py:3096} INFO - Sync 1 DAGs
[2024-04-09T08:34:38.510+0000] {logging_mixin.py:188} INFO - [2024-04-09T08:34:38.510+0000] {dag.py:3954} INFO - Setting next_dagrun for example_bash_decorator to None, run_after=None
[2024-04-09T08:34:38.521+0000] {processor.py:183} INFO - Processing /home/airflow/.local/lib/python3.12/site-packages/airflow/example_dags/example_bash_decorator.py took 0.045 seconds
[2024-04-09T08:35:08.572+0000] {processor.py:161} INFO - Started process (PID=1263) to work on /home/airflow/.local/lib/python3.12/site-packages/airflow/example_dags/example_bash_decorator.py
[2024-04-09T08:35:08.572+0000] {processor.py:830} INFO - Processing file /home/airflow/.local/lib/python3.12/site-packages/airflow/example_dags/example_bash_decorator.py for tasks to queue
[2024-04-09T08:35:08.573+0000] {logging_mixin.py:188} INFO - [2024-04-09T08:35:08.573+0000] {dagbag.py:540} INFO - Filling up the DagBag from /home/airflow/.local/lib/python3.12/site-packages/airflow/example_dags/example_bash_decorator.py
[2024-04-09T08:35:08.581+0000] {processor.py:840} INFO - DAG(s) 'example_bash_decorator' retrieved from /home/airflow/.local/lib/python3.12/site-packages/airflow/example_dags/example_bash_decorator.py
[2024-04-09T08:35:08.594+0000] {logging_mixin.py:188} INFO - [2024-04-09T08:35:08.594+0000] {dag.py:3096} INFO - Sync 1 DAGs
[2024-04-09T08:35:08.601+0000] {logging_mixin.py:188} INFO - [2024-04-09T08:35:08.601+0000] {dag.py:3954} INFO - Setting next_dagrun for example_bash_decorator to None, run_after=None
[2024-04-09T08:35:08.613+0000] {processor.py:183} INFO - Processing /home/airflow/.local/lib/python3.12/site-packages/airflow/example_dags/example_bash_decorator.py took 0.044 seconds
[2024-04-09T08:35:38.648+0000] {processor.py:161} INFO - Started process (PID=1321) to work on /home/airflow/.local/lib/python3.12/site-packages/airflow/example_dags/example_bash_decorator.py
[2024-04-09T08:35:38.649+0000] {processor.py:830} INFO - Processing file /home/airflow/.local/lib/python3.12/site-packages/airflow/example_dags/example_bash_decorator.py for tasks to queue
[2024-04-09T08:35:38.650+0000] {logging_mixin.py:188} INFO - [2024-04-09T08:35:38.650+0000] {dagbag.py:540} INFO - Filling up the DagBag from /home/airflow/.local/lib/python3.12/site-packages/airflow/example_dags/example_bash_decorator.py
[2024-04-09T08:35:38.657+0000] {processor.py:840} INFO - DAG(s) 'example_bash_decorator' retrieved from /home/airflow/.local/lib/python3.12/site-packages/airflow/example_dags/example_bash_decorator.py
[2024-04-09T08:35:38.670+0000] {logging_mixin.py:188} INFO - [2024-04-09T08:35:38.670+0000] {dag.py:3096} INFO - Sync 1 DAGs
[2024-04-09T08:35:38.677+0000] {logging_mixin.py:188} INFO - [2024-04-09T08:35:38.677+0000] {dag.py:3954} INFO - Setting next_dagrun for example_bash_decorator to None, run_after=None
[2024-04-09T08:35:38.688+0000] {processor.py:183} INFO - Processing /home/airflow/.local/lib/python3.12/site-packages/airflow/example_dags/example_bash_decorator.py took 0.043 seconds
[2024-04-09T08:36:09.459+0000] {processor.py:161} INFO - Started process (PID=1379) to work on /home/airflow/.local/lib/python3.12/site-packages/airflow/example_dags/example_bash_decorator.py
[2024-04-09T08:36:09.460+0000] {processor.py:830} INFO - Processing file /home/airflow/.local/lib/python3.12/site-packages/airflow/example_dags/example_bash_decorator.py for tasks to queue
[2024-04-09T08:36:09.461+0000] {logging_mixin.py:188} INFO - [2024-04-09T08:36:09.460+0000] {dagbag.py:540} INFO - Filling up the DagBag from /home/airflow/.local/lib/python3.12/site-packages/airflow/example_dags/example_bash_decorator.py
[2024-04-09T08:36:09.468+0000] {processor.py:840} INFO - DAG(s) 'example_bash_decorator' retrieved from /home/airflow/.local/lib/python3.12/site-packages/airflow/example_dags/example_bash_decorator.py
[2024-04-09T08:36:09.481+0000] {logging_mixin.py:188} INFO - [2024-04-09T08:36:09.481+0000] {dag.py:3096} INFO - Sync 1 DAGs
[2024-04-09T08:36:09.489+0000] {logging_mixin.py:188} INFO - [2024-04-09T08:36:09.488+0000] {dag.py:3954} INFO - Setting next_dagrun for example_bash_decorator to None, run_after=None
[2024-04-09T08:36:09.500+0000] {processor.py:183} INFO - Processing /home/airflow/.local/lib/python3.12/site-packages/airflow/example_dags/example_bash_decorator.py took 0.044 seconds
[2024-04-09T08:36:40.150+0000] {processor.py:161} INFO - Started process (PID=1437) to work on /home/airflow/.local/lib/python3.12/site-packages/airflow/example_dags/example_bash_decorator.py
[2024-04-09T08:36:40.151+0000] {processor.py:830} INFO - Processing file /home/airflow/.local/lib/python3.12/site-packages/airflow/example_dags/example_bash_decorator.py for tasks to queue
[2024-04-09T08:36:40.152+0000] {logging_mixin.py:188} INFO - [2024-04-09T08:36:40.152+0000] {dagbag.py:540} INFO - Filling up the DagBag from /home/airflow/.local/lib/python3.12/site-packages/airflow/example_dags/example_bash_decorator.py
[2024-04-09T08:36:40.159+0000] {processor.py:840} INFO - DAG(s) 'example_bash_decorator' retrieved from /home/airflow/.local/lib/python3.12/site-packages/airflow/example_dags/example_bash_decorator.py
[2024-04-09T08:36:40.173+0000] {logging_mixin.py:188} INFO - [2024-04-09T08:36:40.173+0000] {dag.py:3096} INFO - Sync 1 DAGs
[2024-04-09T08:36:40.181+0000] {logging_mixin.py:188} INFO - [2024-04-09T08:36:40.180+0000] {dag.py:3954} INFO - Setting next_dagrun for example_bash_decorator to None, run_after=None
[2024-04-09T08:36:40.192+0000] {processor.py:183} INFO - Processing /home/airflow/.local/lib/python3.12/site-packages/airflow/example_dags/example_bash_decorator.py took 0.044 seconds
[2024-04-09T08:37:10.761+0000] {processor.py:161} INFO - Started process (PID=1495) to work on /home/airflow/.local/lib/python3.12/site-packages/airflow/example_dags/example_bash_decorator.py
[2024-04-09T08:37:10.762+0000] {processor.py:830} INFO - Processing file /home/airflow/.local/lib/python3.12/site-packages/airflow/example_dags/example_bash_decorator.py for tasks to queue
[2024-04-09T08:37:10.763+0000] {logging_mixin.py:188} INFO - [2024-04-09T08:37:10.763+0000] {dagbag.py:540} INFO - Filling up the DagBag from /home/airflow/.local/lib/python3.12/site-packages/airflow/example_dags/example_bash_decorator.py
[2024-04-09T08:37:10.772+0000] {processor.py:840} INFO - DAG(s) 'example_bash_decorator' retrieved from /home/airflow/.local/lib/python3.12/site-packages/airflow/example_dags/example_bash_decorator.py
[2024-04-09T08:37:10.786+0000] {logging_mixin.py:188} INFO - [2024-04-09T08:37:10.786+0000] {dag.py:3096} INFO - Sync 1 DAGs
[2024-04-09T08:37:10.795+0000] {logging_mixin.py:188} INFO - [2024-04-09T08:37:10.795+0000] {dag.py:3954} INFO - Setting next_dagrun for example_bash_decorator to None, run_after=None
[2024-04-09T08:37:10.808+0000] {processor.py:183} INFO - Processing /home/airflow/.local/lib/python3.12/site-packages/airflow/example_dags/example_bash_decorator.py took 0.049 seconds
[2024-04-09T08:37:41.313+0000] {processor.py:161} INFO - Started process (PID=1553) to work on /home/airflow/.local/lib/python3.12/site-packages/airflow/example_dags/example_bash_decorator.py
[2024-04-09T08:37:41.313+0000] {processor.py:830} INFO - Processing file /home/airflow/.local/lib/python3.12/site-packages/airflow/example_dags/example_bash_decorator.py for tasks to queue
[2024-04-09T08:37:41.314+0000] {logging_mixin.py:188} INFO - [2024-04-09T08:37:41.314+0000] {dagbag.py:540} INFO - Filling up the DagBag from /home/airflow/.local/lib/python3.12/site-packages/airflow/example_dags/example_bash_decorator.py
[2024-04-09T08:37:41.321+0000] {processor.py:840} INFO - DAG(s) 'example_bash_decorator' retrieved from /home/airflow/.local/lib/python3.12/site-packages/airflow/example_dags/example_bash_decorator.py
[2024-04-09T08:37:41.334+0000] {logging_mixin.py:188} INFO - [2024-04-09T08:37:41.334+0000] {dag.py:3096} INFO - Sync 1 DAGs
[2024-04-09T08:37:41.342+0000] {logging_mixin.py:188} INFO - [2024-04-09T08:37:41.341+0000] {dag.py:3954} INFO - Setting next_dagrun for example_bash_decorator to None, run_after=None
[2024-04-09T08:37:41.352+0000] {processor.py:183} INFO - Processing /home/airflow/.local/lib/python3.12/site-packages/airflow/example_dags/example_bash_decorator.py took 0.043 seconds
[2024-04-09T08:38:11.919+0000] {processor.py:161} INFO - Started process (PID=1611) to work on /home/airflow/.local/lib/python3.12/site-packages/airflow/example_dags/example_bash_decorator.py
[2024-04-09T08:38:11.920+0000] {processor.py:830} INFO - Processing file /home/airflow/.local/lib/python3.12/site-packages/airflow/example_dags/example_bash_decorator.py for tasks to queue
[2024-04-09T08:38:11.921+0000] {logging_mixin.py:188} INFO - [2024-04-09T08:38:11.920+0000] {dagbag.py:540} INFO - Filling up the DagBag from /home/airflow/.local/lib/python3.12/site-packages/airflow/example_dags/example_bash_decorator.py
[2024-04-09T08:38:11.928+0000] {processor.py:840} INFO - DAG(s) 'example_bash_decorator' retrieved from /home/airflow/.local/lib/python3.12/site-packages/airflow/example_dags/example_bash_decorator.py
[2024-04-09T08:38:11.942+0000] {logging_mixin.py:188} INFO - [2024-04-09T08:38:11.942+0000] {dag.py:3096} INFO - Sync 1 DAGs
[2024-04-09T08:38:11.950+0000] {logging_mixin.py:188} INFO - [2024-04-09T08:38:11.950+0000] {dag.py:3954} INFO - Setting next_dagrun for example_bash_decorator to None, run_after=None
[2024-04-09T08:38:11.960+0000] {processor.py:183} INFO - Processing /home/airflow/.local/lib/python3.12/site-packages/airflow/example_dags/example_bash_decorator.py took 0.044 seconds
[2024-04-09T08:38:42.629+0000] {processor.py:161} INFO - Started process (PID=1669) to work on /home/airflow/.local/lib/python3.12/site-packages/airflow/example_dags/example_bash_decorator.py
[2024-04-09T08:38:42.630+0000] {processor.py:830} INFO - Processing file /home/airflow/.local/lib/python3.12/site-packages/airflow/example_dags/example_bash_decorator.py for tasks to queue
[2024-04-09T08:38:42.631+0000] {logging_mixin.py:188} INFO - [2024-04-09T08:38:42.630+0000] {dagbag.py:540} INFO - Filling up the DagBag from /home/airflow/.local/lib/python3.12/site-packages/airflow/example_dags/example_bash_decorator.py
[2024-04-09T08:38:42.638+0000] {processor.py:840} INFO - DAG(s) 'example_bash_decorator' retrieved from /home/airflow/.local/lib/python3.12/site-packages/airflow/example_dags/example_bash_decorator.py
[2024-04-09T08:38:42.651+0000] {logging_mixin.py:188} INFO - [2024-04-09T08:38:42.651+0000] {dag.py:3096} INFO - Sync 1 DAGs
[2024-04-09T08:38:42.658+0000] {logging_mixin.py:188} INFO - [2024-04-09T08:38:42.658+0000] {dag.py:3954} INFO - Setting next_dagrun for example_bash_decorator to None, run_after=None
[2024-04-09T08:38:42.669+0000] {processor.py:183} INFO - Processing /home/airflow/.local/lib/python3.12/site-packages/airflow/example_dags/example_bash_decorator.py took 0.044 seconds
[2024-04-09T08:39:13.308+0000] {processor.py:161} INFO - Started process (PID=1727) to work on /home/airflow/.local/lib/python3.12/site-packages/airflow/example_dags/example_bash_decorator.py
[2024-04-09T08:39:13.308+0000] {processor.py:830} INFO - Processing file /home/airflow/.local/lib/python3.12/site-packages/airflow/example_dags/example_bash_decorator.py for tasks to queue
[2024-04-09T08:39:13.309+0000] {logging_mixin.py:188} INFO - [2024-04-09T08:39:13.309+0000] {dagbag.py:540} INFO - Filling up the DagBag from /home/airflow/.local/lib/python3.12/site-packages/airflow/example_dags/example_bash_decorator.py
[2024-04-09T08:39:13.316+0000] {processor.py:840} INFO - DAG(s) 'example_bash_decorator' retrieved from /home/airflow/.local/lib/python3.12/site-packages/airflow/example_dags/example_bash_decorator.py
[2024-04-09T08:39:13.328+0000] {logging_mixin.py:188} INFO - [2024-04-09T08:39:13.328+0000] {dag.py:3096} INFO - Sync 1 DAGs
[2024-04-09T08:39:13.335+0000] {logging_mixin.py:188} INFO - [2024-04-09T08:39:13.334+0000] {dag.py:3954} INFO - Setting next_dagrun for example_bash_decorator to None, run_after=None
[2024-04-09T08:39:13.346+0000] {processor.py:183} INFO - Processing /home/airflow/.local/lib/python3.12/site-packages/airflow/example_dags/example_bash_decorator.py took 0.041 seconds
[2024-04-09T08:39:43.897+0000] {processor.py:161} INFO - Started process (PID=1785) to work on /home/airflow/.local/lib/python3.12/site-packages/airflow/example_dags/example_bash_decorator.py
[2024-04-09T08:39:43.898+0000] {processor.py:830} INFO - Processing file /home/airflow/.local/lib/python3.12/site-packages/airflow/example_dags/example_bash_decorator.py for tasks to queue
[2024-04-09T08:39:43.899+0000] {logging_mixin.py:188} INFO - [2024-04-09T08:39:43.898+0000] {dagbag.py:540} INFO - Filling up the DagBag from /home/airflow/.local/lib/python3.12/site-packages/airflow/example_dags/example_bash_decorator.py
[2024-04-09T08:39:43.906+0000] {processor.py:840} INFO - DAG(s) 'example_bash_decorator' retrieved from /home/airflow/.local/lib/python3.12/site-packages/airflow/example_dags/example_bash_decorator.py
[2024-04-09T08:39:43.921+0000] {logging_mixin.py:188} INFO - [2024-04-09T08:39:43.920+0000] {dag.py:3096} INFO - Sync 1 DAGs
[2024-04-09T08:39:43.928+0000] {logging_mixin.py:188} INFO - [2024-04-09T08:39:43.928+0000] {dag.py:3954} INFO - Setting next_dagrun for example_bash_decorator to None, run_after=None
[2024-04-09T08:39:43.940+0000] {processor.py:183} INFO - Processing /home/airflow/.local/lib/python3.12/site-packages/airflow/example_dags/example_bash_decorator.py took 0.046 seconds
[2024-04-09T08:40:14.667+0000] {processor.py:161} INFO - Started process (PID=1843) to work on /home/airflow/.local/lib/python3.12/site-packages/airflow/example_dags/example_bash_decorator.py
[2024-04-09T08:40:14.668+0000] {processor.py:830} INFO - Processing file /home/airflow/.local/lib/python3.12/site-packages/airflow/example_dags/example_bash_decorator.py for tasks to queue
[2024-04-09T08:40:14.669+0000] {logging_mixin.py:188} INFO - [2024-04-09T08:40:14.669+0000] {dagbag.py:540} INFO - Filling up the DagBag from /home/airflow/.local/lib/python3.12/site-packages/airflow/example_dags/example_bash_decorator.py
[2024-04-09T08:40:14.676+0000] {processor.py:840} INFO - DAG(s) 'example_bash_decorator' retrieved from /home/airflow/.local/lib/python3.12/site-packages/airflow/example_dags/example_bash_decorator.py
[2024-04-09T08:40:14.689+0000] {logging_mixin.py:188} INFO - [2024-04-09T08:40:14.689+0000] {dag.py:3096} INFO - Sync 1 DAGs
[2024-04-09T08:40:14.696+0000] {logging_mixin.py:188} INFO - [2024-04-09T08:40:14.696+0000] {dag.py:3954} INFO - Setting next_dagrun for example_bash_decorator to None, run_after=None
[2024-04-09T08:40:14.707+0000] {processor.py:183} INFO - Processing /home/airflow/.local/lib/python3.12/site-packages/airflow/example_dags/example_bash_decorator.py took 0.042 seconds
[2024-04-09T08:40:45.246+0000] {processor.py:161} INFO - Started process (PID=1901) to work on /home/airflow/.local/lib/python3.12/site-packages/airflow/example_dags/example_bash_decorator.py
[2024-04-09T08:40:45.246+0000] {processor.py:830} INFO - Processing file /home/airflow/.local/lib/python3.12/site-packages/airflow/example_dags/example_bash_decorator.py for tasks to queue
[2024-04-09T08:40:45.248+0000] {logging_mixin.py:188} INFO - [2024-04-09T08:40:45.247+0000] {dagbag.py:540} INFO - Filling up the DagBag from /home/airflow/.local/lib/python3.12/site-packages/airflow/example_dags/example_bash_decorator.py
[2024-04-09T08:40:45.255+0000] {processor.py:840} INFO - DAG(s) 'example_bash_decorator' retrieved from /home/airflow/.local/lib/python3.12/site-packages/airflow/example_dags/example_bash_decorator.py
[2024-04-09T08:40:45.268+0000] {logging_mixin.py:188} INFO - [2024-04-09T08:40:45.268+0000] {dag.py:3096} INFO - Sync 1 DAGs
[2024-04-09T08:40:45.275+0000] {logging_mixin.py:188} INFO - [2024-04-09T08:40:45.275+0000] {dag.py:3954} INFO - Setting next_dagrun for example_bash_decorator to None, run_after=None
[2024-04-09T08:40:45.285+0000] {processor.py:183} INFO - Processing /home/airflow/.local/lib/python3.12/site-packages/airflow/example_dags/example_bash_decorator.py took 0.042 seconds
[2024-04-09T08:41:15.938+0000] {processor.py:161} INFO - Started process (PID=1959) to work on /home/airflow/.local/lib/python3.12/site-packages/airflow/example_dags/example_bash_decorator.py
[2024-04-09T08:41:15.938+0000] {processor.py:830} INFO - Processing file /home/airflow/.local/lib/python3.12/site-packages/airflow/example_dags/example_bash_decorator.py for tasks to queue
[2024-04-09T08:41:15.939+0000] {logging_mixin.py:188} INFO - [2024-04-09T08:41:15.939+0000] {dagbag.py:540} INFO - Filling up the DagBag from /home/airflow/.local/lib/python3.12/site-packages/airflow/example_dags/example_bash_decorator.py
[2024-04-09T08:41:15.947+0000] {processor.py:840} INFO - DAG(s) 'example_bash_decorator' retrieved from /home/airflow/.local/lib/python3.12/site-packages/airflow/example_dags/example_bash_decorator.py
[2024-04-09T08:41:15.960+0000] {logging_mixin.py:188} INFO - [2024-04-09T08:41:15.960+0000] {dag.py:3096} INFO - Sync 1 DAGs
[2024-04-09T08:41:15.967+0000] {logging_mixin.py:188} INFO - [2024-04-09T08:41:15.967+0000] {dag.py:3954} INFO - Setting next_dagrun for example_bash_decorator to None, run_after=None
[2024-04-09T08:41:15.979+0000] {processor.py:183} INFO - Processing /home/airflow/.local/lib/python3.12/site-packages/airflow/example_dags/example_bash_decorator.py took 0.044 seconds
[2024-04-09T08:41:46.741+0000] {processor.py:161} INFO - Started process (PID=2017) to work on /home/airflow/.local/lib/python3.12/site-packages/airflow/example_dags/example_bash_decorator.py
[2024-04-09T08:41:46.742+0000] {processor.py:830} INFO - Processing file /home/airflow/.local/lib/python3.12/site-packages/airflow/example_dags/example_bash_decorator.py for tasks to queue
[2024-04-09T08:41:46.742+0000] {logging_mixin.py:188} INFO - [2024-04-09T08:41:46.742+0000] {dagbag.py:540} INFO - Filling up the DagBag from /home/airflow/.local/lib/python3.12/site-packages/airflow/example_dags/example_bash_decorator.py
[2024-04-09T08:41:46.750+0000] {processor.py:840} INFO - DAG(s) 'example_bash_decorator' retrieved from /home/airflow/.local/lib/python3.12/site-packages/airflow/example_dags/example_bash_decorator.py
[2024-04-09T08:41:46.763+0000] {logging_mixin.py:188} INFO - [2024-04-09T08:41:46.763+0000] {dag.py:3096} INFO - Sync 1 DAGs
[2024-04-09T08:41:46.770+0000] {logging_mixin.py:188} INFO - [2024-04-09T08:41:46.770+0000] {dag.py:3954} INFO - Setting next_dagrun for example_bash_decorator to None, run_after=None
[2024-04-09T08:41:46.782+0000] {processor.py:183} INFO - Processing /home/airflow/.local/lib/python3.12/site-packages/airflow/example_dags/example_bash_decorator.py took 0.044 seconds
[2024-04-09T08:42:17.264+0000] {processor.py:161} INFO - Started process (PID=2075) to work on /home/airflow/.local/lib/python3.12/site-packages/airflow/example_dags/example_bash_decorator.py
[2024-04-09T08:42:17.265+0000] {processor.py:830} INFO - Processing file /home/airflow/.local/lib/python3.12/site-packages/airflow/example_dags/example_bash_decorator.py for tasks to queue
[2024-04-09T08:42:17.266+0000] {logging_mixin.py:188} INFO - [2024-04-09T08:42:17.266+0000] {dagbag.py:540} INFO - Filling up the DagBag from /home/airflow/.local/lib/python3.12/site-packages/airflow/example_dags/example_bash_decorator.py
[2024-04-09T08:42:17.274+0000] {processor.py:840} INFO - DAG(s) 'example_bash_decorator' retrieved from /home/airflow/.local/lib/python3.12/site-packages/airflow/example_dags/example_bash_decorator.py
[2024-04-09T08:42:17.288+0000] {logging_mixin.py:188} INFO - [2024-04-09T08:42:17.288+0000] {dag.py:3096} INFO - Sync 1 DAGs
[2024-04-09T08:42:17.296+0000] {logging_mixin.py:188} INFO - [2024-04-09T08:42:17.296+0000] {dag.py:3954} INFO - Setting next_dagrun for example_bash_decorator to None, run_after=None
[2024-04-09T08:42:17.307+0000] {processor.py:183} INFO - Processing /home/airflow/.local/lib/python3.12/site-packages/airflow/example_dags/example_bash_decorator.py took 0.046 seconds
[2024-04-09T08:42:48.003+0000] {processor.py:161} INFO - Started process (PID=2133) to work on /home/airflow/.local/lib/python3.12/site-packages/airflow/example_dags/example_bash_decorator.py
[2024-04-09T08:42:48.004+0000] {processor.py:830} INFO - Processing file /home/airflow/.local/lib/python3.12/site-packages/airflow/example_dags/example_bash_decorator.py for tasks to queue
[2024-04-09T08:42:48.005+0000] {logging_mixin.py:188} INFO - [2024-04-09T08:42:48.005+0000] {dagbag.py:540} INFO - Filling up the DagBag from /home/airflow/.local/lib/python3.12/site-packages/airflow/example_dags/example_bash_decorator.py
[2024-04-09T08:42:48.012+0000] {processor.py:840} INFO - DAG(s) 'example_bash_decorator' retrieved from /home/airflow/.local/lib/python3.12/site-packages/airflow/example_dags/example_bash_decorator.py
[2024-04-09T08:42:48.025+0000] {logging_mixin.py:188} INFO - [2024-04-09T08:42:48.025+0000] {dag.py:3096} INFO - Sync 1 DAGs
[2024-04-09T08:42:48.033+0000] {logging_mixin.py:188} INFO - [2024-04-09T08:42:48.033+0000] {dag.py:3954} INFO - Setting next_dagrun for example_bash_decorator to None, run_after=None
[2024-04-09T08:42:48.045+0000] {processor.py:183} INFO - Processing /home/airflow/.local/lib/python3.12/site-packages/airflow/example_dags/example_bash_decorator.py took 0.044 seconds
[2024-04-09T08:43:18.649+0000] {processor.py:161} INFO - Started process (PID=2191) to work on /home/airflow/.local/lib/python3.12/site-packages/airflow/example_dags/example_bash_decorator.py
[2024-04-09T08:43:18.649+0000] {processor.py:830} INFO - Processing file /home/airflow/.local/lib/python3.12/site-packages/airflow/example_dags/example_bash_decorator.py for tasks to queue
[2024-04-09T08:43:18.650+0000] {logging_mixin.py:188} INFO - [2024-04-09T08:43:18.650+0000] {dagbag.py:540} INFO - Filling up the DagBag from /home/airflow/.local/lib/python3.12/site-packages/airflow/example_dags/example_bash_decorator.py
[2024-04-09T08:43:18.658+0000] {processor.py:840} INFO - DAG(s) 'example_bash_decorator' retrieved from /home/airflow/.local/lib/python3.12/site-packages/airflow/example_dags/example_bash_decorator.py
[2024-04-09T08:43:18.671+0000] {logging_mixin.py:188} INFO - [2024-04-09T08:43:18.671+0000] {dag.py:3096} INFO - Sync 1 DAGs
[2024-04-09T08:43:18.678+0000] {logging_mixin.py:188} INFO - [2024-04-09T08:43:18.678+0000] {dag.py:3954} INFO - Setting next_dagrun for example_bash_decorator to None, run_after=None
[2024-04-09T08:43:18.689+0000] {processor.py:183} INFO - Processing /home/airflow/.local/lib/python3.12/site-packages/airflow/example_dags/example_bash_decorator.py took 0.043 seconds
[2024-04-09T08:43:49.361+0000] {processor.py:161} INFO - Started process (PID=2255) to work on /home/airflow/.local/lib/python3.12/site-packages/airflow/example_dags/example_bash_decorator.py
[2024-04-09T08:43:49.361+0000] {processor.py:830} INFO - Processing file /home/airflow/.local/lib/python3.12/site-packages/airflow/example_dags/example_bash_decorator.py for tasks to queue
[2024-04-09T08:43:49.362+0000] {logging_mixin.py:188} INFO - [2024-04-09T08:43:49.362+0000] {dagbag.py:540} INFO - Filling up the DagBag from /home/airflow/.local/lib/python3.12/site-packages/airflow/example_dags/example_bash_decorator.py
[2024-04-09T08:43:49.370+0000] {processor.py:840} INFO - DAG(s) 'example_bash_decorator' retrieved from /home/airflow/.local/lib/python3.12/site-packages/airflow/example_dags/example_bash_decorator.py
[2024-04-09T08:43:49.384+0000] {logging_mixin.py:188} INFO - [2024-04-09T08:43:49.384+0000] {dag.py:3096} INFO - Sync 1 DAGs
[2024-04-09T08:43:49.392+0000] {logging_mixin.py:188} INFO - [2024-04-09T08:43:49.392+0000] {dag.py:3954} INFO - Setting next_dagrun for example_bash_decorator to None, run_after=None
[2024-04-09T08:43:49.403+0000] {processor.py:183} INFO - Processing /home/airflow/.local/lib/python3.12/site-packages/airflow/example_dags/example_bash_decorator.py took 0.045 seconds
[2024-04-09T08:44:20.043+0000] {processor.py:161} INFO - Started process (PID=2313) to work on /home/airflow/.local/lib/python3.12/site-packages/airflow/example_dags/example_bash_decorator.py
[2024-04-09T08:44:20.043+0000] {processor.py:830} INFO - Processing file /home/airflow/.local/lib/python3.12/site-packages/airflow/example_dags/example_bash_decorator.py for tasks to queue
[2024-04-09T08:44:20.044+0000] {logging_mixin.py:188} INFO - [2024-04-09T08:44:20.044+0000] {dagbag.py:540} INFO - Filling up the DagBag from /home/airflow/.local/lib/python3.12/site-packages/airflow/example_dags/example_bash_decorator.py
[2024-04-09T08:44:20.052+0000] {processor.py:840} INFO - DAG(s) 'example_bash_decorator' retrieved from /home/airflow/.local/lib/python3.12/site-packages/airflow/example_dags/example_bash_decorator.py
[2024-04-09T08:44:20.066+0000] {logging_mixin.py:188} INFO - [2024-04-09T08:44:20.066+0000] {dag.py:3096} INFO - Sync 1 DAGs
[2024-04-09T08:44:20.075+0000] {logging_mixin.py:188} INFO - [2024-04-09T08:44:20.075+0000] {dag.py:3954} INFO - Setting next_dagrun for example_bash_decorator to None, run_after=None
[2024-04-09T08:44:20.087+0000] {processor.py:183} INFO - Processing /home/airflow/.local/lib/python3.12/site-packages/airflow/example_dags/example_bash_decorator.py took 0.048 seconds
[2024-04-09T08:44:50.836+0000] {processor.py:161} INFO - Started process (PID=2371) to work on /home/airflow/.local/lib/python3.12/site-packages/airflow/example_dags/example_bash_decorator.py
[2024-04-09T08:44:50.837+0000] {processor.py:830} INFO - Processing file /home/airflow/.local/lib/python3.12/site-packages/airflow/example_dags/example_bash_decorator.py for tasks to queue
[2024-04-09T08:44:50.838+0000] {logging_mixin.py:188} INFO - [2024-04-09T08:44:50.838+0000] {dagbag.py:540} INFO - Filling up the DagBag from /home/airflow/.local/lib/python3.12/site-packages/airflow/example_dags/example_bash_decorator.py
[2024-04-09T08:44:50.845+0000] {processor.py:840} INFO - DAG(s) 'example_bash_decorator' retrieved from /home/airflow/.local/lib/python3.12/site-packages/airflow/example_dags/example_bash_decorator.py
[2024-04-09T08:44:50.861+0000] {logging_mixin.py:188} INFO - [2024-04-09T08:44:50.860+0000] {dag.py:3096} INFO - Sync 1 DAGs
[2024-04-09T08:44:50.869+0000] {logging_mixin.py:188} INFO - [2024-04-09T08:44:50.869+0000] {dag.py:3954} INFO - Setting next_dagrun for example_bash_decorator to None, run_after=None
[2024-04-09T08:44:50.881+0000] {processor.py:183} INFO - Processing /home/airflow/.local/lib/python3.12/site-packages/airflow/example_dags/example_bash_decorator.py took 0.048 seconds
[2024-04-09T08:45:21.675+0000] {processor.py:161} INFO - Started process (PID=2429) to work on /home/airflow/.local/lib/python3.12/site-packages/airflow/example_dags/example_bash_decorator.py
[2024-04-09T08:45:21.675+0000] {processor.py:830} INFO - Processing file /home/airflow/.local/lib/python3.12/site-packages/airflow/example_dags/example_bash_decorator.py for tasks to queue
[2024-04-09T08:45:21.676+0000] {logging_mixin.py:188} INFO - [2024-04-09T08:45:21.676+0000] {dagbag.py:540} INFO - Filling up the DagBag from /home/airflow/.local/lib/python3.12/site-packages/airflow/example_dags/example_bash_decorator.py
[2024-04-09T08:45:21.685+0000] {processor.py:840} INFO - DAG(s) 'example_bash_decorator' retrieved from /home/airflow/.local/lib/python3.12/site-packages/airflow/example_dags/example_bash_decorator.py
[2024-04-09T08:45:21.700+0000] {logging_mixin.py:188} INFO - [2024-04-09T08:45:21.699+0000] {dag.py:3096} INFO - Sync 1 DAGs
[2024-04-09T08:45:21.708+0000] {logging_mixin.py:188} INFO - [2024-04-09T08:45:21.708+0000] {dag.py:3954} INFO - Setting next_dagrun for example_bash_decorator to None, run_after=None
[2024-04-09T08:45:21.720+0000] {processor.py:183} INFO - Processing /home/airflow/.local/lib/python3.12/site-packages/airflow/example_dags/example_bash_decorator.py took 0.048 seconds
[2024-04-09T08:45:52.320+0000] {processor.py:161} INFO - Started process (PID=2487) to work on /home/airflow/.local/lib/python3.12/site-packages/airflow/example_dags/example_bash_decorator.py
[2024-04-09T08:45:52.320+0000] {processor.py:830} INFO - Processing file /home/airflow/.local/lib/python3.12/site-packages/airflow/example_dags/example_bash_decorator.py for tasks to queue
[2024-04-09T08:45:52.321+0000] {logging_mixin.py:188} INFO - [2024-04-09T08:45:52.321+0000] {dagbag.py:540} INFO - Filling up the DagBag from /home/airflow/.local/lib/python3.12/site-packages/airflow/example_dags/example_bash_decorator.py
[2024-04-09T08:45:52.329+0000] {processor.py:840} INFO - DAG(s) 'example_bash_decorator' retrieved from /home/airflow/.local/lib/python3.12/site-packages/airflow/example_dags/example_bash_decorator.py
[2024-04-09T08:45:52.343+0000] {logging_mixin.py:188} INFO - [2024-04-09T08:45:52.342+0000] {dag.py:3096} INFO - Sync 1 DAGs
[2024-04-09T08:45:52.350+0000] {logging_mixin.py:188} INFO - [2024-04-09T08:45:52.350+0000] {dag.py:3954} INFO - Setting next_dagrun for example_bash_decorator to None, run_after=None
[2024-04-09T08:45:52.362+0000] {processor.py:183} INFO - Processing /home/airflow/.local/lib/python3.12/site-packages/airflow/example_dags/example_bash_decorator.py took 0.045 seconds
[2024-04-09T08:46:22.983+0000] {processor.py:161} INFO - Started process (PID=2545) to work on /home/airflow/.local/lib/python3.12/site-packages/airflow/example_dags/example_bash_decorator.py
[2024-04-09T08:46:22.984+0000] {processor.py:830} INFO - Processing file /home/airflow/.local/lib/python3.12/site-packages/airflow/example_dags/example_bash_decorator.py for tasks to queue
[2024-04-09T08:46:22.985+0000] {logging_mixin.py:188} INFO - [2024-04-09T08:46:22.985+0000] {dagbag.py:540} INFO - Filling up the DagBag from /home/airflow/.local/lib/python3.12/site-packages/airflow/example_dags/example_bash_decorator.py
[2024-04-09T08:46:22.993+0000] {processor.py:840} INFO - DAG(s) 'example_bash_decorator' retrieved from /home/airflow/.local/lib/python3.12/site-packages/airflow/example_dags/example_bash_decorator.py
[2024-04-09T08:46:23.007+0000] {logging_mixin.py:188} INFO - [2024-04-09T08:46:23.006+0000] {dag.py:3096} INFO - Sync 1 DAGs
[2024-04-09T08:46:23.014+0000] {logging_mixin.py:188} INFO - [2024-04-09T08:46:23.014+0000] {dag.py:3954} INFO - Setting next_dagrun for example_bash_decorator to None, run_after=None
[2024-04-09T08:46:23.026+0000] {processor.py:183} INFO - Processing /home/airflow/.local/lib/python3.12/site-packages/airflow/example_dags/example_bash_decorator.py took 0.045 seconds
[2024-04-09T08:46:53.642+0000] {processor.py:161} INFO - Started process (PID=2603) to work on /home/airflow/.local/lib/python3.12/site-packages/airflow/example_dags/example_bash_decorator.py
[2024-04-09T08:46:53.642+0000] {processor.py:830} INFO - Processing file /home/airflow/.local/lib/python3.12/site-packages/airflow/example_dags/example_bash_decorator.py for tasks to queue
[2024-04-09T08:46:53.643+0000] {logging_mixin.py:188} INFO - [2024-04-09T08:46:53.643+0000] {dagbag.py:540} INFO - Filling up the DagBag from /home/airflow/.local/lib/python3.12/site-packages/airflow/example_dags/example_bash_decorator.py
[2024-04-09T08:46:53.650+0000] {processor.py:840} INFO - DAG(s) 'example_bash_decorator' retrieved from /home/airflow/.local/lib/python3.12/site-packages/airflow/example_dags/example_bash_decorator.py
[2024-04-09T08:46:53.662+0000] {logging_mixin.py:188} INFO - [2024-04-09T08:46:53.662+0000] {dag.py:3096} INFO - Sync 1 DAGs
[2024-04-09T08:46:53.669+0000] {logging_mixin.py:188} INFO - [2024-04-09T08:46:53.669+0000] {dag.py:3954} INFO - Setting next_dagrun for example_bash_decorator to None, run_after=None
[2024-04-09T08:46:53.679+0000] {processor.py:183} INFO - Processing /home/airflow/.local/lib/python3.12/site-packages/airflow/example_dags/example_bash_decorator.py took 0.041 seconds
[2024-04-09T08:47:24.164+0000] {processor.py:161} INFO - Started process (PID=2661) to work on /home/airflow/.local/lib/python3.12/site-packages/airflow/example_dags/example_bash_decorator.py
[2024-04-09T08:47:24.164+0000] {processor.py:830} INFO - Processing file /home/airflow/.local/lib/python3.12/site-packages/airflow/example_dags/example_bash_decorator.py for tasks to queue
[2024-04-09T08:47:24.165+0000] {logging_mixin.py:188} INFO - [2024-04-09T08:47:24.165+0000] {dagbag.py:540} INFO - Filling up the DagBag from /home/airflow/.local/lib/python3.12/site-packages/airflow/example_dags/example_bash_decorator.py
[2024-04-09T08:47:24.172+0000] {processor.py:840} INFO - DAG(s) 'example_bash_decorator' retrieved from /home/airflow/.local/lib/python3.12/site-packages/airflow/example_dags/example_bash_decorator.py
[2024-04-09T08:47:24.185+0000] {logging_mixin.py:188} INFO - [2024-04-09T08:47:24.185+0000] {dag.py:3096} INFO - Sync 1 DAGs
[2024-04-09T08:47:24.192+0000] {logging_mixin.py:188} INFO - [2024-04-09T08:47:24.192+0000] {dag.py:3954} INFO - Setting next_dagrun for example_bash_decorator to None, run_after=None
[2024-04-09T08:47:24.202+0000] {processor.py:183} INFO - Processing /home/airflow/.local/lib/python3.12/site-packages/airflow/example_dags/example_bash_decorator.py took 0.041 seconds
[2024-04-09T08:47:54.804+0000] {processor.py:161} INFO - Started process (PID=2719) to work on /home/airflow/.local/lib/python3.12/site-packages/airflow/example_dags/example_bash_decorator.py
[2024-04-09T08:47:54.804+0000] {processor.py:830} INFO - Processing file /home/airflow/.local/lib/python3.12/site-packages/airflow/example_dags/example_bash_decorator.py for tasks to queue
[2024-04-09T08:47:54.805+0000] {logging_mixin.py:188} INFO - [2024-04-09T08:47:54.805+0000] {dagbag.py:540} INFO - Filling up the DagBag from /home/airflow/.local/lib/python3.12/site-packages/airflow/example_dags/example_bash_decorator.py
[2024-04-09T08:47:54.813+0000] {processor.py:840} INFO - DAG(s) 'example_bash_decorator' retrieved from /home/airflow/.local/lib/python3.12/site-packages/airflow/example_dags/example_bash_decorator.py
[2024-04-09T08:47:54.825+0000] {logging_mixin.py:188} INFO - [2024-04-09T08:47:54.825+0000] {dag.py:3096} INFO - Sync 1 DAGs
[2024-04-09T08:47:54.833+0000] {logging_mixin.py:188} INFO - [2024-04-09T08:47:54.832+0000] {dag.py:3954} INFO - Setting next_dagrun for example_bash_decorator to None, run_after=None
[2024-04-09T08:47:54.844+0000] {processor.py:183} INFO - Processing /home/airflow/.local/lib/python3.12/site-packages/airflow/example_dags/example_bash_decorator.py took 0.043 seconds
[2024-04-09T08:48:25.606+0000] {processor.py:161} INFO - Started process (PID=2777) to work on /home/airflow/.local/lib/python3.12/site-packages/airflow/example_dags/example_bash_decorator.py
[2024-04-09T08:48:25.606+0000] {processor.py:830} INFO - Processing file /home/airflow/.local/lib/python3.12/site-packages/airflow/example_dags/example_bash_decorator.py for tasks to queue
[2024-04-09T08:48:25.607+0000] {logging_mixin.py:188} INFO - [2024-04-09T08:48:25.607+0000] {dagbag.py:540} INFO - Filling up the DagBag from /home/airflow/.local/lib/python3.12/site-packages/airflow/example_dags/example_bash_decorator.py
[2024-04-09T08:48:25.615+0000] {processor.py:840} INFO - DAG(s) 'example_bash_decorator' retrieved from /home/airflow/.local/lib/python3.12/site-packages/airflow/example_dags/example_bash_decorator.py
[2024-04-09T08:48:25.629+0000] {logging_mixin.py:188} INFO - [2024-04-09T08:48:25.629+0000] {dag.py:3096} INFO - Sync 1 DAGs
[2024-04-09T08:48:25.637+0000] {logging_mixin.py:188} INFO - [2024-04-09T08:48:25.637+0000] {dag.py:3954} INFO - Setting next_dagrun for example_bash_decorator to None, run_after=None
[2024-04-09T08:48:25.648+0000] {processor.py:183} INFO - Processing /home/airflow/.local/lib/python3.12/site-packages/airflow/example_dags/example_bash_decorator.py took 0.045 seconds
[2024-04-09T08:48:56.145+0000] {processor.py:161} INFO - Started process (PID=2835) to work on /home/airflow/.local/lib/python3.12/site-packages/airflow/example_dags/example_bash_decorator.py
[2024-04-09T08:48:56.146+0000] {processor.py:830} INFO - Processing file /home/airflow/.local/lib/python3.12/site-packages/airflow/example_dags/example_bash_decorator.py for tasks to queue
[2024-04-09T08:48:56.147+0000] {logging_mixin.py:188} INFO - [2024-04-09T08:48:56.147+0000] {dagbag.py:540} INFO - Filling up the DagBag from /home/airflow/.local/lib/python3.12/site-packages/airflow/example_dags/example_bash_decorator.py
[2024-04-09T08:48:56.154+0000] {processor.py:840} INFO - DAG(s) 'example_bash_decorator' retrieved from /home/airflow/.local/lib/python3.12/site-packages/airflow/example_dags/example_bash_decorator.py
[2024-04-09T08:48:56.169+0000] {logging_mixin.py:188} INFO - [2024-04-09T08:48:56.169+0000] {dag.py:3096} INFO - Sync 1 DAGs
[2024-04-09T08:48:56.176+0000] {logging_mixin.py:188} INFO - [2024-04-09T08:48:56.176+0000] {dag.py:3954} INFO - Setting next_dagrun for example_bash_decorator to None, run_after=None
[2024-04-09T08:48:56.187+0000] {processor.py:183} INFO - Processing /home/airflow/.local/lib/python3.12/site-packages/airflow/example_dags/example_bash_decorator.py took 0.045 seconds
[2024-04-09T08:49:26.731+0000] {processor.py:161} INFO - Started process (PID=2893) to work on /home/airflow/.local/lib/python3.12/site-packages/airflow/example_dags/example_bash_decorator.py
[2024-04-09T08:49:26.731+0000] {processor.py:830} INFO - Processing file /home/airflow/.local/lib/python3.12/site-packages/airflow/example_dags/example_bash_decorator.py for tasks to queue
[2024-04-09T08:49:26.732+0000] {logging_mixin.py:188} INFO - [2024-04-09T08:49:26.732+0000] {dagbag.py:540} INFO - Filling up the DagBag from /home/airflow/.local/lib/python3.12/site-packages/airflow/example_dags/example_bash_decorator.py
[2024-04-09T08:49:26.740+0000] {processor.py:840} INFO - DAG(s) 'example_bash_decorator' retrieved from /home/airflow/.local/lib/python3.12/site-packages/airflow/example_dags/example_bash_decorator.py
[2024-04-09T08:49:26.752+0000] {logging_mixin.py:188} INFO - [2024-04-09T08:49:26.752+0000] {dag.py:3096} INFO - Sync 1 DAGs
[2024-04-09T08:49:26.759+0000] {logging_mixin.py:188} INFO - [2024-04-09T08:49:26.759+0000] {dag.py:3954} INFO - Setting next_dagrun for example_bash_decorator to None, run_after=None
[2024-04-09T08:49:26.769+0000] {processor.py:183} INFO - Processing /home/airflow/.local/lib/python3.12/site-packages/airflow/example_dags/example_bash_decorator.py took 0.041 seconds
[2024-04-09T08:49:57.408+0000] {processor.py:161} INFO - Started process (PID=2951) to work on /home/airflow/.local/lib/python3.12/site-packages/airflow/example_dags/example_bash_decorator.py
[2024-04-09T08:49:57.408+0000] {processor.py:830} INFO - Processing file /home/airflow/.local/lib/python3.12/site-packages/airflow/example_dags/example_bash_decorator.py for tasks to queue
[2024-04-09T08:49:57.409+0000] {logging_mixin.py:188} INFO - [2024-04-09T08:49:57.409+0000] {dagbag.py:540} INFO - Filling up the DagBag from /home/airflow/.local/lib/python3.12/site-packages/airflow/example_dags/example_bash_decorator.py
[2024-04-09T08:49:57.416+0000] {processor.py:840} INFO - DAG(s) 'example_bash_decorator' retrieved from /home/airflow/.local/lib/python3.12/site-packages/airflow/example_dags/example_bash_decorator.py
[2024-04-09T08:49:57.430+0000] {logging_mixin.py:188} INFO - [2024-04-09T08:49:57.430+0000] {dag.py:3096} INFO - Sync 1 DAGs
[2024-04-09T08:49:57.437+0000] {logging_mixin.py:188} INFO - [2024-04-09T08:49:57.437+0000] {dag.py:3954} INFO - Setting next_dagrun for example_bash_decorator to None, run_after=None
[2024-04-09T08:49:57.448+0000] {processor.py:183} INFO - Processing /home/airflow/.local/lib/python3.12/site-packages/airflow/example_dags/example_bash_decorator.py took 0.043 seconds
[2024-04-09T08:50:28.244+0000] {processor.py:161} INFO - Started process (PID=3009) to work on /home/airflow/.local/lib/python3.12/site-packages/airflow/example_dags/example_bash_decorator.py
[2024-04-09T08:50:28.245+0000] {processor.py:830} INFO - Processing file /home/airflow/.local/lib/python3.12/site-packages/airflow/example_dags/example_bash_decorator.py for tasks to queue
[2024-04-09T08:50:28.246+0000] {logging_mixin.py:188} INFO - [2024-04-09T08:50:28.245+0000] {dagbag.py:540} INFO - Filling up the DagBag from /home/airflow/.local/lib/python3.12/site-packages/airflow/example_dags/example_bash_decorator.py
[2024-04-09T08:50:28.253+0000] {processor.py:840} INFO - DAG(s) 'example_bash_decorator' retrieved from /home/airflow/.local/lib/python3.12/site-packages/airflow/example_dags/example_bash_decorator.py
[2024-04-09T08:50:28.267+0000] {logging_mixin.py:188} INFO - [2024-04-09T08:50:28.267+0000] {dag.py:3096} INFO - Sync 1 DAGs
[2024-04-09T08:50:28.274+0000] {logging_mixin.py:188} INFO - [2024-04-09T08:50:28.274+0000] {dag.py:3954} INFO - Setting next_dagrun for example_bash_decorator to None, run_after=None
[2024-04-09T08:50:28.284+0000] {processor.py:183} INFO - Processing /home/airflow/.local/lib/python3.12/site-packages/airflow/example_dags/example_bash_decorator.py took 0.043 seconds
[2024-04-09T08:50:58.792+0000] {processor.py:161} INFO - Started process (PID=3067) to work on /home/airflow/.local/lib/python3.12/site-packages/airflow/example_dags/example_bash_decorator.py
[2024-04-09T08:50:58.793+0000] {processor.py:830} INFO - Processing file /home/airflow/.local/lib/python3.12/site-packages/airflow/example_dags/example_bash_decorator.py for tasks to queue
[2024-04-09T08:50:58.794+0000] {logging_mixin.py:188} INFO - [2024-04-09T08:50:58.793+0000] {dagbag.py:540} INFO - Filling up the DagBag from /home/airflow/.local/lib/python3.12/site-packages/airflow/example_dags/example_bash_decorator.py
[2024-04-09T08:50:58.801+0000] {processor.py:840} INFO - DAG(s) 'example_bash_decorator' retrieved from /home/airflow/.local/lib/python3.12/site-packages/airflow/example_dags/example_bash_decorator.py
[2024-04-09T08:50:58.813+0000] {logging_mixin.py:188} INFO - [2024-04-09T08:50:58.813+0000] {dag.py:3096} INFO - Sync 1 DAGs
[2024-04-09T08:50:58.820+0000] {logging_mixin.py:188} INFO - [2024-04-09T08:50:58.820+0000] {dag.py:3954} INFO - Setting next_dagrun for example_bash_decorator to None, run_after=None
[2024-04-09T08:50:58.830+0000] {processor.py:183} INFO - Processing /home/airflow/.local/lib/python3.12/site-packages/airflow/example_dags/example_bash_decorator.py took 0.041 seconds
[2024-04-09T08:51:29.314+0000] {processor.py:161} INFO - Started process (PID=3125) to work on /home/airflow/.local/lib/python3.12/site-packages/airflow/example_dags/example_bash_decorator.py
[2024-04-09T08:51:29.315+0000] {processor.py:830} INFO - Processing file /home/airflow/.local/lib/python3.12/site-packages/airflow/example_dags/example_bash_decorator.py for tasks to queue
[2024-04-09T08:51:29.316+0000] {logging_mixin.py:188} INFO - [2024-04-09T08:51:29.316+0000] {dagbag.py:540} INFO - Filling up the DagBag from /home/airflow/.local/lib/python3.12/site-packages/airflow/example_dags/example_bash_decorator.py
[2024-04-09T08:51:29.323+0000] {processor.py:840} INFO - DAG(s) 'example_bash_decorator' retrieved from /home/airflow/.local/lib/python3.12/site-packages/airflow/example_dags/example_bash_decorator.py
[2024-04-09T08:51:29.336+0000] {logging_mixin.py:188} INFO - [2024-04-09T08:51:29.336+0000] {dag.py:3096} INFO - Sync 1 DAGs
[2024-04-09T08:51:29.344+0000] {logging_mixin.py:188} INFO - [2024-04-09T08:51:29.344+0000] {dag.py:3954} INFO - Setting next_dagrun for example_bash_decorator to None, run_after=None
[2024-04-09T08:51:29.355+0000] {processor.py:183} INFO - Processing /home/airflow/.local/lib/python3.12/site-packages/airflow/example_dags/example_bash_decorator.py took 0.043 seconds
[2024-04-09T08:51:59.844+0000] {processor.py:161} INFO - Started process (PID=3183) to work on /home/airflow/.local/lib/python3.12/site-packages/airflow/example_dags/example_bash_decorator.py
[2024-04-09T08:51:59.844+0000] {processor.py:830} INFO - Processing file /home/airflow/.local/lib/python3.12/site-packages/airflow/example_dags/example_bash_decorator.py for tasks to queue
[2024-04-09T08:51:59.845+0000] {logging_mixin.py:188} INFO - [2024-04-09T08:51:59.845+0000] {dagbag.py:540} INFO - Filling up the DagBag from /home/airflow/.local/lib/python3.12/site-packages/airflow/example_dags/example_bash_decorator.py
[2024-04-09T08:51:59.853+0000] {processor.py:840} INFO - DAG(s) 'example_bash_decorator' retrieved from /home/airflow/.local/lib/python3.12/site-packages/airflow/example_dags/example_bash_decorator.py
[2024-04-09T08:51:59.867+0000] {logging_mixin.py:188} INFO - [2024-04-09T08:51:59.867+0000] {dag.py:3096} INFO - Sync 1 DAGs
[2024-04-09T08:51:59.874+0000] {logging_mixin.py:188} INFO - [2024-04-09T08:51:59.874+0000] {dag.py:3954} INFO - Setting next_dagrun for example_bash_decorator to None, run_after=None
[2024-04-09T08:51:59.884+0000] {processor.py:183} INFO - Processing /home/airflow/.local/lib/python3.12/site-packages/airflow/example_dags/example_bash_decorator.py took 0.043 seconds
[2024-04-09T08:52:30.418+0000] {processor.py:161} INFO - Started process (PID=3241) to work on /home/airflow/.local/lib/python3.12/site-packages/airflow/example_dags/example_bash_decorator.py
[2024-04-09T08:52:30.418+0000] {processor.py:830} INFO - Processing file /home/airflow/.local/lib/python3.12/site-packages/airflow/example_dags/example_bash_decorator.py for tasks to queue
[2024-04-09T08:52:30.419+0000] {logging_mixin.py:188} INFO - [2024-04-09T08:52:30.419+0000] {dagbag.py:540} INFO - Filling up the DagBag from /home/airflow/.local/lib/python3.12/site-packages/airflow/example_dags/example_bash_decorator.py
[2024-04-09T08:52:30.429+0000] {processor.py:840} INFO - DAG(s) 'example_bash_decorator' retrieved from /home/airflow/.local/lib/python3.12/site-packages/airflow/example_dags/example_bash_decorator.py
[2024-04-09T08:52:30.443+0000] {logging_mixin.py:188} INFO - [2024-04-09T08:52:30.443+0000] {dag.py:3096} INFO - Sync 1 DAGs
[2024-04-09T08:52:30.451+0000] {logging_mixin.py:188} INFO - [2024-04-09T08:52:30.451+0000] {dag.py:3954} INFO - Setting next_dagrun for example_bash_decorator to None, run_after=None
[2024-04-09T08:52:30.462+0000] {processor.py:183} INFO - Processing /home/airflow/.local/lib/python3.12/site-packages/airflow/example_dags/example_bash_decorator.py took 0.048 seconds
[2024-04-09T08:53:01.111+0000] {processor.py:161} INFO - Started process (PID=3299) to work on /home/airflow/.local/lib/python3.12/site-packages/airflow/example_dags/example_bash_decorator.py
[2024-04-09T08:53:01.111+0000] {processor.py:830} INFO - Processing file /home/airflow/.local/lib/python3.12/site-packages/airflow/example_dags/example_bash_decorator.py for tasks to queue
[2024-04-09T08:53:01.112+0000] {logging_mixin.py:188} INFO - [2024-04-09T08:53:01.112+0000] {dagbag.py:540} INFO - Filling up the DagBag from /home/airflow/.local/lib/python3.12/site-packages/airflow/example_dags/example_bash_decorator.py
[2024-04-09T08:53:01.120+0000] {processor.py:840} INFO - DAG(s) 'example_bash_decorator' retrieved from /home/airflow/.local/lib/python3.12/site-packages/airflow/example_dags/example_bash_decorator.py
[2024-04-09T08:53:01.134+0000] {logging_mixin.py:188} INFO - [2024-04-09T08:53:01.133+0000] {dag.py:3096} INFO - Sync 1 DAGs
[2024-04-09T08:53:01.141+0000] {logging_mixin.py:188} INFO - [2024-04-09T08:53:01.141+0000] {dag.py:3954} INFO - Setting next_dagrun for example_bash_decorator to None, run_after=None
[2024-04-09T08:53:01.153+0000] {processor.py:183} INFO - Processing /home/airflow/.local/lib/python3.12/site-packages/airflow/example_dags/example_bash_decorator.py took 0.045 seconds
[2024-04-09T08:53:31.217+0000] {processor.py:161} INFO - Started process (PID=3357) to work on /home/airflow/.local/lib/python3.12/site-packages/airflow/example_dags/example_bash_decorator.py
[2024-04-09T08:53:31.217+0000] {processor.py:830} INFO - Processing file /home/airflow/.local/lib/python3.12/site-packages/airflow/example_dags/example_bash_decorator.py for tasks to queue
[2024-04-09T08:53:31.218+0000] {logging_mixin.py:188} INFO - [2024-04-09T08:53:31.218+0000] {dagbag.py:540} INFO - Filling up the DagBag from /home/airflow/.local/lib/python3.12/site-packages/airflow/example_dags/example_bash_decorator.py
[2024-04-09T08:53:31.226+0000] {processor.py:840} INFO - DAG(s) 'example_bash_decorator' retrieved from /home/airflow/.local/lib/python3.12/site-packages/airflow/example_dags/example_bash_decorator.py
[2024-04-09T08:53:31.241+0000] {logging_mixin.py:188} INFO - [2024-04-09T08:53:31.241+0000] {dag.py:3096} INFO - Sync 1 DAGs
[2024-04-09T08:53:31.251+0000] {logging_mixin.py:188} INFO - [2024-04-09T08:53:31.251+0000] {dag.py:3954} INFO - Setting next_dagrun for example_bash_decorator to None, run_after=None
[2024-04-09T08:53:31.265+0000] {processor.py:183} INFO - Processing /home/airflow/.local/lib/python3.12/site-packages/airflow/example_dags/example_bash_decorator.py took 0.051 seconds
[2024-04-09T08:54:01.984+0000] {processor.py:161} INFO - Started process (PID=3415) to work on /home/airflow/.local/lib/python3.12/site-packages/airflow/example_dags/example_bash_decorator.py
[2024-04-09T08:54:01.985+0000] {processor.py:830} INFO - Processing file /home/airflow/.local/lib/python3.12/site-packages/airflow/example_dags/example_bash_decorator.py for tasks to queue
[2024-04-09T08:54:01.986+0000] {logging_mixin.py:188} INFO - [2024-04-09T08:54:01.986+0000] {dagbag.py:540} INFO - Filling up the DagBag from /home/airflow/.local/lib/python3.12/site-packages/airflow/example_dags/example_bash_decorator.py
[2024-04-09T08:54:01.994+0000] {processor.py:840} INFO - DAG(s) 'example_bash_decorator' retrieved from /home/airflow/.local/lib/python3.12/site-packages/airflow/example_dags/example_bash_decorator.py
[2024-04-09T08:54:02.009+0000] {logging_mixin.py:188} INFO - [2024-04-09T08:54:02.008+0000] {dag.py:3096} INFO - Sync 1 DAGs
[2024-04-09T08:54:02.016+0000] {logging_mixin.py:188} INFO - [2024-04-09T08:54:02.016+0000] {dag.py:3954} INFO - Setting next_dagrun for example_bash_decorator to None, run_after=None
[2024-04-09T08:54:02.029+0000] {processor.py:183} INFO - Processing /home/airflow/.local/lib/python3.12/site-packages/airflow/example_dags/example_bash_decorator.py took 0.048 seconds
[2024-04-09T08:54:32.659+0000] {processor.py:161} INFO - Started process (PID=3473) to work on /home/airflow/.local/lib/python3.12/site-packages/airflow/example_dags/example_bash_decorator.py
[2024-04-09T08:54:32.660+0000] {processor.py:830} INFO - Processing file /home/airflow/.local/lib/python3.12/site-packages/airflow/example_dags/example_bash_decorator.py for tasks to queue
[2024-04-09T08:54:32.661+0000] {logging_mixin.py:188} INFO - [2024-04-09T08:54:32.661+0000] {dagbag.py:540} INFO - Filling up the DagBag from /home/airflow/.local/lib/python3.12/site-packages/airflow/example_dags/example_bash_decorator.py
[2024-04-09T08:54:32.668+0000] {processor.py:840} INFO - DAG(s) 'example_bash_decorator' retrieved from /home/airflow/.local/lib/python3.12/site-packages/airflow/example_dags/example_bash_decorator.py
[2024-04-09T08:54:32.680+0000] {logging_mixin.py:188} INFO - [2024-04-09T08:54:32.680+0000] {dag.py:3096} INFO - Sync 1 DAGs
[2024-04-09T08:54:32.686+0000] {logging_mixin.py:188} INFO - [2024-04-09T08:54:32.686+0000] {dag.py:3954} INFO - Setting next_dagrun for example_bash_decorator to None, run_after=None
[2024-04-09T08:54:32.702+0000] {processor.py:183} INFO - Processing /home/airflow/.local/lib/python3.12/site-packages/airflow/example_dags/example_bash_decorator.py took 0.046 seconds
[2024-04-09T08:55:03.286+0000] {processor.py:161} INFO - Started process (PID=3531) to work on /home/airflow/.local/lib/python3.12/site-packages/airflow/example_dags/example_bash_decorator.py
[2024-04-09T08:55:03.286+0000] {processor.py:830} INFO - Processing file /home/airflow/.local/lib/python3.12/site-packages/airflow/example_dags/example_bash_decorator.py for tasks to queue
[2024-04-09T08:55:03.287+0000] {logging_mixin.py:188} INFO - [2024-04-09T08:55:03.287+0000] {dagbag.py:540} INFO - Filling up the DagBag from /home/airflow/.local/lib/python3.12/site-packages/airflow/example_dags/example_bash_decorator.py
[2024-04-09T08:55:03.294+0000] {processor.py:840} INFO - DAG(s) 'example_bash_decorator' retrieved from /home/airflow/.local/lib/python3.12/site-packages/airflow/example_dags/example_bash_decorator.py
[2024-04-09T08:55:03.309+0000] {logging_mixin.py:188} INFO - [2024-04-09T08:55:03.309+0000] {dag.py:3096} INFO - Sync 1 DAGs
[2024-04-09T08:55:03.317+0000] {logging_mixin.py:188} INFO - [2024-04-09T08:55:03.317+0000] {dag.py:3954} INFO - Setting next_dagrun for example_bash_decorator to None, run_after=None
[2024-04-09T08:55:03.329+0000] {processor.py:183} INFO - Processing /home/airflow/.local/lib/python3.12/site-packages/airflow/example_dags/example_bash_decorator.py took 0.046 seconds
[2024-04-09T08:55:33.893+0000] {processor.py:161} INFO - Started process (PID=3589) to work on /home/airflow/.local/lib/python3.12/site-packages/airflow/example_dags/example_bash_decorator.py
[2024-04-09T08:55:33.893+0000] {processor.py:830} INFO - Processing file /home/airflow/.local/lib/python3.12/site-packages/airflow/example_dags/example_bash_decorator.py for tasks to queue
[2024-04-09T08:55:33.894+0000] {logging_mixin.py:188} INFO - [2024-04-09T08:55:33.894+0000] {dagbag.py:540} INFO - Filling up the DagBag from /home/airflow/.local/lib/python3.12/site-packages/airflow/example_dags/example_bash_decorator.py
[2024-04-09T08:55:33.902+0000] {processor.py:840} INFO - DAG(s) 'example_bash_decorator' retrieved from /home/airflow/.local/lib/python3.12/site-packages/airflow/example_dags/example_bash_decorator.py
[2024-04-09T08:55:33.916+0000] {logging_mixin.py:188} INFO - [2024-04-09T08:55:33.916+0000] {dag.py:3096} INFO - Sync 1 DAGs
[2024-04-09T08:55:33.923+0000] {logging_mixin.py:188} INFO - [2024-04-09T08:55:33.923+0000] {dag.py:3954} INFO - Setting next_dagrun for example_bash_decorator to None, run_after=None
[2024-04-09T08:55:33.935+0000] {processor.py:183} INFO - Processing /home/airflow/.local/lib/python3.12/site-packages/airflow/example_dags/example_bash_decorator.py took 0.045 seconds
[2024-04-09T08:56:04.592+0000] {processor.py:161} INFO - Started process (PID=3647) to work on /home/airflow/.local/lib/python3.12/site-packages/airflow/example_dags/example_bash_decorator.py
[2024-04-09T08:56:04.592+0000] {processor.py:830} INFO - Processing file /home/airflow/.local/lib/python3.12/site-packages/airflow/example_dags/example_bash_decorator.py for tasks to queue
[2024-04-09T08:56:04.593+0000] {logging_mixin.py:188} INFO - [2024-04-09T08:56:04.593+0000] {dagbag.py:540} INFO - Filling up the DagBag from /home/airflow/.local/lib/python3.12/site-packages/airflow/example_dags/example_bash_decorator.py
[2024-04-09T08:56:04.601+0000] {processor.py:840} INFO - DAG(s) 'example_bash_decorator' retrieved from /home/airflow/.local/lib/python3.12/site-packages/airflow/example_dags/example_bash_decorator.py
[2024-04-09T08:56:04.616+0000] {logging_mixin.py:188} INFO - [2024-04-09T08:56:04.616+0000] {dag.py:3096} INFO - Sync 1 DAGs
[2024-04-09T08:56:04.624+0000] {logging_mixin.py:188} INFO - [2024-04-09T08:56:04.624+0000] {dag.py:3954} INFO - Setting next_dagrun for example_bash_decorator to None, run_after=None
[2024-04-09T08:56:04.635+0000] {processor.py:183} INFO - Processing /home/airflow/.local/lib/python3.12/site-packages/airflow/example_dags/example_bash_decorator.py took 0.047 seconds
[2024-04-09T08:56:35.314+0000] {processor.py:161} INFO - Started process (PID=3705) to work on /home/airflow/.local/lib/python3.12/site-packages/airflow/example_dags/example_bash_decorator.py
[2024-04-09T08:56:35.315+0000] {processor.py:830} INFO - Processing file /home/airflow/.local/lib/python3.12/site-packages/airflow/example_dags/example_bash_decorator.py for tasks to queue
[2024-04-09T08:56:35.315+0000] {logging_mixin.py:188} INFO - [2024-04-09T08:56:35.315+0000] {dagbag.py:540} INFO - Filling up the DagBag from /home/airflow/.local/lib/python3.12/site-packages/airflow/example_dags/example_bash_decorator.py
[2024-04-09T08:56:35.323+0000] {processor.py:840} INFO - DAG(s) 'example_bash_decorator' retrieved from /home/airflow/.local/lib/python3.12/site-packages/airflow/example_dags/example_bash_decorator.py
[2024-04-09T08:56:35.335+0000] {logging_mixin.py:188} INFO - [2024-04-09T08:56:35.335+0000] {dag.py:3096} INFO - Sync 1 DAGs
[2024-04-09T08:56:35.342+0000] {logging_mixin.py:188} INFO - [2024-04-09T08:56:35.342+0000] {dag.py:3954} INFO - Setting next_dagrun for example_bash_decorator to None, run_after=None
[2024-04-09T08:56:35.354+0000] {processor.py:183} INFO - Processing /home/airflow/.local/lib/python3.12/site-packages/airflow/example_dags/example_bash_decorator.py took 0.043 seconds
[2024-04-09T08:57:05.971+0000] {processor.py:161} INFO - Started process (PID=3763) to work on /home/airflow/.local/lib/python3.12/site-packages/airflow/example_dags/example_bash_decorator.py
[2024-04-09T08:57:05.972+0000] {processor.py:830} INFO - Processing file /home/airflow/.local/lib/python3.12/site-packages/airflow/example_dags/example_bash_decorator.py for tasks to queue
[2024-04-09T08:57:05.973+0000] {logging_mixin.py:188} INFO - [2024-04-09T08:57:05.972+0000] {dagbag.py:540} INFO - Filling up the DagBag from /home/airflow/.local/lib/python3.12/site-packages/airflow/example_dags/example_bash_decorator.py
[2024-04-09T08:57:05.980+0000] {processor.py:840} INFO - DAG(s) 'example_bash_decorator' retrieved from /home/airflow/.local/lib/python3.12/site-packages/airflow/example_dags/example_bash_decorator.py
[2024-04-09T08:57:05.994+0000] {logging_mixin.py:188} INFO - [2024-04-09T08:57:05.994+0000] {dag.py:3096} INFO - Sync 1 DAGs
[2024-04-09T08:57:06.002+0000] {logging_mixin.py:188} INFO - [2024-04-09T08:57:06.002+0000] {dag.py:3954} INFO - Setting next_dagrun for example_bash_decorator to None, run_after=None
[2024-04-09T08:57:06.016+0000] {processor.py:183} INFO - Processing /home/airflow/.local/lib/python3.12/site-packages/airflow/example_dags/example_bash_decorator.py took 0.048 seconds
[2024-04-09T08:57:36.668+0000] {processor.py:161} INFO - Started process (PID=3821) to work on /home/airflow/.local/lib/python3.12/site-packages/airflow/example_dags/example_bash_decorator.py
[2024-04-09T08:57:36.669+0000] {processor.py:830} INFO - Processing file /home/airflow/.local/lib/python3.12/site-packages/airflow/example_dags/example_bash_decorator.py for tasks to queue
[2024-04-09T08:57:36.670+0000] {logging_mixin.py:188} INFO - [2024-04-09T08:57:36.670+0000] {dagbag.py:540} INFO - Filling up the DagBag from /home/airflow/.local/lib/python3.12/site-packages/airflow/example_dags/example_bash_decorator.py
[2024-04-09T08:57:36.677+0000] {processor.py:840} INFO - DAG(s) 'example_bash_decorator' retrieved from /home/airflow/.local/lib/python3.12/site-packages/airflow/example_dags/example_bash_decorator.py
[2024-04-09T08:57:36.691+0000] {logging_mixin.py:188} INFO - [2024-04-09T08:57:36.691+0000] {dag.py:3096} INFO - Sync 1 DAGs
[2024-04-09T08:57:36.698+0000] {logging_mixin.py:188} INFO - [2024-04-09T08:57:36.698+0000] {dag.py:3954} INFO - Setting next_dagrun for example_bash_decorator to None, run_after=None
[2024-04-09T08:57:36.709+0000] {processor.py:183} INFO - Processing /home/airflow/.local/lib/python3.12/site-packages/airflow/example_dags/example_bash_decorator.py took 0.044 seconds
[2024-04-09T08:58:06.788+0000] {processor.py:161} INFO - Started process (PID=3879) to work on /home/airflow/.local/lib/python3.12/site-packages/airflow/example_dags/example_bash_decorator.py
[2024-04-09T08:58:06.789+0000] {processor.py:830} INFO - Processing file /home/airflow/.local/lib/python3.12/site-packages/airflow/example_dags/example_bash_decorator.py for tasks to queue
[2024-04-09T08:58:06.790+0000] {logging_mixin.py:188} INFO - [2024-04-09T08:58:06.790+0000] {dagbag.py:540} INFO - Filling up the DagBag from /home/airflow/.local/lib/python3.12/site-packages/airflow/example_dags/example_bash_decorator.py
[2024-04-09T08:58:06.798+0000] {processor.py:840} INFO - DAG(s) 'example_bash_decorator' retrieved from /home/airflow/.local/lib/python3.12/site-packages/airflow/example_dags/example_bash_decorator.py
[2024-04-09T08:58:06.864+0000] {logging_mixin.py:188} INFO - [2024-04-09T08:58:06.864+0000] {dag.py:3096} INFO - Sync 1 DAGs
[2024-04-09T08:58:06.872+0000] {logging_mixin.py:188} INFO - [2024-04-09T08:58:06.872+0000] {dag.py:3954} INFO - Setting next_dagrun for example_bash_decorator to None, run_after=None
[2024-04-09T08:58:06.885+0000] {processor.py:183} INFO - Processing /home/airflow/.local/lib/python3.12/site-packages/airflow/example_dags/example_bash_decorator.py took 0.100 seconds
[2024-04-09T08:58:37.857+0000] {processor.py:161} INFO - Started process (PID=3937) to work on /home/airflow/.local/lib/python3.12/site-packages/airflow/example_dags/example_bash_decorator.py
[2024-04-09T08:58:37.857+0000] {processor.py:830} INFO - Processing file /home/airflow/.local/lib/python3.12/site-packages/airflow/example_dags/example_bash_decorator.py for tasks to queue
[2024-04-09T08:58:37.858+0000] {logging_mixin.py:188} INFO - [2024-04-09T08:58:37.858+0000] {dagbag.py:540} INFO - Filling up the DagBag from /home/airflow/.local/lib/python3.12/site-packages/airflow/example_dags/example_bash_decorator.py
[2024-04-09T08:58:37.865+0000] {processor.py:840} INFO - DAG(s) 'example_bash_decorator' retrieved from /home/airflow/.local/lib/python3.12/site-packages/airflow/example_dags/example_bash_decorator.py
[2024-04-09T08:58:37.877+0000] {logging_mixin.py:188} INFO - [2024-04-09T08:58:37.877+0000] {dag.py:3096} INFO - Sync 1 DAGs
[2024-04-09T08:58:37.884+0000] {logging_mixin.py:188} INFO - [2024-04-09T08:58:37.884+0000] {dag.py:3954} INFO - Setting next_dagrun for example_bash_decorator to None, run_after=None
[2024-04-09T08:58:37.894+0000] {processor.py:183} INFO - Processing /home/airflow/.local/lib/python3.12/site-packages/airflow/example_dags/example_bash_decorator.py took 0.040 seconds
