[2024-04-09T08:24:29.741+0000] {processor.py:161} INFO - Started process (PID=65) to work on /home/airflow/.local/lib/python3.12/site-packages/airflow/example_dags/example_nested_branch_dag.py
[2024-04-09T08:24:29.742+0000] {processor.py:830} INFO - Processing file /home/airflow/.local/lib/python3.12/site-packages/airflow/example_dags/example_nested_branch_dag.py for tasks to queue
[2024-04-09T08:24:29.743+0000] {logging_mixin.py:188} INFO - [2024-04-09T08:24:29.743+0000] {dagbag.py:540} INFO - Filling up the DagBag from /home/airflow/.local/lib/python3.12/site-packages/airflow/example_dags/example_nested_branch_dag.py
[2024-04-09T08:24:29.751+0000] {processor.py:840} INFO - DAG(s) 'example_nested_branch_dag' retrieved from /home/airflow/.local/lib/python3.12/site-packages/airflow/example_dags/example_nested_branch_dag.py
[2024-04-09T08:24:29.758+0000] {logging_mixin.py:188} INFO - [2024-04-09T08:24:29.758+0000] {dag.py:3096} INFO - Sync 1 DAGs
[2024-04-09T08:24:29.773+0000] {logging_mixin.py:188} INFO - [2024-04-09T08:24:29.773+0000] {dag.py:3954} INFO - Setting next_dagrun for example_nested_branch_dag to 2024-04-08 00:00:00+00:00, run_after=2024-04-09 00:00:00+00:00
[2024-04-09T08:24:29.785+0000] {processor.py:183} INFO - Processing /home/airflow/.local/lib/python3.12/site-packages/airflow/example_dags/example_nested_branch_dag.py took 0.047 seconds
[2024-04-09T08:25:00.272+0000] {processor.py:161} INFO - Started process (PID=123) to work on /home/airflow/.local/lib/python3.12/site-packages/airflow/example_dags/example_nested_branch_dag.py
[2024-04-09T08:25:00.272+0000] {processor.py:830} INFO - Processing file /home/airflow/.local/lib/python3.12/site-packages/airflow/example_dags/example_nested_branch_dag.py for tasks to queue
[2024-04-09T08:25:00.273+0000] {logging_mixin.py:188} INFO - [2024-04-09T08:25:00.273+0000] {dagbag.py:540} INFO - Filling up the DagBag from /home/airflow/.local/lib/python3.12/site-packages/airflow/example_dags/example_nested_branch_dag.py
[2024-04-09T08:25:00.278+0000] {processor.py:840} INFO - DAG(s) 'example_nested_branch_dag' retrieved from /home/airflow/.local/lib/python3.12/site-packages/airflow/example_dags/example_nested_branch_dag.py
[2024-04-09T08:25:00.337+0000] {logging_mixin.py:188} INFO - [2024-04-09T08:25:00.337+0000] {dag.py:3096} INFO - Sync 1 DAGs
[2024-04-09T08:25:00.350+0000] {logging_mixin.py:188} INFO - [2024-04-09T08:25:00.350+0000] {dag.py:3954} INFO - Setting next_dagrun for example_nested_branch_dag to 2024-04-08 00:00:00+00:00, run_after=2024-04-09 00:00:00+00:00
[2024-04-09T08:25:00.362+0000] {processor.py:183} INFO - Processing /home/airflow/.local/lib/python3.12/site-packages/airflow/example_dags/example_nested_branch_dag.py took 0.093 seconds
[2024-04-09T08:25:30.671+0000] {processor.py:161} INFO - Started process (PID=181) to work on /home/airflow/.local/lib/python3.12/site-packages/airflow/example_dags/example_nested_branch_dag.py
[2024-04-09T08:25:30.672+0000] {processor.py:830} INFO - Processing file /home/airflow/.local/lib/python3.12/site-packages/airflow/example_dags/example_nested_branch_dag.py for tasks to queue
[2024-04-09T08:25:30.673+0000] {logging_mixin.py:188} INFO - [2024-04-09T08:25:30.673+0000] {dagbag.py:540} INFO - Filling up the DagBag from /home/airflow/.local/lib/python3.12/site-packages/airflow/example_dags/example_nested_branch_dag.py
[2024-04-09T08:25:30.678+0000] {processor.py:840} INFO - DAG(s) 'example_nested_branch_dag' retrieved from /home/airflow/.local/lib/python3.12/site-packages/airflow/example_dags/example_nested_branch_dag.py
[2024-04-09T08:25:30.691+0000] {logging_mixin.py:188} INFO - [2024-04-09T08:25:30.690+0000] {dag.py:3096} INFO - Sync 1 DAGs
[2024-04-09T08:25:30.703+0000] {logging_mixin.py:188} INFO - [2024-04-09T08:25:30.703+0000] {dag.py:3954} INFO - Setting next_dagrun for example_nested_branch_dag to 2024-04-08 00:00:00+00:00, run_after=2024-04-09 00:00:00+00:00
[2024-04-09T08:25:30.715+0000] {processor.py:183} INFO - Processing /home/airflow/.local/lib/python3.12/site-packages/airflow/example_dags/example_nested_branch_dag.py took 0.046 seconds
[2024-04-09T08:26:01.400+0000] {processor.py:161} INFO - Started process (PID=239) to work on /home/airflow/.local/lib/python3.12/site-packages/airflow/example_dags/example_nested_branch_dag.py
[2024-04-09T08:26:01.401+0000] {processor.py:830} INFO - Processing file /home/airflow/.local/lib/python3.12/site-packages/airflow/example_dags/example_nested_branch_dag.py for tasks to queue
[2024-04-09T08:26:01.402+0000] {logging_mixin.py:188} INFO - [2024-04-09T08:26:01.402+0000] {dagbag.py:540} INFO - Filling up the DagBag from /home/airflow/.local/lib/python3.12/site-packages/airflow/example_dags/example_nested_branch_dag.py
[2024-04-09T08:26:01.408+0000] {processor.py:840} INFO - DAG(s) 'example_nested_branch_dag' retrieved from /home/airflow/.local/lib/python3.12/site-packages/airflow/example_dags/example_nested_branch_dag.py
[2024-04-09T08:26:01.421+0000] {logging_mixin.py:188} INFO - [2024-04-09T08:26:01.421+0000] {dag.py:3096} INFO - Sync 1 DAGs
[2024-04-09T08:26:01.435+0000] {logging_mixin.py:188} INFO - [2024-04-09T08:26:01.435+0000] {dag.py:3954} INFO - Setting next_dagrun for example_nested_branch_dag to 2024-04-08 00:00:00+00:00, run_after=2024-04-09 00:00:00+00:00
[2024-04-09T08:26:01.446+0000] {processor.py:183} INFO - Processing /home/airflow/.local/lib/python3.12/site-packages/airflow/example_dags/example_nested_branch_dag.py took 0.050 seconds
[2024-04-09T08:26:32.186+0000] {processor.py:161} INFO - Started process (PID=297) to work on /home/airflow/.local/lib/python3.12/site-packages/airflow/example_dags/example_nested_branch_dag.py
[2024-04-09T08:26:32.186+0000] {processor.py:830} INFO - Processing file /home/airflow/.local/lib/python3.12/site-packages/airflow/example_dags/example_nested_branch_dag.py for tasks to queue
[2024-04-09T08:26:32.187+0000] {logging_mixin.py:188} INFO - [2024-04-09T08:26:32.187+0000] {dagbag.py:540} INFO - Filling up the DagBag from /home/airflow/.local/lib/python3.12/site-packages/airflow/example_dags/example_nested_branch_dag.py
[2024-04-09T08:26:32.193+0000] {processor.py:840} INFO - DAG(s) 'example_nested_branch_dag' retrieved from /home/airflow/.local/lib/python3.12/site-packages/airflow/example_dags/example_nested_branch_dag.py
[2024-04-09T08:26:32.204+0000] {logging_mixin.py:188} INFO - [2024-04-09T08:26:32.204+0000] {dag.py:3096} INFO - Sync 1 DAGs
[2024-04-09T08:26:32.219+0000] {logging_mixin.py:188} INFO - [2024-04-09T08:26:32.219+0000] {dag.py:3954} INFO - Setting next_dagrun for example_nested_branch_dag to 2024-04-08 00:00:00+00:00, run_after=2024-04-09 00:00:00+00:00
[2024-04-09T08:26:32.232+0000] {processor.py:183} INFO - Processing /home/airflow/.local/lib/python3.12/site-packages/airflow/example_dags/example_nested_branch_dag.py took 0.049 seconds
[2024-04-09T08:27:02.395+0000] {processor.py:161} INFO - Started process (PID=355) to work on /home/airflow/.local/lib/python3.12/site-packages/airflow/example_dags/example_nested_branch_dag.py
[2024-04-09T08:27:02.396+0000] {processor.py:830} INFO - Processing file /home/airflow/.local/lib/python3.12/site-packages/airflow/example_dags/example_nested_branch_dag.py for tasks to queue
[2024-04-09T08:27:02.397+0000] {logging_mixin.py:188} INFO - [2024-04-09T08:27:02.397+0000] {dagbag.py:540} INFO - Filling up the DagBag from /home/airflow/.local/lib/python3.12/site-packages/airflow/example_dags/example_nested_branch_dag.py
[2024-04-09T08:27:02.403+0000] {processor.py:840} INFO - DAG(s) 'example_nested_branch_dag' retrieved from /home/airflow/.local/lib/python3.12/site-packages/airflow/example_dags/example_nested_branch_dag.py
[2024-04-09T08:27:02.417+0000] {logging_mixin.py:188} INFO - [2024-04-09T08:27:02.417+0000] {dag.py:3096} INFO - Sync 1 DAGs
[2024-04-09T08:27:02.435+0000] {logging_mixin.py:188} INFO - [2024-04-09T08:27:02.435+0000] {dag.py:3954} INFO - Setting next_dagrun for example_nested_branch_dag to 2024-04-08 00:00:00+00:00, run_after=2024-04-09 00:00:00+00:00
[2024-04-09T08:27:02.448+0000] {processor.py:183} INFO - Processing /home/airflow/.local/lib/python3.12/site-packages/airflow/example_dags/example_nested_branch_dag.py took 0.056 seconds
[2024-04-09T08:27:33.495+0000] {processor.py:161} INFO - Started process (PID=413) to work on /home/airflow/.local/lib/python3.12/site-packages/airflow/example_dags/example_nested_branch_dag.py
[2024-04-09T08:27:33.496+0000] {processor.py:830} INFO - Processing file /home/airflow/.local/lib/python3.12/site-packages/airflow/example_dags/example_nested_branch_dag.py for tasks to queue
[2024-04-09T08:27:33.497+0000] {logging_mixin.py:188} INFO - [2024-04-09T08:27:33.496+0000] {dagbag.py:540} INFO - Filling up the DagBag from /home/airflow/.local/lib/python3.12/site-packages/airflow/example_dags/example_nested_branch_dag.py
[2024-04-09T08:27:33.502+0000] {processor.py:840} INFO - DAG(s) 'example_nested_branch_dag' retrieved from /home/airflow/.local/lib/python3.12/site-packages/airflow/example_dags/example_nested_branch_dag.py
[2024-04-09T08:27:33.514+0000] {logging_mixin.py:188} INFO - [2024-04-09T08:27:33.514+0000] {dag.py:3096} INFO - Sync 1 DAGs
[2024-04-09T08:27:33.528+0000] {logging_mixin.py:188} INFO - [2024-04-09T08:27:33.527+0000] {dag.py:3954} INFO - Setting next_dagrun for example_nested_branch_dag to 2024-04-08 00:00:00+00:00, run_after=2024-04-09 00:00:00+00:00
[2024-04-09T08:27:33.538+0000] {processor.py:183} INFO - Processing /home/airflow/.local/lib/python3.12/site-packages/airflow/example_dags/example_nested_branch_dag.py took 0.046 seconds
[2024-04-09T08:28:03.695+0000] {processor.py:161} INFO - Started process (PID=471) to work on /home/airflow/.local/lib/python3.12/site-packages/airflow/example_dags/example_nested_branch_dag.py
[2024-04-09T08:28:03.696+0000] {processor.py:830} INFO - Processing file /home/airflow/.local/lib/python3.12/site-packages/airflow/example_dags/example_nested_branch_dag.py for tasks to queue
[2024-04-09T08:28:03.697+0000] {logging_mixin.py:188} INFO - [2024-04-09T08:28:03.696+0000] {dagbag.py:540} INFO - Filling up the DagBag from /home/airflow/.local/lib/python3.12/site-packages/airflow/example_dags/example_nested_branch_dag.py
[2024-04-09T08:28:03.702+0000] {processor.py:840} INFO - DAG(s) 'example_nested_branch_dag' retrieved from /home/airflow/.local/lib/python3.12/site-packages/airflow/example_dags/example_nested_branch_dag.py
[2024-04-09T08:28:03.714+0000] {logging_mixin.py:188} INFO - [2024-04-09T08:28:03.713+0000] {dag.py:3096} INFO - Sync 1 DAGs
[2024-04-09T08:28:03.726+0000] {logging_mixin.py:188} INFO - [2024-04-09T08:28:03.726+0000] {dag.py:3954} INFO - Setting next_dagrun for example_nested_branch_dag to 2024-04-08 00:00:00+00:00, run_after=2024-04-09 00:00:00+00:00
[2024-04-09T08:28:03.738+0000] {processor.py:183} INFO - Processing /home/airflow/.local/lib/python3.12/site-packages/airflow/example_dags/example_nested_branch_dag.py took 0.045 seconds
[2024-04-09T08:28:34.663+0000] {processor.py:161} INFO - Started process (PID=529) to work on /home/airflow/.local/lib/python3.12/site-packages/airflow/example_dags/example_nested_branch_dag.py
[2024-04-09T08:28:34.663+0000] {processor.py:830} INFO - Processing file /home/airflow/.local/lib/python3.12/site-packages/airflow/example_dags/example_nested_branch_dag.py for tasks to queue
[2024-04-09T08:28:34.664+0000] {logging_mixin.py:188} INFO - [2024-04-09T08:28:34.664+0000] {dagbag.py:540} INFO - Filling up the DagBag from /home/airflow/.local/lib/python3.12/site-packages/airflow/example_dags/example_nested_branch_dag.py
[2024-04-09T08:28:34.670+0000] {processor.py:840} INFO - DAG(s) 'example_nested_branch_dag' retrieved from /home/airflow/.local/lib/python3.12/site-packages/airflow/example_dags/example_nested_branch_dag.py
[2024-04-09T08:28:34.682+0000] {logging_mixin.py:188} INFO - [2024-04-09T08:28:34.681+0000] {dag.py:3096} INFO - Sync 1 DAGs
[2024-04-09T08:28:34.695+0000] {logging_mixin.py:188} INFO - [2024-04-09T08:28:34.695+0000] {dag.py:3954} INFO - Setting next_dagrun for example_nested_branch_dag to 2024-04-08 00:00:00+00:00, run_after=2024-04-09 00:00:00+00:00
[2024-04-09T08:28:34.705+0000] {processor.py:183} INFO - Processing /home/airflow/.local/lib/python3.12/site-packages/airflow/example_dags/example_nested_branch_dag.py took 0.046 seconds
[2024-04-09T08:29:05.243+0000] {processor.py:161} INFO - Started process (PID=587) to work on /home/airflow/.local/lib/python3.12/site-packages/airflow/example_dags/example_nested_branch_dag.py
[2024-04-09T08:29:05.244+0000] {processor.py:830} INFO - Processing file /home/airflow/.local/lib/python3.12/site-packages/airflow/example_dags/example_nested_branch_dag.py for tasks to queue
[2024-04-09T08:29:05.245+0000] {logging_mixin.py:188} INFO - [2024-04-09T08:29:05.245+0000] {dagbag.py:540} INFO - Filling up the DagBag from /home/airflow/.local/lib/python3.12/site-packages/airflow/example_dags/example_nested_branch_dag.py
[2024-04-09T08:29:05.252+0000] {processor.py:840} INFO - DAG(s) 'example_nested_branch_dag' retrieved from /home/airflow/.local/lib/python3.12/site-packages/airflow/example_dags/example_nested_branch_dag.py
[2024-04-09T08:29:05.265+0000] {logging_mixin.py:188} INFO - [2024-04-09T08:29:05.265+0000] {dag.py:3096} INFO - Sync 1 DAGs
[2024-04-09T08:29:05.278+0000] {logging_mixin.py:188} INFO - [2024-04-09T08:29:05.278+0000] {dag.py:3954} INFO - Setting next_dagrun for example_nested_branch_dag to 2024-04-08 00:00:00+00:00, run_after=2024-04-09 00:00:00+00:00
[2024-04-09T08:29:05.290+0000] {processor.py:183} INFO - Processing /home/airflow/.local/lib/python3.12/site-packages/airflow/example_dags/example_nested_branch_dag.py took 0.049 seconds
[2024-04-09T08:29:36.051+0000] {processor.py:161} INFO - Started process (PID=645) to work on /home/airflow/.local/lib/python3.12/site-packages/airflow/example_dags/example_nested_branch_dag.py
[2024-04-09T08:29:36.052+0000] {processor.py:830} INFO - Processing file /home/airflow/.local/lib/python3.12/site-packages/airflow/example_dags/example_nested_branch_dag.py for tasks to queue
[2024-04-09T08:29:36.053+0000] {logging_mixin.py:188} INFO - [2024-04-09T08:29:36.052+0000] {dagbag.py:540} INFO - Filling up the DagBag from /home/airflow/.local/lib/python3.12/site-packages/airflow/example_dags/example_nested_branch_dag.py
[2024-04-09T08:29:36.058+0000] {processor.py:840} INFO - DAG(s) 'example_nested_branch_dag' retrieved from /home/airflow/.local/lib/python3.12/site-packages/airflow/example_dags/example_nested_branch_dag.py
[2024-04-09T08:29:36.070+0000] {logging_mixin.py:188} INFO - [2024-04-09T08:29:36.070+0000] {dag.py:3096} INFO - Sync 1 DAGs
[2024-04-09T08:29:36.083+0000] {logging_mixin.py:188} INFO - [2024-04-09T08:29:36.083+0000] {dag.py:3954} INFO - Setting next_dagrun for example_nested_branch_dag to 2024-04-08 00:00:00+00:00, run_after=2024-04-09 00:00:00+00:00
[2024-04-09T08:29:36.094+0000] {processor.py:183} INFO - Processing /home/airflow/.local/lib/python3.12/site-packages/airflow/example_dags/example_nested_branch_dag.py took 0.046 seconds
[2024-04-09T08:30:06.765+0000] {processor.py:161} INFO - Started process (PID=703) to work on /home/airflow/.local/lib/python3.12/site-packages/airflow/example_dags/example_nested_branch_dag.py
[2024-04-09T08:30:06.766+0000] {processor.py:830} INFO - Processing file /home/airflow/.local/lib/python3.12/site-packages/airflow/example_dags/example_nested_branch_dag.py for tasks to queue
[2024-04-09T08:30:06.767+0000] {logging_mixin.py:188} INFO - [2024-04-09T08:30:06.766+0000] {dagbag.py:540} INFO - Filling up the DagBag from /home/airflow/.local/lib/python3.12/site-packages/airflow/example_dags/example_nested_branch_dag.py
[2024-04-09T08:30:06.772+0000] {processor.py:840} INFO - DAG(s) 'example_nested_branch_dag' retrieved from /home/airflow/.local/lib/python3.12/site-packages/airflow/example_dags/example_nested_branch_dag.py
[2024-04-09T08:30:06.785+0000] {logging_mixin.py:188} INFO - [2024-04-09T08:30:06.784+0000] {dag.py:3096} INFO - Sync 1 DAGs
[2024-04-09T08:30:06.798+0000] {logging_mixin.py:188} INFO - [2024-04-09T08:30:06.798+0000] {dag.py:3954} INFO - Setting next_dagrun for example_nested_branch_dag to 2024-04-08 00:00:00+00:00, run_after=2024-04-09 00:00:00+00:00
[2024-04-09T08:30:06.808+0000] {processor.py:183} INFO - Processing /home/airflow/.local/lib/python3.12/site-packages/airflow/example_dags/example_nested_branch_dag.py took 0.046 seconds
[2024-04-09T08:30:37.597+0000] {processor.py:161} INFO - Started process (PID=761) to work on /home/airflow/.local/lib/python3.12/site-packages/airflow/example_dags/example_nested_branch_dag.py
[2024-04-09T08:30:37.598+0000] {processor.py:830} INFO - Processing file /home/airflow/.local/lib/python3.12/site-packages/airflow/example_dags/example_nested_branch_dag.py for tasks to queue
[2024-04-09T08:30:37.599+0000] {logging_mixin.py:188} INFO - [2024-04-09T08:30:37.599+0000] {dagbag.py:540} INFO - Filling up the DagBag from /home/airflow/.local/lib/python3.12/site-packages/airflow/example_dags/example_nested_branch_dag.py
[2024-04-09T08:30:37.605+0000] {processor.py:840} INFO - DAG(s) 'example_nested_branch_dag' retrieved from /home/airflow/.local/lib/python3.12/site-packages/airflow/example_dags/example_nested_branch_dag.py
[2024-04-09T08:30:37.617+0000] {logging_mixin.py:188} INFO - [2024-04-09T08:30:37.617+0000] {dag.py:3096} INFO - Sync 1 DAGs
[2024-04-09T08:30:37.631+0000] {logging_mixin.py:188} INFO - [2024-04-09T08:30:37.631+0000] {dag.py:3954} INFO - Setting next_dagrun for example_nested_branch_dag to 2024-04-08 00:00:00+00:00, run_after=2024-04-09 00:00:00+00:00
[2024-04-09T08:30:37.644+0000] {processor.py:183} INFO - Processing /home/airflow/.local/lib/python3.12/site-packages/airflow/example_dags/example_nested_branch_dag.py took 0.050 seconds
[2024-04-09T08:31:07.838+0000] {processor.py:161} INFO - Started process (PID=819) to work on /home/airflow/.local/lib/python3.12/site-packages/airflow/example_dags/example_nested_branch_dag.py
[2024-04-09T08:31:07.839+0000] {processor.py:830} INFO - Processing file /home/airflow/.local/lib/python3.12/site-packages/airflow/example_dags/example_nested_branch_dag.py for tasks to queue
[2024-04-09T08:31:07.840+0000] {logging_mixin.py:188} INFO - [2024-04-09T08:31:07.840+0000] {dagbag.py:540} INFO - Filling up the DagBag from /home/airflow/.local/lib/python3.12/site-packages/airflow/example_dags/example_nested_branch_dag.py
[2024-04-09T08:31:07.846+0000] {processor.py:840} INFO - DAG(s) 'example_nested_branch_dag' retrieved from /home/airflow/.local/lib/python3.12/site-packages/airflow/example_dags/example_nested_branch_dag.py
[2024-04-09T08:31:07.866+0000] {logging_mixin.py:188} INFO - [2024-04-09T08:31:07.866+0000] {dag.py:3096} INFO - Sync 1 DAGs
[2024-04-09T08:31:07.881+0000] {logging_mixin.py:188} INFO - [2024-04-09T08:31:07.881+0000] {dag.py:3954} INFO - Setting next_dagrun for example_nested_branch_dag to 2024-04-08 00:00:00+00:00, run_after=2024-04-09 00:00:00+00:00
[2024-04-09T08:31:07.893+0000] {processor.py:183} INFO - Processing /home/airflow/.local/lib/python3.12/site-packages/airflow/example_dags/example_nested_branch_dag.py took 0.059 seconds
[2024-04-09T08:31:38.742+0000] {processor.py:161} INFO - Started process (PID=877) to work on /home/airflow/.local/lib/python3.12/site-packages/airflow/example_dags/example_nested_branch_dag.py
[2024-04-09T08:31:38.743+0000] {processor.py:830} INFO - Processing file /home/airflow/.local/lib/python3.12/site-packages/airflow/example_dags/example_nested_branch_dag.py for tasks to queue
[2024-04-09T08:31:38.744+0000] {logging_mixin.py:188} INFO - [2024-04-09T08:31:38.744+0000] {dagbag.py:540} INFO - Filling up the DagBag from /home/airflow/.local/lib/python3.12/site-packages/airflow/example_dags/example_nested_branch_dag.py
[2024-04-09T08:31:38.750+0000] {processor.py:840} INFO - DAG(s) 'example_nested_branch_dag' retrieved from /home/airflow/.local/lib/python3.12/site-packages/airflow/example_dags/example_nested_branch_dag.py
[2024-04-09T08:31:38.766+0000] {logging_mixin.py:188} INFO - [2024-04-09T08:31:38.766+0000] {dag.py:3096} INFO - Sync 1 DAGs
[2024-04-09T08:31:38.784+0000] {logging_mixin.py:188} INFO - [2024-04-09T08:31:38.784+0000] {dag.py:3954} INFO - Setting next_dagrun for example_nested_branch_dag to 2024-04-08 00:00:00+00:00, run_after=2024-04-09 00:00:00+00:00
[2024-04-09T08:31:38.795+0000] {processor.py:183} INFO - Processing /home/airflow/.local/lib/python3.12/site-packages/airflow/example_dags/example_nested_branch_dag.py took 0.057 seconds
[2024-04-09T08:32:09.050+0000] {processor.py:161} INFO - Started process (PID=935) to work on /home/airflow/.local/lib/python3.12/site-packages/airflow/example_dags/example_nested_branch_dag.py
[2024-04-09T08:32:09.050+0000] {processor.py:830} INFO - Processing file /home/airflow/.local/lib/python3.12/site-packages/airflow/example_dags/example_nested_branch_dag.py for tasks to queue
[2024-04-09T08:32:09.052+0000] {logging_mixin.py:188} INFO - [2024-04-09T08:32:09.051+0000] {dagbag.py:540} INFO - Filling up the DagBag from /home/airflow/.local/lib/python3.12/site-packages/airflow/example_dags/example_nested_branch_dag.py
[2024-04-09T08:32:09.057+0000] {processor.py:840} INFO - DAG(s) 'example_nested_branch_dag' retrieved from /home/airflow/.local/lib/python3.12/site-packages/airflow/example_dags/example_nested_branch_dag.py
[2024-04-09T08:32:09.069+0000] {logging_mixin.py:188} INFO - [2024-04-09T08:32:09.069+0000] {dag.py:3096} INFO - Sync 1 DAGs
[2024-04-09T08:32:09.083+0000] {logging_mixin.py:188} INFO - [2024-04-09T08:32:09.083+0000] {dag.py:3954} INFO - Setting next_dagrun for example_nested_branch_dag to 2024-04-08 00:00:00+00:00, run_after=2024-04-09 00:00:00+00:00
[2024-04-09T08:32:09.094+0000] {processor.py:183} INFO - Processing /home/airflow/.local/lib/python3.12/site-packages/airflow/example_dags/example_nested_branch_dag.py took 0.048 seconds
[2024-04-09T08:32:39.484+0000] {processor.py:161} INFO - Started process (PID=993) to work on /home/airflow/.local/lib/python3.12/site-packages/airflow/example_dags/example_nested_branch_dag.py
[2024-04-09T08:32:39.485+0000] {processor.py:830} INFO - Processing file /home/airflow/.local/lib/python3.12/site-packages/airflow/example_dags/example_nested_branch_dag.py for tasks to queue
[2024-04-09T08:32:39.486+0000] {logging_mixin.py:188} INFO - [2024-04-09T08:32:39.486+0000] {dagbag.py:540} INFO - Filling up the DagBag from /home/airflow/.local/lib/python3.12/site-packages/airflow/example_dags/example_nested_branch_dag.py
[2024-04-09T08:32:39.491+0000] {processor.py:840} INFO - DAG(s) 'example_nested_branch_dag' retrieved from /home/airflow/.local/lib/python3.12/site-packages/airflow/example_dags/example_nested_branch_dag.py
[2024-04-09T08:32:39.504+0000] {logging_mixin.py:188} INFO - [2024-04-09T08:32:39.504+0000] {dag.py:3096} INFO - Sync 1 DAGs
[2024-04-09T08:32:39.518+0000] {logging_mixin.py:188} INFO - [2024-04-09T08:32:39.518+0000] {dag.py:3954} INFO - Setting next_dagrun for example_nested_branch_dag to 2024-04-08 00:00:00+00:00, run_after=2024-04-09 00:00:00+00:00
[2024-04-09T08:32:39.653+0000] {processor.py:183} INFO - Processing /home/airflow/.local/lib/python3.12/site-packages/airflow/example_dags/example_nested_branch_dag.py took 0.172 seconds
[2024-04-09T08:33:10.600+0000] {processor.py:161} INFO - Started process (PID=1051) to work on /home/airflow/.local/lib/python3.12/site-packages/airflow/example_dags/example_nested_branch_dag.py
[2024-04-09T08:33:10.601+0000] {processor.py:830} INFO - Processing file /home/airflow/.local/lib/python3.12/site-packages/airflow/example_dags/example_nested_branch_dag.py for tasks to queue
[2024-04-09T08:33:10.603+0000] {logging_mixin.py:188} INFO - [2024-04-09T08:33:10.603+0000] {dagbag.py:540} INFO - Filling up the DagBag from /home/airflow/.local/lib/python3.12/site-packages/airflow/example_dags/example_nested_branch_dag.py
[2024-04-09T08:33:10.610+0000] {processor.py:840} INFO - DAG(s) 'example_nested_branch_dag' retrieved from /home/airflow/.local/lib/python3.12/site-packages/airflow/example_dags/example_nested_branch_dag.py
[2024-04-09T08:33:10.625+0000] {logging_mixin.py:188} INFO - [2024-04-09T08:33:10.624+0000] {dag.py:3096} INFO - Sync 1 DAGs
[2024-04-09T08:33:10.639+0000] {logging_mixin.py:188} INFO - [2024-04-09T08:33:10.639+0000] {dag.py:3954} INFO - Setting next_dagrun for example_nested_branch_dag to 2024-04-08 00:00:00+00:00, run_after=2024-04-09 00:00:00+00:00
[2024-04-09T08:33:10.785+0000] {processor.py:183} INFO - Processing /home/airflow/.local/lib/python3.12/site-packages/airflow/example_dags/example_nested_branch_dag.py took 0.189 seconds
[2024-04-09T08:33:41.440+0000] {processor.py:161} INFO - Started process (PID=1109) to work on /home/airflow/.local/lib/python3.12/site-packages/airflow/example_dags/example_nested_branch_dag.py
[2024-04-09T08:33:41.441+0000] {processor.py:830} INFO - Processing file /home/airflow/.local/lib/python3.12/site-packages/airflow/example_dags/example_nested_branch_dag.py for tasks to queue
[2024-04-09T08:33:41.442+0000] {logging_mixin.py:188} INFO - [2024-04-09T08:33:41.442+0000] {dagbag.py:540} INFO - Filling up the DagBag from /home/airflow/.local/lib/python3.12/site-packages/airflow/example_dags/example_nested_branch_dag.py
[2024-04-09T08:33:41.448+0000] {processor.py:840} INFO - DAG(s) 'example_nested_branch_dag' retrieved from /home/airflow/.local/lib/python3.12/site-packages/airflow/example_dags/example_nested_branch_dag.py
[2024-04-09T08:33:41.463+0000] {logging_mixin.py:188} INFO - [2024-04-09T08:33:41.462+0000] {dag.py:3096} INFO - Sync 1 DAGs
[2024-04-09T08:33:41.477+0000] {logging_mixin.py:188} INFO - [2024-04-09T08:33:41.477+0000] {dag.py:3954} INFO - Setting next_dagrun for example_nested_branch_dag to 2024-04-08 00:00:00+00:00, run_after=2024-04-09 00:00:00+00:00
[2024-04-09T08:33:41.614+0000] {processor.py:183} INFO - Processing /home/airflow/.local/lib/python3.12/site-packages/airflow/example_dags/example_nested_branch_dag.py took 0.178 seconds
[2024-04-09T08:34:12.198+0000] {processor.py:161} INFO - Started process (PID=1167) to work on /home/airflow/.local/lib/python3.12/site-packages/airflow/example_dags/example_nested_branch_dag.py
[2024-04-09T08:34:12.199+0000] {processor.py:830} INFO - Processing file /home/airflow/.local/lib/python3.12/site-packages/airflow/example_dags/example_nested_branch_dag.py for tasks to queue
[2024-04-09T08:34:12.200+0000] {logging_mixin.py:188} INFO - [2024-04-09T08:34:12.200+0000] {dagbag.py:540} INFO - Filling up the DagBag from /home/airflow/.local/lib/python3.12/site-packages/airflow/example_dags/example_nested_branch_dag.py
[2024-04-09T08:34:12.205+0000] {processor.py:840} INFO - DAG(s) 'example_nested_branch_dag' retrieved from /home/airflow/.local/lib/python3.12/site-packages/airflow/example_dags/example_nested_branch_dag.py
[2024-04-09T08:34:12.217+0000] {logging_mixin.py:188} INFO - [2024-04-09T08:34:12.217+0000] {dag.py:3096} INFO - Sync 1 DAGs
[2024-04-09T08:34:12.230+0000] {logging_mixin.py:188} INFO - [2024-04-09T08:34:12.230+0000] {dag.py:3954} INFO - Setting next_dagrun for example_nested_branch_dag to 2024-04-08 00:00:00+00:00, run_after=2024-04-09 00:00:00+00:00
[2024-04-09T08:34:12.243+0000] {processor.py:183} INFO - Processing /home/airflow/.local/lib/python3.12/site-packages/airflow/example_dags/example_nested_branch_dag.py took 0.048 seconds
[2024-04-09T08:34:43.210+0000] {processor.py:161} INFO - Started process (PID=1225) to work on /home/airflow/.local/lib/python3.12/site-packages/airflow/example_dags/example_nested_branch_dag.py
[2024-04-09T08:34:43.211+0000] {processor.py:830} INFO - Processing file /home/airflow/.local/lib/python3.12/site-packages/airflow/example_dags/example_nested_branch_dag.py for tasks to queue
[2024-04-09T08:34:43.212+0000] {logging_mixin.py:188} INFO - [2024-04-09T08:34:43.212+0000] {dagbag.py:540} INFO - Filling up the DagBag from /home/airflow/.local/lib/python3.12/site-packages/airflow/example_dags/example_nested_branch_dag.py
[2024-04-09T08:34:43.217+0000] {processor.py:840} INFO - DAG(s) 'example_nested_branch_dag' retrieved from /home/airflow/.local/lib/python3.12/site-packages/airflow/example_dags/example_nested_branch_dag.py
[2024-04-09T08:34:43.230+0000] {logging_mixin.py:188} INFO - [2024-04-09T08:34:43.230+0000] {dag.py:3096} INFO - Sync 1 DAGs
[2024-04-09T08:34:43.244+0000] {logging_mixin.py:188} INFO - [2024-04-09T08:34:43.243+0000] {dag.py:3954} INFO - Setting next_dagrun for example_nested_branch_dag to 2024-04-08 00:00:00+00:00, run_after=2024-04-09 00:00:00+00:00
[2024-04-09T08:34:43.256+0000] {processor.py:183} INFO - Processing /home/airflow/.local/lib/python3.12/site-packages/airflow/example_dags/example_nested_branch_dag.py took 0.050 seconds
[2024-04-09T08:35:13.364+0000] {processor.py:161} INFO - Started process (PID=1283) to work on /home/airflow/.local/lib/python3.12/site-packages/airflow/example_dags/example_nested_branch_dag.py
[2024-04-09T08:35:13.364+0000] {processor.py:830} INFO - Processing file /home/airflow/.local/lib/python3.12/site-packages/airflow/example_dags/example_nested_branch_dag.py for tasks to queue
[2024-04-09T08:35:13.365+0000] {logging_mixin.py:188} INFO - [2024-04-09T08:35:13.365+0000] {dagbag.py:540} INFO - Filling up the DagBag from /home/airflow/.local/lib/python3.12/site-packages/airflow/example_dags/example_nested_branch_dag.py
[2024-04-09T08:35:13.371+0000] {processor.py:840} INFO - DAG(s) 'example_nested_branch_dag' retrieved from /home/airflow/.local/lib/python3.12/site-packages/airflow/example_dags/example_nested_branch_dag.py
[2024-04-09T08:35:13.387+0000] {logging_mixin.py:188} INFO - [2024-04-09T08:35:13.387+0000] {dag.py:3096} INFO - Sync 1 DAGs
[2024-04-09T08:35:13.406+0000] {logging_mixin.py:188} INFO - [2024-04-09T08:35:13.406+0000] {dag.py:3954} INFO - Setting next_dagrun for example_nested_branch_dag to 2024-04-08 00:00:00+00:00, run_after=2024-04-09 00:00:00+00:00
[2024-04-09T08:35:13.420+0000] {processor.py:183} INFO - Processing /home/airflow/.local/lib/python3.12/site-packages/airflow/example_dags/example_nested_branch_dag.py took 0.060 seconds
[2024-04-09T08:35:44.383+0000] {processor.py:161} INFO - Started process (PID=1341) to work on /home/airflow/.local/lib/python3.12/site-packages/airflow/example_dags/example_nested_branch_dag.py
[2024-04-09T08:35:44.384+0000] {processor.py:830} INFO - Processing file /home/airflow/.local/lib/python3.12/site-packages/airflow/example_dags/example_nested_branch_dag.py for tasks to queue
[2024-04-09T08:35:44.385+0000] {logging_mixin.py:188} INFO - [2024-04-09T08:35:44.384+0000] {dagbag.py:540} INFO - Filling up the DagBag from /home/airflow/.local/lib/python3.12/site-packages/airflow/example_dags/example_nested_branch_dag.py
[2024-04-09T08:35:44.390+0000] {processor.py:840} INFO - DAG(s) 'example_nested_branch_dag' retrieved from /home/airflow/.local/lib/python3.12/site-packages/airflow/example_dags/example_nested_branch_dag.py
[2024-04-09T08:35:44.403+0000] {logging_mixin.py:188} INFO - [2024-04-09T08:35:44.403+0000] {dag.py:3096} INFO - Sync 1 DAGs
[2024-04-09T08:35:44.417+0000] {logging_mixin.py:188} INFO - [2024-04-09T08:35:44.417+0000] {dag.py:3954} INFO - Setting next_dagrun for example_nested_branch_dag to 2024-04-08 00:00:00+00:00, run_after=2024-04-09 00:00:00+00:00
[2024-04-09T08:35:44.429+0000] {processor.py:183} INFO - Processing /home/airflow/.local/lib/python3.12/site-packages/airflow/example_dags/example_nested_branch_dag.py took 0.049 seconds
[2024-04-09T08:36:15.209+0000] {processor.py:161} INFO - Started process (PID=1399) to work on /home/airflow/.local/lib/python3.12/site-packages/airflow/example_dags/example_nested_branch_dag.py
[2024-04-09T08:36:15.210+0000] {processor.py:830} INFO - Processing file /home/airflow/.local/lib/python3.12/site-packages/airflow/example_dags/example_nested_branch_dag.py for tasks to queue
[2024-04-09T08:36:15.211+0000] {logging_mixin.py:188} INFO - [2024-04-09T08:36:15.211+0000] {dagbag.py:540} INFO - Filling up the DagBag from /home/airflow/.local/lib/python3.12/site-packages/airflow/example_dags/example_nested_branch_dag.py
[2024-04-09T08:36:15.216+0000] {processor.py:840} INFO - DAG(s) 'example_nested_branch_dag' retrieved from /home/airflow/.local/lib/python3.12/site-packages/airflow/example_dags/example_nested_branch_dag.py
[2024-04-09T08:36:15.228+0000] {logging_mixin.py:188} INFO - [2024-04-09T08:36:15.228+0000] {dag.py:3096} INFO - Sync 1 DAGs
[2024-04-09T08:36:15.241+0000] {logging_mixin.py:188} INFO - [2024-04-09T08:36:15.241+0000] {dag.py:3954} INFO - Setting next_dagrun for example_nested_branch_dag to 2024-04-08 00:00:00+00:00, run_after=2024-04-09 00:00:00+00:00
[2024-04-09T08:36:15.253+0000] {processor.py:183} INFO - Processing /home/airflow/.local/lib/python3.12/site-packages/airflow/example_dags/example_nested_branch_dag.py took 0.047 seconds
[2024-04-09T08:36:45.760+0000] {processor.py:161} INFO - Started process (PID=1457) to work on /home/airflow/.local/lib/python3.12/site-packages/airflow/example_dags/example_nested_branch_dag.py
[2024-04-09T08:36:45.760+0000] {processor.py:830} INFO - Processing file /home/airflow/.local/lib/python3.12/site-packages/airflow/example_dags/example_nested_branch_dag.py for tasks to queue
[2024-04-09T08:36:45.761+0000] {logging_mixin.py:188} INFO - [2024-04-09T08:36:45.761+0000] {dagbag.py:540} INFO - Filling up the DagBag from /home/airflow/.local/lib/python3.12/site-packages/airflow/example_dags/example_nested_branch_dag.py
[2024-04-09T08:36:45.767+0000] {processor.py:840} INFO - DAG(s) 'example_nested_branch_dag' retrieved from /home/airflow/.local/lib/python3.12/site-packages/airflow/example_dags/example_nested_branch_dag.py
[2024-04-09T08:36:45.780+0000] {logging_mixin.py:188} INFO - [2024-04-09T08:36:45.780+0000] {dag.py:3096} INFO - Sync 1 DAGs
[2024-04-09T08:36:45.794+0000] {logging_mixin.py:188} INFO - [2024-04-09T08:36:45.794+0000] {dag.py:3954} INFO - Setting next_dagrun for example_nested_branch_dag to 2024-04-08 00:00:00+00:00, run_after=2024-04-09 00:00:00+00:00
[2024-04-09T08:36:45.807+0000] {processor.py:183} INFO - Processing /home/airflow/.local/lib/python3.12/site-packages/airflow/example_dags/example_nested_branch_dag.py took 0.051 seconds
[2024-04-09T08:37:16.381+0000] {processor.py:161} INFO - Started process (PID=1515) to work on /home/airflow/.local/lib/python3.12/site-packages/airflow/example_dags/example_nested_branch_dag.py
[2024-04-09T08:37:16.382+0000] {processor.py:830} INFO - Processing file /home/airflow/.local/lib/python3.12/site-packages/airflow/example_dags/example_nested_branch_dag.py for tasks to queue
[2024-04-09T08:37:16.382+0000] {logging_mixin.py:188} INFO - [2024-04-09T08:37:16.382+0000] {dagbag.py:540} INFO - Filling up the DagBag from /home/airflow/.local/lib/python3.12/site-packages/airflow/example_dags/example_nested_branch_dag.py
[2024-04-09T08:37:16.388+0000] {processor.py:840} INFO - DAG(s) 'example_nested_branch_dag' retrieved from /home/airflow/.local/lib/python3.12/site-packages/airflow/example_dags/example_nested_branch_dag.py
[2024-04-09T08:37:16.400+0000] {logging_mixin.py:188} INFO - [2024-04-09T08:37:16.400+0000] {dag.py:3096} INFO - Sync 1 DAGs
[2024-04-09T08:37:16.412+0000] {logging_mixin.py:188} INFO - [2024-04-09T08:37:16.412+0000] {dag.py:3954} INFO - Setting next_dagrun for example_nested_branch_dag to 2024-04-08 00:00:00+00:00, run_after=2024-04-09 00:00:00+00:00
[2024-04-09T08:37:16.423+0000] {processor.py:183} INFO - Processing /home/airflow/.local/lib/python3.12/site-packages/airflow/example_dags/example_nested_branch_dag.py took 0.045 seconds
[2024-04-09T08:37:46.934+0000] {processor.py:161} INFO - Started process (PID=1573) to work on /home/airflow/.local/lib/python3.12/site-packages/airflow/example_dags/example_nested_branch_dag.py
[2024-04-09T08:37:46.934+0000] {processor.py:830} INFO - Processing file /home/airflow/.local/lib/python3.12/site-packages/airflow/example_dags/example_nested_branch_dag.py for tasks to queue
[2024-04-09T08:37:46.935+0000] {logging_mixin.py:188} INFO - [2024-04-09T08:37:46.935+0000] {dagbag.py:540} INFO - Filling up the DagBag from /home/airflow/.local/lib/python3.12/site-packages/airflow/example_dags/example_nested_branch_dag.py
[2024-04-09T08:37:46.941+0000] {processor.py:840} INFO - DAG(s) 'example_nested_branch_dag' retrieved from /home/airflow/.local/lib/python3.12/site-packages/airflow/example_dags/example_nested_branch_dag.py
[2024-04-09T08:37:46.951+0000] {logging_mixin.py:188} INFO - [2024-04-09T08:37:46.951+0000] {dag.py:3096} INFO - Sync 1 DAGs
[2024-04-09T08:37:46.964+0000] {logging_mixin.py:188} INFO - [2024-04-09T08:37:46.963+0000] {dag.py:3954} INFO - Setting next_dagrun for example_nested_branch_dag to 2024-04-08 00:00:00+00:00, run_after=2024-04-09 00:00:00+00:00
[2024-04-09T08:37:46.976+0000] {processor.py:183} INFO - Processing /home/airflow/.local/lib/python3.12/site-packages/airflow/example_dags/example_nested_branch_dag.py took 0.045 seconds
[2024-04-09T08:38:17.532+0000] {processor.py:161} INFO - Started process (PID=1631) to work on /home/airflow/.local/lib/python3.12/site-packages/airflow/example_dags/example_nested_branch_dag.py
[2024-04-09T08:38:17.533+0000] {processor.py:830} INFO - Processing file /home/airflow/.local/lib/python3.12/site-packages/airflow/example_dags/example_nested_branch_dag.py for tasks to queue
[2024-04-09T08:38:17.534+0000] {logging_mixin.py:188} INFO - [2024-04-09T08:38:17.533+0000] {dagbag.py:540} INFO - Filling up the DagBag from /home/airflow/.local/lib/python3.12/site-packages/airflow/example_dags/example_nested_branch_dag.py
[2024-04-09T08:38:17.539+0000] {processor.py:840} INFO - DAG(s) 'example_nested_branch_dag' retrieved from /home/airflow/.local/lib/python3.12/site-packages/airflow/example_dags/example_nested_branch_dag.py
[2024-04-09T08:38:17.551+0000] {logging_mixin.py:188} INFO - [2024-04-09T08:38:17.551+0000] {dag.py:3096} INFO - Sync 1 DAGs
[2024-04-09T08:38:17.564+0000] {logging_mixin.py:188} INFO - [2024-04-09T08:38:17.564+0000] {dag.py:3954} INFO - Setting next_dagrun for example_nested_branch_dag to 2024-04-08 00:00:00+00:00, run_after=2024-04-09 00:00:00+00:00
[2024-04-09T08:38:17.576+0000] {processor.py:183} INFO - Processing /home/airflow/.local/lib/python3.12/site-packages/airflow/example_dags/example_nested_branch_dag.py took 0.047 seconds
[2024-04-09T08:38:48.259+0000] {processor.py:161} INFO - Started process (PID=1695) to work on /home/airflow/.local/lib/python3.12/site-packages/airflow/example_dags/example_nested_branch_dag.py
[2024-04-09T08:38:48.259+0000] {processor.py:830} INFO - Processing file /home/airflow/.local/lib/python3.12/site-packages/airflow/example_dags/example_nested_branch_dag.py for tasks to queue
[2024-04-09T08:38:48.260+0000] {logging_mixin.py:188} INFO - [2024-04-09T08:38:48.260+0000] {dagbag.py:540} INFO - Filling up the DagBag from /home/airflow/.local/lib/python3.12/site-packages/airflow/example_dags/example_nested_branch_dag.py
[2024-04-09T08:38:48.266+0000] {processor.py:840} INFO - DAG(s) 'example_nested_branch_dag' retrieved from /home/airflow/.local/lib/python3.12/site-packages/airflow/example_dags/example_nested_branch_dag.py
[2024-04-09T08:38:48.277+0000] {logging_mixin.py:188} INFO - [2024-04-09T08:38:48.277+0000] {dag.py:3096} INFO - Sync 1 DAGs
[2024-04-09T08:38:48.290+0000] {logging_mixin.py:188} INFO - [2024-04-09T08:38:48.290+0000] {dag.py:3954} INFO - Setting next_dagrun for example_nested_branch_dag to 2024-04-08 00:00:00+00:00, run_after=2024-04-09 00:00:00+00:00
[2024-04-09T08:38:48.303+0000] {processor.py:183} INFO - Processing /home/airflow/.local/lib/python3.12/site-packages/airflow/example_dags/example_nested_branch_dag.py took 0.047 seconds
[2024-04-09T08:39:18.908+0000] {processor.py:161} INFO - Started process (PID=1753) to work on /home/airflow/.local/lib/python3.12/site-packages/airflow/example_dags/example_nested_branch_dag.py
[2024-04-09T08:39:18.909+0000] {processor.py:830} INFO - Processing file /home/airflow/.local/lib/python3.12/site-packages/airflow/example_dags/example_nested_branch_dag.py for tasks to queue
[2024-04-09T08:39:18.910+0000] {logging_mixin.py:188} INFO - [2024-04-09T08:39:18.910+0000] {dagbag.py:540} INFO - Filling up the DagBag from /home/airflow/.local/lib/python3.12/site-packages/airflow/example_dags/example_nested_branch_dag.py
[2024-04-09T08:39:18.916+0000] {processor.py:840} INFO - DAG(s) 'example_nested_branch_dag' retrieved from /home/airflow/.local/lib/python3.12/site-packages/airflow/example_dags/example_nested_branch_dag.py
[2024-04-09T08:39:18.929+0000] {logging_mixin.py:188} INFO - [2024-04-09T08:39:18.929+0000] {dag.py:3096} INFO - Sync 1 DAGs
[2024-04-09T08:39:18.943+0000] {logging_mixin.py:188} INFO - [2024-04-09T08:39:18.943+0000] {dag.py:3954} INFO - Setting next_dagrun for example_nested_branch_dag to 2024-04-08 00:00:00+00:00, run_after=2024-04-09 00:00:00+00:00
[2024-04-09T08:39:18.954+0000] {processor.py:183} INFO - Processing /home/airflow/.local/lib/python3.12/site-packages/airflow/example_dags/example_nested_branch_dag.py took 0.049 seconds
[2024-04-09T08:39:49.629+0000] {processor.py:161} INFO - Started process (PID=1811) to work on /home/airflow/.local/lib/python3.12/site-packages/airflow/example_dags/example_nested_branch_dag.py
[2024-04-09T08:39:49.630+0000] {processor.py:830} INFO - Processing file /home/airflow/.local/lib/python3.12/site-packages/airflow/example_dags/example_nested_branch_dag.py for tasks to queue
[2024-04-09T08:39:49.631+0000] {logging_mixin.py:188} INFO - [2024-04-09T08:39:49.631+0000] {dagbag.py:540} INFO - Filling up the DagBag from /home/airflow/.local/lib/python3.12/site-packages/airflow/example_dags/example_nested_branch_dag.py
[2024-04-09T08:39:49.636+0000] {processor.py:840} INFO - DAG(s) 'example_nested_branch_dag' retrieved from /home/airflow/.local/lib/python3.12/site-packages/airflow/example_dags/example_nested_branch_dag.py
[2024-04-09T08:39:49.648+0000] {logging_mixin.py:188} INFO - [2024-04-09T08:39:49.648+0000] {dag.py:3096} INFO - Sync 1 DAGs
[2024-04-09T08:39:49.661+0000] {logging_mixin.py:188} INFO - [2024-04-09T08:39:49.661+0000] {dag.py:3954} INFO - Setting next_dagrun for example_nested_branch_dag to 2024-04-08 00:00:00+00:00, run_after=2024-04-09 00:00:00+00:00
[2024-04-09T08:39:49.673+0000] {processor.py:183} INFO - Processing /home/airflow/.local/lib/python3.12/site-packages/airflow/example_dags/example_nested_branch_dag.py took 0.046 seconds
[2024-04-09T08:40:20.296+0000] {processor.py:161} INFO - Started process (PID=1869) to work on /home/airflow/.local/lib/python3.12/site-packages/airflow/example_dags/example_nested_branch_dag.py
[2024-04-09T08:40:20.296+0000] {processor.py:830} INFO - Processing file /home/airflow/.local/lib/python3.12/site-packages/airflow/example_dags/example_nested_branch_dag.py for tasks to queue
[2024-04-09T08:40:20.297+0000] {logging_mixin.py:188} INFO - [2024-04-09T08:40:20.297+0000] {dagbag.py:540} INFO - Filling up the DagBag from /home/airflow/.local/lib/python3.12/site-packages/airflow/example_dags/example_nested_branch_dag.py
[2024-04-09T08:40:20.303+0000] {processor.py:840} INFO - DAG(s) 'example_nested_branch_dag' retrieved from /home/airflow/.local/lib/python3.12/site-packages/airflow/example_dags/example_nested_branch_dag.py
[2024-04-09T08:40:20.315+0000] {logging_mixin.py:188} INFO - [2024-04-09T08:40:20.315+0000] {dag.py:3096} INFO - Sync 1 DAGs
[2024-04-09T08:40:20.328+0000] {logging_mixin.py:188} INFO - [2024-04-09T08:40:20.328+0000] {dag.py:3954} INFO - Setting next_dagrun for example_nested_branch_dag to 2024-04-08 00:00:00+00:00, run_after=2024-04-09 00:00:00+00:00
[2024-04-09T08:40:20.340+0000] {processor.py:183} INFO - Processing /home/airflow/.local/lib/python3.12/site-packages/airflow/example_dags/example_nested_branch_dag.py took 0.047 seconds
[2024-04-09T08:40:50.914+0000] {processor.py:161} INFO - Started process (PID=1927) to work on /home/airflow/.local/lib/python3.12/site-packages/airflow/example_dags/example_nested_branch_dag.py
[2024-04-09T08:40:50.915+0000] {processor.py:830} INFO - Processing file /home/airflow/.local/lib/python3.12/site-packages/airflow/example_dags/example_nested_branch_dag.py for tasks to queue
[2024-04-09T08:40:50.916+0000] {logging_mixin.py:188} INFO - [2024-04-09T08:40:50.916+0000] {dagbag.py:540} INFO - Filling up the DagBag from /home/airflow/.local/lib/python3.12/site-packages/airflow/example_dags/example_nested_branch_dag.py
[2024-04-09T08:40:50.921+0000] {processor.py:840} INFO - DAG(s) 'example_nested_branch_dag' retrieved from /home/airflow/.local/lib/python3.12/site-packages/airflow/example_dags/example_nested_branch_dag.py
[2024-04-09T08:40:50.934+0000] {logging_mixin.py:188} INFO - [2024-04-09T08:40:50.934+0000] {dag.py:3096} INFO - Sync 1 DAGs
[2024-04-09T08:40:50.947+0000] {logging_mixin.py:188} INFO - [2024-04-09T08:40:50.947+0000] {dag.py:3954} INFO - Setting next_dagrun for example_nested_branch_dag to 2024-04-08 00:00:00+00:00, run_after=2024-04-09 00:00:00+00:00
[2024-04-09T08:40:50.959+0000] {processor.py:183} INFO - Processing /home/airflow/.local/lib/python3.12/site-packages/airflow/example_dags/example_nested_branch_dag.py took 0.048 seconds
[2024-04-09T08:41:21.692+0000] {processor.py:161} INFO - Started process (PID=1985) to work on /home/airflow/.local/lib/python3.12/site-packages/airflow/example_dags/example_nested_branch_dag.py
[2024-04-09T08:41:21.692+0000] {processor.py:830} INFO - Processing file /home/airflow/.local/lib/python3.12/site-packages/airflow/example_dags/example_nested_branch_dag.py for tasks to queue
[2024-04-09T08:41:21.693+0000] {logging_mixin.py:188} INFO - [2024-04-09T08:41:21.693+0000] {dagbag.py:540} INFO - Filling up the DagBag from /home/airflow/.local/lib/python3.12/site-packages/airflow/example_dags/example_nested_branch_dag.py
[2024-04-09T08:41:21.698+0000] {processor.py:840} INFO - DAG(s) 'example_nested_branch_dag' retrieved from /home/airflow/.local/lib/python3.12/site-packages/airflow/example_dags/example_nested_branch_dag.py
[2024-04-09T08:41:21.710+0000] {logging_mixin.py:188} INFO - [2024-04-09T08:41:21.710+0000] {dag.py:3096} INFO - Sync 1 DAGs
[2024-04-09T08:41:21.723+0000] {logging_mixin.py:188} INFO - [2024-04-09T08:41:21.723+0000] {dag.py:3954} INFO - Setting next_dagrun for example_nested_branch_dag to 2024-04-08 00:00:00+00:00, run_after=2024-04-09 00:00:00+00:00
[2024-04-09T08:41:21.735+0000] {processor.py:183} INFO - Processing /home/airflow/.local/lib/python3.12/site-packages/airflow/example_dags/example_nested_branch_dag.py took 0.046 seconds
[2024-04-09T08:41:52.306+0000] {processor.py:161} INFO - Started process (PID=2043) to work on /home/airflow/.local/lib/python3.12/site-packages/airflow/example_dags/example_nested_branch_dag.py
[2024-04-09T08:41:52.307+0000] {processor.py:830} INFO - Processing file /home/airflow/.local/lib/python3.12/site-packages/airflow/example_dags/example_nested_branch_dag.py for tasks to queue
[2024-04-09T08:41:52.308+0000] {logging_mixin.py:188} INFO - [2024-04-09T08:41:52.307+0000] {dagbag.py:540} INFO - Filling up the DagBag from /home/airflow/.local/lib/python3.12/site-packages/airflow/example_dags/example_nested_branch_dag.py
[2024-04-09T08:41:52.314+0000] {processor.py:840} INFO - DAG(s) 'example_nested_branch_dag' retrieved from /home/airflow/.local/lib/python3.12/site-packages/airflow/example_dags/example_nested_branch_dag.py
[2024-04-09T08:41:52.326+0000] {logging_mixin.py:188} INFO - [2024-04-09T08:41:52.326+0000] {dag.py:3096} INFO - Sync 1 DAGs
[2024-04-09T08:41:52.339+0000] {logging_mixin.py:188} INFO - [2024-04-09T08:41:52.339+0000] {dag.py:3954} INFO - Setting next_dagrun for example_nested_branch_dag to 2024-04-08 00:00:00+00:00, run_after=2024-04-09 00:00:00+00:00
[2024-04-09T08:41:52.351+0000] {processor.py:183} INFO - Processing /home/airflow/.local/lib/python3.12/site-packages/airflow/example_dags/example_nested_branch_dag.py took 0.048 seconds
[2024-04-09T08:42:22.942+0000] {processor.py:161} INFO - Started process (PID=2101) to work on /home/airflow/.local/lib/python3.12/site-packages/airflow/example_dags/example_nested_branch_dag.py
[2024-04-09T08:42:22.942+0000] {processor.py:830} INFO - Processing file /home/airflow/.local/lib/python3.12/site-packages/airflow/example_dags/example_nested_branch_dag.py for tasks to queue
[2024-04-09T08:42:22.943+0000] {logging_mixin.py:188} INFO - [2024-04-09T08:42:22.943+0000] {dagbag.py:540} INFO - Filling up the DagBag from /home/airflow/.local/lib/python3.12/site-packages/airflow/example_dags/example_nested_branch_dag.py
[2024-04-09T08:42:22.950+0000] {processor.py:840} INFO - DAG(s) 'example_nested_branch_dag' retrieved from /home/airflow/.local/lib/python3.12/site-packages/airflow/example_dags/example_nested_branch_dag.py
[2024-04-09T08:42:22.963+0000] {logging_mixin.py:188} INFO - [2024-04-09T08:42:22.963+0000] {dag.py:3096} INFO - Sync 1 DAGs
[2024-04-09T08:42:22.976+0000] {logging_mixin.py:188} INFO - [2024-04-09T08:42:22.976+0000] {dag.py:3954} INFO - Setting next_dagrun for example_nested_branch_dag to 2024-04-08 00:00:00+00:00, run_after=2024-04-09 00:00:00+00:00
[2024-04-09T08:42:22.986+0000] {processor.py:183} INFO - Processing /home/airflow/.local/lib/python3.12/site-packages/airflow/example_dags/example_nested_branch_dag.py took 0.048 seconds
[2024-04-09T08:42:53.669+0000] {processor.py:161} INFO - Started process (PID=2159) to work on /home/airflow/.local/lib/python3.12/site-packages/airflow/example_dags/example_nested_branch_dag.py
[2024-04-09T08:42:53.669+0000] {processor.py:830} INFO - Processing file /home/airflow/.local/lib/python3.12/site-packages/airflow/example_dags/example_nested_branch_dag.py for tasks to queue
[2024-04-09T08:42:53.670+0000] {logging_mixin.py:188} INFO - [2024-04-09T08:42:53.670+0000] {dagbag.py:540} INFO - Filling up the DagBag from /home/airflow/.local/lib/python3.12/site-packages/airflow/example_dags/example_nested_branch_dag.py
[2024-04-09T08:42:53.676+0000] {processor.py:840} INFO - DAG(s) 'example_nested_branch_dag' retrieved from /home/airflow/.local/lib/python3.12/site-packages/airflow/example_dags/example_nested_branch_dag.py
[2024-04-09T08:42:53.688+0000] {logging_mixin.py:188} INFO - [2024-04-09T08:42:53.688+0000] {dag.py:3096} INFO - Sync 1 DAGs
[2024-04-09T08:42:53.702+0000] {logging_mixin.py:188} INFO - [2024-04-09T08:42:53.701+0000] {dag.py:3954} INFO - Setting next_dagrun for example_nested_branch_dag to 2024-04-08 00:00:00+00:00, run_after=2024-04-09 00:00:00+00:00
[2024-04-09T08:42:53.714+0000] {processor.py:183} INFO - Processing /home/airflow/.local/lib/python3.12/site-packages/airflow/example_dags/example_nested_branch_dag.py took 0.048 seconds
[2024-04-09T08:43:24.331+0000] {processor.py:161} INFO - Started process (PID=2217) to work on /home/airflow/.local/lib/python3.12/site-packages/airflow/example_dags/example_nested_branch_dag.py
[2024-04-09T08:43:24.332+0000] {processor.py:830} INFO - Processing file /home/airflow/.local/lib/python3.12/site-packages/airflow/example_dags/example_nested_branch_dag.py for tasks to queue
[2024-04-09T08:43:24.333+0000] {logging_mixin.py:188} INFO - [2024-04-09T08:43:24.332+0000] {dagbag.py:540} INFO - Filling up the DagBag from /home/airflow/.local/lib/python3.12/site-packages/airflow/example_dags/example_nested_branch_dag.py
[2024-04-09T08:43:24.338+0000] {processor.py:840} INFO - DAG(s) 'example_nested_branch_dag' retrieved from /home/airflow/.local/lib/python3.12/site-packages/airflow/example_dags/example_nested_branch_dag.py
[2024-04-09T08:43:24.351+0000] {logging_mixin.py:188} INFO - [2024-04-09T08:43:24.351+0000] {dag.py:3096} INFO - Sync 1 DAGs
[2024-04-09T08:43:24.364+0000] {logging_mixin.py:188} INFO - [2024-04-09T08:43:24.364+0000] {dag.py:3954} INFO - Setting next_dagrun for example_nested_branch_dag to 2024-04-08 00:00:00+00:00, run_after=2024-04-09 00:00:00+00:00
[2024-04-09T08:43:24.376+0000] {processor.py:183} INFO - Processing /home/airflow/.local/lib/python3.12/site-packages/airflow/example_dags/example_nested_branch_dag.py took 0.049 seconds
[2024-04-09T08:43:55.016+0000] {processor.py:161} INFO - Started process (PID=2275) to work on /home/airflow/.local/lib/python3.12/site-packages/airflow/example_dags/example_nested_branch_dag.py
[2024-04-09T08:43:55.017+0000] {processor.py:830} INFO - Processing file /home/airflow/.local/lib/python3.12/site-packages/airflow/example_dags/example_nested_branch_dag.py for tasks to queue
[2024-04-09T08:43:55.018+0000] {logging_mixin.py:188} INFO - [2024-04-09T08:43:55.018+0000] {dagbag.py:540} INFO - Filling up the DagBag from /home/airflow/.local/lib/python3.12/site-packages/airflow/example_dags/example_nested_branch_dag.py
[2024-04-09T08:43:55.023+0000] {processor.py:840} INFO - DAG(s) 'example_nested_branch_dag' retrieved from /home/airflow/.local/lib/python3.12/site-packages/airflow/example_dags/example_nested_branch_dag.py
[2024-04-09T08:43:55.035+0000] {logging_mixin.py:188} INFO - [2024-04-09T08:43:55.035+0000] {dag.py:3096} INFO - Sync 1 DAGs
[2024-04-09T08:43:55.048+0000] {logging_mixin.py:188} INFO - [2024-04-09T08:43:55.048+0000] {dag.py:3954} INFO - Setting next_dagrun for example_nested_branch_dag to 2024-04-08 00:00:00+00:00, run_after=2024-04-09 00:00:00+00:00
[2024-04-09T08:43:55.065+0000] {processor.py:183} INFO - Processing /home/airflow/.local/lib/python3.12/site-packages/airflow/example_dags/example_nested_branch_dag.py took 0.051 seconds
[2024-04-09T08:44:25.799+0000] {processor.py:161} INFO - Started process (PID=2333) to work on /home/airflow/.local/lib/python3.12/site-packages/airflow/example_dags/example_nested_branch_dag.py
[2024-04-09T08:44:25.800+0000] {processor.py:830} INFO - Processing file /home/airflow/.local/lib/python3.12/site-packages/airflow/example_dags/example_nested_branch_dag.py for tasks to queue
[2024-04-09T08:44:25.801+0000] {logging_mixin.py:188} INFO - [2024-04-09T08:44:25.800+0000] {dagbag.py:540} INFO - Filling up the DagBag from /home/airflow/.local/lib/python3.12/site-packages/airflow/example_dags/example_nested_branch_dag.py
[2024-04-09T08:44:25.806+0000] {processor.py:840} INFO - DAG(s) 'example_nested_branch_dag' retrieved from /home/airflow/.local/lib/python3.12/site-packages/airflow/example_dags/example_nested_branch_dag.py
[2024-04-09T08:44:25.818+0000] {logging_mixin.py:188} INFO - [2024-04-09T08:44:25.818+0000] {dag.py:3096} INFO - Sync 1 DAGs
[2024-04-09T08:44:25.831+0000] {logging_mixin.py:188} INFO - [2024-04-09T08:44:25.831+0000] {dag.py:3954} INFO - Setting next_dagrun for example_nested_branch_dag to 2024-04-08 00:00:00+00:00, run_after=2024-04-09 00:00:00+00:00
[2024-04-09T08:44:25.843+0000] {processor.py:183} INFO - Processing /home/airflow/.local/lib/python3.12/site-packages/airflow/example_dags/example_nested_branch_dag.py took 0.047 seconds
[2024-04-09T08:44:56.533+0000] {processor.py:161} INFO - Started process (PID=2391) to work on /home/airflow/.local/lib/python3.12/site-packages/airflow/example_dags/example_nested_branch_dag.py
[2024-04-09T08:44:56.533+0000] {processor.py:830} INFO - Processing file /home/airflow/.local/lib/python3.12/site-packages/airflow/example_dags/example_nested_branch_dag.py for tasks to queue
[2024-04-09T08:44:56.535+0000] {logging_mixin.py:188} INFO - [2024-04-09T08:44:56.534+0000] {dagbag.py:540} INFO - Filling up the DagBag from /home/airflow/.local/lib/python3.12/site-packages/airflow/example_dags/example_nested_branch_dag.py
[2024-04-09T08:44:56.542+0000] {processor.py:840} INFO - DAG(s) 'example_nested_branch_dag' retrieved from /home/airflow/.local/lib/python3.12/site-packages/airflow/example_dags/example_nested_branch_dag.py
[2024-04-09T08:44:56.558+0000] {logging_mixin.py:188} INFO - [2024-04-09T08:44:56.558+0000] {dag.py:3096} INFO - Sync 1 DAGs
[2024-04-09T08:44:56.575+0000] {logging_mixin.py:188} INFO - [2024-04-09T08:44:56.575+0000] {dag.py:3954} INFO - Setting next_dagrun for example_nested_branch_dag to 2024-04-08 00:00:00+00:00, run_after=2024-04-09 00:00:00+00:00
[2024-04-09T08:44:56.589+0000] {processor.py:183} INFO - Processing /home/airflow/.local/lib/python3.12/site-packages/airflow/example_dags/example_nested_branch_dag.py took 0.060 seconds
[2024-04-09T08:45:27.285+0000] {processor.py:161} INFO - Started process (PID=2449) to work on /home/airflow/.local/lib/python3.12/site-packages/airflow/example_dags/example_nested_branch_dag.py
[2024-04-09T08:45:27.286+0000] {processor.py:830} INFO - Processing file /home/airflow/.local/lib/python3.12/site-packages/airflow/example_dags/example_nested_branch_dag.py for tasks to queue
[2024-04-09T08:45:27.287+0000] {logging_mixin.py:188} INFO - [2024-04-09T08:45:27.286+0000] {dagbag.py:540} INFO - Filling up the DagBag from /home/airflow/.local/lib/python3.12/site-packages/airflow/example_dags/example_nested_branch_dag.py
[2024-04-09T08:45:27.293+0000] {processor.py:840} INFO - DAG(s) 'example_nested_branch_dag' retrieved from /home/airflow/.local/lib/python3.12/site-packages/airflow/example_dags/example_nested_branch_dag.py
[2024-04-09T08:45:27.304+0000] {logging_mixin.py:188} INFO - [2024-04-09T08:45:27.304+0000] {dag.py:3096} INFO - Sync 1 DAGs
[2024-04-09T08:45:27.318+0000] {logging_mixin.py:188} INFO - [2024-04-09T08:45:27.318+0000] {dag.py:3954} INFO - Setting next_dagrun for example_nested_branch_dag to 2024-04-08 00:00:00+00:00, run_after=2024-04-09 00:00:00+00:00
[2024-04-09T08:45:27.331+0000] {processor.py:183} INFO - Processing /home/airflow/.local/lib/python3.12/site-packages/airflow/example_dags/example_nested_branch_dag.py took 0.049 seconds
[2024-04-09T08:45:57.910+0000] {processor.py:161} INFO - Started process (PID=2507) to work on /home/airflow/.local/lib/python3.12/site-packages/airflow/example_dags/example_nested_branch_dag.py
[2024-04-09T08:45:57.910+0000] {processor.py:830} INFO - Processing file /home/airflow/.local/lib/python3.12/site-packages/airflow/example_dags/example_nested_branch_dag.py for tasks to queue
[2024-04-09T08:45:57.911+0000] {logging_mixin.py:188} INFO - [2024-04-09T08:45:57.911+0000] {dagbag.py:540} INFO - Filling up the DagBag from /home/airflow/.local/lib/python3.12/site-packages/airflow/example_dags/example_nested_branch_dag.py
[2024-04-09T08:45:57.917+0000] {processor.py:840} INFO - DAG(s) 'example_nested_branch_dag' retrieved from /home/airflow/.local/lib/python3.12/site-packages/airflow/example_dags/example_nested_branch_dag.py
[2024-04-09T08:45:57.930+0000] {logging_mixin.py:188} INFO - [2024-04-09T08:45:57.930+0000] {dag.py:3096} INFO - Sync 1 DAGs
[2024-04-09T08:45:57.944+0000] {logging_mixin.py:188} INFO - [2024-04-09T08:45:57.943+0000] {dag.py:3954} INFO - Setting next_dagrun for example_nested_branch_dag to 2024-04-08 00:00:00+00:00, run_after=2024-04-09 00:00:00+00:00
[2024-04-09T08:45:57.957+0000] {processor.py:183} INFO - Processing /home/airflow/.local/lib/python3.12/site-packages/airflow/example_dags/example_nested_branch_dag.py took 0.050 seconds
[2024-04-09T08:46:28.615+0000] {processor.py:161} INFO - Started process (PID=2565) to work on /home/airflow/.local/lib/python3.12/site-packages/airflow/example_dags/example_nested_branch_dag.py
[2024-04-09T08:46:28.615+0000] {processor.py:830} INFO - Processing file /home/airflow/.local/lib/python3.12/site-packages/airflow/example_dags/example_nested_branch_dag.py for tasks to queue
[2024-04-09T08:46:28.616+0000] {logging_mixin.py:188} INFO - [2024-04-09T08:46:28.616+0000] {dagbag.py:540} INFO - Filling up the DagBag from /home/airflow/.local/lib/python3.12/site-packages/airflow/example_dags/example_nested_branch_dag.py
[2024-04-09T08:46:28.622+0000] {processor.py:840} INFO - DAG(s) 'example_nested_branch_dag' retrieved from /home/airflow/.local/lib/python3.12/site-packages/airflow/example_dags/example_nested_branch_dag.py
[2024-04-09T08:46:28.635+0000] {logging_mixin.py:188} INFO - [2024-04-09T08:46:28.635+0000] {dag.py:3096} INFO - Sync 1 DAGs
[2024-04-09T08:46:28.650+0000] {logging_mixin.py:188} INFO - [2024-04-09T08:46:28.650+0000] {dag.py:3954} INFO - Setting next_dagrun for example_nested_branch_dag to 2024-04-08 00:00:00+00:00, run_after=2024-04-09 00:00:00+00:00
[2024-04-09T08:46:28.661+0000] {processor.py:183} INFO - Processing /home/airflow/.local/lib/python3.12/site-packages/airflow/example_dags/example_nested_branch_dag.py took 0.049 seconds
[2024-04-09T08:46:59.227+0000] {processor.py:161} INFO - Started process (PID=2623) to work on /home/airflow/.local/lib/python3.12/site-packages/airflow/example_dags/example_nested_branch_dag.py
[2024-04-09T08:46:59.228+0000] {processor.py:830} INFO - Processing file /home/airflow/.local/lib/python3.12/site-packages/airflow/example_dags/example_nested_branch_dag.py for tasks to queue
[2024-04-09T08:46:59.229+0000] {logging_mixin.py:188} INFO - [2024-04-09T08:46:59.229+0000] {dagbag.py:540} INFO - Filling up the DagBag from /home/airflow/.local/lib/python3.12/site-packages/airflow/example_dags/example_nested_branch_dag.py
[2024-04-09T08:46:59.236+0000] {processor.py:840} INFO - DAG(s) 'example_nested_branch_dag' retrieved from /home/airflow/.local/lib/python3.12/site-packages/airflow/example_dags/example_nested_branch_dag.py
[2024-04-09T08:46:59.248+0000] {logging_mixin.py:188} INFO - [2024-04-09T08:46:59.248+0000] {dag.py:3096} INFO - Sync 1 DAGs
[2024-04-09T08:46:59.261+0000] {logging_mixin.py:188} INFO - [2024-04-09T08:46:59.261+0000] {dag.py:3954} INFO - Setting next_dagrun for example_nested_branch_dag to 2024-04-08 00:00:00+00:00, run_after=2024-04-09 00:00:00+00:00
[2024-04-09T08:46:59.272+0000] {processor.py:183} INFO - Processing /home/airflow/.local/lib/python3.12/site-packages/airflow/example_dags/example_nested_branch_dag.py took 0.048 seconds
[2024-04-09T08:47:29.863+0000] {processor.py:161} INFO - Started process (PID=2681) to work on /home/airflow/.local/lib/python3.12/site-packages/airflow/example_dags/example_nested_branch_dag.py
[2024-04-09T08:47:29.863+0000] {processor.py:830} INFO - Processing file /home/airflow/.local/lib/python3.12/site-packages/airflow/example_dags/example_nested_branch_dag.py for tasks to queue
[2024-04-09T08:47:29.864+0000] {logging_mixin.py:188} INFO - [2024-04-09T08:47:29.864+0000] {dagbag.py:540} INFO - Filling up the DagBag from /home/airflow/.local/lib/python3.12/site-packages/airflow/example_dags/example_nested_branch_dag.py
[2024-04-09T08:47:29.870+0000] {processor.py:840} INFO - DAG(s) 'example_nested_branch_dag' retrieved from /home/airflow/.local/lib/python3.12/site-packages/airflow/example_dags/example_nested_branch_dag.py
[2024-04-09T08:47:29.883+0000] {logging_mixin.py:188} INFO - [2024-04-09T08:47:29.883+0000] {dag.py:3096} INFO - Sync 1 DAGs
[2024-04-09T08:47:29.897+0000] {logging_mixin.py:188} INFO - [2024-04-09T08:47:29.896+0000] {dag.py:3954} INFO - Setting next_dagrun for example_nested_branch_dag to 2024-04-08 00:00:00+00:00, run_after=2024-04-09 00:00:00+00:00
[2024-04-09T08:47:29.907+0000] {processor.py:183} INFO - Processing /home/airflow/.local/lib/python3.12/site-packages/airflow/example_dags/example_nested_branch_dag.py took 0.048 seconds
[2024-04-09T08:48:00.468+0000] {processor.py:161} INFO - Started process (PID=2739) to work on /home/airflow/.local/lib/python3.12/site-packages/airflow/example_dags/example_nested_branch_dag.py
[2024-04-09T08:48:00.469+0000] {processor.py:830} INFO - Processing file /home/airflow/.local/lib/python3.12/site-packages/airflow/example_dags/example_nested_branch_dag.py for tasks to queue
[2024-04-09T08:48:00.470+0000] {logging_mixin.py:188} INFO - [2024-04-09T08:48:00.470+0000] {dagbag.py:540} INFO - Filling up the DagBag from /home/airflow/.local/lib/python3.12/site-packages/airflow/example_dags/example_nested_branch_dag.py
[2024-04-09T08:48:00.476+0000] {processor.py:840} INFO - DAG(s) 'example_nested_branch_dag' retrieved from /home/airflow/.local/lib/python3.12/site-packages/airflow/example_dags/example_nested_branch_dag.py
[2024-04-09T08:48:00.488+0000] {logging_mixin.py:188} INFO - [2024-04-09T08:48:00.488+0000] {dag.py:3096} INFO - Sync 1 DAGs
[2024-04-09T08:48:00.502+0000] {logging_mixin.py:188} INFO - [2024-04-09T08:48:00.501+0000] {dag.py:3954} INFO - Setting next_dagrun for example_nested_branch_dag to 2024-04-08 00:00:00+00:00, run_after=2024-04-09 00:00:00+00:00
[2024-04-09T08:48:00.513+0000] {processor.py:183} INFO - Processing /home/airflow/.local/lib/python3.12/site-packages/airflow/example_dags/example_nested_branch_dag.py took 0.048 seconds
[2024-04-09T08:48:31.199+0000] {processor.py:161} INFO - Started process (PID=2797) to work on /home/airflow/.local/lib/python3.12/site-packages/airflow/example_dags/example_nested_branch_dag.py
[2024-04-09T08:48:31.200+0000] {processor.py:830} INFO - Processing file /home/airflow/.local/lib/python3.12/site-packages/airflow/example_dags/example_nested_branch_dag.py for tasks to queue
[2024-04-09T08:48:31.201+0000] {logging_mixin.py:188} INFO - [2024-04-09T08:48:31.200+0000] {dagbag.py:540} INFO - Filling up the DagBag from /home/airflow/.local/lib/python3.12/site-packages/airflow/example_dags/example_nested_branch_dag.py
[2024-04-09T08:48:31.206+0000] {processor.py:840} INFO - DAG(s) 'example_nested_branch_dag' retrieved from /home/airflow/.local/lib/python3.12/site-packages/airflow/example_dags/example_nested_branch_dag.py
[2024-04-09T08:48:31.218+0000] {logging_mixin.py:188} INFO - [2024-04-09T08:48:31.218+0000] {dag.py:3096} INFO - Sync 1 DAGs
[2024-04-09T08:48:31.231+0000] {logging_mixin.py:188} INFO - [2024-04-09T08:48:31.231+0000] {dag.py:3954} INFO - Setting next_dagrun for example_nested_branch_dag to 2024-04-08 00:00:00+00:00, run_after=2024-04-09 00:00:00+00:00
[2024-04-09T08:48:31.242+0000] {processor.py:183} INFO - Processing /home/airflow/.local/lib/python3.12/site-packages/airflow/example_dags/example_nested_branch_dag.py took 0.046 seconds
[2024-04-09T08:49:01.735+0000] {processor.py:161} INFO - Started process (PID=2855) to work on /home/airflow/.local/lib/python3.12/site-packages/airflow/example_dags/example_nested_branch_dag.py
[2024-04-09T08:49:01.736+0000] {processor.py:830} INFO - Processing file /home/airflow/.local/lib/python3.12/site-packages/airflow/example_dags/example_nested_branch_dag.py for tasks to queue
[2024-04-09T08:49:01.737+0000] {logging_mixin.py:188} INFO - [2024-04-09T08:49:01.736+0000] {dagbag.py:540} INFO - Filling up the DagBag from /home/airflow/.local/lib/python3.12/site-packages/airflow/example_dags/example_nested_branch_dag.py
[2024-04-09T08:49:01.742+0000] {processor.py:840} INFO - DAG(s) 'example_nested_branch_dag' retrieved from /home/airflow/.local/lib/python3.12/site-packages/airflow/example_dags/example_nested_branch_dag.py
[2024-04-09T08:49:01.755+0000] {logging_mixin.py:188} INFO - [2024-04-09T08:49:01.755+0000] {dag.py:3096} INFO - Sync 1 DAGs
[2024-04-09T08:49:01.769+0000] {logging_mixin.py:188} INFO - [2024-04-09T08:49:01.768+0000] {dag.py:3954} INFO - Setting next_dagrun for example_nested_branch_dag to 2024-04-08 00:00:00+00:00, run_after=2024-04-09 00:00:00+00:00
[2024-04-09T08:49:01.779+0000] {processor.py:183} INFO - Processing /home/airflow/.local/lib/python3.12/site-packages/airflow/example_dags/example_nested_branch_dag.py took 0.047 seconds
[2024-04-09T08:49:32.408+0000] {processor.py:161} INFO - Started process (PID=2913) to work on /home/airflow/.local/lib/python3.12/site-packages/airflow/example_dags/example_nested_branch_dag.py
[2024-04-09T08:49:32.408+0000] {processor.py:830} INFO - Processing file /home/airflow/.local/lib/python3.12/site-packages/airflow/example_dags/example_nested_branch_dag.py for tasks to queue
[2024-04-09T08:49:32.409+0000] {logging_mixin.py:188} INFO - [2024-04-09T08:49:32.409+0000] {dagbag.py:540} INFO - Filling up the DagBag from /home/airflow/.local/lib/python3.12/site-packages/airflow/example_dags/example_nested_branch_dag.py
[2024-04-09T08:49:32.418+0000] {processor.py:840} INFO - DAG(s) 'example_nested_branch_dag' retrieved from /home/airflow/.local/lib/python3.12/site-packages/airflow/example_dags/example_nested_branch_dag.py
[2024-04-09T08:49:32.435+0000] {logging_mixin.py:188} INFO - [2024-04-09T08:49:32.434+0000] {dag.py:3096} INFO - Sync 1 DAGs
[2024-04-09T08:49:32.450+0000] {logging_mixin.py:188} INFO - [2024-04-09T08:49:32.450+0000] {dag.py:3954} INFO - Setting next_dagrun for example_nested_branch_dag to 2024-04-08 00:00:00+00:00, run_after=2024-04-09 00:00:00+00:00
[2024-04-09T08:49:32.461+0000] {processor.py:183} INFO - Processing /home/airflow/.local/lib/python3.12/site-packages/airflow/example_dags/example_nested_branch_dag.py took 0.057 seconds
[2024-04-09T08:50:03.151+0000] {processor.py:161} INFO - Started process (PID=2971) to work on /home/airflow/.local/lib/python3.12/site-packages/airflow/example_dags/example_nested_branch_dag.py
[2024-04-09T08:50:03.152+0000] {processor.py:830} INFO - Processing file /home/airflow/.local/lib/python3.12/site-packages/airflow/example_dags/example_nested_branch_dag.py for tasks to queue
[2024-04-09T08:50:03.153+0000] {logging_mixin.py:188} INFO - [2024-04-09T08:50:03.153+0000] {dagbag.py:540} INFO - Filling up the DagBag from /home/airflow/.local/lib/python3.12/site-packages/airflow/example_dags/example_nested_branch_dag.py
[2024-04-09T08:50:03.159+0000] {processor.py:840} INFO - DAG(s) 'example_nested_branch_dag' retrieved from /home/airflow/.local/lib/python3.12/site-packages/airflow/example_dags/example_nested_branch_dag.py
[2024-04-09T08:50:03.172+0000] {logging_mixin.py:188} INFO - [2024-04-09T08:50:03.172+0000] {dag.py:3096} INFO - Sync 1 DAGs
[2024-04-09T08:50:03.186+0000] {logging_mixin.py:188} INFO - [2024-04-09T08:50:03.185+0000] {dag.py:3954} INFO - Setting next_dagrun for example_nested_branch_dag to 2024-04-08 00:00:00+00:00, run_after=2024-04-09 00:00:00+00:00
[2024-04-09T08:50:03.197+0000] {processor.py:183} INFO - Processing /home/airflow/.local/lib/python3.12/site-packages/airflow/example_dags/example_nested_branch_dag.py took 0.049 seconds
[2024-04-09T08:50:33.787+0000] {processor.py:161} INFO - Started process (PID=3029) to work on /home/airflow/.local/lib/python3.12/site-packages/airflow/example_dags/example_nested_branch_dag.py
[2024-04-09T08:50:33.787+0000] {processor.py:830} INFO - Processing file /home/airflow/.local/lib/python3.12/site-packages/airflow/example_dags/example_nested_branch_dag.py for tasks to queue
[2024-04-09T08:50:33.788+0000] {logging_mixin.py:188} INFO - [2024-04-09T08:50:33.788+0000] {dagbag.py:540} INFO - Filling up the DagBag from /home/airflow/.local/lib/python3.12/site-packages/airflow/example_dags/example_nested_branch_dag.py
[2024-04-09T08:50:33.793+0000] {processor.py:840} INFO - DAG(s) 'example_nested_branch_dag' retrieved from /home/airflow/.local/lib/python3.12/site-packages/airflow/example_dags/example_nested_branch_dag.py
[2024-04-09T08:50:33.806+0000] {logging_mixin.py:188} INFO - [2024-04-09T08:50:33.806+0000] {dag.py:3096} INFO - Sync 1 DAGs
[2024-04-09T08:50:33.819+0000] {logging_mixin.py:188} INFO - [2024-04-09T08:50:33.818+0000] {dag.py:3954} INFO - Setting next_dagrun for example_nested_branch_dag to 2024-04-08 00:00:00+00:00, run_after=2024-04-09 00:00:00+00:00
[2024-04-09T08:50:33.829+0000] {processor.py:183} INFO - Processing /home/airflow/.local/lib/python3.12/site-packages/airflow/example_dags/example_nested_branch_dag.py took 0.046 seconds
[2024-04-09T08:51:04.357+0000] {processor.py:161} INFO - Started process (PID=3087) to work on /home/airflow/.local/lib/python3.12/site-packages/airflow/example_dags/example_nested_branch_dag.py
[2024-04-09T08:51:04.358+0000] {processor.py:830} INFO - Processing file /home/airflow/.local/lib/python3.12/site-packages/airflow/example_dags/example_nested_branch_dag.py for tasks to queue
[2024-04-09T08:51:04.359+0000] {logging_mixin.py:188} INFO - [2024-04-09T08:51:04.359+0000] {dagbag.py:540} INFO - Filling up the DagBag from /home/airflow/.local/lib/python3.12/site-packages/airflow/example_dags/example_nested_branch_dag.py
[2024-04-09T08:51:04.365+0000] {processor.py:840} INFO - DAG(s) 'example_nested_branch_dag' retrieved from /home/airflow/.local/lib/python3.12/site-packages/airflow/example_dags/example_nested_branch_dag.py
[2024-04-09T08:51:04.378+0000] {logging_mixin.py:188} INFO - [2024-04-09T08:51:04.378+0000] {dag.py:3096} INFO - Sync 1 DAGs
[2024-04-09T08:51:04.391+0000] {logging_mixin.py:188} INFO - [2024-04-09T08:51:04.391+0000] {dag.py:3954} INFO - Setting next_dagrun for example_nested_branch_dag to 2024-04-08 00:00:00+00:00, run_after=2024-04-09 00:00:00+00:00
[2024-04-09T08:51:04.402+0000] {processor.py:183} INFO - Processing /home/airflow/.local/lib/python3.12/site-packages/airflow/example_dags/example_nested_branch_dag.py took 0.048 seconds
[2024-04-09T08:51:34.896+0000] {processor.py:161} INFO - Started process (PID=3145) to work on /home/airflow/.local/lib/python3.12/site-packages/airflow/example_dags/example_nested_branch_dag.py
[2024-04-09T08:51:34.897+0000] {processor.py:830} INFO - Processing file /home/airflow/.local/lib/python3.12/site-packages/airflow/example_dags/example_nested_branch_dag.py for tasks to queue
[2024-04-09T08:51:34.898+0000] {logging_mixin.py:188} INFO - [2024-04-09T08:51:34.898+0000] {dagbag.py:540} INFO - Filling up the DagBag from /home/airflow/.local/lib/python3.12/site-packages/airflow/example_dags/example_nested_branch_dag.py
[2024-04-09T08:51:34.903+0000] {processor.py:840} INFO - DAG(s) 'example_nested_branch_dag' retrieved from /home/airflow/.local/lib/python3.12/site-packages/airflow/example_dags/example_nested_branch_dag.py
[2024-04-09T08:51:34.915+0000] {logging_mixin.py:188} INFO - [2024-04-09T08:51:34.915+0000] {dag.py:3096} INFO - Sync 1 DAGs
[2024-04-09T08:51:34.927+0000] {logging_mixin.py:188} INFO - [2024-04-09T08:51:34.927+0000] {dag.py:3954} INFO - Setting next_dagrun for example_nested_branch_dag to 2024-04-08 00:00:00+00:00, run_after=2024-04-09 00:00:00+00:00
[2024-04-09T08:51:34.938+0000] {processor.py:183} INFO - Processing /home/airflow/.local/lib/python3.12/site-packages/airflow/example_dags/example_nested_branch_dag.py took 0.045 seconds
[2024-04-09T08:52:05.444+0000] {processor.py:161} INFO - Started process (PID=3203) to work on /home/airflow/.local/lib/python3.12/site-packages/airflow/example_dags/example_nested_branch_dag.py
[2024-04-09T08:52:05.445+0000] {processor.py:830} INFO - Processing file /home/airflow/.local/lib/python3.12/site-packages/airflow/example_dags/example_nested_branch_dag.py for tasks to queue
[2024-04-09T08:52:05.446+0000] {logging_mixin.py:188} INFO - [2024-04-09T08:52:05.446+0000] {dagbag.py:540} INFO - Filling up the DagBag from /home/airflow/.local/lib/python3.12/site-packages/airflow/example_dags/example_nested_branch_dag.py
[2024-04-09T08:52:05.451+0000] {processor.py:840} INFO - DAG(s) 'example_nested_branch_dag' retrieved from /home/airflow/.local/lib/python3.12/site-packages/airflow/example_dags/example_nested_branch_dag.py
[2024-04-09T08:52:05.465+0000] {logging_mixin.py:188} INFO - [2024-04-09T08:52:05.465+0000] {dag.py:3096} INFO - Sync 1 DAGs
[2024-04-09T08:52:05.478+0000] {logging_mixin.py:188} INFO - [2024-04-09T08:52:05.478+0000] {dag.py:3954} INFO - Setting next_dagrun for example_nested_branch_dag to 2024-04-08 00:00:00+00:00, run_after=2024-04-09 00:00:00+00:00
[2024-04-09T08:52:05.489+0000] {processor.py:183} INFO - Processing /home/airflow/.local/lib/python3.12/site-packages/airflow/example_dags/example_nested_branch_dag.py took 0.048 seconds
[2024-04-09T08:52:36.090+0000] {processor.py:161} INFO - Started process (PID=3261) to work on /home/airflow/.local/lib/python3.12/site-packages/airflow/example_dags/example_nested_branch_dag.py
[2024-04-09T08:52:36.090+0000] {processor.py:830} INFO - Processing file /home/airflow/.local/lib/python3.12/site-packages/airflow/example_dags/example_nested_branch_dag.py for tasks to queue
[2024-04-09T08:52:36.091+0000] {logging_mixin.py:188} INFO - [2024-04-09T08:52:36.091+0000] {dagbag.py:540} INFO - Filling up the DagBag from /home/airflow/.local/lib/python3.12/site-packages/airflow/example_dags/example_nested_branch_dag.py
[2024-04-09T08:52:36.097+0000] {processor.py:840} INFO - DAG(s) 'example_nested_branch_dag' retrieved from /home/airflow/.local/lib/python3.12/site-packages/airflow/example_dags/example_nested_branch_dag.py
[2024-04-09T08:52:36.110+0000] {logging_mixin.py:188} INFO - [2024-04-09T08:52:36.110+0000] {dag.py:3096} INFO - Sync 1 DAGs
[2024-04-09T08:52:36.123+0000] {logging_mixin.py:188} INFO - [2024-04-09T08:52:36.123+0000] {dag.py:3954} INFO - Setting next_dagrun for example_nested_branch_dag to 2024-04-08 00:00:00+00:00, run_after=2024-04-09 00:00:00+00:00
[2024-04-09T08:52:36.135+0000] {processor.py:183} INFO - Processing /home/airflow/.local/lib/python3.12/site-packages/airflow/example_dags/example_nested_branch_dag.py took 0.048 seconds
[2024-04-09T08:53:06.741+0000] {processor.py:161} INFO - Started process (PID=3319) to work on /home/airflow/.local/lib/python3.12/site-packages/airflow/example_dags/example_nested_branch_dag.py
[2024-04-09T08:53:06.742+0000] {processor.py:830} INFO - Processing file /home/airflow/.local/lib/python3.12/site-packages/airflow/example_dags/example_nested_branch_dag.py for tasks to queue
[2024-04-09T08:53:06.743+0000] {logging_mixin.py:188} INFO - [2024-04-09T08:53:06.743+0000] {dagbag.py:540} INFO - Filling up the DagBag from /home/airflow/.local/lib/python3.12/site-packages/airflow/example_dags/example_nested_branch_dag.py
[2024-04-09T08:53:06.748+0000] {processor.py:840} INFO - DAG(s) 'example_nested_branch_dag' retrieved from /home/airflow/.local/lib/python3.12/site-packages/airflow/example_dags/example_nested_branch_dag.py
[2024-04-09T08:53:06.762+0000] {logging_mixin.py:188} INFO - [2024-04-09T08:53:06.762+0000] {dag.py:3096} INFO - Sync 1 DAGs
[2024-04-09T08:53:06.777+0000] {logging_mixin.py:188} INFO - [2024-04-09T08:53:06.777+0000] {dag.py:3954} INFO - Setting next_dagrun for example_nested_branch_dag to 2024-04-08 00:00:00+00:00, run_after=2024-04-09 00:00:00+00:00
[2024-04-09T08:53:06.791+0000] {processor.py:183} INFO - Processing /home/airflow/.local/lib/python3.12/site-packages/airflow/example_dags/example_nested_branch_dag.py took 0.053 seconds
[2024-04-09T08:53:36.885+0000] {processor.py:161} INFO - Started process (PID=3377) to work on /home/airflow/.local/lib/python3.12/site-packages/airflow/example_dags/example_nested_branch_dag.py
[2024-04-09T08:53:36.885+0000] {processor.py:830} INFO - Processing file /home/airflow/.local/lib/python3.12/site-packages/airflow/example_dags/example_nested_branch_dag.py for tasks to queue
[2024-04-09T08:53:36.886+0000] {logging_mixin.py:188} INFO - [2024-04-09T08:53:36.886+0000] {dagbag.py:540} INFO - Filling up the DagBag from /home/airflow/.local/lib/python3.12/site-packages/airflow/example_dags/example_nested_branch_dag.py
[2024-04-09T08:53:36.892+0000] {processor.py:840} INFO - DAG(s) 'example_nested_branch_dag' retrieved from /home/airflow/.local/lib/python3.12/site-packages/airflow/example_dags/example_nested_branch_dag.py
[2024-04-09T08:53:36.905+0000] {logging_mixin.py:188} INFO - [2024-04-09T08:53:36.905+0000] {dag.py:3096} INFO - Sync 1 DAGs
[2024-04-09T08:53:36.918+0000] {logging_mixin.py:188} INFO - [2024-04-09T08:53:36.918+0000] {dag.py:3954} INFO - Setting next_dagrun for example_nested_branch_dag to 2024-04-08 00:00:00+00:00, run_after=2024-04-09 00:00:00+00:00
[2024-04-09T08:53:36.931+0000] {processor.py:183} INFO - Processing /home/airflow/.local/lib/python3.12/site-packages/airflow/example_dags/example_nested_branch_dag.py took 0.049 seconds
[2024-04-09T08:54:07.625+0000] {processor.py:161} INFO - Started process (PID=3435) to work on /home/airflow/.local/lib/python3.12/site-packages/airflow/example_dags/example_nested_branch_dag.py
[2024-04-09T08:54:07.625+0000] {processor.py:830} INFO - Processing file /home/airflow/.local/lib/python3.12/site-packages/airflow/example_dags/example_nested_branch_dag.py for tasks to queue
[2024-04-09T08:54:07.626+0000] {logging_mixin.py:188} INFO - [2024-04-09T08:54:07.626+0000] {dagbag.py:540} INFO - Filling up the DagBag from /home/airflow/.local/lib/python3.12/site-packages/airflow/example_dags/example_nested_branch_dag.py
[2024-04-09T08:54:07.632+0000] {processor.py:840} INFO - DAG(s) 'example_nested_branch_dag' retrieved from /home/airflow/.local/lib/python3.12/site-packages/airflow/example_dags/example_nested_branch_dag.py
[2024-04-09T08:54:07.644+0000] {logging_mixin.py:188} INFO - [2024-04-09T08:54:07.644+0000] {dag.py:3096} INFO - Sync 1 DAGs
[2024-04-09T08:54:07.657+0000] {logging_mixin.py:188} INFO - [2024-04-09T08:54:07.657+0000] {dag.py:3954} INFO - Setting next_dagrun for example_nested_branch_dag to 2024-04-08 00:00:00+00:00, run_after=2024-04-09 00:00:00+00:00
[2024-04-09T08:54:07.671+0000] {processor.py:183} INFO - Processing /home/airflow/.local/lib/python3.12/site-packages/airflow/example_dags/example_nested_branch_dag.py took 0.049 seconds
[2024-04-09T08:54:38.279+0000] {processor.py:161} INFO - Started process (PID=3493) to work on /home/airflow/.local/lib/python3.12/site-packages/airflow/example_dags/example_nested_branch_dag.py
[2024-04-09T08:54:38.279+0000] {processor.py:830} INFO - Processing file /home/airflow/.local/lib/python3.12/site-packages/airflow/example_dags/example_nested_branch_dag.py for tasks to queue
[2024-04-09T08:54:38.280+0000] {logging_mixin.py:188} INFO - [2024-04-09T08:54:38.280+0000] {dagbag.py:540} INFO - Filling up the DagBag from /home/airflow/.local/lib/python3.12/site-packages/airflow/example_dags/example_nested_branch_dag.py
[2024-04-09T08:54:38.286+0000] {processor.py:840} INFO - DAG(s) 'example_nested_branch_dag' retrieved from /home/airflow/.local/lib/python3.12/site-packages/airflow/example_dags/example_nested_branch_dag.py
[2024-04-09T08:54:38.298+0000] {logging_mixin.py:188} INFO - [2024-04-09T08:54:38.298+0000] {dag.py:3096} INFO - Sync 1 DAGs
[2024-04-09T08:54:38.311+0000] {logging_mixin.py:188} INFO - [2024-04-09T08:54:38.311+0000] {dag.py:3954} INFO - Setting next_dagrun for example_nested_branch_dag to 2024-04-08 00:00:00+00:00, run_after=2024-04-09 00:00:00+00:00
[2024-04-09T08:54:38.323+0000] {processor.py:183} INFO - Processing /home/airflow/.local/lib/python3.12/site-packages/airflow/example_dags/example_nested_branch_dag.py took 0.047 seconds
[2024-04-09T08:55:08.931+0000] {processor.py:161} INFO - Started process (PID=3551) to work on /home/airflow/.local/lib/python3.12/site-packages/airflow/example_dags/example_nested_branch_dag.py
[2024-04-09T08:55:08.931+0000] {processor.py:830} INFO - Processing file /home/airflow/.local/lib/python3.12/site-packages/airflow/example_dags/example_nested_branch_dag.py for tasks to queue
[2024-04-09T08:55:08.932+0000] {logging_mixin.py:188} INFO - [2024-04-09T08:55:08.932+0000] {dagbag.py:540} INFO - Filling up the DagBag from /home/airflow/.local/lib/python3.12/site-packages/airflow/example_dags/example_nested_branch_dag.py
[2024-04-09T08:55:08.938+0000] {processor.py:840} INFO - DAG(s) 'example_nested_branch_dag' retrieved from /home/airflow/.local/lib/python3.12/site-packages/airflow/example_dags/example_nested_branch_dag.py
[2024-04-09T08:55:08.950+0000] {logging_mixin.py:188} INFO - [2024-04-09T08:55:08.949+0000] {dag.py:3096} INFO - Sync 1 DAGs
[2024-04-09T08:55:08.963+0000] {logging_mixin.py:188} INFO - [2024-04-09T08:55:08.963+0000] {dag.py:3954} INFO - Setting next_dagrun for example_nested_branch_dag to 2024-04-08 00:00:00+00:00, run_after=2024-04-09 00:00:00+00:00
[2024-04-09T08:55:08.973+0000] {processor.py:183} INFO - Processing /home/airflow/.local/lib/python3.12/site-packages/airflow/example_dags/example_nested_branch_dag.py took 0.045 seconds
[2024-04-09T08:55:39.551+0000] {processor.py:161} INFO - Started process (PID=3609) to work on /home/airflow/.local/lib/python3.12/site-packages/airflow/example_dags/example_nested_branch_dag.py
[2024-04-09T08:55:39.552+0000] {processor.py:830} INFO - Processing file /home/airflow/.local/lib/python3.12/site-packages/airflow/example_dags/example_nested_branch_dag.py for tasks to queue
[2024-04-09T08:55:39.553+0000] {logging_mixin.py:188} INFO - [2024-04-09T08:55:39.553+0000] {dagbag.py:540} INFO - Filling up the DagBag from /home/airflow/.local/lib/python3.12/site-packages/airflow/example_dags/example_nested_branch_dag.py
[2024-04-09T08:55:39.558+0000] {processor.py:840} INFO - DAG(s) 'example_nested_branch_dag' retrieved from /home/airflow/.local/lib/python3.12/site-packages/airflow/example_dags/example_nested_branch_dag.py
[2024-04-09T08:55:39.571+0000] {logging_mixin.py:188} INFO - [2024-04-09T08:55:39.571+0000] {dag.py:3096} INFO - Sync 1 DAGs
[2024-04-09T08:55:39.584+0000] {logging_mixin.py:188} INFO - [2024-04-09T08:55:39.584+0000] {dag.py:3954} INFO - Setting next_dagrun for example_nested_branch_dag to 2024-04-08 00:00:00+00:00, run_after=2024-04-09 00:00:00+00:00
[2024-04-09T08:55:39.594+0000] {processor.py:183} INFO - Processing /home/airflow/.local/lib/python3.12/site-packages/airflow/example_dags/example_nested_branch_dag.py took 0.046 seconds
[2024-04-09T08:56:10.241+0000] {processor.py:161} INFO - Started process (PID=3667) to work on /home/airflow/.local/lib/python3.12/site-packages/airflow/example_dags/example_nested_branch_dag.py
[2024-04-09T08:56:10.242+0000] {processor.py:830} INFO - Processing file /home/airflow/.local/lib/python3.12/site-packages/airflow/example_dags/example_nested_branch_dag.py for tasks to queue
[2024-04-09T08:56:10.243+0000] {logging_mixin.py:188} INFO - [2024-04-09T08:56:10.242+0000] {dagbag.py:540} INFO - Filling up the DagBag from /home/airflow/.local/lib/python3.12/site-packages/airflow/example_dags/example_nested_branch_dag.py
[2024-04-09T08:56:10.248+0000] {processor.py:840} INFO - DAG(s) 'example_nested_branch_dag' retrieved from /home/airflow/.local/lib/python3.12/site-packages/airflow/example_dags/example_nested_branch_dag.py
[2024-04-09T08:56:10.260+0000] {logging_mixin.py:188} INFO - [2024-04-09T08:56:10.260+0000] {dag.py:3096} INFO - Sync 1 DAGs
[2024-04-09T08:56:10.274+0000] {logging_mixin.py:188} INFO - [2024-04-09T08:56:10.274+0000] {dag.py:3954} INFO - Setting next_dagrun for example_nested_branch_dag to 2024-04-08 00:00:00+00:00, run_after=2024-04-09 00:00:00+00:00
[2024-04-09T08:56:10.285+0000] {processor.py:183} INFO - Processing /home/airflow/.local/lib/python3.12/site-packages/airflow/example_dags/example_nested_branch_dag.py took 0.047 seconds
[2024-04-09T08:56:40.943+0000] {processor.py:161} INFO - Started process (PID=3725) to work on /home/airflow/.local/lib/python3.12/site-packages/airflow/example_dags/example_nested_branch_dag.py
[2024-04-09T08:56:40.943+0000] {processor.py:830} INFO - Processing file /home/airflow/.local/lib/python3.12/site-packages/airflow/example_dags/example_nested_branch_dag.py for tasks to queue
[2024-04-09T08:56:40.944+0000] {logging_mixin.py:188} INFO - [2024-04-09T08:56:40.944+0000] {dagbag.py:540} INFO - Filling up the DagBag from /home/airflow/.local/lib/python3.12/site-packages/airflow/example_dags/example_nested_branch_dag.py
[2024-04-09T08:56:40.950+0000] {processor.py:840} INFO - DAG(s) 'example_nested_branch_dag' retrieved from /home/airflow/.local/lib/python3.12/site-packages/airflow/example_dags/example_nested_branch_dag.py
[2024-04-09T08:56:40.962+0000] {logging_mixin.py:188} INFO - [2024-04-09T08:56:40.962+0000] {dag.py:3096} INFO - Sync 1 DAGs
[2024-04-09T08:56:40.976+0000] {logging_mixin.py:188} INFO - [2024-04-09T08:56:40.976+0000] {dag.py:3954} INFO - Setting next_dagrun for example_nested_branch_dag to 2024-04-08 00:00:00+00:00, run_after=2024-04-09 00:00:00+00:00
[2024-04-09T08:56:40.988+0000] {processor.py:183} INFO - Processing /home/airflow/.local/lib/python3.12/site-packages/airflow/example_dags/example_nested_branch_dag.py took 0.048 seconds
[2024-04-09T08:57:11.656+0000] {processor.py:161} INFO - Started process (PID=3783) to work on /home/airflow/.local/lib/python3.12/site-packages/airflow/example_dags/example_nested_branch_dag.py
[2024-04-09T08:57:11.656+0000] {processor.py:830} INFO - Processing file /home/airflow/.local/lib/python3.12/site-packages/airflow/example_dags/example_nested_branch_dag.py for tasks to queue
[2024-04-09T08:57:11.657+0000] {logging_mixin.py:188} INFO - [2024-04-09T08:57:11.657+0000] {dagbag.py:540} INFO - Filling up the DagBag from /home/airflow/.local/lib/python3.12/site-packages/airflow/example_dags/example_nested_branch_dag.py
[2024-04-09T08:57:11.663+0000] {processor.py:840} INFO - DAG(s) 'example_nested_branch_dag' retrieved from /home/airflow/.local/lib/python3.12/site-packages/airflow/example_dags/example_nested_branch_dag.py
[2024-04-09T08:57:11.675+0000] {logging_mixin.py:188} INFO - [2024-04-09T08:57:11.674+0000] {dag.py:3096} INFO - Sync 1 DAGs
[2024-04-09T08:57:11.687+0000] {logging_mixin.py:188} INFO - [2024-04-09T08:57:11.687+0000] {dag.py:3954} INFO - Setting next_dagrun for example_nested_branch_dag to 2024-04-08 00:00:00+00:00, run_after=2024-04-09 00:00:00+00:00
[2024-04-09T08:57:11.699+0000] {processor.py:183} INFO - Processing /home/airflow/.local/lib/python3.12/site-packages/airflow/example_dags/example_nested_branch_dag.py took 0.046 seconds
[2024-04-09T08:57:42.354+0000] {processor.py:161} INFO - Started process (PID=3841) to work on /home/airflow/.local/lib/python3.12/site-packages/airflow/example_dags/example_nested_branch_dag.py
[2024-04-09T08:57:42.354+0000] {processor.py:830} INFO - Processing file /home/airflow/.local/lib/python3.12/site-packages/airflow/example_dags/example_nested_branch_dag.py for tasks to queue
[2024-04-09T08:57:42.355+0000] {logging_mixin.py:188} INFO - [2024-04-09T08:57:42.355+0000] {dagbag.py:540} INFO - Filling up the DagBag from /home/airflow/.local/lib/python3.12/site-packages/airflow/example_dags/example_nested_branch_dag.py
[2024-04-09T08:57:42.361+0000] {processor.py:840} INFO - DAG(s) 'example_nested_branch_dag' retrieved from /home/airflow/.local/lib/python3.12/site-packages/airflow/example_dags/example_nested_branch_dag.py
[2024-04-09T08:57:42.374+0000] {logging_mixin.py:188} INFO - [2024-04-09T08:57:42.374+0000] {dag.py:3096} INFO - Sync 1 DAGs
[2024-04-09T08:57:42.387+0000] {logging_mixin.py:188} INFO - [2024-04-09T08:57:42.386+0000] {dag.py:3954} INFO - Setting next_dagrun for example_nested_branch_dag to 2024-04-08 00:00:00+00:00, run_after=2024-04-09 00:00:00+00:00
[2024-04-09T08:57:42.397+0000] {processor.py:183} INFO - Processing /home/airflow/.local/lib/python3.12/site-packages/airflow/example_dags/example_nested_branch_dag.py took 0.046 seconds
[2024-04-09T08:58:12.583+0000] {processor.py:161} INFO - Started process (PID=3899) to work on /home/airflow/.local/lib/python3.12/site-packages/airflow/example_dags/example_nested_branch_dag.py
[2024-04-09T08:58:12.584+0000] {processor.py:830} INFO - Processing file /home/airflow/.local/lib/python3.12/site-packages/airflow/example_dags/example_nested_branch_dag.py for tasks to queue
[2024-04-09T08:58:12.585+0000] {logging_mixin.py:188} INFO - [2024-04-09T08:58:12.585+0000] {dagbag.py:540} INFO - Filling up the DagBag from /home/airflow/.local/lib/python3.12/site-packages/airflow/example_dags/example_nested_branch_dag.py
[2024-04-09T08:58:12.590+0000] {processor.py:840} INFO - DAG(s) 'example_nested_branch_dag' retrieved from /home/airflow/.local/lib/python3.12/site-packages/airflow/example_dags/example_nested_branch_dag.py
[2024-04-09T08:58:12.601+0000] {logging_mixin.py:188} INFO - [2024-04-09T08:58:12.601+0000] {dag.py:3096} INFO - Sync 1 DAGs
[2024-04-09T08:58:12.614+0000] {logging_mixin.py:188} INFO - [2024-04-09T08:58:12.614+0000] {dag.py:3954} INFO - Setting next_dagrun for example_nested_branch_dag to 2024-04-08 00:00:00+00:00, run_after=2024-04-09 00:00:00+00:00
[2024-04-09T08:58:12.625+0000] {processor.py:183} INFO - Processing /home/airflow/.local/lib/python3.12/site-packages/airflow/example_dags/example_nested_branch_dag.py took 0.045 seconds
