[2024-04-09T08:24:28.143+0000] {processor.py:161} INFO - Started process (PID=36) to work on /home/airflow/.local/lib/python3.12/site-packages/airflow/example_dags/example_short_circuit_operator.py
[2024-04-09T08:24:28.144+0000] {processor.py:830} INFO - Processing file /home/airflow/.local/lib/python3.12/site-packages/airflow/example_dags/example_short_circuit_operator.py for tasks to queue
[2024-04-09T08:24:28.146+0000] {logging_mixin.py:188} INFO - [2024-04-09T08:24:28.145+0000] {dagbag.py:540} INFO - Filling up the DagBag from /home/airflow/.local/lib/python3.12/site-packages/airflow/example_dags/example_short_circuit_operator.py
[2024-04-09T08:24:28.152+0000] {processor.py:840} INFO - DAG(s) 'example_short_circuit_operator' retrieved from /home/airflow/.local/lib/python3.12/site-packages/airflow/example_dags/example_short_circuit_operator.py
[2024-04-09T08:24:28.159+0000] {logging_mixin.py:188} INFO - [2024-04-09T08:24:28.158+0000] {dag.py:3096} INFO - Sync 1 DAGs
[2024-04-09T08:24:28.173+0000] {logging_mixin.py:188} INFO - [2024-04-09T08:24:28.173+0000] {dag.py:3954} INFO - Setting next_dagrun for example_short_circuit_operator to 2024-04-08 00:00:00+00:00, run_after=2024-04-09 00:00:00+00:00
[2024-04-09T08:24:28.185+0000] {processor.py:183} INFO - Processing /home/airflow/.local/lib/python3.12/site-packages/airflow/example_dags/example_short_circuit_operator.py took 0.045 seconds
[2024-04-09T08:24:58.525+0000] {processor.py:161} INFO - Started process (PID=94) to work on /home/airflow/.local/lib/python3.12/site-packages/airflow/example_dags/example_short_circuit_operator.py
[2024-04-09T08:24:58.526+0000] {processor.py:830} INFO - Processing file /home/airflow/.local/lib/python3.12/site-packages/airflow/example_dags/example_short_circuit_operator.py for tasks to queue
[2024-04-09T08:24:58.527+0000] {logging_mixin.py:188} INFO - [2024-04-09T08:24:58.527+0000] {dagbag.py:540} INFO - Filling up the DagBag from /home/airflow/.local/lib/python3.12/site-packages/airflow/example_dags/example_short_circuit_operator.py
[2024-04-09T08:24:58.531+0000] {processor.py:840} INFO - DAG(s) 'example_short_circuit_operator' retrieved from /home/airflow/.local/lib/python3.12/site-packages/airflow/example_dags/example_short_circuit_operator.py
[2024-04-09T08:24:58.594+0000] {logging_mixin.py:188} INFO - [2024-04-09T08:24:58.594+0000] {dag.py:3096} INFO - Sync 1 DAGs
[2024-04-09T08:24:58.606+0000] {logging_mixin.py:188} INFO - [2024-04-09T08:24:58.606+0000] {dag.py:3954} INFO - Setting next_dagrun for example_short_circuit_operator to 2024-04-08 00:00:00+00:00, run_after=2024-04-09 00:00:00+00:00
[2024-04-09T08:24:58.618+0000] {processor.py:183} INFO - Processing /home/airflow/.local/lib/python3.12/site-packages/airflow/example_dags/example_short_circuit_operator.py took 0.096 seconds
[2024-04-09T08:25:28.721+0000] {processor.py:161} INFO - Started process (PID=152) to work on /home/airflow/.local/lib/python3.12/site-packages/airflow/example_dags/example_short_circuit_operator.py
[2024-04-09T08:25:28.721+0000] {processor.py:830} INFO - Processing file /home/airflow/.local/lib/python3.12/site-packages/airflow/example_dags/example_short_circuit_operator.py for tasks to queue
[2024-04-09T08:25:28.722+0000] {logging_mixin.py:188} INFO - [2024-04-09T08:25:28.722+0000] {dagbag.py:540} INFO - Filling up the DagBag from /home/airflow/.local/lib/python3.12/site-packages/airflow/example_dags/example_short_circuit_operator.py
[2024-04-09T08:25:28.726+0000] {processor.py:840} INFO - DAG(s) 'example_short_circuit_operator' retrieved from /home/airflow/.local/lib/python3.12/site-packages/airflow/example_dags/example_short_circuit_operator.py
[2024-04-09T08:25:28.739+0000] {logging_mixin.py:188} INFO - [2024-04-09T08:25:28.739+0000] {dag.py:3096} INFO - Sync 1 DAGs
[2024-04-09T08:25:28.750+0000] {logging_mixin.py:188} INFO - [2024-04-09T08:25:28.750+0000] {dag.py:3954} INFO - Setting next_dagrun for example_short_circuit_operator to 2024-04-08 00:00:00+00:00, run_after=2024-04-09 00:00:00+00:00
[2024-04-09T08:25:28.763+0000] {processor.py:183} INFO - Processing /home/airflow/.local/lib/python3.12/site-packages/airflow/example_dags/example_short_circuit_operator.py took 0.046 seconds
[2024-04-09T08:25:59.424+0000] {processor.py:161} INFO - Started process (PID=210) to work on /home/airflow/.local/lib/python3.12/site-packages/airflow/example_dags/example_short_circuit_operator.py
[2024-04-09T08:25:59.424+0000] {processor.py:830} INFO - Processing file /home/airflow/.local/lib/python3.12/site-packages/airflow/example_dags/example_short_circuit_operator.py for tasks to queue
[2024-04-09T08:25:59.425+0000] {logging_mixin.py:188} INFO - [2024-04-09T08:25:59.425+0000] {dagbag.py:540} INFO - Filling up the DagBag from /home/airflow/.local/lib/python3.12/site-packages/airflow/example_dags/example_short_circuit_operator.py
[2024-04-09T08:25:59.429+0000] {processor.py:840} INFO - DAG(s) 'example_short_circuit_operator' retrieved from /home/airflow/.local/lib/python3.12/site-packages/airflow/example_dags/example_short_circuit_operator.py
[2024-04-09T08:25:59.442+0000] {logging_mixin.py:188} INFO - [2024-04-09T08:25:59.442+0000] {dag.py:3096} INFO - Sync 1 DAGs
[2024-04-09T08:25:59.453+0000] {logging_mixin.py:188} INFO - [2024-04-09T08:25:59.453+0000] {dag.py:3954} INFO - Setting next_dagrun for example_short_circuit_operator to 2024-04-08 00:00:00+00:00, run_after=2024-04-09 00:00:00+00:00
[2024-04-09T08:25:59.466+0000] {processor.py:183} INFO - Processing /home/airflow/.local/lib/python3.12/site-packages/airflow/example_dags/example_short_circuit_operator.py took 0.046 seconds
[2024-04-09T08:26:30.188+0000] {processor.py:161} INFO - Started process (PID=268) to work on /home/airflow/.local/lib/python3.12/site-packages/airflow/example_dags/example_short_circuit_operator.py
[2024-04-09T08:26:30.188+0000] {processor.py:830} INFO - Processing file /home/airflow/.local/lib/python3.12/site-packages/airflow/example_dags/example_short_circuit_operator.py for tasks to queue
[2024-04-09T08:26:30.189+0000] {logging_mixin.py:188} INFO - [2024-04-09T08:26:30.189+0000] {dagbag.py:540} INFO - Filling up the DagBag from /home/airflow/.local/lib/python3.12/site-packages/airflow/example_dags/example_short_circuit_operator.py
[2024-04-09T08:26:30.193+0000] {processor.py:840} INFO - DAG(s) 'example_short_circuit_operator' retrieved from /home/airflow/.local/lib/python3.12/site-packages/airflow/example_dags/example_short_circuit_operator.py
[2024-04-09T08:26:30.206+0000] {logging_mixin.py:188} INFO - [2024-04-09T08:26:30.206+0000] {dag.py:3096} INFO - Sync 1 DAGs
[2024-04-09T08:26:30.218+0000] {logging_mixin.py:188} INFO - [2024-04-09T08:26:30.218+0000] {dag.py:3954} INFO - Setting next_dagrun for example_short_circuit_operator to 2024-04-08 00:00:00+00:00, run_after=2024-04-09 00:00:00+00:00
[2024-04-09T08:26:30.230+0000] {processor.py:183} INFO - Processing /home/airflow/.local/lib/python3.12/site-packages/airflow/example_dags/example_short_circuit_operator.py took 0.045 seconds
[2024-04-09T08:27:00.263+0000] {processor.py:161} INFO - Started process (PID=326) to work on /home/airflow/.local/lib/python3.12/site-packages/airflow/example_dags/example_short_circuit_operator.py
[2024-04-09T08:27:00.263+0000] {processor.py:830} INFO - Processing file /home/airflow/.local/lib/python3.12/site-packages/airflow/example_dags/example_short_circuit_operator.py for tasks to queue
[2024-04-09T08:27:00.264+0000] {logging_mixin.py:188} INFO - [2024-04-09T08:27:00.264+0000] {dagbag.py:540} INFO - Filling up the DagBag from /home/airflow/.local/lib/python3.12/site-packages/airflow/example_dags/example_short_circuit_operator.py
[2024-04-09T08:27:00.268+0000] {processor.py:840} INFO - DAG(s) 'example_short_circuit_operator' retrieved from /home/airflow/.local/lib/python3.12/site-packages/airflow/example_dags/example_short_circuit_operator.py
[2024-04-09T08:27:00.283+0000] {logging_mixin.py:188} INFO - [2024-04-09T08:27:00.282+0000] {dag.py:3096} INFO - Sync 1 DAGs
[2024-04-09T08:27:00.296+0000] {logging_mixin.py:188} INFO - [2024-04-09T08:27:00.296+0000] {dag.py:3954} INFO - Setting next_dagrun for example_short_circuit_operator to 2024-04-08 00:00:00+00:00, run_after=2024-04-09 00:00:00+00:00
[2024-04-09T08:27:00.307+0000] {processor.py:183} INFO - Processing /home/airflow/.local/lib/python3.12/site-packages/airflow/example_dags/example_short_circuit_operator.py took 0.047 seconds
[2024-04-09T08:27:30.412+0000] {processor.py:161} INFO - Started process (PID=384) to work on /home/airflow/.local/lib/python3.12/site-packages/airflow/example_dags/example_short_circuit_operator.py
[2024-04-09T08:27:30.413+0000] {processor.py:830} INFO - Processing file /home/airflow/.local/lib/python3.12/site-packages/airflow/example_dags/example_short_circuit_operator.py for tasks to queue
[2024-04-09T08:27:30.414+0000] {logging_mixin.py:188} INFO - [2024-04-09T08:27:30.414+0000] {dagbag.py:540} INFO - Filling up the DagBag from /home/airflow/.local/lib/python3.12/site-packages/airflow/example_dags/example_short_circuit_operator.py
[2024-04-09T08:27:30.417+0000] {processor.py:840} INFO - DAG(s) 'example_short_circuit_operator' retrieved from /home/airflow/.local/lib/python3.12/site-packages/airflow/example_dags/example_short_circuit_operator.py
[2024-04-09T08:27:30.430+0000] {logging_mixin.py:188} INFO - [2024-04-09T08:27:30.430+0000] {dag.py:3096} INFO - Sync 1 DAGs
[2024-04-09T08:27:30.442+0000] {logging_mixin.py:188} INFO - [2024-04-09T08:27:30.442+0000] {dag.py:3954} INFO - Setting next_dagrun for example_short_circuit_operator to 2024-04-08 00:00:00+00:00, run_after=2024-04-09 00:00:00+00:00
[2024-04-09T08:27:30.452+0000] {processor.py:183} INFO - Processing /home/airflow/.local/lib/python3.12/site-packages/airflow/example_dags/example_short_circuit_operator.py took 0.043 seconds
[2024-04-09T08:28:00.574+0000] {processor.py:161} INFO - Started process (PID=442) to work on /home/airflow/.local/lib/python3.12/site-packages/airflow/example_dags/example_short_circuit_operator.py
[2024-04-09T08:28:00.575+0000] {processor.py:830} INFO - Processing file /home/airflow/.local/lib/python3.12/site-packages/airflow/example_dags/example_short_circuit_operator.py for tasks to queue
[2024-04-09T08:28:00.576+0000] {logging_mixin.py:188} INFO - [2024-04-09T08:28:00.576+0000] {dagbag.py:540} INFO - Filling up the DagBag from /home/airflow/.local/lib/python3.12/site-packages/airflow/example_dags/example_short_circuit_operator.py
[2024-04-09T08:28:00.580+0000] {processor.py:840} INFO - DAG(s) 'example_short_circuit_operator' retrieved from /home/airflow/.local/lib/python3.12/site-packages/airflow/example_dags/example_short_circuit_operator.py
[2024-04-09T08:28:00.593+0000] {logging_mixin.py:188} INFO - [2024-04-09T08:28:00.593+0000] {dag.py:3096} INFO - Sync 1 DAGs
[2024-04-09T08:28:00.606+0000] {logging_mixin.py:188} INFO - [2024-04-09T08:28:00.606+0000] {dag.py:3954} INFO - Setting next_dagrun for example_short_circuit_operator to 2024-04-08 00:00:00+00:00, run_after=2024-04-09 00:00:00+00:00
[2024-04-09T08:28:00.617+0000] {processor.py:183} INFO - Processing /home/airflow/.local/lib/python3.12/site-packages/airflow/example_dags/example_short_circuit_operator.py took 0.045 seconds
[2024-04-09T08:28:30.657+0000] {processor.py:161} INFO - Started process (PID=500) to work on /home/airflow/.local/lib/python3.12/site-packages/airflow/example_dags/example_short_circuit_operator.py
[2024-04-09T08:28:30.658+0000] {processor.py:830} INFO - Processing file /home/airflow/.local/lib/python3.12/site-packages/airflow/example_dags/example_short_circuit_operator.py for tasks to queue
[2024-04-09T08:28:30.659+0000] {logging_mixin.py:188} INFO - [2024-04-09T08:28:30.659+0000] {dagbag.py:540} INFO - Filling up the DagBag from /home/airflow/.local/lib/python3.12/site-packages/airflow/example_dags/example_short_circuit_operator.py
[2024-04-09T08:28:30.663+0000] {processor.py:840} INFO - DAG(s) 'example_short_circuit_operator' retrieved from /home/airflow/.local/lib/python3.12/site-packages/airflow/example_dags/example_short_circuit_operator.py
[2024-04-09T08:28:30.676+0000] {logging_mixin.py:188} INFO - [2024-04-09T08:28:30.676+0000] {dag.py:3096} INFO - Sync 1 DAGs
[2024-04-09T08:28:30.690+0000] {logging_mixin.py:188} INFO - [2024-04-09T08:28:30.690+0000] {dag.py:3954} INFO - Setting next_dagrun for example_short_circuit_operator to 2024-04-08 00:00:00+00:00, run_after=2024-04-09 00:00:00+00:00
[2024-04-09T08:28:30.701+0000] {processor.py:183} INFO - Processing /home/airflow/.local/lib/python3.12/site-packages/airflow/example_dags/example_short_circuit_operator.py took 0.047 seconds
[2024-04-09T08:29:01.316+0000] {processor.py:161} INFO - Started process (PID=558) to work on /home/airflow/.local/lib/python3.12/site-packages/airflow/example_dags/example_short_circuit_operator.py
[2024-04-09T08:29:01.317+0000] {processor.py:830} INFO - Processing file /home/airflow/.local/lib/python3.12/site-packages/airflow/example_dags/example_short_circuit_operator.py for tasks to queue
[2024-04-09T08:29:01.318+0000] {logging_mixin.py:188} INFO - [2024-04-09T08:29:01.318+0000] {dagbag.py:540} INFO - Filling up the DagBag from /home/airflow/.local/lib/python3.12/site-packages/airflow/example_dags/example_short_circuit_operator.py
[2024-04-09T08:29:01.322+0000] {processor.py:840} INFO - DAG(s) 'example_short_circuit_operator' retrieved from /home/airflow/.local/lib/python3.12/site-packages/airflow/example_dags/example_short_circuit_operator.py
[2024-04-09T08:29:01.335+0000] {logging_mixin.py:188} INFO - [2024-04-09T08:29:01.335+0000] {dag.py:3096} INFO - Sync 1 DAGs
[2024-04-09T08:29:01.348+0000] {logging_mixin.py:188} INFO - [2024-04-09T08:29:01.348+0000] {dag.py:3954} INFO - Setting next_dagrun for example_short_circuit_operator to 2024-04-08 00:00:00+00:00, run_after=2024-04-09 00:00:00+00:00
[2024-04-09T08:29:01.359+0000] {processor.py:183} INFO - Processing /home/airflow/.local/lib/python3.12/site-packages/airflow/example_dags/example_short_circuit_operator.py took 0.046 seconds
[2024-04-09T08:29:32.027+0000] {processor.py:161} INFO - Started process (PID=616) to work on /home/airflow/.local/lib/python3.12/site-packages/airflow/example_dags/example_short_circuit_operator.py
[2024-04-09T08:29:32.028+0000] {processor.py:830} INFO - Processing file /home/airflow/.local/lib/python3.12/site-packages/airflow/example_dags/example_short_circuit_operator.py for tasks to queue
[2024-04-09T08:29:32.030+0000] {logging_mixin.py:188} INFO - [2024-04-09T08:29:32.030+0000] {dagbag.py:540} INFO - Filling up the DagBag from /home/airflow/.local/lib/python3.12/site-packages/airflow/example_dags/example_short_circuit_operator.py
[2024-04-09T08:29:32.036+0000] {processor.py:840} INFO - DAG(s) 'example_short_circuit_operator' retrieved from /home/airflow/.local/lib/python3.12/site-packages/airflow/example_dags/example_short_circuit_operator.py
[2024-04-09T08:29:32.059+0000] {logging_mixin.py:188} INFO - [2024-04-09T08:29:32.059+0000] {dag.py:3096} INFO - Sync 1 DAGs
[2024-04-09T08:29:32.079+0000] {logging_mixin.py:188} INFO - [2024-04-09T08:29:32.078+0000] {dag.py:3954} INFO - Setting next_dagrun for example_short_circuit_operator to 2024-04-08 00:00:00+00:00, run_after=2024-04-09 00:00:00+00:00
[2024-04-09T08:29:32.094+0000] {processor.py:183} INFO - Processing /home/airflow/.local/lib/python3.12/site-packages/airflow/example_dags/example_short_circuit_operator.py took 0.071 seconds
[2024-04-09T08:30:02.757+0000] {processor.py:161} INFO - Started process (PID=674) to work on /home/airflow/.local/lib/python3.12/site-packages/airflow/example_dags/example_short_circuit_operator.py
[2024-04-09T08:30:02.757+0000] {processor.py:830} INFO - Processing file /home/airflow/.local/lib/python3.12/site-packages/airflow/example_dags/example_short_circuit_operator.py for tasks to queue
[2024-04-09T08:30:02.758+0000] {logging_mixin.py:188} INFO - [2024-04-09T08:30:02.758+0000] {dagbag.py:540} INFO - Filling up the DagBag from /home/airflow/.local/lib/python3.12/site-packages/airflow/example_dags/example_short_circuit_operator.py
[2024-04-09T08:30:02.762+0000] {processor.py:840} INFO - DAG(s) 'example_short_circuit_operator' retrieved from /home/airflow/.local/lib/python3.12/site-packages/airflow/example_dags/example_short_circuit_operator.py
[2024-04-09T08:30:02.777+0000] {logging_mixin.py:188} INFO - [2024-04-09T08:30:02.776+0000] {dag.py:3096} INFO - Sync 1 DAGs
[2024-04-09T08:30:02.792+0000] {logging_mixin.py:188} INFO - [2024-04-09T08:30:02.791+0000] {dag.py:3954} INFO - Setting next_dagrun for example_short_circuit_operator to 2024-04-08 00:00:00+00:00, run_after=2024-04-09 00:00:00+00:00
[2024-04-09T08:30:02.803+0000] {processor.py:183} INFO - Processing /home/airflow/.local/lib/python3.12/site-packages/airflow/example_dags/example_short_circuit_operator.py took 0.050 seconds
[2024-04-09T08:30:33.461+0000] {processor.py:161} INFO - Started process (PID=732) to work on /home/airflow/.local/lib/python3.12/site-packages/airflow/example_dags/example_short_circuit_operator.py
[2024-04-09T08:30:33.462+0000] {processor.py:830} INFO - Processing file /home/airflow/.local/lib/python3.12/site-packages/airflow/example_dags/example_short_circuit_operator.py for tasks to queue
[2024-04-09T08:30:33.463+0000] {logging_mixin.py:188} INFO - [2024-04-09T08:30:33.462+0000] {dagbag.py:540} INFO - Filling up the DagBag from /home/airflow/.local/lib/python3.12/site-packages/airflow/example_dags/example_short_circuit_operator.py
[2024-04-09T08:30:33.467+0000] {processor.py:840} INFO - DAG(s) 'example_short_circuit_operator' retrieved from /home/airflow/.local/lib/python3.12/site-packages/airflow/example_dags/example_short_circuit_operator.py
[2024-04-09T08:30:33.482+0000] {logging_mixin.py:188} INFO - [2024-04-09T08:30:33.482+0000] {dag.py:3096} INFO - Sync 1 DAGs
[2024-04-09T08:30:33.496+0000] {logging_mixin.py:188} INFO - [2024-04-09T08:30:33.495+0000] {dag.py:3954} INFO - Setting next_dagrun for example_short_circuit_operator to 2024-04-08 00:00:00+00:00, run_after=2024-04-09 00:00:00+00:00
[2024-04-09T08:30:33.507+0000] {processor.py:183} INFO - Processing /home/airflow/.local/lib/python3.12/site-packages/airflow/example_dags/example_short_circuit_operator.py took 0.049 seconds
[2024-04-09T08:31:03.666+0000] {processor.py:161} INFO - Started process (PID=790) to work on /home/airflow/.local/lib/python3.12/site-packages/airflow/example_dags/example_short_circuit_operator.py
[2024-04-09T08:31:03.667+0000] {processor.py:830} INFO - Processing file /home/airflow/.local/lib/python3.12/site-packages/airflow/example_dags/example_short_circuit_operator.py for tasks to queue
[2024-04-09T08:31:03.668+0000] {logging_mixin.py:188} INFO - [2024-04-09T08:31:03.668+0000] {dagbag.py:540} INFO - Filling up the DagBag from /home/airflow/.local/lib/python3.12/site-packages/airflow/example_dags/example_short_circuit_operator.py
[2024-04-09T08:31:03.674+0000] {processor.py:840} INFO - DAG(s) 'example_short_circuit_operator' retrieved from /home/airflow/.local/lib/python3.12/site-packages/airflow/example_dags/example_short_circuit_operator.py
[2024-04-09T08:31:03.700+0000] {logging_mixin.py:188} INFO - [2024-04-09T08:31:03.699+0000] {dag.py:3096} INFO - Sync 1 DAGs
[2024-04-09T08:31:03.723+0000] {logging_mixin.py:188} INFO - [2024-04-09T08:31:03.723+0000] {dag.py:3954} INFO - Setting next_dagrun for example_short_circuit_operator to 2024-04-08 00:00:00+00:00, run_after=2024-04-09 00:00:00+00:00
[2024-04-09T08:31:03.744+0000] {processor.py:183} INFO - Processing /home/airflow/.local/lib/python3.12/site-packages/airflow/example_dags/example_short_circuit_operator.py took 0.083 seconds
[2024-04-09T08:31:34.006+0000] {processor.py:161} INFO - Started process (PID=848) to work on /home/airflow/.local/lib/python3.12/site-packages/airflow/example_dags/example_short_circuit_operator.py
[2024-04-09T08:31:34.006+0000] {processor.py:830} INFO - Processing file /home/airflow/.local/lib/python3.12/site-packages/airflow/example_dags/example_short_circuit_operator.py for tasks to queue
[2024-04-09T08:31:34.008+0000] {logging_mixin.py:188} INFO - [2024-04-09T08:31:34.007+0000] {dagbag.py:540} INFO - Filling up the DagBag from /home/airflow/.local/lib/python3.12/site-packages/airflow/example_dags/example_short_circuit_operator.py
[2024-04-09T08:31:34.012+0000] {processor.py:840} INFO - DAG(s) 'example_short_circuit_operator' retrieved from /home/airflow/.local/lib/python3.12/site-packages/airflow/example_dags/example_short_circuit_operator.py
[2024-04-09T08:31:34.025+0000] {logging_mixin.py:188} INFO - [2024-04-09T08:31:34.025+0000] {dag.py:3096} INFO - Sync 1 DAGs
[2024-04-09T08:31:34.038+0000] {logging_mixin.py:188} INFO - [2024-04-09T08:31:34.038+0000] {dag.py:3954} INFO - Setting next_dagrun for example_short_circuit_operator to 2024-04-08 00:00:00+00:00, run_after=2024-04-09 00:00:00+00:00
[2024-04-09T08:31:34.050+0000] {processor.py:183} INFO - Processing /home/airflow/.local/lib/python3.12/site-packages/airflow/example_dags/example_short_circuit_operator.py took 0.047 seconds
[2024-04-09T08:32:04.529+0000] {processor.py:161} INFO - Started process (PID=906) to work on /home/airflow/.local/lib/python3.12/site-packages/airflow/example_dags/example_short_circuit_operator.py
[2024-04-09T08:32:04.530+0000] {processor.py:830} INFO - Processing file /home/airflow/.local/lib/python3.12/site-packages/airflow/example_dags/example_short_circuit_operator.py for tasks to queue
[2024-04-09T08:32:04.531+0000] {logging_mixin.py:188} INFO - [2024-04-09T08:32:04.531+0000] {dagbag.py:540} INFO - Filling up the DagBag from /home/airflow/.local/lib/python3.12/site-packages/airflow/example_dags/example_short_circuit_operator.py
[2024-04-09T08:32:04.535+0000] {processor.py:840} INFO - DAG(s) 'example_short_circuit_operator' retrieved from /home/airflow/.local/lib/python3.12/site-packages/airflow/example_dags/example_short_circuit_operator.py
[2024-04-09T08:32:04.551+0000] {logging_mixin.py:188} INFO - [2024-04-09T08:32:04.551+0000] {dag.py:3096} INFO - Sync 1 DAGs
[2024-04-09T08:32:04.565+0000] {logging_mixin.py:188} INFO - [2024-04-09T08:32:04.564+0000] {dag.py:3954} INFO - Setting next_dagrun for example_short_circuit_operator to 2024-04-08 00:00:00+00:00, run_after=2024-04-09 00:00:00+00:00
[2024-04-09T08:32:04.577+0000] {processor.py:183} INFO - Processing /home/airflow/.local/lib/python3.12/site-packages/airflow/example_dags/example_short_circuit_operator.py took 0.051 seconds
[2024-04-09T08:32:34.764+0000] {processor.py:161} INFO - Started process (PID=964) to work on /home/airflow/.local/lib/python3.12/site-packages/airflow/example_dags/example_short_circuit_operator.py
[2024-04-09T08:32:34.764+0000] {processor.py:830} INFO - Processing file /home/airflow/.local/lib/python3.12/site-packages/airflow/example_dags/example_short_circuit_operator.py for tasks to queue
[2024-04-09T08:32:34.765+0000] {logging_mixin.py:188} INFO - [2024-04-09T08:32:34.765+0000] {dagbag.py:540} INFO - Filling up the DagBag from /home/airflow/.local/lib/python3.12/site-packages/airflow/example_dags/example_short_circuit_operator.py
[2024-04-09T08:32:34.769+0000] {processor.py:840} INFO - DAG(s) 'example_short_circuit_operator' retrieved from /home/airflow/.local/lib/python3.12/site-packages/airflow/example_dags/example_short_circuit_operator.py
[2024-04-09T08:32:34.782+0000] {logging_mixin.py:188} INFO - [2024-04-09T08:32:34.782+0000] {dag.py:3096} INFO - Sync 1 DAGs
[2024-04-09T08:32:34.794+0000] {logging_mixin.py:188} INFO - [2024-04-09T08:32:34.794+0000] {dag.py:3954} INFO - Setting next_dagrun for example_short_circuit_operator to 2024-04-08 00:00:00+00:00, run_after=2024-04-09 00:00:00+00:00
[2024-04-09T08:32:34.804+0000] {processor.py:183} INFO - Processing /home/airflow/.local/lib/python3.12/site-packages/airflow/example_dags/example_short_circuit_operator.py took 0.043 seconds
[2024-04-09T08:33:05.123+0000] {processor.py:161} INFO - Started process (PID=1022) to work on /home/airflow/.local/lib/python3.12/site-packages/airflow/example_dags/example_short_circuit_operator.py
[2024-04-09T08:33:05.124+0000] {processor.py:830} INFO - Processing file /home/airflow/.local/lib/python3.12/site-packages/airflow/example_dags/example_short_circuit_operator.py for tasks to queue
[2024-04-09T08:33:05.125+0000] {logging_mixin.py:188} INFO - [2024-04-09T08:33:05.125+0000] {dagbag.py:540} INFO - Filling up the DagBag from /home/airflow/.local/lib/python3.12/site-packages/airflow/example_dags/example_short_circuit_operator.py
[2024-04-09T08:33:05.129+0000] {processor.py:840} INFO - DAG(s) 'example_short_circuit_operator' retrieved from /home/airflow/.local/lib/python3.12/site-packages/airflow/example_dags/example_short_circuit_operator.py
[2024-04-09T08:33:05.144+0000] {logging_mixin.py:188} INFO - [2024-04-09T08:33:05.144+0000] {dag.py:3096} INFO - Sync 1 DAGs
[2024-04-09T08:33:05.158+0000] {logging_mixin.py:188} INFO - [2024-04-09T08:33:05.158+0000] {dag.py:3954} INFO - Setting next_dagrun for example_short_circuit_operator to 2024-04-08 00:00:00+00:00, run_after=2024-04-09 00:00:00+00:00
[2024-04-09T08:33:05.170+0000] {processor.py:183} INFO - Processing /home/airflow/.local/lib/python3.12/site-packages/airflow/example_dags/example_short_circuit_operator.py took 0.050 seconds
[2024-04-09T08:33:35.408+0000] {processor.py:161} INFO - Started process (PID=1080) to work on /home/airflow/.local/lib/python3.12/site-packages/airflow/example_dags/example_short_circuit_operator.py
[2024-04-09T08:33:35.408+0000] {processor.py:830} INFO - Processing file /home/airflow/.local/lib/python3.12/site-packages/airflow/example_dags/example_short_circuit_operator.py for tasks to queue
[2024-04-09T08:33:35.409+0000] {logging_mixin.py:188} INFO - [2024-04-09T08:33:35.409+0000] {dagbag.py:540} INFO - Filling up the DagBag from /home/airflow/.local/lib/python3.12/site-packages/airflow/example_dags/example_short_circuit_operator.py
[2024-04-09T08:33:35.414+0000] {processor.py:840} INFO - DAG(s) 'example_short_circuit_operator' retrieved from /home/airflow/.local/lib/python3.12/site-packages/airflow/example_dags/example_short_circuit_operator.py
[2024-04-09T08:33:35.429+0000] {logging_mixin.py:188} INFO - [2024-04-09T08:33:35.429+0000] {dag.py:3096} INFO - Sync 1 DAGs
[2024-04-09T08:33:35.442+0000] {logging_mixin.py:188} INFO - [2024-04-09T08:33:35.442+0000] {dag.py:3954} INFO - Setting next_dagrun for example_short_circuit_operator to 2024-04-08 00:00:00+00:00, run_after=2024-04-09 00:00:00+00:00
[2024-04-09T08:33:35.454+0000] {processor.py:183} INFO - Processing /home/airflow/.local/lib/python3.12/site-packages/airflow/example_dags/example_short_circuit_operator.py took 0.050 seconds
[2024-04-09T08:34:05.959+0000] {processor.py:161} INFO - Started process (PID=1138) to work on /home/airflow/.local/lib/python3.12/site-packages/airflow/example_dags/example_short_circuit_operator.py
[2024-04-09T08:34:05.960+0000] {processor.py:830} INFO - Processing file /home/airflow/.local/lib/python3.12/site-packages/airflow/example_dags/example_short_circuit_operator.py for tasks to queue
[2024-04-09T08:34:05.961+0000] {logging_mixin.py:188} INFO - [2024-04-09T08:34:05.960+0000] {dagbag.py:540} INFO - Filling up the DagBag from /home/airflow/.local/lib/python3.12/site-packages/airflow/example_dags/example_short_circuit_operator.py
[2024-04-09T08:34:05.965+0000] {processor.py:840} INFO - DAG(s) 'example_short_circuit_operator' retrieved from /home/airflow/.local/lib/python3.12/site-packages/airflow/example_dags/example_short_circuit_operator.py
[2024-04-09T08:34:05.978+0000] {logging_mixin.py:188} INFO - [2024-04-09T08:34:05.978+0000] {dag.py:3096} INFO - Sync 1 DAGs
[2024-04-09T08:34:05.991+0000] {logging_mixin.py:188} INFO - [2024-04-09T08:34:05.991+0000] {dag.py:3954} INFO - Setting next_dagrun for example_short_circuit_operator to 2024-04-08 00:00:00+00:00, run_after=2024-04-09 00:00:00+00:00
[2024-04-09T08:34:06.004+0000] {processor.py:183} INFO - Processing /home/airflow/.local/lib/python3.12/site-packages/airflow/example_dags/example_short_circuit_operator.py took 0.048 seconds
[2024-04-09T08:34:36.084+0000] {processor.py:161} INFO - Started process (PID=1196) to work on /home/airflow/.local/lib/python3.12/site-packages/airflow/example_dags/example_short_circuit_operator.py
[2024-04-09T08:34:36.084+0000] {processor.py:830} INFO - Processing file /home/airflow/.local/lib/python3.12/site-packages/airflow/example_dags/example_short_circuit_operator.py for tasks to queue
[2024-04-09T08:34:36.085+0000] {logging_mixin.py:188} INFO - [2024-04-09T08:34:36.085+0000] {dagbag.py:540} INFO - Filling up the DagBag from /home/airflow/.local/lib/python3.12/site-packages/airflow/example_dags/example_short_circuit_operator.py
[2024-04-09T08:34:36.090+0000] {processor.py:840} INFO - DAG(s) 'example_short_circuit_operator' retrieved from /home/airflow/.local/lib/python3.12/site-packages/airflow/example_dags/example_short_circuit_operator.py
[2024-04-09T08:34:36.107+0000] {logging_mixin.py:188} INFO - [2024-04-09T08:34:36.107+0000] {dag.py:3096} INFO - Sync 1 DAGs
[2024-04-09T08:34:36.119+0000] {logging_mixin.py:188} INFO - [2024-04-09T08:34:36.119+0000] {dag.py:3954} INFO - Setting next_dagrun for example_short_circuit_operator to 2024-04-08 00:00:00+00:00, run_after=2024-04-09 00:00:00+00:00
[2024-04-09T08:34:36.131+0000] {processor.py:183} INFO - Processing /home/airflow/.local/lib/python3.12/site-packages/airflow/example_dags/example_short_circuit_operator.py took 0.050 seconds
[2024-04-09T08:35:06.185+0000] {processor.py:161} INFO - Started process (PID=1254) to work on /home/airflow/.local/lib/python3.12/site-packages/airflow/example_dags/example_short_circuit_operator.py
[2024-04-09T08:35:06.186+0000] {processor.py:830} INFO - Processing file /home/airflow/.local/lib/python3.12/site-packages/airflow/example_dags/example_short_circuit_operator.py for tasks to queue
[2024-04-09T08:35:06.187+0000] {logging_mixin.py:188} INFO - [2024-04-09T08:35:06.186+0000] {dagbag.py:540} INFO - Filling up the DagBag from /home/airflow/.local/lib/python3.12/site-packages/airflow/example_dags/example_short_circuit_operator.py
[2024-04-09T08:35:06.190+0000] {processor.py:840} INFO - DAG(s) 'example_short_circuit_operator' retrieved from /home/airflow/.local/lib/python3.12/site-packages/airflow/example_dags/example_short_circuit_operator.py
[2024-04-09T08:35:06.204+0000] {logging_mixin.py:188} INFO - [2024-04-09T08:35:06.204+0000] {dag.py:3096} INFO - Sync 1 DAGs
[2024-04-09T08:35:06.216+0000] {logging_mixin.py:188} INFO - [2024-04-09T08:35:06.216+0000] {dag.py:3954} INFO - Setting next_dagrun for example_short_circuit_operator to 2024-04-08 00:00:00+00:00, run_after=2024-04-09 00:00:00+00:00
[2024-04-09T08:35:06.227+0000] {processor.py:183} INFO - Processing /home/airflow/.local/lib/python3.12/site-packages/airflow/example_dags/example_short_circuit_operator.py took 0.045 seconds
[2024-04-09T08:35:36.389+0000] {processor.py:161} INFO - Started process (PID=1312) to work on /home/airflow/.local/lib/python3.12/site-packages/airflow/example_dags/example_short_circuit_operator.py
[2024-04-09T08:35:36.389+0000] {processor.py:830} INFO - Processing file /home/airflow/.local/lib/python3.12/site-packages/airflow/example_dags/example_short_circuit_operator.py for tasks to queue
[2024-04-09T08:35:36.390+0000] {logging_mixin.py:188} INFO - [2024-04-09T08:35:36.390+0000] {dagbag.py:540} INFO - Filling up the DagBag from /home/airflow/.local/lib/python3.12/site-packages/airflow/example_dags/example_short_circuit_operator.py
[2024-04-09T08:35:36.394+0000] {processor.py:840} INFO - DAG(s) 'example_short_circuit_operator' retrieved from /home/airflow/.local/lib/python3.12/site-packages/airflow/example_dags/example_short_circuit_operator.py
[2024-04-09T08:35:36.408+0000] {logging_mixin.py:188} INFO - [2024-04-09T08:35:36.407+0000] {dag.py:3096} INFO - Sync 1 DAGs
[2024-04-09T08:35:36.420+0000] {logging_mixin.py:188} INFO - [2024-04-09T08:35:36.420+0000] {dag.py:3954} INFO - Setting next_dagrun for example_short_circuit_operator to 2024-04-08 00:00:00+00:00, run_after=2024-04-09 00:00:00+00:00
[2024-04-09T08:35:36.433+0000] {processor.py:183} INFO - Processing /home/airflow/.local/lib/python3.12/site-packages/airflow/example_dags/example_short_circuit_operator.py took 0.047 seconds
[2024-04-09T08:36:07.156+0000] {processor.py:161} INFO - Started process (PID=1370) to work on /home/airflow/.local/lib/python3.12/site-packages/airflow/example_dags/example_short_circuit_operator.py
[2024-04-09T08:36:07.157+0000] {processor.py:830} INFO - Processing file /home/airflow/.local/lib/python3.12/site-packages/airflow/example_dags/example_short_circuit_operator.py for tasks to queue
[2024-04-09T08:36:07.158+0000] {logging_mixin.py:188} INFO - [2024-04-09T08:36:07.158+0000] {dagbag.py:540} INFO - Filling up the DagBag from /home/airflow/.local/lib/python3.12/site-packages/airflow/example_dags/example_short_circuit_operator.py
[2024-04-09T08:36:07.162+0000] {processor.py:840} INFO - DAG(s) 'example_short_circuit_operator' retrieved from /home/airflow/.local/lib/python3.12/site-packages/airflow/example_dags/example_short_circuit_operator.py
[2024-04-09T08:36:07.175+0000] {logging_mixin.py:188} INFO - [2024-04-09T08:36:07.175+0000] {dag.py:3096} INFO - Sync 1 DAGs
[2024-04-09T08:36:07.189+0000] {logging_mixin.py:188} INFO - [2024-04-09T08:36:07.188+0000] {dag.py:3954} INFO - Setting next_dagrun for example_short_circuit_operator to 2024-04-08 00:00:00+00:00, run_after=2024-04-09 00:00:00+00:00
[2024-04-09T08:36:07.201+0000] {processor.py:183} INFO - Processing /home/airflow/.local/lib/python3.12/site-packages/airflow/example_dags/example_short_circuit_operator.py took 0.048 seconds
[2024-04-09T08:36:37.916+0000] {processor.py:161} INFO - Started process (PID=1428) to work on /home/airflow/.local/lib/python3.12/site-packages/airflow/example_dags/example_short_circuit_operator.py
[2024-04-09T08:36:37.916+0000] {processor.py:830} INFO - Processing file /home/airflow/.local/lib/python3.12/site-packages/airflow/example_dags/example_short_circuit_operator.py for tasks to queue
[2024-04-09T08:36:37.917+0000] {logging_mixin.py:188} INFO - [2024-04-09T08:36:37.917+0000] {dagbag.py:540} INFO - Filling up the DagBag from /home/airflow/.local/lib/python3.12/site-packages/airflow/example_dags/example_short_circuit_operator.py
[2024-04-09T08:36:37.921+0000] {processor.py:840} INFO - DAG(s) 'example_short_circuit_operator' retrieved from /home/airflow/.local/lib/python3.12/site-packages/airflow/example_dags/example_short_circuit_operator.py
[2024-04-09T08:36:37.934+0000] {logging_mixin.py:188} INFO - [2024-04-09T08:36:37.934+0000] {dag.py:3096} INFO - Sync 1 DAGs
[2024-04-09T08:36:37.946+0000] {logging_mixin.py:188} INFO - [2024-04-09T08:36:37.946+0000] {dag.py:3954} INFO - Setting next_dagrun for example_short_circuit_operator to 2024-04-08 00:00:00+00:00, run_after=2024-04-09 00:00:00+00:00
[2024-04-09T08:36:37.957+0000] {processor.py:183} INFO - Processing /home/airflow/.local/lib/python3.12/site-packages/airflow/example_dags/example_short_circuit_operator.py took 0.045 seconds
[2024-04-09T08:37:08.447+0000] {processor.py:161} INFO - Started process (PID=1486) to work on /home/airflow/.local/lib/python3.12/site-packages/airflow/example_dags/example_short_circuit_operator.py
[2024-04-09T08:37:08.448+0000] {processor.py:830} INFO - Processing file /home/airflow/.local/lib/python3.12/site-packages/airflow/example_dags/example_short_circuit_operator.py for tasks to queue
[2024-04-09T08:37:08.449+0000] {logging_mixin.py:188} INFO - [2024-04-09T08:37:08.449+0000] {dagbag.py:540} INFO - Filling up the DagBag from /home/airflow/.local/lib/python3.12/site-packages/airflow/example_dags/example_short_circuit_operator.py
[2024-04-09T08:37:08.453+0000] {processor.py:840} INFO - DAG(s) 'example_short_circuit_operator' retrieved from /home/airflow/.local/lib/python3.12/site-packages/airflow/example_dags/example_short_circuit_operator.py
[2024-04-09T08:37:08.465+0000] {logging_mixin.py:188} INFO - [2024-04-09T08:37:08.465+0000] {dag.py:3096} INFO - Sync 1 DAGs
[2024-04-09T08:37:08.477+0000] {logging_mixin.py:188} INFO - [2024-04-09T08:37:08.477+0000] {dag.py:3954} INFO - Setting next_dagrun for example_short_circuit_operator to 2024-04-08 00:00:00+00:00, run_after=2024-04-09 00:00:00+00:00
[2024-04-09T08:37:08.489+0000] {processor.py:183} INFO - Processing /home/airflow/.local/lib/python3.12/site-packages/airflow/example_dags/example_short_circuit_operator.py took 0.044 seconds
[2024-04-09T08:37:39.055+0000] {processor.py:161} INFO - Started process (PID=1544) to work on /home/airflow/.local/lib/python3.12/site-packages/airflow/example_dags/example_short_circuit_operator.py
[2024-04-09T08:37:39.056+0000] {processor.py:830} INFO - Processing file /home/airflow/.local/lib/python3.12/site-packages/airflow/example_dags/example_short_circuit_operator.py for tasks to queue
[2024-04-09T08:37:39.057+0000] {logging_mixin.py:188} INFO - [2024-04-09T08:37:39.056+0000] {dagbag.py:540} INFO - Filling up the DagBag from /home/airflow/.local/lib/python3.12/site-packages/airflow/example_dags/example_short_circuit_operator.py
[2024-04-09T08:37:39.061+0000] {processor.py:840} INFO - DAG(s) 'example_short_circuit_operator' retrieved from /home/airflow/.local/lib/python3.12/site-packages/airflow/example_dags/example_short_circuit_operator.py
[2024-04-09T08:37:39.074+0000] {logging_mixin.py:188} INFO - [2024-04-09T08:37:39.074+0000] {dag.py:3096} INFO - Sync 1 DAGs
[2024-04-09T08:37:39.087+0000] {logging_mixin.py:188} INFO - [2024-04-09T08:37:39.087+0000] {dag.py:3954} INFO - Setting next_dagrun for example_short_circuit_operator to 2024-04-08 00:00:00+00:00, run_after=2024-04-09 00:00:00+00:00
[2024-04-09T08:37:39.098+0000] {processor.py:183} INFO - Processing /home/airflow/.local/lib/python3.12/site-packages/airflow/example_dags/example_short_circuit_operator.py took 0.046 seconds
[2024-04-09T08:38:09.624+0000] {processor.py:161} INFO - Started process (PID=1602) to work on /home/airflow/.local/lib/python3.12/site-packages/airflow/example_dags/example_short_circuit_operator.py
[2024-04-09T08:38:09.625+0000] {processor.py:830} INFO - Processing file /home/airflow/.local/lib/python3.12/site-packages/airflow/example_dags/example_short_circuit_operator.py for tasks to queue
[2024-04-09T08:38:09.626+0000] {logging_mixin.py:188} INFO - [2024-04-09T08:38:09.625+0000] {dagbag.py:540} INFO - Filling up the DagBag from /home/airflow/.local/lib/python3.12/site-packages/airflow/example_dags/example_short_circuit_operator.py
[2024-04-09T08:38:09.630+0000] {processor.py:840} INFO - DAG(s) 'example_short_circuit_operator' retrieved from /home/airflow/.local/lib/python3.12/site-packages/airflow/example_dags/example_short_circuit_operator.py
[2024-04-09T08:38:09.643+0000] {logging_mixin.py:188} INFO - [2024-04-09T08:38:09.643+0000] {dag.py:3096} INFO - Sync 1 DAGs
[2024-04-09T08:38:09.656+0000] {logging_mixin.py:188} INFO - [2024-04-09T08:38:09.656+0000] {dag.py:3954} INFO - Setting next_dagrun for example_short_circuit_operator to 2024-04-08 00:00:00+00:00, run_after=2024-04-09 00:00:00+00:00
[2024-04-09T08:38:09.667+0000] {processor.py:183} INFO - Processing /home/airflow/.local/lib/python3.12/site-packages/airflow/example_dags/example_short_circuit_operator.py took 0.046 seconds
[2024-04-09T08:38:40.388+0000] {processor.py:161} INFO - Started process (PID=1660) to work on /home/airflow/.local/lib/python3.12/site-packages/airflow/example_dags/example_short_circuit_operator.py
[2024-04-09T08:38:40.388+0000] {processor.py:830} INFO - Processing file /home/airflow/.local/lib/python3.12/site-packages/airflow/example_dags/example_short_circuit_operator.py for tasks to queue
[2024-04-09T08:38:40.389+0000] {logging_mixin.py:188} INFO - [2024-04-09T08:38:40.389+0000] {dagbag.py:540} INFO - Filling up the DagBag from /home/airflow/.local/lib/python3.12/site-packages/airflow/example_dags/example_short_circuit_operator.py
[2024-04-09T08:38:40.394+0000] {processor.py:840} INFO - DAG(s) 'example_short_circuit_operator' retrieved from /home/airflow/.local/lib/python3.12/site-packages/airflow/example_dags/example_short_circuit_operator.py
[2024-04-09T08:38:40.407+0000] {logging_mixin.py:188} INFO - [2024-04-09T08:38:40.407+0000] {dag.py:3096} INFO - Sync 1 DAGs
[2024-04-09T08:38:40.420+0000] {logging_mixin.py:188} INFO - [2024-04-09T08:38:40.419+0000] {dag.py:3954} INFO - Setting next_dagrun for example_short_circuit_operator to 2024-04-08 00:00:00+00:00, run_after=2024-04-09 00:00:00+00:00
[2024-04-09T08:38:40.431+0000] {processor.py:183} INFO - Processing /home/airflow/.local/lib/python3.12/site-packages/airflow/example_dags/example_short_circuit_operator.py took 0.046 seconds
[2024-04-09T08:39:11.049+0000] {processor.py:161} INFO - Started process (PID=1718) to work on /home/airflow/.local/lib/python3.12/site-packages/airflow/example_dags/example_short_circuit_operator.py
[2024-04-09T08:39:11.049+0000] {processor.py:830} INFO - Processing file /home/airflow/.local/lib/python3.12/site-packages/airflow/example_dags/example_short_circuit_operator.py for tasks to queue
[2024-04-09T08:39:11.050+0000] {logging_mixin.py:188} INFO - [2024-04-09T08:39:11.050+0000] {dagbag.py:540} INFO - Filling up the DagBag from /home/airflow/.local/lib/python3.12/site-packages/airflow/example_dags/example_short_circuit_operator.py
[2024-04-09T08:39:11.054+0000] {processor.py:840} INFO - DAG(s) 'example_short_circuit_operator' retrieved from /home/airflow/.local/lib/python3.12/site-packages/airflow/example_dags/example_short_circuit_operator.py
[2024-04-09T08:39:11.073+0000] {logging_mixin.py:188} INFO - [2024-04-09T08:39:11.073+0000] {dag.py:3096} INFO - Sync 1 DAGs
[2024-04-09T08:39:11.087+0000] {logging_mixin.py:188} INFO - [2024-04-09T08:39:11.087+0000] {dag.py:3954} INFO - Setting next_dagrun for example_short_circuit_operator to 2024-04-08 00:00:00+00:00, run_after=2024-04-09 00:00:00+00:00
[2024-04-09T08:39:11.097+0000] {processor.py:183} INFO - Processing /home/airflow/.local/lib/python3.12/site-packages/airflow/example_dags/example_short_circuit_operator.py took 0.052 seconds
[2024-04-09T08:39:41.648+0000] {processor.py:161} INFO - Started process (PID=1776) to work on /home/airflow/.local/lib/python3.12/site-packages/airflow/example_dags/example_short_circuit_operator.py
[2024-04-09T08:39:41.649+0000] {processor.py:830} INFO - Processing file /home/airflow/.local/lib/python3.12/site-packages/airflow/example_dags/example_short_circuit_operator.py for tasks to queue
[2024-04-09T08:39:41.650+0000] {logging_mixin.py:188} INFO - [2024-04-09T08:39:41.650+0000] {dagbag.py:540} INFO - Filling up the DagBag from /home/airflow/.local/lib/python3.12/site-packages/airflow/example_dags/example_short_circuit_operator.py
[2024-04-09T08:39:41.654+0000] {processor.py:840} INFO - DAG(s) 'example_short_circuit_operator' retrieved from /home/airflow/.local/lib/python3.12/site-packages/airflow/example_dags/example_short_circuit_operator.py
[2024-04-09T08:39:41.667+0000] {logging_mixin.py:188} INFO - [2024-04-09T08:39:41.667+0000] {dag.py:3096} INFO - Sync 1 DAGs
[2024-04-09T08:39:41.680+0000] {logging_mixin.py:188} INFO - [2024-04-09T08:39:41.680+0000] {dag.py:3954} INFO - Setting next_dagrun for example_short_circuit_operator to 2024-04-08 00:00:00+00:00, run_after=2024-04-09 00:00:00+00:00
[2024-04-09T08:39:41.692+0000] {processor.py:183} INFO - Processing /home/airflow/.local/lib/python3.12/site-packages/airflow/example_dags/example_short_circuit_operator.py took 0.046 seconds
[2024-04-09T08:40:12.397+0000] {processor.py:161} INFO - Started process (PID=1834) to work on /home/airflow/.local/lib/python3.12/site-packages/airflow/example_dags/example_short_circuit_operator.py
[2024-04-09T08:40:12.398+0000] {processor.py:830} INFO - Processing file /home/airflow/.local/lib/python3.12/site-packages/airflow/example_dags/example_short_circuit_operator.py for tasks to queue
[2024-04-09T08:40:12.399+0000] {logging_mixin.py:188} INFO - [2024-04-09T08:40:12.398+0000] {dagbag.py:540} INFO - Filling up the DagBag from /home/airflow/.local/lib/python3.12/site-packages/airflow/example_dags/example_short_circuit_operator.py
[2024-04-09T08:40:12.402+0000] {processor.py:840} INFO - DAG(s) 'example_short_circuit_operator' retrieved from /home/airflow/.local/lib/python3.12/site-packages/airflow/example_dags/example_short_circuit_operator.py
[2024-04-09T08:40:12.416+0000] {logging_mixin.py:188} INFO - [2024-04-09T08:40:12.416+0000] {dag.py:3096} INFO - Sync 1 DAGs
[2024-04-09T08:40:12.429+0000] {logging_mixin.py:188} INFO - [2024-04-09T08:40:12.429+0000] {dag.py:3954} INFO - Setting next_dagrun for example_short_circuit_operator to 2024-04-08 00:00:00+00:00, run_after=2024-04-09 00:00:00+00:00
[2024-04-09T08:40:12.439+0000] {processor.py:183} INFO - Processing /home/airflow/.local/lib/python3.12/site-packages/airflow/example_dags/example_short_circuit_operator.py took 0.045 seconds
[2024-04-09T08:40:43.056+0000] {processor.py:161} INFO - Started process (PID=1892) to work on /home/airflow/.local/lib/python3.12/site-packages/airflow/example_dags/example_short_circuit_operator.py
[2024-04-09T08:40:43.056+0000] {processor.py:830} INFO - Processing file /home/airflow/.local/lib/python3.12/site-packages/airflow/example_dags/example_short_circuit_operator.py for tasks to queue
[2024-04-09T08:40:43.057+0000] {logging_mixin.py:188} INFO - [2024-04-09T08:40:43.057+0000] {dagbag.py:540} INFO - Filling up the DagBag from /home/airflow/.local/lib/python3.12/site-packages/airflow/example_dags/example_short_circuit_operator.py
[2024-04-09T08:40:43.061+0000] {processor.py:840} INFO - DAG(s) 'example_short_circuit_operator' retrieved from /home/airflow/.local/lib/python3.12/site-packages/airflow/example_dags/example_short_circuit_operator.py
[2024-04-09T08:40:43.075+0000] {logging_mixin.py:188} INFO - [2024-04-09T08:40:43.075+0000] {dag.py:3096} INFO - Sync 1 DAGs
[2024-04-09T08:40:43.087+0000] {logging_mixin.py:188} INFO - [2024-04-09T08:40:43.087+0000] {dag.py:3954} INFO - Setting next_dagrun for example_short_circuit_operator to 2024-04-08 00:00:00+00:00, run_after=2024-04-09 00:00:00+00:00
[2024-04-09T08:40:43.097+0000] {processor.py:183} INFO - Processing /home/airflow/.local/lib/python3.12/site-packages/airflow/example_dags/example_short_circuit_operator.py took 0.045 seconds
[2024-04-09T08:41:13.705+0000] {processor.py:161} INFO - Started process (PID=1950) to work on /home/airflow/.local/lib/python3.12/site-packages/airflow/example_dags/example_short_circuit_operator.py
[2024-04-09T08:41:13.706+0000] {processor.py:830} INFO - Processing file /home/airflow/.local/lib/python3.12/site-packages/airflow/example_dags/example_short_circuit_operator.py for tasks to queue
[2024-04-09T08:41:13.707+0000] {logging_mixin.py:188} INFO - [2024-04-09T08:41:13.706+0000] {dagbag.py:540} INFO - Filling up the DagBag from /home/airflow/.local/lib/python3.12/site-packages/airflow/example_dags/example_short_circuit_operator.py
[2024-04-09T08:41:13.711+0000] {processor.py:840} INFO - DAG(s) 'example_short_circuit_operator' retrieved from /home/airflow/.local/lib/python3.12/site-packages/airflow/example_dags/example_short_circuit_operator.py
[2024-04-09T08:41:13.724+0000] {logging_mixin.py:188} INFO - [2024-04-09T08:41:13.724+0000] {dag.py:3096} INFO - Sync 1 DAGs
[2024-04-09T08:41:13.737+0000] {logging_mixin.py:188} INFO - [2024-04-09T08:41:13.737+0000] {dag.py:3954} INFO - Setting next_dagrun for example_short_circuit_operator to 2024-04-08 00:00:00+00:00, run_after=2024-04-09 00:00:00+00:00
[2024-04-09T08:41:13.749+0000] {processor.py:183} INFO - Processing /home/airflow/.local/lib/python3.12/site-packages/airflow/example_dags/example_short_circuit_operator.py took 0.047 seconds
[2024-04-09T08:41:44.439+0000] {processor.py:161} INFO - Started process (PID=2008) to work on /home/airflow/.local/lib/python3.12/site-packages/airflow/example_dags/example_short_circuit_operator.py
[2024-04-09T08:41:44.440+0000] {processor.py:830} INFO - Processing file /home/airflow/.local/lib/python3.12/site-packages/airflow/example_dags/example_short_circuit_operator.py for tasks to queue
[2024-04-09T08:41:44.441+0000] {logging_mixin.py:188} INFO - [2024-04-09T08:41:44.440+0000] {dagbag.py:540} INFO - Filling up the DagBag from /home/airflow/.local/lib/python3.12/site-packages/airflow/example_dags/example_short_circuit_operator.py
[2024-04-09T08:41:44.444+0000] {processor.py:840} INFO - DAG(s) 'example_short_circuit_operator' retrieved from /home/airflow/.local/lib/python3.12/site-packages/airflow/example_dags/example_short_circuit_operator.py
[2024-04-09T08:41:44.457+0000] {logging_mixin.py:188} INFO - [2024-04-09T08:41:44.457+0000] {dag.py:3096} INFO - Sync 1 DAGs
[2024-04-09T08:41:44.470+0000] {logging_mixin.py:188} INFO - [2024-04-09T08:41:44.470+0000] {dag.py:3954} INFO - Setting next_dagrun for example_short_circuit_operator to 2024-04-08 00:00:00+00:00, run_after=2024-04-09 00:00:00+00:00
[2024-04-09T08:41:44.481+0000] {processor.py:183} INFO - Processing /home/airflow/.local/lib/python3.12/site-packages/airflow/example_dags/example_short_circuit_operator.py took 0.045 seconds
[2024-04-09T08:42:15.023+0000] {processor.py:161} INFO - Started process (PID=2066) to work on /home/airflow/.local/lib/python3.12/site-packages/airflow/example_dags/example_short_circuit_operator.py
[2024-04-09T08:42:15.023+0000] {processor.py:830} INFO - Processing file /home/airflow/.local/lib/python3.12/site-packages/airflow/example_dags/example_short_circuit_operator.py for tasks to queue
[2024-04-09T08:42:15.024+0000] {logging_mixin.py:188} INFO - [2024-04-09T08:42:15.024+0000] {dagbag.py:540} INFO - Filling up the DagBag from /home/airflow/.local/lib/python3.12/site-packages/airflow/example_dags/example_short_circuit_operator.py
[2024-04-09T08:42:15.028+0000] {processor.py:840} INFO - DAG(s) 'example_short_circuit_operator' retrieved from /home/airflow/.local/lib/python3.12/site-packages/airflow/example_dags/example_short_circuit_operator.py
[2024-04-09T08:42:15.042+0000] {logging_mixin.py:188} INFO - [2024-04-09T08:42:15.042+0000] {dag.py:3096} INFO - Sync 1 DAGs
[2024-04-09T08:42:15.055+0000] {logging_mixin.py:188} INFO - [2024-04-09T08:42:15.055+0000] {dag.py:3954} INFO - Setting next_dagrun for example_short_circuit_operator to 2024-04-08 00:00:00+00:00, run_after=2024-04-09 00:00:00+00:00
[2024-04-09T08:42:15.066+0000] {processor.py:183} INFO - Processing /home/airflow/.local/lib/python3.12/site-packages/airflow/example_dags/example_short_circuit_operator.py took 0.047 seconds
[2024-04-09T08:42:45.676+0000] {processor.py:161} INFO - Started process (PID=2124) to work on /home/airflow/.local/lib/python3.12/site-packages/airflow/example_dags/example_short_circuit_operator.py
[2024-04-09T08:42:45.677+0000] {processor.py:830} INFO - Processing file /home/airflow/.local/lib/python3.12/site-packages/airflow/example_dags/example_short_circuit_operator.py for tasks to queue
[2024-04-09T08:42:45.678+0000] {logging_mixin.py:188} INFO - [2024-04-09T08:42:45.678+0000] {dagbag.py:540} INFO - Filling up the DagBag from /home/airflow/.local/lib/python3.12/site-packages/airflow/example_dags/example_short_circuit_operator.py
[2024-04-09T08:42:45.682+0000] {processor.py:840} INFO - DAG(s) 'example_short_circuit_operator' retrieved from /home/airflow/.local/lib/python3.12/site-packages/airflow/example_dags/example_short_circuit_operator.py
[2024-04-09T08:42:45.695+0000] {logging_mixin.py:188} INFO - [2024-04-09T08:42:45.695+0000] {dag.py:3096} INFO - Sync 1 DAGs
[2024-04-09T08:42:45.708+0000] {logging_mixin.py:188} INFO - [2024-04-09T08:42:45.708+0000] {dag.py:3954} INFO - Setting next_dagrun for example_short_circuit_operator to 2024-04-08 00:00:00+00:00, run_after=2024-04-09 00:00:00+00:00
[2024-04-09T08:42:45.720+0000] {processor.py:183} INFO - Processing /home/airflow/.local/lib/python3.12/site-packages/airflow/example_dags/example_short_circuit_operator.py took 0.047 seconds
[2024-04-09T08:43:16.397+0000] {processor.py:161} INFO - Started process (PID=2182) to work on /home/airflow/.local/lib/python3.12/site-packages/airflow/example_dags/example_short_circuit_operator.py
[2024-04-09T08:43:16.397+0000] {processor.py:830} INFO - Processing file /home/airflow/.local/lib/python3.12/site-packages/airflow/example_dags/example_short_circuit_operator.py for tasks to queue
[2024-04-09T08:43:16.398+0000] {logging_mixin.py:188} INFO - [2024-04-09T08:43:16.398+0000] {dagbag.py:540} INFO - Filling up the DagBag from /home/airflow/.local/lib/python3.12/site-packages/airflow/example_dags/example_short_circuit_operator.py
[2024-04-09T08:43:16.403+0000] {processor.py:840} INFO - DAG(s) 'example_short_circuit_operator' retrieved from /home/airflow/.local/lib/python3.12/site-packages/airflow/example_dags/example_short_circuit_operator.py
[2024-04-09T08:43:16.416+0000] {logging_mixin.py:188} INFO - [2024-04-09T08:43:16.416+0000] {dag.py:3096} INFO - Sync 1 DAGs
[2024-04-09T08:43:16.429+0000] {logging_mixin.py:188} INFO - [2024-04-09T08:43:16.429+0000] {dag.py:3954} INFO - Setting next_dagrun for example_short_circuit_operator to 2024-04-08 00:00:00+00:00, run_after=2024-04-09 00:00:00+00:00
[2024-04-09T08:43:16.441+0000] {processor.py:183} INFO - Processing /home/airflow/.local/lib/python3.12/site-packages/airflow/example_dags/example_short_circuit_operator.py took 0.047 seconds
[2024-04-09T08:43:47.104+0000] {processor.py:161} INFO - Started process (PID=2240) to work on /home/airflow/.local/lib/python3.12/site-packages/airflow/example_dags/example_short_circuit_operator.py
[2024-04-09T08:43:47.105+0000] {processor.py:830} INFO - Processing file /home/airflow/.local/lib/python3.12/site-packages/airflow/example_dags/example_short_circuit_operator.py for tasks to queue
[2024-04-09T08:43:47.106+0000] {logging_mixin.py:188} INFO - [2024-04-09T08:43:47.106+0000] {dagbag.py:540} INFO - Filling up the DagBag from /home/airflow/.local/lib/python3.12/site-packages/airflow/example_dags/example_short_circuit_operator.py
[2024-04-09T08:43:47.110+0000] {processor.py:840} INFO - DAG(s) 'example_short_circuit_operator' retrieved from /home/airflow/.local/lib/python3.12/site-packages/airflow/example_dags/example_short_circuit_operator.py
[2024-04-09T08:43:47.124+0000] {logging_mixin.py:188} INFO - [2024-04-09T08:43:47.123+0000] {dag.py:3096} INFO - Sync 1 DAGs
[2024-04-09T08:43:47.136+0000] {logging_mixin.py:188} INFO - [2024-04-09T08:43:47.136+0000] {dag.py:3954} INFO - Setting next_dagrun for example_short_circuit_operator to 2024-04-08 00:00:00+00:00, run_after=2024-04-09 00:00:00+00:00
[2024-04-09T08:43:47.148+0000] {processor.py:183} INFO - Processing /home/airflow/.local/lib/python3.12/site-packages/airflow/example_dags/example_short_circuit_operator.py took 0.047 seconds
[2024-04-09T08:44:17.778+0000] {processor.py:161} INFO - Started process (PID=2298) to work on /home/airflow/.local/lib/python3.12/site-packages/airflow/example_dags/example_short_circuit_operator.py
[2024-04-09T08:44:17.778+0000] {processor.py:830} INFO - Processing file /home/airflow/.local/lib/python3.12/site-packages/airflow/example_dags/example_short_circuit_operator.py for tasks to queue
[2024-04-09T08:44:17.779+0000] {logging_mixin.py:188} INFO - [2024-04-09T08:44:17.779+0000] {dagbag.py:540} INFO - Filling up the DagBag from /home/airflow/.local/lib/python3.12/site-packages/airflow/example_dags/example_short_circuit_operator.py
[2024-04-09T08:44:17.783+0000] {processor.py:840} INFO - DAG(s) 'example_short_circuit_operator' retrieved from /home/airflow/.local/lib/python3.12/site-packages/airflow/example_dags/example_short_circuit_operator.py
[2024-04-09T08:44:17.797+0000] {logging_mixin.py:188} INFO - [2024-04-09T08:44:17.797+0000] {dag.py:3096} INFO - Sync 1 DAGs
[2024-04-09T08:44:17.809+0000] {logging_mixin.py:188} INFO - [2024-04-09T08:44:17.809+0000] {dag.py:3954} INFO - Setting next_dagrun for example_short_circuit_operator to 2024-04-08 00:00:00+00:00, run_after=2024-04-09 00:00:00+00:00
[2024-04-09T08:44:17.821+0000] {processor.py:183} INFO - Processing /home/airflow/.local/lib/python3.12/site-packages/airflow/example_dags/example_short_circuit_operator.py took 0.046 seconds
[2024-04-09T08:44:48.516+0000] {processor.py:161} INFO - Started process (PID=2356) to work on /home/airflow/.local/lib/python3.12/site-packages/airflow/example_dags/example_short_circuit_operator.py
[2024-04-09T08:44:48.516+0000] {processor.py:830} INFO - Processing file /home/airflow/.local/lib/python3.12/site-packages/airflow/example_dags/example_short_circuit_operator.py for tasks to queue
[2024-04-09T08:44:48.517+0000] {logging_mixin.py:188} INFO - [2024-04-09T08:44:48.517+0000] {dagbag.py:540} INFO - Filling up the DagBag from /home/airflow/.local/lib/python3.12/site-packages/airflow/example_dags/example_short_circuit_operator.py
[2024-04-09T08:44:48.522+0000] {processor.py:840} INFO - DAG(s) 'example_short_circuit_operator' retrieved from /home/airflow/.local/lib/python3.12/site-packages/airflow/example_dags/example_short_circuit_operator.py
[2024-04-09T08:44:48.545+0000] {logging_mixin.py:188} INFO - [2024-04-09T08:44:48.544+0000] {dag.py:3096} INFO - Sync 1 DAGs
[2024-04-09T08:44:48.567+0000] {logging_mixin.py:188} INFO - [2024-04-09T08:44:48.567+0000] {dag.py:3954} INFO - Setting next_dagrun for example_short_circuit_operator to 2024-04-08 00:00:00+00:00, run_after=2024-04-09 00:00:00+00:00
[2024-04-09T08:44:48.588+0000] {processor.py:183} INFO - Processing /home/airflow/.local/lib/python3.12/site-packages/airflow/example_dags/example_short_circuit_operator.py took 0.076 seconds
[2024-04-09T08:45:19.432+0000] {processor.py:161} INFO - Started process (PID=2420) to work on /home/airflow/.local/lib/python3.12/site-packages/airflow/example_dags/example_short_circuit_operator.py
[2024-04-09T08:45:19.432+0000] {processor.py:830} INFO - Processing file /home/airflow/.local/lib/python3.12/site-packages/airflow/example_dags/example_short_circuit_operator.py for tasks to queue
[2024-04-09T08:45:19.433+0000] {logging_mixin.py:188} INFO - [2024-04-09T08:45:19.433+0000] {dagbag.py:540} INFO - Filling up the DagBag from /home/airflow/.local/lib/python3.12/site-packages/airflow/example_dags/example_short_circuit_operator.py
[2024-04-09T08:45:19.437+0000] {processor.py:840} INFO - DAG(s) 'example_short_circuit_operator' retrieved from /home/airflow/.local/lib/python3.12/site-packages/airflow/example_dags/example_short_circuit_operator.py
[2024-04-09T08:45:19.451+0000] {logging_mixin.py:188} INFO - [2024-04-09T08:45:19.451+0000] {dag.py:3096} INFO - Sync 1 DAGs
[2024-04-09T08:45:19.464+0000] {logging_mixin.py:188} INFO - [2024-04-09T08:45:19.464+0000] {dag.py:3954} INFO - Setting next_dagrun for example_short_circuit_operator to 2024-04-08 00:00:00+00:00, run_after=2024-04-09 00:00:00+00:00
[2024-04-09T08:45:19.475+0000] {processor.py:183} INFO - Processing /home/airflow/.local/lib/python3.12/site-packages/airflow/example_dags/example_short_circuit_operator.py took 0.047 seconds
[2024-04-09T08:45:49.987+0000] {processor.py:161} INFO - Started process (PID=2478) to work on /home/airflow/.local/lib/python3.12/site-packages/airflow/example_dags/example_short_circuit_operator.py
[2024-04-09T08:45:49.988+0000] {processor.py:830} INFO - Processing file /home/airflow/.local/lib/python3.12/site-packages/airflow/example_dags/example_short_circuit_operator.py for tasks to queue
[2024-04-09T08:45:49.989+0000] {logging_mixin.py:188} INFO - [2024-04-09T08:45:49.989+0000] {dagbag.py:540} INFO - Filling up the DagBag from /home/airflow/.local/lib/python3.12/site-packages/airflow/example_dags/example_short_circuit_operator.py
[2024-04-09T08:45:49.993+0000] {processor.py:840} INFO - DAG(s) 'example_short_circuit_operator' retrieved from /home/airflow/.local/lib/python3.12/site-packages/airflow/example_dags/example_short_circuit_operator.py
[2024-04-09T08:45:50.007+0000] {logging_mixin.py:188} INFO - [2024-04-09T08:45:50.007+0000] {dag.py:3096} INFO - Sync 1 DAGs
[2024-04-09T08:45:50.021+0000] {logging_mixin.py:188} INFO - [2024-04-09T08:45:50.021+0000] {dag.py:3954} INFO - Setting next_dagrun for example_short_circuit_operator to 2024-04-08 00:00:00+00:00, run_after=2024-04-09 00:00:00+00:00
[2024-04-09T08:45:50.033+0000] {processor.py:183} INFO - Processing /home/airflow/.local/lib/python3.12/site-packages/airflow/example_dags/example_short_circuit_operator.py took 0.048 seconds
[2024-04-09T08:46:20.737+0000] {processor.py:161} INFO - Started process (PID=2536) to work on /home/airflow/.local/lib/python3.12/site-packages/airflow/example_dags/example_short_circuit_operator.py
[2024-04-09T08:46:20.737+0000] {processor.py:830} INFO - Processing file /home/airflow/.local/lib/python3.12/site-packages/airflow/example_dags/example_short_circuit_operator.py for tasks to queue
[2024-04-09T08:46:20.738+0000] {logging_mixin.py:188} INFO - [2024-04-09T08:46:20.738+0000] {dagbag.py:540} INFO - Filling up the DagBag from /home/airflow/.local/lib/python3.12/site-packages/airflow/example_dags/example_short_circuit_operator.py
[2024-04-09T08:46:20.742+0000] {processor.py:840} INFO - DAG(s) 'example_short_circuit_operator' retrieved from /home/airflow/.local/lib/python3.12/site-packages/airflow/example_dags/example_short_circuit_operator.py
[2024-04-09T08:46:20.755+0000] {logging_mixin.py:188} INFO - [2024-04-09T08:46:20.755+0000] {dag.py:3096} INFO - Sync 1 DAGs
[2024-04-09T08:46:20.768+0000] {logging_mixin.py:188} INFO - [2024-04-09T08:46:20.768+0000] {dag.py:3954} INFO - Setting next_dagrun for example_short_circuit_operator to 2024-04-08 00:00:00+00:00, run_after=2024-04-09 00:00:00+00:00
[2024-04-09T08:46:20.779+0000] {processor.py:183} INFO - Processing /home/airflow/.local/lib/python3.12/site-packages/airflow/example_dags/example_short_circuit_operator.py took 0.045 seconds
[2024-04-09T08:46:51.388+0000] {processor.py:161} INFO - Started process (PID=2594) to work on /home/airflow/.local/lib/python3.12/site-packages/airflow/example_dags/example_short_circuit_operator.py
[2024-04-09T08:46:51.388+0000] {processor.py:830} INFO - Processing file /home/airflow/.local/lib/python3.12/site-packages/airflow/example_dags/example_short_circuit_operator.py for tasks to queue
[2024-04-09T08:46:51.390+0000] {logging_mixin.py:188} INFO - [2024-04-09T08:46:51.389+0000] {dagbag.py:540} INFO - Filling up the DagBag from /home/airflow/.local/lib/python3.12/site-packages/airflow/example_dags/example_short_circuit_operator.py
[2024-04-09T08:46:51.394+0000] {processor.py:840} INFO - DAG(s) 'example_short_circuit_operator' retrieved from /home/airflow/.local/lib/python3.12/site-packages/airflow/example_dags/example_short_circuit_operator.py
[2024-04-09T08:46:51.408+0000] {logging_mixin.py:188} INFO - [2024-04-09T08:46:51.408+0000] {dag.py:3096} INFO - Sync 1 DAGs
[2024-04-09T08:46:51.422+0000] {logging_mixin.py:188} INFO - [2024-04-09T08:46:51.422+0000] {dag.py:3954} INFO - Setting next_dagrun for example_short_circuit_operator to 2024-04-08 00:00:00+00:00, run_after=2024-04-09 00:00:00+00:00
[2024-04-09T08:46:51.432+0000] {processor.py:183} INFO - Processing /home/airflow/.local/lib/python3.12/site-packages/airflow/example_dags/example_short_circuit_operator.py took 0.047 seconds
[2024-04-09T08:47:21.917+0000] {processor.py:161} INFO - Started process (PID=2652) to work on /home/airflow/.local/lib/python3.12/site-packages/airflow/example_dags/example_short_circuit_operator.py
[2024-04-09T08:47:21.917+0000] {processor.py:830} INFO - Processing file /home/airflow/.local/lib/python3.12/site-packages/airflow/example_dags/example_short_circuit_operator.py for tasks to queue
[2024-04-09T08:47:21.918+0000] {logging_mixin.py:188} INFO - [2024-04-09T08:47:21.918+0000] {dagbag.py:540} INFO - Filling up the DagBag from /home/airflow/.local/lib/python3.12/site-packages/airflow/example_dags/example_short_circuit_operator.py
[2024-04-09T08:47:21.922+0000] {processor.py:840} INFO - DAG(s) 'example_short_circuit_operator' retrieved from /home/airflow/.local/lib/python3.12/site-packages/airflow/example_dags/example_short_circuit_operator.py
[2024-04-09T08:47:21.936+0000] {logging_mixin.py:188} INFO - [2024-04-09T08:47:21.936+0000] {dag.py:3096} INFO - Sync 1 DAGs
[2024-04-09T08:47:21.949+0000] {logging_mixin.py:188} INFO - [2024-04-09T08:47:21.949+0000] {dag.py:3954} INFO - Setting next_dagrun for example_short_circuit_operator to 2024-04-08 00:00:00+00:00, run_after=2024-04-09 00:00:00+00:00
[2024-04-09T08:47:21.959+0000] {processor.py:183} INFO - Processing /home/airflow/.local/lib/python3.12/site-packages/airflow/example_dags/example_short_circuit_operator.py took 0.046 seconds
[2024-04-09T08:47:52.556+0000] {processor.py:161} INFO - Started process (PID=2710) to work on /home/airflow/.local/lib/python3.12/site-packages/airflow/example_dags/example_short_circuit_operator.py
[2024-04-09T08:47:52.556+0000] {processor.py:830} INFO - Processing file /home/airflow/.local/lib/python3.12/site-packages/airflow/example_dags/example_short_circuit_operator.py for tasks to queue
[2024-04-09T08:47:52.557+0000] {logging_mixin.py:188} INFO - [2024-04-09T08:47:52.557+0000] {dagbag.py:540} INFO - Filling up the DagBag from /home/airflow/.local/lib/python3.12/site-packages/airflow/example_dags/example_short_circuit_operator.py
[2024-04-09T08:47:52.562+0000] {processor.py:840} INFO - DAG(s) 'example_short_circuit_operator' retrieved from /home/airflow/.local/lib/python3.12/site-packages/airflow/example_dags/example_short_circuit_operator.py
[2024-04-09T08:47:52.577+0000] {logging_mixin.py:188} INFO - [2024-04-09T08:47:52.577+0000] {dag.py:3096} INFO - Sync 1 DAGs
[2024-04-09T08:47:52.591+0000] {logging_mixin.py:188} INFO - [2024-04-09T08:47:52.591+0000] {dag.py:3954} INFO - Setting next_dagrun for example_short_circuit_operator to 2024-04-08 00:00:00+00:00, run_after=2024-04-09 00:00:00+00:00
[2024-04-09T08:47:52.602+0000] {processor.py:183} INFO - Processing /home/airflow/.local/lib/python3.12/site-packages/airflow/example_dags/example_short_circuit_operator.py took 0.049 seconds
[2024-04-09T08:48:23.371+0000] {processor.py:161} INFO - Started process (PID=2768) to work on /home/airflow/.local/lib/python3.12/site-packages/airflow/example_dags/example_short_circuit_operator.py
[2024-04-09T08:48:23.371+0000] {processor.py:830} INFO - Processing file /home/airflow/.local/lib/python3.12/site-packages/airflow/example_dags/example_short_circuit_operator.py for tasks to queue
[2024-04-09T08:48:23.372+0000] {logging_mixin.py:188} INFO - [2024-04-09T08:48:23.372+0000] {dagbag.py:540} INFO - Filling up the DagBag from /home/airflow/.local/lib/python3.12/site-packages/airflow/example_dags/example_short_circuit_operator.py
[2024-04-09T08:48:23.376+0000] {processor.py:840} INFO - DAG(s) 'example_short_circuit_operator' retrieved from /home/airflow/.local/lib/python3.12/site-packages/airflow/example_dags/example_short_circuit_operator.py
[2024-04-09T08:48:23.390+0000] {logging_mixin.py:188} INFO - [2024-04-09T08:48:23.390+0000] {dag.py:3096} INFO - Sync 1 DAGs
[2024-04-09T08:48:23.403+0000] {logging_mixin.py:188} INFO - [2024-04-09T08:48:23.403+0000] {dag.py:3954} INFO - Setting next_dagrun for example_short_circuit_operator to 2024-04-08 00:00:00+00:00, run_after=2024-04-09 00:00:00+00:00
[2024-04-09T08:48:23.413+0000] {processor.py:183} INFO - Processing /home/airflow/.local/lib/python3.12/site-packages/airflow/example_dags/example_short_circuit_operator.py took 0.046 seconds
[2024-04-09T08:48:53.891+0000] {processor.py:161} INFO - Started process (PID=2826) to work on /home/airflow/.local/lib/python3.12/site-packages/airflow/example_dags/example_short_circuit_operator.py
[2024-04-09T08:48:53.892+0000] {processor.py:830} INFO - Processing file /home/airflow/.local/lib/python3.12/site-packages/airflow/example_dags/example_short_circuit_operator.py for tasks to queue
[2024-04-09T08:48:53.893+0000] {logging_mixin.py:188} INFO - [2024-04-09T08:48:53.893+0000] {dagbag.py:540} INFO - Filling up the DagBag from /home/airflow/.local/lib/python3.12/site-packages/airflow/example_dags/example_short_circuit_operator.py
[2024-04-09T08:48:53.897+0000] {processor.py:840} INFO - DAG(s) 'example_short_circuit_operator' retrieved from /home/airflow/.local/lib/python3.12/site-packages/airflow/example_dags/example_short_circuit_operator.py
[2024-04-09T08:48:53.910+0000] {logging_mixin.py:188} INFO - [2024-04-09T08:48:53.910+0000] {dag.py:3096} INFO - Sync 1 DAGs
[2024-04-09T08:48:53.922+0000] {logging_mixin.py:188} INFO - [2024-04-09T08:48:53.922+0000] {dag.py:3954} INFO - Setting next_dagrun for example_short_circuit_operator to 2024-04-08 00:00:00+00:00, run_after=2024-04-09 00:00:00+00:00
[2024-04-09T08:48:53.933+0000] {processor.py:183} INFO - Processing /home/airflow/.local/lib/python3.12/site-packages/airflow/example_dags/example_short_circuit_operator.py took 0.044 seconds
[2024-04-09T08:49:24.490+0000] {processor.py:161} INFO - Started process (PID=2884) to work on /home/airflow/.local/lib/python3.12/site-packages/airflow/example_dags/example_short_circuit_operator.py
[2024-04-09T08:49:24.490+0000] {processor.py:830} INFO - Processing file /home/airflow/.local/lib/python3.12/site-packages/airflow/example_dags/example_short_circuit_operator.py for tasks to queue
[2024-04-09T08:49:24.491+0000] {logging_mixin.py:188} INFO - [2024-04-09T08:49:24.491+0000] {dagbag.py:540} INFO - Filling up the DagBag from /home/airflow/.local/lib/python3.12/site-packages/airflow/example_dags/example_short_circuit_operator.py
[2024-04-09T08:49:24.495+0000] {processor.py:840} INFO - DAG(s) 'example_short_circuit_operator' retrieved from /home/airflow/.local/lib/python3.12/site-packages/airflow/example_dags/example_short_circuit_operator.py
[2024-04-09T08:49:24.508+0000] {logging_mixin.py:188} INFO - [2024-04-09T08:49:24.508+0000] {dag.py:3096} INFO - Sync 1 DAGs
[2024-04-09T08:49:24.521+0000] {logging_mixin.py:188} INFO - [2024-04-09T08:49:24.521+0000] {dag.py:3954} INFO - Setting next_dagrun for example_short_circuit_operator to 2024-04-08 00:00:00+00:00, run_after=2024-04-09 00:00:00+00:00
[2024-04-09T08:49:24.531+0000] {processor.py:183} INFO - Processing /home/airflow/.local/lib/python3.12/site-packages/airflow/example_dags/example_short_circuit_operator.py took 0.044 seconds
[2024-04-09T08:49:55.155+0000] {processor.py:161} INFO - Started process (PID=2942) to work on /home/airflow/.local/lib/python3.12/site-packages/airflow/example_dags/example_short_circuit_operator.py
[2024-04-09T08:49:55.155+0000] {processor.py:830} INFO - Processing file /home/airflow/.local/lib/python3.12/site-packages/airflow/example_dags/example_short_circuit_operator.py for tasks to queue
[2024-04-09T08:49:55.156+0000] {logging_mixin.py:188} INFO - [2024-04-09T08:49:55.156+0000] {dagbag.py:540} INFO - Filling up the DagBag from /home/airflow/.local/lib/python3.12/site-packages/airflow/example_dags/example_short_circuit_operator.py
[2024-04-09T08:49:55.160+0000] {processor.py:840} INFO - DAG(s) 'example_short_circuit_operator' retrieved from /home/airflow/.local/lib/python3.12/site-packages/airflow/example_dags/example_short_circuit_operator.py
[2024-04-09T08:49:55.174+0000] {logging_mixin.py:188} INFO - [2024-04-09T08:49:55.174+0000] {dag.py:3096} INFO - Sync 1 DAGs
[2024-04-09T08:49:55.186+0000] {logging_mixin.py:188} INFO - [2024-04-09T08:49:55.186+0000] {dag.py:3954} INFO - Setting next_dagrun for example_short_circuit_operator to 2024-04-08 00:00:00+00:00, run_after=2024-04-09 00:00:00+00:00
[2024-04-09T08:49:55.196+0000] {processor.py:183} INFO - Processing /home/airflow/.local/lib/python3.12/site-packages/airflow/example_dags/example_short_circuit_operator.py took 0.044 seconds
[2024-04-09T08:50:25.916+0000] {processor.py:161} INFO - Started process (PID=3000) to work on /home/airflow/.local/lib/python3.12/site-packages/airflow/example_dags/example_short_circuit_operator.py
[2024-04-09T08:50:25.916+0000] {processor.py:830} INFO - Processing file /home/airflow/.local/lib/python3.12/site-packages/airflow/example_dags/example_short_circuit_operator.py for tasks to queue
[2024-04-09T08:50:25.917+0000] {logging_mixin.py:188} INFO - [2024-04-09T08:50:25.917+0000] {dagbag.py:540} INFO - Filling up the DagBag from /home/airflow/.local/lib/python3.12/site-packages/airflow/example_dags/example_short_circuit_operator.py
[2024-04-09T08:50:25.921+0000] {processor.py:840} INFO - DAG(s) 'example_short_circuit_operator' retrieved from /home/airflow/.local/lib/python3.12/site-packages/airflow/example_dags/example_short_circuit_operator.py
[2024-04-09T08:50:25.935+0000] {logging_mixin.py:188} INFO - [2024-04-09T08:50:25.935+0000] {dag.py:3096} INFO - Sync 1 DAGs
[2024-04-09T08:50:25.948+0000] {logging_mixin.py:188} INFO - [2024-04-09T08:50:25.948+0000] {dag.py:3954} INFO - Setting next_dagrun for example_short_circuit_operator to 2024-04-08 00:00:00+00:00, run_after=2024-04-09 00:00:00+00:00
[2024-04-09T08:50:25.960+0000] {processor.py:183} INFO - Processing /home/airflow/.local/lib/python3.12/site-packages/airflow/example_dags/example_short_circuit_operator.py took 0.047 seconds
[2024-04-09T08:50:56.544+0000] {processor.py:161} INFO - Started process (PID=3058) to work on /home/airflow/.local/lib/python3.12/site-packages/airflow/example_dags/example_short_circuit_operator.py
[2024-04-09T08:50:56.545+0000] {processor.py:830} INFO - Processing file /home/airflow/.local/lib/python3.12/site-packages/airflow/example_dags/example_short_circuit_operator.py for tasks to queue
[2024-04-09T08:50:56.546+0000] {logging_mixin.py:188} INFO - [2024-04-09T08:50:56.545+0000] {dagbag.py:540} INFO - Filling up the DagBag from /home/airflow/.local/lib/python3.12/site-packages/airflow/example_dags/example_short_circuit_operator.py
[2024-04-09T08:50:56.549+0000] {processor.py:840} INFO - DAG(s) 'example_short_circuit_operator' retrieved from /home/airflow/.local/lib/python3.12/site-packages/airflow/example_dags/example_short_circuit_operator.py
[2024-04-09T08:50:56.563+0000] {logging_mixin.py:188} INFO - [2024-04-09T08:50:56.563+0000] {dag.py:3096} INFO - Sync 1 DAGs
[2024-04-09T08:50:56.576+0000] {logging_mixin.py:188} INFO - [2024-04-09T08:50:56.576+0000] {dag.py:3954} INFO - Setting next_dagrun for example_short_circuit_operator to 2024-04-08 00:00:00+00:00, run_after=2024-04-09 00:00:00+00:00
[2024-04-09T08:50:56.587+0000] {processor.py:183} INFO - Processing /home/airflow/.local/lib/python3.12/site-packages/airflow/example_dags/example_short_circuit_operator.py took 0.045 seconds
[2024-04-09T08:51:27.069+0000] {processor.py:161} INFO - Started process (PID=3116) to work on /home/airflow/.local/lib/python3.12/site-packages/airflow/example_dags/example_short_circuit_operator.py
[2024-04-09T08:51:27.070+0000] {processor.py:830} INFO - Processing file /home/airflow/.local/lib/python3.12/site-packages/airflow/example_dags/example_short_circuit_operator.py for tasks to queue
[2024-04-09T08:51:27.071+0000] {logging_mixin.py:188} INFO - [2024-04-09T08:51:27.070+0000] {dagbag.py:540} INFO - Filling up the DagBag from /home/airflow/.local/lib/python3.12/site-packages/airflow/example_dags/example_short_circuit_operator.py
[2024-04-09T08:51:27.075+0000] {processor.py:840} INFO - DAG(s) 'example_short_circuit_operator' retrieved from /home/airflow/.local/lib/python3.12/site-packages/airflow/example_dags/example_short_circuit_operator.py
[2024-04-09T08:51:27.088+0000] {logging_mixin.py:188} INFO - [2024-04-09T08:51:27.088+0000] {dag.py:3096} INFO - Sync 1 DAGs
[2024-04-09T08:51:27.101+0000] {logging_mixin.py:188} INFO - [2024-04-09T08:51:27.101+0000] {dag.py:3954} INFO - Setting next_dagrun for example_short_circuit_operator to 2024-04-08 00:00:00+00:00, run_after=2024-04-09 00:00:00+00:00
[2024-04-09T08:51:27.111+0000] {processor.py:183} INFO - Processing /home/airflow/.local/lib/python3.12/site-packages/airflow/example_dags/example_short_circuit_operator.py took 0.046 seconds
[2024-04-09T08:51:57.577+0000] {processor.py:161} INFO - Started process (PID=3174) to work on /home/airflow/.local/lib/python3.12/site-packages/airflow/example_dags/example_short_circuit_operator.py
[2024-04-09T08:51:57.577+0000] {processor.py:830} INFO - Processing file /home/airflow/.local/lib/python3.12/site-packages/airflow/example_dags/example_short_circuit_operator.py for tasks to queue
[2024-04-09T08:51:57.578+0000] {logging_mixin.py:188} INFO - [2024-04-09T08:51:57.578+0000] {dagbag.py:540} INFO - Filling up the DagBag from /home/airflow/.local/lib/python3.12/site-packages/airflow/example_dags/example_short_circuit_operator.py
[2024-04-09T08:51:57.582+0000] {processor.py:840} INFO - DAG(s) 'example_short_circuit_operator' retrieved from /home/airflow/.local/lib/python3.12/site-packages/airflow/example_dags/example_short_circuit_operator.py
[2024-04-09T08:51:57.595+0000] {logging_mixin.py:188} INFO - [2024-04-09T08:51:57.595+0000] {dag.py:3096} INFO - Sync 1 DAGs
[2024-04-09T08:51:57.608+0000] {logging_mixin.py:188} INFO - [2024-04-09T08:51:57.608+0000] {dag.py:3954} INFO - Setting next_dagrun for example_short_circuit_operator to 2024-04-08 00:00:00+00:00, run_after=2024-04-09 00:00:00+00:00
[2024-04-09T08:51:57.618+0000] {processor.py:183} INFO - Processing /home/airflow/.local/lib/python3.12/site-packages/airflow/example_dags/example_short_circuit_operator.py took 0.044 seconds
[2024-04-09T08:52:28.174+0000] {processor.py:161} INFO - Started process (PID=3232) to work on /home/airflow/.local/lib/python3.12/site-packages/airflow/example_dags/example_short_circuit_operator.py
[2024-04-09T08:52:28.175+0000] {processor.py:830} INFO - Processing file /home/airflow/.local/lib/python3.12/site-packages/airflow/example_dags/example_short_circuit_operator.py for tasks to queue
[2024-04-09T08:52:28.176+0000] {logging_mixin.py:188} INFO - [2024-04-09T08:52:28.175+0000] {dagbag.py:540} INFO - Filling up the DagBag from /home/airflow/.local/lib/python3.12/site-packages/airflow/example_dags/example_short_circuit_operator.py
[2024-04-09T08:52:28.180+0000] {processor.py:840} INFO - DAG(s) 'example_short_circuit_operator' retrieved from /home/airflow/.local/lib/python3.12/site-packages/airflow/example_dags/example_short_circuit_operator.py
[2024-04-09T08:52:28.193+0000] {logging_mixin.py:188} INFO - [2024-04-09T08:52:28.193+0000] {dag.py:3096} INFO - Sync 1 DAGs
[2024-04-09T08:52:28.205+0000] {logging_mixin.py:188} INFO - [2024-04-09T08:52:28.205+0000] {dag.py:3954} INFO - Setting next_dagrun for example_short_circuit_operator to 2024-04-08 00:00:00+00:00, run_after=2024-04-09 00:00:00+00:00
[2024-04-09T08:52:28.216+0000] {processor.py:183} INFO - Processing /home/airflow/.local/lib/python3.12/site-packages/airflow/example_dags/example_short_circuit_operator.py took 0.045 seconds
[2024-04-09T08:52:58.854+0000] {processor.py:161} INFO - Started process (PID=3290) to work on /home/airflow/.local/lib/python3.12/site-packages/airflow/example_dags/example_short_circuit_operator.py
[2024-04-09T08:52:58.855+0000] {processor.py:830} INFO - Processing file /home/airflow/.local/lib/python3.12/site-packages/airflow/example_dags/example_short_circuit_operator.py for tasks to queue
[2024-04-09T08:52:58.856+0000] {logging_mixin.py:188} INFO - [2024-04-09T08:52:58.856+0000] {dagbag.py:540} INFO - Filling up the DagBag from /home/airflow/.local/lib/python3.12/site-packages/airflow/example_dags/example_short_circuit_operator.py
[2024-04-09T08:52:58.860+0000] {processor.py:840} INFO - DAG(s) 'example_short_circuit_operator' retrieved from /home/airflow/.local/lib/python3.12/site-packages/airflow/example_dags/example_short_circuit_operator.py
[2024-04-09T08:52:58.874+0000] {logging_mixin.py:188} INFO - [2024-04-09T08:52:58.874+0000] {dag.py:3096} INFO - Sync 1 DAGs
[2024-04-09T08:52:58.888+0000] {logging_mixin.py:188} INFO - [2024-04-09T08:52:58.887+0000] {dag.py:3954} INFO - Setting next_dagrun for example_short_circuit_operator to 2024-04-08 00:00:00+00:00, run_after=2024-04-09 00:00:00+00:00
[2024-04-09T08:52:58.900+0000] {processor.py:183} INFO - Processing /home/airflow/.local/lib/python3.12/site-packages/airflow/example_dags/example_short_circuit_operator.py took 0.048 seconds
[2024-04-09T08:53:28.968+0000] {processor.py:161} INFO - Started process (PID=3348) to work on /home/airflow/.local/lib/python3.12/site-packages/airflow/example_dags/example_short_circuit_operator.py
[2024-04-09T08:53:28.969+0000] {processor.py:830} INFO - Processing file /home/airflow/.local/lib/python3.12/site-packages/airflow/example_dags/example_short_circuit_operator.py for tasks to queue
[2024-04-09T08:53:28.970+0000] {logging_mixin.py:188} INFO - [2024-04-09T08:53:28.970+0000] {dagbag.py:540} INFO - Filling up the DagBag from /home/airflow/.local/lib/python3.12/site-packages/airflow/example_dags/example_short_circuit_operator.py
[2024-04-09T08:53:28.974+0000] {processor.py:840} INFO - DAG(s) 'example_short_circuit_operator' retrieved from /home/airflow/.local/lib/python3.12/site-packages/airflow/example_dags/example_short_circuit_operator.py
[2024-04-09T08:53:28.987+0000] {logging_mixin.py:188} INFO - [2024-04-09T08:53:28.987+0000] {dag.py:3096} INFO - Sync 1 DAGs
[2024-04-09T08:53:29.000+0000] {logging_mixin.py:188} INFO - [2024-04-09T08:53:28.999+0000] {dag.py:3954} INFO - Setting next_dagrun for example_short_circuit_operator to 2024-04-08 00:00:00+00:00, run_after=2024-04-09 00:00:00+00:00
[2024-04-09T08:53:29.012+0000] {processor.py:183} INFO - Processing /home/airflow/.local/lib/python3.12/site-packages/airflow/example_dags/example_short_circuit_operator.py took 0.046 seconds
[2024-04-09T08:53:59.719+0000] {processor.py:161} INFO - Started process (PID=3406) to work on /home/airflow/.local/lib/python3.12/site-packages/airflow/example_dags/example_short_circuit_operator.py
[2024-04-09T08:53:59.719+0000] {processor.py:830} INFO - Processing file /home/airflow/.local/lib/python3.12/site-packages/airflow/example_dags/example_short_circuit_operator.py for tasks to queue
[2024-04-09T08:53:59.720+0000] {logging_mixin.py:188} INFO - [2024-04-09T08:53:59.720+0000] {dagbag.py:540} INFO - Filling up the DagBag from /home/airflow/.local/lib/python3.12/site-packages/airflow/example_dags/example_short_circuit_operator.py
[2024-04-09T08:53:59.724+0000] {processor.py:840} INFO - DAG(s) 'example_short_circuit_operator' retrieved from /home/airflow/.local/lib/python3.12/site-packages/airflow/example_dags/example_short_circuit_operator.py
[2024-04-09T08:53:59.738+0000] {logging_mixin.py:188} INFO - [2024-04-09T08:53:59.737+0000] {dag.py:3096} INFO - Sync 1 DAGs
[2024-04-09T08:53:59.750+0000] {logging_mixin.py:188} INFO - [2024-04-09T08:53:59.750+0000] {dag.py:3954} INFO - Setting next_dagrun for example_short_circuit_operator to 2024-04-08 00:00:00+00:00, run_after=2024-04-09 00:00:00+00:00
[2024-04-09T08:53:59.761+0000] {processor.py:183} INFO - Processing /home/airflow/.local/lib/python3.12/site-packages/airflow/example_dags/example_short_circuit_operator.py took 0.045 seconds
[2024-04-09T08:54:30.413+0000] {processor.py:161} INFO - Started process (PID=3464) to work on /home/airflow/.local/lib/python3.12/site-packages/airflow/example_dags/example_short_circuit_operator.py
[2024-04-09T08:54:30.414+0000] {processor.py:830} INFO - Processing file /home/airflow/.local/lib/python3.12/site-packages/airflow/example_dags/example_short_circuit_operator.py for tasks to queue
[2024-04-09T08:54:30.415+0000] {logging_mixin.py:188} INFO - [2024-04-09T08:54:30.414+0000] {dagbag.py:540} INFO - Filling up the DagBag from /home/airflow/.local/lib/python3.12/site-packages/airflow/example_dags/example_short_circuit_operator.py
[2024-04-09T08:54:30.419+0000] {processor.py:840} INFO - DAG(s) 'example_short_circuit_operator' retrieved from /home/airflow/.local/lib/python3.12/site-packages/airflow/example_dags/example_short_circuit_operator.py
[2024-04-09T08:54:30.432+0000] {logging_mixin.py:188} INFO - [2024-04-09T08:54:30.432+0000] {dag.py:3096} INFO - Sync 1 DAGs
[2024-04-09T08:54:30.444+0000] {logging_mixin.py:188} INFO - [2024-04-09T08:54:30.444+0000] {dag.py:3954} INFO - Setting next_dagrun for example_short_circuit_operator to 2024-04-08 00:00:00+00:00, run_after=2024-04-09 00:00:00+00:00
[2024-04-09T08:54:30.455+0000] {processor.py:183} INFO - Processing /home/airflow/.local/lib/python3.12/site-packages/airflow/example_dags/example_short_circuit_operator.py took 0.045 seconds
[2024-04-09T08:55:01.047+0000] {processor.py:161} INFO - Started process (PID=3522) to work on /home/airflow/.local/lib/python3.12/site-packages/airflow/example_dags/example_short_circuit_operator.py
[2024-04-09T08:55:01.047+0000] {processor.py:830} INFO - Processing file /home/airflow/.local/lib/python3.12/site-packages/airflow/example_dags/example_short_circuit_operator.py for tasks to queue
[2024-04-09T08:55:01.048+0000] {logging_mixin.py:188} INFO - [2024-04-09T08:55:01.048+0000] {dagbag.py:540} INFO - Filling up the DagBag from /home/airflow/.local/lib/python3.12/site-packages/airflow/example_dags/example_short_circuit_operator.py
[2024-04-09T08:55:01.052+0000] {processor.py:840} INFO - DAG(s) 'example_short_circuit_operator' retrieved from /home/airflow/.local/lib/python3.12/site-packages/airflow/example_dags/example_short_circuit_operator.py
[2024-04-09T08:55:01.066+0000] {logging_mixin.py:188} INFO - [2024-04-09T08:55:01.065+0000] {dag.py:3096} INFO - Sync 1 DAGs
[2024-04-09T08:55:01.080+0000] {logging_mixin.py:188} INFO - [2024-04-09T08:55:01.079+0000] {dag.py:3954} INFO - Setting next_dagrun for example_short_circuit_operator to 2024-04-08 00:00:00+00:00, run_after=2024-04-09 00:00:00+00:00
[2024-04-09T08:55:01.093+0000] {processor.py:183} INFO - Processing /home/airflow/.local/lib/python3.12/site-packages/airflow/example_dags/example_short_circuit_operator.py took 0.050 seconds
[2024-04-09T08:55:31.653+0000] {processor.py:161} INFO - Started process (PID=3580) to work on /home/airflow/.local/lib/python3.12/site-packages/airflow/example_dags/example_short_circuit_operator.py
[2024-04-09T08:55:31.653+0000] {processor.py:830} INFO - Processing file /home/airflow/.local/lib/python3.12/site-packages/airflow/example_dags/example_short_circuit_operator.py for tasks to queue
[2024-04-09T08:55:31.654+0000] {logging_mixin.py:188} INFO - [2024-04-09T08:55:31.654+0000] {dagbag.py:540} INFO - Filling up the DagBag from /home/airflow/.local/lib/python3.12/site-packages/airflow/example_dags/example_short_circuit_operator.py
[2024-04-09T08:55:31.659+0000] {processor.py:840} INFO - DAG(s) 'example_short_circuit_operator' retrieved from /home/airflow/.local/lib/python3.12/site-packages/airflow/example_dags/example_short_circuit_operator.py
[2024-04-09T08:55:31.672+0000] {logging_mixin.py:188} INFO - [2024-04-09T08:55:31.672+0000] {dag.py:3096} INFO - Sync 1 DAGs
[2024-04-09T08:55:31.685+0000] {logging_mixin.py:188} INFO - [2024-04-09T08:55:31.685+0000] {dag.py:3954} INFO - Setting next_dagrun for example_short_circuit_operator to 2024-04-08 00:00:00+00:00, run_after=2024-04-09 00:00:00+00:00
[2024-04-09T08:55:31.697+0000] {processor.py:183} INFO - Processing /home/airflow/.local/lib/python3.12/site-packages/airflow/example_dags/example_short_circuit_operator.py took 0.047 seconds
[2024-04-09T08:56:02.394+0000] {processor.py:161} INFO - Started process (PID=3638) to work on /home/airflow/.local/lib/python3.12/site-packages/airflow/example_dags/example_short_circuit_operator.py
[2024-04-09T08:56:02.394+0000] {processor.py:830} INFO - Processing file /home/airflow/.local/lib/python3.12/site-packages/airflow/example_dags/example_short_circuit_operator.py for tasks to queue
[2024-04-09T08:56:02.395+0000] {logging_mixin.py:188} INFO - [2024-04-09T08:56:02.395+0000] {dagbag.py:540} INFO - Filling up the DagBag from /home/airflow/.local/lib/python3.12/site-packages/airflow/example_dags/example_short_circuit_operator.py
[2024-04-09T08:56:02.400+0000] {processor.py:840} INFO - DAG(s) 'example_short_circuit_operator' retrieved from /home/airflow/.local/lib/python3.12/site-packages/airflow/example_dags/example_short_circuit_operator.py
[2024-04-09T08:56:02.415+0000] {logging_mixin.py:188} INFO - [2024-04-09T08:56:02.415+0000] {dag.py:3096} INFO - Sync 1 DAGs
[2024-04-09T08:56:02.428+0000] {logging_mixin.py:188} INFO - [2024-04-09T08:56:02.427+0000] {dag.py:3954} INFO - Setting next_dagrun for example_short_circuit_operator to 2024-04-08 00:00:00+00:00, run_after=2024-04-09 00:00:00+00:00
[2024-04-09T08:56:02.440+0000] {processor.py:183} INFO - Processing /home/airflow/.local/lib/python3.12/site-packages/airflow/example_dags/example_short_circuit_operator.py took 0.050 seconds
[2024-04-09T08:56:32.994+0000] {processor.py:161} INFO - Started process (PID=3696) to work on /home/airflow/.local/lib/python3.12/site-packages/airflow/example_dags/example_short_circuit_operator.py
[2024-04-09T08:56:32.995+0000] {processor.py:830} INFO - Processing file /home/airflow/.local/lib/python3.12/site-packages/airflow/example_dags/example_short_circuit_operator.py for tasks to queue
[2024-04-09T08:56:32.996+0000] {logging_mixin.py:188} INFO - [2024-04-09T08:56:32.995+0000] {dagbag.py:540} INFO - Filling up the DagBag from /home/airflow/.local/lib/python3.12/site-packages/airflow/example_dags/example_short_circuit_operator.py
[2024-04-09T08:56:33.000+0000] {processor.py:840} INFO - DAG(s) 'example_short_circuit_operator' retrieved from /home/airflow/.local/lib/python3.12/site-packages/airflow/example_dags/example_short_circuit_operator.py
[2024-04-09T08:56:33.013+0000] {logging_mixin.py:188} INFO - [2024-04-09T08:56:33.013+0000] {dag.py:3096} INFO - Sync 1 DAGs
[2024-04-09T08:56:33.025+0000] {logging_mixin.py:188} INFO - [2024-04-09T08:56:33.025+0000] {dag.py:3954} INFO - Setting next_dagrun for example_short_circuit_operator to 2024-04-08 00:00:00+00:00, run_after=2024-04-09 00:00:00+00:00
[2024-04-09T08:56:33.037+0000] {processor.py:183} INFO - Processing /home/airflow/.local/lib/python3.12/site-packages/airflow/example_dags/example_short_circuit_operator.py took 0.046 seconds
[2024-04-09T08:57:03.709+0000] {processor.py:161} INFO - Started process (PID=3754) to work on /home/airflow/.local/lib/python3.12/site-packages/airflow/example_dags/example_short_circuit_operator.py
[2024-04-09T08:57:03.710+0000] {processor.py:830} INFO - Processing file /home/airflow/.local/lib/python3.12/site-packages/airflow/example_dags/example_short_circuit_operator.py for tasks to queue
[2024-04-09T08:57:03.711+0000] {logging_mixin.py:188} INFO - [2024-04-09T08:57:03.711+0000] {dagbag.py:540} INFO - Filling up the DagBag from /home/airflow/.local/lib/python3.12/site-packages/airflow/example_dags/example_short_circuit_operator.py
[2024-04-09T08:57:03.715+0000] {processor.py:840} INFO - DAG(s) 'example_short_circuit_operator' retrieved from /home/airflow/.local/lib/python3.12/site-packages/airflow/example_dags/example_short_circuit_operator.py
[2024-04-09T08:57:03.728+0000] {logging_mixin.py:188} INFO - [2024-04-09T08:57:03.728+0000] {dag.py:3096} INFO - Sync 1 DAGs
[2024-04-09T08:57:03.740+0000] {logging_mixin.py:188} INFO - [2024-04-09T08:57:03.740+0000] {dag.py:3954} INFO - Setting next_dagrun for example_short_circuit_operator to 2024-04-08 00:00:00+00:00, run_after=2024-04-09 00:00:00+00:00
[2024-04-09T08:57:03.751+0000] {processor.py:183} INFO - Processing /home/airflow/.local/lib/python3.12/site-packages/airflow/example_dags/example_short_circuit_operator.py took 0.044 seconds
[2024-04-09T08:57:34.361+0000] {processor.py:161} INFO - Started process (PID=3812) to work on /home/airflow/.local/lib/python3.12/site-packages/airflow/example_dags/example_short_circuit_operator.py
[2024-04-09T08:57:34.361+0000] {processor.py:830} INFO - Processing file /home/airflow/.local/lib/python3.12/site-packages/airflow/example_dags/example_short_circuit_operator.py for tasks to queue
[2024-04-09T08:57:34.362+0000] {logging_mixin.py:188} INFO - [2024-04-09T08:57:34.362+0000] {dagbag.py:540} INFO - Filling up the DagBag from /home/airflow/.local/lib/python3.12/site-packages/airflow/example_dags/example_short_circuit_operator.py
[2024-04-09T08:57:34.366+0000] {processor.py:840} INFO - DAG(s) 'example_short_circuit_operator' retrieved from /home/airflow/.local/lib/python3.12/site-packages/airflow/example_dags/example_short_circuit_operator.py
[2024-04-09T08:57:34.380+0000] {logging_mixin.py:188} INFO - [2024-04-09T08:57:34.379+0000] {dag.py:3096} INFO - Sync 1 DAGs
[2024-04-09T08:57:34.392+0000] {logging_mixin.py:188} INFO - [2024-04-09T08:57:34.392+0000] {dag.py:3954} INFO - Setting next_dagrun for example_short_circuit_operator to 2024-04-08 00:00:00+00:00, run_after=2024-04-09 00:00:00+00:00
[2024-04-09T08:57:34.403+0000] {processor.py:183} INFO - Processing /home/airflow/.local/lib/python3.12/site-packages/airflow/example_dags/example_short_circuit_operator.py took 0.045 seconds
[2024-04-09T08:58:04.452+0000] {processor.py:161} INFO - Started process (PID=3870) to work on /home/airflow/.local/lib/python3.12/site-packages/airflow/example_dags/example_short_circuit_operator.py
[2024-04-09T08:58:04.453+0000] {processor.py:830} INFO - Processing file /home/airflow/.local/lib/python3.12/site-packages/airflow/example_dags/example_short_circuit_operator.py for tasks to queue
[2024-04-09T08:58:04.454+0000] {logging_mixin.py:188} INFO - [2024-04-09T08:58:04.454+0000] {dagbag.py:540} INFO - Filling up the DagBag from /home/airflow/.local/lib/python3.12/site-packages/airflow/example_dags/example_short_circuit_operator.py
[2024-04-09T08:58:04.458+0000] {processor.py:840} INFO - DAG(s) 'example_short_circuit_operator' retrieved from /home/airflow/.local/lib/python3.12/site-packages/airflow/example_dags/example_short_circuit_operator.py
[2024-04-09T08:58:04.471+0000] {logging_mixin.py:188} INFO - [2024-04-09T08:58:04.471+0000] {dag.py:3096} INFO - Sync 1 DAGs
[2024-04-09T08:58:04.483+0000] {logging_mixin.py:188} INFO - [2024-04-09T08:58:04.483+0000] {dag.py:3954} INFO - Setting next_dagrun for example_short_circuit_operator to 2024-04-08 00:00:00+00:00, run_after=2024-04-09 00:00:00+00:00
[2024-04-09T08:58:04.495+0000] {processor.py:183} INFO - Processing /home/airflow/.local/lib/python3.12/site-packages/airflow/example_dags/example_short_circuit_operator.py took 0.046 seconds
[2024-04-09T08:58:34.589+0000] {processor.py:161} INFO - Started process (PID=3928) to work on /home/airflow/.local/lib/python3.12/site-packages/airflow/example_dags/example_short_circuit_operator.py
[2024-04-09T08:58:34.590+0000] {processor.py:830} INFO - Processing file /home/airflow/.local/lib/python3.12/site-packages/airflow/example_dags/example_short_circuit_operator.py for tasks to queue
[2024-04-09T08:58:34.591+0000] {logging_mixin.py:188} INFO - [2024-04-09T08:58:34.590+0000] {dagbag.py:540} INFO - Filling up the DagBag from /home/airflow/.local/lib/python3.12/site-packages/airflow/example_dags/example_short_circuit_operator.py
[2024-04-09T08:58:34.595+0000] {processor.py:840} INFO - DAG(s) 'example_short_circuit_operator' retrieved from /home/airflow/.local/lib/python3.12/site-packages/airflow/example_dags/example_short_circuit_operator.py
[2024-04-09T08:58:34.612+0000] {logging_mixin.py:188} INFO - [2024-04-09T08:58:34.612+0000] {dag.py:3096} INFO - Sync 1 DAGs
[2024-04-09T08:58:34.627+0000] {logging_mixin.py:188} INFO - [2024-04-09T08:58:34.627+0000] {dag.py:3954} INFO - Setting next_dagrun for example_short_circuit_operator to 2024-04-08 00:00:00+00:00, run_after=2024-04-09 00:00:00+00:00
[2024-04-09T08:58:34.642+0000] {processor.py:183} INFO - Processing /home/airflow/.local/lib/python3.12/site-packages/airflow/example_dags/example_short_circuit_operator.py took 0.056 seconds
