[2024-04-09T08:24:29.810+0000] {processor.py:161} INFO - Started process (PID=67) to work on /home/airflow/.local/lib/python3.12/site-packages/airflow/example_dags/example_bash_operator.py
[2024-04-09T08:24:29.811+0000] {processor.py:830} INFO - Processing file /home/airflow/.local/lib/python3.12/site-packages/airflow/example_dags/example_bash_operator.py for tasks to queue
[2024-04-09T08:24:29.813+0000] {logging_mixin.py:188} INFO - [2024-04-09T08:24:29.812+0000] {dagbag.py:540} INFO - Filling up the DagBag from /home/airflow/.local/lib/python3.12/site-packages/airflow/example_dags/example_bash_operator.py
[2024-04-09T08:24:29.829+0000] {processor.py:840} INFO - DAG(s) 'example_bash_operator' retrieved from /home/airflow/.local/lib/python3.12/site-packages/airflow/example_dags/example_bash_operator.py
[2024-04-09T08:24:29.839+0000] {logging_mixin.py:188} INFO - [2024-04-09T08:24:29.839+0000] {dag.py:3096} INFO - Sync 1 DAGs
[2024-04-09T08:24:29.857+0000] {logging_mixin.py:188} INFO - [2024-04-09T08:24:29.857+0000] {dag.py:3954} INFO - Setting next_dagrun for example_bash_operator to 2024-04-08 00:00:00+00:00, run_after=2024-04-09 00:00:00+00:00
[2024-04-09T08:24:29.869+0000] {processor.py:183} INFO - Processing /home/airflow/.local/lib/python3.12/site-packages/airflow/example_dags/example_bash_operator.py took 0.065 seconds
[2024-04-09T08:25:00.377+0000] {processor.py:161} INFO - Started process (PID=125) to work on /home/airflow/.local/lib/python3.12/site-packages/airflow/example_dags/example_bash_operator.py
[2024-04-09T08:25:00.378+0000] {processor.py:830} INFO - Processing file /home/airflow/.local/lib/python3.12/site-packages/airflow/example_dags/example_bash_operator.py for tasks to queue
[2024-04-09T08:25:00.379+0000] {logging_mixin.py:188} INFO - [2024-04-09T08:25:00.378+0000] {dagbag.py:540} INFO - Filling up the DagBag from /home/airflow/.local/lib/python3.12/site-packages/airflow/example_dags/example_bash_operator.py
[2024-04-09T08:25:00.385+0000] {processor.py:840} INFO - DAG(s) 'example_bash_operator' retrieved from /home/airflow/.local/lib/python3.12/site-packages/airflow/example_dags/example_bash_operator.py
[2024-04-09T08:25:00.448+0000] {logging_mixin.py:188} INFO - [2024-04-09T08:25:00.448+0000] {dag.py:3096} INFO - Sync 1 DAGs
[2024-04-09T08:25:00.460+0000] {logging_mixin.py:188} INFO - [2024-04-09T08:25:00.460+0000] {dag.py:3954} INFO - Setting next_dagrun for example_bash_operator to 2024-04-08 00:00:00+00:00, run_after=2024-04-09 00:00:00+00:00
[2024-04-09T08:25:00.471+0000] {processor.py:183} INFO - Processing /home/airflow/.local/lib/python3.12/site-packages/airflow/example_dags/example_bash_operator.py took 0.096 seconds
[2024-04-09T08:25:30.736+0000] {processor.py:161} INFO - Started process (PID=183) to work on /home/airflow/.local/lib/python3.12/site-packages/airflow/example_dags/example_bash_operator.py
[2024-04-09T08:25:30.736+0000] {processor.py:830} INFO - Processing file /home/airflow/.local/lib/python3.12/site-packages/airflow/example_dags/example_bash_operator.py for tasks to queue
[2024-04-09T08:25:30.737+0000] {logging_mixin.py:188} INFO - [2024-04-09T08:25:30.737+0000] {dagbag.py:540} INFO - Filling up the DagBag from /home/airflow/.local/lib/python3.12/site-packages/airflow/example_dags/example_bash_operator.py
[2024-04-09T08:25:30.743+0000] {processor.py:840} INFO - DAG(s) 'example_bash_operator' retrieved from /home/airflow/.local/lib/python3.12/site-packages/airflow/example_dags/example_bash_operator.py
[2024-04-09T08:25:30.758+0000] {logging_mixin.py:188} INFO - [2024-04-09T08:25:30.758+0000] {dag.py:3096} INFO - Sync 1 DAGs
[2024-04-09T08:25:30.772+0000] {logging_mixin.py:188} INFO - [2024-04-09T08:25:30.772+0000] {dag.py:3954} INFO - Setting next_dagrun for example_bash_operator to 2024-04-08 00:00:00+00:00, run_after=2024-04-09 00:00:00+00:00
[2024-04-09T08:25:30.784+0000] {processor.py:183} INFO - Processing /home/airflow/.local/lib/python3.12/site-packages/airflow/example_dags/example_bash_operator.py took 0.051 seconds
[2024-04-09T08:26:01.452+0000] {processor.py:161} INFO - Started process (PID=241) to work on /home/airflow/.local/lib/python3.12/site-packages/airflow/example_dags/example_bash_operator.py
[2024-04-09T08:26:01.452+0000] {processor.py:830} INFO - Processing file /home/airflow/.local/lib/python3.12/site-packages/airflow/example_dags/example_bash_operator.py for tasks to queue
[2024-04-09T08:26:01.453+0000] {logging_mixin.py:188} INFO - [2024-04-09T08:26:01.453+0000] {dagbag.py:540} INFO - Filling up the DagBag from /home/airflow/.local/lib/python3.12/site-packages/airflow/example_dags/example_bash_operator.py
[2024-04-09T08:26:01.460+0000] {processor.py:840} INFO - DAG(s) 'example_bash_operator' retrieved from /home/airflow/.local/lib/python3.12/site-packages/airflow/example_dags/example_bash_operator.py
[2024-04-09T08:26:01.476+0000] {logging_mixin.py:188} INFO - [2024-04-09T08:26:01.476+0000] {dag.py:3096} INFO - Sync 1 DAGs
[2024-04-09T08:26:01.490+0000] {logging_mixin.py:188} INFO - [2024-04-09T08:26:01.489+0000] {dag.py:3954} INFO - Setting next_dagrun for example_bash_operator to 2024-04-08 00:00:00+00:00, run_after=2024-04-09 00:00:00+00:00
[2024-04-09T08:26:01.501+0000] {processor.py:183} INFO - Processing /home/airflow/.local/lib/python3.12/site-packages/airflow/example_dags/example_bash_operator.py took 0.052 seconds
[2024-04-09T08:26:32.302+0000] {processor.py:161} INFO - Started process (PID=299) to work on /home/airflow/.local/lib/python3.12/site-packages/airflow/example_dags/example_bash_operator.py
[2024-04-09T08:26:32.303+0000] {processor.py:830} INFO - Processing file /home/airflow/.local/lib/python3.12/site-packages/airflow/example_dags/example_bash_operator.py for tasks to queue
[2024-04-09T08:26:32.304+0000] {logging_mixin.py:188} INFO - [2024-04-09T08:26:32.304+0000] {dagbag.py:540} INFO - Filling up the DagBag from /home/airflow/.local/lib/python3.12/site-packages/airflow/example_dags/example_bash_operator.py
[2024-04-09T08:26:32.310+0000] {processor.py:840} INFO - DAG(s) 'example_bash_operator' retrieved from /home/airflow/.local/lib/python3.12/site-packages/airflow/example_dags/example_bash_operator.py
[2024-04-09T08:26:32.326+0000] {logging_mixin.py:188} INFO - [2024-04-09T08:26:32.326+0000] {dag.py:3096} INFO - Sync 1 DAGs
[2024-04-09T08:26:32.339+0000] {logging_mixin.py:188} INFO - [2024-04-09T08:26:32.339+0000] {dag.py:3954} INFO - Setting next_dagrun for example_bash_operator to 2024-04-08 00:00:00+00:00, run_after=2024-04-09 00:00:00+00:00
[2024-04-09T08:26:32.351+0000] {processor.py:183} INFO - Processing /home/airflow/.local/lib/python3.12/site-packages/airflow/example_dags/example_bash_operator.py took 0.052 seconds
[2024-04-09T08:27:02.466+0000] {processor.py:161} INFO - Started process (PID=357) to work on /home/airflow/.local/lib/python3.12/site-packages/airflow/example_dags/example_bash_operator.py
[2024-04-09T08:27:02.466+0000] {processor.py:830} INFO - Processing file /home/airflow/.local/lib/python3.12/site-packages/airflow/example_dags/example_bash_operator.py for tasks to queue
[2024-04-09T08:27:02.467+0000] {logging_mixin.py:188} INFO - [2024-04-09T08:27:02.467+0000] {dagbag.py:540} INFO - Filling up the DagBag from /home/airflow/.local/lib/python3.12/site-packages/airflow/example_dags/example_bash_operator.py
[2024-04-09T08:27:02.475+0000] {processor.py:840} INFO - DAG(s) 'example_bash_operator' retrieved from /home/airflow/.local/lib/python3.12/site-packages/airflow/example_dags/example_bash_operator.py
[2024-04-09T08:27:02.494+0000] {logging_mixin.py:188} INFO - [2024-04-09T08:27:02.494+0000] {dag.py:3096} INFO - Sync 1 DAGs
[2024-04-09T08:27:02.513+0000] {logging_mixin.py:188} INFO - [2024-04-09T08:27:02.513+0000] {dag.py:3954} INFO - Setting next_dagrun for example_bash_operator to 2024-04-08 00:00:00+00:00, run_after=2024-04-09 00:00:00+00:00
[2024-04-09T08:27:02.525+0000] {processor.py:183} INFO - Processing /home/airflow/.local/lib/python3.12/site-packages/airflow/example_dags/example_bash_operator.py took 0.063 seconds
[2024-04-09T08:27:33.553+0000] {processor.py:161} INFO - Started process (PID=415) to work on /home/airflow/.local/lib/python3.12/site-packages/airflow/example_dags/example_bash_operator.py
[2024-04-09T08:27:33.553+0000] {processor.py:830} INFO - Processing file /home/airflow/.local/lib/python3.12/site-packages/airflow/example_dags/example_bash_operator.py for tasks to queue
[2024-04-09T08:27:33.554+0000] {logging_mixin.py:188} INFO - [2024-04-09T08:27:33.554+0000] {dagbag.py:540} INFO - Filling up the DagBag from /home/airflow/.local/lib/python3.12/site-packages/airflow/example_dags/example_bash_operator.py
[2024-04-09T08:27:33.560+0000] {processor.py:840} INFO - DAG(s) 'example_bash_operator' retrieved from /home/airflow/.local/lib/python3.12/site-packages/airflow/example_dags/example_bash_operator.py
[2024-04-09T08:27:33.576+0000] {logging_mixin.py:188} INFO - [2024-04-09T08:27:33.576+0000] {dag.py:3096} INFO - Sync 1 DAGs
[2024-04-09T08:27:33.589+0000] {logging_mixin.py:188} INFO - [2024-04-09T08:27:33.589+0000] {dag.py:3954} INFO - Setting next_dagrun for example_bash_operator to 2024-04-08 00:00:00+00:00, run_after=2024-04-09 00:00:00+00:00
[2024-04-09T08:27:33.599+0000] {processor.py:183} INFO - Processing /home/airflow/.local/lib/python3.12/site-packages/airflow/example_dags/example_bash_operator.py took 0.049 seconds
[2024-04-09T08:28:03.753+0000] {processor.py:161} INFO - Started process (PID=473) to work on /home/airflow/.local/lib/python3.12/site-packages/airflow/example_dags/example_bash_operator.py
[2024-04-09T08:28:03.754+0000] {processor.py:830} INFO - Processing file /home/airflow/.local/lib/python3.12/site-packages/airflow/example_dags/example_bash_operator.py for tasks to queue
[2024-04-09T08:28:03.755+0000] {logging_mixin.py:188} INFO - [2024-04-09T08:28:03.755+0000] {dagbag.py:540} INFO - Filling up the DagBag from /home/airflow/.local/lib/python3.12/site-packages/airflow/example_dags/example_bash_operator.py
[2024-04-09T08:28:03.761+0000] {processor.py:840} INFO - DAG(s) 'example_bash_operator' retrieved from /home/airflow/.local/lib/python3.12/site-packages/airflow/example_dags/example_bash_operator.py
[2024-04-09T08:28:03.777+0000] {logging_mixin.py:188} INFO - [2024-04-09T08:28:03.776+0000] {dag.py:3096} INFO - Sync 1 DAGs
[2024-04-09T08:28:03.790+0000] {logging_mixin.py:188} INFO - [2024-04-09T08:28:03.790+0000] {dag.py:3954} INFO - Setting next_dagrun for example_bash_operator to 2024-04-08 00:00:00+00:00, run_after=2024-04-09 00:00:00+00:00
[2024-04-09T08:28:03.801+0000] {processor.py:183} INFO - Processing /home/airflow/.local/lib/python3.12/site-packages/airflow/example_dags/example_bash_operator.py took 0.051 seconds
[2024-04-09T08:28:34.722+0000] {processor.py:161} INFO - Started process (PID=531) to work on /home/airflow/.local/lib/python3.12/site-packages/airflow/example_dags/example_bash_operator.py
[2024-04-09T08:28:34.723+0000] {processor.py:830} INFO - Processing file /home/airflow/.local/lib/python3.12/site-packages/airflow/example_dags/example_bash_operator.py for tasks to queue
[2024-04-09T08:28:34.724+0000] {logging_mixin.py:188} INFO - [2024-04-09T08:28:34.723+0000] {dagbag.py:540} INFO - Filling up the DagBag from /home/airflow/.local/lib/python3.12/site-packages/airflow/example_dags/example_bash_operator.py
[2024-04-09T08:28:34.730+0000] {processor.py:840} INFO - DAG(s) 'example_bash_operator' retrieved from /home/airflow/.local/lib/python3.12/site-packages/airflow/example_dags/example_bash_operator.py
[2024-04-09T08:28:34.746+0000] {logging_mixin.py:188} INFO - [2024-04-09T08:28:34.746+0000] {dag.py:3096} INFO - Sync 1 DAGs
[2024-04-09T08:28:34.760+0000] {logging_mixin.py:188} INFO - [2024-04-09T08:28:34.760+0000] {dag.py:3954} INFO - Setting next_dagrun for example_bash_operator to 2024-04-08 00:00:00+00:00, run_after=2024-04-09 00:00:00+00:00
[2024-04-09T08:28:34.770+0000] {processor.py:183} INFO - Processing /home/airflow/.local/lib/python3.12/site-packages/airflow/example_dags/example_bash_operator.py took 0.051 seconds
[2024-04-09T08:29:05.306+0000] {processor.py:161} INFO - Started process (PID=589) to work on /home/airflow/.local/lib/python3.12/site-packages/airflow/example_dags/example_bash_operator.py
[2024-04-09T08:29:05.306+0000] {processor.py:830} INFO - Processing file /home/airflow/.local/lib/python3.12/site-packages/airflow/example_dags/example_bash_operator.py for tasks to queue
[2024-04-09T08:29:05.307+0000] {logging_mixin.py:188} INFO - [2024-04-09T08:29:05.307+0000] {dagbag.py:540} INFO - Filling up the DagBag from /home/airflow/.local/lib/python3.12/site-packages/airflow/example_dags/example_bash_operator.py
[2024-04-09T08:29:05.314+0000] {processor.py:840} INFO - DAG(s) 'example_bash_operator' retrieved from /home/airflow/.local/lib/python3.12/site-packages/airflow/example_dags/example_bash_operator.py
[2024-04-09T08:29:05.331+0000] {logging_mixin.py:188} INFO - [2024-04-09T08:29:05.331+0000] {dag.py:3096} INFO - Sync 1 DAGs
[2024-04-09T08:29:05.346+0000] {logging_mixin.py:188} INFO - [2024-04-09T08:29:05.346+0000] {dag.py:3954} INFO - Setting next_dagrun for example_bash_operator to 2024-04-08 00:00:00+00:00, run_after=2024-04-09 00:00:00+00:00
[2024-04-09T08:29:05.359+0000] {processor.py:183} INFO - Processing /home/airflow/.local/lib/python3.12/site-packages/airflow/example_dags/example_bash_operator.py took 0.056 seconds
[2024-04-09T08:29:36.109+0000] {processor.py:161} INFO - Started process (PID=647) to work on /home/airflow/.local/lib/python3.12/site-packages/airflow/example_dags/example_bash_operator.py
[2024-04-09T08:29:36.110+0000] {processor.py:830} INFO - Processing file /home/airflow/.local/lib/python3.12/site-packages/airflow/example_dags/example_bash_operator.py for tasks to queue
[2024-04-09T08:29:36.111+0000] {logging_mixin.py:188} INFO - [2024-04-09T08:29:36.111+0000] {dagbag.py:540} INFO - Filling up the DagBag from /home/airflow/.local/lib/python3.12/site-packages/airflow/example_dags/example_bash_operator.py
[2024-04-09T08:29:36.117+0000] {processor.py:840} INFO - DAG(s) 'example_bash_operator' retrieved from /home/airflow/.local/lib/python3.12/site-packages/airflow/example_dags/example_bash_operator.py
[2024-04-09T08:29:36.133+0000] {logging_mixin.py:188} INFO - [2024-04-09T08:29:36.133+0000] {dag.py:3096} INFO - Sync 1 DAGs
[2024-04-09T08:29:36.147+0000] {logging_mixin.py:188} INFO - [2024-04-09T08:29:36.147+0000] {dag.py:3954} INFO - Setting next_dagrun for example_bash_operator to 2024-04-08 00:00:00+00:00, run_after=2024-04-09 00:00:00+00:00
[2024-04-09T08:29:36.157+0000] {processor.py:183} INFO - Processing /home/airflow/.local/lib/python3.12/site-packages/airflow/example_dags/example_bash_operator.py took 0.051 seconds
[2024-04-09T08:30:06.823+0000] {processor.py:161} INFO - Started process (PID=705) to work on /home/airflow/.local/lib/python3.12/site-packages/airflow/example_dags/example_bash_operator.py
[2024-04-09T08:30:06.824+0000] {processor.py:830} INFO - Processing file /home/airflow/.local/lib/python3.12/site-packages/airflow/example_dags/example_bash_operator.py for tasks to queue
[2024-04-09T08:30:06.825+0000] {logging_mixin.py:188} INFO - [2024-04-09T08:30:06.825+0000] {dagbag.py:540} INFO - Filling up the DagBag from /home/airflow/.local/lib/python3.12/site-packages/airflow/example_dags/example_bash_operator.py
[2024-04-09T08:30:06.831+0000] {processor.py:840} INFO - DAG(s) 'example_bash_operator' retrieved from /home/airflow/.local/lib/python3.12/site-packages/airflow/example_dags/example_bash_operator.py
[2024-04-09T08:30:06.847+0000] {logging_mixin.py:188} INFO - [2024-04-09T08:30:06.847+0000] {dag.py:3096} INFO - Sync 1 DAGs
[2024-04-09T08:30:06.860+0000] {logging_mixin.py:188} INFO - [2024-04-09T08:30:06.860+0000] {dag.py:3954} INFO - Setting next_dagrun for example_bash_operator to 2024-04-08 00:00:00+00:00, run_after=2024-04-09 00:00:00+00:00
[2024-04-09T08:30:06.870+0000] {processor.py:183} INFO - Processing /home/airflow/.local/lib/python3.12/site-packages/airflow/example_dags/example_bash_operator.py took 0.050 seconds
[2024-04-09T08:30:37.650+0000] {processor.py:161} INFO - Started process (PID=763) to work on /home/airflow/.local/lib/python3.12/site-packages/airflow/example_dags/example_bash_operator.py
[2024-04-09T08:30:37.650+0000] {processor.py:830} INFO - Processing file /home/airflow/.local/lib/python3.12/site-packages/airflow/example_dags/example_bash_operator.py for tasks to queue
[2024-04-09T08:30:37.651+0000] {logging_mixin.py:188} INFO - [2024-04-09T08:30:37.651+0000] {dagbag.py:540} INFO - Filling up the DagBag from /home/airflow/.local/lib/python3.12/site-packages/airflow/example_dags/example_bash_operator.py
[2024-04-09T08:30:37.658+0000] {processor.py:840} INFO - DAG(s) 'example_bash_operator' retrieved from /home/airflow/.local/lib/python3.12/site-packages/airflow/example_dags/example_bash_operator.py
[2024-04-09T08:30:37.675+0000] {logging_mixin.py:188} INFO - [2024-04-09T08:30:37.675+0000] {dag.py:3096} INFO - Sync 1 DAGs
[2024-04-09T08:30:37.688+0000] {logging_mixin.py:188} INFO - [2024-04-09T08:30:37.688+0000] {dag.py:3954} INFO - Setting next_dagrun for example_bash_operator to 2024-04-08 00:00:00+00:00, run_after=2024-04-09 00:00:00+00:00
[2024-04-09T08:30:37.700+0000] {processor.py:183} INFO - Processing /home/airflow/.local/lib/python3.12/site-packages/airflow/example_dags/example_bash_operator.py took 0.053 seconds
[2024-04-09T08:31:07.976+0000] {processor.py:161} INFO - Started process (PID=821) to work on /home/airflow/.local/lib/python3.12/site-packages/airflow/example_dags/example_bash_operator.py
[2024-04-09T08:31:07.977+0000] {processor.py:830} INFO - Processing file /home/airflow/.local/lib/python3.12/site-packages/airflow/example_dags/example_bash_operator.py for tasks to queue
[2024-04-09T08:31:07.978+0000] {logging_mixin.py:188} INFO - [2024-04-09T08:31:07.978+0000] {dagbag.py:540} INFO - Filling up the DagBag from /home/airflow/.local/lib/python3.12/site-packages/airflow/example_dags/example_bash_operator.py
[2024-04-09T08:31:07.988+0000] {processor.py:840} INFO - DAG(s) 'example_bash_operator' retrieved from /home/airflow/.local/lib/python3.12/site-packages/airflow/example_dags/example_bash_operator.py
[2024-04-09T08:31:08.009+0000] {logging_mixin.py:188} INFO - [2024-04-09T08:31:08.009+0000] {dag.py:3096} INFO - Sync 1 DAGs
[2024-04-09T08:31:08.028+0000] {logging_mixin.py:188} INFO - [2024-04-09T08:31:08.028+0000] {dag.py:3954} INFO - Setting next_dagrun for example_bash_operator to 2024-04-08 00:00:00+00:00, run_after=2024-04-09 00:00:00+00:00
[2024-04-09T08:31:08.040+0000] {processor.py:183} INFO - Processing /home/airflow/.local/lib/python3.12/site-packages/airflow/example_dags/example_bash_operator.py took 0.069 seconds
[2024-04-09T08:31:38.813+0000] {processor.py:161} INFO - Started process (PID=879) to work on /home/airflow/.local/lib/python3.12/site-packages/airflow/example_dags/example_bash_operator.py
[2024-04-09T08:31:38.813+0000] {processor.py:830} INFO - Processing file /home/airflow/.local/lib/python3.12/site-packages/airflow/example_dags/example_bash_operator.py for tasks to queue
[2024-04-09T08:31:38.815+0000] {logging_mixin.py:188} INFO - [2024-04-09T08:31:38.814+0000] {dagbag.py:540} INFO - Filling up the DagBag from /home/airflow/.local/lib/python3.12/site-packages/airflow/example_dags/example_bash_operator.py
[2024-04-09T08:31:38.822+0000] {processor.py:840} INFO - DAG(s) 'example_bash_operator' retrieved from /home/airflow/.local/lib/python3.12/site-packages/airflow/example_dags/example_bash_operator.py
[2024-04-09T08:31:38.840+0000] {logging_mixin.py:188} INFO - [2024-04-09T08:31:38.840+0000] {dag.py:3096} INFO - Sync 1 DAGs
[2024-04-09T08:31:38.855+0000] {logging_mixin.py:188} INFO - [2024-04-09T08:31:38.854+0000] {dag.py:3954} INFO - Setting next_dagrun for example_bash_operator to 2024-04-08 00:00:00+00:00, run_after=2024-04-09 00:00:00+00:00
[2024-04-09T08:31:38.866+0000] {processor.py:183} INFO - Processing /home/airflow/.local/lib/python3.12/site-packages/airflow/example_dags/example_bash_operator.py took 0.057 seconds
[2024-04-09T08:32:09.129+0000] {processor.py:161} INFO - Started process (PID=937) to work on /home/airflow/.local/lib/python3.12/site-packages/airflow/example_dags/example_bash_operator.py
[2024-04-09T08:32:09.130+0000] {processor.py:830} INFO - Processing file /home/airflow/.local/lib/python3.12/site-packages/airflow/example_dags/example_bash_operator.py for tasks to queue
[2024-04-09T08:32:09.131+0000] {logging_mixin.py:188} INFO - [2024-04-09T08:32:09.131+0000] {dagbag.py:540} INFO - Filling up the DagBag from /home/airflow/.local/lib/python3.12/site-packages/airflow/example_dags/example_bash_operator.py
[2024-04-09T08:32:09.137+0000] {processor.py:840} INFO - DAG(s) 'example_bash_operator' retrieved from /home/airflow/.local/lib/python3.12/site-packages/airflow/example_dags/example_bash_operator.py
[2024-04-09T08:32:09.153+0000] {logging_mixin.py:188} INFO - [2024-04-09T08:32:09.153+0000] {dag.py:3096} INFO - Sync 1 DAGs
[2024-04-09T08:32:09.168+0000] {logging_mixin.py:188} INFO - [2024-04-09T08:32:09.168+0000] {dag.py:3954} INFO - Setting next_dagrun for example_bash_operator to 2024-04-08 00:00:00+00:00, run_after=2024-04-09 00:00:00+00:00
[2024-04-09T08:32:09.178+0000] {processor.py:183} INFO - Processing /home/airflow/.local/lib/python3.12/site-packages/airflow/example_dags/example_bash_operator.py took 0.052 seconds
[2024-04-09T08:32:39.549+0000] {processor.py:161} INFO - Started process (PID=995) to work on /home/airflow/.local/lib/python3.12/site-packages/airflow/example_dags/example_bash_operator.py
[2024-04-09T08:32:39.550+0000] {processor.py:830} INFO - Processing file /home/airflow/.local/lib/python3.12/site-packages/airflow/example_dags/example_bash_operator.py for tasks to queue
[2024-04-09T08:32:39.551+0000] {logging_mixin.py:188} INFO - [2024-04-09T08:32:39.550+0000] {dagbag.py:540} INFO - Filling up the DagBag from /home/airflow/.local/lib/python3.12/site-packages/airflow/example_dags/example_bash_operator.py
[2024-04-09T08:32:39.557+0000] {processor.py:840} INFO - DAG(s) 'example_bash_operator' retrieved from /home/airflow/.local/lib/python3.12/site-packages/airflow/example_dags/example_bash_operator.py
[2024-04-09T08:32:39.574+0000] {logging_mixin.py:188} INFO - [2024-04-09T08:32:39.574+0000] {dag.py:3096} INFO - Sync 1 DAGs
[2024-04-09T08:32:39.701+0000] {logging_mixin.py:188} INFO - [2024-04-09T08:32:39.701+0000] {dag.py:3954} INFO - Setting next_dagrun for example_bash_operator to 2024-04-08 00:00:00+00:00, run_after=2024-04-09 00:00:00+00:00
[2024-04-09T08:32:39.712+0000] {processor.py:183} INFO - Processing /home/airflow/.local/lib/python3.12/site-packages/airflow/example_dags/example_bash_operator.py took 0.166 seconds
[2024-04-09T08:33:10.663+0000] {processor.py:161} INFO - Started process (PID=1053) to work on /home/airflow/.local/lib/python3.12/site-packages/airflow/example_dags/example_bash_operator.py
[2024-04-09T08:33:10.664+0000] {processor.py:830} INFO - Processing file /home/airflow/.local/lib/python3.12/site-packages/airflow/example_dags/example_bash_operator.py for tasks to queue
[2024-04-09T08:33:10.665+0000] {logging_mixin.py:188} INFO - [2024-04-09T08:33:10.664+0000] {dagbag.py:540} INFO - Filling up the DagBag from /home/airflow/.local/lib/python3.12/site-packages/airflow/example_dags/example_bash_operator.py
[2024-04-09T08:33:10.674+0000] {processor.py:840} INFO - DAG(s) 'example_bash_operator' retrieved from /home/airflow/.local/lib/python3.12/site-packages/airflow/example_dags/example_bash_operator.py
[2024-04-09T08:33:10.693+0000] {logging_mixin.py:188} INFO - [2024-04-09T08:33:10.693+0000] {dag.py:3096} INFO - Sync 1 DAGs
[2024-04-09T08:33:10.710+0000] {logging_mixin.py:188} INFO - [2024-04-09T08:33:10.710+0000] {dag.py:3954} INFO - Setting next_dagrun for example_bash_operator to 2024-04-08 00:00:00+00:00, run_after=2024-04-09 00:00:00+00:00
[2024-04-09T08:33:10.850+0000] {processor.py:183} INFO - Processing /home/airflow/.local/lib/python3.12/site-packages/airflow/example_dags/example_bash_operator.py took 0.190 seconds
[2024-04-09T08:33:41.623+0000] {processor.py:161} INFO - Started process (PID=1111) to work on /home/airflow/.local/lib/python3.12/site-packages/airflow/example_dags/example_bash_operator.py
[2024-04-09T08:33:41.624+0000] {processor.py:830} INFO - Processing file /home/airflow/.local/lib/python3.12/site-packages/airflow/example_dags/example_bash_operator.py for tasks to queue
[2024-04-09T08:33:41.625+0000] {logging_mixin.py:188} INFO - [2024-04-09T08:33:41.625+0000] {dagbag.py:540} INFO - Filling up the DagBag from /home/airflow/.local/lib/python3.12/site-packages/airflow/example_dags/example_bash_operator.py
[2024-04-09T08:33:41.632+0000] {processor.py:840} INFO - DAG(s) 'example_bash_operator' retrieved from /home/airflow/.local/lib/python3.12/site-packages/airflow/example_dags/example_bash_operator.py
[2024-04-09T08:33:41.648+0000] {logging_mixin.py:188} INFO - [2024-04-09T08:33:41.648+0000] {dag.py:3096} INFO - Sync 1 DAGs
[2024-04-09T08:33:41.662+0000] {logging_mixin.py:188} INFO - [2024-04-09T08:33:41.662+0000] {dag.py:3954} INFO - Setting next_dagrun for example_bash_operator to 2024-04-08 00:00:00+00:00, run_after=2024-04-09 00:00:00+00:00
[2024-04-09T08:33:41.786+0000] {processor.py:183} INFO - Processing /home/airflow/.local/lib/python3.12/site-packages/airflow/example_dags/example_bash_operator.py took 0.166 seconds
[2024-04-09T08:34:12.249+0000] {processor.py:161} INFO - Started process (PID=1169) to work on /home/airflow/.local/lib/python3.12/site-packages/airflow/example_dags/example_bash_operator.py
[2024-04-09T08:34:12.250+0000] {processor.py:830} INFO - Processing file /home/airflow/.local/lib/python3.12/site-packages/airflow/example_dags/example_bash_operator.py for tasks to queue
[2024-04-09T08:34:12.251+0000] {logging_mixin.py:188} INFO - [2024-04-09T08:34:12.250+0000] {dagbag.py:540} INFO - Filling up the DagBag from /home/airflow/.local/lib/python3.12/site-packages/airflow/example_dags/example_bash_operator.py
[2024-04-09T08:34:12.257+0000] {processor.py:840} INFO - DAG(s) 'example_bash_operator' retrieved from /home/airflow/.local/lib/python3.12/site-packages/airflow/example_dags/example_bash_operator.py
[2024-04-09T08:34:12.275+0000] {logging_mixin.py:188} INFO - [2024-04-09T08:34:12.274+0000] {dag.py:3096} INFO - Sync 1 DAGs
[2024-04-09T08:34:12.290+0000] {logging_mixin.py:188} INFO - [2024-04-09T08:34:12.290+0000] {dag.py:3954} INFO - Setting next_dagrun for example_bash_operator to 2024-04-08 00:00:00+00:00, run_after=2024-04-09 00:00:00+00:00
[2024-04-09T08:34:12.302+0000] {processor.py:183} INFO - Processing /home/airflow/.local/lib/python3.12/site-packages/airflow/example_dags/example_bash_operator.py took 0.056 seconds
[2024-04-09T08:34:43.275+0000] {processor.py:161} INFO - Started process (PID=1227) to work on /home/airflow/.local/lib/python3.12/site-packages/airflow/example_dags/example_bash_operator.py
[2024-04-09T08:34:43.276+0000] {processor.py:830} INFO - Processing file /home/airflow/.local/lib/python3.12/site-packages/airflow/example_dags/example_bash_operator.py for tasks to queue
[2024-04-09T08:34:43.277+0000] {logging_mixin.py:188} INFO - [2024-04-09T08:34:43.276+0000] {dagbag.py:540} INFO - Filling up the DagBag from /home/airflow/.local/lib/python3.12/site-packages/airflow/example_dags/example_bash_operator.py
[2024-04-09T08:34:43.283+0000] {processor.py:840} INFO - DAG(s) 'example_bash_operator' retrieved from /home/airflow/.local/lib/python3.12/site-packages/airflow/example_dags/example_bash_operator.py
[2024-04-09T08:34:43.299+0000] {logging_mixin.py:188} INFO - [2024-04-09T08:34:43.299+0000] {dag.py:3096} INFO - Sync 1 DAGs
[2024-04-09T08:34:43.313+0000] {logging_mixin.py:188} INFO - [2024-04-09T08:34:43.313+0000] {dag.py:3954} INFO - Setting next_dagrun for example_bash_operator to 2024-04-08 00:00:00+00:00, run_after=2024-04-09 00:00:00+00:00
[2024-04-09T08:34:43.325+0000] {processor.py:183} INFO - Processing /home/airflow/.local/lib/python3.12/site-packages/airflow/example_dags/example_bash_operator.py took 0.053 seconds
[2024-04-09T08:35:13.476+0000] {processor.py:161} INFO - Started process (PID=1285) to work on /home/airflow/.local/lib/python3.12/site-packages/airflow/example_dags/example_bash_operator.py
[2024-04-09T08:35:13.476+0000] {processor.py:830} INFO - Processing file /home/airflow/.local/lib/python3.12/site-packages/airflow/example_dags/example_bash_operator.py for tasks to queue
[2024-04-09T08:35:13.477+0000] {logging_mixin.py:188} INFO - [2024-04-09T08:35:13.477+0000] {dagbag.py:540} INFO - Filling up the DagBag from /home/airflow/.local/lib/python3.12/site-packages/airflow/example_dags/example_bash_operator.py
[2024-04-09T08:35:13.484+0000] {processor.py:840} INFO - DAG(s) 'example_bash_operator' retrieved from /home/airflow/.local/lib/python3.12/site-packages/airflow/example_dags/example_bash_operator.py
[2024-04-09T08:35:13.504+0000] {logging_mixin.py:188} INFO - [2024-04-09T08:35:13.504+0000] {dag.py:3096} INFO - Sync 1 DAGs
[2024-04-09T08:35:13.519+0000] {logging_mixin.py:188} INFO - [2024-04-09T08:35:13.518+0000] {dag.py:3954} INFO - Setting next_dagrun for example_bash_operator to 2024-04-08 00:00:00+00:00, run_after=2024-04-09 00:00:00+00:00
[2024-04-09T08:35:13.530+0000] {processor.py:183} INFO - Processing /home/airflow/.local/lib/python3.12/site-packages/airflow/example_dags/example_bash_operator.py took 0.059 seconds
[2024-04-09T08:35:44.445+0000] {processor.py:161} INFO - Started process (PID=1343) to work on /home/airflow/.local/lib/python3.12/site-packages/airflow/example_dags/example_bash_operator.py
[2024-04-09T08:35:44.446+0000] {processor.py:830} INFO - Processing file /home/airflow/.local/lib/python3.12/site-packages/airflow/example_dags/example_bash_operator.py for tasks to queue
[2024-04-09T08:35:44.447+0000] {logging_mixin.py:188} INFO - [2024-04-09T08:35:44.446+0000] {dagbag.py:540} INFO - Filling up the DagBag from /home/airflow/.local/lib/python3.12/site-packages/airflow/example_dags/example_bash_operator.py
[2024-04-09T08:35:44.453+0000] {processor.py:840} INFO - DAG(s) 'example_bash_operator' retrieved from /home/airflow/.local/lib/python3.12/site-packages/airflow/example_dags/example_bash_operator.py
[2024-04-09T08:35:44.468+0000] {logging_mixin.py:188} INFO - [2024-04-09T08:35:44.468+0000] {dag.py:3096} INFO - Sync 1 DAGs
[2024-04-09T08:35:44.482+0000] {logging_mixin.py:188} INFO - [2024-04-09T08:35:44.482+0000] {dag.py:3954} INFO - Setting next_dagrun for example_bash_operator to 2024-04-08 00:00:00+00:00, run_after=2024-04-09 00:00:00+00:00
[2024-04-09T08:35:44.492+0000] {processor.py:183} INFO - Processing /home/airflow/.local/lib/python3.12/site-packages/airflow/example_dags/example_bash_operator.py took 0.050 seconds
[2024-04-09T08:36:15.271+0000] {processor.py:161} INFO - Started process (PID=1401) to work on /home/airflow/.local/lib/python3.12/site-packages/airflow/example_dags/example_bash_operator.py
[2024-04-09T08:36:15.271+0000] {processor.py:830} INFO - Processing file /home/airflow/.local/lib/python3.12/site-packages/airflow/example_dags/example_bash_operator.py for tasks to queue
[2024-04-09T08:36:15.272+0000] {logging_mixin.py:188} INFO - [2024-04-09T08:36:15.272+0000] {dagbag.py:540} INFO - Filling up the DagBag from /home/airflow/.local/lib/python3.12/site-packages/airflow/example_dags/example_bash_operator.py
[2024-04-09T08:36:15.278+0000] {processor.py:840} INFO - DAG(s) 'example_bash_operator' retrieved from /home/airflow/.local/lib/python3.12/site-packages/airflow/example_dags/example_bash_operator.py
[2024-04-09T08:36:15.293+0000] {logging_mixin.py:188} INFO - [2024-04-09T08:36:15.293+0000] {dag.py:3096} INFO - Sync 1 DAGs
[2024-04-09T08:36:15.306+0000] {logging_mixin.py:188} INFO - [2024-04-09T08:36:15.306+0000] {dag.py:3954} INFO - Setting next_dagrun for example_bash_operator to 2024-04-08 00:00:00+00:00, run_after=2024-04-09 00:00:00+00:00
[2024-04-09T08:36:15.319+0000] {processor.py:183} INFO - Processing /home/airflow/.local/lib/python3.12/site-packages/airflow/example_dags/example_bash_operator.py took 0.051 seconds
[2024-04-09T08:36:45.816+0000] {processor.py:161} INFO - Started process (PID=1459) to work on /home/airflow/.local/lib/python3.12/site-packages/airflow/example_dags/example_bash_operator.py
[2024-04-09T08:36:45.816+0000] {processor.py:830} INFO - Processing file /home/airflow/.local/lib/python3.12/site-packages/airflow/example_dags/example_bash_operator.py for tasks to queue
[2024-04-09T08:36:45.817+0000] {logging_mixin.py:188} INFO - [2024-04-09T08:36:45.817+0000] {dagbag.py:540} INFO - Filling up the DagBag from /home/airflow/.local/lib/python3.12/site-packages/airflow/example_dags/example_bash_operator.py
[2024-04-09T08:36:45.824+0000] {processor.py:840} INFO - DAG(s) 'example_bash_operator' retrieved from /home/airflow/.local/lib/python3.12/site-packages/airflow/example_dags/example_bash_operator.py
[2024-04-09T08:36:45.840+0000] {logging_mixin.py:188} INFO - [2024-04-09T08:36:45.840+0000] {dag.py:3096} INFO - Sync 1 DAGs
[2024-04-09T08:36:45.853+0000] {logging_mixin.py:188} INFO - [2024-04-09T08:36:45.853+0000] {dag.py:3954} INFO - Setting next_dagrun for example_bash_operator to 2024-04-08 00:00:00+00:00, run_after=2024-04-09 00:00:00+00:00
[2024-04-09T08:36:45.866+0000] {processor.py:183} INFO - Processing /home/airflow/.local/lib/python3.12/site-packages/airflow/example_dags/example_bash_operator.py took 0.053 seconds
[2024-04-09T08:37:16.440+0000] {processor.py:161} INFO - Started process (PID=1517) to work on /home/airflow/.local/lib/python3.12/site-packages/airflow/example_dags/example_bash_operator.py
[2024-04-09T08:37:16.440+0000] {processor.py:830} INFO - Processing file /home/airflow/.local/lib/python3.12/site-packages/airflow/example_dags/example_bash_operator.py for tasks to queue
[2024-04-09T08:37:16.441+0000] {logging_mixin.py:188} INFO - [2024-04-09T08:37:16.441+0000] {dagbag.py:540} INFO - Filling up the DagBag from /home/airflow/.local/lib/python3.12/site-packages/airflow/example_dags/example_bash_operator.py
[2024-04-09T08:37:16.447+0000] {processor.py:840} INFO - DAG(s) 'example_bash_operator' retrieved from /home/airflow/.local/lib/python3.12/site-packages/airflow/example_dags/example_bash_operator.py
[2024-04-09T08:37:16.462+0000] {logging_mixin.py:188} INFO - [2024-04-09T08:37:16.462+0000] {dag.py:3096} INFO - Sync 1 DAGs
[2024-04-09T08:37:16.475+0000] {logging_mixin.py:188} INFO - [2024-04-09T08:37:16.475+0000] {dag.py:3954} INFO - Setting next_dagrun for example_bash_operator to 2024-04-08 00:00:00+00:00, run_after=2024-04-09 00:00:00+00:00
[2024-04-09T08:37:16.486+0000] {processor.py:183} INFO - Processing /home/airflow/.local/lib/python3.12/site-packages/airflow/example_dags/example_bash_operator.py took 0.049 seconds
[2024-04-09T08:37:46.984+0000] {processor.py:161} INFO - Started process (PID=1575) to work on /home/airflow/.local/lib/python3.12/site-packages/airflow/example_dags/example_bash_operator.py
[2024-04-09T08:37:46.984+0000] {processor.py:830} INFO - Processing file /home/airflow/.local/lib/python3.12/site-packages/airflow/example_dags/example_bash_operator.py for tasks to queue
[2024-04-09T08:37:46.985+0000] {logging_mixin.py:188} INFO - [2024-04-09T08:37:46.985+0000] {dagbag.py:540} INFO - Filling up the DagBag from /home/airflow/.local/lib/python3.12/site-packages/airflow/example_dags/example_bash_operator.py
[2024-04-09T08:37:46.992+0000] {processor.py:840} INFO - DAG(s) 'example_bash_operator' retrieved from /home/airflow/.local/lib/python3.12/site-packages/airflow/example_dags/example_bash_operator.py
[2024-04-09T08:37:47.010+0000] {logging_mixin.py:188} INFO - [2024-04-09T08:37:47.010+0000] {dag.py:3096} INFO - Sync 1 DAGs
[2024-04-09T08:37:47.025+0000] {logging_mixin.py:188} INFO - [2024-04-09T08:37:47.025+0000] {dag.py:3954} INFO - Setting next_dagrun for example_bash_operator to 2024-04-08 00:00:00+00:00, run_after=2024-04-09 00:00:00+00:00
[2024-04-09T08:37:47.038+0000] {processor.py:183} INFO - Processing /home/airflow/.local/lib/python3.12/site-packages/airflow/example_dags/example_bash_operator.py took 0.059 seconds
[2024-04-09T08:38:17.594+0000] {processor.py:161} INFO - Started process (PID=1633) to work on /home/airflow/.local/lib/python3.12/site-packages/airflow/example_dags/example_bash_operator.py
[2024-04-09T08:38:17.595+0000] {processor.py:830} INFO - Processing file /home/airflow/.local/lib/python3.12/site-packages/airflow/example_dags/example_bash_operator.py for tasks to queue
[2024-04-09T08:38:17.596+0000] {logging_mixin.py:188} INFO - [2024-04-09T08:38:17.596+0000] {dagbag.py:540} INFO - Filling up the DagBag from /home/airflow/.local/lib/python3.12/site-packages/airflow/example_dags/example_bash_operator.py
[2024-04-09T08:38:17.602+0000] {processor.py:840} INFO - DAG(s) 'example_bash_operator' retrieved from /home/airflow/.local/lib/python3.12/site-packages/airflow/example_dags/example_bash_operator.py
[2024-04-09T08:38:17.618+0000] {logging_mixin.py:188} INFO - [2024-04-09T08:38:17.618+0000] {dag.py:3096} INFO - Sync 1 DAGs
[2024-04-09T08:38:17.631+0000] {logging_mixin.py:188} INFO - [2024-04-09T08:38:17.631+0000] {dag.py:3954} INFO - Setting next_dagrun for example_bash_operator to 2024-04-08 00:00:00+00:00, run_after=2024-04-09 00:00:00+00:00
[2024-04-09T08:38:17.643+0000] {processor.py:183} INFO - Processing /home/airflow/.local/lib/python3.12/site-packages/airflow/example_dags/example_bash_operator.py took 0.052 seconds
[2024-04-09T08:38:48.321+0000] {processor.py:161} INFO - Started process (PID=1697) to work on /home/airflow/.local/lib/python3.12/site-packages/airflow/example_dags/example_bash_operator.py
[2024-04-09T08:38:48.322+0000] {processor.py:830} INFO - Processing file /home/airflow/.local/lib/python3.12/site-packages/airflow/example_dags/example_bash_operator.py for tasks to queue
[2024-04-09T08:38:48.323+0000] {logging_mixin.py:188} INFO - [2024-04-09T08:38:48.323+0000] {dagbag.py:540} INFO - Filling up the DagBag from /home/airflow/.local/lib/python3.12/site-packages/airflow/example_dags/example_bash_operator.py
[2024-04-09T08:38:48.329+0000] {processor.py:840} INFO - DAG(s) 'example_bash_operator' retrieved from /home/airflow/.local/lib/python3.12/site-packages/airflow/example_dags/example_bash_operator.py
[2024-04-09T08:38:48.344+0000] {logging_mixin.py:188} INFO - [2024-04-09T08:38:48.344+0000] {dag.py:3096} INFO - Sync 1 DAGs
[2024-04-09T08:38:48.356+0000] {logging_mixin.py:188} INFO - [2024-04-09T08:38:48.356+0000] {dag.py:3954} INFO - Setting next_dagrun for example_bash_operator to 2024-04-08 00:00:00+00:00, run_after=2024-04-09 00:00:00+00:00
[2024-04-09T08:38:48.369+0000] {processor.py:183} INFO - Processing /home/airflow/.local/lib/python3.12/site-packages/airflow/example_dags/example_bash_operator.py took 0.051 seconds
[2024-04-09T08:39:18.974+0000] {processor.py:161} INFO - Started process (PID=1755) to work on /home/airflow/.local/lib/python3.12/site-packages/airflow/example_dags/example_bash_operator.py
[2024-04-09T08:39:18.975+0000] {processor.py:830} INFO - Processing file /home/airflow/.local/lib/python3.12/site-packages/airflow/example_dags/example_bash_operator.py for tasks to queue
[2024-04-09T08:39:18.976+0000] {logging_mixin.py:188} INFO - [2024-04-09T08:39:18.975+0000] {dagbag.py:540} INFO - Filling up the DagBag from /home/airflow/.local/lib/python3.12/site-packages/airflow/example_dags/example_bash_operator.py
[2024-04-09T08:39:18.982+0000] {processor.py:840} INFO - DAG(s) 'example_bash_operator' retrieved from /home/airflow/.local/lib/python3.12/site-packages/airflow/example_dags/example_bash_operator.py
[2024-04-09T08:39:18.998+0000] {logging_mixin.py:188} INFO - [2024-04-09T08:39:18.998+0000] {dag.py:3096} INFO - Sync 1 DAGs
[2024-04-09T08:39:19.012+0000] {logging_mixin.py:188} INFO - [2024-04-09T08:39:19.012+0000] {dag.py:3954} INFO - Setting next_dagrun for example_bash_operator to 2024-04-08 00:00:00+00:00, run_after=2024-04-09 00:00:00+00:00
[2024-04-09T08:39:19.025+0000] {processor.py:183} INFO - Processing /home/airflow/.local/lib/python3.12/site-packages/airflow/example_dags/example_bash_operator.py took 0.054 seconds
[2024-04-09T08:39:49.690+0000] {processor.py:161} INFO - Started process (PID=1813) to work on /home/airflow/.local/lib/python3.12/site-packages/airflow/example_dags/example_bash_operator.py
[2024-04-09T08:39:49.690+0000] {processor.py:830} INFO - Processing file /home/airflow/.local/lib/python3.12/site-packages/airflow/example_dags/example_bash_operator.py for tasks to queue
[2024-04-09T08:39:49.691+0000] {logging_mixin.py:188} INFO - [2024-04-09T08:39:49.691+0000] {dagbag.py:540} INFO - Filling up the DagBag from /home/airflow/.local/lib/python3.12/site-packages/airflow/example_dags/example_bash_operator.py
[2024-04-09T08:39:49.698+0000] {processor.py:840} INFO - DAG(s) 'example_bash_operator' retrieved from /home/airflow/.local/lib/python3.12/site-packages/airflow/example_dags/example_bash_operator.py
[2024-04-09T08:39:49.713+0000] {logging_mixin.py:188} INFO - [2024-04-09T08:39:49.713+0000] {dag.py:3096} INFO - Sync 1 DAGs
[2024-04-09T08:39:49.725+0000] {logging_mixin.py:188} INFO - [2024-04-09T08:39:49.725+0000] {dag.py:3954} INFO - Setting next_dagrun for example_bash_operator to 2024-04-08 00:00:00+00:00, run_after=2024-04-09 00:00:00+00:00
[2024-04-09T08:39:49.738+0000] {processor.py:183} INFO - Processing /home/airflow/.local/lib/python3.12/site-packages/airflow/example_dags/example_bash_operator.py took 0.051 seconds
[2024-04-09T08:40:20.357+0000] {processor.py:161} INFO - Started process (PID=1871) to work on /home/airflow/.local/lib/python3.12/site-packages/airflow/example_dags/example_bash_operator.py
[2024-04-09T08:40:20.358+0000] {processor.py:830} INFO - Processing file /home/airflow/.local/lib/python3.12/site-packages/airflow/example_dags/example_bash_operator.py for tasks to queue
[2024-04-09T08:40:20.359+0000] {logging_mixin.py:188} INFO - [2024-04-09T08:40:20.359+0000] {dagbag.py:540} INFO - Filling up the DagBag from /home/airflow/.local/lib/python3.12/site-packages/airflow/example_dags/example_bash_operator.py
[2024-04-09T08:40:20.365+0000] {processor.py:840} INFO - DAG(s) 'example_bash_operator' retrieved from /home/airflow/.local/lib/python3.12/site-packages/airflow/example_dags/example_bash_operator.py
[2024-04-09T08:40:20.380+0000] {logging_mixin.py:188} INFO - [2024-04-09T08:40:20.380+0000] {dag.py:3096} INFO - Sync 1 DAGs
[2024-04-09T08:40:20.394+0000] {logging_mixin.py:188} INFO - [2024-04-09T08:40:20.393+0000] {dag.py:3954} INFO - Setting next_dagrun for example_bash_operator to 2024-04-08 00:00:00+00:00, run_after=2024-04-09 00:00:00+00:00
[2024-04-09T08:40:20.405+0000] {processor.py:183} INFO - Processing /home/airflow/.local/lib/python3.12/site-packages/airflow/example_dags/example_bash_operator.py took 0.051 seconds
[2024-04-09T08:40:50.977+0000] {processor.py:161} INFO - Started process (PID=1929) to work on /home/airflow/.local/lib/python3.12/site-packages/airflow/example_dags/example_bash_operator.py
[2024-04-09T08:40:50.978+0000] {processor.py:830} INFO - Processing file /home/airflow/.local/lib/python3.12/site-packages/airflow/example_dags/example_bash_operator.py for tasks to queue
[2024-04-09T08:40:50.979+0000] {logging_mixin.py:188} INFO - [2024-04-09T08:40:50.978+0000] {dagbag.py:540} INFO - Filling up the DagBag from /home/airflow/.local/lib/python3.12/site-packages/airflow/example_dags/example_bash_operator.py
[2024-04-09T08:40:50.985+0000] {processor.py:840} INFO - DAG(s) 'example_bash_operator' retrieved from /home/airflow/.local/lib/python3.12/site-packages/airflow/example_dags/example_bash_operator.py
[2024-04-09T08:40:51.001+0000] {logging_mixin.py:188} INFO - [2024-04-09T08:40:51.001+0000] {dag.py:3096} INFO - Sync 1 DAGs
[2024-04-09T08:40:51.014+0000] {logging_mixin.py:188} INFO - [2024-04-09T08:40:51.014+0000] {dag.py:3954} INFO - Setting next_dagrun for example_bash_operator to 2024-04-08 00:00:00+00:00, run_after=2024-04-09 00:00:00+00:00
[2024-04-09T08:40:51.027+0000] {processor.py:183} INFO - Processing /home/airflow/.local/lib/python3.12/site-packages/airflow/example_dags/example_bash_operator.py took 0.052 seconds
[2024-04-09T08:41:21.753+0000] {processor.py:161} INFO - Started process (PID=1987) to work on /home/airflow/.local/lib/python3.12/site-packages/airflow/example_dags/example_bash_operator.py
[2024-04-09T08:41:21.754+0000] {processor.py:830} INFO - Processing file /home/airflow/.local/lib/python3.12/site-packages/airflow/example_dags/example_bash_operator.py for tasks to queue
[2024-04-09T08:41:21.755+0000] {logging_mixin.py:188} INFO - [2024-04-09T08:41:21.754+0000] {dagbag.py:540} INFO - Filling up the DagBag from /home/airflow/.local/lib/python3.12/site-packages/airflow/example_dags/example_bash_operator.py
[2024-04-09T08:41:21.761+0000] {processor.py:840} INFO - DAG(s) 'example_bash_operator' retrieved from /home/airflow/.local/lib/python3.12/site-packages/airflow/example_dags/example_bash_operator.py
[2024-04-09T08:41:21.776+0000] {logging_mixin.py:188} INFO - [2024-04-09T08:41:21.776+0000] {dag.py:3096} INFO - Sync 1 DAGs
[2024-04-09T08:41:21.789+0000] {logging_mixin.py:188} INFO - [2024-04-09T08:41:21.789+0000] {dag.py:3954} INFO - Setting next_dagrun for example_bash_operator to 2024-04-08 00:00:00+00:00, run_after=2024-04-09 00:00:00+00:00
[2024-04-09T08:41:21.801+0000] {processor.py:183} INFO - Processing /home/airflow/.local/lib/python3.12/site-packages/airflow/example_dags/example_bash_operator.py took 0.051 seconds
[2024-04-09T08:41:52.364+0000] {processor.py:161} INFO - Started process (PID=2045) to work on /home/airflow/.local/lib/python3.12/site-packages/airflow/example_dags/example_bash_operator.py
[2024-04-09T08:41:52.364+0000] {processor.py:830} INFO - Processing file /home/airflow/.local/lib/python3.12/site-packages/airflow/example_dags/example_bash_operator.py for tasks to queue
[2024-04-09T08:41:52.365+0000] {logging_mixin.py:188} INFO - [2024-04-09T08:41:52.365+0000] {dagbag.py:540} INFO - Filling up the DagBag from /home/airflow/.local/lib/python3.12/site-packages/airflow/example_dags/example_bash_operator.py
[2024-04-09T08:41:52.371+0000] {processor.py:840} INFO - DAG(s) 'example_bash_operator' retrieved from /home/airflow/.local/lib/python3.12/site-packages/airflow/example_dags/example_bash_operator.py
[2024-04-09T08:41:52.387+0000] {logging_mixin.py:188} INFO - [2024-04-09T08:41:52.387+0000] {dag.py:3096} INFO - Sync 1 DAGs
[2024-04-09T08:41:52.400+0000] {logging_mixin.py:188} INFO - [2024-04-09T08:41:52.399+0000] {dag.py:3954} INFO - Setting next_dagrun for example_bash_operator to 2024-04-08 00:00:00+00:00, run_after=2024-04-09 00:00:00+00:00
[2024-04-09T08:41:52.412+0000] {processor.py:183} INFO - Processing /home/airflow/.local/lib/python3.12/site-packages/airflow/example_dags/example_bash_operator.py took 0.051 seconds
[2024-04-09T08:42:23.004+0000] {processor.py:161} INFO - Started process (PID=2103) to work on /home/airflow/.local/lib/python3.12/site-packages/airflow/example_dags/example_bash_operator.py
[2024-04-09T08:42:23.004+0000] {processor.py:830} INFO - Processing file /home/airflow/.local/lib/python3.12/site-packages/airflow/example_dags/example_bash_operator.py for tasks to queue
[2024-04-09T08:42:23.005+0000] {logging_mixin.py:188} INFO - [2024-04-09T08:42:23.005+0000] {dagbag.py:540} INFO - Filling up the DagBag from /home/airflow/.local/lib/python3.12/site-packages/airflow/example_dags/example_bash_operator.py
[2024-04-09T08:42:23.012+0000] {processor.py:840} INFO - DAG(s) 'example_bash_operator' retrieved from /home/airflow/.local/lib/python3.12/site-packages/airflow/example_dags/example_bash_operator.py
[2024-04-09T08:42:23.029+0000] {logging_mixin.py:188} INFO - [2024-04-09T08:42:23.029+0000] {dag.py:3096} INFO - Sync 1 DAGs
[2024-04-09T08:42:23.042+0000] {logging_mixin.py:188} INFO - [2024-04-09T08:42:23.042+0000] {dag.py:3954} INFO - Setting next_dagrun for example_bash_operator to 2024-04-08 00:00:00+00:00, run_after=2024-04-09 00:00:00+00:00
[2024-04-09T08:42:23.053+0000] {processor.py:183} INFO - Processing /home/airflow/.local/lib/python3.12/site-packages/airflow/example_dags/example_bash_operator.py took 0.053 seconds
[2024-04-09T08:42:53.732+0000] {processor.py:161} INFO - Started process (PID=2161) to work on /home/airflow/.local/lib/python3.12/site-packages/airflow/example_dags/example_bash_operator.py
[2024-04-09T08:42:53.733+0000] {processor.py:830} INFO - Processing file /home/airflow/.local/lib/python3.12/site-packages/airflow/example_dags/example_bash_operator.py for tasks to queue
[2024-04-09T08:42:53.734+0000] {logging_mixin.py:188} INFO - [2024-04-09T08:42:53.734+0000] {dagbag.py:540} INFO - Filling up the DagBag from /home/airflow/.local/lib/python3.12/site-packages/airflow/example_dags/example_bash_operator.py
[2024-04-09T08:42:53.740+0000] {processor.py:840} INFO - DAG(s) 'example_bash_operator' retrieved from /home/airflow/.local/lib/python3.12/site-packages/airflow/example_dags/example_bash_operator.py
[2024-04-09T08:42:53.756+0000] {logging_mixin.py:188} INFO - [2024-04-09T08:42:53.755+0000] {dag.py:3096} INFO - Sync 1 DAGs
[2024-04-09T08:42:53.768+0000] {logging_mixin.py:188} INFO - [2024-04-09T08:42:53.768+0000] {dag.py:3954} INFO - Setting next_dagrun for example_bash_operator to 2024-04-08 00:00:00+00:00, run_after=2024-04-09 00:00:00+00:00
[2024-04-09T08:42:53.780+0000] {processor.py:183} INFO - Processing /home/airflow/.local/lib/python3.12/site-packages/airflow/example_dags/example_bash_operator.py took 0.051 seconds
[2024-04-09T08:43:24.394+0000] {processor.py:161} INFO - Started process (PID=2219) to work on /home/airflow/.local/lib/python3.12/site-packages/airflow/example_dags/example_bash_operator.py
[2024-04-09T08:43:24.395+0000] {processor.py:830} INFO - Processing file /home/airflow/.local/lib/python3.12/site-packages/airflow/example_dags/example_bash_operator.py for tasks to queue
[2024-04-09T08:43:24.396+0000] {logging_mixin.py:188} INFO - [2024-04-09T08:43:24.396+0000] {dagbag.py:540} INFO - Filling up the DagBag from /home/airflow/.local/lib/python3.12/site-packages/airflow/example_dags/example_bash_operator.py
[2024-04-09T08:43:24.402+0000] {processor.py:840} INFO - DAG(s) 'example_bash_operator' retrieved from /home/airflow/.local/lib/python3.12/site-packages/airflow/example_dags/example_bash_operator.py
[2024-04-09T08:43:24.418+0000] {logging_mixin.py:188} INFO - [2024-04-09T08:43:24.418+0000] {dag.py:3096} INFO - Sync 1 DAGs
[2024-04-09T08:43:24.431+0000] {logging_mixin.py:188} INFO - [2024-04-09T08:43:24.431+0000] {dag.py:3954} INFO - Setting next_dagrun for example_bash_operator to 2024-04-08 00:00:00+00:00, run_after=2024-04-09 00:00:00+00:00
[2024-04-09T08:43:24.441+0000] {processor.py:183} INFO - Processing /home/airflow/.local/lib/python3.12/site-packages/airflow/example_dags/example_bash_operator.py took 0.049 seconds
[2024-04-09T08:43:55.082+0000] {processor.py:161} INFO - Started process (PID=2277) to work on /home/airflow/.local/lib/python3.12/site-packages/airflow/example_dags/example_bash_operator.py
[2024-04-09T08:43:55.083+0000] {processor.py:830} INFO - Processing file /home/airflow/.local/lib/python3.12/site-packages/airflow/example_dags/example_bash_operator.py for tasks to queue
[2024-04-09T08:43:55.084+0000] {logging_mixin.py:188} INFO - [2024-04-09T08:43:55.084+0000] {dagbag.py:540} INFO - Filling up the DagBag from /home/airflow/.local/lib/python3.12/site-packages/airflow/example_dags/example_bash_operator.py
[2024-04-09T08:43:55.090+0000] {processor.py:840} INFO - DAG(s) 'example_bash_operator' retrieved from /home/airflow/.local/lib/python3.12/site-packages/airflow/example_dags/example_bash_operator.py
[2024-04-09T08:43:55.105+0000] {logging_mixin.py:188} INFO - [2024-04-09T08:43:55.105+0000] {dag.py:3096} INFO - Sync 1 DAGs
[2024-04-09T08:43:55.118+0000] {logging_mixin.py:188} INFO - [2024-04-09T08:43:55.117+0000] {dag.py:3954} INFO - Setting next_dagrun for example_bash_operator to 2024-04-08 00:00:00+00:00, run_after=2024-04-09 00:00:00+00:00
[2024-04-09T08:43:55.130+0000] {processor.py:183} INFO - Processing /home/airflow/.local/lib/python3.12/site-packages/airflow/example_dags/example_bash_operator.py took 0.051 seconds
[2024-04-09T08:44:25.860+0000] {processor.py:161} INFO - Started process (PID=2335) to work on /home/airflow/.local/lib/python3.12/site-packages/airflow/example_dags/example_bash_operator.py
[2024-04-09T08:44:25.861+0000] {processor.py:830} INFO - Processing file /home/airflow/.local/lib/python3.12/site-packages/airflow/example_dags/example_bash_operator.py for tasks to queue
[2024-04-09T08:44:25.862+0000] {logging_mixin.py:188} INFO - [2024-04-09T08:44:25.862+0000] {dagbag.py:540} INFO - Filling up the DagBag from /home/airflow/.local/lib/python3.12/site-packages/airflow/example_dags/example_bash_operator.py
[2024-04-09T08:44:25.868+0000] {processor.py:840} INFO - DAG(s) 'example_bash_operator' retrieved from /home/airflow/.local/lib/python3.12/site-packages/airflow/example_dags/example_bash_operator.py
[2024-04-09T08:44:25.883+0000] {logging_mixin.py:188} INFO - [2024-04-09T08:44:25.883+0000] {dag.py:3096} INFO - Sync 1 DAGs
[2024-04-09T08:44:25.896+0000] {logging_mixin.py:188} INFO - [2024-04-09T08:44:25.896+0000] {dag.py:3954} INFO - Setting next_dagrun for example_bash_operator to 2024-04-08 00:00:00+00:00, run_after=2024-04-09 00:00:00+00:00
[2024-04-09T08:44:25.909+0000] {processor.py:183} INFO - Processing /home/airflow/.local/lib/python3.12/site-packages/airflow/example_dags/example_bash_operator.py took 0.052 seconds
[2024-04-09T08:44:56.609+0000] {processor.py:161} INFO - Started process (PID=2393) to work on /home/airflow/.local/lib/python3.12/site-packages/airflow/example_dags/example_bash_operator.py
[2024-04-09T08:44:56.609+0000] {processor.py:830} INFO - Processing file /home/airflow/.local/lib/python3.12/site-packages/airflow/example_dags/example_bash_operator.py for tasks to queue
[2024-04-09T08:44:56.610+0000] {logging_mixin.py:188} INFO - [2024-04-09T08:44:56.610+0000] {dagbag.py:540} INFO - Filling up the DagBag from /home/airflow/.local/lib/python3.12/site-packages/airflow/example_dags/example_bash_operator.py
[2024-04-09T08:44:56.616+0000] {processor.py:840} INFO - DAG(s) 'example_bash_operator' retrieved from /home/airflow/.local/lib/python3.12/site-packages/airflow/example_dags/example_bash_operator.py
[2024-04-09T08:44:56.633+0000] {logging_mixin.py:188} INFO - [2024-04-09T08:44:56.633+0000] {dag.py:3096} INFO - Sync 1 DAGs
[2024-04-09T08:44:56.648+0000] {logging_mixin.py:188} INFO - [2024-04-09T08:44:56.648+0000] {dag.py:3954} INFO - Setting next_dagrun for example_bash_operator to 2024-04-08 00:00:00+00:00, run_after=2024-04-09 00:00:00+00:00
[2024-04-09T08:44:56.662+0000] {processor.py:183} INFO - Processing /home/airflow/.local/lib/python3.12/site-packages/airflow/example_dags/example_bash_operator.py took 0.056 seconds
[2024-04-09T08:45:27.348+0000] {processor.py:161} INFO - Started process (PID=2451) to work on /home/airflow/.local/lib/python3.12/site-packages/airflow/example_dags/example_bash_operator.py
[2024-04-09T08:45:27.348+0000] {processor.py:830} INFO - Processing file /home/airflow/.local/lib/python3.12/site-packages/airflow/example_dags/example_bash_operator.py for tasks to queue
[2024-04-09T08:45:27.349+0000] {logging_mixin.py:188} INFO - [2024-04-09T08:45:27.349+0000] {dagbag.py:540} INFO - Filling up the DagBag from /home/airflow/.local/lib/python3.12/site-packages/airflow/example_dags/example_bash_operator.py
[2024-04-09T08:45:27.356+0000] {processor.py:840} INFO - DAG(s) 'example_bash_operator' retrieved from /home/airflow/.local/lib/python3.12/site-packages/airflow/example_dags/example_bash_operator.py
[2024-04-09T08:45:27.372+0000] {logging_mixin.py:188} INFO - [2024-04-09T08:45:27.372+0000] {dag.py:3096} INFO - Sync 1 DAGs
[2024-04-09T08:45:27.386+0000] {logging_mixin.py:188} INFO - [2024-04-09T08:45:27.386+0000] {dag.py:3954} INFO - Setting next_dagrun for example_bash_operator to 2024-04-08 00:00:00+00:00, run_after=2024-04-09 00:00:00+00:00
[2024-04-09T08:45:27.399+0000] {processor.py:183} INFO - Processing /home/airflow/.local/lib/python3.12/site-packages/airflow/example_dags/example_bash_operator.py took 0.054 seconds
[2024-04-09T08:45:57.978+0000] {processor.py:161} INFO - Started process (PID=2509) to work on /home/airflow/.local/lib/python3.12/site-packages/airflow/example_dags/example_bash_operator.py
[2024-04-09T08:45:57.979+0000] {processor.py:830} INFO - Processing file /home/airflow/.local/lib/python3.12/site-packages/airflow/example_dags/example_bash_operator.py for tasks to queue
[2024-04-09T08:45:57.980+0000] {logging_mixin.py:188} INFO - [2024-04-09T08:45:57.979+0000] {dagbag.py:540} INFO - Filling up the DagBag from /home/airflow/.local/lib/python3.12/site-packages/airflow/example_dags/example_bash_operator.py
[2024-04-09T08:45:57.986+0000] {processor.py:840} INFO - DAG(s) 'example_bash_operator' retrieved from /home/airflow/.local/lib/python3.12/site-packages/airflow/example_dags/example_bash_operator.py
[2024-04-09T08:45:58.003+0000] {logging_mixin.py:188} INFO - [2024-04-09T08:45:58.003+0000] {dag.py:3096} INFO - Sync 1 DAGs
[2024-04-09T08:45:58.018+0000] {logging_mixin.py:188} INFO - [2024-04-09T08:45:58.017+0000] {dag.py:3954} INFO - Setting next_dagrun for example_bash_operator to 2024-04-08 00:00:00+00:00, run_after=2024-04-09 00:00:00+00:00
[2024-04-09T08:45:58.029+0000] {processor.py:183} INFO - Processing /home/airflow/.local/lib/python3.12/site-packages/airflow/example_dags/example_bash_operator.py took 0.055 seconds
[2024-04-09T08:46:28.677+0000] {processor.py:161} INFO - Started process (PID=2567) to work on /home/airflow/.local/lib/python3.12/site-packages/airflow/example_dags/example_bash_operator.py
[2024-04-09T08:46:28.677+0000] {processor.py:830} INFO - Processing file /home/airflow/.local/lib/python3.12/site-packages/airflow/example_dags/example_bash_operator.py for tasks to queue
[2024-04-09T08:46:28.678+0000] {logging_mixin.py:188} INFO - [2024-04-09T08:46:28.678+0000] {dagbag.py:540} INFO - Filling up the DagBag from /home/airflow/.local/lib/python3.12/site-packages/airflow/example_dags/example_bash_operator.py
[2024-04-09T08:46:28.684+0000] {processor.py:840} INFO - DAG(s) 'example_bash_operator' retrieved from /home/airflow/.local/lib/python3.12/site-packages/airflow/example_dags/example_bash_operator.py
[2024-04-09T08:46:28.700+0000] {logging_mixin.py:188} INFO - [2024-04-09T08:46:28.700+0000] {dag.py:3096} INFO - Sync 1 DAGs
[2024-04-09T08:46:28.713+0000] {logging_mixin.py:188} INFO - [2024-04-09T08:46:28.713+0000] {dag.py:3954} INFO - Setting next_dagrun for example_bash_operator to 2024-04-08 00:00:00+00:00, run_after=2024-04-09 00:00:00+00:00
[2024-04-09T08:46:28.725+0000] {processor.py:183} INFO - Processing /home/airflow/.local/lib/python3.12/site-packages/airflow/example_dags/example_bash_operator.py took 0.052 seconds
[2024-04-09T08:46:59.289+0000] {processor.py:161} INFO - Started process (PID=2625) to work on /home/airflow/.local/lib/python3.12/site-packages/airflow/example_dags/example_bash_operator.py
[2024-04-09T08:46:59.289+0000] {processor.py:830} INFO - Processing file /home/airflow/.local/lib/python3.12/site-packages/airflow/example_dags/example_bash_operator.py for tasks to queue
[2024-04-09T08:46:59.291+0000] {logging_mixin.py:188} INFO - [2024-04-09T08:46:59.290+0000] {dagbag.py:540} INFO - Filling up the DagBag from /home/airflow/.local/lib/python3.12/site-packages/airflow/example_dags/example_bash_operator.py
[2024-04-09T08:46:59.297+0000] {processor.py:840} INFO - DAG(s) 'example_bash_operator' retrieved from /home/airflow/.local/lib/python3.12/site-packages/airflow/example_dags/example_bash_operator.py
[2024-04-09T08:46:59.312+0000] {logging_mixin.py:188} INFO - [2024-04-09T08:46:59.312+0000] {dag.py:3096} INFO - Sync 1 DAGs
[2024-04-09T08:46:59.325+0000] {logging_mixin.py:188} INFO - [2024-04-09T08:46:59.325+0000] {dag.py:3954} INFO - Setting next_dagrun for example_bash_operator to 2024-04-08 00:00:00+00:00, run_after=2024-04-09 00:00:00+00:00
[2024-04-09T08:46:59.337+0000] {processor.py:183} INFO - Processing /home/airflow/.local/lib/python3.12/site-packages/airflow/example_dags/example_bash_operator.py took 0.051 seconds
[2024-04-09T08:47:29.925+0000] {processor.py:161} INFO - Started process (PID=2683) to work on /home/airflow/.local/lib/python3.12/site-packages/airflow/example_dags/example_bash_operator.py
[2024-04-09T08:47:29.926+0000] {processor.py:830} INFO - Processing file /home/airflow/.local/lib/python3.12/site-packages/airflow/example_dags/example_bash_operator.py for tasks to queue
[2024-04-09T08:47:29.927+0000] {logging_mixin.py:188} INFO - [2024-04-09T08:47:29.927+0000] {dagbag.py:540} INFO - Filling up the DagBag from /home/airflow/.local/lib/python3.12/site-packages/airflow/example_dags/example_bash_operator.py
[2024-04-09T08:47:29.933+0000] {processor.py:840} INFO - DAG(s) 'example_bash_operator' retrieved from /home/airflow/.local/lib/python3.12/site-packages/airflow/example_dags/example_bash_operator.py
[2024-04-09T08:47:29.948+0000] {logging_mixin.py:188} INFO - [2024-04-09T08:47:29.948+0000] {dag.py:3096} INFO - Sync 1 DAGs
[2024-04-09T08:47:29.961+0000] {logging_mixin.py:188} INFO - [2024-04-09T08:47:29.961+0000] {dag.py:3954} INFO - Setting next_dagrun for example_bash_operator to 2024-04-08 00:00:00+00:00, run_after=2024-04-09 00:00:00+00:00
[2024-04-09T08:47:29.973+0000] {processor.py:183} INFO - Processing /home/airflow/.local/lib/python3.12/site-packages/airflow/example_dags/example_bash_operator.py took 0.050 seconds
[2024-04-09T08:48:00.531+0000] {processor.py:161} INFO - Started process (PID=2741) to work on /home/airflow/.local/lib/python3.12/site-packages/airflow/example_dags/example_bash_operator.py
[2024-04-09T08:48:00.532+0000] {processor.py:830} INFO - Processing file /home/airflow/.local/lib/python3.12/site-packages/airflow/example_dags/example_bash_operator.py for tasks to queue
[2024-04-09T08:48:00.533+0000] {logging_mixin.py:188} INFO - [2024-04-09T08:48:00.533+0000] {dagbag.py:540} INFO - Filling up the DagBag from /home/airflow/.local/lib/python3.12/site-packages/airflow/example_dags/example_bash_operator.py
[2024-04-09T08:48:00.539+0000] {processor.py:840} INFO - DAG(s) 'example_bash_operator' retrieved from /home/airflow/.local/lib/python3.12/site-packages/airflow/example_dags/example_bash_operator.py
[2024-04-09T08:48:00.555+0000] {logging_mixin.py:188} INFO - [2024-04-09T08:48:00.555+0000] {dag.py:3096} INFO - Sync 1 DAGs
[2024-04-09T08:48:00.568+0000] {logging_mixin.py:188} INFO - [2024-04-09T08:48:00.568+0000] {dag.py:3954} INFO - Setting next_dagrun for example_bash_operator to 2024-04-08 00:00:00+00:00, run_after=2024-04-09 00:00:00+00:00
[2024-04-09T08:48:00.579+0000] {processor.py:183} INFO - Processing /home/airflow/.local/lib/python3.12/site-packages/airflow/example_dags/example_bash_operator.py took 0.050 seconds
[2024-04-09T08:48:31.261+0000] {processor.py:161} INFO - Started process (PID=2799) to work on /home/airflow/.local/lib/python3.12/site-packages/airflow/example_dags/example_bash_operator.py
[2024-04-09T08:48:31.262+0000] {processor.py:830} INFO - Processing file /home/airflow/.local/lib/python3.12/site-packages/airflow/example_dags/example_bash_operator.py for tasks to queue
[2024-04-09T08:48:31.263+0000] {logging_mixin.py:188} INFO - [2024-04-09T08:48:31.263+0000] {dagbag.py:540} INFO - Filling up the DagBag from /home/airflow/.local/lib/python3.12/site-packages/airflow/example_dags/example_bash_operator.py
[2024-04-09T08:48:31.269+0000] {processor.py:840} INFO - DAG(s) 'example_bash_operator' retrieved from /home/airflow/.local/lib/python3.12/site-packages/airflow/example_dags/example_bash_operator.py
[2024-04-09T08:48:31.285+0000] {logging_mixin.py:188} INFO - [2024-04-09T08:48:31.285+0000] {dag.py:3096} INFO - Sync 1 DAGs
[2024-04-09T08:48:31.299+0000] {logging_mixin.py:188} INFO - [2024-04-09T08:48:31.299+0000] {dag.py:3954} INFO - Setting next_dagrun for example_bash_operator to 2024-04-08 00:00:00+00:00, run_after=2024-04-09 00:00:00+00:00
[2024-04-09T08:48:31.311+0000] {processor.py:183} INFO - Processing /home/airflow/.local/lib/python3.12/site-packages/airflow/example_dags/example_bash_operator.py took 0.052 seconds
[2024-04-09T08:49:01.797+0000] {processor.py:161} INFO - Started process (PID=2857) to work on /home/airflow/.local/lib/python3.12/site-packages/airflow/example_dags/example_bash_operator.py
[2024-04-09T08:49:01.797+0000] {processor.py:830} INFO - Processing file /home/airflow/.local/lib/python3.12/site-packages/airflow/example_dags/example_bash_operator.py for tasks to queue
[2024-04-09T08:49:01.798+0000] {logging_mixin.py:188} INFO - [2024-04-09T08:49:01.798+0000] {dagbag.py:540} INFO - Filling up the DagBag from /home/airflow/.local/lib/python3.12/site-packages/airflow/example_dags/example_bash_operator.py
[2024-04-09T08:49:01.805+0000] {processor.py:840} INFO - DAG(s) 'example_bash_operator' retrieved from /home/airflow/.local/lib/python3.12/site-packages/airflow/example_dags/example_bash_operator.py
[2024-04-09T08:49:01.820+0000] {logging_mixin.py:188} INFO - [2024-04-09T08:49:01.820+0000] {dag.py:3096} INFO - Sync 1 DAGs
[2024-04-09T08:49:01.833+0000] {logging_mixin.py:188} INFO - [2024-04-09T08:49:01.833+0000] {dag.py:3954} INFO - Setting next_dagrun for example_bash_operator to 2024-04-08 00:00:00+00:00, run_after=2024-04-09 00:00:00+00:00
[2024-04-09T08:49:01.843+0000] {processor.py:183} INFO - Processing /home/airflow/.local/lib/python3.12/site-packages/airflow/example_dags/example_bash_operator.py took 0.050 seconds
[2024-04-09T08:49:32.479+0000] {processor.py:161} INFO - Started process (PID=2915) to work on /home/airflow/.local/lib/python3.12/site-packages/airflow/example_dags/example_bash_operator.py
[2024-04-09T08:49:32.480+0000] {processor.py:830} INFO - Processing file /home/airflow/.local/lib/python3.12/site-packages/airflow/example_dags/example_bash_operator.py for tasks to queue
[2024-04-09T08:49:32.481+0000] {logging_mixin.py:188} INFO - [2024-04-09T08:49:32.481+0000] {dagbag.py:540} INFO - Filling up the DagBag from /home/airflow/.local/lib/python3.12/site-packages/airflow/example_dags/example_bash_operator.py
[2024-04-09T08:49:32.487+0000] {processor.py:840} INFO - DAG(s) 'example_bash_operator' retrieved from /home/airflow/.local/lib/python3.12/site-packages/airflow/example_dags/example_bash_operator.py
[2024-04-09T08:49:32.505+0000] {logging_mixin.py:188} INFO - [2024-04-09T08:49:32.505+0000] {dag.py:3096} INFO - Sync 1 DAGs
[2024-04-09T08:49:32.523+0000] {logging_mixin.py:188} INFO - [2024-04-09T08:49:32.523+0000] {dag.py:3954} INFO - Setting next_dagrun for example_bash_operator to 2024-04-08 00:00:00+00:00, run_after=2024-04-09 00:00:00+00:00
[2024-04-09T08:49:32.536+0000] {processor.py:183} INFO - Processing /home/airflow/.local/lib/python3.12/site-packages/airflow/example_dags/example_bash_operator.py took 0.060 seconds
[2024-04-09T08:50:03.215+0000] {processor.py:161} INFO - Started process (PID=2973) to work on /home/airflow/.local/lib/python3.12/site-packages/airflow/example_dags/example_bash_operator.py
[2024-04-09T08:50:03.216+0000] {processor.py:830} INFO - Processing file /home/airflow/.local/lib/python3.12/site-packages/airflow/example_dags/example_bash_operator.py for tasks to queue
[2024-04-09T08:50:03.217+0000] {logging_mixin.py:188} INFO - [2024-04-09T08:50:03.217+0000] {dagbag.py:540} INFO - Filling up the DagBag from /home/airflow/.local/lib/python3.12/site-packages/airflow/example_dags/example_bash_operator.py
[2024-04-09T08:50:03.223+0000] {processor.py:840} INFO - DAG(s) 'example_bash_operator' retrieved from /home/airflow/.local/lib/python3.12/site-packages/airflow/example_dags/example_bash_operator.py
[2024-04-09T08:50:03.238+0000] {logging_mixin.py:188} INFO - [2024-04-09T08:50:03.238+0000] {dag.py:3096} INFO - Sync 1 DAGs
[2024-04-09T08:50:03.251+0000] {logging_mixin.py:188} INFO - [2024-04-09T08:50:03.251+0000] {dag.py:3954} INFO - Setting next_dagrun for example_bash_operator to 2024-04-08 00:00:00+00:00, run_after=2024-04-09 00:00:00+00:00
[2024-04-09T08:50:03.262+0000] {processor.py:183} INFO - Processing /home/airflow/.local/lib/python3.12/site-packages/airflow/example_dags/example_bash_operator.py took 0.050 seconds
[2024-04-09T08:50:33.847+0000] {processor.py:161} INFO - Started process (PID=3031) to work on /home/airflow/.local/lib/python3.12/site-packages/airflow/example_dags/example_bash_operator.py
[2024-04-09T08:50:33.847+0000] {processor.py:830} INFO - Processing file /home/airflow/.local/lib/python3.12/site-packages/airflow/example_dags/example_bash_operator.py for tasks to queue
[2024-04-09T08:50:33.848+0000] {logging_mixin.py:188} INFO - [2024-04-09T08:50:33.848+0000] {dagbag.py:540} INFO - Filling up the DagBag from /home/airflow/.local/lib/python3.12/site-packages/airflow/example_dags/example_bash_operator.py
[2024-04-09T08:50:33.854+0000] {processor.py:840} INFO - DAG(s) 'example_bash_operator' retrieved from /home/airflow/.local/lib/python3.12/site-packages/airflow/example_dags/example_bash_operator.py
[2024-04-09T08:50:33.870+0000] {logging_mixin.py:188} INFO - [2024-04-09T08:50:33.870+0000] {dag.py:3096} INFO - Sync 1 DAGs
[2024-04-09T08:50:33.883+0000] {logging_mixin.py:188} INFO - [2024-04-09T08:50:33.883+0000] {dag.py:3954} INFO - Setting next_dagrun for example_bash_operator to 2024-04-08 00:00:00+00:00, run_after=2024-04-09 00:00:00+00:00
[2024-04-09T08:50:33.893+0000] {processor.py:183} INFO - Processing /home/airflow/.local/lib/python3.12/site-packages/airflow/example_dags/example_bash_operator.py took 0.049 seconds
[2024-04-09T08:51:04.420+0000] {processor.py:161} INFO - Started process (PID=3089) to work on /home/airflow/.local/lib/python3.12/site-packages/airflow/example_dags/example_bash_operator.py
[2024-04-09T08:51:04.420+0000] {processor.py:830} INFO - Processing file /home/airflow/.local/lib/python3.12/site-packages/airflow/example_dags/example_bash_operator.py for tasks to queue
[2024-04-09T08:51:04.421+0000] {logging_mixin.py:188} INFO - [2024-04-09T08:51:04.421+0000] {dagbag.py:540} INFO - Filling up the DagBag from /home/airflow/.local/lib/python3.12/site-packages/airflow/example_dags/example_bash_operator.py
[2024-04-09T08:51:04.427+0000] {processor.py:840} INFO - DAG(s) 'example_bash_operator' retrieved from /home/airflow/.local/lib/python3.12/site-packages/airflow/example_dags/example_bash_operator.py
[2024-04-09T08:51:04.442+0000] {logging_mixin.py:188} INFO - [2024-04-09T08:51:04.442+0000] {dag.py:3096} INFO - Sync 1 DAGs
[2024-04-09T08:51:04.455+0000] {logging_mixin.py:188} INFO - [2024-04-09T08:51:04.455+0000] {dag.py:3954} INFO - Setting next_dagrun for example_bash_operator to 2024-04-08 00:00:00+00:00, run_after=2024-04-09 00:00:00+00:00
[2024-04-09T08:51:04.468+0000] {processor.py:183} INFO - Processing /home/airflow/.local/lib/python3.12/site-packages/airflow/example_dags/example_bash_operator.py took 0.051 seconds
[2024-04-09T08:51:34.945+0000] {processor.py:161} INFO - Started process (PID=3147) to work on /home/airflow/.local/lib/python3.12/site-packages/airflow/example_dags/example_bash_operator.py
[2024-04-09T08:51:34.946+0000] {processor.py:830} INFO - Processing file /home/airflow/.local/lib/python3.12/site-packages/airflow/example_dags/example_bash_operator.py for tasks to queue
[2024-04-09T08:51:34.947+0000] {logging_mixin.py:188} INFO - [2024-04-09T08:51:34.947+0000] {dagbag.py:540} INFO - Filling up the DagBag from /home/airflow/.local/lib/python3.12/site-packages/airflow/example_dags/example_bash_operator.py
[2024-04-09T08:51:34.953+0000] {processor.py:840} INFO - DAG(s) 'example_bash_operator' retrieved from /home/airflow/.local/lib/python3.12/site-packages/airflow/example_dags/example_bash_operator.py
[2024-04-09T08:51:34.969+0000] {logging_mixin.py:188} INFO - [2024-04-09T08:51:34.968+0000] {dag.py:3096} INFO - Sync 1 DAGs
[2024-04-09T08:51:34.982+0000] {logging_mixin.py:188} INFO - [2024-04-09T08:51:34.982+0000] {dag.py:3954} INFO - Setting next_dagrun for example_bash_operator to 2024-04-08 00:00:00+00:00, run_after=2024-04-09 00:00:00+00:00
[2024-04-09T08:51:34.992+0000] {processor.py:183} INFO - Processing /home/airflow/.local/lib/python3.12/site-packages/airflow/example_dags/example_bash_operator.py took 0.050 seconds
[2024-04-09T08:52:05.507+0000] {processor.py:161} INFO - Started process (PID=3205) to work on /home/airflow/.local/lib/python3.12/site-packages/airflow/example_dags/example_bash_operator.py
[2024-04-09T08:52:05.507+0000] {processor.py:830} INFO - Processing file /home/airflow/.local/lib/python3.12/site-packages/airflow/example_dags/example_bash_operator.py for tasks to queue
[2024-04-09T08:52:05.508+0000] {logging_mixin.py:188} INFO - [2024-04-09T08:52:05.508+0000] {dagbag.py:540} INFO - Filling up the DagBag from /home/airflow/.local/lib/python3.12/site-packages/airflow/example_dags/example_bash_operator.py
[2024-04-09T08:52:05.515+0000] {processor.py:840} INFO - DAG(s) 'example_bash_operator' retrieved from /home/airflow/.local/lib/python3.12/site-packages/airflow/example_dags/example_bash_operator.py
[2024-04-09T08:52:05.530+0000] {logging_mixin.py:188} INFO - [2024-04-09T08:52:05.530+0000] {dag.py:3096} INFO - Sync 1 DAGs
[2024-04-09T08:52:05.544+0000] {logging_mixin.py:188} INFO - [2024-04-09T08:52:05.544+0000] {dag.py:3954} INFO - Setting next_dagrun for example_bash_operator to 2024-04-08 00:00:00+00:00, run_after=2024-04-09 00:00:00+00:00
[2024-04-09T08:52:05.555+0000] {processor.py:183} INFO - Processing /home/airflow/.local/lib/python3.12/site-packages/airflow/example_dags/example_bash_operator.py took 0.051 seconds
[2024-04-09T08:52:36.153+0000] {processor.py:161} INFO - Started process (PID=3263) to work on /home/airflow/.local/lib/python3.12/site-packages/airflow/example_dags/example_bash_operator.py
[2024-04-09T08:52:36.153+0000] {processor.py:830} INFO - Processing file /home/airflow/.local/lib/python3.12/site-packages/airflow/example_dags/example_bash_operator.py for tasks to queue
[2024-04-09T08:52:36.154+0000] {logging_mixin.py:188} INFO - [2024-04-09T08:52:36.154+0000] {dagbag.py:540} INFO - Filling up the DagBag from /home/airflow/.local/lib/python3.12/site-packages/airflow/example_dags/example_bash_operator.py
[2024-04-09T08:52:36.160+0000] {processor.py:840} INFO - DAG(s) 'example_bash_operator' retrieved from /home/airflow/.local/lib/python3.12/site-packages/airflow/example_dags/example_bash_operator.py
[2024-04-09T08:52:36.176+0000] {logging_mixin.py:188} INFO - [2024-04-09T08:52:36.176+0000] {dag.py:3096} INFO - Sync 1 DAGs
[2024-04-09T08:52:36.188+0000] {logging_mixin.py:188} INFO - [2024-04-09T08:52:36.188+0000] {dag.py:3954} INFO - Setting next_dagrun for example_bash_operator to 2024-04-08 00:00:00+00:00, run_after=2024-04-09 00:00:00+00:00
[2024-04-09T08:52:36.200+0000] {processor.py:183} INFO - Processing /home/airflow/.local/lib/python3.12/site-packages/airflow/example_dags/example_bash_operator.py took 0.050 seconds
[2024-04-09T08:53:06.813+0000] {processor.py:161} INFO - Started process (PID=3321) to work on /home/airflow/.local/lib/python3.12/site-packages/airflow/example_dags/example_bash_operator.py
[2024-04-09T08:53:06.814+0000] {processor.py:830} INFO - Processing file /home/airflow/.local/lib/python3.12/site-packages/airflow/example_dags/example_bash_operator.py for tasks to queue
[2024-04-09T08:53:06.815+0000] {logging_mixin.py:188} INFO - [2024-04-09T08:53:06.815+0000] {dagbag.py:540} INFO - Filling up the DagBag from /home/airflow/.local/lib/python3.12/site-packages/airflow/example_dags/example_bash_operator.py
[2024-04-09T08:53:06.822+0000] {processor.py:840} INFO - DAG(s) 'example_bash_operator' retrieved from /home/airflow/.local/lib/python3.12/site-packages/airflow/example_dags/example_bash_operator.py
[2024-04-09T08:53:06.841+0000] {logging_mixin.py:188} INFO - [2024-04-09T08:53:06.841+0000] {dag.py:3096} INFO - Sync 1 DAGs
[2024-04-09T08:53:06.860+0000] {logging_mixin.py:188} INFO - [2024-04-09T08:53:06.860+0000] {dag.py:3954} INFO - Setting next_dagrun for example_bash_operator to 2024-04-08 00:00:00+00:00, run_after=2024-04-09 00:00:00+00:00
[2024-04-09T08:53:06.879+0000] {processor.py:183} INFO - Processing /home/airflow/.local/lib/python3.12/site-packages/airflow/example_dags/example_bash_operator.py took 0.069 seconds
[2024-04-09T08:53:36.950+0000] {processor.py:161} INFO - Started process (PID=3379) to work on /home/airflow/.local/lib/python3.12/site-packages/airflow/example_dags/example_bash_operator.py
[2024-04-09T08:53:36.950+0000] {processor.py:830} INFO - Processing file /home/airflow/.local/lib/python3.12/site-packages/airflow/example_dags/example_bash_operator.py for tasks to queue
[2024-04-09T08:53:36.951+0000] {logging_mixin.py:188} INFO - [2024-04-09T08:53:36.951+0000] {dagbag.py:540} INFO - Filling up the DagBag from /home/airflow/.local/lib/python3.12/site-packages/airflow/example_dags/example_bash_operator.py
[2024-04-09T08:53:36.957+0000] {processor.py:840} INFO - DAG(s) 'example_bash_operator' retrieved from /home/airflow/.local/lib/python3.12/site-packages/airflow/example_dags/example_bash_operator.py
[2024-04-09T08:53:36.973+0000] {logging_mixin.py:188} INFO - [2024-04-09T08:53:36.973+0000] {dag.py:3096} INFO - Sync 1 DAGs
[2024-04-09T08:53:36.987+0000] {logging_mixin.py:188} INFO - [2024-04-09T08:53:36.987+0000] {dag.py:3954} INFO - Setting next_dagrun for example_bash_operator to 2024-04-08 00:00:00+00:00, run_after=2024-04-09 00:00:00+00:00
[2024-04-09T08:53:36.998+0000] {processor.py:183} INFO - Processing /home/airflow/.local/lib/python3.12/site-packages/airflow/example_dags/example_bash_operator.py took 0.051 seconds
[2024-04-09T08:54:07.688+0000] {processor.py:161} INFO - Started process (PID=3437) to work on /home/airflow/.local/lib/python3.12/site-packages/airflow/example_dags/example_bash_operator.py
[2024-04-09T08:54:07.689+0000] {processor.py:830} INFO - Processing file /home/airflow/.local/lib/python3.12/site-packages/airflow/example_dags/example_bash_operator.py for tasks to queue
[2024-04-09T08:54:07.690+0000] {logging_mixin.py:188} INFO - [2024-04-09T08:54:07.690+0000] {dagbag.py:540} INFO - Filling up the DagBag from /home/airflow/.local/lib/python3.12/site-packages/airflow/example_dags/example_bash_operator.py
[2024-04-09T08:54:07.696+0000] {processor.py:840} INFO - DAG(s) 'example_bash_operator' retrieved from /home/airflow/.local/lib/python3.12/site-packages/airflow/example_dags/example_bash_operator.py
[2024-04-09T08:54:07.711+0000] {logging_mixin.py:188} INFO - [2024-04-09T08:54:07.711+0000] {dag.py:3096} INFO - Sync 1 DAGs
[2024-04-09T08:54:07.723+0000] {logging_mixin.py:188} INFO - [2024-04-09T08:54:07.723+0000] {dag.py:3954} INFO - Setting next_dagrun for example_bash_operator to 2024-04-08 00:00:00+00:00, run_after=2024-04-09 00:00:00+00:00
[2024-04-09T08:54:07.736+0000] {processor.py:183} INFO - Processing /home/airflow/.local/lib/python3.12/site-packages/airflow/example_dags/example_bash_operator.py took 0.051 seconds
[2024-04-09T08:54:38.340+0000] {processor.py:161} INFO - Started process (PID=3495) to work on /home/airflow/.local/lib/python3.12/site-packages/airflow/example_dags/example_bash_operator.py
[2024-04-09T08:54:38.341+0000] {processor.py:830} INFO - Processing file /home/airflow/.local/lib/python3.12/site-packages/airflow/example_dags/example_bash_operator.py for tasks to queue
[2024-04-09T08:54:38.342+0000] {logging_mixin.py:188} INFO - [2024-04-09T08:54:38.342+0000] {dagbag.py:540} INFO - Filling up the DagBag from /home/airflow/.local/lib/python3.12/site-packages/airflow/example_dags/example_bash_operator.py
[2024-04-09T08:54:38.348+0000] {processor.py:840} INFO - DAG(s) 'example_bash_operator' retrieved from /home/airflow/.local/lib/python3.12/site-packages/airflow/example_dags/example_bash_operator.py
[2024-04-09T08:54:38.363+0000] {logging_mixin.py:188} INFO - [2024-04-09T08:54:38.363+0000] {dag.py:3096} INFO - Sync 1 DAGs
[2024-04-09T08:54:38.376+0000] {logging_mixin.py:188} INFO - [2024-04-09T08:54:38.376+0000] {dag.py:3954} INFO - Setting next_dagrun for example_bash_operator to 2024-04-08 00:00:00+00:00, run_after=2024-04-09 00:00:00+00:00
[2024-04-09T08:54:38.388+0000] {processor.py:183} INFO - Processing /home/airflow/.local/lib/python3.12/site-packages/airflow/example_dags/example_bash_operator.py took 0.050 seconds
[2024-04-09T08:55:08.990+0000] {processor.py:161} INFO - Started process (PID=3553) to work on /home/airflow/.local/lib/python3.12/site-packages/airflow/example_dags/example_bash_operator.py
[2024-04-09T08:55:08.991+0000] {processor.py:830} INFO - Processing file /home/airflow/.local/lib/python3.12/site-packages/airflow/example_dags/example_bash_operator.py for tasks to queue
[2024-04-09T08:55:08.992+0000] {logging_mixin.py:188} INFO - [2024-04-09T08:55:08.992+0000] {dagbag.py:540} INFO - Filling up the DagBag from /home/airflow/.local/lib/python3.12/site-packages/airflow/example_dags/example_bash_operator.py
[2024-04-09T08:55:08.998+0000] {processor.py:840} INFO - DAG(s) 'example_bash_operator' retrieved from /home/airflow/.local/lib/python3.12/site-packages/airflow/example_dags/example_bash_operator.py
[2024-04-09T08:55:09.013+0000] {logging_mixin.py:188} INFO - [2024-04-09T08:55:09.013+0000] {dag.py:3096} INFO - Sync 1 DAGs
[2024-04-09T08:55:09.026+0000] {logging_mixin.py:188} INFO - [2024-04-09T08:55:09.025+0000] {dag.py:3954} INFO - Setting next_dagrun for example_bash_operator to 2024-04-08 00:00:00+00:00, run_after=2024-04-09 00:00:00+00:00
[2024-04-09T08:55:09.037+0000] {processor.py:183} INFO - Processing /home/airflow/.local/lib/python3.12/site-packages/airflow/example_dags/example_bash_operator.py took 0.050 seconds
[2024-04-09T08:55:39.613+0000] {processor.py:161} INFO - Started process (PID=3611) to work on /home/airflow/.local/lib/python3.12/site-packages/airflow/example_dags/example_bash_operator.py
[2024-04-09T08:55:39.614+0000] {processor.py:830} INFO - Processing file /home/airflow/.local/lib/python3.12/site-packages/airflow/example_dags/example_bash_operator.py for tasks to queue
[2024-04-09T08:55:39.615+0000] {logging_mixin.py:188} INFO - [2024-04-09T08:55:39.614+0000] {dagbag.py:540} INFO - Filling up the DagBag from /home/airflow/.local/lib/python3.12/site-packages/airflow/example_dags/example_bash_operator.py
[2024-04-09T08:55:39.621+0000] {processor.py:840} INFO - DAG(s) 'example_bash_operator' retrieved from /home/airflow/.local/lib/python3.12/site-packages/airflow/example_dags/example_bash_operator.py
[2024-04-09T08:55:39.636+0000] {logging_mixin.py:188} INFO - [2024-04-09T08:55:39.636+0000] {dag.py:3096} INFO - Sync 1 DAGs
[2024-04-09T08:55:39.650+0000] {logging_mixin.py:188} INFO - [2024-04-09T08:55:39.650+0000] {dag.py:3954} INFO - Setting next_dagrun for example_bash_operator to 2024-04-08 00:00:00+00:00, run_after=2024-04-09 00:00:00+00:00
[2024-04-09T08:55:39.660+0000] {processor.py:183} INFO - Processing /home/airflow/.local/lib/python3.12/site-packages/airflow/example_dags/example_bash_operator.py took 0.050 seconds
[2024-04-09T08:56:10.303+0000] {processor.py:161} INFO - Started process (PID=3669) to work on /home/airflow/.local/lib/python3.12/site-packages/airflow/example_dags/example_bash_operator.py
[2024-04-09T08:56:10.304+0000] {processor.py:830} INFO - Processing file /home/airflow/.local/lib/python3.12/site-packages/airflow/example_dags/example_bash_operator.py for tasks to queue
[2024-04-09T08:56:10.304+0000] {logging_mixin.py:188} INFO - [2024-04-09T08:56:10.304+0000] {dagbag.py:540} INFO - Filling up the DagBag from /home/airflow/.local/lib/python3.12/site-packages/airflow/example_dags/example_bash_operator.py
[2024-04-09T08:56:10.310+0000] {processor.py:840} INFO - DAG(s) 'example_bash_operator' retrieved from /home/airflow/.local/lib/python3.12/site-packages/airflow/example_dags/example_bash_operator.py
[2024-04-09T08:56:10.326+0000] {logging_mixin.py:188} INFO - [2024-04-09T08:56:10.326+0000] {dag.py:3096} INFO - Sync 1 DAGs
[2024-04-09T08:56:10.339+0000] {logging_mixin.py:188} INFO - [2024-04-09T08:56:10.339+0000] {dag.py:3954} INFO - Setting next_dagrun for example_bash_operator to 2024-04-08 00:00:00+00:00, run_after=2024-04-09 00:00:00+00:00
[2024-04-09T08:56:10.350+0000] {processor.py:183} INFO - Processing /home/airflow/.local/lib/python3.12/site-packages/airflow/example_dags/example_bash_operator.py took 0.050 seconds
[2024-04-09T08:56:41.005+0000] {processor.py:161} INFO - Started process (PID=3727) to work on /home/airflow/.local/lib/python3.12/site-packages/airflow/example_dags/example_bash_operator.py
[2024-04-09T08:56:41.006+0000] {processor.py:830} INFO - Processing file /home/airflow/.local/lib/python3.12/site-packages/airflow/example_dags/example_bash_operator.py for tasks to queue
[2024-04-09T08:56:41.007+0000] {logging_mixin.py:188} INFO - [2024-04-09T08:56:41.006+0000] {dagbag.py:540} INFO - Filling up the DagBag from /home/airflow/.local/lib/python3.12/site-packages/airflow/example_dags/example_bash_operator.py
[2024-04-09T08:56:41.013+0000] {processor.py:840} INFO - DAG(s) 'example_bash_operator' retrieved from /home/airflow/.local/lib/python3.12/site-packages/airflow/example_dags/example_bash_operator.py
[2024-04-09T08:56:41.028+0000] {logging_mixin.py:188} INFO - [2024-04-09T08:56:41.028+0000] {dag.py:3096} INFO - Sync 1 DAGs
[2024-04-09T08:56:41.041+0000] {logging_mixin.py:188} INFO - [2024-04-09T08:56:41.041+0000] {dag.py:3954} INFO - Setting next_dagrun for example_bash_operator to 2024-04-08 00:00:00+00:00, run_after=2024-04-09 00:00:00+00:00
[2024-04-09T08:56:41.052+0000] {processor.py:183} INFO - Processing /home/airflow/.local/lib/python3.12/site-packages/airflow/example_dags/example_bash_operator.py took 0.050 seconds
[2024-04-09T08:57:11.717+0000] {processor.py:161} INFO - Started process (PID=3785) to work on /home/airflow/.local/lib/python3.12/site-packages/airflow/example_dags/example_bash_operator.py
[2024-04-09T08:57:11.717+0000] {processor.py:830} INFO - Processing file /home/airflow/.local/lib/python3.12/site-packages/airflow/example_dags/example_bash_operator.py for tasks to queue
[2024-04-09T08:57:11.718+0000] {logging_mixin.py:188} INFO - [2024-04-09T08:57:11.718+0000] {dagbag.py:540} INFO - Filling up the DagBag from /home/airflow/.local/lib/python3.12/site-packages/airflow/example_dags/example_bash_operator.py
[2024-04-09T08:57:11.724+0000] {processor.py:840} INFO - DAG(s) 'example_bash_operator' retrieved from /home/airflow/.local/lib/python3.12/site-packages/airflow/example_dags/example_bash_operator.py
[2024-04-09T08:57:11.740+0000] {logging_mixin.py:188} INFO - [2024-04-09T08:57:11.739+0000] {dag.py:3096} INFO - Sync 1 DAGs
[2024-04-09T08:57:11.753+0000] {logging_mixin.py:188} INFO - [2024-04-09T08:57:11.753+0000] {dag.py:3954} INFO - Setting next_dagrun for example_bash_operator to 2024-04-08 00:00:00+00:00, run_after=2024-04-09 00:00:00+00:00
[2024-04-09T08:57:11.764+0000] {processor.py:183} INFO - Processing /home/airflow/.local/lib/python3.12/site-packages/airflow/example_dags/example_bash_operator.py took 0.050 seconds
[2024-04-09T08:57:42.410+0000] {processor.py:161} INFO - Started process (PID=3843) to work on /home/airflow/.local/lib/python3.12/site-packages/airflow/example_dags/example_bash_operator.py
[2024-04-09T08:57:42.410+0000] {processor.py:830} INFO - Processing file /home/airflow/.local/lib/python3.12/site-packages/airflow/example_dags/example_bash_operator.py for tasks to queue
[2024-04-09T08:57:42.411+0000] {logging_mixin.py:188} INFO - [2024-04-09T08:57:42.411+0000] {dagbag.py:540} INFO - Filling up the DagBag from /home/airflow/.local/lib/python3.12/site-packages/airflow/example_dags/example_bash_operator.py
[2024-04-09T08:57:42.417+0000] {processor.py:840} INFO - DAG(s) 'example_bash_operator' retrieved from /home/airflow/.local/lib/python3.12/site-packages/airflow/example_dags/example_bash_operator.py
[2024-04-09T08:57:42.433+0000] {logging_mixin.py:188} INFO - [2024-04-09T08:57:42.433+0000] {dag.py:3096} INFO - Sync 1 DAGs
[2024-04-09T08:57:42.447+0000] {logging_mixin.py:188} INFO - [2024-04-09T08:57:42.447+0000] {dag.py:3954} INFO - Setting next_dagrun for example_bash_operator to 2024-04-08 00:00:00+00:00, run_after=2024-04-09 00:00:00+00:00
[2024-04-09T08:57:42.457+0000] {processor.py:183} INFO - Processing /home/airflow/.local/lib/python3.12/site-packages/airflow/example_dags/example_bash_operator.py took 0.051 seconds
[2024-04-09T08:58:12.632+0000] {processor.py:161} INFO - Started process (PID=3901) to work on /home/airflow/.local/lib/python3.12/site-packages/airflow/example_dags/example_bash_operator.py
[2024-04-09T08:58:12.632+0000] {processor.py:830} INFO - Processing file /home/airflow/.local/lib/python3.12/site-packages/airflow/example_dags/example_bash_operator.py for tasks to queue
[2024-04-09T08:58:12.633+0000] {logging_mixin.py:188} INFO - [2024-04-09T08:58:12.633+0000] {dagbag.py:540} INFO - Filling up the DagBag from /home/airflow/.local/lib/python3.12/site-packages/airflow/example_dags/example_bash_operator.py
[2024-04-09T08:58:12.640+0000] {processor.py:840} INFO - DAG(s) 'example_bash_operator' retrieved from /home/airflow/.local/lib/python3.12/site-packages/airflow/example_dags/example_bash_operator.py
[2024-04-09T08:58:12.656+0000] {logging_mixin.py:188} INFO - [2024-04-09T08:58:12.656+0000] {dag.py:3096} INFO - Sync 1 DAGs
[2024-04-09T08:58:12.670+0000] {logging_mixin.py:188} INFO - [2024-04-09T08:58:12.670+0000] {dag.py:3954} INFO - Setting next_dagrun for example_bash_operator to 2024-04-08 00:00:00+00:00, run_after=2024-04-09 00:00:00+00:00
[2024-04-09T08:58:12.682+0000] {processor.py:183} INFO - Processing /home/airflow/.local/lib/python3.12/site-packages/airflow/example_dags/example_bash_operator.py took 0.053 seconds
