[2024-04-09T08:24:28.689+0000] {processor.py:161} INFO - Started process (PID=47) to work on /home/airflow/.local/lib/python3.12/site-packages/airflow/example_dags/example_task_group.py
[2024-04-09T08:24:28.689+0000] {processor.py:830} INFO - Processing file /home/airflow/.local/lib/python3.12/site-packages/airflow/example_dags/example_task_group.py for tasks to queue
[2024-04-09T08:24:28.690+0000] {logging_mixin.py:188} INFO - [2024-04-09T08:24:28.690+0000] {dagbag.py:540} INFO - Filling up the DagBag from /home/airflow/.local/lib/python3.12/site-packages/airflow/example_dags/example_task_group.py
[2024-04-09T08:24:28.697+0000] {processor.py:840} INFO - DAG(s) 'example_task_group' retrieved from /home/airflow/.local/lib/python3.12/site-packages/airflow/example_dags/example_task_group.py
[2024-04-09T08:24:28.706+0000] {logging_mixin.py:188} INFO - [2024-04-09T08:24:28.706+0000] {dag.py:3096} INFO - Sync 1 DAGs
[2024-04-09T08:24:28.723+0000] {logging_mixin.py:188} INFO - [2024-04-09T08:24:28.723+0000] {dag.py:3954} INFO - Setting next_dagrun for example_task_group to 2024-04-08 00:00:00+00:00, run_after=2024-04-09 00:00:00+00:00
[2024-04-09T08:24:28.738+0000] {processor.py:183} INFO - Processing /home/airflow/.local/lib/python3.12/site-packages/airflow/example_dags/example_task_group.py took 0.054 seconds
[2024-04-09T08:24:59.262+0000] {processor.py:161} INFO - Started process (PID=105) to work on /home/airflow/.local/lib/python3.12/site-packages/airflow/example_dags/example_task_group.py
[2024-04-09T08:24:59.263+0000] {processor.py:830} INFO - Processing file /home/airflow/.local/lib/python3.12/site-packages/airflow/example_dags/example_task_group.py for tasks to queue
[2024-04-09T08:24:59.264+0000] {logging_mixin.py:188} INFO - [2024-04-09T08:24:59.263+0000] {dagbag.py:540} INFO - Filling up the DagBag from /home/airflow/.local/lib/python3.12/site-packages/airflow/example_dags/example_task_group.py
[2024-04-09T08:24:59.267+0000] {processor.py:840} INFO - DAG(s) 'example_task_group' retrieved from /home/airflow/.local/lib/python3.12/site-packages/airflow/example_dags/example_task_group.py
[2024-04-09T08:24:59.326+0000] {logging_mixin.py:188} INFO - [2024-04-09T08:24:59.325+0000] {dag.py:3096} INFO - Sync 1 DAGs
[2024-04-09T08:24:59.337+0000] {logging_mixin.py:188} INFO - [2024-04-09T08:24:59.337+0000] {dag.py:3954} INFO - Setting next_dagrun for example_task_group to 2024-04-08 00:00:00+00:00, run_after=2024-04-09 00:00:00+00:00
[2024-04-09T08:24:59.351+0000] {processor.py:183} INFO - Processing /home/airflow/.local/lib/python3.12/site-packages/airflow/example_dags/example_task_group.py took 0.092 seconds
[2024-04-09T08:25:30.056+0000] {processor.py:161} INFO - Started process (PID=163) to work on /home/airflow/.local/lib/python3.12/site-packages/airflow/example_dags/example_task_group.py
[2024-04-09T08:25:30.057+0000] {processor.py:830} INFO - Processing file /home/airflow/.local/lib/python3.12/site-packages/airflow/example_dags/example_task_group.py for tasks to queue
[2024-04-09T08:25:30.058+0000] {logging_mixin.py:188} INFO - [2024-04-09T08:25:30.057+0000] {dagbag.py:540} INFO - Filling up the DagBag from /home/airflow/.local/lib/python3.12/site-packages/airflow/example_dags/example_task_group.py
[2024-04-09T08:25:30.061+0000] {processor.py:840} INFO - DAG(s) 'example_task_group' retrieved from /home/airflow/.local/lib/python3.12/site-packages/airflow/example_dags/example_task_group.py
[2024-04-09T08:25:30.073+0000] {logging_mixin.py:188} INFO - [2024-04-09T08:25:30.073+0000] {dag.py:3096} INFO - Sync 1 DAGs
[2024-04-09T08:25:30.086+0000] {logging_mixin.py:188} INFO - [2024-04-09T08:25:30.086+0000] {dag.py:3954} INFO - Setting next_dagrun for example_task_group to 2024-04-08 00:00:00+00:00, run_after=2024-04-09 00:00:00+00:00
[2024-04-09T08:25:30.098+0000] {processor.py:183} INFO - Processing /home/airflow/.local/lib/python3.12/site-packages/airflow/example_dags/example_task_group.py took 0.044 seconds
[2024-04-09T08:26:00.778+0000] {processor.py:161} INFO - Started process (PID=221) to work on /home/airflow/.local/lib/python3.12/site-packages/airflow/example_dags/example_task_group.py
[2024-04-09T08:26:00.778+0000] {processor.py:830} INFO - Processing file /home/airflow/.local/lib/python3.12/site-packages/airflow/example_dags/example_task_group.py for tasks to queue
[2024-04-09T08:26:00.780+0000] {logging_mixin.py:188} INFO - [2024-04-09T08:26:00.779+0000] {dagbag.py:540} INFO - Filling up the DagBag from /home/airflow/.local/lib/python3.12/site-packages/airflow/example_dags/example_task_group.py
[2024-04-09T08:26:00.783+0000] {processor.py:840} INFO - DAG(s) 'example_task_group' retrieved from /home/airflow/.local/lib/python3.12/site-packages/airflow/example_dags/example_task_group.py
[2024-04-09T08:26:00.796+0000] {logging_mixin.py:188} INFO - [2024-04-09T08:26:00.795+0000] {dag.py:3096} INFO - Sync 1 DAGs
[2024-04-09T08:26:00.809+0000] {logging_mixin.py:188} INFO - [2024-04-09T08:26:00.809+0000] {dag.py:3954} INFO - Setting next_dagrun for example_task_group to 2024-04-08 00:00:00+00:00, run_after=2024-04-09 00:00:00+00:00
[2024-04-09T08:26:00.821+0000] {processor.py:183} INFO - Processing /home/airflow/.local/lib/python3.12/site-packages/airflow/example_dags/example_task_group.py took 0.046 seconds
[2024-04-09T08:26:31.581+0000] {processor.py:161} INFO - Started process (PID=279) to work on /home/airflow/.local/lib/python3.12/site-packages/airflow/example_dags/example_task_group.py
[2024-04-09T08:26:31.582+0000] {processor.py:830} INFO - Processing file /home/airflow/.local/lib/python3.12/site-packages/airflow/example_dags/example_task_group.py for tasks to queue
[2024-04-09T08:26:31.583+0000] {logging_mixin.py:188} INFO - [2024-04-09T08:26:31.582+0000] {dagbag.py:540} INFO - Filling up the DagBag from /home/airflow/.local/lib/python3.12/site-packages/airflow/example_dags/example_task_group.py
[2024-04-09T08:26:31.587+0000] {processor.py:840} INFO - DAG(s) 'example_task_group' retrieved from /home/airflow/.local/lib/python3.12/site-packages/airflow/example_dags/example_task_group.py
[2024-04-09T08:26:31.599+0000] {logging_mixin.py:188} INFO - [2024-04-09T08:26:31.599+0000] {dag.py:3096} INFO - Sync 1 DAGs
[2024-04-09T08:26:31.612+0000] {logging_mixin.py:188} INFO - [2024-04-09T08:26:31.612+0000] {dag.py:3954} INFO - Setting next_dagrun for example_task_group to 2024-04-08 00:00:00+00:00, run_after=2024-04-09 00:00:00+00:00
[2024-04-09T08:26:31.624+0000] {processor.py:183} INFO - Processing /home/airflow/.local/lib/python3.12/site-packages/airflow/example_dags/example_task_group.py took 0.046 seconds
[2024-04-09T08:27:01.698+0000] {processor.py:161} INFO - Started process (PID=337) to work on /home/airflow/.local/lib/python3.12/site-packages/airflow/example_dags/example_task_group.py
[2024-04-09T08:27:01.698+0000] {processor.py:830} INFO - Processing file /home/airflow/.local/lib/python3.12/site-packages/airflow/example_dags/example_task_group.py for tasks to queue
[2024-04-09T08:27:01.699+0000] {logging_mixin.py:188} INFO - [2024-04-09T08:27:01.699+0000] {dagbag.py:540} INFO - Filling up the DagBag from /home/airflow/.local/lib/python3.12/site-packages/airflow/example_dags/example_task_group.py
[2024-04-09T08:27:01.704+0000] {processor.py:840} INFO - DAG(s) 'example_task_group' retrieved from /home/airflow/.local/lib/python3.12/site-packages/airflow/example_dags/example_task_group.py
[2024-04-09T08:27:01.718+0000] {logging_mixin.py:188} INFO - [2024-04-09T08:27:01.717+0000] {dag.py:3096} INFO - Sync 1 DAGs
[2024-04-09T08:27:01.733+0000] {logging_mixin.py:188} INFO - [2024-04-09T08:27:01.733+0000] {dag.py:3954} INFO - Setting next_dagrun for example_task_group to 2024-04-08 00:00:00+00:00, run_after=2024-04-09 00:00:00+00:00
[2024-04-09T08:27:01.745+0000] {processor.py:183} INFO - Processing /home/airflow/.local/lib/python3.12/site-packages/airflow/example_dags/example_task_group.py took 0.051 seconds
[2024-04-09T08:27:31.765+0000] {processor.py:161} INFO - Started process (PID=394) to work on /home/airflow/.local/lib/python3.12/site-packages/airflow/example_dags/example_task_group.py
[2024-04-09T08:27:31.766+0000] {processor.py:830} INFO - Processing file /home/airflow/.local/lib/python3.12/site-packages/airflow/example_dags/example_task_group.py for tasks to queue
[2024-04-09T08:27:31.767+0000] {logging_mixin.py:188} INFO - [2024-04-09T08:27:31.767+0000] {dagbag.py:540} INFO - Filling up the DagBag from /home/airflow/.local/lib/python3.12/site-packages/airflow/example_dags/example_task_group.py
[2024-04-09T08:27:31.770+0000] {processor.py:840} INFO - DAG(s) 'example_task_group' retrieved from /home/airflow/.local/lib/python3.12/site-packages/airflow/example_dags/example_task_group.py
[2024-04-09T08:27:31.782+0000] {logging_mixin.py:188} INFO - [2024-04-09T08:27:31.782+0000] {dag.py:3096} INFO - Sync 1 DAGs
[2024-04-09T08:27:31.794+0000] {logging_mixin.py:188} INFO - [2024-04-09T08:27:31.794+0000] {dag.py:3954} INFO - Setting next_dagrun for example_task_group to 2024-04-08 00:00:00+00:00, run_after=2024-04-09 00:00:00+00:00
[2024-04-09T08:27:31.804+0000] {processor.py:183} INFO - Processing /home/airflow/.local/lib/python3.12/site-packages/airflow/example_dags/example_task_group.py took 0.041 seconds
[2024-04-09T08:28:01.852+0000] {processor.py:161} INFO - Started process (PID=452) to work on /home/airflow/.local/lib/python3.12/site-packages/airflow/example_dags/example_task_group.py
[2024-04-09T08:28:01.852+0000] {processor.py:830} INFO - Processing file /home/airflow/.local/lib/python3.12/site-packages/airflow/example_dags/example_task_group.py for tasks to queue
[2024-04-09T08:28:01.853+0000] {logging_mixin.py:188} INFO - [2024-04-09T08:28:01.853+0000] {dagbag.py:540} INFO - Filling up the DagBag from /home/airflow/.local/lib/python3.12/site-packages/airflow/example_dags/example_task_group.py
[2024-04-09T08:28:01.857+0000] {processor.py:840} INFO - DAG(s) 'example_task_group' retrieved from /home/airflow/.local/lib/python3.12/site-packages/airflow/example_dags/example_task_group.py
[2024-04-09T08:28:01.868+0000] {logging_mixin.py:188} INFO - [2024-04-09T08:28:01.868+0000] {dag.py:3096} INFO - Sync 1 DAGs
[2024-04-09T08:28:01.880+0000] {logging_mixin.py:188} INFO - [2024-04-09T08:28:01.880+0000] {dag.py:3954} INFO - Setting next_dagrun for example_task_group to 2024-04-08 00:00:00+00:00, run_after=2024-04-09 00:00:00+00:00
[2024-04-09T08:28:01.890+0000] {processor.py:183} INFO - Processing /home/airflow/.local/lib/python3.12/site-packages/airflow/example_dags/example_task_group.py took 0.041 seconds
[2024-04-09T08:28:31.951+0000] {processor.py:161} INFO - Started process (PID=510) to work on /home/airflow/.local/lib/python3.12/site-packages/airflow/example_dags/example_task_group.py
[2024-04-09T08:28:31.951+0000] {processor.py:830} INFO - Processing file /home/airflow/.local/lib/python3.12/site-packages/airflow/example_dags/example_task_group.py for tasks to queue
[2024-04-09T08:28:31.952+0000] {logging_mixin.py:188} INFO - [2024-04-09T08:28:31.952+0000] {dagbag.py:540} INFO - Filling up the DagBag from /home/airflow/.local/lib/python3.12/site-packages/airflow/example_dags/example_task_group.py
[2024-04-09T08:28:31.956+0000] {processor.py:840} INFO - DAG(s) 'example_task_group' retrieved from /home/airflow/.local/lib/python3.12/site-packages/airflow/example_dags/example_task_group.py
[2024-04-09T08:28:31.968+0000] {logging_mixin.py:188} INFO - [2024-04-09T08:28:31.968+0000] {dag.py:3096} INFO - Sync 1 DAGs
[2024-04-09T08:28:31.980+0000] {logging_mixin.py:188} INFO - [2024-04-09T08:28:31.980+0000] {dag.py:3954} INFO - Setting next_dagrun for example_task_group to 2024-04-08 00:00:00+00:00, run_after=2024-04-09 00:00:00+00:00
[2024-04-09T08:28:31.991+0000] {processor.py:183} INFO - Processing /home/airflow/.local/lib/python3.12/site-packages/airflow/example_dags/example_task_group.py took 0.044 seconds
[2024-04-09T08:29:02.581+0000] {processor.py:161} INFO - Started process (PID=568) to work on /home/airflow/.local/lib/python3.12/site-packages/airflow/example_dags/example_task_group.py
[2024-04-09T08:29:02.582+0000] {processor.py:830} INFO - Processing file /home/airflow/.local/lib/python3.12/site-packages/airflow/example_dags/example_task_group.py for tasks to queue
[2024-04-09T08:29:02.583+0000] {logging_mixin.py:188} INFO - [2024-04-09T08:29:02.583+0000] {dagbag.py:540} INFO - Filling up the DagBag from /home/airflow/.local/lib/python3.12/site-packages/airflow/example_dags/example_task_group.py
[2024-04-09T08:29:02.586+0000] {processor.py:840} INFO - DAG(s) 'example_task_group' retrieved from /home/airflow/.local/lib/python3.12/site-packages/airflow/example_dags/example_task_group.py
[2024-04-09T08:29:02.598+0000] {logging_mixin.py:188} INFO - [2024-04-09T08:29:02.598+0000] {dag.py:3096} INFO - Sync 1 DAGs
[2024-04-09T08:29:02.610+0000] {logging_mixin.py:188} INFO - [2024-04-09T08:29:02.610+0000] {dag.py:3954} INFO - Setting next_dagrun for example_task_group to 2024-04-08 00:00:00+00:00, run_after=2024-04-09 00:00:00+00:00
[2024-04-09T08:29:02.620+0000] {processor.py:183} INFO - Processing /home/airflow/.local/lib/python3.12/site-packages/airflow/example_dags/example_task_group.py took 0.042 seconds
[2024-04-09T08:29:33.379+0000] {processor.py:161} INFO - Started process (PID=626) to work on /home/airflow/.local/lib/python3.12/site-packages/airflow/example_dags/example_task_group.py
[2024-04-09T08:29:33.380+0000] {processor.py:830} INFO - Processing file /home/airflow/.local/lib/python3.12/site-packages/airflow/example_dags/example_task_group.py for tasks to queue
[2024-04-09T08:29:33.381+0000] {logging_mixin.py:188} INFO - [2024-04-09T08:29:33.381+0000] {dagbag.py:540} INFO - Filling up the DagBag from /home/airflow/.local/lib/python3.12/site-packages/airflow/example_dags/example_task_group.py
[2024-04-09T08:29:33.385+0000] {processor.py:840} INFO - DAG(s) 'example_task_group' retrieved from /home/airflow/.local/lib/python3.12/site-packages/airflow/example_dags/example_task_group.py
[2024-04-09T08:29:33.398+0000] {logging_mixin.py:188} INFO - [2024-04-09T08:29:33.398+0000] {dag.py:3096} INFO - Sync 1 DAGs
[2024-04-09T08:29:33.412+0000] {logging_mixin.py:188} INFO - [2024-04-09T08:29:33.412+0000] {dag.py:3954} INFO - Setting next_dagrun for example_task_group to 2024-04-08 00:00:00+00:00, run_after=2024-04-09 00:00:00+00:00
[2024-04-09T08:29:33.423+0000] {processor.py:183} INFO - Processing /home/airflow/.local/lib/python3.12/site-packages/airflow/example_dags/example_task_group.py took 0.047 seconds
[2024-04-09T08:30:04.101+0000] {processor.py:161} INFO - Started process (PID=684) to work on /home/airflow/.local/lib/python3.12/site-packages/airflow/example_dags/example_task_group.py
[2024-04-09T08:30:04.102+0000] {processor.py:830} INFO - Processing file /home/airflow/.local/lib/python3.12/site-packages/airflow/example_dags/example_task_group.py for tasks to queue
[2024-04-09T08:30:04.103+0000] {logging_mixin.py:188} INFO - [2024-04-09T08:30:04.103+0000] {dagbag.py:540} INFO - Filling up the DagBag from /home/airflow/.local/lib/python3.12/site-packages/airflow/example_dags/example_task_group.py
[2024-04-09T08:30:04.107+0000] {processor.py:840} INFO - DAG(s) 'example_task_group' retrieved from /home/airflow/.local/lib/python3.12/site-packages/airflow/example_dags/example_task_group.py
[2024-04-09T08:30:04.119+0000] {logging_mixin.py:188} INFO - [2024-04-09T08:30:04.119+0000] {dag.py:3096} INFO - Sync 1 DAGs
[2024-04-09T08:30:04.133+0000] {logging_mixin.py:188} INFO - [2024-04-09T08:30:04.133+0000] {dag.py:3954} INFO - Setting next_dagrun for example_task_group to 2024-04-08 00:00:00+00:00, run_after=2024-04-09 00:00:00+00:00
[2024-04-09T08:30:04.144+0000] {processor.py:183} INFO - Processing /home/airflow/.local/lib/python3.12/site-packages/airflow/example_dags/example_task_group.py took 0.047 seconds
[2024-04-09T08:30:34.754+0000] {processor.py:161} INFO - Started process (PID=742) to work on /home/airflow/.local/lib/python3.12/site-packages/airflow/example_dags/example_task_group.py
[2024-04-09T08:30:34.754+0000] {processor.py:830} INFO - Processing file /home/airflow/.local/lib/python3.12/site-packages/airflow/example_dags/example_task_group.py for tasks to queue
[2024-04-09T08:30:34.756+0000] {logging_mixin.py:188} INFO - [2024-04-09T08:30:34.755+0000] {dagbag.py:540} INFO - Filling up the DagBag from /home/airflow/.local/lib/python3.12/site-packages/airflow/example_dags/example_task_group.py
[2024-04-09T08:30:34.760+0000] {processor.py:840} INFO - DAG(s) 'example_task_group' retrieved from /home/airflow/.local/lib/python3.12/site-packages/airflow/example_dags/example_task_group.py
[2024-04-09T08:30:34.773+0000] {logging_mixin.py:188} INFO - [2024-04-09T08:30:34.773+0000] {dag.py:3096} INFO - Sync 1 DAGs
[2024-04-09T08:30:34.786+0000] {logging_mixin.py:188} INFO - [2024-04-09T08:30:34.786+0000] {dag.py:3954} INFO - Setting next_dagrun for example_task_group to 2024-04-08 00:00:00+00:00, run_after=2024-04-09 00:00:00+00:00
[2024-04-09T08:30:34.797+0000] {processor.py:183} INFO - Processing /home/airflow/.local/lib/python3.12/site-packages/airflow/example_dags/example_task_group.py took 0.046 seconds
[2024-04-09T08:31:05.080+0000] {processor.py:161} INFO - Started process (PID=800) to work on /home/airflow/.local/lib/python3.12/site-packages/airflow/example_dags/example_task_group.py
[2024-04-09T08:31:05.080+0000] {processor.py:830} INFO - Processing file /home/airflow/.local/lib/python3.12/site-packages/airflow/example_dags/example_task_group.py for tasks to queue
[2024-04-09T08:31:05.081+0000] {logging_mixin.py:188} INFO - [2024-04-09T08:31:05.081+0000] {dagbag.py:540} INFO - Filling up the DagBag from /home/airflow/.local/lib/python3.12/site-packages/airflow/example_dags/example_task_group.py
[2024-04-09T08:31:05.086+0000] {processor.py:840} INFO - DAG(s) 'example_task_group' retrieved from /home/airflow/.local/lib/python3.12/site-packages/airflow/example_dags/example_task_group.py
[2024-04-09T08:31:05.098+0000] {logging_mixin.py:188} INFO - [2024-04-09T08:31:05.098+0000] {dag.py:3096} INFO - Sync 1 DAGs
[2024-04-09T08:31:05.113+0000] {logging_mixin.py:188} INFO - [2024-04-09T08:31:05.112+0000] {dag.py:3954} INFO - Setting next_dagrun for example_task_group to 2024-04-08 00:00:00+00:00, run_after=2024-04-09 00:00:00+00:00
[2024-04-09T08:31:05.124+0000] {processor.py:183} INFO - Processing /home/airflow/.local/lib/python3.12/site-packages/airflow/example_dags/example_task_group.py took 0.048 seconds
[2024-04-09T08:31:35.339+0000] {processor.py:161} INFO - Started process (PID=858) to work on /home/airflow/.local/lib/python3.12/site-packages/airflow/example_dags/example_task_group.py
[2024-04-09T08:31:35.339+0000] {processor.py:830} INFO - Processing file /home/airflow/.local/lib/python3.12/site-packages/airflow/example_dags/example_task_group.py for tasks to queue
[2024-04-09T08:31:35.341+0000] {logging_mixin.py:188} INFO - [2024-04-09T08:31:35.340+0000] {dagbag.py:540} INFO - Filling up the DagBag from /home/airflow/.local/lib/python3.12/site-packages/airflow/example_dags/example_task_group.py
[2024-04-09T08:31:35.345+0000] {processor.py:840} INFO - DAG(s) 'example_task_group' retrieved from /home/airflow/.local/lib/python3.12/site-packages/airflow/example_dags/example_task_group.py
[2024-04-09T08:31:35.359+0000] {logging_mixin.py:188} INFO - [2024-04-09T08:31:35.358+0000] {dag.py:3096} INFO - Sync 1 DAGs
[2024-04-09T08:31:35.372+0000] {logging_mixin.py:188} INFO - [2024-04-09T08:31:35.372+0000] {dag.py:3954} INFO - Setting next_dagrun for example_task_group to 2024-04-08 00:00:00+00:00, run_after=2024-04-09 00:00:00+00:00
[2024-04-09T08:31:35.384+0000] {processor.py:183} INFO - Processing /home/airflow/.local/lib/python3.12/site-packages/airflow/example_dags/example_task_group.py took 0.048 seconds
[2024-04-09T08:32:05.859+0000] {processor.py:161} INFO - Started process (PID=916) to work on /home/airflow/.local/lib/python3.12/site-packages/airflow/example_dags/example_task_group.py
[2024-04-09T08:32:05.859+0000] {processor.py:830} INFO - Processing file /home/airflow/.local/lib/python3.12/site-packages/airflow/example_dags/example_task_group.py for tasks to queue
[2024-04-09T08:32:05.860+0000] {logging_mixin.py:188} INFO - [2024-04-09T08:32:05.860+0000] {dagbag.py:540} INFO - Filling up the DagBag from /home/airflow/.local/lib/python3.12/site-packages/airflow/example_dags/example_task_group.py
[2024-04-09T08:32:05.864+0000] {processor.py:840} INFO - DAG(s) 'example_task_group' retrieved from /home/airflow/.local/lib/python3.12/site-packages/airflow/example_dags/example_task_group.py
[2024-04-09T08:32:05.877+0000] {logging_mixin.py:188} INFO - [2024-04-09T08:32:05.877+0000] {dag.py:3096} INFO - Sync 1 DAGs
[2024-04-09T08:32:05.891+0000] {logging_mixin.py:188} INFO - [2024-04-09T08:32:05.891+0000] {dag.py:3954} INFO - Setting next_dagrun for example_task_group to 2024-04-08 00:00:00+00:00, run_after=2024-04-09 00:00:00+00:00
[2024-04-09T08:32:05.902+0000] {processor.py:183} INFO - Processing /home/airflow/.local/lib/python3.12/site-packages/airflow/example_dags/example_task_group.py took 0.046 seconds
[2024-04-09T08:32:36.018+0000] {processor.py:161} INFO - Started process (PID=974) to work on /home/airflow/.local/lib/python3.12/site-packages/airflow/example_dags/example_task_group.py
[2024-04-09T08:32:36.018+0000] {processor.py:830} INFO - Processing file /home/airflow/.local/lib/python3.12/site-packages/airflow/example_dags/example_task_group.py for tasks to queue
[2024-04-09T08:32:36.019+0000] {logging_mixin.py:188} INFO - [2024-04-09T08:32:36.019+0000] {dagbag.py:540} INFO - Filling up the DagBag from /home/airflow/.local/lib/python3.12/site-packages/airflow/example_dags/example_task_group.py
[2024-04-09T08:32:36.023+0000] {processor.py:840} INFO - DAG(s) 'example_task_group' retrieved from /home/airflow/.local/lib/python3.12/site-packages/airflow/example_dags/example_task_group.py
[2024-04-09T08:32:36.034+0000] {logging_mixin.py:188} INFO - [2024-04-09T08:32:36.034+0000] {dag.py:3096} INFO - Sync 1 DAGs
[2024-04-09T08:32:36.047+0000] {logging_mixin.py:188} INFO - [2024-04-09T08:32:36.046+0000] {dag.py:3954} INFO - Setting next_dagrun for example_task_group to 2024-04-08 00:00:00+00:00, run_after=2024-04-09 00:00:00+00:00
[2024-04-09T08:32:36.056+0000] {processor.py:183} INFO - Processing /home/airflow/.local/lib/python3.12/site-packages/airflow/example_dags/example_task_group.py took 0.042 seconds
[2024-04-09T08:33:06.415+0000] {processor.py:161} INFO - Started process (PID=1032) to work on /home/airflow/.local/lib/python3.12/site-packages/airflow/example_dags/example_task_group.py
[2024-04-09T08:33:06.416+0000] {processor.py:830} INFO - Processing file /home/airflow/.local/lib/python3.12/site-packages/airflow/example_dags/example_task_group.py for tasks to queue
[2024-04-09T08:33:06.417+0000] {logging_mixin.py:188} INFO - [2024-04-09T08:33:06.417+0000] {dagbag.py:540} INFO - Filling up the DagBag from /home/airflow/.local/lib/python3.12/site-packages/airflow/example_dags/example_task_group.py
[2024-04-09T08:33:06.421+0000] {processor.py:840} INFO - DAG(s) 'example_task_group' retrieved from /home/airflow/.local/lib/python3.12/site-packages/airflow/example_dags/example_task_group.py
[2024-04-09T08:33:06.434+0000] {logging_mixin.py:188} INFO - [2024-04-09T08:33:06.434+0000] {dag.py:3096} INFO - Sync 1 DAGs
[2024-04-09T08:33:06.447+0000] {logging_mixin.py:188} INFO - [2024-04-09T08:33:06.447+0000] {dag.py:3954} INFO - Setting next_dagrun for example_task_group to 2024-04-08 00:00:00+00:00, run_after=2024-04-09 00:00:00+00:00
[2024-04-09T08:33:06.459+0000] {processor.py:183} INFO - Processing /home/airflow/.local/lib/python3.12/site-packages/airflow/example_dags/example_task_group.py took 0.048 seconds
[2024-04-09T08:33:36.714+0000] {processor.py:161} INFO - Started process (PID=1090) to work on /home/airflow/.local/lib/python3.12/site-packages/airflow/example_dags/example_task_group.py
[2024-04-09T08:33:36.715+0000] {processor.py:830} INFO - Processing file /home/airflow/.local/lib/python3.12/site-packages/airflow/example_dags/example_task_group.py for tasks to queue
[2024-04-09T08:33:36.716+0000] {logging_mixin.py:188} INFO - [2024-04-09T08:33:36.716+0000] {dagbag.py:540} INFO - Filling up the DagBag from /home/airflow/.local/lib/python3.12/site-packages/airflow/example_dags/example_task_group.py
[2024-04-09T08:33:36.720+0000] {processor.py:840} INFO - DAG(s) 'example_task_group' retrieved from /home/airflow/.local/lib/python3.12/site-packages/airflow/example_dags/example_task_group.py
[2024-04-09T08:33:36.732+0000] {logging_mixin.py:188} INFO - [2024-04-09T08:33:36.732+0000] {dag.py:3096} INFO - Sync 1 DAGs
[2024-04-09T08:33:36.745+0000] {logging_mixin.py:188} INFO - [2024-04-09T08:33:36.745+0000] {dag.py:3954} INFO - Setting next_dagrun for example_task_group to 2024-04-08 00:00:00+00:00, run_after=2024-04-09 00:00:00+00:00
[2024-04-09T08:33:36.757+0000] {processor.py:183} INFO - Processing /home/airflow/.local/lib/python3.12/site-packages/airflow/example_dags/example_task_group.py took 0.045 seconds
[2024-04-09T08:34:07.525+0000] {processor.py:161} INFO - Started process (PID=1148) to work on /home/airflow/.local/lib/python3.12/site-packages/airflow/example_dags/example_task_group.py
[2024-04-09T08:34:07.526+0000] {processor.py:830} INFO - Processing file /home/airflow/.local/lib/python3.12/site-packages/airflow/example_dags/example_task_group.py for tasks to queue
[2024-04-09T08:34:07.527+0000] {logging_mixin.py:188} INFO - [2024-04-09T08:34:07.527+0000] {dagbag.py:540} INFO - Filling up the DagBag from /home/airflow/.local/lib/python3.12/site-packages/airflow/example_dags/example_task_group.py
[2024-04-09T08:34:07.533+0000] {processor.py:840} INFO - DAG(s) 'example_task_group' retrieved from /home/airflow/.local/lib/python3.12/site-packages/airflow/example_dags/example_task_group.py
[2024-04-09T08:34:07.546+0000] {logging_mixin.py:188} INFO - [2024-04-09T08:34:07.546+0000] {dag.py:3096} INFO - Sync 1 DAGs
[2024-04-09T08:34:07.560+0000] {logging_mixin.py:188} INFO - [2024-04-09T08:34:07.560+0000] {dag.py:3954} INFO - Setting next_dagrun for example_task_group to 2024-04-08 00:00:00+00:00, run_after=2024-04-09 00:00:00+00:00
[2024-04-09T08:34:07.571+0000] {processor.py:183} INFO - Processing /home/airflow/.local/lib/python3.12/site-packages/airflow/example_dags/example_task_group.py took 0.048 seconds
[2024-04-09T08:34:38.539+0000] {processor.py:161} INFO - Started process (PID=1206) to work on /home/airflow/.local/lib/python3.12/site-packages/airflow/example_dags/example_task_group.py
[2024-04-09T08:34:38.539+0000] {processor.py:830} INFO - Processing file /home/airflow/.local/lib/python3.12/site-packages/airflow/example_dags/example_task_group.py for tasks to queue
[2024-04-09T08:34:38.540+0000] {logging_mixin.py:188} INFO - [2024-04-09T08:34:38.540+0000] {dagbag.py:540} INFO - Filling up the DagBag from /home/airflow/.local/lib/python3.12/site-packages/airflow/example_dags/example_task_group.py
[2024-04-09T08:34:38.545+0000] {processor.py:840} INFO - DAG(s) 'example_task_group' retrieved from /home/airflow/.local/lib/python3.12/site-packages/airflow/example_dags/example_task_group.py
[2024-04-09T08:34:38.557+0000] {logging_mixin.py:188} INFO - [2024-04-09T08:34:38.557+0000] {dag.py:3096} INFO - Sync 1 DAGs
[2024-04-09T08:34:38.570+0000] {logging_mixin.py:188} INFO - [2024-04-09T08:34:38.570+0000] {dag.py:3954} INFO - Setting next_dagrun for example_task_group to 2024-04-08 00:00:00+00:00, run_after=2024-04-09 00:00:00+00:00
[2024-04-09T08:34:38.580+0000] {processor.py:183} INFO - Processing /home/airflow/.local/lib/python3.12/site-packages/airflow/example_dags/example_task_group.py took 0.044 seconds
[2024-04-09T08:35:08.632+0000] {processor.py:161} INFO - Started process (PID=1264) to work on /home/airflow/.local/lib/python3.12/site-packages/airflow/example_dags/example_task_group.py
[2024-04-09T08:35:08.633+0000] {processor.py:830} INFO - Processing file /home/airflow/.local/lib/python3.12/site-packages/airflow/example_dags/example_task_group.py for tasks to queue
[2024-04-09T08:35:08.634+0000] {logging_mixin.py:188} INFO - [2024-04-09T08:35:08.634+0000] {dagbag.py:540} INFO - Filling up the DagBag from /home/airflow/.local/lib/python3.12/site-packages/airflow/example_dags/example_task_group.py
[2024-04-09T08:35:08.638+0000] {processor.py:840} INFO - DAG(s) 'example_task_group' retrieved from /home/airflow/.local/lib/python3.12/site-packages/airflow/example_dags/example_task_group.py
[2024-04-09T08:35:08.649+0000] {logging_mixin.py:188} INFO - [2024-04-09T08:35:08.649+0000] {dag.py:3096} INFO - Sync 1 DAGs
[2024-04-09T08:35:08.662+0000] {logging_mixin.py:188} INFO - [2024-04-09T08:35:08.662+0000] {dag.py:3954} INFO - Setting next_dagrun for example_task_group to 2024-04-08 00:00:00+00:00, run_after=2024-04-09 00:00:00+00:00
[2024-04-09T08:35:08.674+0000] {processor.py:183} INFO - Processing /home/airflow/.local/lib/python3.12/site-packages/airflow/example_dags/example_task_group.py took 0.044 seconds
[2024-04-09T08:35:38.707+0000] {processor.py:161} INFO - Started process (PID=1322) to work on /home/airflow/.local/lib/python3.12/site-packages/airflow/example_dags/example_task_group.py
[2024-04-09T08:35:38.707+0000] {processor.py:830} INFO - Processing file /home/airflow/.local/lib/python3.12/site-packages/airflow/example_dags/example_task_group.py for tasks to queue
[2024-04-09T08:35:38.708+0000] {logging_mixin.py:188} INFO - [2024-04-09T08:35:38.708+0000] {dagbag.py:540} INFO - Filling up the DagBag from /home/airflow/.local/lib/python3.12/site-packages/airflow/example_dags/example_task_group.py
[2024-04-09T08:35:38.712+0000] {processor.py:840} INFO - DAG(s) 'example_task_group' retrieved from /home/airflow/.local/lib/python3.12/site-packages/airflow/example_dags/example_task_group.py
[2024-04-09T08:35:38.724+0000] {logging_mixin.py:188} INFO - [2024-04-09T08:35:38.723+0000] {dag.py:3096} INFO - Sync 1 DAGs
[2024-04-09T08:35:38.736+0000] {logging_mixin.py:188} INFO - [2024-04-09T08:35:38.736+0000] {dag.py:3954} INFO - Setting next_dagrun for example_task_group to 2024-04-08 00:00:00+00:00, run_after=2024-04-09 00:00:00+00:00
[2024-04-09T08:35:38.747+0000] {processor.py:183} INFO - Processing /home/airflow/.local/lib/python3.12/site-packages/airflow/example_dags/example_task_group.py took 0.043 seconds
[2024-04-09T08:36:09.472+0000] {processor.py:161} INFO - Started process (PID=1380) to work on /home/airflow/.local/lib/python3.12/site-packages/airflow/example_dags/example_task_group.py
[2024-04-09T08:36:09.472+0000] {processor.py:830} INFO - Processing file /home/airflow/.local/lib/python3.12/site-packages/airflow/example_dags/example_task_group.py for tasks to queue
[2024-04-09T08:36:09.473+0000] {logging_mixin.py:188} INFO - [2024-04-09T08:36:09.473+0000] {dagbag.py:540} INFO - Filling up the DagBag from /home/airflow/.local/lib/python3.12/site-packages/airflow/example_dags/example_task_group.py
[2024-04-09T08:36:09.477+0000] {processor.py:840} INFO - DAG(s) 'example_task_group' retrieved from /home/airflow/.local/lib/python3.12/site-packages/airflow/example_dags/example_task_group.py
[2024-04-09T08:36:09.488+0000] {logging_mixin.py:188} INFO - [2024-04-09T08:36:09.488+0000] {dag.py:3096} INFO - Sync 1 DAGs
[2024-04-09T08:36:09.500+0000] {logging_mixin.py:188} INFO - [2024-04-09T08:36:09.500+0000] {dag.py:3954} INFO - Setting next_dagrun for example_task_group to 2024-04-08 00:00:00+00:00, run_after=2024-04-09 00:00:00+00:00
[2024-04-09T08:36:09.510+0000] {processor.py:183} INFO - Processing /home/airflow/.local/lib/python3.12/site-packages/airflow/example_dags/example_task_group.py took 0.041 seconds
[2024-04-09T08:36:40.167+0000] {processor.py:161} INFO - Started process (PID=1438) to work on /home/airflow/.local/lib/python3.12/site-packages/airflow/example_dags/example_task_group.py
[2024-04-09T08:36:40.168+0000] {processor.py:830} INFO - Processing file /home/airflow/.local/lib/python3.12/site-packages/airflow/example_dags/example_task_group.py for tasks to queue
[2024-04-09T08:36:40.169+0000] {logging_mixin.py:188} INFO - [2024-04-09T08:36:40.169+0000] {dagbag.py:540} INFO - Filling up the DagBag from /home/airflow/.local/lib/python3.12/site-packages/airflow/example_dags/example_task_group.py
[2024-04-09T08:36:40.173+0000] {processor.py:840} INFO - DAG(s) 'example_task_group' retrieved from /home/airflow/.local/lib/python3.12/site-packages/airflow/example_dags/example_task_group.py
[2024-04-09T08:36:40.187+0000] {logging_mixin.py:188} INFO - [2024-04-09T08:36:40.186+0000] {dag.py:3096} INFO - Sync 1 DAGs
[2024-04-09T08:36:40.202+0000] {logging_mixin.py:188} INFO - [2024-04-09T08:36:40.202+0000] {dag.py:3954} INFO - Setting next_dagrun for example_task_group to 2024-04-08 00:00:00+00:00, run_after=2024-04-09 00:00:00+00:00
[2024-04-09T08:36:40.214+0000] {processor.py:183} INFO - Processing /home/airflow/.local/lib/python3.12/site-packages/airflow/example_dags/example_task_group.py took 0.051 seconds
[2024-04-09T08:37:10.798+0000] {processor.py:161} INFO - Started process (PID=1496) to work on /home/airflow/.local/lib/python3.12/site-packages/airflow/example_dags/example_task_group.py
[2024-04-09T08:37:10.798+0000] {processor.py:830} INFO - Processing file /home/airflow/.local/lib/python3.12/site-packages/airflow/example_dags/example_task_group.py for tasks to queue
[2024-04-09T08:37:10.799+0000] {logging_mixin.py:188} INFO - [2024-04-09T08:37:10.799+0000] {dagbag.py:540} INFO - Filling up the DagBag from /home/airflow/.local/lib/python3.12/site-packages/airflow/example_dags/example_task_group.py
[2024-04-09T08:37:10.803+0000] {processor.py:840} INFO - DAG(s) 'example_task_group' retrieved from /home/airflow/.local/lib/python3.12/site-packages/airflow/example_dags/example_task_group.py
[2024-04-09T08:37:10.815+0000] {logging_mixin.py:188} INFO - [2024-04-09T08:37:10.815+0000] {dag.py:3096} INFO - Sync 1 DAGs
[2024-04-09T08:37:10.828+0000] {logging_mixin.py:188} INFO - [2024-04-09T08:37:10.828+0000] {dag.py:3954} INFO - Setting next_dagrun for example_task_group to 2024-04-08 00:00:00+00:00, run_after=2024-04-09 00:00:00+00:00
[2024-04-09T08:37:10.840+0000] {processor.py:183} INFO - Processing /home/airflow/.local/lib/python3.12/site-packages/airflow/example_dags/example_task_group.py took 0.045 seconds
[2024-04-09T08:37:41.370+0000] {processor.py:161} INFO - Started process (PID=1554) to work on /home/airflow/.local/lib/python3.12/site-packages/airflow/example_dags/example_task_group.py
[2024-04-09T08:37:41.370+0000] {processor.py:830} INFO - Processing file /home/airflow/.local/lib/python3.12/site-packages/airflow/example_dags/example_task_group.py for tasks to queue
[2024-04-09T08:37:41.371+0000] {logging_mixin.py:188} INFO - [2024-04-09T08:37:41.371+0000] {dagbag.py:540} INFO - Filling up the DagBag from /home/airflow/.local/lib/python3.12/site-packages/airflow/example_dags/example_task_group.py
[2024-04-09T08:37:41.375+0000] {processor.py:840} INFO - DAG(s) 'example_task_group' retrieved from /home/airflow/.local/lib/python3.12/site-packages/airflow/example_dags/example_task_group.py
[2024-04-09T08:37:41.388+0000] {logging_mixin.py:188} INFO - [2024-04-09T08:37:41.387+0000] {dag.py:3096} INFO - Sync 1 DAGs
[2024-04-09T08:37:41.401+0000] {logging_mixin.py:188} INFO - [2024-04-09T08:37:41.401+0000] {dag.py:3954} INFO - Setting next_dagrun for example_task_group to 2024-04-08 00:00:00+00:00, run_after=2024-04-09 00:00:00+00:00
[2024-04-09T08:37:41.413+0000] {processor.py:183} INFO - Processing /home/airflow/.local/lib/python3.12/site-packages/airflow/example_dags/example_task_group.py took 0.046 seconds
[2024-04-09T08:38:11.942+0000] {processor.py:161} INFO - Started process (PID=1612) to work on /home/airflow/.local/lib/python3.12/site-packages/airflow/example_dags/example_task_group.py
[2024-04-09T08:38:11.943+0000] {processor.py:830} INFO - Processing file /home/airflow/.local/lib/python3.12/site-packages/airflow/example_dags/example_task_group.py for tasks to queue
[2024-04-09T08:38:11.944+0000] {logging_mixin.py:188} INFO - [2024-04-09T08:38:11.944+0000] {dagbag.py:540} INFO - Filling up the DagBag from /home/airflow/.local/lib/python3.12/site-packages/airflow/example_dags/example_task_group.py
[2024-04-09T08:38:11.948+0000] {processor.py:840} INFO - DAG(s) 'example_task_group' retrieved from /home/airflow/.local/lib/python3.12/site-packages/airflow/example_dags/example_task_group.py
[2024-04-09T08:38:11.959+0000] {logging_mixin.py:188} INFO - [2024-04-09T08:38:11.959+0000] {dag.py:3096} INFO - Sync 1 DAGs
[2024-04-09T08:38:11.972+0000] {logging_mixin.py:188} INFO - [2024-04-09T08:38:11.972+0000] {dag.py:3954} INFO - Setting next_dagrun for example_task_group to 2024-04-08 00:00:00+00:00, run_after=2024-04-09 00:00:00+00:00
[2024-04-09T08:38:11.983+0000] {processor.py:183} INFO - Processing /home/airflow/.local/lib/python3.12/site-packages/airflow/example_dags/example_task_group.py took 0.044 seconds
[2024-04-09T08:38:42.638+0000] {processor.py:161} INFO - Started process (PID=1670) to work on /home/airflow/.local/lib/python3.12/site-packages/airflow/example_dags/example_task_group.py
[2024-04-09T08:38:42.638+0000] {processor.py:830} INFO - Processing file /home/airflow/.local/lib/python3.12/site-packages/airflow/example_dags/example_task_group.py for tasks to queue
[2024-04-09T08:38:42.639+0000] {logging_mixin.py:188} INFO - [2024-04-09T08:38:42.639+0000] {dagbag.py:540} INFO - Filling up the DagBag from /home/airflow/.local/lib/python3.12/site-packages/airflow/example_dags/example_task_group.py
[2024-04-09T08:38:42.643+0000] {processor.py:840} INFO - DAG(s) 'example_task_group' retrieved from /home/airflow/.local/lib/python3.12/site-packages/airflow/example_dags/example_task_group.py
[2024-04-09T08:38:42.654+0000] {logging_mixin.py:188} INFO - [2024-04-09T08:38:42.654+0000] {dag.py:3096} INFO - Sync 1 DAGs
[2024-04-09T08:38:42.667+0000] {logging_mixin.py:188} INFO - [2024-04-09T08:38:42.666+0000] {dag.py:3954} INFO - Setting next_dagrun for example_task_group to 2024-04-08 00:00:00+00:00, run_after=2024-04-09 00:00:00+00:00
[2024-04-09T08:38:42.678+0000] {processor.py:183} INFO - Processing /home/airflow/.local/lib/python3.12/site-packages/airflow/example_dags/example_task_group.py took 0.043 seconds
[2024-04-09T08:39:13.309+0000] {processor.py:161} INFO - Started process (PID=1728) to work on /home/airflow/.local/lib/python3.12/site-packages/airflow/example_dags/example_task_group.py
[2024-04-09T08:39:13.309+0000] {processor.py:830} INFO - Processing file /home/airflow/.local/lib/python3.12/site-packages/airflow/example_dags/example_task_group.py for tasks to queue
[2024-04-09T08:39:13.310+0000] {logging_mixin.py:188} INFO - [2024-04-09T08:39:13.310+0000] {dagbag.py:540} INFO - Filling up the DagBag from /home/airflow/.local/lib/python3.12/site-packages/airflow/example_dags/example_task_group.py
[2024-04-09T08:39:13.314+0000] {processor.py:840} INFO - DAG(s) 'example_task_group' retrieved from /home/airflow/.local/lib/python3.12/site-packages/airflow/example_dags/example_task_group.py
[2024-04-09T08:39:13.326+0000] {logging_mixin.py:188} INFO - [2024-04-09T08:39:13.326+0000] {dag.py:3096} INFO - Sync 1 DAGs
[2024-04-09T08:39:13.338+0000] {logging_mixin.py:188} INFO - [2024-04-09T08:39:13.338+0000] {dag.py:3954} INFO - Setting next_dagrun for example_task_group to 2024-04-08 00:00:00+00:00, run_after=2024-04-09 00:00:00+00:00
[2024-04-09T08:39:13.350+0000] {processor.py:183} INFO - Processing /home/airflow/.local/lib/python3.12/site-packages/airflow/example_dags/example_task_group.py took 0.044 seconds
[2024-04-09T08:39:43.907+0000] {processor.py:161} INFO - Started process (PID=1786) to work on /home/airflow/.local/lib/python3.12/site-packages/airflow/example_dags/example_task_group.py
[2024-04-09T08:39:43.908+0000] {processor.py:830} INFO - Processing file /home/airflow/.local/lib/python3.12/site-packages/airflow/example_dags/example_task_group.py for tasks to queue
[2024-04-09T08:39:43.909+0000] {logging_mixin.py:188} INFO - [2024-04-09T08:39:43.908+0000] {dagbag.py:540} INFO - Filling up the DagBag from /home/airflow/.local/lib/python3.12/site-packages/airflow/example_dags/example_task_group.py
[2024-04-09T08:39:43.913+0000] {processor.py:840} INFO - DAG(s) 'example_task_group' retrieved from /home/airflow/.local/lib/python3.12/site-packages/airflow/example_dags/example_task_group.py
[2024-04-09T08:39:43.924+0000] {logging_mixin.py:188} INFO - [2024-04-09T08:39:43.924+0000] {dag.py:3096} INFO - Sync 1 DAGs
[2024-04-09T08:39:43.937+0000] {logging_mixin.py:188} INFO - [2024-04-09T08:39:43.937+0000] {dag.py:3954} INFO - Setting next_dagrun for example_task_group to 2024-04-08 00:00:00+00:00, run_after=2024-04-09 00:00:00+00:00
[2024-04-09T08:39:43.947+0000] {processor.py:183} INFO - Processing /home/airflow/.local/lib/python3.12/site-packages/airflow/example_dags/example_task_group.py took 0.043 seconds
[2024-04-09T08:40:14.725+0000] {processor.py:161} INFO - Started process (PID=1844) to work on /home/airflow/.local/lib/python3.12/site-packages/airflow/example_dags/example_task_group.py
[2024-04-09T08:40:14.725+0000] {processor.py:830} INFO - Processing file /home/airflow/.local/lib/python3.12/site-packages/airflow/example_dags/example_task_group.py for tasks to queue
[2024-04-09T08:40:14.726+0000] {logging_mixin.py:188} INFO - [2024-04-09T08:40:14.726+0000] {dagbag.py:540} INFO - Filling up the DagBag from /home/airflow/.local/lib/python3.12/site-packages/airflow/example_dags/example_task_group.py
[2024-04-09T08:40:14.730+0000] {processor.py:840} INFO - DAG(s) 'example_task_group' retrieved from /home/airflow/.local/lib/python3.12/site-packages/airflow/example_dags/example_task_group.py
[2024-04-09T08:40:14.741+0000] {logging_mixin.py:188} INFO - [2024-04-09T08:40:14.741+0000] {dag.py:3096} INFO - Sync 1 DAGs
[2024-04-09T08:40:14.753+0000] {logging_mixin.py:188} INFO - [2024-04-09T08:40:14.753+0000] {dag.py:3954} INFO - Setting next_dagrun for example_task_group to 2024-04-08 00:00:00+00:00, run_after=2024-04-09 00:00:00+00:00
[2024-04-09T08:40:14.765+0000] {processor.py:183} INFO - Processing /home/airflow/.local/lib/python3.12/site-packages/airflow/example_dags/example_task_group.py took 0.043 seconds
[2024-04-09T08:40:45.303+0000] {processor.py:161} INFO - Started process (PID=1902) to work on /home/airflow/.local/lib/python3.12/site-packages/airflow/example_dags/example_task_group.py
[2024-04-09T08:40:45.304+0000] {processor.py:830} INFO - Processing file /home/airflow/.local/lib/python3.12/site-packages/airflow/example_dags/example_task_group.py for tasks to queue
[2024-04-09T08:40:45.305+0000] {logging_mixin.py:188} INFO - [2024-04-09T08:40:45.305+0000] {dagbag.py:540} INFO - Filling up the DagBag from /home/airflow/.local/lib/python3.12/site-packages/airflow/example_dags/example_task_group.py
[2024-04-09T08:40:45.308+0000] {processor.py:840} INFO - DAG(s) 'example_task_group' retrieved from /home/airflow/.local/lib/python3.12/site-packages/airflow/example_dags/example_task_group.py
[2024-04-09T08:40:45.320+0000] {logging_mixin.py:188} INFO - [2024-04-09T08:40:45.320+0000] {dag.py:3096} INFO - Sync 1 DAGs
[2024-04-09T08:40:45.332+0000] {logging_mixin.py:188} INFO - [2024-04-09T08:40:45.332+0000] {dag.py:3954} INFO - Setting next_dagrun for example_task_group to 2024-04-08 00:00:00+00:00, run_after=2024-04-09 00:00:00+00:00
[2024-04-09T08:40:45.342+0000] {processor.py:183} INFO - Processing /home/airflow/.local/lib/python3.12/site-packages/airflow/example_dags/example_task_group.py took 0.041 seconds
[2024-04-09T08:41:15.950+0000] {processor.py:161} INFO - Started process (PID=1960) to work on /home/airflow/.local/lib/python3.12/site-packages/airflow/example_dags/example_task_group.py
[2024-04-09T08:41:15.950+0000] {processor.py:830} INFO - Processing file /home/airflow/.local/lib/python3.12/site-packages/airflow/example_dags/example_task_group.py for tasks to queue
[2024-04-09T08:41:15.951+0000] {logging_mixin.py:188} INFO - [2024-04-09T08:41:15.951+0000] {dagbag.py:540} INFO - Filling up the DagBag from /home/airflow/.local/lib/python3.12/site-packages/airflow/example_dags/example_task_group.py
[2024-04-09T08:41:15.955+0000] {processor.py:840} INFO - DAG(s) 'example_task_group' retrieved from /home/airflow/.local/lib/python3.12/site-packages/airflow/example_dags/example_task_group.py
[2024-04-09T08:41:15.966+0000] {logging_mixin.py:188} INFO - [2024-04-09T08:41:15.966+0000] {dag.py:3096} INFO - Sync 1 DAGs
[2024-04-09T08:41:15.978+0000] {logging_mixin.py:188} INFO - [2024-04-09T08:41:15.978+0000] {dag.py:3954} INFO - Setting next_dagrun for example_task_group to 2024-04-08 00:00:00+00:00, run_after=2024-04-09 00:00:00+00:00
[2024-04-09T08:41:15.991+0000] {processor.py:183} INFO - Processing /home/airflow/.local/lib/python3.12/site-packages/airflow/example_dags/example_task_group.py took 0.044 seconds
[2024-04-09T08:41:46.751+0000] {processor.py:161} INFO - Started process (PID=2018) to work on /home/airflow/.local/lib/python3.12/site-packages/airflow/example_dags/example_task_group.py
[2024-04-09T08:41:46.751+0000] {processor.py:830} INFO - Processing file /home/airflow/.local/lib/python3.12/site-packages/airflow/example_dags/example_task_group.py for tasks to queue
[2024-04-09T08:41:46.752+0000] {logging_mixin.py:188} INFO - [2024-04-09T08:41:46.752+0000] {dagbag.py:540} INFO - Filling up the DagBag from /home/airflow/.local/lib/python3.12/site-packages/airflow/example_dags/example_task_group.py
[2024-04-09T08:41:46.756+0000] {processor.py:840} INFO - DAG(s) 'example_task_group' retrieved from /home/airflow/.local/lib/python3.12/site-packages/airflow/example_dags/example_task_group.py
[2024-04-09T08:41:46.767+0000] {logging_mixin.py:188} INFO - [2024-04-09T08:41:46.767+0000] {dag.py:3096} INFO - Sync 1 DAGs
[2024-04-09T08:41:46.779+0000] {logging_mixin.py:188} INFO - [2024-04-09T08:41:46.779+0000] {dag.py:3954} INFO - Setting next_dagrun for example_task_group to 2024-04-08 00:00:00+00:00, run_after=2024-04-09 00:00:00+00:00
[2024-04-09T08:41:46.791+0000] {processor.py:183} INFO - Processing /home/airflow/.local/lib/python3.12/site-packages/airflow/example_dags/example_task_group.py took 0.043 seconds
[2024-04-09T08:42:17.283+0000] {processor.py:161} INFO - Started process (PID=2076) to work on /home/airflow/.local/lib/python3.12/site-packages/airflow/example_dags/example_task_group.py
[2024-04-09T08:42:17.284+0000] {processor.py:830} INFO - Processing file /home/airflow/.local/lib/python3.12/site-packages/airflow/example_dags/example_task_group.py for tasks to queue
[2024-04-09T08:42:17.285+0000] {logging_mixin.py:188} INFO - [2024-04-09T08:42:17.285+0000] {dagbag.py:540} INFO - Filling up the DagBag from /home/airflow/.local/lib/python3.12/site-packages/airflow/example_dags/example_task_group.py
[2024-04-09T08:42:17.288+0000] {processor.py:840} INFO - DAG(s) 'example_task_group' retrieved from /home/airflow/.local/lib/python3.12/site-packages/airflow/example_dags/example_task_group.py
[2024-04-09T08:42:17.300+0000] {logging_mixin.py:188} INFO - [2024-04-09T08:42:17.300+0000] {dag.py:3096} INFO - Sync 1 DAGs
[2024-04-09T08:42:17.313+0000] {logging_mixin.py:188} INFO - [2024-04-09T08:42:17.313+0000] {dag.py:3954} INFO - Setting next_dagrun for example_task_group to 2024-04-08 00:00:00+00:00, run_after=2024-04-09 00:00:00+00:00
[2024-04-09T08:42:17.326+0000] {processor.py:183} INFO - Processing /home/airflow/.local/lib/python3.12/site-packages/airflow/example_dags/example_task_group.py took 0.045 seconds
[2024-04-09T08:42:48.063+0000] {processor.py:161} INFO - Started process (PID=2134) to work on /home/airflow/.local/lib/python3.12/site-packages/airflow/example_dags/example_task_group.py
[2024-04-09T08:42:48.063+0000] {processor.py:830} INFO - Processing file /home/airflow/.local/lib/python3.12/site-packages/airflow/example_dags/example_task_group.py for tasks to queue
[2024-04-09T08:42:48.064+0000] {logging_mixin.py:188} INFO - [2024-04-09T08:42:48.064+0000] {dagbag.py:540} INFO - Filling up the DagBag from /home/airflow/.local/lib/python3.12/site-packages/airflow/example_dags/example_task_group.py
[2024-04-09T08:42:48.068+0000] {processor.py:840} INFO - DAG(s) 'example_task_group' retrieved from /home/airflow/.local/lib/python3.12/site-packages/airflow/example_dags/example_task_group.py
[2024-04-09T08:42:48.080+0000] {logging_mixin.py:188} INFO - [2024-04-09T08:42:48.079+0000] {dag.py:3096} INFO - Sync 1 DAGs
[2024-04-09T08:42:48.093+0000] {logging_mixin.py:188} INFO - [2024-04-09T08:42:48.093+0000] {dag.py:3954} INFO - Setting next_dagrun for example_task_group to 2024-04-08 00:00:00+00:00, run_after=2024-04-09 00:00:00+00:00
[2024-04-09T08:42:48.105+0000] {processor.py:183} INFO - Processing /home/airflow/.local/lib/python3.12/site-packages/airflow/example_dags/example_task_group.py took 0.045 seconds
[2024-04-09T08:43:18.706+0000] {processor.py:161} INFO - Started process (PID=2192) to work on /home/airflow/.local/lib/python3.12/site-packages/airflow/example_dags/example_task_group.py
[2024-04-09T08:43:18.707+0000] {processor.py:830} INFO - Processing file /home/airflow/.local/lib/python3.12/site-packages/airflow/example_dags/example_task_group.py for tasks to queue
[2024-04-09T08:43:18.708+0000] {logging_mixin.py:188} INFO - [2024-04-09T08:43:18.708+0000] {dagbag.py:540} INFO - Filling up the DagBag from /home/airflow/.local/lib/python3.12/site-packages/airflow/example_dags/example_task_group.py
[2024-04-09T08:43:18.712+0000] {processor.py:840} INFO - DAG(s) 'example_task_group' retrieved from /home/airflow/.local/lib/python3.12/site-packages/airflow/example_dags/example_task_group.py
[2024-04-09T08:43:18.723+0000] {logging_mixin.py:188} INFO - [2024-04-09T08:43:18.723+0000] {dag.py:3096} INFO - Sync 1 DAGs
[2024-04-09T08:43:18.735+0000] {logging_mixin.py:188} INFO - [2024-04-09T08:43:18.735+0000] {dag.py:3954} INFO - Setting next_dagrun for example_task_group to 2024-04-08 00:00:00+00:00, run_after=2024-04-09 00:00:00+00:00
[2024-04-09T08:43:18.750+0000] {processor.py:183} INFO - Processing /home/airflow/.local/lib/python3.12/site-packages/airflow/example_dags/example_task_group.py took 0.046 seconds
[2024-04-09T08:43:49.376+0000] {processor.py:161} INFO - Started process (PID=2256) to work on /home/airflow/.local/lib/python3.12/site-packages/airflow/example_dags/example_task_group.py
[2024-04-09T08:43:49.377+0000] {processor.py:830} INFO - Processing file /home/airflow/.local/lib/python3.12/site-packages/airflow/example_dags/example_task_group.py for tasks to queue
[2024-04-09T08:43:49.378+0000] {logging_mixin.py:188} INFO - [2024-04-09T08:43:49.377+0000] {dagbag.py:540} INFO - Filling up the DagBag from /home/airflow/.local/lib/python3.12/site-packages/airflow/example_dags/example_task_group.py
[2024-04-09T08:43:49.382+0000] {processor.py:840} INFO - DAG(s) 'example_task_group' retrieved from /home/airflow/.local/lib/python3.12/site-packages/airflow/example_dags/example_task_group.py
[2024-04-09T08:43:49.394+0000] {logging_mixin.py:188} INFO - [2024-04-09T08:43:49.394+0000] {dag.py:3096} INFO - Sync 1 DAGs
[2024-04-09T08:43:49.406+0000] {logging_mixin.py:188} INFO - [2024-04-09T08:43:49.406+0000] {dag.py:3954} INFO - Setting next_dagrun for example_task_group to 2024-04-08 00:00:00+00:00, run_after=2024-04-09 00:00:00+00:00
[2024-04-09T08:43:49.416+0000] {processor.py:183} INFO - Processing /home/airflow/.local/lib/python3.12/site-packages/airflow/example_dags/example_task_group.py took 0.043 seconds
[2024-04-09T08:44:20.058+0000] {processor.py:161} INFO - Started process (PID=2314) to work on /home/airflow/.local/lib/python3.12/site-packages/airflow/example_dags/example_task_group.py
[2024-04-09T08:44:20.059+0000] {processor.py:830} INFO - Processing file /home/airflow/.local/lib/python3.12/site-packages/airflow/example_dags/example_task_group.py for tasks to queue
[2024-04-09T08:44:20.060+0000] {logging_mixin.py:188} INFO - [2024-04-09T08:44:20.060+0000] {dagbag.py:540} INFO - Filling up the DagBag from /home/airflow/.local/lib/python3.12/site-packages/airflow/example_dags/example_task_group.py
[2024-04-09T08:44:20.064+0000] {processor.py:840} INFO - DAG(s) 'example_task_group' retrieved from /home/airflow/.local/lib/python3.12/site-packages/airflow/example_dags/example_task_group.py
[2024-04-09T08:44:20.077+0000] {logging_mixin.py:188} INFO - [2024-04-09T08:44:20.077+0000] {dag.py:3096} INFO - Sync 1 DAGs
[2024-04-09T08:44:20.092+0000] {logging_mixin.py:188} INFO - [2024-04-09T08:44:20.092+0000] {dag.py:3954} INFO - Setting next_dagrun for example_task_group to 2024-04-08 00:00:00+00:00, run_after=2024-04-09 00:00:00+00:00
[2024-04-09T08:44:20.104+0000] {processor.py:183} INFO - Processing /home/airflow/.local/lib/python3.12/site-packages/airflow/example_dags/example_task_group.py took 0.049 seconds
[2024-04-09T08:44:50.854+0000] {processor.py:161} INFO - Started process (PID=2372) to work on /home/airflow/.local/lib/python3.12/site-packages/airflow/example_dags/example_task_group.py
[2024-04-09T08:44:50.855+0000] {processor.py:830} INFO - Processing file /home/airflow/.local/lib/python3.12/site-packages/airflow/example_dags/example_task_group.py for tasks to queue
[2024-04-09T08:44:50.856+0000] {logging_mixin.py:188} INFO - [2024-04-09T08:44:50.856+0000] {dagbag.py:540} INFO - Filling up the DagBag from /home/airflow/.local/lib/python3.12/site-packages/airflow/example_dags/example_task_group.py
[2024-04-09T08:44:50.860+0000] {processor.py:840} INFO - DAG(s) 'example_task_group' retrieved from /home/airflow/.local/lib/python3.12/site-packages/airflow/example_dags/example_task_group.py
[2024-04-09T08:44:50.873+0000] {logging_mixin.py:188} INFO - [2024-04-09T08:44:50.873+0000] {dag.py:3096} INFO - Sync 1 DAGs
[2024-04-09T08:44:50.886+0000] {logging_mixin.py:188} INFO - [2024-04-09T08:44:50.886+0000] {dag.py:3954} INFO - Setting next_dagrun for example_task_group to 2024-04-08 00:00:00+00:00, run_after=2024-04-09 00:00:00+00:00
[2024-04-09T08:44:50.898+0000] {processor.py:183} INFO - Processing /home/airflow/.local/lib/python3.12/site-packages/airflow/example_dags/example_task_group.py took 0.048 seconds
[2024-04-09T08:45:21.689+0000] {processor.py:161} INFO - Started process (PID=2430) to work on /home/airflow/.local/lib/python3.12/site-packages/airflow/example_dags/example_task_group.py
[2024-04-09T08:45:21.690+0000] {processor.py:830} INFO - Processing file /home/airflow/.local/lib/python3.12/site-packages/airflow/example_dags/example_task_group.py for tasks to queue
[2024-04-09T08:45:21.691+0000] {logging_mixin.py:188} INFO - [2024-04-09T08:45:21.691+0000] {dagbag.py:540} INFO - Filling up the DagBag from /home/airflow/.local/lib/python3.12/site-packages/airflow/example_dags/example_task_group.py
[2024-04-09T08:45:21.695+0000] {processor.py:840} INFO - DAG(s) 'example_task_group' retrieved from /home/airflow/.local/lib/python3.12/site-packages/airflow/example_dags/example_task_group.py
[2024-04-09T08:45:21.706+0000] {logging_mixin.py:188} INFO - [2024-04-09T08:45:21.706+0000] {dag.py:3096} INFO - Sync 1 DAGs
[2024-04-09T08:45:21.719+0000] {logging_mixin.py:188} INFO - [2024-04-09T08:45:21.719+0000] {dag.py:3954} INFO - Setting next_dagrun for example_task_group to 2024-04-08 00:00:00+00:00, run_after=2024-04-09 00:00:00+00:00
[2024-04-09T08:45:21.729+0000] {processor.py:183} INFO - Processing /home/airflow/.local/lib/python3.12/site-packages/airflow/example_dags/example_task_group.py took 0.043 seconds
[2024-04-09T08:45:52.334+0000] {processor.py:161} INFO - Started process (PID=2488) to work on /home/airflow/.local/lib/python3.12/site-packages/airflow/example_dags/example_task_group.py
[2024-04-09T08:45:52.335+0000] {processor.py:830} INFO - Processing file /home/airflow/.local/lib/python3.12/site-packages/airflow/example_dags/example_task_group.py for tasks to queue
[2024-04-09T08:45:52.335+0000] {logging_mixin.py:188} INFO - [2024-04-09T08:45:52.335+0000] {dagbag.py:540} INFO - Filling up the DagBag from /home/airflow/.local/lib/python3.12/site-packages/airflow/example_dags/example_task_group.py
[2024-04-09T08:45:52.340+0000] {processor.py:840} INFO - DAG(s) 'example_task_group' retrieved from /home/airflow/.local/lib/python3.12/site-packages/airflow/example_dags/example_task_group.py
[2024-04-09T08:45:52.351+0000] {logging_mixin.py:188} INFO - [2024-04-09T08:45:52.351+0000] {dag.py:3096} INFO - Sync 1 DAGs
[2024-04-09T08:45:52.363+0000] {logging_mixin.py:188} INFO - [2024-04-09T08:45:52.363+0000] {dag.py:3954} INFO - Setting next_dagrun for example_task_group to 2024-04-08 00:00:00+00:00, run_after=2024-04-09 00:00:00+00:00
[2024-04-09T08:45:52.375+0000] {processor.py:183} INFO - Processing /home/airflow/.local/lib/python3.12/site-packages/airflow/example_dags/example_task_group.py took 0.044 seconds
[2024-04-09T08:46:23.003+0000] {processor.py:161} INFO - Started process (PID=2546) to work on /home/airflow/.local/lib/python3.12/site-packages/airflow/example_dags/example_task_group.py
[2024-04-09T08:46:23.004+0000] {processor.py:830} INFO - Processing file /home/airflow/.local/lib/python3.12/site-packages/airflow/example_dags/example_task_group.py for tasks to queue
[2024-04-09T08:46:23.005+0000] {logging_mixin.py:188} INFO - [2024-04-09T08:46:23.005+0000] {dagbag.py:540} INFO - Filling up the DagBag from /home/airflow/.local/lib/python3.12/site-packages/airflow/example_dags/example_task_group.py
[2024-04-09T08:46:23.009+0000] {processor.py:840} INFO - DAG(s) 'example_task_group' retrieved from /home/airflow/.local/lib/python3.12/site-packages/airflow/example_dags/example_task_group.py
[2024-04-09T08:46:23.021+0000] {logging_mixin.py:188} INFO - [2024-04-09T08:46:23.021+0000] {dag.py:3096} INFO - Sync 1 DAGs
[2024-04-09T08:46:23.034+0000] {logging_mixin.py:188} INFO - [2024-04-09T08:46:23.033+0000] {dag.py:3954} INFO - Setting next_dagrun for example_task_group to 2024-04-08 00:00:00+00:00, run_after=2024-04-09 00:00:00+00:00
[2024-04-09T08:46:23.045+0000] {processor.py:183} INFO - Processing /home/airflow/.local/lib/python3.12/site-packages/airflow/example_dags/example_task_group.py took 0.045 seconds
[2024-04-09T08:46:53.642+0000] {processor.py:161} INFO - Started process (PID=2604) to work on /home/airflow/.local/lib/python3.12/site-packages/airflow/example_dags/example_task_group.py
[2024-04-09T08:46:53.642+0000] {processor.py:830} INFO - Processing file /home/airflow/.local/lib/python3.12/site-packages/airflow/example_dags/example_task_group.py for tasks to queue
[2024-04-09T08:46:53.643+0000] {logging_mixin.py:188} INFO - [2024-04-09T08:46:53.643+0000] {dagbag.py:540} INFO - Filling up the DagBag from /home/airflow/.local/lib/python3.12/site-packages/airflow/example_dags/example_task_group.py
[2024-04-09T08:46:53.647+0000] {processor.py:840} INFO - DAG(s) 'example_task_group' retrieved from /home/airflow/.local/lib/python3.12/site-packages/airflow/example_dags/example_task_group.py
[2024-04-09T08:46:53.659+0000] {logging_mixin.py:188} INFO - [2024-04-09T08:46:53.659+0000] {dag.py:3096} INFO - Sync 1 DAGs
[2024-04-09T08:46:53.672+0000] {logging_mixin.py:188} INFO - [2024-04-09T08:46:53.672+0000] {dag.py:3954} INFO - Setting next_dagrun for example_task_group to 2024-04-08 00:00:00+00:00, run_after=2024-04-09 00:00:00+00:00
[2024-04-09T08:46:53.681+0000] {processor.py:183} INFO - Processing /home/airflow/.local/lib/python3.12/site-packages/airflow/example_dags/example_task_group.py took 0.043 seconds
[2024-04-09T08:47:24.219+0000] {processor.py:161} INFO - Started process (PID=2662) to work on /home/airflow/.local/lib/python3.12/site-packages/airflow/example_dags/example_task_group.py
[2024-04-09T08:47:24.220+0000] {processor.py:830} INFO - Processing file /home/airflow/.local/lib/python3.12/site-packages/airflow/example_dags/example_task_group.py for tasks to queue
[2024-04-09T08:47:24.221+0000] {logging_mixin.py:188} INFO - [2024-04-09T08:47:24.221+0000] {dagbag.py:540} INFO - Filling up the DagBag from /home/airflow/.local/lib/python3.12/site-packages/airflow/example_dags/example_task_group.py
[2024-04-09T08:47:24.224+0000] {processor.py:840} INFO - DAG(s) 'example_task_group' retrieved from /home/airflow/.local/lib/python3.12/site-packages/airflow/example_dags/example_task_group.py
[2024-04-09T08:47:24.236+0000] {logging_mixin.py:188} INFO - [2024-04-09T08:47:24.236+0000] {dag.py:3096} INFO - Sync 1 DAGs
[2024-04-09T08:47:24.248+0000] {logging_mixin.py:188} INFO - [2024-04-09T08:47:24.248+0000] {dag.py:3954} INFO - Setting next_dagrun for example_task_group to 2024-04-08 00:00:00+00:00, run_after=2024-04-09 00:00:00+00:00
[2024-04-09T08:47:24.258+0000] {processor.py:183} INFO - Processing /home/airflow/.local/lib/python3.12/site-packages/airflow/example_dags/example_task_group.py took 0.042 seconds
[2024-04-09T08:47:54.862+0000] {processor.py:161} INFO - Started process (PID=2720) to work on /home/airflow/.local/lib/python3.12/site-packages/airflow/example_dags/example_task_group.py
[2024-04-09T08:47:54.862+0000] {processor.py:830} INFO - Processing file /home/airflow/.local/lib/python3.12/site-packages/airflow/example_dags/example_task_group.py for tasks to queue
[2024-04-09T08:47:54.863+0000] {logging_mixin.py:188} INFO - [2024-04-09T08:47:54.863+0000] {dagbag.py:540} INFO - Filling up the DagBag from /home/airflow/.local/lib/python3.12/site-packages/airflow/example_dags/example_task_group.py
[2024-04-09T08:47:54.867+0000] {processor.py:840} INFO - DAG(s) 'example_task_group' retrieved from /home/airflow/.local/lib/python3.12/site-packages/airflow/example_dags/example_task_group.py
[2024-04-09T08:47:54.878+0000] {logging_mixin.py:188} INFO - [2024-04-09T08:47:54.878+0000] {dag.py:3096} INFO - Sync 1 DAGs
[2024-04-09T08:47:54.890+0000] {logging_mixin.py:188} INFO - [2024-04-09T08:47:54.890+0000] {dag.py:3954} INFO - Setting next_dagrun for example_task_group to 2024-04-08 00:00:00+00:00, run_after=2024-04-09 00:00:00+00:00
[2024-04-09T08:47:54.900+0000] {processor.py:183} INFO - Processing /home/airflow/.local/lib/python3.12/site-packages/airflow/example_dags/example_task_group.py took 0.042 seconds
[2024-04-09T08:48:25.615+0000] {processor.py:161} INFO - Started process (PID=2778) to work on /home/airflow/.local/lib/python3.12/site-packages/airflow/example_dags/example_task_group.py
[2024-04-09T08:48:25.615+0000] {processor.py:830} INFO - Processing file /home/airflow/.local/lib/python3.12/site-packages/airflow/example_dags/example_task_group.py for tasks to queue
[2024-04-09T08:48:25.616+0000] {logging_mixin.py:188} INFO - [2024-04-09T08:48:25.616+0000] {dagbag.py:540} INFO - Filling up the DagBag from /home/airflow/.local/lib/python3.12/site-packages/airflow/example_dags/example_task_group.py
[2024-04-09T08:48:25.620+0000] {processor.py:840} INFO - DAG(s) 'example_task_group' retrieved from /home/airflow/.local/lib/python3.12/site-packages/airflow/example_dags/example_task_group.py
[2024-04-09T08:48:25.631+0000] {logging_mixin.py:188} INFO - [2024-04-09T08:48:25.631+0000] {dag.py:3096} INFO - Sync 1 DAGs
[2024-04-09T08:48:25.642+0000] {logging_mixin.py:188} INFO - [2024-04-09T08:48:25.642+0000] {dag.py:3954} INFO - Setting next_dagrun for example_task_group to 2024-04-08 00:00:00+00:00, run_after=2024-04-09 00:00:00+00:00
[2024-04-09T08:48:25.652+0000] {processor.py:183} INFO - Processing /home/airflow/.local/lib/python3.12/site-packages/airflow/example_dags/example_task_group.py took 0.041 seconds
[2024-04-09T08:48:56.205+0000] {processor.py:161} INFO - Started process (PID=2836) to work on /home/airflow/.local/lib/python3.12/site-packages/airflow/example_dags/example_task_group.py
[2024-04-09T08:48:56.205+0000] {processor.py:830} INFO - Processing file /home/airflow/.local/lib/python3.12/site-packages/airflow/example_dags/example_task_group.py for tasks to queue
[2024-04-09T08:48:56.206+0000] {logging_mixin.py:188} INFO - [2024-04-09T08:48:56.206+0000] {dagbag.py:540} INFO - Filling up the DagBag from /home/airflow/.local/lib/python3.12/site-packages/airflow/example_dags/example_task_group.py
[2024-04-09T08:48:56.210+0000] {processor.py:840} INFO - DAG(s) 'example_task_group' retrieved from /home/airflow/.local/lib/python3.12/site-packages/airflow/example_dags/example_task_group.py
[2024-04-09T08:48:56.221+0000] {logging_mixin.py:188} INFO - [2024-04-09T08:48:56.221+0000] {dag.py:3096} INFO - Sync 1 DAGs
[2024-04-09T08:48:56.234+0000] {logging_mixin.py:188} INFO - [2024-04-09T08:48:56.233+0000] {dag.py:3954} INFO - Setting next_dagrun for example_task_group to 2024-04-08 00:00:00+00:00, run_after=2024-04-09 00:00:00+00:00
[2024-04-09T08:48:56.243+0000] {processor.py:183} INFO - Processing /home/airflow/.local/lib/python3.12/site-packages/airflow/example_dags/example_task_group.py took 0.041 seconds
[2024-04-09T08:49:26.787+0000] {processor.py:161} INFO - Started process (PID=2894) to work on /home/airflow/.local/lib/python3.12/site-packages/airflow/example_dags/example_task_group.py
[2024-04-09T08:49:26.787+0000] {processor.py:830} INFO - Processing file /home/airflow/.local/lib/python3.12/site-packages/airflow/example_dags/example_task_group.py for tasks to queue
[2024-04-09T08:49:26.788+0000] {logging_mixin.py:188} INFO - [2024-04-09T08:49:26.788+0000] {dagbag.py:540} INFO - Filling up the DagBag from /home/airflow/.local/lib/python3.12/site-packages/airflow/example_dags/example_task_group.py
[2024-04-09T08:49:26.792+0000] {processor.py:840} INFO - DAG(s) 'example_task_group' retrieved from /home/airflow/.local/lib/python3.12/site-packages/airflow/example_dags/example_task_group.py
[2024-04-09T08:49:26.803+0000] {logging_mixin.py:188} INFO - [2024-04-09T08:49:26.803+0000] {dag.py:3096} INFO - Sync 1 DAGs
[2024-04-09T08:49:26.815+0000] {logging_mixin.py:188} INFO - [2024-04-09T08:49:26.815+0000] {dag.py:3954} INFO - Setting next_dagrun for example_task_group to 2024-04-08 00:00:00+00:00, run_after=2024-04-09 00:00:00+00:00
[2024-04-09T08:49:26.825+0000] {processor.py:183} INFO - Processing /home/airflow/.local/lib/python3.12/site-packages/airflow/example_dags/example_task_group.py took 0.041 seconds
[2024-04-09T08:49:57.421+0000] {processor.py:161} INFO - Started process (PID=2952) to work on /home/airflow/.local/lib/python3.12/site-packages/airflow/example_dags/example_task_group.py
[2024-04-09T08:49:57.422+0000] {processor.py:830} INFO - Processing file /home/airflow/.local/lib/python3.12/site-packages/airflow/example_dags/example_task_group.py for tasks to queue
[2024-04-09T08:49:57.423+0000] {logging_mixin.py:188} INFO - [2024-04-09T08:49:57.423+0000] {dagbag.py:540} INFO - Filling up the DagBag from /home/airflow/.local/lib/python3.12/site-packages/airflow/example_dags/example_task_group.py
[2024-04-09T08:49:57.427+0000] {processor.py:840} INFO - DAG(s) 'example_task_group' retrieved from /home/airflow/.local/lib/python3.12/site-packages/airflow/example_dags/example_task_group.py
[2024-04-09T08:49:57.439+0000] {logging_mixin.py:188} INFO - [2024-04-09T08:49:57.438+0000] {dag.py:3096} INFO - Sync 1 DAGs
[2024-04-09T08:49:57.451+0000] {logging_mixin.py:188} INFO - [2024-04-09T08:49:57.450+0000] {dag.py:3954} INFO - Setting next_dagrun for example_task_group to 2024-04-08 00:00:00+00:00, run_after=2024-04-09 00:00:00+00:00
[2024-04-09T08:49:57.461+0000] {processor.py:183} INFO - Processing /home/airflow/.local/lib/python3.12/site-packages/airflow/example_dags/example_task_group.py took 0.043 seconds
[2024-04-09T08:50:28.244+0000] {processor.py:161} INFO - Started process (PID=3010) to work on /home/airflow/.local/lib/python3.12/site-packages/airflow/example_dags/example_task_group.py
[2024-04-09T08:50:28.245+0000] {processor.py:830} INFO - Processing file /home/airflow/.local/lib/python3.12/site-packages/airflow/example_dags/example_task_group.py for tasks to queue
[2024-04-09T08:50:28.246+0000] {logging_mixin.py:188} INFO - [2024-04-09T08:50:28.245+0000] {dagbag.py:540} INFO - Filling up the DagBag from /home/airflow/.local/lib/python3.12/site-packages/airflow/example_dags/example_task_group.py
[2024-04-09T08:50:28.250+0000] {processor.py:840} INFO - DAG(s) 'example_task_group' retrieved from /home/airflow/.local/lib/python3.12/site-packages/airflow/example_dags/example_task_group.py
[2024-04-09T08:50:28.264+0000] {logging_mixin.py:188} INFO - [2024-04-09T08:50:28.264+0000] {dag.py:3096} INFO - Sync 1 DAGs
[2024-04-09T08:50:28.277+0000] {logging_mixin.py:188} INFO - [2024-04-09T08:50:28.277+0000] {dag.py:3954} INFO - Setting next_dagrun for example_task_group to 2024-04-08 00:00:00+00:00, run_after=2024-04-09 00:00:00+00:00
[2024-04-09T08:50:28.287+0000] {processor.py:183} INFO - Processing /home/airflow/.local/lib/python3.12/site-packages/airflow/example_dags/example_task_group.py took 0.046 seconds
[2024-04-09T08:50:58.792+0000] {processor.py:161} INFO - Started process (PID=3068) to work on /home/airflow/.local/lib/python3.12/site-packages/airflow/example_dags/example_task_group.py
[2024-04-09T08:50:58.793+0000] {processor.py:830} INFO - Processing file /home/airflow/.local/lib/python3.12/site-packages/airflow/example_dags/example_task_group.py for tasks to queue
[2024-04-09T08:50:58.794+0000] {logging_mixin.py:188} INFO - [2024-04-09T08:50:58.793+0000] {dagbag.py:540} INFO - Filling up the DagBag from /home/airflow/.local/lib/python3.12/site-packages/airflow/example_dags/example_task_group.py
[2024-04-09T08:50:58.798+0000] {processor.py:840} INFO - DAG(s) 'example_task_group' retrieved from /home/airflow/.local/lib/python3.12/site-packages/airflow/example_dags/example_task_group.py
[2024-04-09T08:50:58.810+0000] {logging_mixin.py:188} INFO - [2024-04-09T08:50:58.810+0000] {dag.py:3096} INFO - Sync 1 DAGs
[2024-04-09T08:50:58.823+0000] {logging_mixin.py:188} INFO - [2024-04-09T08:50:58.822+0000] {dag.py:3954} INFO - Setting next_dagrun for example_task_group to 2024-04-08 00:00:00+00:00, run_after=2024-04-09 00:00:00+00:00
[2024-04-09T08:50:58.832+0000] {processor.py:183} INFO - Processing /home/airflow/.local/lib/python3.12/site-packages/airflow/example_dags/example_task_group.py took 0.043 seconds
[2024-04-09T08:51:29.314+0000] {processor.py:161} INFO - Started process (PID=3126) to work on /home/airflow/.local/lib/python3.12/site-packages/airflow/example_dags/example_task_group.py
[2024-04-09T08:51:29.315+0000] {processor.py:830} INFO - Processing file /home/airflow/.local/lib/python3.12/site-packages/airflow/example_dags/example_task_group.py for tasks to queue
[2024-04-09T08:51:29.316+0000] {logging_mixin.py:188} INFO - [2024-04-09T08:51:29.316+0000] {dagbag.py:540} INFO - Filling up the DagBag from /home/airflow/.local/lib/python3.12/site-packages/airflow/example_dags/example_task_group.py
[2024-04-09T08:51:29.320+0000] {processor.py:840} INFO - DAG(s) 'example_task_group' retrieved from /home/airflow/.local/lib/python3.12/site-packages/airflow/example_dags/example_task_group.py
[2024-04-09T08:51:29.332+0000] {logging_mixin.py:188} INFO - [2024-04-09T08:51:29.332+0000] {dag.py:3096} INFO - Sync 1 DAGs
[2024-04-09T08:51:29.346+0000] {logging_mixin.py:188} INFO - [2024-04-09T08:51:29.346+0000] {dag.py:3954} INFO - Setting next_dagrun for example_task_group to 2024-04-08 00:00:00+00:00, run_after=2024-04-09 00:00:00+00:00
[2024-04-09T08:51:29.357+0000] {processor.py:183} INFO - Processing /home/airflow/.local/lib/python3.12/site-packages/airflow/example_dags/example_task_group.py took 0.046 seconds
[2024-04-09T08:51:59.856+0000] {processor.py:161} INFO - Started process (PID=3184) to work on /home/airflow/.local/lib/python3.12/site-packages/airflow/example_dags/example_task_group.py
[2024-04-09T08:51:59.856+0000] {processor.py:830} INFO - Processing file /home/airflow/.local/lib/python3.12/site-packages/airflow/example_dags/example_task_group.py for tasks to queue
[2024-04-09T08:51:59.857+0000] {logging_mixin.py:188} INFO - [2024-04-09T08:51:59.857+0000] {dagbag.py:540} INFO - Filling up the DagBag from /home/airflow/.local/lib/python3.12/site-packages/airflow/example_dags/example_task_group.py
[2024-04-09T08:51:59.861+0000] {processor.py:840} INFO - DAG(s) 'example_task_group' retrieved from /home/airflow/.local/lib/python3.12/site-packages/airflow/example_dags/example_task_group.py
[2024-04-09T08:51:59.872+0000] {logging_mixin.py:188} INFO - [2024-04-09T08:51:59.872+0000] {dag.py:3096} INFO - Sync 1 DAGs
[2024-04-09T08:51:59.884+0000] {logging_mixin.py:188} INFO - [2024-04-09T08:51:59.884+0000] {dag.py:3954} INFO - Setting next_dagrun for example_task_group to 2024-04-08 00:00:00+00:00, run_after=2024-04-09 00:00:00+00:00
[2024-04-09T08:51:59.895+0000] {processor.py:183} INFO - Processing /home/airflow/.local/lib/python3.12/site-packages/airflow/example_dags/example_task_group.py took 0.042 seconds
[2024-04-09T08:52:30.432+0000] {processor.py:161} INFO - Started process (PID=3242) to work on /home/airflow/.local/lib/python3.12/site-packages/airflow/example_dags/example_task_group.py
[2024-04-09T08:52:30.433+0000] {processor.py:830} INFO - Processing file /home/airflow/.local/lib/python3.12/site-packages/airflow/example_dags/example_task_group.py for tasks to queue
[2024-04-09T08:52:30.434+0000] {logging_mixin.py:188} INFO - [2024-04-09T08:52:30.434+0000] {dagbag.py:540} INFO - Filling up the DagBag from /home/airflow/.local/lib/python3.12/site-packages/airflow/example_dags/example_task_group.py
[2024-04-09T08:52:30.438+0000] {processor.py:840} INFO - DAG(s) 'example_task_group' retrieved from /home/airflow/.local/lib/python3.12/site-packages/airflow/example_dags/example_task_group.py
[2024-04-09T08:52:30.450+0000] {logging_mixin.py:188} INFO - [2024-04-09T08:52:30.450+0000] {dag.py:3096} INFO - Sync 1 DAGs
[2024-04-09T08:52:30.464+0000] {logging_mixin.py:188} INFO - [2024-04-09T08:52:30.464+0000] {dag.py:3954} INFO - Setting next_dagrun for example_task_group to 2024-04-08 00:00:00+00:00, run_after=2024-04-09 00:00:00+00:00
[2024-04-09T08:52:30.475+0000] {processor.py:183} INFO - Processing /home/airflow/.local/lib/python3.12/site-packages/airflow/example_dags/example_task_group.py took 0.046 seconds
[2024-04-09T08:53:01.122+0000] {processor.py:161} INFO - Started process (PID=3300) to work on /home/airflow/.local/lib/python3.12/site-packages/airflow/example_dags/example_task_group.py
[2024-04-09T08:53:01.122+0000] {processor.py:830} INFO - Processing file /home/airflow/.local/lib/python3.12/site-packages/airflow/example_dags/example_task_group.py for tasks to queue
[2024-04-09T08:53:01.123+0000] {logging_mixin.py:188} INFO - [2024-04-09T08:53:01.123+0000] {dagbag.py:540} INFO - Filling up the DagBag from /home/airflow/.local/lib/python3.12/site-packages/airflow/example_dags/example_task_group.py
[2024-04-09T08:53:01.127+0000] {processor.py:840} INFO - DAG(s) 'example_task_group' retrieved from /home/airflow/.local/lib/python3.12/site-packages/airflow/example_dags/example_task_group.py
[2024-04-09T08:53:01.138+0000] {logging_mixin.py:188} INFO - [2024-04-09T08:53:01.138+0000] {dag.py:3096} INFO - Sync 1 DAGs
[2024-04-09T08:53:01.150+0000] {logging_mixin.py:188} INFO - [2024-04-09T08:53:01.150+0000] {dag.py:3954} INFO - Setting next_dagrun for example_task_group to 2024-04-08 00:00:00+00:00, run_after=2024-04-09 00:00:00+00:00
[2024-04-09T08:53:01.162+0000] {processor.py:183} INFO - Processing /home/airflow/.local/lib/python3.12/site-packages/airflow/example_dags/example_task_group.py took 0.044 seconds
[2024-04-09T08:53:31.228+0000] {processor.py:161} INFO - Started process (PID=3358) to work on /home/airflow/.local/lib/python3.12/site-packages/airflow/example_dags/example_task_group.py
[2024-04-09T08:53:31.228+0000] {processor.py:830} INFO - Processing file /home/airflow/.local/lib/python3.12/site-packages/airflow/example_dags/example_task_group.py for tasks to queue
[2024-04-09T08:53:31.229+0000] {logging_mixin.py:188} INFO - [2024-04-09T08:53:31.229+0000] {dagbag.py:540} INFO - Filling up the DagBag from /home/airflow/.local/lib/python3.12/site-packages/airflow/example_dags/example_task_group.py
[2024-04-09T08:53:31.233+0000] {processor.py:840} INFO - DAG(s) 'example_task_group' retrieved from /home/airflow/.local/lib/python3.12/site-packages/airflow/example_dags/example_task_group.py
[2024-04-09T08:53:31.245+0000] {logging_mixin.py:188} INFO - [2024-04-09T08:53:31.244+0000] {dag.py:3096} INFO - Sync 1 DAGs
[2024-04-09T08:53:31.259+0000] {logging_mixin.py:188} INFO - [2024-04-09T08:53:31.259+0000] {dag.py:3954} INFO - Setting next_dagrun for example_task_group to 2024-04-08 00:00:00+00:00, run_after=2024-04-09 00:00:00+00:00
[2024-04-09T08:53:31.271+0000] {processor.py:183} INFO - Processing /home/airflow/.local/lib/python3.12/site-packages/airflow/example_dags/example_task_group.py took 0.046 seconds
[2024-04-09T08:54:02.050+0000] {processor.py:161} INFO - Started process (PID=3416) to work on /home/airflow/.local/lib/python3.12/site-packages/airflow/example_dags/example_task_group.py
[2024-04-09T08:54:02.051+0000] {processor.py:830} INFO - Processing file /home/airflow/.local/lib/python3.12/site-packages/airflow/example_dags/example_task_group.py for tasks to queue
[2024-04-09T08:54:02.052+0000] {logging_mixin.py:188} INFO - [2024-04-09T08:54:02.051+0000] {dagbag.py:540} INFO - Filling up the DagBag from /home/airflow/.local/lib/python3.12/site-packages/airflow/example_dags/example_task_group.py
[2024-04-09T08:54:02.056+0000] {processor.py:840} INFO - DAG(s) 'example_task_group' retrieved from /home/airflow/.local/lib/python3.12/site-packages/airflow/example_dags/example_task_group.py
[2024-04-09T08:54:02.068+0000] {logging_mixin.py:188} INFO - [2024-04-09T08:54:02.068+0000] {dag.py:3096} INFO - Sync 1 DAGs
[2024-04-09T08:54:02.081+0000] {logging_mixin.py:188} INFO - [2024-04-09T08:54:02.081+0000] {dag.py:3954} INFO - Setting next_dagrun for example_task_group to 2024-04-08 00:00:00+00:00, run_after=2024-04-09 00:00:00+00:00
[2024-04-09T08:54:02.093+0000] {processor.py:183} INFO - Processing /home/airflow/.local/lib/python3.12/site-packages/airflow/example_dags/example_task_group.py took 0.047 seconds
[2024-04-09T08:54:32.659+0000] {processor.py:161} INFO - Started process (PID=3474) to work on /home/airflow/.local/lib/python3.12/site-packages/airflow/example_dags/example_task_group.py
[2024-04-09T08:54:32.660+0000] {processor.py:830} INFO - Processing file /home/airflow/.local/lib/python3.12/site-packages/airflow/example_dags/example_task_group.py for tasks to queue
[2024-04-09T08:54:32.661+0000] {logging_mixin.py:188} INFO - [2024-04-09T08:54:32.661+0000] {dagbag.py:540} INFO - Filling up the DagBag from /home/airflow/.local/lib/python3.12/site-packages/airflow/example_dags/example_task_group.py
[2024-04-09T08:54:32.664+0000] {processor.py:840} INFO - DAG(s) 'example_task_group' retrieved from /home/airflow/.local/lib/python3.12/site-packages/airflow/example_dags/example_task_group.py
[2024-04-09T08:54:32.677+0000] {logging_mixin.py:188} INFO - [2024-04-09T08:54:32.676+0000] {dag.py:3096} INFO - Sync 1 DAGs
[2024-04-09T08:54:32.689+0000] {logging_mixin.py:188} INFO - [2024-04-09T08:54:32.689+0000] {dag.py:3954} INFO - Setting next_dagrun for example_task_group to 2024-04-08 00:00:00+00:00, run_after=2024-04-09 00:00:00+00:00
[2024-04-09T08:54:32.702+0000] {processor.py:183} INFO - Processing /home/airflow/.local/lib/python3.12/site-packages/airflow/example_dags/example_task_group.py took 0.046 seconds
[2024-04-09T08:55:03.300+0000] {processor.py:161} INFO - Started process (PID=3532) to work on /home/airflow/.local/lib/python3.12/site-packages/airflow/example_dags/example_task_group.py
[2024-04-09T08:55:03.301+0000] {processor.py:830} INFO - Processing file /home/airflow/.local/lib/python3.12/site-packages/airflow/example_dags/example_task_group.py for tasks to queue
[2024-04-09T08:55:03.302+0000] {logging_mixin.py:188} INFO - [2024-04-09T08:55:03.302+0000] {dagbag.py:540} INFO - Filling up the DagBag from /home/airflow/.local/lib/python3.12/site-packages/airflow/example_dags/example_task_group.py
[2024-04-09T08:55:03.306+0000] {processor.py:840} INFO - DAG(s) 'example_task_group' retrieved from /home/airflow/.local/lib/python3.12/site-packages/airflow/example_dags/example_task_group.py
[2024-04-09T08:55:03.317+0000] {logging_mixin.py:188} INFO - [2024-04-09T08:55:03.317+0000] {dag.py:3096} INFO - Sync 1 DAGs
[2024-04-09T08:55:03.329+0000] {logging_mixin.py:188} INFO - [2024-04-09T08:55:03.329+0000] {dag.py:3954} INFO - Setting next_dagrun for example_task_group to 2024-04-08 00:00:00+00:00, run_after=2024-04-09 00:00:00+00:00
[2024-04-09T08:55:03.340+0000] {processor.py:183} INFO - Processing /home/airflow/.local/lib/python3.12/site-packages/airflow/example_dags/example_task_group.py took 0.043 seconds
[2024-04-09T08:55:33.904+0000] {processor.py:161} INFO - Started process (PID=3590) to work on /home/airflow/.local/lib/python3.12/site-packages/airflow/example_dags/example_task_group.py
[2024-04-09T08:55:33.905+0000] {processor.py:830} INFO - Processing file /home/airflow/.local/lib/python3.12/site-packages/airflow/example_dags/example_task_group.py for tasks to queue
[2024-04-09T08:55:33.906+0000] {logging_mixin.py:188} INFO - [2024-04-09T08:55:33.905+0000] {dagbag.py:540} INFO - Filling up the DagBag from /home/airflow/.local/lib/python3.12/site-packages/airflow/example_dags/example_task_group.py
[2024-04-09T08:55:33.909+0000] {processor.py:840} INFO - DAG(s) 'example_task_group' retrieved from /home/airflow/.local/lib/python3.12/site-packages/airflow/example_dags/example_task_group.py
[2024-04-09T08:55:33.921+0000] {logging_mixin.py:188} INFO - [2024-04-09T08:55:33.921+0000] {dag.py:3096} INFO - Sync 1 DAGs
[2024-04-09T08:55:33.933+0000] {logging_mixin.py:188} INFO - [2024-04-09T08:55:33.933+0000] {dag.py:3954} INFO - Setting next_dagrun for example_task_group to 2024-04-08 00:00:00+00:00, run_after=2024-04-09 00:00:00+00:00
[2024-04-09T08:55:33.944+0000] {processor.py:183} INFO - Processing /home/airflow/.local/lib/python3.12/site-packages/airflow/example_dags/example_task_group.py took 0.043 seconds
[2024-04-09T08:56:04.603+0000] {processor.py:161} INFO - Started process (PID=3648) to work on /home/airflow/.local/lib/python3.12/site-packages/airflow/example_dags/example_task_group.py
[2024-04-09T08:56:04.603+0000] {processor.py:830} INFO - Processing file /home/airflow/.local/lib/python3.12/site-packages/airflow/example_dags/example_task_group.py for tasks to queue
[2024-04-09T08:56:04.604+0000] {logging_mixin.py:188} INFO - [2024-04-09T08:56:04.604+0000] {dagbag.py:540} INFO - Filling up the DagBag from /home/airflow/.local/lib/python3.12/site-packages/airflow/example_dags/example_task_group.py
[2024-04-09T08:56:04.608+0000] {processor.py:840} INFO - DAG(s) 'example_task_group' retrieved from /home/airflow/.local/lib/python3.12/site-packages/airflow/example_dags/example_task_group.py
[2024-04-09T08:56:04.621+0000] {logging_mixin.py:188} INFO - [2024-04-09T08:56:04.620+0000] {dag.py:3096} INFO - Sync 1 DAGs
[2024-04-09T08:56:04.633+0000] {logging_mixin.py:188} INFO - [2024-04-09T08:56:04.633+0000] {dag.py:3954} INFO - Setting next_dagrun for example_task_group to 2024-04-08 00:00:00+00:00, run_after=2024-04-09 00:00:00+00:00
[2024-04-09T08:56:04.644+0000] {processor.py:183} INFO - Processing /home/airflow/.local/lib/python3.12/site-packages/airflow/example_dags/example_task_group.py took 0.045 seconds
[2024-04-09T08:56:35.314+0000] {processor.py:161} INFO - Started process (PID=3706) to work on /home/airflow/.local/lib/python3.12/site-packages/airflow/example_dags/example_task_group.py
[2024-04-09T08:56:35.315+0000] {processor.py:830} INFO - Processing file /home/airflow/.local/lib/python3.12/site-packages/airflow/example_dags/example_task_group.py for tasks to queue
[2024-04-09T08:56:35.315+0000] {logging_mixin.py:188} INFO - [2024-04-09T08:56:35.315+0000] {dagbag.py:540} INFO - Filling up the DagBag from /home/airflow/.local/lib/python3.12/site-packages/airflow/example_dags/example_task_group.py
[2024-04-09T08:56:35.319+0000] {processor.py:840} INFO - DAG(s) 'example_task_group' retrieved from /home/airflow/.local/lib/python3.12/site-packages/airflow/example_dags/example_task_group.py
[2024-04-09T08:56:35.332+0000] {logging_mixin.py:188} INFO - [2024-04-09T08:56:35.331+0000] {dag.py:3096} INFO - Sync 1 DAGs
[2024-04-09T08:56:35.345+0000] {logging_mixin.py:188} INFO - [2024-04-09T08:56:35.344+0000] {dag.py:3954} INFO - Setting next_dagrun for example_task_group to 2024-04-08 00:00:00+00:00, run_after=2024-04-09 00:00:00+00:00
[2024-04-09T08:56:35.356+0000] {processor.py:183} INFO - Processing /home/airflow/.local/lib/python3.12/site-packages/airflow/example_dags/example_task_group.py took 0.045 seconds
[2024-04-09T08:57:06.017+0000] {processor.py:161} INFO - Started process (PID=3764) to work on /home/airflow/.local/lib/python3.12/site-packages/airflow/example_dags/example_task_group.py
[2024-04-09T08:57:06.017+0000] {processor.py:830} INFO - Processing file /home/airflow/.local/lib/python3.12/site-packages/airflow/example_dags/example_task_group.py for tasks to queue
[2024-04-09T08:57:06.018+0000] {logging_mixin.py:188} INFO - [2024-04-09T08:57:06.018+0000] {dagbag.py:540} INFO - Filling up the DagBag from /home/airflow/.local/lib/python3.12/site-packages/airflow/example_dags/example_task_group.py
[2024-04-09T08:57:06.023+0000] {processor.py:840} INFO - DAG(s) 'example_task_group' retrieved from /home/airflow/.local/lib/python3.12/site-packages/airflow/example_dags/example_task_group.py
[2024-04-09T08:57:06.037+0000] {logging_mixin.py:188} INFO - [2024-04-09T08:57:06.036+0000] {dag.py:3096} INFO - Sync 1 DAGs
[2024-04-09T08:57:06.050+0000] {logging_mixin.py:188} INFO - [2024-04-09T08:57:06.050+0000] {dag.py:3954} INFO - Setting next_dagrun for example_task_group to 2024-04-08 00:00:00+00:00, run_after=2024-04-09 00:00:00+00:00
[2024-04-09T08:57:06.063+0000] {processor.py:183} INFO - Processing /home/airflow/.local/lib/python3.12/site-packages/airflow/example_dags/example_task_group.py took 0.050 seconds
[2024-04-09T08:57:36.727+0000] {processor.py:161} INFO - Started process (PID=3822) to work on /home/airflow/.local/lib/python3.12/site-packages/airflow/example_dags/example_task_group.py
[2024-04-09T08:57:36.728+0000] {processor.py:830} INFO - Processing file /home/airflow/.local/lib/python3.12/site-packages/airflow/example_dags/example_task_group.py for tasks to queue
[2024-04-09T08:57:36.729+0000] {logging_mixin.py:188} INFO - [2024-04-09T08:57:36.728+0000] {dagbag.py:540} INFO - Filling up the DagBag from /home/airflow/.local/lib/python3.12/site-packages/airflow/example_dags/example_task_group.py
[2024-04-09T08:57:36.733+0000] {processor.py:840} INFO - DAG(s) 'example_task_group' retrieved from /home/airflow/.local/lib/python3.12/site-packages/airflow/example_dags/example_task_group.py
[2024-04-09T08:57:36.745+0000] {logging_mixin.py:188} INFO - [2024-04-09T08:57:36.745+0000] {dag.py:3096} INFO - Sync 1 DAGs
[2024-04-09T08:57:36.757+0000] {logging_mixin.py:188} INFO - [2024-04-09T08:57:36.757+0000] {dag.py:3954} INFO - Setting next_dagrun for example_task_group to 2024-04-08 00:00:00+00:00, run_after=2024-04-09 00:00:00+00:00
[2024-04-09T08:57:36.770+0000] {processor.py:183} INFO - Processing /home/airflow/.local/lib/python3.12/site-packages/airflow/example_dags/example_task_group.py took 0.046 seconds
[2024-04-09T08:58:06.906+0000] {processor.py:161} INFO - Started process (PID=3880) to work on /home/airflow/.local/lib/python3.12/site-packages/airflow/example_dags/example_task_group.py
[2024-04-09T08:58:06.906+0000] {processor.py:830} INFO - Processing file /home/airflow/.local/lib/python3.12/site-packages/airflow/example_dags/example_task_group.py for tasks to queue
[2024-04-09T08:58:06.907+0000] {logging_mixin.py:188} INFO - [2024-04-09T08:58:06.907+0000] {dagbag.py:540} INFO - Filling up the DagBag from /home/airflow/.local/lib/python3.12/site-packages/airflow/example_dags/example_task_group.py
[2024-04-09T08:58:06.911+0000] {processor.py:840} INFO - DAG(s) 'example_task_group' retrieved from /home/airflow/.local/lib/python3.12/site-packages/airflow/example_dags/example_task_group.py
[2024-04-09T08:58:06.923+0000] {logging_mixin.py:188} INFO - [2024-04-09T08:58:06.923+0000] {dag.py:3096} INFO - Sync 1 DAGs
[2024-04-09T08:58:06.935+0000] {logging_mixin.py:188} INFO - [2024-04-09T08:58:06.935+0000] {dag.py:3954} INFO - Setting next_dagrun for example_task_group to 2024-04-08 00:00:00+00:00, run_after=2024-04-09 00:00:00+00:00
[2024-04-09T08:58:06.949+0000] {processor.py:183} INFO - Processing /home/airflow/.local/lib/python3.12/site-packages/airflow/example_dags/example_task_group.py took 0.046 seconds
[2024-04-09T08:58:37.857+0000] {processor.py:161} INFO - Started process (PID=3938) to work on /home/airflow/.local/lib/python3.12/site-packages/airflow/example_dags/example_task_group.py
[2024-04-09T08:58:37.857+0000] {processor.py:830} INFO - Processing file /home/airflow/.local/lib/python3.12/site-packages/airflow/example_dags/example_task_group.py for tasks to queue
[2024-04-09T08:58:37.858+0000] {logging_mixin.py:188} INFO - [2024-04-09T08:58:37.858+0000] {dagbag.py:540} INFO - Filling up the DagBag from /home/airflow/.local/lib/python3.12/site-packages/airflow/example_dags/example_task_group.py
[2024-04-09T08:58:37.862+0000] {processor.py:840} INFO - DAG(s) 'example_task_group' retrieved from /home/airflow/.local/lib/python3.12/site-packages/airflow/example_dags/example_task_group.py
[2024-04-09T08:58:37.874+0000] {logging_mixin.py:188} INFO - [2024-04-09T08:58:37.873+0000] {dag.py:3096} INFO - Sync 1 DAGs
[2024-04-09T08:58:37.886+0000] {logging_mixin.py:188} INFO - [2024-04-09T08:58:37.886+0000] {dag.py:3954} INFO - Setting next_dagrun for example_task_group to 2024-04-08 00:00:00+00:00, run_after=2024-04-09 00:00:00+00:00
[2024-04-09T08:58:37.896+0000] {processor.py:183} INFO - Processing /home/airflow/.local/lib/python3.12/site-packages/airflow/example_dags/example_task_group.py took 0.042 seconds
