[2024-04-09T08:24:29.527+0000] {processor.py:161} INFO - Started process (PID=61) to work on /home/airflow/.local/lib/python3.12/site-packages/airflow/example_dags/example_latest_only.py
[2024-04-09T08:24:29.528+0000] {processor.py:830} INFO - Processing file /home/airflow/.local/lib/python3.12/site-packages/airflow/example_dags/example_latest_only.py for tasks to queue
[2024-04-09T08:24:29.529+0000] {logging_mixin.py:188} INFO - [2024-04-09T08:24:29.529+0000] {dagbag.py:540} INFO - Filling up the DagBag from /home/airflow/.local/lib/python3.12/site-packages/airflow/example_dags/example_latest_only.py
[2024-04-09T08:24:29.535+0000] {processor.py:840} INFO - DAG(s) 'latest_only' retrieved from /home/airflow/.local/lib/python3.12/site-packages/airflow/example_dags/example_latest_only.py
[2024-04-09T08:24:29.543+0000] {logging_mixin.py:188} INFO - [2024-04-09T08:24:29.543+0000] {dag.py:3096} INFO - Sync 1 DAGs
[2024-04-09T08:24:29.562+0000] {logging_mixin.py:188} INFO - [2024-04-09T08:24:29.562+0000] {dag.py:3954} INFO - Setting next_dagrun for latest_only to 2024-04-09 04:00:00+00:00, run_after=2024-04-09 08:00:00+00:00
[2024-04-09T08:24:29.574+0000] {processor.py:183} INFO - Processing /home/airflow/.local/lib/python3.12/site-packages/airflow/example_dags/example_latest_only.py took 0.051 seconds
[2024-04-09T08:25:00.059+0000] {processor.py:161} INFO - Started process (PID=119) to work on /home/airflow/.local/lib/python3.12/site-packages/airflow/example_dags/example_latest_only.py
[2024-04-09T08:25:00.059+0000] {processor.py:830} INFO - Processing file /home/airflow/.local/lib/python3.12/site-packages/airflow/example_dags/example_latest_only.py for tasks to queue
[2024-04-09T08:25:00.060+0000] {logging_mixin.py:188} INFO - [2024-04-09T08:25:00.060+0000] {dagbag.py:540} INFO - Filling up the DagBag from /home/airflow/.local/lib/python3.12/site-packages/airflow/example_dags/example_latest_only.py
[2024-04-09T08:25:00.063+0000] {processor.py:840} INFO - DAG(s) 'latest_only' retrieved from /home/airflow/.local/lib/python3.12/site-packages/airflow/example_dags/example_latest_only.py
[2024-04-09T08:25:00.124+0000] {logging_mixin.py:188} INFO - [2024-04-09T08:25:00.124+0000] {dag.py:3096} INFO - Sync 1 DAGs
[2024-04-09T08:25:00.138+0000] {logging_mixin.py:188} INFO - [2024-04-09T08:25:00.138+0000] {dag.py:3954} INFO - Setting next_dagrun for latest_only to 2024-04-09 04:00:00+00:00, run_after=2024-04-09 08:00:00+00:00
[2024-04-09T08:25:00.150+0000] {processor.py:183} INFO - Processing /home/airflow/.local/lib/python3.12/site-packages/airflow/example_dags/example_latest_only.py took 0.095 seconds
[2024-04-09T08:25:30.557+0000] {processor.py:161} INFO - Started process (PID=177) to work on /home/airflow/.local/lib/python3.12/site-packages/airflow/example_dags/example_latest_only.py
[2024-04-09T08:25:30.558+0000] {processor.py:830} INFO - Processing file /home/airflow/.local/lib/python3.12/site-packages/airflow/example_dags/example_latest_only.py for tasks to queue
[2024-04-09T08:25:30.559+0000] {logging_mixin.py:188} INFO - [2024-04-09T08:25:30.559+0000] {dagbag.py:540} INFO - Filling up the DagBag from /home/airflow/.local/lib/python3.12/site-packages/airflow/example_dags/example_latest_only.py
[2024-04-09T08:25:30.561+0000] {processor.py:840} INFO - DAG(s) 'latest_only' retrieved from /home/airflow/.local/lib/python3.12/site-packages/airflow/example_dags/example_latest_only.py
[2024-04-09T08:25:30.572+0000] {logging_mixin.py:188} INFO - [2024-04-09T08:25:30.572+0000] {dag.py:3096} INFO - Sync 1 DAGs
[2024-04-09T08:25:30.585+0000] {logging_mixin.py:188} INFO - [2024-04-09T08:25:30.585+0000] {dag.py:3954} INFO - Setting next_dagrun for latest_only to 2024-04-09 04:00:00+00:00, run_after=2024-04-09 08:00:00+00:00
[2024-04-09T08:25:30.597+0000] {processor.py:183} INFO - Processing /home/airflow/.local/lib/python3.12/site-packages/airflow/example_dags/example_latest_only.py took 0.043 seconds
[2024-04-09T08:26:01.238+0000] {processor.py:161} INFO - Started process (PID=235) to work on /home/airflow/.local/lib/python3.12/site-packages/airflow/example_dags/example_latest_only.py
[2024-04-09T08:26:01.238+0000] {processor.py:830} INFO - Processing file /home/airflow/.local/lib/python3.12/site-packages/airflow/example_dags/example_latest_only.py for tasks to queue
[2024-04-09T08:26:01.239+0000] {logging_mixin.py:188} INFO - [2024-04-09T08:26:01.239+0000] {dagbag.py:540} INFO - Filling up the DagBag from /home/airflow/.local/lib/python3.12/site-packages/airflow/example_dags/example_latest_only.py
[2024-04-09T08:26:01.242+0000] {processor.py:840} INFO - DAG(s) 'latest_only' retrieved from /home/airflow/.local/lib/python3.12/site-packages/airflow/example_dags/example_latest_only.py
[2024-04-09T08:26:01.252+0000] {logging_mixin.py:188} INFO - [2024-04-09T08:26:01.252+0000] {dag.py:3096} INFO - Sync 1 DAGs
[2024-04-09T08:26:01.264+0000] {logging_mixin.py:188} INFO - [2024-04-09T08:26:01.264+0000] {dag.py:3954} INFO - Setting next_dagrun for latest_only to 2024-04-09 04:00:00+00:00, run_after=2024-04-09 08:00:00+00:00
[2024-04-09T08:26:01.276+0000] {processor.py:183} INFO - Processing /home/airflow/.local/lib/python3.12/site-packages/airflow/example_dags/example_latest_only.py took 0.041 seconds
[2024-04-09T08:26:32.065+0000] {processor.py:161} INFO - Started process (PID=293) to work on /home/airflow/.local/lib/python3.12/site-packages/airflow/example_dags/example_latest_only.py
[2024-04-09T08:26:32.066+0000] {processor.py:830} INFO - Processing file /home/airflow/.local/lib/python3.12/site-packages/airflow/example_dags/example_latest_only.py for tasks to queue
[2024-04-09T08:26:32.067+0000] {logging_mixin.py:188} INFO - [2024-04-09T08:26:32.067+0000] {dagbag.py:540} INFO - Filling up the DagBag from /home/airflow/.local/lib/python3.12/site-packages/airflow/example_dags/example_latest_only.py
[2024-04-09T08:26:32.070+0000] {processor.py:840} INFO - DAG(s) 'latest_only' retrieved from /home/airflow/.local/lib/python3.12/site-packages/airflow/example_dags/example_latest_only.py
[2024-04-09T08:26:32.083+0000] {logging_mixin.py:188} INFO - [2024-04-09T08:26:32.083+0000] {dag.py:3096} INFO - Sync 1 DAGs
[2024-04-09T08:26:32.098+0000] {logging_mixin.py:188} INFO - [2024-04-09T08:26:32.098+0000] {dag.py:3954} INFO - Setting next_dagrun for latest_only to 2024-04-09 04:00:00+00:00, run_after=2024-04-09 08:00:00+00:00
[2024-04-09T08:26:32.113+0000] {processor.py:183} INFO - Processing /home/airflow/.local/lib/python3.12/site-packages/airflow/example_dags/example_latest_only.py took 0.052 seconds
[2024-04-09T08:27:02.267+0000] {processor.py:161} INFO - Started process (PID=351) to work on /home/airflow/.local/lib/python3.12/site-packages/airflow/example_dags/example_latest_only.py
[2024-04-09T08:27:02.267+0000] {processor.py:830} INFO - Processing file /home/airflow/.local/lib/python3.12/site-packages/airflow/example_dags/example_latest_only.py for tasks to queue
[2024-04-09T08:27:02.268+0000] {logging_mixin.py:188} INFO - [2024-04-09T08:27:02.268+0000] {dagbag.py:540} INFO - Filling up the DagBag from /home/airflow/.local/lib/python3.12/site-packages/airflow/example_dags/example_latest_only.py
[2024-04-09T08:27:02.271+0000] {processor.py:840} INFO - DAG(s) 'latest_only' retrieved from /home/airflow/.local/lib/python3.12/site-packages/airflow/example_dags/example_latest_only.py
[2024-04-09T08:27:02.286+0000] {logging_mixin.py:188} INFO - [2024-04-09T08:27:02.286+0000] {dag.py:3096} INFO - Sync 1 DAGs
[2024-04-09T08:27:02.301+0000] {logging_mixin.py:188} INFO - [2024-04-09T08:27:02.301+0000] {dag.py:3954} INFO - Setting next_dagrun for latest_only to 2024-04-09 04:00:00+00:00, run_after=2024-04-09 08:00:00+00:00
[2024-04-09T08:27:02.312+0000] {processor.py:183} INFO - Processing /home/airflow/.local/lib/python3.12/site-packages/airflow/example_dags/example_latest_only.py took 0.049 seconds
[2024-04-09T08:27:33.335+0000] {processor.py:161} INFO - Started process (PID=409) to work on /home/airflow/.local/lib/python3.12/site-packages/airflow/example_dags/example_latest_only.py
[2024-04-09T08:27:33.336+0000] {processor.py:830} INFO - Processing file /home/airflow/.local/lib/python3.12/site-packages/airflow/example_dags/example_latest_only.py for tasks to queue
[2024-04-09T08:27:33.337+0000] {logging_mixin.py:188} INFO - [2024-04-09T08:27:33.336+0000] {dagbag.py:540} INFO - Filling up the DagBag from /home/airflow/.local/lib/python3.12/site-packages/airflow/example_dags/example_latest_only.py
[2024-04-09T08:27:33.339+0000] {processor.py:840} INFO - DAG(s) 'latest_only' retrieved from /home/airflow/.local/lib/python3.12/site-packages/airflow/example_dags/example_latest_only.py
[2024-04-09T08:27:33.351+0000] {logging_mixin.py:188} INFO - [2024-04-09T08:27:33.351+0000] {dag.py:3096} INFO - Sync 1 DAGs
[2024-04-09T08:27:33.364+0000] {logging_mixin.py:188} INFO - [2024-04-09T08:27:33.364+0000] {dag.py:3954} INFO - Setting next_dagrun for latest_only to 2024-04-09 04:00:00+00:00, run_after=2024-04-09 08:00:00+00:00
[2024-04-09T08:27:33.374+0000] {processor.py:183} INFO - Processing /home/airflow/.local/lib/python3.12/site-packages/airflow/example_dags/example_latest_only.py took 0.042 seconds
[2024-04-09T08:28:03.586+0000] {processor.py:161} INFO - Started process (PID=467) to work on /home/airflow/.local/lib/python3.12/site-packages/airflow/example_dags/example_latest_only.py
[2024-04-09T08:28:03.587+0000] {processor.py:830} INFO - Processing file /home/airflow/.local/lib/python3.12/site-packages/airflow/example_dags/example_latest_only.py for tasks to queue
[2024-04-09T08:28:03.587+0000] {logging_mixin.py:188} INFO - [2024-04-09T08:28:03.587+0000] {dagbag.py:540} INFO - Filling up the DagBag from /home/airflow/.local/lib/python3.12/site-packages/airflow/example_dags/example_latest_only.py
[2024-04-09T08:28:03.590+0000] {processor.py:840} INFO - DAG(s) 'latest_only' retrieved from /home/airflow/.local/lib/python3.12/site-packages/airflow/example_dags/example_latest_only.py
[2024-04-09T08:28:03.600+0000] {logging_mixin.py:188} INFO - [2024-04-09T08:28:03.600+0000] {dag.py:3096} INFO - Sync 1 DAGs
[2024-04-09T08:28:03.613+0000] {logging_mixin.py:188} INFO - [2024-04-09T08:28:03.612+0000] {dag.py:3954} INFO - Setting next_dagrun for latest_only to 2024-04-09 04:00:00+00:00, run_after=2024-04-09 08:00:00+00:00
[2024-04-09T08:28:03.623+0000] {processor.py:183} INFO - Processing /home/airflow/.local/lib/python3.12/site-packages/airflow/example_dags/example_latest_only.py took 0.041 seconds
[2024-04-09T08:28:34.553+0000] {processor.py:161} INFO - Started process (PID=525) to work on /home/airflow/.local/lib/python3.12/site-packages/airflow/example_dags/example_latest_only.py
[2024-04-09T08:28:34.553+0000] {processor.py:830} INFO - Processing file /home/airflow/.local/lib/python3.12/site-packages/airflow/example_dags/example_latest_only.py for tasks to queue
[2024-04-09T08:28:34.554+0000] {logging_mixin.py:188} INFO - [2024-04-09T08:28:34.554+0000] {dagbag.py:540} INFO - Filling up the DagBag from /home/airflow/.local/lib/python3.12/site-packages/airflow/example_dags/example_latest_only.py
[2024-04-09T08:28:34.557+0000] {processor.py:840} INFO - DAG(s) 'latest_only' retrieved from /home/airflow/.local/lib/python3.12/site-packages/airflow/example_dags/example_latest_only.py
[2024-04-09T08:28:34.568+0000] {logging_mixin.py:188} INFO - [2024-04-09T08:28:34.568+0000] {dag.py:3096} INFO - Sync 1 DAGs
[2024-04-09T08:28:34.581+0000] {logging_mixin.py:188} INFO - [2024-04-09T08:28:34.581+0000] {dag.py:3954} INFO - Setting next_dagrun for latest_only to 2024-04-09 04:00:00+00:00, run_after=2024-04-09 08:00:00+00:00
[2024-04-09T08:28:34.592+0000] {processor.py:183} INFO - Processing /home/airflow/.local/lib/python3.12/site-packages/airflow/example_dags/example_latest_only.py took 0.042 seconds
[2024-04-09T08:29:05.076+0000] {processor.py:161} INFO - Started process (PID=583) to work on /home/airflow/.local/lib/python3.12/site-packages/airflow/example_dags/example_latest_only.py
[2024-04-09T08:29:05.077+0000] {processor.py:830} INFO - Processing file /home/airflow/.local/lib/python3.12/site-packages/airflow/example_dags/example_latest_only.py for tasks to queue
[2024-04-09T08:29:05.078+0000] {logging_mixin.py:188} INFO - [2024-04-09T08:29:05.078+0000] {dagbag.py:540} INFO - Filling up the DagBag from /home/airflow/.local/lib/python3.12/site-packages/airflow/example_dags/example_latest_only.py
[2024-04-09T08:29:05.080+0000] {processor.py:840} INFO - DAG(s) 'latest_only' retrieved from /home/airflow/.local/lib/python3.12/site-packages/airflow/example_dags/example_latest_only.py
[2024-04-09T08:29:05.092+0000] {logging_mixin.py:188} INFO - [2024-04-09T08:29:05.091+0000] {dag.py:3096} INFO - Sync 1 DAGs
[2024-04-09T08:29:05.104+0000] {logging_mixin.py:188} INFO - [2024-04-09T08:29:05.104+0000] {dag.py:3954} INFO - Setting next_dagrun for latest_only to 2024-04-09 04:00:00+00:00, run_after=2024-04-09 08:00:00+00:00
[2024-04-09T08:29:05.114+0000] {processor.py:183} INFO - Processing /home/airflow/.local/lib/python3.12/site-packages/airflow/example_dags/example_latest_only.py took 0.041 seconds
[2024-04-09T08:29:35.937+0000] {processor.py:161} INFO - Started process (PID=641) to work on /home/airflow/.local/lib/python3.12/site-packages/airflow/example_dags/example_latest_only.py
[2024-04-09T08:29:35.937+0000] {processor.py:830} INFO - Processing file /home/airflow/.local/lib/python3.12/site-packages/airflow/example_dags/example_latest_only.py for tasks to queue
[2024-04-09T08:29:35.938+0000] {logging_mixin.py:188} INFO - [2024-04-09T08:29:35.938+0000] {dagbag.py:540} INFO - Filling up the DagBag from /home/airflow/.local/lib/python3.12/site-packages/airflow/example_dags/example_latest_only.py
[2024-04-09T08:29:35.941+0000] {processor.py:840} INFO - DAG(s) 'latest_only' retrieved from /home/airflow/.local/lib/python3.12/site-packages/airflow/example_dags/example_latest_only.py
[2024-04-09T08:29:35.955+0000] {logging_mixin.py:188} INFO - [2024-04-09T08:29:35.955+0000] {dag.py:3096} INFO - Sync 1 DAGs
[2024-04-09T08:29:35.968+0000] {logging_mixin.py:188} INFO - [2024-04-09T08:29:35.968+0000] {dag.py:3954} INFO - Setting next_dagrun for latest_only to 2024-04-09 04:00:00+00:00, run_after=2024-04-09 08:00:00+00:00
[2024-04-09T08:29:35.979+0000] {processor.py:183} INFO - Processing /home/airflow/.local/lib/python3.12/site-packages/airflow/example_dags/example_latest_only.py took 0.046 seconds
[2024-04-09T08:30:06.653+0000] {processor.py:161} INFO - Started process (PID=699) to work on /home/airflow/.local/lib/python3.12/site-packages/airflow/example_dags/example_latest_only.py
[2024-04-09T08:30:06.653+0000] {processor.py:830} INFO - Processing file /home/airflow/.local/lib/python3.12/site-packages/airflow/example_dags/example_latest_only.py for tasks to queue
[2024-04-09T08:30:06.655+0000] {logging_mixin.py:188} INFO - [2024-04-09T08:30:06.654+0000] {dagbag.py:540} INFO - Filling up the DagBag from /home/airflow/.local/lib/python3.12/site-packages/airflow/example_dags/example_latest_only.py
[2024-04-09T08:30:06.657+0000] {processor.py:840} INFO - DAG(s) 'latest_only' retrieved from /home/airflow/.local/lib/python3.12/site-packages/airflow/example_dags/example_latest_only.py
[2024-04-09T08:30:06.668+0000] {logging_mixin.py:188} INFO - [2024-04-09T08:30:06.668+0000] {dag.py:3096} INFO - Sync 1 DAGs
[2024-04-09T08:30:06.681+0000] {logging_mixin.py:188} INFO - [2024-04-09T08:30:06.681+0000] {dag.py:3954} INFO - Setting next_dagrun for latest_only to 2024-04-09 04:00:00+00:00, run_after=2024-04-09 08:00:00+00:00
[2024-04-09T08:30:06.692+0000] {processor.py:183} INFO - Processing /home/airflow/.local/lib/python3.12/site-packages/airflow/example_dags/example_latest_only.py took 0.043 seconds
[2024-04-09T08:30:37.390+0000] {processor.py:161} INFO - Started process (PID=757) to work on /home/airflow/.local/lib/python3.12/site-packages/airflow/example_dags/example_latest_only.py
[2024-04-09T08:30:37.390+0000] {processor.py:830} INFO - Processing file /home/airflow/.local/lib/python3.12/site-packages/airflow/example_dags/example_latest_only.py for tasks to queue
[2024-04-09T08:30:37.391+0000] {logging_mixin.py:188} INFO - [2024-04-09T08:30:37.391+0000] {dagbag.py:540} INFO - Filling up the DagBag from /home/airflow/.local/lib/python3.12/site-packages/airflow/example_dags/example_latest_only.py
[2024-04-09T08:30:37.394+0000] {processor.py:840} INFO - DAG(s) 'latest_only' retrieved from /home/airflow/.local/lib/python3.12/site-packages/airflow/example_dags/example_latest_only.py
[2024-04-09T08:30:37.406+0000] {logging_mixin.py:188} INFO - [2024-04-09T08:30:37.406+0000] {dag.py:3096} INFO - Sync 1 DAGs
[2024-04-09T08:30:37.421+0000] {logging_mixin.py:188} INFO - [2024-04-09T08:30:37.421+0000] {dag.py:3954} INFO - Setting next_dagrun for latest_only to 2024-04-09 04:00:00+00:00, run_after=2024-04-09 08:00:00+00:00
[2024-04-09T08:30:37.435+0000] {processor.py:183} INFO - Processing /home/airflow/.local/lib/python3.12/site-packages/airflow/example_dags/example_latest_only.py took 0.049 seconds
[2024-04-09T08:31:07.706+0000] {processor.py:161} INFO - Started process (PID=815) to work on /home/airflow/.local/lib/python3.12/site-packages/airflow/example_dags/example_latest_only.py
[2024-04-09T08:31:07.706+0000] {processor.py:830} INFO - Processing file /home/airflow/.local/lib/python3.12/site-packages/airflow/example_dags/example_latest_only.py for tasks to queue
[2024-04-09T08:31:07.707+0000] {logging_mixin.py:188} INFO - [2024-04-09T08:31:07.707+0000] {dagbag.py:540} INFO - Filling up the DagBag from /home/airflow/.local/lib/python3.12/site-packages/airflow/example_dags/example_latest_only.py
[2024-04-09T08:31:07.710+0000] {processor.py:840} INFO - DAG(s) 'latest_only' retrieved from /home/airflow/.local/lib/python3.12/site-packages/airflow/example_dags/example_latest_only.py
[2024-04-09T08:31:07.723+0000] {logging_mixin.py:188} INFO - [2024-04-09T08:31:07.723+0000] {dag.py:3096} INFO - Sync 1 DAGs
[2024-04-09T08:31:07.738+0000] {logging_mixin.py:188} INFO - [2024-04-09T08:31:07.737+0000] {dag.py:3954} INFO - Setting next_dagrun for latest_only to 2024-04-09 04:00:00+00:00, run_after=2024-04-09 08:00:00+00:00
[2024-04-09T08:31:07.749+0000] {processor.py:183} INFO - Processing /home/airflow/.local/lib/python3.12/site-packages/airflow/example_dags/example_latest_only.py took 0.047 seconds
[2024-04-09T08:31:38.544+0000] {processor.py:161} INFO - Started process (PID=873) to work on /home/airflow/.local/lib/python3.12/site-packages/airflow/example_dags/example_latest_only.py
[2024-04-09T08:31:38.544+0000] {processor.py:830} INFO - Processing file /home/airflow/.local/lib/python3.12/site-packages/airflow/example_dags/example_latest_only.py for tasks to queue
[2024-04-09T08:31:38.545+0000] {logging_mixin.py:188} INFO - [2024-04-09T08:31:38.545+0000] {dagbag.py:540} INFO - Filling up the DagBag from /home/airflow/.local/lib/python3.12/site-packages/airflow/example_dags/example_latest_only.py
[2024-04-09T08:31:38.549+0000] {processor.py:840} INFO - DAG(s) 'latest_only' retrieved from /home/airflow/.local/lib/python3.12/site-packages/airflow/example_dags/example_latest_only.py
[2024-04-09T08:31:38.562+0000] {logging_mixin.py:188} INFO - [2024-04-09T08:31:38.562+0000] {dag.py:3096} INFO - Sync 1 DAGs
[2024-04-09T08:31:38.576+0000] {logging_mixin.py:188} INFO - [2024-04-09T08:31:38.576+0000] {dag.py:3954} INFO - Setting next_dagrun for latest_only to 2024-04-09 04:00:00+00:00, run_after=2024-04-09 08:00:00+00:00
[2024-04-09T08:31:38.721+0000] {processor.py:183} INFO - Processing /home/airflow/.local/lib/python3.12/site-packages/airflow/example_dags/example_latest_only.py took 0.182 seconds
[2024-04-09T08:32:08.959+0000] {processor.py:161} INFO - Started process (PID=933) to work on /home/airflow/.local/lib/python3.12/site-packages/airflow/example_dags/example_latest_only.py
[2024-04-09T08:32:08.960+0000] {processor.py:830} INFO - Processing file /home/airflow/.local/lib/python3.12/site-packages/airflow/example_dags/example_latest_only.py for tasks to queue
[2024-04-09T08:32:08.961+0000] {logging_mixin.py:188} INFO - [2024-04-09T08:32:08.961+0000] {dagbag.py:540} INFO - Filling up the DagBag from /home/airflow/.local/lib/python3.12/site-packages/airflow/example_dags/example_latest_only.py
[2024-04-09T08:32:08.963+0000] {processor.py:840} INFO - DAG(s) 'latest_only' retrieved from /home/airflow/.local/lib/python3.12/site-packages/airflow/example_dags/example_latest_only.py
[2024-04-09T08:32:08.975+0000] {logging_mixin.py:188} INFO - [2024-04-09T08:32:08.975+0000] {dag.py:3096} INFO - Sync 1 DAGs
[2024-04-09T08:32:08.988+0000] {logging_mixin.py:188} INFO - [2024-04-09T08:32:08.987+0000] {dag.py:3954} INFO - Setting next_dagrun for latest_only to 2024-04-09 04:00:00+00:00, run_after=2024-04-09 08:00:00+00:00
[2024-04-09T08:32:09.112+0000] {processor.py:183} INFO - Processing /home/airflow/.local/lib/python3.12/site-packages/airflow/example_dags/example_latest_only.py took 0.155 seconds
[2024-04-09T08:32:39.308+0000] {processor.py:161} INFO - Started process (PID=991) to work on /home/airflow/.local/lib/python3.12/site-packages/airflow/example_dags/example_latest_only.py
[2024-04-09T08:32:39.308+0000] {processor.py:830} INFO - Processing file /home/airflow/.local/lib/python3.12/site-packages/airflow/example_dags/example_latest_only.py for tasks to queue
[2024-04-09T08:32:39.309+0000] {logging_mixin.py:188} INFO - [2024-04-09T08:32:39.309+0000] {dagbag.py:540} INFO - Filling up the DagBag from /home/airflow/.local/lib/python3.12/site-packages/airflow/example_dags/example_latest_only.py
[2024-04-09T08:32:39.312+0000] {processor.py:840} INFO - DAG(s) 'latest_only' retrieved from /home/airflow/.local/lib/python3.12/site-packages/airflow/example_dags/example_latest_only.py
[2024-04-09T08:32:39.324+0000] {logging_mixin.py:188} INFO - [2024-04-09T08:32:39.323+0000] {dag.py:3096} INFO - Sync 1 DAGs
[2024-04-09T08:32:39.337+0000] {logging_mixin.py:188} INFO - [2024-04-09T08:32:39.337+0000] {dag.py:3954} INFO - Setting next_dagrun for latest_only to 2024-04-09 04:00:00+00:00, run_after=2024-04-09 08:00:00+00:00
[2024-04-09T08:32:39.466+0000] {processor.py:183} INFO - Processing /home/airflow/.local/lib/python3.12/site-packages/airflow/example_dags/example_latest_only.py took 0.161 seconds
[2024-04-09T08:33:10.366+0000] {processor.py:161} INFO - Started process (PID=1049) to work on /home/airflow/.local/lib/python3.12/site-packages/airflow/example_dags/example_latest_only.py
[2024-04-09T08:33:10.367+0000] {processor.py:830} INFO - Processing file /home/airflow/.local/lib/python3.12/site-packages/airflow/example_dags/example_latest_only.py for tasks to queue
[2024-04-09T08:33:10.369+0000] {logging_mixin.py:188} INFO - [2024-04-09T08:33:10.368+0000] {dagbag.py:540} INFO - Filling up the DagBag from /home/airflow/.local/lib/python3.12/site-packages/airflow/example_dags/example_latest_only.py
[2024-04-09T08:33:10.372+0000] {processor.py:840} INFO - DAG(s) 'latest_only' retrieved from /home/airflow/.local/lib/python3.12/site-packages/airflow/example_dags/example_latest_only.py
[2024-04-09T08:33:10.383+0000] {logging_mixin.py:188} INFO - [2024-04-09T08:33:10.383+0000] {dag.py:3096} INFO - Sync 1 DAGs
[2024-04-09T08:33:10.397+0000] {logging_mixin.py:188} INFO - [2024-04-09T08:33:10.397+0000] {dag.py:3954} INFO - Setting next_dagrun for latest_only to 2024-04-09 04:00:00+00:00, run_after=2024-04-09 08:00:00+00:00
[2024-04-09T08:33:10.577+0000] {processor.py:183} INFO - Processing /home/airflow/.local/lib/python3.12/site-packages/airflow/example_dags/example_latest_only.py took 0.214 seconds
[2024-04-09T08:33:41.383+0000] {processor.py:161} INFO - Started process (PID=1107) to work on /home/airflow/.local/lib/python3.12/site-packages/airflow/example_dags/example_latest_only.py
[2024-04-09T08:33:41.383+0000] {processor.py:830} INFO - Processing file /home/airflow/.local/lib/python3.12/site-packages/airflow/example_dags/example_latest_only.py for tasks to queue
[2024-04-09T08:33:41.384+0000] {logging_mixin.py:188} INFO - [2024-04-09T08:33:41.384+0000] {dagbag.py:540} INFO - Filling up the DagBag from /home/airflow/.local/lib/python3.12/site-packages/airflow/example_dags/example_latest_only.py
[2024-04-09T08:33:41.387+0000] {processor.py:840} INFO - DAG(s) 'latest_only' retrieved from /home/airflow/.local/lib/python3.12/site-packages/airflow/example_dags/example_latest_only.py
[2024-04-09T08:33:41.398+0000] {logging_mixin.py:188} INFO - [2024-04-09T08:33:41.398+0000] {dag.py:3096} INFO - Sync 1 DAGs
[2024-04-09T08:33:41.411+0000] {logging_mixin.py:188} INFO - [2024-04-09T08:33:41.411+0000] {dag.py:3954} INFO - Setting next_dagrun for latest_only to 2024-04-09 04:00:00+00:00, run_after=2024-04-09 08:00:00+00:00
[2024-04-09T08:33:41.422+0000] {processor.py:183} INFO - Processing /home/airflow/.local/lib/python3.12/site-packages/airflow/example_dags/example_latest_only.py took 0.043 seconds
[2024-04-09T08:34:12.121+0000] {processor.py:161} INFO - Started process (PID=1165) to work on /home/airflow/.local/lib/python3.12/site-packages/airflow/example_dags/example_latest_only.py
[2024-04-09T08:34:12.121+0000] {processor.py:830} INFO - Processing file /home/airflow/.local/lib/python3.12/site-packages/airflow/example_dags/example_latest_only.py for tasks to queue
[2024-04-09T08:34:12.122+0000] {logging_mixin.py:188} INFO - [2024-04-09T08:34:12.122+0000] {dagbag.py:540} INFO - Filling up the DagBag from /home/airflow/.local/lib/python3.12/site-packages/airflow/example_dags/example_latest_only.py
[2024-04-09T08:34:12.125+0000] {processor.py:840} INFO - DAG(s) 'latest_only' retrieved from /home/airflow/.local/lib/python3.12/site-packages/airflow/example_dags/example_latest_only.py
[2024-04-09T08:34:12.138+0000] {logging_mixin.py:188} INFO - [2024-04-09T08:34:12.138+0000] {dag.py:3096} INFO - Sync 1 DAGs
[2024-04-09T08:34:12.154+0000] {logging_mixin.py:188} INFO - [2024-04-09T08:34:12.153+0000] {dag.py:3954} INFO - Setting next_dagrun for latest_only to 2024-04-09 04:00:00+00:00, run_after=2024-04-09 08:00:00+00:00
[2024-04-09T08:34:12.178+0000] {processor.py:183} INFO - Processing /home/airflow/.local/lib/python3.12/site-packages/airflow/example_dags/example_latest_only.py took 0.061 seconds
[2024-04-09T08:34:43.135+0000] {processor.py:161} INFO - Started process (PID=1223) to work on /home/airflow/.local/lib/python3.12/site-packages/airflow/example_dags/example_latest_only.py
[2024-04-09T08:34:43.136+0000] {processor.py:830} INFO - Processing file /home/airflow/.local/lib/python3.12/site-packages/airflow/example_dags/example_latest_only.py for tasks to queue
[2024-04-09T08:34:43.138+0000] {logging_mixin.py:188} INFO - [2024-04-09T08:34:43.137+0000] {dagbag.py:540} INFO - Filling up the DagBag from /home/airflow/.local/lib/python3.12/site-packages/airflow/example_dags/example_latest_only.py
[2024-04-09T08:34:43.142+0000] {processor.py:840} INFO - DAG(s) 'latest_only' retrieved from /home/airflow/.local/lib/python3.12/site-packages/airflow/example_dags/example_latest_only.py
[2024-04-09T08:34:43.159+0000] {logging_mixin.py:188} INFO - [2024-04-09T08:34:43.159+0000] {dag.py:3096} INFO - Sync 1 DAGs
[2024-04-09T08:34:43.179+0000] {logging_mixin.py:188} INFO - [2024-04-09T08:34:43.179+0000] {dag.py:3954} INFO - Setting next_dagrun for latest_only to 2024-04-09 04:00:00+00:00, run_after=2024-04-09 08:00:00+00:00
[2024-04-09T08:34:43.194+0000] {processor.py:183} INFO - Processing /home/airflow/.local/lib/python3.12/site-packages/airflow/example_dags/example_latest_only.py took 0.064 seconds
[2024-04-09T08:35:13.302+0000] {processor.py:161} INFO - Started process (PID=1281) to work on /home/airflow/.local/lib/python3.12/site-packages/airflow/example_dags/example_latest_only.py
[2024-04-09T08:35:13.303+0000] {processor.py:830} INFO - Processing file /home/airflow/.local/lib/python3.12/site-packages/airflow/example_dags/example_latest_only.py for tasks to queue
[2024-04-09T08:35:13.304+0000] {logging_mixin.py:188} INFO - [2024-04-09T08:35:13.304+0000] {dagbag.py:540} INFO - Filling up the DagBag from /home/airflow/.local/lib/python3.12/site-packages/airflow/example_dags/example_latest_only.py
[2024-04-09T08:35:13.306+0000] {processor.py:840} INFO - DAG(s) 'latest_only' retrieved from /home/airflow/.local/lib/python3.12/site-packages/airflow/example_dags/example_latest_only.py
[2024-04-09T08:35:13.317+0000] {logging_mixin.py:188} INFO - [2024-04-09T08:35:13.317+0000] {dag.py:3096} INFO - Sync 1 DAGs
[2024-04-09T08:35:13.331+0000] {logging_mixin.py:188} INFO - [2024-04-09T08:35:13.331+0000] {dag.py:3954} INFO - Setting next_dagrun for latest_only to 2024-04-09 04:00:00+00:00, run_after=2024-04-09 08:00:00+00:00
[2024-04-09T08:35:13.347+0000] {processor.py:183} INFO - Processing /home/airflow/.local/lib/python3.12/site-packages/airflow/example_dags/example_latest_only.py took 0.048 seconds
[2024-04-09T08:35:44.329+0000] {processor.py:161} INFO - Started process (PID=1339) to work on /home/airflow/.local/lib/python3.12/site-packages/airflow/example_dags/example_latest_only.py
[2024-04-09T08:35:44.329+0000] {processor.py:830} INFO - Processing file /home/airflow/.local/lib/python3.12/site-packages/airflow/example_dags/example_latest_only.py for tasks to queue
[2024-04-09T08:35:44.330+0000] {logging_mixin.py:188} INFO - [2024-04-09T08:35:44.330+0000] {dagbag.py:540} INFO - Filling up the DagBag from /home/airflow/.local/lib/python3.12/site-packages/airflow/example_dags/example_latest_only.py
[2024-04-09T08:35:44.333+0000] {processor.py:840} INFO - DAG(s) 'latest_only' retrieved from /home/airflow/.local/lib/python3.12/site-packages/airflow/example_dags/example_latest_only.py
[2024-04-09T08:35:44.344+0000] {logging_mixin.py:188} INFO - [2024-04-09T08:35:44.344+0000] {dag.py:3096} INFO - Sync 1 DAGs
[2024-04-09T08:35:44.356+0000] {logging_mixin.py:188} INFO - [2024-04-09T08:35:44.356+0000] {dag.py:3954} INFO - Setting next_dagrun for latest_only to 2024-04-09 04:00:00+00:00, run_after=2024-04-09 08:00:00+00:00
[2024-04-09T08:35:44.368+0000] {processor.py:183} INFO - Processing /home/airflow/.local/lib/python3.12/site-packages/airflow/example_dags/example_latest_only.py took 0.043 seconds
[2024-04-09T08:36:15.139+0000] {processor.py:161} INFO - Started process (PID=1397) to work on /home/airflow/.local/lib/python3.12/site-packages/airflow/example_dags/example_latest_only.py
[2024-04-09T08:36:15.139+0000] {processor.py:830} INFO - Processing file /home/airflow/.local/lib/python3.12/site-packages/airflow/example_dags/example_latest_only.py for tasks to queue
[2024-04-09T08:36:15.140+0000] {logging_mixin.py:188} INFO - [2024-04-09T08:36:15.140+0000] {dagbag.py:540} INFO - Filling up the DagBag from /home/airflow/.local/lib/python3.12/site-packages/airflow/example_dags/example_latest_only.py
[2024-04-09T08:36:15.143+0000] {processor.py:840} INFO - DAG(s) 'latest_only' retrieved from /home/airflow/.local/lib/python3.12/site-packages/airflow/example_dags/example_latest_only.py
[2024-04-09T08:36:15.155+0000] {logging_mixin.py:188} INFO - [2024-04-09T08:36:15.155+0000] {dag.py:3096} INFO - Sync 1 DAGs
[2024-04-09T08:36:15.168+0000] {logging_mixin.py:188} INFO - [2024-04-09T08:36:15.168+0000] {dag.py:3954} INFO - Setting next_dagrun for latest_only to 2024-04-09 04:00:00+00:00, run_after=2024-04-09 08:00:00+00:00
[2024-04-09T08:36:15.191+0000] {processor.py:183} INFO - Processing /home/airflow/.local/lib/python3.12/site-packages/airflow/example_dags/example_latest_only.py took 0.055 seconds
[2024-04-09T08:36:45.696+0000] {processor.py:161} INFO - Started process (PID=1455) to work on /home/airflow/.local/lib/python3.12/site-packages/airflow/example_dags/example_latest_only.py
[2024-04-09T08:36:45.697+0000] {processor.py:830} INFO - Processing file /home/airflow/.local/lib/python3.12/site-packages/airflow/example_dags/example_latest_only.py for tasks to queue
[2024-04-09T08:36:45.698+0000] {logging_mixin.py:188} INFO - [2024-04-09T08:36:45.697+0000] {dagbag.py:540} INFO - Filling up the DagBag from /home/airflow/.local/lib/python3.12/site-packages/airflow/example_dags/example_latest_only.py
[2024-04-09T08:36:45.700+0000] {processor.py:840} INFO - DAG(s) 'latest_only' retrieved from /home/airflow/.local/lib/python3.12/site-packages/airflow/example_dags/example_latest_only.py
[2024-04-09T08:36:45.711+0000] {logging_mixin.py:188} INFO - [2024-04-09T08:36:45.711+0000] {dag.py:3096} INFO - Sync 1 DAGs
[2024-04-09T08:36:45.724+0000] {logging_mixin.py:188} INFO - [2024-04-09T08:36:45.724+0000] {dag.py:3954} INFO - Setting next_dagrun for latest_only to 2024-04-09 04:00:00+00:00, run_after=2024-04-09 08:00:00+00:00
[2024-04-09T08:36:45.742+0000] {processor.py:183} INFO - Processing /home/airflow/.local/lib/python3.12/site-packages/airflow/example_dags/example_latest_only.py took 0.050 seconds
[2024-04-09T08:37:16.312+0000] {processor.py:161} INFO - Started process (PID=1513) to work on /home/airflow/.local/lib/python3.12/site-packages/airflow/example_dags/example_latest_only.py
[2024-04-09T08:37:16.312+0000] {processor.py:830} INFO - Processing file /home/airflow/.local/lib/python3.12/site-packages/airflow/example_dags/example_latest_only.py for tasks to queue
[2024-04-09T08:37:16.313+0000] {logging_mixin.py:188} INFO - [2024-04-09T08:37:16.313+0000] {dagbag.py:540} INFO - Filling up the DagBag from /home/airflow/.local/lib/python3.12/site-packages/airflow/example_dags/example_latest_only.py
[2024-04-09T08:37:16.316+0000] {processor.py:840} INFO - DAG(s) 'latest_only' retrieved from /home/airflow/.local/lib/python3.12/site-packages/airflow/example_dags/example_latest_only.py
[2024-04-09T08:37:16.328+0000] {logging_mixin.py:188} INFO - [2024-04-09T08:37:16.327+0000] {dag.py:3096} INFO - Sync 1 DAGs
[2024-04-09T08:37:16.340+0000] {logging_mixin.py:188} INFO - [2024-04-09T08:37:16.340+0000] {dag.py:3954} INFO - Setting next_dagrun for latest_only to 2024-04-09 04:00:00+00:00, run_after=2024-04-09 08:00:00+00:00
[2024-04-09T08:37:16.363+0000] {processor.py:183} INFO - Processing /home/airflow/.local/lib/python3.12/site-packages/airflow/example_dags/example_latest_only.py took 0.055 seconds
[2024-04-09T08:37:46.868+0000] {processor.py:161} INFO - Started process (PID=1571) to work on /home/airflow/.local/lib/python3.12/site-packages/airflow/example_dags/example_latest_only.py
[2024-04-09T08:37:46.869+0000] {processor.py:830} INFO - Processing file /home/airflow/.local/lib/python3.12/site-packages/airflow/example_dags/example_latest_only.py for tasks to queue
[2024-04-09T08:37:46.870+0000] {logging_mixin.py:188} INFO - [2024-04-09T08:37:46.869+0000] {dagbag.py:540} INFO - Filling up the DagBag from /home/airflow/.local/lib/python3.12/site-packages/airflow/example_dags/example_latest_only.py
[2024-04-09T08:37:46.872+0000] {processor.py:840} INFO - DAG(s) 'latest_only' retrieved from /home/airflow/.local/lib/python3.12/site-packages/airflow/example_dags/example_latest_only.py
[2024-04-09T08:37:46.883+0000] {logging_mixin.py:188} INFO - [2024-04-09T08:37:46.883+0000] {dag.py:3096} INFO - Sync 1 DAGs
[2024-04-09T08:37:46.896+0000] {logging_mixin.py:188} INFO - [2024-04-09T08:37:46.896+0000] {dag.py:3954} INFO - Setting next_dagrun for latest_only to 2024-04-09 04:00:00+00:00, run_after=2024-04-09 08:00:00+00:00
[2024-04-09T08:37:46.916+0000] {processor.py:183} INFO - Processing /home/airflow/.local/lib/python3.12/site-packages/airflow/example_dags/example_latest_only.py took 0.051 seconds
[2024-04-09T08:38:17.468+0000] {processor.py:161} INFO - Started process (PID=1629) to work on /home/airflow/.local/lib/python3.12/site-packages/airflow/example_dags/example_latest_only.py
[2024-04-09T08:38:17.469+0000] {processor.py:830} INFO - Processing file /home/airflow/.local/lib/python3.12/site-packages/airflow/example_dags/example_latest_only.py for tasks to queue
[2024-04-09T08:38:17.470+0000] {logging_mixin.py:188} INFO - [2024-04-09T08:38:17.469+0000] {dagbag.py:540} INFO - Filling up the DagBag from /home/airflow/.local/lib/python3.12/site-packages/airflow/example_dags/example_latest_only.py
[2024-04-09T08:38:17.472+0000] {processor.py:840} INFO - DAG(s) 'latest_only' retrieved from /home/airflow/.local/lib/python3.12/site-packages/airflow/example_dags/example_latest_only.py
[2024-04-09T08:38:17.483+0000] {logging_mixin.py:188} INFO - [2024-04-09T08:38:17.483+0000] {dag.py:3096} INFO - Sync 1 DAGs
[2024-04-09T08:38:17.498+0000] {logging_mixin.py:188} INFO - [2024-04-09T08:38:17.498+0000] {dag.py:3954} INFO - Setting next_dagrun for latest_only to 2024-04-09 04:00:00+00:00, run_after=2024-04-09 08:00:00+00:00
[2024-04-09T08:38:17.516+0000] {processor.py:183} INFO - Processing /home/airflow/.local/lib/python3.12/site-packages/airflow/example_dags/example_latest_only.py took 0.051 seconds
[2024-04-09T08:38:48.190+0000] {processor.py:161} INFO - Started process (PID=1693) to work on /home/airflow/.local/lib/python3.12/site-packages/airflow/example_dags/example_latest_only.py
[2024-04-09T08:38:48.191+0000] {processor.py:830} INFO - Processing file /home/airflow/.local/lib/python3.12/site-packages/airflow/example_dags/example_latest_only.py for tasks to queue
[2024-04-09T08:38:48.192+0000] {logging_mixin.py:188} INFO - [2024-04-09T08:38:48.191+0000] {dagbag.py:540} INFO - Filling up the DagBag from /home/airflow/.local/lib/python3.12/site-packages/airflow/example_dags/example_latest_only.py
[2024-04-09T08:38:48.194+0000] {processor.py:840} INFO - DAG(s) 'latest_only' retrieved from /home/airflow/.local/lib/python3.12/site-packages/airflow/example_dags/example_latest_only.py
[2024-04-09T08:38:48.206+0000] {logging_mixin.py:188} INFO - [2024-04-09T08:38:48.205+0000] {dag.py:3096} INFO - Sync 1 DAGs
[2024-04-09T08:38:48.218+0000] {logging_mixin.py:188} INFO - [2024-04-09T08:38:48.218+0000] {dag.py:3954} INFO - Setting next_dagrun for latest_only to 2024-04-09 04:00:00+00:00, run_after=2024-04-09 08:00:00+00:00
[2024-04-09T08:38:48.240+0000] {processor.py:183} INFO - Processing /home/airflow/.local/lib/python3.12/site-packages/airflow/example_dags/example_latest_only.py took 0.053 seconds
[2024-04-09T08:39:18.852+0000] {processor.py:161} INFO - Started process (PID=1751) to work on /home/airflow/.local/lib/python3.12/site-packages/airflow/example_dags/example_latest_only.py
[2024-04-09T08:39:18.853+0000] {processor.py:830} INFO - Processing file /home/airflow/.local/lib/python3.12/site-packages/airflow/example_dags/example_latest_only.py for tasks to queue
[2024-04-09T08:39:18.854+0000] {logging_mixin.py:188} INFO - [2024-04-09T08:39:18.854+0000] {dagbag.py:540} INFO - Filling up the DagBag from /home/airflow/.local/lib/python3.12/site-packages/airflow/example_dags/example_latest_only.py
[2024-04-09T08:39:18.857+0000] {processor.py:840} INFO - DAG(s) 'latest_only' retrieved from /home/airflow/.local/lib/python3.12/site-packages/airflow/example_dags/example_latest_only.py
[2024-04-09T08:39:18.868+0000] {logging_mixin.py:188} INFO - [2024-04-09T08:39:18.868+0000] {dag.py:3096} INFO - Sync 1 DAGs
[2024-04-09T08:39:18.881+0000] {logging_mixin.py:188} INFO - [2024-04-09T08:39:18.881+0000] {dag.py:3954} INFO - Setting next_dagrun for latest_only to 2024-04-09 04:00:00+00:00, run_after=2024-04-09 08:00:00+00:00
[2024-04-09T08:39:18.893+0000] {processor.py:183} INFO - Processing /home/airflow/.local/lib/python3.12/site-packages/airflow/example_dags/example_latest_only.py took 0.044 seconds
[2024-04-09T08:39:49.562+0000] {processor.py:161} INFO - Started process (PID=1809) to work on /home/airflow/.local/lib/python3.12/site-packages/airflow/example_dags/example_latest_only.py
[2024-04-09T08:39:49.562+0000] {processor.py:830} INFO - Processing file /home/airflow/.local/lib/python3.12/site-packages/airflow/example_dags/example_latest_only.py for tasks to queue
[2024-04-09T08:39:49.563+0000] {logging_mixin.py:188} INFO - [2024-04-09T08:39:49.563+0000] {dagbag.py:540} INFO - Filling up the DagBag from /home/airflow/.local/lib/python3.12/site-packages/airflow/example_dags/example_latest_only.py
[2024-04-09T08:39:49.566+0000] {processor.py:840} INFO - DAG(s) 'latest_only' retrieved from /home/airflow/.local/lib/python3.12/site-packages/airflow/example_dags/example_latest_only.py
[2024-04-09T08:39:49.577+0000] {logging_mixin.py:188} INFO - [2024-04-09T08:39:49.576+0000] {dag.py:3096} INFO - Sync 1 DAGs
[2024-04-09T08:39:49.589+0000] {logging_mixin.py:188} INFO - [2024-04-09T08:39:49.589+0000] {dag.py:3954} INFO - Setting next_dagrun for latest_only to 2024-04-09 04:00:00+00:00, run_after=2024-04-09 08:00:00+00:00
[2024-04-09T08:39:49.611+0000] {processor.py:183} INFO - Processing /home/airflow/.local/lib/python3.12/site-packages/airflow/example_dags/example_latest_only.py took 0.053 seconds
[2024-04-09T08:40:20.245+0000] {processor.py:161} INFO - Started process (PID=1867) to work on /home/airflow/.local/lib/python3.12/site-packages/airflow/example_dags/example_latest_only.py
[2024-04-09T08:40:20.245+0000] {processor.py:830} INFO - Processing file /home/airflow/.local/lib/python3.12/site-packages/airflow/example_dags/example_latest_only.py for tasks to queue
[2024-04-09T08:40:20.246+0000] {logging_mixin.py:188} INFO - [2024-04-09T08:40:20.246+0000] {dagbag.py:540} INFO - Filling up the DagBag from /home/airflow/.local/lib/python3.12/site-packages/airflow/example_dags/example_latest_only.py
[2024-04-09T08:40:20.249+0000] {processor.py:840} INFO - DAG(s) 'latest_only' retrieved from /home/airflow/.local/lib/python3.12/site-packages/airflow/example_dags/example_latest_only.py
[2024-04-09T08:40:20.259+0000] {logging_mixin.py:188} INFO - [2024-04-09T08:40:20.259+0000] {dag.py:3096} INFO - Sync 1 DAGs
[2024-04-09T08:40:20.271+0000] {logging_mixin.py:188} INFO - [2024-04-09T08:40:20.271+0000] {dag.py:3954} INFO - Setting next_dagrun for latest_only to 2024-04-09 04:00:00+00:00, run_after=2024-04-09 08:00:00+00:00
[2024-04-09T08:40:20.281+0000] {processor.py:183} INFO - Processing /home/airflow/.local/lib/python3.12/site-packages/airflow/example_dags/example_latest_only.py took 0.039 seconds
[2024-04-09T08:40:50.860+0000] {processor.py:161} INFO - Started process (PID=1925) to work on /home/airflow/.local/lib/python3.12/site-packages/airflow/example_dags/example_latest_only.py
[2024-04-09T08:40:50.860+0000] {processor.py:830} INFO - Processing file /home/airflow/.local/lib/python3.12/site-packages/airflow/example_dags/example_latest_only.py for tasks to queue
[2024-04-09T08:40:50.861+0000] {logging_mixin.py:188} INFO - [2024-04-09T08:40:50.861+0000] {dagbag.py:540} INFO - Filling up the DagBag from /home/airflow/.local/lib/python3.12/site-packages/airflow/example_dags/example_latest_only.py
[2024-04-09T08:40:50.864+0000] {processor.py:840} INFO - DAG(s) 'latest_only' retrieved from /home/airflow/.local/lib/python3.12/site-packages/airflow/example_dags/example_latest_only.py
[2024-04-09T08:40:50.875+0000] {logging_mixin.py:188} INFO - [2024-04-09T08:40:50.875+0000] {dag.py:3096} INFO - Sync 1 DAGs
[2024-04-09T08:40:50.888+0000] {logging_mixin.py:188} INFO - [2024-04-09T08:40:50.888+0000] {dag.py:3954} INFO - Setting next_dagrun for latest_only to 2024-04-09 04:00:00+00:00, run_after=2024-04-09 08:00:00+00:00
[2024-04-09T08:40:50.900+0000] {processor.py:183} INFO - Processing /home/airflow/.local/lib/python3.12/site-packages/airflow/example_dags/example_latest_only.py took 0.043 seconds
[2024-04-09T08:41:21.625+0000] {processor.py:161} INFO - Started process (PID=1983) to work on /home/airflow/.local/lib/python3.12/site-packages/airflow/example_dags/example_latest_only.py
[2024-04-09T08:41:21.625+0000] {processor.py:830} INFO - Processing file /home/airflow/.local/lib/python3.12/site-packages/airflow/example_dags/example_latest_only.py for tasks to queue
[2024-04-09T08:41:21.626+0000] {logging_mixin.py:188} INFO - [2024-04-09T08:41:21.626+0000] {dagbag.py:540} INFO - Filling up the DagBag from /home/airflow/.local/lib/python3.12/site-packages/airflow/example_dags/example_latest_only.py
[2024-04-09T08:41:21.629+0000] {processor.py:840} INFO - DAG(s) 'latest_only' retrieved from /home/airflow/.local/lib/python3.12/site-packages/airflow/example_dags/example_latest_only.py
[2024-04-09T08:41:21.639+0000] {logging_mixin.py:188} INFO - [2024-04-09T08:41:21.639+0000] {dag.py:3096} INFO - Sync 1 DAGs
[2024-04-09T08:41:21.652+0000] {logging_mixin.py:188} INFO - [2024-04-09T08:41:21.651+0000] {dag.py:3954} INFO - Setting next_dagrun for latest_only to 2024-04-09 04:00:00+00:00, run_after=2024-04-09 08:00:00+00:00
[2024-04-09T08:41:21.674+0000] {processor.py:183} INFO - Processing /home/airflow/.local/lib/python3.12/site-packages/airflow/example_dags/example_latest_only.py took 0.052 seconds
[2024-04-09T08:41:52.243+0000] {processor.py:161} INFO - Started process (PID=2041) to work on /home/airflow/.local/lib/python3.12/site-packages/airflow/example_dags/example_latest_only.py
[2024-04-09T08:41:52.244+0000] {processor.py:830} INFO - Processing file /home/airflow/.local/lib/python3.12/site-packages/airflow/example_dags/example_latest_only.py for tasks to queue
[2024-04-09T08:41:52.244+0000] {logging_mixin.py:188} INFO - [2024-04-09T08:41:52.244+0000] {dagbag.py:540} INFO - Filling up the DagBag from /home/airflow/.local/lib/python3.12/site-packages/airflow/example_dags/example_latest_only.py
[2024-04-09T08:41:52.247+0000] {processor.py:840} INFO - DAG(s) 'latest_only' retrieved from /home/airflow/.local/lib/python3.12/site-packages/airflow/example_dags/example_latest_only.py
[2024-04-09T08:41:52.258+0000] {logging_mixin.py:188} INFO - [2024-04-09T08:41:52.258+0000] {dag.py:3096} INFO - Sync 1 DAGs
[2024-04-09T08:41:52.271+0000] {logging_mixin.py:188} INFO - [2024-04-09T08:41:52.271+0000] {dag.py:3954} INFO - Setting next_dagrun for latest_only to 2024-04-09 04:00:00+00:00, run_after=2024-04-09 08:00:00+00:00
[2024-04-09T08:41:52.291+0000] {processor.py:183} INFO - Processing /home/airflow/.local/lib/python3.12/site-packages/airflow/example_dags/example_latest_only.py took 0.051 seconds
[2024-04-09T08:42:22.879+0000] {processor.py:161} INFO - Started process (PID=2099) to work on /home/airflow/.local/lib/python3.12/site-packages/airflow/example_dags/example_latest_only.py
[2024-04-09T08:42:22.880+0000] {processor.py:830} INFO - Processing file /home/airflow/.local/lib/python3.12/site-packages/airflow/example_dags/example_latest_only.py for tasks to queue
[2024-04-09T08:42:22.881+0000] {logging_mixin.py:188} INFO - [2024-04-09T08:42:22.880+0000] {dagbag.py:540} INFO - Filling up the DagBag from /home/airflow/.local/lib/python3.12/site-packages/airflow/example_dags/example_latest_only.py
[2024-04-09T08:42:22.883+0000] {processor.py:840} INFO - DAG(s) 'latest_only' retrieved from /home/airflow/.local/lib/python3.12/site-packages/airflow/example_dags/example_latest_only.py
[2024-04-09T08:42:22.894+0000] {logging_mixin.py:188} INFO - [2024-04-09T08:42:22.894+0000] {dag.py:3096} INFO - Sync 1 DAGs
[2024-04-09T08:42:22.906+0000] {logging_mixin.py:188} INFO - [2024-04-09T08:42:22.906+0000] {dag.py:3954} INFO - Setting next_dagrun for latest_only to 2024-04-09 04:00:00+00:00, run_after=2024-04-09 08:00:00+00:00
[2024-04-09T08:42:22.928+0000] {processor.py:183} INFO - Processing /home/airflow/.local/lib/python3.12/site-packages/airflow/example_dags/example_latest_only.py took 0.051 seconds
[2024-04-09T08:42:53.613+0000] {processor.py:161} INFO - Started process (PID=2157) to work on /home/airflow/.local/lib/python3.12/site-packages/airflow/example_dags/example_latest_only.py
[2024-04-09T08:42:53.614+0000] {processor.py:830} INFO - Processing file /home/airflow/.local/lib/python3.12/site-packages/airflow/example_dags/example_latest_only.py for tasks to queue
[2024-04-09T08:42:53.615+0000] {logging_mixin.py:188} INFO - [2024-04-09T08:42:53.615+0000] {dagbag.py:540} INFO - Filling up the DagBag from /home/airflow/.local/lib/python3.12/site-packages/airflow/example_dags/example_latest_only.py
[2024-04-09T08:42:53.618+0000] {processor.py:840} INFO - DAG(s) 'latest_only' retrieved from /home/airflow/.local/lib/python3.12/site-packages/airflow/example_dags/example_latest_only.py
[2024-04-09T08:42:53.630+0000] {logging_mixin.py:188} INFO - [2024-04-09T08:42:53.629+0000] {dag.py:3096} INFO - Sync 1 DAGs
[2024-04-09T08:42:53.642+0000] {logging_mixin.py:188} INFO - [2024-04-09T08:42:53.642+0000] {dag.py:3954} INFO - Setting next_dagrun for latest_only to 2024-04-09 04:00:00+00:00, run_after=2024-04-09 08:00:00+00:00
[2024-04-09T08:42:53.654+0000] {processor.py:183} INFO - Processing /home/airflow/.local/lib/python3.12/site-packages/airflow/example_dags/example_latest_only.py took 0.045 seconds
[2024-04-09T08:43:24.275+0000] {processor.py:161} INFO - Started process (PID=2215) to work on /home/airflow/.local/lib/python3.12/site-packages/airflow/example_dags/example_latest_only.py
[2024-04-09T08:43:24.276+0000] {processor.py:830} INFO - Processing file /home/airflow/.local/lib/python3.12/site-packages/airflow/example_dags/example_latest_only.py for tasks to queue
[2024-04-09T08:43:24.277+0000] {logging_mixin.py:188} INFO - [2024-04-09T08:43:24.276+0000] {dagbag.py:540} INFO - Filling up the DagBag from /home/airflow/.local/lib/python3.12/site-packages/airflow/example_dags/example_latest_only.py
[2024-04-09T08:43:24.279+0000] {processor.py:840} INFO - DAG(s) 'latest_only' retrieved from /home/airflow/.local/lib/python3.12/site-packages/airflow/example_dags/example_latest_only.py
[2024-04-09T08:43:24.290+0000] {logging_mixin.py:188} INFO - [2024-04-09T08:43:24.290+0000] {dag.py:3096} INFO - Sync 1 DAGs
[2024-04-09T08:43:24.302+0000] {logging_mixin.py:188} INFO - [2024-04-09T08:43:24.302+0000] {dag.py:3954} INFO - Setting next_dagrun for latest_only to 2024-04-09 04:00:00+00:00, run_after=2024-04-09 08:00:00+00:00
[2024-04-09T08:43:24.313+0000] {processor.py:183} INFO - Processing /home/airflow/.local/lib/python3.12/site-packages/airflow/example_dags/example_latest_only.py took 0.041 seconds
[2024-04-09T08:43:54.948+0000] {processor.py:161} INFO - Started process (PID=2273) to work on /home/airflow/.local/lib/python3.12/site-packages/airflow/example_dags/example_latest_only.py
[2024-04-09T08:43:54.949+0000] {processor.py:830} INFO - Processing file /home/airflow/.local/lib/python3.12/site-packages/airflow/example_dags/example_latest_only.py for tasks to queue
[2024-04-09T08:43:54.950+0000] {logging_mixin.py:188} INFO - [2024-04-09T08:43:54.950+0000] {dagbag.py:540} INFO - Filling up the DagBag from /home/airflow/.local/lib/python3.12/site-packages/airflow/example_dags/example_latest_only.py
[2024-04-09T08:43:54.952+0000] {processor.py:840} INFO - DAG(s) 'latest_only' retrieved from /home/airflow/.local/lib/python3.12/site-packages/airflow/example_dags/example_latest_only.py
[2024-04-09T08:43:54.963+0000] {logging_mixin.py:188} INFO - [2024-04-09T08:43:54.963+0000] {dag.py:3096} INFO - Sync 1 DAGs
[2024-04-09T08:43:54.976+0000] {logging_mixin.py:188} INFO - [2024-04-09T08:43:54.976+0000] {dag.py:3954} INFO - Setting next_dagrun for latest_only to 2024-04-09 04:00:00+00:00, run_after=2024-04-09 08:00:00+00:00
[2024-04-09T08:43:54.998+0000] {processor.py:183} INFO - Processing /home/airflow/.local/lib/python3.12/site-packages/airflow/example_dags/example_latest_only.py took 0.053 seconds
[2024-04-09T08:44:25.730+0000] {processor.py:161} INFO - Started process (PID=2331) to work on /home/airflow/.local/lib/python3.12/site-packages/airflow/example_dags/example_latest_only.py
[2024-04-09T08:44:25.731+0000] {processor.py:830} INFO - Processing file /home/airflow/.local/lib/python3.12/site-packages/airflow/example_dags/example_latest_only.py for tasks to queue
[2024-04-09T08:44:25.732+0000] {logging_mixin.py:188} INFO - [2024-04-09T08:44:25.732+0000] {dagbag.py:540} INFO - Filling up the DagBag from /home/airflow/.local/lib/python3.12/site-packages/airflow/example_dags/example_latest_only.py
[2024-04-09T08:44:25.734+0000] {processor.py:840} INFO - DAG(s) 'latest_only' retrieved from /home/airflow/.local/lib/python3.12/site-packages/airflow/example_dags/example_latest_only.py
[2024-04-09T08:44:25.745+0000] {logging_mixin.py:188} INFO - [2024-04-09T08:44:25.745+0000] {dag.py:3096} INFO - Sync 1 DAGs
[2024-04-09T08:44:25.757+0000] {logging_mixin.py:188} INFO - [2024-04-09T08:44:25.757+0000] {dag.py:3954} INFO - Setting next_dagrun for latest_only to 2024-04-09 04:00:00+00:00, run_after=2024-04-09 08:00:00+00:00
[2024-04-09T08:44:25.781+0000] {processor.py:183} INFO - Processing /home/airflow/.local/lib/python3.12/site-packages/airflow/example_dags/example_latest_only.py took 0.053 seconds
[2024-04-09T08:44:56.450+0000] {processor.py:161} INFO - Started process (PID=2389) to work on /home/airflow/.local/lib/python3.12/site-packages/airflow/example_dags/example_latest_only.py
[2024-04-09T08:44:56.451+0000] {processor.py:830} INFO - Processing file /home/airflow/.local/lib/python3.12/site-packages/airflow/example_dags/example_latest_only.py for tasks to queue
[2024-04-09T08:44:56.452+0000] {logging_mixin.py:188} INFO - [2024-04-09T08:44:56.452+0000] {dagbag.py:540} INFO - Filling up the DagBag from /home/airflow/.local/lib/python3.12/site-packages/airflow/example_dags/example_latest_only.py
[2024-04-09T08:44:56.457+0000] {processor.py:840} INFO - DAG(s) 'latest_only' retrieved from /home/airflow/.local/lib/python3.12/site-packages/airflow/example_dags/example_latest_only.py
[2024-04-09T08:44:56.474+0000] {logging_mixin.py:188} INFO - [2024-04-09T08:44:56.474+0000] {dag.py:3096} INFO - Sync 1 DAGs
[2024-04-09T08:44:56.495+0000] {logging_mixin.py:188} INFO - [2024-04-09T08:44:56.494+0000] {dag.py:3954} INFO - Setting next_dagrun for latest_only to 2024-04-09 04:00:00+00:00, run_after=2024-04-09 08:00:00+00:00
[2024-04-09T08:44:56.514+0000] {processor.py:183} INFO - Processing /home/airflow/.local/lib/python3.12/site-packages/airflow/example_dags/example_latest_only.py took 0.068 seconds
[2024-04-09T08:45:27.199+0000] {processor.py:161} INFO - Started process (PID=2447) to work on /home/airflow/.local/lib/python3.12/site-packages/airflow/example_dags/example_latest_only.py
[2024-04-09T08:45:27.200+0000] {processor.py:830} INFO - Processing file /home/airflow/.local/lib/python3.12/site-packages/airflow/example_dags/example_latest_only.py for tasks to queue
[2024-04-09T08:45:27.201+0000] {logging_mixin.py:188} INFO - [2024-04-09T08:45:27.201+0000] {dagbag.py:540} INFO - Filling up the DagBag from /home/airflow/.local/lib/python3.12/site-packages/airflow/example_dags/example_latest_only.py
[2024-04-09T08:45:27.204+0000] {processor.py:840} INFO - DAG(s) 'latest_only' retrieved from /home/airflow/.local/lib/python3.12/site-packages/airflow/example_dags/example_latest_only.py
[2024-04-09T08:45:27.216+0000] {logging_mixin.py:188} INFO - [2024-04-09T08:45:27.216+0000] {dag.py:3096} INFO - Sync 1 DAGs
[2024-04-09T08:45:27.228+0000] {logging_mixin.py:188} INFO - [2024-04-09T08:45:27.228+0000] {dag.py:3954} INFO - Setting next_dagrun for latest_only to 2024-04-09 04:00:00+00:00, run_after=2024-04-09 08:00:00+00:00
[2024-04-09T08:45:27.240+0000] {processor.py:183} INFO - Processing /home/airflow/.local/lib/python3.12/site-packages/airflow/example_dags/example_latest_only.py took 0.045 seconds
[2024-04-09T08:45:57.855+0000] {processor.py:161} INFO - Started process (PID=2505) to work on /home/airflow/.local/lib/python3.12/site-packages/airflow/example_dags/example_latest_only.py
[2024-04-09T08:45:57.856+0000] {processor.py:830} INFO - Processing file /home/airflow/.local/lib/python3.12/site-packages/airflow/example_dags/example_latest_only.py for tasks to queue
[2024-04-09T08:45:57.857+0000] {logging_mixin.py:188} INFO - [2024-04-09T08:45:57.857+0000] {dagbag.py:540} INFO - Filling up the DagBag from /home/airflow/.local/lib/python3.12/site-packages/airflow/example_dags/example_latest_only.py
[2024-04-09T08:45:57.860+0000] {processor.py:840} INFO - DAG(s) 'latest_only' retrieved from /home/airflow/.local/lib/python3.12/site-packages/airflow/example_dags/example_latest_only.py
[2024-04-09T08:45:57.871+0000] {logging_mixin.py:188} INFO - [2024-04-09T08:45:57.870+0000] {dag.py:3096} INFO - Sync 1 DAGs
[2024-04-09T08:45:57.883+0000] {logging_mixin.py:188} INFO - [2024-04-09T08:45:57.883+0000] {dag.py:3954} INFO - Setting next_dagrun for latest_only to 2024-04-09 04:00:00+00:00, run_after=2024-04-09 08:00:00+00:00
[2024-04-09T08:45:57.895+0000] {processor.py:183} INFO - Processing /home/airflow/.local/lib/python3.12/site-packages/airflow/example_dags/example_latest_only.py took 0.043 seconds
[2024-04-09T08:46:28.562+0000] {processor.py:161} INFO - Started process (PID=2563) to work on /home/airflow/.local/lib/python3.12/site-packages/airflow/example_dags/example_latest_only.py
[2024-04-09T08:46:28.563+0000] {processor.py:830} INFO - Processing file /home/airflow/.local/lib/python3.12/site-packages/airflow/example_dags/example_latest_only.py for tasks to queue
[2024-04-09T08:46:28.563+0000] {logging_mixin.py:188} INFO - [2024-04-09T08:46:28.563+0000] {dagbag.py:540} INFO - Filling up the DagBag from /home/airflow/.local/lib/python3.12/site-packages/airflow/example_dags/example_latest_only.py
[2024-04-09T08:46:28.566+0000] {processor.py:840} INFO - DAG(s) 'latest_only' retrieved from /home/airflow/.local/lib/python3.12/site-packages/airflow/example_dags/example_latest_only.py
[2024-04-09T08:46:28.577+0000] {logging_mixin.py:188} INFO - [2024-04-09T08:46:28.576+0000] {dag.py:3096} INFO - Sync 1 DAGs
[2024-04-09T08:46:28.589+0000] {logging_mixin.py:188} INFO - [2024-04-09T08:46:28.589+0000] {dag.py:3954} INFO - Setting next_dagrun for latest_only to 2024-04-09 04:00:00+00:00, run_after=2024-04-09 08:00:00+00:00
[2024-04-09T08:46:28.600+0000] {processor.py:183} INFO - Processing /home/airflow/.local/lib/python3.12/site-packages/airflow/example_dags/example_latest_only.py took 0.041 seconds
[2024-04-09T08:46:59.161+0000] {processor.py:161} INFO - Started process (PID=2621) to work on /home/airflow/.local/lib/python3.12/site-packages/airflow/example_dags/example_latest_only.py
[2024-04-09T08:46:59.162+0000] {processor.py:830} INFO - Processing file /home/airflow/.local/lib/python3.12/site-packages/airflow/example_dags/example_latest_only.py for tasks to queue
[2024-04-09T08:46:59.162+0000] {logging_mixin.py:188} INFO - [2024-04-09T08:46:59.162+0000] {dagbag.py:540} INFO - Filling up the DagBag from /home/airflow/.local/lib/python3.12/site-packages/airflow/example_dags/example_latest_only.py
[2024-04-09T08:46:59.165+0000] {processor.py:840} INFO - DAG(s) 'latest_only' retrieved from /home/airflow/.local/lib/python3.12/site-packages/airflow/example_dags/example_latest_only.py
[2024-04-09T08:46:59.176+0000] {logging_mixin.py:188} INFO - [2024-04-09T08:46:59.175+0000] {dag.py:3096} INFO - Sync 1 DAGs
[2024-04-09T08:46:59.188+0000] {logging_mixin.py:188} INFO - [2024-04-09T08:46:59.188+0000] {dag.py:3954} INFO - Setting next_dagrun for latest_only to 2024-04-09 04:00:00+00:00, run_after=2024-04-09 08:00:00+00:00
[2024-04-09T08:46:59.208+0000] {processor.py:183} INFO - Processing /home/airflow/.local/lib/python3.12/site-packages/airflow/example_dags/example_latest_only.py took 0.050 seconds
[2024-04-09T08:47:29.795+0000] {processor.py:161} INFO - Started process (PID=2679) to work on /home/airflow/.local/lib/python3.12/site-packages/airflow/example_dags/example_latest_only.py
[2024-04-09T08:47:29.795+0000] {processor.py:830} INFO - Processing file /home/airflow/.local/lib/python3.12/site-packages/airflow/example_dags/example_latest_only.py for tasks to queue
[2024-04-09T08:47:29.796+0000] {logging_mixin.py:188} INFO - [2024-04-09T08:47:29.796+0000] {dagbag.py:540} INFO - Filling up the DagBag from /home/airflow/.local/lib/python3.12/site-packages/airflow/example_dags/example_latest_only.py
[2024-04-09T08:47:29.799+0000] {processor.py:840} INFO - DAG(s) 'latest_only' retrieved from /home/airflow/.local/lib/python3.12/site-packages/airflow/example_dags/example_latest_only.py
[2024-04-09T08:47:29.809+0000] {logging_mixin.py:188} INFO - [2024-04-09T08:47:29.809+0000] {dag.py:3096} INFO - Sync 1 DAGs
[2024-04-09T08:47:29.822+0000] {logging_mixin.py:188} INFO - [2024-04-09T08:47:29.822+0000] {dag.py:3954} INFO - Setting next_dagrun for latest_only to 2024-04-09 04:00:00+00:00, run_after=2024-04-09 08:00:00+00:00
[2024-04-09T08:47:29.843+0000] {processor.py:183} INFO - Processing /home/airflow/.local/lib/python3.12/site-packages/airflow/example_dags/example_latest_only.py took 0.051 seconds
[2024-04-09T08:48:00.411+0000] {processor.py:161} INFO - Started process (PID=2737) to work on /home/airflow/.local/lib/python3.12/site-packages/airflow/example_dags/example_latest_only.py
[2024-04-09T08:48:00.411+0000] {processor.py:830} INFO - Processing file /home/airflow/.local/lib/python3.12/site-packages/airflow/example_dags/example_latest_only.py for tasks to queue
[2024-04-09T08:48:00.413+0000] {logging_mixin.py:188} INFO - [2024-04-09T08:48:00.412+0000] {dagbag.py:540} INFO - Filling up the DagBag from /home/airflow/.local/lib/python3.12/site-packages/airflow/example_dags/example_latest_only.py
[2024-04-09T08:48:00.416+0000] {processor.py:840} INFO - DAG(s) 'latest_only' retrieved from /home/airflow/.local/lib/python3.12/site-packages/airflow/example_dags/example_latest_only.py
[2024-04-09T08:48:00.427+0000] {logging_mixin.py:188} INFO - [2024-04-09T08:48:00.427+0000] {dag.py:3096} INFO - Sync 1 DAGs
[2024-04-09T08:48:00.441+0000] {logging_mixin.py:188} INFO - [2024-04-09T08:48:00.441+0000] {dag.py:3954} INFO - Setting next_dagrun for latest_only to 2024-04-09 04:00:00+00:00, run_after=2024-04-09 08:00:00+00:00
[2024-04-09T08:48:00.452+0000] {processor.py:183} INFO - Processing /home/airflow/.local/lib/python3.12/site-packages/airflow/example_dags/example_latest_only.py took 0.044 seconds
[2024-04-09T08:48:31.139+0000] {processor.py:161} INFO - Started process (PID=2795) to work on /home/airflow/.local/lib/python3.12/site-packages/airflow/example_dags/example_latest_only.py
[2024-04-09T08:48:31.140+0000] {processor.py:830} INFO - Processing file /home/airflow/.local/lib/python3.12/site-packages/airflow/example_dags/example_latest_only.py for tasks to queue
[2024-04-09T08:48:31.141+0000] {logging_mixin.py:188} INFO - [2024-04-09T08:48:31.141+0000] {dagbag.py:540} INFO - Filling up the DagBag from /home/airflow/.local/lib/python3.12/site-packages/airflow/example_dags/example_latest_only.py
[2024-04-09T08:48:31.145+0000] {processor.py:840} INFO - DAG(s) 'latest_only' retrieved from /home/airflow/.local/lib/python3.12/site-packages/airflow/example_dags/example_latest_only.py
[2024-04-09T08:48:31.159+0000] {logging_mixin.py:188} INFO - [2024-04-09T08:48:31.159+0000] {dag.py:3096} INFO - Sync 1 DAGs
[2024-04-09T08:48:31.174+0000] {logging_mixin.py:188} INFO - [2024-04-09T08:48:31.174+0000] {dag.py:3954} INFO - Setting next_dagrun for latest_only to 2024-04-09 04:00:00+00:00, run_after=2024-04-09 08:00:00+00:00
[2024-04-09T08:48:31.184+0000] {processor.py:183} INFO - Processing /home/airflow/.local/lib/python3.12/site-packages/airflow/example_dags/example_latest_only.py took 0.049 seconds
[2024-04-09T08:49:01.682+0000] {processor.py:161} INFO - Started process (PID=2853) to work on /home/airflow/.local/lib/python3.12/site-packages/airflow/example_dags/example_latest_only.py
[2024-04-09T08:49:01.683+0000] {processor.py:830} INFO - Processing file /home/airflow/.local/lib/python3.12/site-packages/airflow/example_dags/example_latest_only.py for tasks to queue
[2024-04-09T08:49:01.684+0000] {logging_mixin.py:188} INFO - [2024-04-09T08:49:01.684+0000] {dagbag.py:540} INFO - Filling up the DagBag from /home/airflow/.local/lib/python3.12/site-packages/airflow/example_dags/example_latest_only.py
[2024-04-09T08:49:01.686+0000] {processor.py:840} INFO - DAG(s) 'latest_only' retrieved from /home/airflow/.local/lib/python3.12/site-packages/airflow/example_dags/example_latest_only.py
[2024-04-09T08:49:01.698+0000] {logging_mixin.py:188} INFO - [2024-04-09T08:49:01.697+0000] {dag.py:3096} INFO - Sync 1 DAGs
[2024-04-09T08:49:01.710+0000] {logging_mixin.py:188} INFO - [2024-04-09T08:49:01.710+0000] {dag.py:3954} INFO - Setting next_dagrun for latest_only to 2024-04-09 04:00:00+00:00, run_after=2024-04-09 08:00:00+00:00
[2024-04-09T08:49:01.720+0000] {processor.py:183} INFO - Processing /home/airflow/.local/lib/python3.12/site-packages/airflow/example_dags/example_latest_only.py took 0.041 seconds
[2024-04-09T08:49:32.335+0000] {processor.py:161} INFO - Started process (PID=2911) to work on /home/airflow/.local/lib/python3.12/site-packages/airflow/example_dags/example_latest_only.py
[2024-04-09T08:49:32.336+0000] {processor.py:830} INFO - Processing file /home/airflow/.local/lib/python3.12/site-packages/airflow/example_dags/example_latest_only.py for tasks to queue
[2024-04-09T08:49:32.337+0000] {logging_mixin.py:188} INFO - [2024-04-09T08:49:32.336+0000] {dagbag.py:540} INFO - Filling up the DagBag from /home/airflow/.local/lib/python3.12/site-packages/airflow/example_dags/example_latest_only.py
[2024-04-09T08:49:32.340+0000] {processor.py:840} INFO - DAG(s) 'latest_only' retrieved from /home/airflow/.local/lib/python3.12/site-packages/airflow/example_dags/example_latest_only.py
[2024-04-09T08:49:32.357+0000] {logging_mixin.py:188} INFO - [2024-04-09T08:49:32.356+0000] {dag.py:3096} INFO - Sync 1 DAGs
[2024-04-09T08:49:32.373+0000] {logging_mixin.py:188} INFO - [2024-04-09T08:49:32.373+0000] {dag.py:3954} INFO - Setting next_dagrun for latest_only to 2024-04-09 04:00:00+00:00, run_after=2024-04-09 08:00:00+00:00
[2024-04-09T08:49:32.388+0000] {processor.py:183} INFO - Processing /home/airflow/.local/lib/python3.12/site-packages/airflow/example_dags/example_latest_only.py took 0.057 seconds
[2024-04-09T08:50:03.097+0000] {processor.py:161} INFO - Started process (PID=2969) to work on /home/airflow/.local/lib/python3.12/site-packages/airflow/example_dags/example_latest_only.py
[2024-04-09T08:50:03.098+0000] {processor.py:830} INFO - Processing file /home/airflow/.local/lib/python3.12/site-packages/airflow/example_dags/example_latest_only.py for tasks to queue
[2024-04-09T08:50:03.099+0000] {logging_mixin.py:188} INFO - [2024-04-09T08:50:03.098+0000] {dagbag.py:540} INFO - Filling up the DagBag from /home/airflow/.local/lib/python3.12/site-packages/airflow/example_dags/example_latest_only.py
[2024-04-09T08:50:03.101+0000] {processor.py:840} INFO - DAG(s) 'latest_only' retrieved from /home/airflow/.local/lib/python3.12/site-packages/airflow/example_dags/example_latest_only.py
[2024-04-09T08:50:03.112+0000] {logging_mixin.py:188} INFO - [2024-04-09T08:50:03.112+0000] {dag.py:3096} INFO - Sync 1 DAGs
[2024-04-09T08:50:03.125+0000] {logging_mixin.py:188} INFO - [2024-04-09T08:50:03.124+0000] {dag.py:3954} INFO - Setting next_dagrun for latest_only to 2024-04-09 04:00:00+00:00, run_after=2024-04-09 08:00:00+00:00
[2024-04-09T08:50:03.135+0000] {processor.py:183} INFO - Processing /home/airflow/.local/lib/python3.12/site-packages/airflow/example_dags/example_latest_only.py took 0.041 seconds
[2024-04-09T08:50:33.734+0000] {processor.py:161} INFO - Started process (PID=3027) to work on /home/airflow/.local/lib/python3.12/site-packages/airflow/example_dags/example_latest_only.py
[2024-04-09T08:50:33.735+0000] {processor.py:830} INFO - Processing file /home/airflow/.local/lib/python3.12/site-packages/airflow/example_dags/example_latest_only.py for tasks to queue
[2024-04-09T08:50:33.735+0000] {logging_mixin.py:188} INFO - [2024-04-09T08:50:33.735+0000] {dagbag.py:540} INFO - Filling up the DagBag from /home/airflow/.local/lib/python3.12/site-packages/airflow/example_dags/example_latest_only.py
[2024-04-09T08:50:33.738+0000] {processor.py:840} INFO - DAG(s) 'latest_only' retrieved from /home/airflow/.local/lib/python3.12/site-packages/airflow/example_dags/example_latest_only.py
[2024-04-09T08:50:33.749+0000] {logging_mixin.py:188} INFO - [2024-04-09T08:50:33.749+0000] {dag.py:3096} INFO - Sync 1 DAGs
[2024-04-09T08:50:33.762+0000] {logging_mixin.py:188} INFO - [2024-04-09T08:50:33.762+0000] {dag.py:3954} INFO - Setting next_dagrun for latest_only to 2024-04-09 04:00:00+00:00, run_after=2024-04-09 08:00:00+00:00
[2024-04-09T08:50:33.772+0000] {processor.py:183} INFO - Processing /home/airflow/.local/lib/python3.12/site-packages/airflow/example_dags/example_latest_only.py took 0.041 seconds
[2024-04-09T08:51:04.291+0000] {processor.py:161} INFO - Started process (PID=3085) to work on /home/airflow/.local/lib/python3.12/site-packages/airflow/example_dags/example_latest_only.py
[2024-04-09T08:51:04.292+0000] {processor.py:830} INFO - Processing file /home/airflow/.local/lib/python3.12/site-packages/airflow/example_dags/example_latest_only.py for tasks to queue
[2024-04-09T08:51:04.293+0000] {logging_mixin.py:188} INFO - [2024-04-09T08:51:04.292+0000] {dagbag.py:540} INFO - Filling up the DagBag from /home/airflow/.local/lib/python3.12/site-packages/airflow/example_dags/example_latest_only.py
[2024-04-09T08:51:04.295+0000] {processor.py:840} INFO - DAG(s) 'latest_only' retrieved from /home/airflow/.local/lib/python3.12/site-packages/airflow/example_dags/example_latest_only.py
[2024-04-09T08:51:04.305+0000] {logging_mixin.py:188} INFO - [2024-04-09T08:51:04.305+0000] {dag.py:3096} INFO - Sync 1 DAGs
[2024-04-09T08:51:04.317+0000] {logging_mixin.py:188} INFO - [2024-04-09T08:51:04.317+0000] {dag.py:3954} INFO - Setting next_dagrun for latest_only to 2024-04-09 04:00:00+00:00, run_after=2024-04-09 08:00:00+00:00
[2024-04-09T08:51:04.338+0000] {processor.py:183} INFO - Processing /home/airflow/.local/lib/python3.12/site-packages/airflow/example_dags/example_latest_only.py took 0.050 seconds
[2024-04-09T08:51:34.831+0000] {processor.py:161} INFO - Started process (PID=3143) to work on /home/airflow/.local/lib/python3.12/site-packages/airflow/example_dags/example_latest_only.py
[2024-04-09T08:51:34.832+0000] {processor.py:830} INFO - Processing file /home/airflow/.local/lib/python3.12/site-packages/airflow/example_dags/example_latest_only.py for tasks to queue
[2024-04-09T08:51:34.833+0000] {logging_mixin.py:188} INFO - [2024-04-09T08:51:34.833+0000] {dagbag.py:540} INFO - Filling up the DagBag from /home/airflow/.local/lib/python3.12/site-packages/airflow/example_dags/example_latest_only.py
[2024-04-09T08:51:34.835+0000] {processor.py:840} INFO - DAG(s) 'latest_only' retrieved from /home/airflow/.local/lib/python3.12/site-packages/airflow/example_dags/example_latest_only.py
[2024-04-09T08:51:34.846+0000] {logging_mixin.py:188} INFO - [2024-04-09T08:51:34.846+0000] {dag.py:3096} INFO - Sync 1 DAGs
[2024-04-09T08:51:34.858+0000] {logging_mixin.py:188} INFO - [2024-04-09T08:51:34.858+0000] {dag.py:3954} INFO - Setting next_dagrun for latest_only to 2024-04-09 04:00:00+00:00, run_after=2024-04-09 08:00:00+00:00
[2024-04-09T08:51:34.879+0000] {processor.py:183} INFO - Processing /home/airflow/.local/lib/python3.12/site-packages/airflow/example_dags/example_latest_only.py took 0.051 seconds
[2024-04-09T08:52:05.392+0000] {processor.py:161} INFO - Started process (PID=3201) to work on /home/airflow/.local/lib/python3.12/site-packages/airflow/example_dags/example_latest_only.py
[2024-04-09T08:52:05.393+0000] {processor.py:830} INFO - Processing file /home/airflow/.local/lib/python3.12/site-packages/airflow/example_dags/example_latest_only.py for tasks to queue
[2024-04-09T08:52:05.394+0000] {logging_mixin.py:188} INFO - [2024-04-09T08:52:05.393+0000] {dagbag.py:540} INFO - Filling up the DagBag from /home/airflow/.local/lib/python3.12/site-packages/airflow/example_dags/example_latest_only.py
[2024-04-09T08:52:05.396+0000] {processor.py:840} INFO - DAG(s) 'latest_only' retrieved from /home/airflow/.local/lib/python3.12/site-packages/airflow/example_dags/example_latest_only.py
[2024-04-09T08:52:05.407+0000] {logging_mixin.py:188} INFO - [2024-04-09T08:52:05.407+0000] {dag.py:3096} INFO - Sync 1 DAGs
[2024-04-09T08:52:05.419+0000] {logging_mixin.py:188} INFO - [2024-04-09T08:52:05.419+0000] {dag.py:3954} INFO - Setting next_dagrun for latest_only to 2024-04-09 04:00:00+00:00, run_after=2024-04-09 08:00:00+00:00
[2024-04-09T08:52:05.430+0000] {processor.py:183} INFO - Processing /home/airflow/.local/lib/python3.12/site-packages/airflow/example_dags/example_latest_only.py took 0.041 seconds
[2024-04-09T08:52:36.026+0000] {processor.py:161} INFO - Started process (PID=3259) to work on /home/airflow/.local/lib/python3.12/site-packages/airflow/example_dags/example_latest_only.py
[2024-04-09T08:52:36.027+0000] {processor.py:830} INFO - Processing file /home/airflow/.local/lib/python3.12/site-packages/airflow/example_dags/example_latest_only.py for tasks to queue
[2024-04-09T08:52:36.028+0000] {logging_mixin.py:188} INFO - [2024-04-09T08:52:36.028+0000] {dagbag.py:540} INFO - Filling up the DagBag from /home/airflow/.local/lib/python3.12/site-packages/airflow/example_dags/example_latest_only.py
[2024-04-09T08:52:36.030+0000] {processor.py:840} INFO - DAG(s) 'latest_only' retrieved from /home/airflow/.local/lib/python3.12/site-packages/airflow/example_dags/example_latest_only.py
[2024-04-09T08:52:36.041+0000] {logging_mixin.py:188} INFO - [2024-04-09T08:52:36.041+0000] {dag.py:3096} INFO - Sync 1 DAGs
[2024-04-09T08:52:36.053+0000] {logging_mixin.py:188} INFO - [2024-04-09T08:52:36.053+0000] {dag.py:3954} INFO - Setting next_dagrun for latest_only to 2024-04-09 04:00:00+00:00, run_after=2024-04-09 08:00:00+00:00
[2024-04-09T08:52:36.075+0000] {processor.py:183} INFO - Processing /home/airflow/.local/lib/python3.12/site-packages/airflow/example_dags/example_latest_only.py took 0.053 seconds
[2024-04-09T08:53:06.688+0000] {processor.py:161} INFO - Started process (PID=3317) to work on /home/airflow/.local/lib/python3.12/site-packages/airflow/example_dags/example_latest_only.py
[2024-04-09T08:53:06.689+0000] {processor.py:830} INFO - Processing file /home/airflow/.local/lib/python3.12/site-packages/airflow/example_dags/example_latest_only.py for tasks to queue
[2024-04-09T08:53:06.690+0000] {logging_mixin.py:188} INFO - [2024-04-09T08:53:06.690+0000] {dagbag.py:540} INFO - Filling up the DagBag from /home/airflow/.local/lib/python3.12/site-packages/airflow/example_dags/example_latest_only.py
[2024-04-09T08:53:06.692+0000] {processor.py:840} INFO - DAG(s) 'latest_only' retrieved from /home/airflow/.local/lib/python3.12/site-packages/airflow/example_dags/example_latest_only.py
[2024-04-09T08:53:06.703+0000] {logging_mixin.py:188} INFO - [2024-04-09T08:53:06.703+0000] {dag.py:3096} INFO - Sync 1 DAGs
[2024-04-09T08:53:06.716+0000] {logging_mixin.py:188} INFO - [2024-04-09T08:53:06.716+0000] {dag.py:3954} INFO - Setting next_dagrun for latest_only to 2024-04-09 04:00:00+00:00, run_after=2024-04-09 08:00:00+00:00
[2024-04-09T08:53:06.726+0000] {processor.py:183} INFO - Processing /home/airflow/.local/lib/python3.12/site-packages/airflow/example_dags/example_latest_only.py took 0.041 seconds
[2024-04-09T08:53:36.832+0000] {processor.py:161} INFO - Started process (PID=3375) to work on /home/airflow/.local/lib/python3.12/site-packages/airflow/example_dags/example_latest_only.py
[2024-04-09T08:53:36.833+0000] {processor.py:830} INFO - Processing file /home/airflow/.local/lib/python3.12/site-packages/airflow/example_dags/example_latest_only.py for tasks to queue
[2024-04-09T08:53:36.833+0000] {logging_mixin.py:188} INFO - [2024-04-09T08:53:36.833+0000] {dagbag.py:540} INFO - Filling up the DagBag from /home/airflow/.local/lib/python3.12/site-packages/airflow/example_dags/example_latest_only.py
[2024-04-09T08:53:36.836+0000] {processor.py:840} INFO - DAG(s) 'latest_only' retrieved from /home/airflow/.local/lib/python3.12/site-packages/airflow/example_dags/example_latest_only.py
[2024-04-09T08:53:36.848+0000] {logging_mixin.py:188} INFO - [2024-04-09T08:53:36.847+0000] {dag.py:3096} INFO - Sync 1 DAGs
[2024-04-09T08:53:36.860+0000] {logging_mixin.py:188} INFO - [2024-04-09T08:53:36.860+0000] {dag.py:3954} INFO - Setting next_dagrun for latest_only to 2024-04-09 04:00:00+00:00, run_after=2024-04-09 08:00:00+00:00
[2024-04-09T08:53:36.870+0000] {processor.py:183} INFO - Processing /home/airflow/.local/lib/python3.12/site-packages/airflow/example_dags/example_latest_only.py took 0.042 seconds
[2024-04-09T08:54:07.558+0000] {processor.py:161} INFO - Started process (PID=3433) to work on /home/airflow/.local/lib/python3.12/site-packages/airflow/example_dags/example_latest_only.py
[2024-04-09T08:54:07.558+0000] {processor.py:830} INFO - Processing file /home/airflow/.local/lib/python3.12/site-packages/airflow/example_dags/example_latest_only.py for tasks to queue
[2024-04-09T08:54:07.559+0000] {logging_mixin.py:188} INFO - [2024-04-09T08:54:07.559+0000] {dagbag.py:540} INFO - Filling up the DagBag from /home/airflow/.local/lib/python3.12/site-packages/airflow/example_dags/example_latest_only.py
[2024-04-09T08:54:07.562+0000] {processor.py:840} INFO - DAG(s) 'latest_only' retrieved from /home/airflow/.local/lib/python3.12/site-packages/airflow/example_dags/example_latest_only.py
[2024-04-09T08:54:07.573+0000] {logging_mixin.py:188} INFO - [2024-04-09T08:54:07.573+0000] {dag.py:3096} INFO - Sync 1 DAGs
[2024-04-09T08:54:07.585+0000] {logging_mixin.py:188} INFO - [2024-04-09T08:54:07.585+0000] {dag.py:3954} INFO - Setting next_dagrun for latest_only to 2024-04-09 04:00:00+00:00, run_after=2024-04-09 08:00:00+00:00
[2024-04-09T08:54:07.606+0000] {processor.py:183} INFO - Processing /home/airflow/.local/lib/python3.12/site-packages/airflow/example_dags/example_latest_only.py took 0.052 seconds
[2024-04-09T08:54:38.225+0000] {processor.py:161} INFO - Started process (PID=3491) to work on /home/airflow/.local/lib/python3.12/site-packages/airflow/example_dags/example_latest_only.py
[2024-04-09T08:54:38.226+0000] {processor.py:830} INFO - Processing file /home/airflow/.local/lib/python3.12/site-packages/airflow/example_dags/example_latest_only.py for tasks to queue
[2024-04-09T08:54:38.227+0000] {logging_mixin.py:188} INFO - [2024-04-09T08:54:38.226+0000] {dagbag.py:540} INFO - Filling up the DagBag from /home/airflow/.local/lib/python3.12/site-packages/airflow/example_dags/example_latest_only.py
[2024-04-09T08:54:38.229+0000] {processor.py:840} INFO - DAG(s) 'latest_only' retrieved from /home/airflow/.local/lib/python3.12/site-packages/airflow/example_dags/example_latest_only.py
[2024-04-09T08:54:38.239+0000] {logging_mixin.py:188} INFO - [2024-04-09T08:54:38.239+0000] {dag.py:3096} INFO - Sync 1 DAGs
[2024-04-09T08:54:38.252+0000] {logging_mixin.py:188} INFO - [2024-04-09T08:54:38.252+0000] {dag.py:3954} INFO - Setting next_dagrun for latest_only to 2024-04-09 04:00:00+00:00, run_after=2024-04-09 08:00:00+00:00
[2024-04-09T08:54:38.264+0000] {processor.py:183} INFO - Processing /home/airflow/.local/lib/python3.12/site-packages/airflow/example_dags/example_latest_only.py took 0.042 seconds
[2024-04-09T08:55:08.865+0000] {processor.py:161} INFO - Started process (PID=3549) to work on /home/airflow/.local/lib/python3.12/site-packages/airflow/example_dags/example_latest_only.py
[2024-04-09T08:55:08.865+0000] {processor.py:830} INFO - Processing file /home/airflow/.local/lib/python3.12/site-packages/airflow/example_dags/example_latest_only.py for tasks to queue
[2024-04-09T08:55:08.866+0000] {logging_mixin.py:188} INFO - [2024-04-09T08:55:08.866+0000] {dagbag.py:540} INFO - Filling up the DagBag from /home/airflow/.local/lib/python3.12/site-packages/airflow/example_dags/example_latest_only.py
[2024-04-09T08:55:08.869+0000] {processor.py:840} INFO - DAG(s) 'latest_only' retrieved from /home/airflow/.local/lib/python3.12/site-packages/airflow/example_dags/example_latest_only.py
[2024-04-09T08:55:08.879+0000] {logging_mixin.py:188} INFO - [2024-04-09T08:55:08.879+0000] {dag.py:3096} INFO - Sync 1 DAGs
[2024-04-09T08:55:08.892+0000] {logging_mixin.py:188} INFO - [2024-04-09T08:55:08.892+0000] {dag.py:3954} INFO - Setting next_dagrun for latest_only to 2024-04-09 04:00:00+00:00, run_after=2024-04-09 08:00:00+00:00
[2024-04-09T08:55:08.913+0000] {processor.py:183} INFO - Processing /home/airflow/.local/lib/python3.12/site-packages/airflow/example_dags/example_latest_only.py took 0.052 seconds
[2024-04-09T08:55:39.498+0000] {processor.py:161} INFO - Started process (PID=3607) to work on /home/airflow/.local/lib/python3.12/site-packages/airflow/example_dags/example_latest_only.py
[2024-04-09T08:55:39.499+0000] {processor.py:830} INFO - Processing file /home/airflow/.local/lib/python3.12/site-packages/airflow/example_dags/example_latest_only.py for tasks to queue
[2024-04-09T08:55:39.500+0000] {logging_mixin.py:188} INFO - [2024-04-09T08:55:39.500+0000] {dagbag.py:540} INFO - Filling up the DagBag from /home/airflow/.local/lib/python3.12/site-packages/airflow/example_dags/example_latest_only.py
[2024-04-09T08:55:39.503+0000] {processor.py:840} INFO - DAG(s) 'latest_only' retrieved from /home/airflow/.local/lib/python3.12/site-packages/airflow/example_dags/example_latest_only.py
[2024-04-09T08:55:39.513+0000] {logging_mixin.py:188} INFO - [2024-04-09T08:55:39.513+0000] {dag.py:3096} INFO - Sync 1 DAGs
[2024-04-09T08:55:39.526+0000] {logging_mixin.py:188} INFO - [2024-04-09T08:55:39.525+0000] {dag.py:3954} INFO - Setting next_dagrun for latest_only to 2024-04-09 04:00:00+00:00, run_after=2024-04-09 08:00:00+00:00
[2024-04-09T08:55:39.536+0000] {processor.py:183} INFO - Processing /home/airflow/.local/lib/python3.12/site-packages/airflow/example_dags/example_latest_only.py took 0.041 seconds
[2024-04-09T08:56:10.179+0000] {processor.py:161} INFO - Started process (PID=3665) to work on /home/airflow/.local/lib/python3.12/site-packages/airflow/example_dags/example_latest_only.py
[2024-04-09T08:56:10.179+0000] {processor.py:830} INFO - Processing file /home/airflow/.local/lib/python3.12/site-packages/airflow/example_dags/example_latest_only.py for tasks to queue
[2024-04-09T08:56:10.180+0000] {logging_mixin.py:188} INFO - [2024-04-09T08:56:10.180+0000] {dagbag.py:540} INFO - Filling up the DagBag from /home/airflow/.local/lib/python3.12/site-packages/airflow/example_dags/example_latest_only.py
[2024-04-09T08:56:10.183+0000] {processor.py:840} INFO - DAG(s) 'latest_only' retrieved from /home/airflow/.local/lib/python3.12/site-packages/airflow/example_dags/example_latest_only.py
[2024-04-09T08:56:10.194+0000] {logging_mixin.py:188} INFO - [2024-04-09T08:56:10.193+0000] {dag.py:3096} INFO - Sync 1 DAGs
[2024-04-09T08:56:10.206+0000] {logging_mixin.py:188} INFO - [2024-04-09T08:56:10.205+0000] {dag.py:3954} INFO - Setting next_dagrun for latest_only to 2024-04-09 04:00:00+00:00, run_after=2024-04-09 08:00:00+00:00
[2024-04-09T08:56:10.227+0000] {processor.py:183} INFO - Processing /home/airflow/.local/lib/python3.12/site-packages/airflow/example_dags/example_latest_only.py took 0.051 seconds
[2024-04-09T08:56:40.879+0000] {processor.py:161} INFO - Started process (PID=3723) to work on /home/airflow/.local/lib/python3.12/site-packages/airflow/example_dags/example_latest_only.py
[2024-04-09T08:56:40.879+0000] {processor.py:830} INFO - Processing file /home/airflow/.local/lib/python3.12/site-packages/airflow/example_dags/example_latest_only.py for tasks to queue
[2024-04-09T08:56:40.880+0000] {logging_mixin.py:188} INFO - [2024-04-09T08:56:40.880+0000] {dagbag.py:540} INFO - Filling up the DagBag from /home/airflow/.local/lib/python3.12/site-packages/airflow/example_dags/example_latest_only.py
[2024-04-09T08:56:40.883+0000] {processor.py:840} INFO - DAG(s) 'latest_only' retrieved from /home/airflow/.local/lib/python3.12/site-packages/airflow/example_dags/example_latest_only.py
[2024-04-09T08:56:40.894+0000] {logging_mixin.py:188} INFO - [2024-04-09T08:56:40.894+0000] {dag.py:3096} INFO - Sync 1 DAGs
[2024-04-09T08:56:40.906+0000] {logging_mixin.py:188} INFO - [2024-04-09T08:56:40.906+0000] {dag.py:3954} INFO - Setting next_dagrun for latest_only to 2024-04-09 04:00:00+00:00, run_after=2024-04-09 08:00:00+00:00
[2024-04-09T08:56:40.928+0000] {processor.py:183} INFO - Processing /home/airflow/.local/lib/python3.12/site-packages/airflow/example_dags/example_latest_only.py took 0.052 seconds
[2024-04-09T08:57:11.587+0000] {processor.py:161} INFO - Started process (PID=3781) to work on /home/airflow/.local/lib/python3.12/site-packages/airflow/example_dags/example_latest_only.py
[2024-04-09T08:57:11.588+0000] {processor.py:830} INFO - Processing file /home/airflow/.local/lib/python3.12/site-packages/airflow/example_dags/example_latest_only.py for tasks to queue
[2024-04-09T08:57:11.588+0000] {logging_mixin.py:188} INFO - [2024-04-09T08:57:11.588+0000] {dagbag.py:540} INFO - Filling up the DagBag from /home/airflow/.local/lib/python3.12/site-packages/airflow/example_dags/example_latest_only.py
[2024-04-09T08:57:11.591+0000] {processor.py:840} INFO - DAG(s) 'latest_only' retrieved from /home/airflow/.local/lib/python3.12/site-packages/airflow/example_dags/example_latest_only.py
[2024-04-09T08:57:11.602+0000] {logging_mixin.py:188} INFO - [2024-04-09T08:57:11.602+0000] {dag.py:3096} INFO - Sync 1 DAGs
[2024-04-09T08:57:11.614+0000] {logging_mixin.py:188} INFO - [2024-04-09T08:57:11.614+0000] {dag.py:3954} INFO - Setting next_dagrun for latest_only to 2024-04-09 04:00:00+00:00, run_after=2024-04-09 08:00:00+00:00
[2024-04-09T08:57:11.638+0000] {processor.py:183} INFO - Processing /home/airflow/.local/lib/python3.12/site-packages/airflow/example_dags/example_latest_only.py took 0.054 seconds
[2024-04-09T08:57:42.289+0000] {processor.py:161} INFO - Started process (PID=3839) to work on /home/airflow/.local/lib/python3.12/site-packages/airflow/example_dags/example_latest_only.py
[2024-04-09T08:57:42.289+0000] {processor.py:830} INFO - Processing file /home/airflow/.local/lib/python3.12/site-packages/airflow/example_dags/example_latest_only.py for tasks to queue
[2024-04-09T08:57:42.291+0000] {logging_mixin.py:188} INFO - [2024-04-09T08:57:42.290+0000] {dagbag.py:540} INFO - Filling up the DagBag from /home/airflow/.local/lib/python3.12/site-packages/airflow/example_dags/example_latest_only.py
[2024-04-09T08:57:42.293+0000] {processor.py:840} INFO - DAG(s) 'latest_only' retrieved from /home/airflow/.local/lib/python3.12/site-packages/airflow/example_dags/example_latest_only.py
[2024-04-09T08:57:42.304+0000] {logging_mixin.py:188} INFO - [2024-04-09T08:57:42.304+0000] {dag.py:3096} INFO - Sync 1 DAGs
[2024-04-09T08:57:42.317+0000] {logging_mixin.py:188} INFO - [2024-04-09T08:57:42.316+0000] {dag.py:3954} INFO - Setting next_dagrun for latest_only to 2024-04-09 04:00:00+00:00, run_after=2024-04-09 08:00:00+00:00
[2024-04-09T08:57:42.337+0000] {processor.py:183} INFO - Processing /home/airflow/.local/lib/python3.12/site-packages/airflow/example_dags/example_latest_only.py took 0.051 seconds
[2024-04-09T08:58:12.515+0000] {processor.py:161} INFO - Started process (PID=3897) to work on /home/airflow/.local/lib/python3.12/site-packages/airflow/example_dags/example_latest_only.py
[2024-04-09T08:58:12.516+0000] {processor.py:830} INFO - Processing file /home/airflow/.local/lib/python3.12/site-packages/airflow/example_dags/example_latest_only.py for tasks to queue
[2024-04-09T08:58:12.517+0000] {logging_mixin.py:188} INFO - [2024-04-09T08:58:12.517+0000] {dagbag.py:540} INFO - Filling up the DagBag from /home/airflow/.local/lib/python3.12/site-packages/airflow/example_dags/example_latest_only.py
[2024-04-09T08:58:12.519+0000] {processor.py:840} INFO - DAG(s) 'latest_only' retrieved from /home/airflow/.local/lib/python3.12/site-packages/airflow/example_dags/example_latest_only.py
[2024-04-09T08:58:12.530+0000] {logging_mixin.py:188} INFO - [2024-04-09T08:58:12.530+0000] {dag.py:3096} INFO - Sync 1 DAGs
[2024-04-09T08:58:12.542+0000] {logging_mixin.py:188} INFO - [2024-04-09T08:58:12.542+0000] {dag.py:3954} INFO - Setting next_dagrun for latest_only to 2024-04-09 04:00:00+00:00, run_after=2024-04-09 08:00:00+00:00
[2024-04-09T08:58:12.554+0000] {processor.py:183} INFO - Processing /home/airflow/.local/lib/python3.12/site-packages/airflow/example_dags/example_latest_only.py took 0.042 seconds
