[2024-04-09T08:24:28.957+0000] {processor.py:161} INFO - Started process (PID=51) to work on /home/airflow/.local/lib/python3.12/site-packages/airflow/example_dags/example_sensors.py
[2024-04-09T08:24:28.958+0000] {processor.py:830} INFO - Processing file /home/airflow/.local/lib/python3.12/site-packages/airflow/example_dags/example_sensors.py for tasks to queue
[2024-04-09T08:24:28.959+0000] {logging_mixin.py:188} INFO - [2024-04-09T08:24:28.959+0000] {dagbag.py:540} INFO - Filling up the DagBag from /home/airflow/.local/lib/python3.12/site-packages/airflow/example_dags/example_sensors.py
[2024-04-09T08:24:28.970+0000] {processor.py:840} INFO - DAG(s) 'example_sensors' retrieved from /home/airflow/.local/lib/python3.12/site-packages/airflow/example_dags/example_sensors.py
[2024-04-09T08:24:28.980+0000] {logging_mixin.py:188} INFO - [2024-04-09T08:24:28.980+0000] {dag.py:3096} INFO - Sync 1 DAGs
[2024-04-09T08:24:28.992+0000] {logging_mixin.py:188} INFO - [2024-04-09T08:24:28.992+0000] {dag.py:3954} INFO - Setting next_dagrun for example_sensors to None, run_after=None
[2024-04-09T08:24:29.011+0000] {processor.py:183} INFO - Processing /home/airflow/.local/lib/python3.12/site-packages/airflow/example_dags/example_sensors.py took 0.057 seconds
[2024-04-09T08:24:59.514+0000] {processor.py:161} INFO - Started process (PID=109) to work on /home/airflow/.local/lib/python3.12/site-packages/airflow/example_dags/example_sensors.py
[2024-04-09T08:24:59.515+0000] {processor.py:830} INFO - Processing file /home/airflow/.local/lib/python3.12/site-packages/airflow/example_dags/example_sensors.py for tasks to queue
[2024-04-09T08:24:59.515+0000] {logging_mixin.py:188} INFO - [2024-04-09T08:24:59.515+0000] {dagbag.py:540} INFO - Filling up the DagBag from /home/airflow/.local/lib/python3.12/site-packages/airflow/example_dags/example_sensors.py
[2024-04-09T08:24:59.520+0000] {processor.py:840} INFO - DAG(s) 'example_sensors' retrieved from /home/airflow/.local/lib/python3.12/site-packages/airflow/example_dags/example_sensors.py
[2024-04-09T08:24:59.592+0000] {logging_mixin.py:188} INFO - [2024-04-09T08:24:59.592+0000] {dag.py:3096} INFO - Sync 1 DAGs
[2024-04-09T08:24:59.600+0000] {logging_mixin.py:188} INFO - [2024-04-09T08:24:59.600+0000] {dag.py:3954} INFO - Setting next_dagrun for example_sensors to None, run_after=None
[2024-04-09T08:24:59.611+0000] {processor.py:183} INFO - Processing /home/airflow/.local/lib/python3.12/site-packages/airflow/example_dags/example_sensors.py took 0.100 seconds
[2024-04-09T08:25:30.230+0000] {processor.py:161} INFO - Started process (PID=167) to work on /home/airflow/.local/lib/python3.12/site-packages/airflow/example_dags/example_sensors.py
[2024-04-09T08:25:30.230+0000] {processor.py:830} INFO - Processing file /home/airflow/.local/lib/python3.12/site-packages/airflow/example_dags/example_sensors.py for tasks to queue
[2024-04-09T08:25:30.231+0000] {logging_mixin.py:188} INFO - [2024-04-09T08:25:30.231+0000] {dagbag.py:540} INFO - Filling up the DagBag from /home/airflow/.local/lib/python3.12/site-packages/airflow/example_dags/example_sensors.py
[2024-04-09T08:25:30.236+0000] {processor.py:840} INFO - DAG(s) 'example_sensors' retrieved from /home/airflow/.local/lib/python3.12/site-packages/airflow/example_dags/example_sensors.py
[2024-04-09T08:25:30.250+0000] {logging_mixin.py:188} INFO - [2024-04-09T08:25:30.250+0000] {dag.py:3096} INFO - Sync 1 DAGs
[2024-04-09T08:25:30.257+0000] {logging_mixin.py:188} INFO - [2024-04-09T08:25:30.257+0000] {dag.py:3954} INFO - Setting next_dagrun for example_sensors to None, run_after=None
[2024-04-09T08:25:30.269+0000] {processor.py:183} INFO - Processing /home/airflow/.local/lib/python3.12/site-packages/airflow/example_dags/example_sensors.py took 0.042 seconds
[2024-04-09T08:26:00.913+0000] {processor.py:161} INFO - Started process (PID=225) to work on /home/airflow/.local/lib/python3.12/site-packages/airflow/example_dags/example_sensors.py
[2024-04-09T08:26:00.913+0000] {processor.py:830} INFO - Processing file /home/airflow/.local/lib/python3.12/site-packages/airflow/example_dags/example_sensors.py for tasks to queue
[2024-04-09T08:26:00.914+0000] {logging_mixin.py:188} INFO - [2024-04-09T08:26:00.914+0000] {dagbag.py:540} INFO - Filling up the DagBag from /home/airflow/.local/lib/python3.12/site-packages/airflow/example_dags/example_sensors.py
[2024-04-09T08:26:00.919+0000] {processor.py:840} INFO - DAG(s) 'example_sensors' retrieved from /home/airflow/.local/lib/python3.12/site-packages/airflow/example_dags/example_sensors.py
[2024-04-09T08:26:00.933+0000] {logging_mixin.py:188} INFO - [2024-04-09T08:26:00.933+0000] {dag.py:3096} INFO - Sync 1 DAGs
[2024-04-09T08:26:00.941+0000] {logging_mixin.py:188} INFO - [2024-04-09T08:26:00.940+0000] {dag.py:3954} INFO - Setting next_dagrun for example_sensors to None, run_after=None
[2024-04-09T08:26:00.953+0000] {processor.py:183} INFO - Processing /home/airflow/.local/lib/python3.12/site-packages/airflow/example_dags/example_sensors.py took 0.043 seconds
[2024-04-09T08:26:31.701+0000] {processor.py:161} INFO - Started process (PID=283) to work on /home/airflow/.local/lib/python3.12/site-packages/airflow/example_dags/example_sensors.py
[2024-04-09T08:26:31.701+0000] {processor.py:830} INFO - Processing file /home/airflow/.local/lib/python3.12/site-packages/airflow/example_dags/example_sensors.py for tasks to queue
[2024-04-09T08:26:31.702+0000] {logging_mixin.py:188} INFO - [2024-04-09T08:26:31.702+0000] {dagbag.py:540} INFO - Filling up the DagBag from /home/airflow/.local/lib/python3.12/site-packages/airflow/example_dags/example_sensors.py
[2024-04-09T08:26:31.707+0000] {processor.py:840} INFO - DAG(s) 'example_sensors' retrieved from /home/airflow/.local/lib/python3.12/site-packages/airflow/example_dags/example_sensors.py
[2024-04-09T08:26:31.724+0000] {logging_mixin.py:188} INFO - [2024-04-09T08:26:31.724+0000] {dag.py:3096} INFO - Sync 1 DAGs
[2024-04-09T08:26:31.732+0000] {logging_mixin.py:188} INFO - [2024-04-09T08:26:31.732+0000] {dag.py:3954} INFO - Setting next_dagrun for example_sensors to None, run_after=None
[2024-04-09T08:26:31.744+0000] {processor.py:183} INFO - Processing /home/airflow/.local/lib/python3.12/site-packages/airflow/example_dags/example_sensors.py took 0.046 seconds
[2024-04-09T08:27:01.935+0000] {processor.py:161} INFO - Started process (PID=341) to work on /home/airflow/.local/lib/python3.12/site-packages/airflow/example_dags/example_sensors.py
[2024-04-09T08:27:01.935+0000] {processor.py:830} INFO - Processing file /home/airflow/.local/lib/python3.12/site-packages/airflow/example_dags/example_sensors.py for tasks to queue
[2024-04-09T08:27:01.936+0000] {logging_mixin.py:188} INFO - [2024-04-09T08:27:01.936+0000] {dagbag.py:540} INFO - Filling up the DagBag from /home/airflow/.local/lib/python3.12/site-packages/airflow/example_dags/example_sensors.py
[2024-04-09T08:27:01.942+0000] {processor.py:840} INFO - DAG(s) 'example_sensors' retrieved from /home/airflow/.local/lib/python3.12/site-packages/airflow/example_dags/example_sensors.py
[2024-04-09T08:27:01.960+0000] {logging_mixin.py:188} INFO - [2024-04-09T08:27:01.960+0000] {dag.py:3096} INFO - Sync 1 DAGs
[2024-04-09T08:27:01.969+0000] {logging_mixin.py:188} INFO - [2024-04-09T08:27:01.968+0000] {dag.py:3954} INFO - Setting next_dagrun for example_sensors to None, run_after=None
[2024-04-09T08:27:01.981+0000] {processor.py:183} INFO - Processing /home/airflow/.local/lib/python3.12/site-packages/airflow/example_dags/example_sensors.py took 0.049 seconds
[2024-04-09T08:27:32.989+0000] {processor.py:161} INFO - Started process (PID=399) to work on /home/airflow/.local/lib/python3.12/site-packages/airflow/example_dags/example_sensors.py
[2024-04-09T08:27:32.989+0000] {processor.py:830} INFO - Processing file /home/airflow/.local/lib/python3.12/site-packages/airflow/example_dags/example_sensors.py for tasks to queue
[2024-04-09T08:27:32.990+0000] {logging_mixin.py:188} INFO - [2024-04-09T08:27:32.990+0000] {dagbag.py:540} INFO - Filling up the DagBag from /home/airflow/.local/lib/python3.12/site-packages/airflow/example_dags/example_sensors.py
[2024-04-09T08:27:32.995+0000] {processor.py:840} INFO - DAG(s) 'example_sensors' retrieved from /home/airflow/.local/lib/python3.12/site-packages/airflow/example_dags/example_sensors.py
[2024-04-09T08:27:33.009+0000] {logging_mixin.py:188} INFO - [2024-04-09T08:27:33.009+0000] {dag.py:3096} INFO - Sync 1 DAGs
[2024-04-09T08:27:33.016+0000] {logging_mixin.py:188} INFO - [2024-04-09T08:27:33.015+0000] {dag.py:3954} INFO - Setting next_dagrun for example_sensors to None, run_after=None
[2024-04-09T08:27:33.025+0000] {processor.py:183} INFO - Processing /home/airflow/.local/lib/python3.12/site-packages/airflow/example_dags/example_sensors.py took 0.039 seconds
[2024-04-09T08:28:03.040+0000] {processor.py:161} INFO - Started process (PID=456) to work on /home/airflow/.local/lib/python3.12/site-packages/airflow/example_dags/example_sensors.py
[2024-04-09T08:28:03.041+0000] {processor.py:830} INFO - Processing file /home/airflow/.local/lib/python3.12/site-packages/airflow/example_dags/example_sensors.py for tasks to queue
[2024-04-09T08:28:03.042+0000] {logging_mixin.py:188} INFO - [2024-04-09T08:28:03.042+0000] {dagbag.py:540} INFO - Filling up the DagBag from /home/airflow/.local/lib/python3.12/site-packages/airflow/example_dags/example_sensors.py
[2024-04-09T08:28:03.047+0000] {processor.py:840} INFO - DAG(s) 'example_sensors' retrieved from /home/airflow/.local/lib/python3.12/site-packages/airflow/example_dags/example_sensors.py
[2024-04-09T08:28:03.060+0000] {logging_mixin.py:188} INFO - [2024-04-09T08:28:03.060+0000] {dag.py:3096} INFO - Sync 1 DAGs
[2024-04-09T08:28:03.066+0000] {logging_mixin.py:188} INFO - [2024-04-09T08:28:03.066+0000] {dag.py:3954} INFO - Setting next_dagrun for example_sensors to None, run_after=None
[2024-04-09T08:28:03.076+0000] {processor.py:183} INFO - Processing /home/airflow/.local/lib/python3.12/site-packages/airflow/example_dags/example_sensors.py took 0.039 seconds
[2024-04-09T08:28:33.139+0000] {processor.py:161} INFO - Started process (PID=514) to work on /home/airflow/.local/lib/python3.12/site-packages/airflow/example_dags/example_sensors.py
[2024-04-09T08:28:33.139+0000] {processor.py:830} INFO - Processing file /home/airflow/.local/lib/python3.12/site-packages/airflow/example_dags/example_sensors.py for tasks to queue
[2024-04-09T08:28:33.140+0000] {logging_mixin.py:188} INFO - [2024-04-09T08:28:33.140+0000] {dagbag.py:540} INFO - Filling up the DagBag from /home/airflow/.local/lib/python3.12/site-packages/airflow/example_dags/example_sensors.py
[2024-04-09T08:28:33.146+0000] {processor.py:840} INFO - DAG(s) 'example_sensors' retrieved from /home/airflow/.local/lib/python3.12/site-packages/airflow/example_dags/example_sensors.py
[2024-04-09T08:28:33.161+0000] {logging_mixin.py:188} INFO - [2024-04-09T08:28:33.160+0000] {dag.py:3096} INFO - Sync 1 DAGs
[2024-04-09T08:28:33.167+0000] {logging_mixin.py:188} INFO - [2024-04-09T08:28:33.167+0000] {dag.py:3954} INFO - Setting next_dagrun for example_sensors to None, run_after=None
[2024-04-09T08:28:33.178+0000] {processor.py:183} INFO - Processing /home/airflow/.local/lib/python3.12/site-packages/airflow/example_dags/example_sensors.py took 0.042 seconds
[2024-04-09T08:29:03.708+0000] {processor.py:161} INFO - Started process (PID=572) to work on /home/airflow/.local/lib/python3.12/site-packages/airflow/example_dags/example_sensors.py
[2024-04-09T08:29:03.708+0000] {processor.py:830} INFO - Processing file /home/airflow/.local/lib/python3.12/site-packages/airflow/example_dags/example_sensors.py for tasks to queue
[2024-04-09T08:29:03.709+0000] {logging_mixin.py:188} INFO - [2024-04-09T08:29:03.709+0000] {dagbag.py:540} INFO - Filling up the DagBag from /home/airflow/.local/lib/python3.12/site-packages/airflow/example_dags/example_sensors.py
[2024-04-09T08:29:03.714+0000] {processor.py:840} INFO - DAG(s) 'example_sensors' retrieved from /home/airflow/.local/lib/python3.12/site-packages/airflow/example_dags/example_sensors.py
[2024-04-09T08:29:03.728+0000] {logging_mixin.py:188} INFO - [2024-04-09T08:29:03.728+0000] {dag.py:3096} INFO - Sync 1 DAGs
[2024-04-09T08:29:03.735+0000] {logging_mixin.py:188} INFO - [2024-04-09T08:29:03.735+0000] {dag.py:3954} INFO - Setting next_dagrun for example_sensors to None, run_after=None
[2024-04-09T08:29:03.745+0000] {processor.py:183} INFO - Processing /home/airflow/.local/lib/python3.12/site-packages/airflow/example_dags/example_sensors.py took 0.040 seconds
[2024-04-09T08:29:34.519+0000] {processor.py:161} INFO - Started process (PID=630) to work on /home/airflow/.local/lib/python3.12/site-packages/airflow/example_dags/example_sensors.py
[2024-04-09T08:29:34.520+0000] {processor.py:830} INFO - Processing file /home/airflow/.local/lib/python3.12/site-packages/airflow/example_dags/example_sensors.py for tasks to queue
[2024-04-09T08:29:34.521+0000] {logging_mixin.py:188} INFO - [2024-04-09T08:29:34.520+0000] {dagbag.py:540} INFO - Filling up the DagBag from /home/airflow/.local/lib/python3.12/site-packages/airflow/example_dags/example_sensors.py
[2024-04-09T08:29:34.525+0000] {processor.py:840} INFO - DAG(s) 'example_sensors' retrieved from /home/airflow/.local/lib/python3.12/site-packages/airflow/example_dags/example_sensors.py
[2024-04-09T08:29:34.540+0000] {logging_mixin.py:188} INFO - [2024-04-09T08:29:34.540+0000] {dag.py:3096} INFO - Sync 1 DAGs
[2024-04-09T08:29:34.547+0000] {logging_mixin.py:188} INFO - [2024-04-09T08:29:34.547+0000] {dag.py:3954} INFO - Setting next_dagrun for example_sensors to None, run_after=None
[2024-04-09T08:29:34.557+0000] {processor.py:183} INFO - Processing /home/airflow/.local/lib/python3.12/site-packages/airflow/example_dags/example_sensors.py took 0.041 seconds
[2024-04-09T08:30:05.245+0000] {processor.py:161} INFO - Started process (PID=688) to work on /home/airflow/.local/lib/python3.12/site-packages/airflow/example_dags/example_sensors.py
[2024-04-09T08:30:05.245+0000] {processor.py:830} INFO - Processing file /home/airflow/.local/lib/python3.12/site-packages/airflow/example_dags/example_sensors.py for tasks to queue
[2024-04-09T08:30:05.246+0000] {logging_mixin.py:188} INFO - [2024-04-09T08:30:05.246+0000] {dagbag.py:540} INFO - Filling up the DagBag from /home/airflow/.local/lib/python3.12/site-packages/airflow/example_dags/example_sensors.py
[2024-04-09T08:30:05.252+0000] {processor.py:840} INFO - DAG(s) 'example_sensors' retrieved from /home/airflow/.local/lib/python3.12/site-packages/airflow/example_dags/example_sensors.py
[2024-04-09T08:30:05.274+0000] {logging_mixin.py:188} INFO - [2024-04-09T08:30:05.274+0000] {dag.py:3096} INFO - Sync 1 DAGs
[2024-04-09T08:30:05.286+0000] {logging_mixin.py:188} INFO - [2024-04-09T08:30:05.285+0000] {dag.py:3954} INFO - Setting next_dagrun for example_sensors to None, run_after=None
[2024-04-09T08:30:05.297+0000] {processor.py:183} INFO - Processing /home/airflow/.local/lib/python3.12/site-packages/airflow/example_dags/example_sensors.py took 0.055 seconds
[2024-04-09T08:30:35.904+0000] {processor.py:161} INFO - Started process (PID=746) to work on /home/airflow/.local/lib/python3.12/site-packages/airflow/example_dags/example_sensors.py
[2024-04-09T08:30:35.904+0000] {processor.py:830} INFO - Processing file /home/airflow/.local/lib/python3.12/site-packages/airflow/example_dags/example_sensors.py for tasks to queue
[2024-04-09T08:30:35.906+0000] {logging_mixin.py:188} INFO - [2024-04-09T08:30:35.905+0000] {dagbag.py:540} INFO - Filling up the DagBag from /home/airflow/.local/lib/python3.12/site-packages/airflow/example_dags/example_sensors.py
[2024-04-09T08:30:35.912+0000] {processor.py:840} INFO - DAG(s) 'example_sensors' retrieved from /home/airflow/.local/lib/python3.12/site-packages/airflow/example_dags/example_sensors.py
[2024-04-09T08:30:35.931+0000] {logging_mixin.py:188} INFO - [2024-04-09T08:30:35.931+0000] {dag.py:3096} INFO - Sync 1 DAGs
[2024-04-09T08:30:35.939+0000] {logging_mixin.py:188} INFO - [2024-04-09T08:30:35.939+0000] {dag.py:3954} INFO - Setting next_dagrun for example_sensors to None, run_after=None
[2024-04-09T08:30:35.966+0000] {processor.py:183} INFO - Processing /home/airflow/.local/lib/python3.12/site-packages/airflow/example_dags/example_sensors.py took 0.067 seconds
[2024-04-09T08:31:06.228+0000] {processor.py:161} INFO - Started process (PID=804) to work on /home/airflow/.local/lib/python3.12/site-packages/airflow/example_dags/example_sensors.py
[2024-04-09T08:31:06.228+0000] {processor.py:830} INFO - Processing file /home/airflow/.local/lib/python3.12/site-packages/airflow/example_dags/example_sensors.py for tasks to queue
[2024-04-09T08:31:06.229+0000] {logging_mixin.py:188} INFO - [2024-04-09T08:31:06.229+0000] {dagbag.py:540} INFO - Filling up the DagBag from /home/airflow/.local/lib/python3.12/site-packages/airflow/example_dags/example_sensors.py
[2024-04-09T08:31:06.237+0000] {processor.py:840} INFO - DAG(s) 'example_sensors' retrieved from /home/airflow/.local/lib/python3.12/site-packages/airflow/example_dags/example_sensors.py
[2024-04-09T08:31:06.256+0000] {logging_mixin.py:188} INFO - [2024-04-09T08:31:06.255+0000] {dag.py:3096} INFO - Sync 1 DAGs
[2024-04-09T08:31:06.264+0000] {logging_mixin.py:188} INFO - [2024-04-09T08:31:06.264+0000] {dag.py:3954} INFO - Setting next_dagrun for example_sensors to None, run_after=None
[2024-04-09T08:31:06.275+0000] {processor.py:183} INFO - Processing /home/airflow/.local/lib/python3.12/site-packages/airflow/example_dags/example_sensors.py took 0.051 seconds
[2024-04-09T08:31:36.623+0000] {processor.py:161} INFO - Started process (PID=862) to work on /home/airflow/.local/lib/python3.12/site-packages/airflow/example_dags/example_sensors.py
[2024-04-09T08:31:36.624+0000] {processor.py:830} INFO - Processing file /home/airflow/.local/lib/python3.12/site-packages/airflow/example_dags/example_sensors.py for tasks to queue
[2024-04-09T08:31:36.625+0000] {logging_mixin.py:188} INFO - [2024-04-09T08:31:36.625+0000] {dagbag.py:540} INFO - Filling up the DagBag from /home/airflow/.local/lib/python3.12/site-packages/airflow/example_dags/example_sensors.py
[2024-04-09T08:31:36.631+0000] {processor.py:840} INFO - DAG(s) 'example_sensors' retrieved from /home/airflow/.local/lib/python3.12/site-packages/airflow/example_dags/example_sensors.py
[2024-04-09T08:31:36.648+0000] {logging_mixin.py:188} INFO - [2024-04-09T08:31:36.647+0000] {dag.py:3096} INFO - Sync 1 DAGs
[2024-04-09T08:31:36.655+0000] {logging_mixin.py:188} INFO - [2024-04-09T08:31:36.655+0000] {dag.py:3954} INFO - Setting next_dagrun for example_sensors to None, run_after=None
[2024-04-09T08:31:36.668+0000] {processor.py:183} INFO - Processing /home/airflow/.local/lib/python3.12/site-packages/airflow/example_dags/example_sensors.py took 0.048 seconds
[2024-04-09T08:32:07.055+0000] {processor.py:161} INFO - Started process (PID=920) to work on /home/airflow/.local/lib/python3.12/site-packages/airflow/example_dags/example_sensors.py
[2024-04-09T08:32:07.055+0000] {processor.py:830} INFO - Processing file /home/airflow/.local/lib/python3.12/site-packages/airflow/example_dags/example_sensors.py for tasks to queue
[2024-04-09T08:32:07.057+0000] {logging_mixin.py:188} INFO - [2024-04-09T08:32:07.057+0000] {dagbag.py:540} INFO - Filling up the DagBag from /home/airflow/.local/lib/python3.12/site-packages/airflow/example_dags/example_sensors.py
[2024-04-09T08:32:07.064+0000] {processor.py:840} INFO - DAG(s) 'example_sensors' retrieved from /home/airflow/.local/lib/python3.12/site-packages/airflow/example_dags/example_sensors.py
[2024-04-09T08:32:07.082+0000] {logging_mixin.py:188} INFO - [2024-04-09T08:32:07.081+0000] {dag.py:3096} INFO - Sync 1 DAGs
[2024-04-09T08:32:07.090+0000] {logging_mixin.py:188} INFO - [2024-04-09T08:32:07.090+0000] {dag.py:3954} INFO - Setting next_dagrun for example_sensors to None, run_after=None
[2024-04-09T08:32:07.102+0000] {processor.py:183} INFO - Processing /home/airflow/.local/lib/python3.12/site-packages/airflow/example_dags/example_sensors.py took 0.052 seconds
[2024-04-09T08:32:38.121+0000] {processor.py:161} INFO - Started process (PID=978) to work on /home/airflow/.local/lib/python3.12/site-packages/airflow/example_dags/example_sensors.py
[2024-04-09T08:32:38.122+0000] {processor.py:830} INFO - Processing file /home/airflow/.local/lib/python3.12/site-packages/airflow/example_dags/example_sensors.py for tasks to queue
[2024-04-09T08:32:38.123+0000] {logging_mixin.py:188} INFO - [2024-04-09T08:32:38.123+0000] {dagbag.py:540} INFO - Filling up the DagBag from /home/airflow/.local/lib/python3.12/site-packages/airflow/example_dags/example_sensors.py
[2024-04-09T08:32:38.129+0000] {processor.py:840} INFO - DAG(s) 'example_sensors' retrieved from /home/airflow/.local/lib/python3.12/site-packages/airflow/example_dags/example_sensors.py
[2024-04-09T08:32:38.144+0000] {logging_mixin.py:188} INFO - [2024-04-09T08:32:38.144+0000] {dag.py:3096} INFO - Sync 1 DAGs
[2024-04-09T08:32:38.152+0000] {logging_mixin.py:188} INFO - [2024-04-09T08:32:38.152+0000] {dag.py:3954} INFO - Setting next_dagrun for example_sensors to None, run_after=None
[2024-04-09T08:32:38.163+0000] {processor.py:183} INFO - Processing /home/airflow/.local/lib/python3.12/site-packages/airflow/example_dags/example_sensors.py took 0.045 seconds
[2024-04-09T08:33:08.488+0000] {processor.py:161} INFO - Started process (PID=1036) to work on /home/airflow/.local/lib/python3.12/site-packages/airflow/example_dags/example_sensors.py
[2024-04-09T08:33:08.489+0000] {processor.py:830} INFO - Processing file /home/airflow/.local/lib/python3.12/site-packages/airflow/example_dags/example_sensors.py for tasks to queue
[2024-04-09T08:33:08.490+0000] {logging_mixin.py:188} INFO - [2024-04-09T08:33:08.490+0000] {dagbag.py:540} INFO - Filling up the DagBag from /home/airflow/.local/lib/python3.12/site-packages/airflow/example_dags/example_sensors.py
[2024-04-09T08:33:08.496+0000] {processor.py:840} INFO - DAG(s) 'example_sensors' retrieved from /home/airflow/.local/lib/python3.12/site-packages/airflow/example_dags/example_sensors.py
[2024-04-09T08:33:08.512+0000] {logging_mixin.py:188} INFO - [2024-04-09T08:33:08.512+0000] {dag.py:3096} INFO - Sync 1 DAGs
[2024-04-09T08:33:08.520+0000] {logging_mixin.py:188} INFO - [2024-04-09T08:33:08.519+0000] {dag.py:3954} INFO - Setting next_dagrun for example_sensors to None, run_after=None
[2024-04-09T08:33:08.544+0000] {processor.py:183} INFO - Processing /home/airflow/.local/lib/python3.12/site-packages/airflow/example_dags/example_sensors.py took 0.059 seconds
[2024-04-09T08:33:38.782+0000] {processor.py:161} INFO - Started process (PID=1094) to work on /home/airflow/.local/lib/python3.12/site-packages/airflow/example_dags/example_sensors.py
[2024-04-09T08:33:38.783+0000] {processor.py:830} INFO - Processing file /home/airflow/.local/lib/python3.12/site-packages/airflow/example_dags/example_sensors.py for tasks to queue
[2024-04-09T08:33:38.784+0000] {logging_mixin.py:188} INFO - [2024-04-09T08:33:38.783+0000] {dagbag.py:540} INFO - Filling up the DagBag from /home/airflow/.local/lib/python3.12/site-packages/airflow/example_dags/example_sensors.py
[2024-04-09T08:33:38.789+0000] {processor.py:840} INFO - DAG(s) 'example_sensors' retrieved from /home/airflow/.local/lib/python3.12/site-packages/airflow/example_dags/example_sensors.py
[2024-04-09T08:33:38.804+0000] {logging_mixin.py:188} INFO - [2024-04-09T08:33:38.804+0000] {dag.py:3096} INFO - Sync 1 DAGs
[2024-04-09T08:33:38.812+0000] {logging_mixin.py:188} INFO - [2024-04-09T08:33:38.812+0000] {dag.py:3954} INFO - Setting next_dagrun for example_sensors to None, run_after=None
[2024-04-09T08:33:38.824+0000] {processor.py:183} INFO - Processing /home/airflow/.local/lib/python3.12/site-packages/airflow/example_dags/example_sensors.py took 0.045 seconds
[2024-04-09T08:34:09.599+0000] {processor.py:161} INFO - Started process (PID=1152) to work on /home/airflow/.local/lib/python3.12/site-packages/airflow/example_dags/example_sensors.py
[2024-04-09T08:34:09.599+0000] {processor.py:830} INFO - Processing file /home/airflow/.local/lib/python3.12/site-packages/airflow/example_dags/example_sensors.py for tasks to queue
[2024-04-09T08:34:09.600+0000] {logging_mixin.py:188} INFO - [2024-04-09T08:34:09.600+0000] {dagbag.py:540} INFO - Filling up the DagBag from /home/airflow/.local/lib/python3.12/site-packages/airflow/example_dags/example_sensors.py
[2024-04-09T08:34:09.606+0000] {processor.py:840} INFO - DAG(s) 'example_sensors' retrieved from /home/airflow/.local/lib/python3.12/site-packages/airflow/example_dags/example_sensors.py
[2024-04-09T08:34:09.621+0000] {logging_mixin.py:188} INFO - [2024-04-09T08:34:09.621+0000] {dag.py:3096} INFO - Sync 1 DAGs
[2024-04-09T08:34:09.630+0000] {logging_mixin.py:188} INFO - [2024-04-09T08:34:09.630+0000] {dag.py:3954} INFO - Setting next_dagrun for example_sensors to None, run_after=None
[2024-04-09T08:34:09.643+0000] {processor.py:183} INFO - Processing /home/airflow/.local/lib/python3.12/site-packages/airflow/example_dags/example_sensors.py took 0.048 seconds
[2024-04-09T08:34:40.623+0000] {processor.py:161} INFO - Started process (PID=1210) to work on /home/airflow/.local/lib/python3.12/site-packages/airflow/example_dags/example_sensors.py
[2024-04-09T08:34:40.623+0000] {processor.py:830} INFO - Processing file /home/airflow/.local/lib/python3.12/site-packages/airflow/example_dags/example_sensors.py for tasks to queue
[2024-04-09T08:34:40.624+0000] {logging_mixin.py:188} INFO - [2024-04-09T08:34:40.624+0000] {dagbag.py:540} INFO - Filling up the DagBag from /home/airflow/.local/lib/python3.12/site-packages/airflow/example_dags/example_sensors.py
[2024-04-09T08:34:40.630+0000] {processor.py:840} INFO - DAG(s) 'example_sensors' retrieved from /home/airflow/.local/lib/python3.12/site-packages/airflow/example_dags/example_sensors.py
[2024-04-09T08:34:40.645+0000] {logging_mixin.py:188} INFO - [2024-04-09T08:34:40.645+0000] {dag.py:3096} INFO - Sync 1 DAGs
[2024-04-09T08:34:40.652+0000] {logging_mixin.py:188} INFO - [2024-04-09T08:34:40.652+0000] {dag.py:3954} INFO - Setting next_dagrun for example_sensors to None, run_after=None
[2024-04-09T08:34:40.673+0000] {processor.py:183} INFO - Processing /home/airflow/.local/lib/python3.12/site-packages/airflow/example_dags/example_sensors.py took 0.054 seconds
[2024-04-09T08:35:10.700+0000] {processor.py:161} INFO - Started process (PID=1267) to work on /home/airflow/.local/lib/python3.12/site-packages/airflow/example_dags/example_sensors.py
[2024-04-09T08:35:10.700+0000] {processor.py:830} INFO - Processing file /home/airflow/.local/lib/python3.12/site-packages/airflow/example_dags/example_sensors.py for tasks to queue
[2024-04-09T08:35:10.701+0000] {logging_mixin.py:188} INFO - [2024-04-09T08:35:10.701+0000] {dagbag.py:540} INFO - Filling up the DagBag from /home/airflow/.local/lib/python3.12/site-packages/airflow/example_dags/example_sensors.py
[2024-04-09T08:35:10.706+0000] {processor.py:840} INFO - DAG(s) 'example_sensors' retrieved from /home/airflow/.local/lib/python3.12/site-packages/airflow/example_dags/example_sensors.py
[2024-04-09T08:35:10.720+0000] {logging_mixin.py:188} INFO - [2024-04-09T08:35:10.720+0000] {dag.py:3096} INFO - Sync 1 DAGs
[2024-04-09T08:35:10.727+0000] {logging_mixin.py:188} INFO - [2024-04-09T08:35:10.727+0000] {dag.py:3954} INFO - Setting next_dagrun for example_sensors to None, run_after=None
[2024-04-09T08:35:10.749+0000] {processor.py:183} INFO - Processing /home/airflow/.local/lib/python3.12/site-packages/airflow/example_dags/example_sensors.py took 0.052 seconds
[2024-04-09T08:35:40.775+0000] {processor.py:161} INFO - Started process (PID=1325) to work on /home/airflow/.local/lib/python3.12/site-packages/airflow/example_dags/example_sensors.py
[2024-04-09T08:35:40.775+0000] {processor.py:830} INFO - Processing file /home/airflow/.local/lib/python3.12/site-packages/airflow/example_dags/example_sensors.py for tasks to queue
[2024-04-09T08:35:40.776+0000] {logging_mixin.py:188} INFO - [2024-04-09T08:35:40.776+0000] {dagbag.py:540} INFO - Filling up the DagBag from /home/airflow/.local/lib/python3.12/site-packages/airflow/example_dags/example_sensors.py
[2024-04-09T08:35:40.782+0000] {processor.py:840} INFO - DAG(s) 'example_sensors' retrieved from /home/airflow/.local/lib/python3.12/site-packages/airflow/example_dags/example_sensors.py
[2024-04-09T08:35:40.796+0000] {logging_mixin.py:188} INFO - [2024-04-09T08:35:40.796+0000] {dag.py:3096} INFO - Sync 1 DAGs
[2024-04-09T08:35:40.803+0000] {logging_mixin.py:188} INFO - [2024-04-09T08:35:40.803+0000] {dag.py:3954} INFO - Setting next_dagrun for example_sensors to None, run_after=None
[2024-04-09T08:35:40.825+0000] {processor.py:183} INFO - Processing /home/airflow/.local/lib/python3.12/site-packages/airflow/example_dags/example_sensors.py took 0.054 seconds
[2024-04-09T08:36:11.537+0000] {processor.py:161} INFO - Started process (PID=1384) to work on /home/airflow/.local/lib/python3.12/site-packages/airflow/example_dags/example_sensors.py
[2024-04-09T08:36:11.538+0000] {processor.py:830} INFO - Processing file /home/airflow/.local/lib/python3.12/site-packages/airflow/example_dags/example_sensors.py for tasks to queue
[2024-04-09T08:36:11.539+0000] {logging_mixin.py:188} INFO - [2024-04-09T08:36:11.539+0000] {dagbag.py:540} INFO - Filling up the DagBag from /home/airflow/.local/lib/python3.12/site-packages/airflow/example_dags/example_sensors.py
[2024-04-09T08:36:11.544+0000] {processor.py:840} INFO - DAG(s) 'example_sensors' retrieved from /home/airflow/.local/lib/python3.12/site-packages/airflow/example_dags/example_sensors.py
[2024-04-09T08:36:11.558+0000] {logging_mixin.py:188} INFO - [2024-04-09T08:36:11.558+0000] {dag.py:3096} INFO - Sync 1 DAGs
[2024-04-09T08:36:11.565+0000] {logging_mixin.py:188} INFO - [2024-04-09T08:36:11.565+0000] {dag.py:3954} INFO - Setting next_dagrun for example_sensors to None, run_after=None
[2024-04-09T08:36:11.588+0000] {processor.py:183} INFO - Processing /home/airflow/.local/lib/python3.12/site-packages/airflow/example_dags/example_sensors.py took 0.053 seconds
[2024-04-09T08:36:42.276+0000] {processor.py:161} INFO - Started process (PID=1442) to work on /home/airflow/.local/lib/python3.12/site-packages/airflow/example_dags/example_sensors.py
[2024-04-09T08:36:42.277+0000] {processor.py:830} INFO - Processing file /home/airflow/.local/lib/python3.12/site-packages/airflow/example_dags/example_sensors.py for tasks to queue
[2024-04-09T08:36:42.278+0000] {logging_mixin.py:188} INFO - [2024-04-09T08:36:42.277+0000] {dagbag.py:540} INFO - Filling up the DagBag from /home/airflow/.local/lib/python3.12/site-packages/airflow/example_dags/example_sensors.py
[2024-04-09T08:36:42.282+0000] {processor.py:840} INFO - DAG(s) 'example_sensors' retrieved from /home/airflow/.local/lib/python3.12/site-packages/airflow/example_dags/example_sensors.py
[2024-04-09T08:36:42.296+0000] {logging_mixin.py:188} INFO - [2024-04-09T08:36:42.296+0000] {dag.py:3096} INFO - Sync 1 DAGs
[2024-04-09T08:36:42.304+0000] {logging_mixin.py:188} INFO - [2024-04-09T08:36:42.303+0000] {dag.py:3954} INFO - Setting next_dagrun for example_sensors to None, run_after=None
[2024-04-09T08:36:42.314+0000] {processor.py:183} INFO - Processing /home/airflow/.local/lib/python3.12/site-packages/airflow/example_dags/example_sensors.py took 0.040 seconds
[2024-04-09T08:37:12.894+0000] {processor.py:161} INFO - Started process (PID=1500) to work on /home/airflow/.local/lib/python3.12/site-packages/airflow/example_dags/example_sensors.py
[2024-04-09T08:37:12.895+0000] {processor.py:830} INFO - Processing file /home/airflow/.local/lib/python3.12/site-packages/airflow/example_dags/example_sensors.py for tasks to queue
[2024-04-09T08:37:12.896+0000] {logging_mixin.py:188} INFO - [2024-04-09T08:37:12.896+0000] {dagbag.py:540} INFO - Filling up the DagBag from /home/airflow/.local/lib/python3.12/site-packages/airflow/example_dags/example_sensors.py
[2024-04-09T08:37:12.901+0000] {processor.py:840} INFO - DAG(s) 'example_sensors' retrieved from /home/airflow/.local/lib/python3.12/site-packages/airflow/example_dags/example_sensors.py
[2024-04-09T08:37:12.915+0000] {logging_mixin.py:188} INFO - [2024-04-09T08:37:12.915+0000] {dag.py:3096} INFO - Sync 1 DAGs
[2024-04-09T08:37:12.922+0000] {logging_mixin.py:188} INFO - [2024-04-09T08:37:12.922+0000] {dag.py:3954} INFO - Setting next_dagrun for example_sensors to None, run_after=None
[2024-04-09T08:37:12.934+0000] {processor.py:183} INFO - Processing /home/airflow/.local/lib/python3.12/site-packages/airflow/example_dags/example_sensors.py took 0.043 seconds
[2024-04-09T08:37:43.438+0000] {processor.py:161} INFO - Started process (PID=1558) to work on /home/airflow/.local/lib/python3.12/site-packages/airflow/example_dags/example_sensors.py
[2024-04-09T08:37:43.439+0000] {processor.py:830} INFO - Processing file /home/airflow/.local/lib/python3.12/site-packages/airflow/example_dags/example_sensors.py for tasks to queue
[2024-04-09T08:37:43.440+0000] {logging_mixin.py:188} INFO - [2024-04-09T08:37:43.439+0000] {dagbag.py:540} INFO - Filling up the DagBag from /home/airflow/.local/lib/python3.12/site-packages/airflow/example_dags/example_sensors.py
[2024-04-09T08:37:43.444+0000] {processor.py:840} INFO - DAG(s) 'example_sensors' retrieved from /home/airflow/.local/lib/python3.12/site-packages/airflow/example_dags/example_sensors.py
[2024-04-09T08:37:43.458+0000] {logging_mixin.py:188} INFO - [2024-04-09T08:37:43.458+0000] {dag.py:3096} INFO - Sync 1 DAGs
[2024-04-09T08:37:43.466+0000] {logging_mixin.py:188} INFO - [2024-04-09T08:37:43.466+0000] {dag.py:3954} INFO - Setting next_dagrun for example_sensors to None, run_after=None
[2024-04-09T08:37:43.489+0000] {processor.py:183} INFO - Processing /home/airflow/.local/lib/python3.12/site-packages/airflow/example_dags/example_sensors.py took 0.053 seconds
[2024-04-09T08:38:14.011+0000] {processor.py:161} INFO - Started process (PID=1616) to work on /home/airflow/.local/lib/python3.12/site-packages/airflow/example_dags/example_sensors.py
[2024-04-09T08:38:14.011+0000] {processor.py:830} INFO - Processing file /home/airflow/.local/lib/python3.12/site-packages/airflow/example_dags/example_sensors.py for tasks to queue
[2024-04-09T08:38:14.012+0000] {logging_mixin.py:188} INFO - [2024-04-09T08:38:14.012+0000] {dagbag.py:540} INFO - Filling up the DagBag from /home/airflow/.local/lib/python3.12/site-packages/airflow/example_dags/example_sensors.py
[2024-04-09T08:38:14.017+0000] {processor.py:840} INFO - DAG(s) 'example_sensors' retrieved from /home/airflow/.local/lib/python3.12/site-packages/airflow/example_dags/example_sensors.py
[2024-04-09T08:38:14.032+0000] {logging_mixin.py:188} INFO - [2024-04-09T08:38:14.032+0000] {dag.py:3096} INFO - Sync 1 DAGs
[2024-04-09T08:38:14.039+0000] {logging_mixin.py:188} INFO - [2024-04-09T08:38:14.039+0000] {dag.py:3954} INFO - Setting next_dagrun for example_sensors to None, run_after=None
[2024-04-09T08:38:14.062+0000] {processor.py:183} INFO - Processing /home/airflow/.local/lib/python3.12/site-packages/airflow/example_dags/example_sensors.py took 0.054 seconds
[2024-04-09T08:38:44.706+0000] {processor.py:161} INFO - Started process (PID=1674) to work on /home/airflow/.local/lib/python3.12/site-packages/airflow/example_dags/example_sensors.py
[2024-04-09T08:38:44.707+0000] {processor.py:830} INFO - Processing file /home/airflow/.local/lib/python3.12/site-packages/airflow/example_dags/example_sensors.py for tasks to queue
[2024-04-09T08:38:44.708+0000] {logging_mixin.py:188} INFO - [2024-04-09T08:38:44.708+0000] {dagbag.py:540} INFO - Filling up the DagBag from /home/airflow/.local/lib/python3.12/site-packages/airflow/example_dags/example_sensors.py
[2024-04-09T08:38:44.712+0000] {processor.py:840} INFO - DAG(s) 'example_sensors' retrieved from /home/airflow/.local/lib/python3.12/site-packages/airflow/example_dags/example_sensors.py
[2024-04-09T08:38:44.727+0000] {logging_mixin.py:188} INFO - [2024-04-09T08:38:44.727+0000] {dag.py:3096} INFO - Sync 1 DAGs
[2024-04-09T08:38:44.734+0000] {logging_mixin.py:188} INFO - [2024-04-09T08:38:44.734+0000] {dag.py:3954} INFO - Setting next_dagrun for example_sensors to None, run_after=None
[2024-04-09T08:38:44.756+0000] {processor.py:183} INFO - Processing /home/airflow/.local/lib/python3.12/site-packages/airflow/example_dags/example_sensors.py took 0.053 seconds
[2024-04-09T08:39:15.384+0000] {processor.py:161} INFO - Started process (PID=1732) to work on /home/airflow/.local/lib/python3.12/site-packages/airflow/example_dags/example_sensors.py
[2024-04-09T08:39:15.384+0000] {processor.py:830} INFO - Processing file /home/airflow/.local/lib/python3.12/site-packages/airflow/example_dags/example_sensors.py for tasks to queue
[2024-04-09T08:39:15.385+0000] {logging_mixin.py:188} INFO - [2024-04-09T08:39:15.385+0000] {dagbag.py:540} INFO - Filling up the DagBag from /home/airflow/.local/lib/python3.12/site-packages/airflow/example_dags/example_sensors.py
[2024-04-09T08:39:15.390+0000] {processor.py:840} INFO - DAG(s) 'example_sensors' retrieved from /home/airflow/.local/lib/python3.12/site-packages/airflow/example_dags/example_sensors.py
[2024-04-09T08:39:15.405+0000] {logging_mixin.py:188} INFO - [2024-04-09T08:39:15.404+0000] {dag.py:3096} INFO - Sync 1 DAGs
[2024-04-09T08:39:15.412+0000] {logging_mixin.py:188} INFO - [2024-04-09T08:39:15.412+0000] {dag.py:3954} INFO - Setting next_dagrun for example_sensors to None, run_after=None
[2024-04-09T08:39:15.434+0000] {processor.py:183} INFO - Processing /home/airflow/.local/lib/python3.12/site-packages/airflow/example_dags/example_sensors.py took 0.053 seconds
[2024-04-09T08:39:46.092+0000] {processor.py:161} INFO - Started process (PID=1790) to work on /home/airflow/.local/lib/python3.12/site-packages/airflow/example_dags/example_sensors.py
[2024-04-09T08:39:46.093+0000] {processor.py:830} INFO - Processing file /home/airflow/.local/lib/python3.12/site-packages/airflow/example_dags/example_sensors.py for tasks to queue
[2024-04-09T08:39:46.094+0000] {logging_mixin.py:188} INFO - [2024-04-09T08:39:46.094+0000] {dagbag.py:540} INFO - Filling up the DagBag from /home/airflow/.local/lib/python3.12/site-packages/airflow/example_dags/example_sensors.py
[2024-04-09T08:39:46.100+0000] {processor.py:840} INFO - DAG(s) 'example_sensors' retrieved from /home/airflow/.local/lib/python3.12/site-packages/airflow/example_dags/example_sensors.py
[2024-04-09T08:39:46.116+0000] {logging_mixin.py:188} INFO - [2024-04-09T08:39:46.115+0000] {dag.py:3096} INFO - Sync 1 DAGs
[2024-04-09T08:39:46.124+0000] {logging_mixin.py:188} INFO - [2024-04-09T08:39:46.124+0000] {dag.py:3954} INFO - Setting next_dagrun for example_sensors to None, run_after=None
[2024-04-09T08:39:46.137+0000] {processor.py:183} INFO - Processing /home/airflow/.local/lib/python3.12/site-packages/airflow/example_dags/example_sensors.py took 0.049 seconds
[2024-04-09T08:40:16.796+0000] {processor.py:161} INFO - Started process (PID=1848) to work on /home/airflow/.local/lib/python3.12/site-packages/airflow/example_dags/example_sensors.py
[2024-04-09T08:40:16.796+0000] {processor.py:830} INFO - Processing file /home/airflow/.local/lib/python3.12/site-packages/airflow/example_dags/example_sensors.py for tasks to queue
[2024-04-09T08:40:16.797+0000] {logging_mixin.py:188} INFO - [2024-04-09T08:40:16.797+0000] {dagbag.py:540} INFO - Filling up the DagBag from /home/airflow/.local/lib/python3.12/site-packages/airflow/example_dags/example_sensors.py
[2024-04-09T08:40:16.802+0000] {processor.py:840} INFO - DAG(s) 'example_sensors' retrieved from /home/airflow/.local/lib/python3.12/site-packages/airflow/example_dags/example_sensors.py
[2024-04-09T08:40:16.816+0000] {logging_mixin.py:188} INFO - [2024-04-09T08:40:16.816+0000] {dag.py:3096} INFO - Sync 1 DAGs
[2024-04-09T08:40:16.823+0000] {logging_mixin.py:188} INFO - [2024-04-09T08:40:16.823+0000] {dag.py:3954} INFO - Setting next_dagrun for example_sensors to None, run_after=None
[2024-04-09T08:40:16.835+0000] {processor.py:183} INFO - Processing /home/airflow/.local/lib/python3.12/site-packages/airflow/example_dags/example_sensors.py took 0.041 seconds
[2024-04-09T08:40:47.386+0000] {processor.py:161} INFO - Started process (PID=1906) to work on /home/airflow/.local/lib/python3.12/site-packages/airflow/example_dags/example_sensors.py
[2024-04-09T08:40:47.387+0000] {processor.py:830} INFO - Processing file /home/airflow/.local/lib/python3.12/site-packages/airflow/example_dags/example_sensors.py for tasks to queue
[2024-04-09T08:40:47.388+0000] {logging_mixin.py:188} INFO - [2024-04-09T08:40:47.388+0000] {dagbag.py:540} INFO - Filling up the DagBag from /home/airflow/.local/lib/python3.12/site-packages/airflow/example_dags/example_sensors.py
[2024-04-09T08:40:47.393+0000] {processor.py:840} INFO - DAG(s) 'example_sensors' retrieved from /home/airflow/.local/lib/python3.12/site-packages/airflow/example_dags/example_sensors.py
[2024-04-09T08:40:47.407+0000] {logging_mixin.py:188} INFO - [2024-04-09T08:40:47.407+0000] {dag.py:3096} INFO - Sync 1 DAGs
[2024-04-09T08:40:47.414+0000] {logging_mixin.py:188} INFO - [2024-04-09T08:40:47.414+0000] {dag.py:3954} INFO - Setting next_dagrun for example_sensors to None, run_after=None
[2024-04-09T08:40:47.436+0000] {processor.py:183} INFO - Processing /home/airflow/.local/lib/python3.12/site-packages/airflow/example_dags/example_sensors.py took 0.053 seconds
[2024-04-09T08:41:18.171+0000] {processor.py:161} INFO - Started process (PID=1964) to work on /home/airflow/.local/lib/python3.12/site-packages/airflow/example_dags/example_sensors.py
[2024-04-09T08:41:18.172+0000] {processor.py:830} INFO - Processing file /home/airflow/.local/lib/python3.12/site-packages/airflow/example_dags/example_sensors.py for tasks to queue
[2024-04-09T08:41:18.173+0000] {logging_mixin.py:188} INFO - [2024-04-09T08:41:18.173+0000] {dagbag.py:540} INFO - Filling up the DagBag from /home/airflow/.local/lib/python3.12/site-packages/airflow/example_dags/example_sensors.py
[2024-04-09T08:41:18.178+0000] {processor.py:840} INFO - DAG(s) 'example_sensors' retrieved from /home/airflow/.local/lib/python3.12/site-packages/airflow/example_dags/example_sensors.py
[2024-04-09T08:41:18.193+0000] {logging_mixin.py:188} INFO - [2024-04-09T08:41:18.193+0000] {dag.py:3096} INFO - Sync 1 DAGs
[2024-04-09T08:41:18.200+0000] {logging_mixin.py:188} INFO - [2024-04-09T08:41:18.200+0000] {dag.py:3954} INFO - Setting next_dagrun for example_sensors to None, run_after=None
[2024-04-09T08:41:18.227+0000] {processor.py:183} INFO - Processing /home/airflow/.local/lib/python3.12/site-packages/airflow/example_dags/example_sensors.py took 0.060 seconds
[2024-04-09T08:41:48.818+0000] {processor.py:161} INFO - Started process (PID=2028) to work on /home/airflow/.local/lib/python3.12/site-packages/airflow/example_dags/example_sensors.py
[2024-04-09T08:41:48.819+0000] {processor.py:830} INFO - Processing file /home/airflow/.local/lib/python3.12/site-packages/airflow/example_dags/example_sensors.py for tasks to queue
[2024-04-09T08:41:48.820+0000] {logging_mixin.py:188} INFO - [2024-04-09T08:41:48.820+0000] {dagbag.py:540} INFO - Filling up the DagBag from /home/airflow/.local/lib/python3.12/site-packages/airflow/example_dags/example_sensors.py
[2024-04-09T08:41:48.825+0000] {processor.py:840} INFO - DAG(s) 'example_sensors' retrieved from /home/airflow/.local/lib/python3.12/site-packages/airflow/example_dags/example_sensors.py
[2024-04-09T08:41:48.839+0000] {logging_mixin.py:188} INFO - [2024-04-09T08:41:48.839+0000] {dag.py:3096} INFO - Sync 1 DAGs
[2024-04-09T08:41:48.846+0000] {logging_mixin.py:188} INFO - [2024-04-09T08:41:48.846+0000] {dag.py:3954} INFO - Setting next_dagrun for example_sensors to None, run_after=None
[2024-04-09T08:41:48.868+0000] {processor.py:183} INFO - Processing /home/airflow/.local/lib/python3.12/site-packages/airflow/example_dags/example_sensors.py took 0.053 seconds
[2024-04-09T08:42:19.400+0000] {processor.py:161} INFO - Started process (PID=2086) to work on /home/airflow/.local/lib/python3.12/site-packages/airflow/example_dags/example_sensors.py
[2024-04-09T08:42:19.401+0000] {processor.py:830} INFO - Processing file /home/airflow/.local/lib/python3.12/site-packages/airflow/example_dags/example_sensors.py for tasks to queue
[2024-04-09T08:42:19.402+0000] {logging_mixin.py:188} INFO - [2024-04-09T08:42:19.402+0000] {dagbag.py:540} INFO - Filling up the DagBag from /home/airflow/.local/lib/python3.12/site-packages/airflow/example_dags/example_sensors.py
[2024-04-09T08:42:19.410+0000] {processor.py:840} INFO - DAG(s) 'example_sensors' retrieved from /home/airflow/.local/lib/python3.12/site-packages/airflow/example_dags/example_sensors.py
[2024-04-09T08:42:19.426+0000] {logging_mixin.py:188} INFO - [2024-04-09T08:42:19.426+0000] {dag.py:3096} INFO - Sync 1 DAGs
[2024-04-09T08:42:19.434+0000] {logging_mixin.py:188} INFO - [2024-04-09T08:42:19.434+0000] {dag.py:3954} INFO - Setting next_dagrun for example_sensors to None, run_after=None
[2024-04-09T08:42:19.447+0000] {processor.py:183} INFO - Processing /home/airflow/.local/lib/python3.12/site-packages/airflow/example_dags/example_sensors.py took 0.049 seconds
[2024-04-09T08:42:50.146+0000] {processor.py:161} INFO - Started process (PID=2144) to work on /home/airflow/.local/lib/python3.12/site-packages/airflow/example_dags/example_sensors.py
[2024-04-09T08:42:50.146+0000] {processor.py:830} INFO - Processing file /home/airflow/.local/lib/python3.12/site-packages/airflow/example_dags/example_sensors.py for tasks to queue
[2024-04-09T08:42:50.147+0000] {logging_mixin.py:188} INFO - [2024-04-09T08:42:50.147+0000] {dagbag.py:540} INFO - Filling up the DagBag from /home/airflow/.local/lib/python3.12/site-packages/airflow/example_dags/example_sensors.py
[2024-04-09T08:42:50.152+0000] {processor.py:840} INFO - DAG(s) 'example_sensors' retrieved from /home/airflow/.local/lib/python3.12/site-packages/airflow/example_dags/example_sensors.py
[2024-04-09T08:42:50.166+0000] {logging_mixin.py:188} INFO - [2024-04-09T08:42:50.166+0000] {dag.py:3096} INFO - Sync 1 DAGs
[2024-04-09T08:42:50.174+0000] {logging_mixin.py:188} INFO - [2024-04-09T08:42:50.173+0000] {dag.py:3954} INFO - Setting next_dagrun for example_sensors to None, run_after=None
[2024-04-09T08:42:50.195+0000] {processor.py:183} INFO - Processing /home/airflow/.local/lib/python3.12/site-packages/airflow/example_dags/example_sensors.py took 0.052 seconds
[2024-04-09T08:43:20.806+0000] {processor.py:161} INFO - Started process (PID=2202) to work on /home/airflow/.local/lib/python3.12/site-packages/airflow/example_dags/example_sensors.py
[2024-04-09T08:43:20.806+0000] {processor.py:830} INFO - Processing file /home/airflow/.local/lib/python3.12/site-packages/airflow/example_dags/example_sensors.py for tasks to queue
[2024-04-09T08:43:20.807+0000] {logging_mixin.py:188} INFO - [2024-04-09T08:43:20.807+0000] {dagbag.py:540} INFO - Filling up the DagBag from /home/airflow/.local/lib/python3.12/site-packages/airflow/example_dags/example_sensors.py
[2024-04-09T08:43:20.814+0000] {processor.py:840} INFO - DAG(s) 'example_sensors' retrieved from /home/airflow/.local/lib/python3.12/site-packages/airflow/example_dags/example_sensors.py
[2024-04-09T08:43:20.829+0000] {logging_mixin.py:188} INFO - [2024-04-09T08:43:20.829+0000] {dag.py:3096} INFO - Sync 1 DAGs
[2024-04-09T08:43:20.836+0000] {logging_mixin.py:188} INFO - [2024-04-09T08:43:20.836+0000] {dag.py:3954} INFO - Setting next_dagrun for example_sensors to None, run_after=None
[2024-04-09T08:43:20.858+0000] {processor.py:183} INFO - Processing /home/airflow/.local/lib/python3.12/site-packages/airflow/example_dags/example_sensors.py took 0.056 seconds
[2024-04-09T08:43:51.442+0000] {processor.py:161} INFO - Started process (PID=2260) to work on /home/airflow/.local/lib/python3.12/site-packages/airflow/example_dags/example_sensors.py
[2024-04-09T08:43:51.443+0000] {processor.py:830} INFO - Processing file /home/airflow/.local/lib/python3.12/site-packages/airflow/example_dags/example_sensors.py for tasks to queue
[2024-04-09T08:43:51.444+0000] {logging_mixin.py:188} INFO - [2024-04-09T08:43:51.444+0000] {dagbag.py:540} INFO - Filling up the DagBag from /home/airflow/.local/lib/python3.12/site-packages/airflow/example_dags/example_sensors.py
[2024-04-09T08:43:51.450+0000] {processor.py:840} INFO - DAG(s) 'example_sensors' retrieved from /home/airflow/.local/lib/python3.12/site-packages/airflow/example_dags/example_sensors.py
[2024-04-09T08:43:51.544+0000] {logging_mixin.py:188} INFO - [2024-04-09T08:43:51.543+0000] {dag.py:3096} INFO - Sync 1 DAGs
[2024-04-09T08:43:51.552+0000] {logging_mixin.py:188} INFO - [2024-04-09T08:43:51.552+0000] {dag.py:3954} INFO - Setting next_dagrun for example_sensors to None, run_after=None
[2024-04-09T08:43:51.565+0000] {processor.py:183} INFO - Processing /home/airflow/.local/lib/python3.12/site-packages/airflow/example_dags/example_sensors.py took 0.126 seconds
[2024-04-09T08:44:22.188+0000] {processor.py:161} INFO - Started process (PID=2318) to work on /home/airflow/.local/lib/python3.12/site-packages/airflow/example_dags/example_sensors.py
[2024-04-09T08:44:22.189+0000] {processor.py:830} INFO - Processing file /home/airflow/.local/lib/python3.12/site-packages/airflow/example_dags/example_sensors.py for tasks to queue
[2024-04-09T08:44:22.190+0000] {logging_mixin.py:188} INFO - [2024-04-09T08:44:22.190+0000] {dagbag.py:540} INFO - Filling up the DagBag from /home/airflow/.local/lib/python3.12/site-packages/airflow/example_dags/example_sensors.py
[2024-04-09T08:44:22.195+0000] {processor.py:840} INFO - DAG(s) 'example_sensors' retrieved from /home/airflow/.local/lib/python3.12/site-packages/airflow/example_dags/example_sensors.py
[2024-04-09T08:44:22.210+0000] {logging_mixin.py:188} INFO - [2024-04-09T08:44:22.209+0000] {dag.py:3096} INFO - Sync 1 DAGs
[2024-04-09T08:44:22.217+0000] {logging_mixin.py:188} INFO - [2024-04-09T08:44:22.217+0000] {dag.py:3954} INFO - Setting next_dagrun for example_sensors to None, run_after=None
[2024-04-09T08:44:22.239+0000] {processor.py:183} INFO - Processing /home/airflow/.local/lib/python3.12/site-packages/airflow/example_dags/example_sensors.py took 0.054 seconds
[2024-04-09T08:44:52.930+0000] {processor.py:161} INFO - Started process (PID=2376) to work on /home/airflow/.local/lib/python3.12/site-packages/airflow/example_dags/example_sensors.py
[2024-04-09T08:44:52.931+0000] {processor.py:830} INFO - Processing file /home/airflow/.local/lib/python3.12/site-packages/airflow/example_dags/example_sensors.py for tasks to queue
[2024-04-09T08:44:52.932+0000] {logging_mixin.py:188} INFO - [2024-04-09T08:44:52.932+0000] {dagbag.py:540} INFO - Filling up the DagBag from /home/airflow/.local/lib/python3.12/site-packages/airflow/example_dags/example_sensors.py
[2024-04-09T08:44:52.938+0000] {processor.py:840} INFO - DAG(s) 'example_sensors' retrieved from /home/airflow/.local/lib/python3.12/site-packages/airflow/example_dags/example_sensors.py
[2024-04-09T08:44:52.956+0000] {logging_mixin.py:188} INFO - [2024-04-09T08:44:52.956+0000] {dag.py:3096} INFO - Sync 1 DAGs
[2024-04-09T08:44:52.965+0000] {logging_mixin.py:188} INFO - [2024-04-09T08:44:52.964+0000] {dag.py:3954} INFO - Setting next_dagrun for example_sensors to None, run_after=None
[2024-04-09T08:44:52.986+0000] {processor.py:183} INFO - Processing /home/airflow/.local/lib/python3.12/site-packages/airflow/example_dags/example_sensors.py took 0.059 seconds
[2024-04-09T08:45:23.759+0000] {processor.py:161} INFO - Started process (PID=2434) to work on /home/airflow/.local/lib/python3.12/site-packages/airflow/example_dags/example_sensors.py
[2024-04-09T08:45:23.761+0000] {processor.py:830} INFO - Processing file /home/airflow/.local/lib/python3.12/site-packages/airflow/example_dags/example_sensors.py for tasks to queue
[2024-04-09T08:45:23.762+0000] {logging_mixin.py:188} INFO - [2024-04-09T08:45:23.762+0000] {dagbag.py:540} INFO - Filling up the DagBag from /home/airflow/.local/lib/python3.12/site-packages/airflow/example_dags/example_sensors.py
[2024-04-09T08:45:23.767+0000] {processor.py:840} INFO - DAG(s) 'example_sensors' retrieved from /home/airflow/.local/lib/python3.12/site-packages/airflow/example_dags/example_sensors.py
[2024-04-09T08:45:23.787+0000] {logging_mixin.py:188} INFO - [2024-04-09T08:45:23.787+0000] {dag.py:3096} INFO - Sync 1 DAGs
[2024-04-09T08:45:23.797+0000] {logging_mixin.py:188} INFO - [2024-04-09T08:45:23.797+0000] {dag.py:3954} INFO - Setting next_dagrun for example_sensors to None, run_after=None
[2024-04-09T08:45:23.809+0000] {processor.py:183} INFO - Processing /home/airflow/.local/lib/python3.12/site-packages/airflow/example_dags/example_sensors.py took 0.054 seconds
[2024-04-09T08:45:54.401+0000] {processor.py:161} INFO - Started process (PID=2492) to work on /home/airflow/.local/lib/python3.12/site-packages/airflow/example_dags/example_sensors.py
[2024-04-09T08:45:54.401+0000] {processor.py:830} INFO - Processing file /home/airflow/.local/lib/python3.12/site-packages/airflow/example_dags/example_sensors.py for tasks to queue
[2024-04-09T08:45:54.402+0000] {logging_mixin.py:188} INFO - [2024-04-09T08:45:54.402+0000] {dagbag.py:540} INFO - Filling up the DagBag from /home/airflow/.local/lib/python3.12/site-packages/airflow/example_dags/example_sensors.py
[2024-04-09T08:45:54.407+0000] {processor.py:840} INFO - DAG(s) 'example_sensors' retrieved from /home/airflow/.local/lib/python3.12/site-packages/airflow/example_dags/example_sensors.py
[2024-04-09T08:45:54.422+0000] {logging_mixin.py:188} INFO - [2024-04-09T08:45:54.422+0000] {dag.py:3096} INFO - Sync 1 DAGs
[2024-04-09T08:45:54.429+0000] {logging_mixin.py:188} INFO - [2024-04-09T08:45:54.429+0000] {dag.py:3954} INFO - Setting next_dagrun for example_sensors to None, run_after=None
[2024-04-09T08:45:54.453+0000] {processor.py:183} INFO - Processing /home/airflow/.local/lib/python3.12/site-packages/airflow/example_dags/example_sensors.py took 0.055 seconds
[2024-04-09T08:46:25.071+0000] {processor.py:161} INFO - Started process (PID=2550) to work on /home/airflow/.local/lib/python3.12/site-packages/airflow/example_dags/example_sensors.py
[2024-04-09T08:46:25.071+0000] {processor.py:830} INFO - Processing file /home/airflow/.local/lib/python3.12/site-packages/airflow/example_dags/example_sensors.py for tasks to queue
[2024-04-09T08:46:25.072+0000] {logging_mixin.py:188} INFO - [2024-04-09T08:46:25.072+0000] {dagbag.py:540} INFO - Filling up the DagBag from /home/airflow/.local/lib/python3.12/site-packages/airflow/example_dags/example_sensors.py
[2024-04-09T08:46:25.077+0000] {processor.py:840} INFO - DAG(s) 'example_sensors' retrieved from /home/airflow/.local/lib/python3.12/site-packages/airflow/example_dags/example_sensors.py
[2024-04-09T08:46:25.091+0000] {logging_mixin.py:188} INFO - [2024-04-09T08:46:25.091+0000] {dag.py:3096} INFO - Sync 1 DAGs
[2024-04-09T08:46:25.099+0000] {logging_mixin.py:188} INFO - [2024-04-09T08:46:25.099+0000] {dag.py:3954} INFO - Setting next_dagrun for example_sensors to None, run_after=None
[2024-04-09T08:46:25.111+0000] {processor.py:183} INFO - Processing /home/airflow/.local/lib/python3.12/site-packages/airflow/example_dags/example_sensors.py took 0.043 seconds
[2024-04-09T08:46:55.705+0000] {processor.py:161} INFO - Started process (PID=2608) to work on /home/airflow/.local/lib/python3.12/site-packages/airflow/example_dags/example_sensors.py
[2024-04-09T08:46:55.706+0000] {processor.py:830} INFO - Processing file /home/airflow/.local/lib/python3.12/site-packages/airflow/example_dags/example_sensors.py for tasks to queue
[2024-04-09T08:46:55.707+0000] {logging_mixin.py:188} INFO - [2024-04-09T08:46:55.707+0000] {dagbag.py:540} INFO - Filling up the DagBag from /home/airflow/.local/lib/python3.12/site-packages/airflow/example_dags/example_sensors.py
[2024-04-09T08:46:55.712+0000] {processor.py:840} INFO - DAG(s) 'example_sensors' retrieved from /home/airflow/.local/lib/python3.12/site-packages/airflow/example_dags/example_sensors.py
[2024-04-09T08:46:55.726+0000] {logging_mixin.py:188} INFO - [2024-04-09T08:46:55.726+0000] {dag.py:3096} INFO - Sync 1 DAGs
[2024-04-09T08:46:55.733+0000] {logging_mixin.py:188} INFO - [2024-04-09T08:46:55.733+0000] {dag.py:3954} INFO - Setting next_dagrun for example_sensors to None, run_after=None
[2024-04-09T08:46:55.744+0000] {processor.py:183} INFO - Processing /home/airflow/.local/lib/python3.12/site-packages/airflow/example_dags/example_sensors.py took 0.041 seconds
[2024-04-09T08:47:26.288+0000] {processor.py:161} INFO - Started process (PID=2666) to work on /home/airflow/.local/lib/python3.12/site-packages/airflow/example_dags/example_sensors.py
[2024-04-09T08:47:26.288+0000] {processor.py:830} INFO - Processing file /home/airflow/.local/lib/python3.12/site-packages/airflow/example_dags/example_sensors.py for tasks to queue
[2024-04-09T08:47:26.289+0000] {logging_mixin.py:188} INFO - [2024-04-09T08:47:26.289+0000] {dagbag.py:540} INFO - Filling up the DagBag from /home/airflow/.local/lib/python3.12/site-packages/airflow/example_dags/example_sensors.py
[2024-04-09T08:47:26.294+0000] {processor.py:840} INFO - DAG(s) 'example_sensors' retrieved from /home/airflow/.local/lib/python3.12/site-packages/airflow/example_dags/example_sensors.py
[2024-04-09T08:47:26.308+0000] {logging_mixin.py:188} INFO - [2024-04-09T08:47:26.308+0000] {dag.py:3096} INFO - Sync 1 DAGs
[2024-04-09T08:47:26.315+0000] {logging_mixin.py:188} INFO - [2024-04-09T08:47:26.315+0000] {dag.py:3954} INFO - Setting next_dagrun for example_sensors to None, run_after=None
[2024-04-09T08:47:26.336+0000] {processor.py:183} INFO - Processing /home/airflow/.local/lib/python3.12/site-packages/airflow/example_dags/example_sensors.py took 0.051 seconds
[2024-04-09T08:47:56.942+0000] {processor.py:161} INFO - Started process (PID=2724) to work on /home/airflow/.local/lib/python3.12/site-packages/airflow/example_dags/example_sensors.py
[2024-04-09T08:47:56.943+0000] {processor.py:830} INFO - Processing file /home/airflow/.local/lib/python3.12/site-packages/airflow/example_dags/example_sensors.py for tasks to queue
[2024-04-09T08:47:56.944+0000] {logging_mixin.py:188} INFO - [2024-04-09T08:47:56.943+0000] {dagbag.py:540} INFO - Filling up the DagBag from /home/airflow/.local/lib/python3.12/site-packages/airflow/example_dags/example_sensors.py
[2024-04-09T08:47:56.948+0000] {processor.py:840} INFO - DAG(s) 'example_sensors' retrieved from /home/airflow/.local/lib/python3.12/site-packages/airflow/example_dags/example_sensors.py
[2024-04-09T08:47:56.963+0000] {logging_mixin.py:188} INFO - [2024-04-09T08:47:56.962+0000] {dag.py:3096} INFO - Sync 1 DAGs
[2024-04-09T08:47:56.970+0000] {logging_mixin.py:188} INFO - [2024-04-09T08:47:56.970+0000] {dag.py:3954} INFO - Setting next_dagrun for example_sensors to None, run_after=None
[2024-04-09T08:47:56.993+0000] {processor.py:183} INFO - Processing /home/airflow/.local/lib/python3.12/site-packages/airflow/example_dags/example_sensors.py took 0.054 seconds
[2024-04-09T08:48:27.684+0000] {processor.py:161} INFO - Started process (PID=2782) to work on /home/airflow/.local/lib/python3.12/site-packages/airflow/example_dags/example_sensors.py
[2024-04-09T08:48:27.684+0000] {processor.py:830} INFO - Processing file /home/airflow/.local/lib/python3.12/site-packages/airflow/example_dags/example_sensors.py for tasks to queue
[2024-04-09T08:48:27.685+0000] {logging_mixin.py:188} INFO - [2024-04-09T08:48:27.685+0000] {dagbag.py:540} INFO - Filling up the DagBag from /home/airflow/.local/lib/python3.12/site-packages/airflow/example_dags/example_sensors.py
[2024-04-09T08:48:27.690+0000] {processor.py:840} INFO - DAG(s) 'example_sensors' retrieved from /home/airflow/.local/lib/python3.12/site-packages/airflow/example_dags/example_sensors.py
[2024-04-09T08:48:27.704+0000] {logging_mixin.py:188} INFO - [2024-04-09T08:48:27.704+0000] {dag.py:3096} INFO - Sync 1 DAGs
[2024-04-09T08:48:27.711+0000] {logging_mixin.py:188} INFO - [2024-04-09T08:48:27.711+0000] {dag.py:3954} INFO - Setting next_dagrun for example_sensors to None, run_after=None
[2024-04-09T08:48:27.722+0000] {processor.py:183} INFO - Processing /home/airflow/.local/lib/python3.12/site-packages/airflow/example_dags/example_sensors.py took 0.041 seconds
[2024-04-09T08:48:58.270+0000] {processor.py:161} INFO - Started process (PID=2840) to work on /home/airflow/.local/lib/python3.12/site-packages/airflow/example_dags/example_sensors.py
[2024-04-09T08:48:58.270+0000] {processor.py:830} INFO - Processing file /home/airflow/.local/lib/python3.12/site-packages/airflow/example_dags/example_sensors.py for tasks to queue
[2024-04-09T08:48:58.271+0000] {logging_mixin.py:188} INFO - [2024-04-09T08:48:58.271+0000] {dagbag.py:540} INFO - Filling up the DagBag from /home/airflow/.local/lib/python3.12/site-packages/airflow/example_dags/example_sensors.py
[2024-04-09T08:48:58.276+0000] {processor.py:840} INFO - DAG(s) 'example_sensors' retrieved from /home/airflow/.local/lib/python3.12/site-packages/airflow/example_dags/example_sensors.py
[2024-04-09T08:48:58.292+0000] {logging_mixin.py:188} INFO - [2024-04-09T08:48:58.292+0000] {dag.py:3096} INFO - Sync 1 DAGs
[2024-04-09T08:48:58.299+0000] {logging_mixin.py:188} INFO - [2024-04-09T08:48:58.299+0000] {dag.py:3954} INFO - Setting next_dagrun for example_sensors to None, run_after=None
[2024-04-09T08:48:58.310+0000] {processor.py:183} INFO - Processing /home/airflow/.local/lib/python3.12/site-packages/airflow/example_dags/example_sensors.py took 0.043 seconds
[2024-04-09T08:49:28.858+0000] {processor.py:161} INFO - Started process (PID=2898) to work on /home/airflow/.local/lib/python3.12/site-packages/airflow/example_dags/example_sensors.py
[2024-04-09T08:49:28.858+0000] {processor.py:830} INFO - Processing file /home/airflow/.local/lib/python3.12/site-packages/airflow/example_dags/example_sensors.py for tasks to queue
[2024-04-09T08:49:28.859+0000] {logging_mixin.py:188} INFO - [2024-04-09T08:49:28.859+0000] {dagbag.py:540} INFO - Filling up the DagBag from /home/airflow/.local/lib/python3.12/site-packages/airflow/example_dags/example_sensors.py
[2024-04-09T08:49:28.864+0000] {processor.py:840} INFO - DAG(s) 'example_sensors' retrieved from /home/airflow/.local/lib/python3.12/site-packages/airflow/example_dags/example_sensors.py
[2024-04-09T08:49:28.878+0000] {logging_mixin.py:188} INFO - [2024-04-09T08:49:28.878+0000] {dag.py:3096} INFO - Sync 1 DAGs
[2024-04-09T08:49:28.886+0000] {logging_mixin.py:188} INFO - [2024-04-09T08:49:28.885+0000] {dag.py:3954} INFO - Setting next_dagrun for example_sensors to None, run_after=None
[2024-04-09T08:49:28.906+0000] {processor.py:183} INFO - Processing /home/airflow/.local/lib/python3.12/site-packages/airflow/example_dags/example_sensors.py took 0.051 seconds
[2024-04-09T08:49:59.487+0000] {processor.py:161} INFO - Started process (PID=2956) to work on /home/airflow/.local/lib/python3.12/site-packages/airflow/example_dags/example_sensors.py
[2024-04-09T08:49:59.488+0000] {processor.py:830} INFO - Processing file /home/airflow/.local/lib/python3.12/site-packages/airflow/example_dags/example_sensors.py for tasks to queue
[2024-04-09T08:49:59.489+0000] {logging_mixin.py:188} INFO - [2024-04-09T08:49:59.488+0000] {dagbag.py:540} INFO - Filling up the DagBag from /home/airflow/.local/lib/python3.12/site-packages/airflow/example_dags/example_sensors.py
[2024-04-09T08:49:59.493+0000] {processor.py:840} INFO - DAG(s) 'example_sensors' retrieved from /home/airflow/.local/lib/python3.12/site-packages/airflow/example_dags/example_sensors.py
[2024-04-09T08:49:59.509+0000] {logging_mixin.py:188} INFO - [2024-04-09T08:49:59.509+0000] {dag.py:3096} INFO - Sync 1 DAGs
[2024-04-09T08:49:59.518+0000] {logging_mixin.py:188} INFO - [2024-04-09T08:49:59.518+0000] {dag.py:3954} INFO - Setting next_dagrun for example_sensors to None, run_after=None
[2024-04-09T08:49:59.530+0000] {processor.py:183} INFO - Processing /home/airflow/.local/lib/python3.12/site-packages/airflow/example_dags/example_sensors.py took 0.046 seconds
[2024-04-09T08:50:30.326+0000] {processor.py:161} INFO - Started process (PID=3014) to work on /home/airflow/.local/lib/python3.12/site-packages/airflow/example_dags/example_sensors.py
[2024-04-09T08:50:30.327+0000] {processor.py:830} INFO - Processing file /home/airflow/.local/lib/python3.12/site-packages/airflow/example_dags/example_sensors.py for tasks to queue
[2024-04-09T08:50:30.328+0000] {logging_mixin.py:188} INFO - [2024-04-09T08:50:30.328+0000] {dagbag.py:540} INFO - Filling up the DagBag from /home/airflow/.local/lib/python3.12/site-packages/airflow/example_dags/example_sensors.py
[2024-04-09T08:50:30.332+0000] {processor.py:840} INFO - DAG(s) 'example_sensors' retrieved from /home/airflow/.local/lib/python3.12/site-packages/airflow/example_dags/example_sensors.py
[2024-04-09T08:50:30.347+0000] {logging_mixin.py:188} INFO - [2024-04-09T08:50:30.346+0000] {dag.py:3096} INFO - Sync 1 DAGs
[2024-04-09T08:50:30.354+0000] {logging_mixin.py:188} INFO - [2024-04-09T08:50:30.354+0000] {dag.py:3954} INFO - Setting next_dagrun for example_sensors to None, run_after=None
[2024-04-09T08:50:30.365+0000] {processor.py:183} INFO - Processing /home/airflow/.local/lib/python3.12/site-packages/airflow/example_dags/example_sensors.py took 0.042 seconds
[2024-04-09T08:51:00.865+0000] {processor.py:161} INFO - Started process (PID=3072) to work on /home/airflow/.local/lib/python3.12/site-packages/airflow/example_dags/example_sensors.py
[2024-04-09T08:51:00.865+0000] {processor.py:830} INFO - Processing file /home/airflow/.local/lib/python3.12/site-packages/airflow/example_dags/example_sensors.py for tasks to queue
[2024-04-09T08:51:00.866+0000] {logging_mixin.py:188} INFO - [2024-04-09T08:51:00.866+0000] {dagbag.py:540} INFO - Filling up the DagBag from /home/airflow/.local/lib/python3.12/site-packages/airflow/example_dags/example_sensors.py
[2024-04-09T08:51:00.871+0000] {processor.py:840} INFO - DAG(s) 'example_sensors' retrieved from /home/airflow/.local/lib/python3.12/site-packages/airflow/example_dags/example_sensors.py
[2024-04-09T08:51:00.885+0000] {logging_mixin.py:188} INFO - [2024-04-09T08:51:00.885+0000] {dag.py:3096} INFO - Sync 1 DAGs
[2024-04-09T08:51:00.892+0000] {logging_mixin.py:188} INFO - [2024-04-09T08:51:00.892+0000] {dag.py:3954} INFO - Setting next_dagrun for example_sensors to None, run_after=None
[2024-04-09T08:51:00.903+0000] {processor.py:183} INFO - Processing /home/airflow/.local/lib/python3.12/site-packages/airflow/example_dags/example_sensors.py took 0.041 seconds
[2024-04-09T08:51:31.387+0000] {processor.py:161} INFO - Started process (PID=3130) to work on /home/airflow/.local/lib/python3.12/site-packages/airflow/example_dags/example_sensors.py
[2024-04-09T08:51:31.387+0000] {processor.py:830} INFO - Processing file /home/airflow/.local/lib/python3.12/site-packages/airflow/example_dags/example_sensors.py for tasks to queue
[2024-04-09T08:51:31.388+0000] {logging_mixin.py:188} INFO - [2024-04-09T08:51:31.388+0000] {dagbag.py:540} INFO - Filling up the DagBag from /home/airflow/.local/lib/python3.12/site-packages/airflow/example_dags/example_sensors.py
[2024-04-09T08:51:31.393+0000] {processor.py:840} INFO - DAG(s) 'example_sensors' retrieved from /home/airflow/.local/lib/python3.12/site-packages/airflow/example_dags/example_sensors.py
[2024-04-09T08:51:31.407+0000] {logging_mixin.py:188} INFO - [2024-04-09T08:51:31.407+0000] {dag.py:3096} INFO - Sync 1 DAGs
[2024-04-09T08:51:31.414+0000] {logging_mixin.py:188} INFO - [2024-04-09T08:51:31.414+0000] {dag.py:3954} INFO - Setting next_dagrun for example_sensors to None, run_after=None
[2024-04-09T08:51:31.435+0000] {processor.py:183} INFO - Processing /home/airflow/.local/lib/python3.12/site-packages/airflow/example_dags/example_sensors.py took 0.051 seconds
[2024-04-09T08:52:01.921+0000] {processor.py:161} INFO - Started process (PID=3188) to work on /home/airflow/.local/lib/python3.12/site-packages/airflow/example_dags/example_sensors.py
[2024-04-09T08:52:01.921+0000] {processor.py:830} INFO - Processing file /home/airflow/.local/lib/python3.12/site-packages/airflow/example_dags/example_sensors.py for tasks to queue
[2024-04-09T08:52:01.922+0000] {logging_mixin.py:188} INFO - [2024-04-09T08:52:01.922+0000] {dagbag.py:540} INFO - Filling up the DagBag from /home/airflow/.local/lib/python3.12/site-packages/airflow/example_dags/example_sensors.py
[2024-04-09T08:52:01.927+0000] {processor.py:840} INFO - DAG(s) 'example_sensors' retrieved from /home/airflow/.local/lib/python3.12/site-packages/airflow/example_dags/example_sensors.py
[2024-04-09T08:52:01.942+0000] {logging_mixin.py:188} INFO - [2024-04-09T08:52:01.942+0000] {dag.py:3096} INFO - Sync 1 DAGs
[2024-04-09T08:52:01.949+0000] {logging_mixin.py:188} INFO - [2024-04-09T08:52:01.949+0000] {dag.py:3954} INFO - Setting next_dagrun for example_sensors to None, run_after=None
[2024-04-09T08:52:01.960+0000] {processor.py:183} INFO - Processing /home/airflow/.local/lib/python3.12/site-packages/airflow/example_dags/example_sensors.py took 0.042 seconds
[2024-04-09T08:52:32.561+0000] {processor.py:161} INFO - Started process (PID=3246) to work on /home/airflow/.local/lib/python3.12/site-packages/airflow/example_dags/example_sensors.py
[2024-04-09T08:52:32.561+0000] {processor.py:830} INFO - Processing file /home/airflow/.local/lib/python3.12/site-packages/airflow/example_dags/example_sensors.py for tasks to queue
[2024-04-09T08:52:32.562+0000] {logging_mixin.py:188} INFO - [2024-04-09T08:52:32.562+0000] {dagbag.py:540} INFO - Filling up the DagBag from /home/airflow/.local/lib/python3.12/site-packages/airflow/example_dags/example_sensors.py
[2024-04-09T08:52:32.568+0000] {processor.py:840} INFO - DAG(s) 'example_sensors' retrieved from /home/airflow/.local/lib/python3.12/site-packages/airflow/example_dags/example_sensors.py
[2024-04-09T08:52:32.584+0000] {logging_mixin.py:188} INFO - [2024-04-09T08:52:32.583+0000] {dag.py:3096} INFO - Sync 1 DAGs
[2024-04-09T08:52:32.591+0000] {logging_mixin.py:188} INFO - [2024-04-09T08:52:32.590+0000] {dag.py:3954} INFO - Setting next_dagrun for example_sensors to None, run_after=None
[2024-04-09T08:52:32.601+0000] {processor.py:183} INFO - Processing /home/airflow/.local/lib/python3.12/site-packages/airflow/example_dags/example_sensors.py took 0.043 seconds
[2024-04-09T08:53:03.246+0000] {processor.py:161} INFO - Started process (PID=3304) to work on /home/airflow/.local/lib/python3.12/site-packages/airflow/example_dags/example_sensors.py
[2024-04-09T08:53:03.246+0000] {processor.py:830} INFO - Processing file /home/airflow/.local/lib/python3.12/site-packages/airflow/example_dags/example_sensors.py for tasks to queue
[2024-04-09T08:53:03.247+0000] {logging_mixin.py:188} INFO - [2024-04-09T08:53:03.247+0000] {dagbag.py:540} INFO - Filling up the DagBag from /home/airflow/.local/lib/python3.12/site-packages/airflow/example_dags/example_sensors.py
[2024-04-09T08:53:03.252+0000] {processor.py:840} INFO - DAG(s) 'example_sensors' retrieved from /home/airflow/.local/lib/python3.12/site-packages/airflow/example_dags/example_sensors.py
[2024-04-09T08:53:03.267+0000] {logging_mixin.py:188} INFO - [2024-04-09T08:53:03.267+0000] {dag.py:3096} INFO - Sync 1 DAGs
[2024-04-09T08:53:03.274+0000] {logging_mixin.py:188} INFO - [2024-04-09T08:53:03.274+0000] {dag.py:3954} INFO - Setting next_dagrun for example_sensors to None, run_after=None
[2024-04-09T08:53:03.297+0000] {processor.py:183} INFO - Processing /home/airflow/.local/lib/python3.12/site-packages/airflow/example_dags/example_sensors.py took 0.054 seconds
[2024-04-09T08:53:33.353+0000] {processor.py:161} INFO - Started process (PID=3362) to work on /home/airflow/.local/lib/python3.12/site-packages/airflow/example_dags/example_sensors.py
[2024-04-09T08:53:33.353+0000] {processor.py:830} INFO - Processing file /home/airflow/.local/lib/python3.12/site-packages/airflow/example_dags/example_sensors.py for tasks to queue
[2024-04-09T08:53:33.354+0000] {logging_mixin.py:188} INFO - [2024-04-09T08:53:33.354+0000] {dagbag.py:540} INFO - Filling up the DagBag from /home/airflow/.local/lib/python3.12/site-packages/airflow/example_dags/example_sensors.py
[2024-04-09T08:53:33.359+0000] {processor.py:840} INFO - DAG(s) 'example_sensors' retrieved from /home/airflow/.local/lib/python3.12/site-packages/airflow/example_dags/example_sensors.py
[2024-04-09T08:53:33.375+0000] {logging_mixin.py:188} INFO - [2024-04-09T08:53:33.375+0000] {dag.py:3096} INFO - Sync 1 DAGs
[2024-04-09T08:53:33.383+0000] {logging_mixin.py:188} INFO - [2024-04-09T08:53:33.383+0000] {dag.py:3954} INFO - Setting next_dagrun for example_sensors to None, run_after=None
[2024-04-09T08:53:33.396+0000] {processor.py:183} INFO - Processing /home/airflow/.local/lib/python3.12/site-packages/airflow/example_dags/example_sensors.py took 0.046 seconds
[2024-04-09T08:54:04.118+0000] {processor.py:161} INFO - Started process (PID=3420) to work on /home/airflow/.local/lib/python3.12/site-packages/airflow/example_dags/example_sensors.py
[2024-04-09T08:54:04.118+0000] {processor.py:830} INFO - Processing file /home/airflow/.local/lib/python3.12/site-packages/airflow/example_dags/example_sensors.py for tasks to queue
[2024-04-09T08:54:04.119+0000] {logging_mixin.py:188} INFO - [2024-04-09T08:54:04.119+0000] {dagbag.py:540} INFO - Filling up the DagBag from /home/airflow/.local/lib/python3.12/site-packages/airflow/example_dags/example_sensors.py
[2024-04-09T08:54:04.124+0000] {processor.py:840} INFO - DAG(s) 'example_sensors' retrieved from /home/airflow/.local/lib/python3.12/site-packages/airflow/example_dags/example_sensors.py
[2024-04-09T08:54:04.139+0000] {logging_mixin.py:188} INFO - [2024-04-09T08:54:04.139+0000] {dag.py:3096} INFO - Sync 1 DAGs
[2024-04-09T08:54:04.146+0000] {logging_mixin.py:188} INFO - [2024-04-09T08:54:04.146+0000] {dag.py:3954} INFO - Setting next_dagrun for example_sensors to None, run_after=None
[2024-04-09T08:54:04.159+0000] {processor.py:183} INFO - Processing /home/airflow/.local/lib/python3.12/site-packages/airflow/example_dags/example_sensors.py took 0.044 seconds
[2024-04-09T08:54:34.734+0000] {processor.py:161} INFO - Started process (PID=3478) to work on /home/airflow/.local/lib/python3.12/site-packages/airflow/example_dags/example_sensors.py
[2024-04-09T08:54:34.735+0000] {processor.py:830} INFO - Processing file /home/airflow/.local/lib/python3.12/site-packages/airflow/example_dags/example_sensors.py for tasks to queue
[2024-04-09T08:54:34.736+0000] {logging_mixin.py:188} INFO - [2024-04-09T08:54:34.736+0000] {dagbag.py:540} INFO - Filling up the DagBag from /home/airflow/.local/lib/python3.12/site-packages/airflow/example_dags/example_sensors.py
[2024-04-09T08:54:34.741+0000] {processor.py:840} INFO - DAG(s) 'example_sensors' retrieved from /home/airflow/.local/lib/python3.12/site-packages/airflow/example_dags/example_sensors.py
[2024-04-09T08:54:34.760+0000] {logging_mixin.py:188} INFO - [2024-04-09T08:54:34.759+0000] {dag.py:3096} INFO - Sync 1 DAGs
[2024-04-09T08:54:34.767+0000] {logging_mixin.py:188} INFO - [2024-04-09T08:54:34.767+0000] {dag.py:3954} INFO - Setting next_dagrun for example_sensors to None, run_after=None
[2024-04-09T08:54:34.777+0000] {processor.py:183} INFO - Processing /home/airflow/.local/lib/python3.12/site-packages/airflow/example_dags/example_sensors.py took 0.047 seconds
[2024-04-09T08:55:05.416+0000] {processor.py:161} INFO - Started process (PID=3536) to work on /home/airflow/.local/lib/python3.12/site-packages/airflow/example_dags/example_sensors.py
[2024-04-09T08:55:05.417+0000] {processor.py:830} INFO - Processing file /home/airflow/.local/lib/python3.12/site-packages/airflow/example_dags/example_sensors.py for tasks to queue
[2024-04-09T08:55:05.418+0000] {logging_mixin.py:188} INFO - [2024-04-09T08:55:05.417+0000] {dagbag.py:540} INFO - Filling up the DagBag from /home/airflow/.local/lib/python3.12/site-packages/airflow/example_dags/example_sensors.py
[2024-04-09T08:55:05.422+0000] {processor.py:840} INFO - DAG(s) 'example_sensors' retrieved from /home/airflow/.local/lib/python3.12/site-packages/airflow/example_dags/example_sensors.py
[2024-04-09T08:55:05.437+0000] {logging_mixin.py:188} INFO - [2024-04-09T08:55:05.437+0000] {dag.py:3096} INFO - Sync 1 DAGs
[2024-04-09T08:55:05.444+0000] {logging_mixin.py:188} INFO - [2024-04-09T08:55:05.444+0000] {dag.py:3954} INFO - Setting next_dagrun for example_sensors to None, run_after=None
[2024-04-09T08:55:05.456+0000] {processor.py:183} INFO - Processing /home/airflow/.local/lib/python3.12/site-packages/airflow/example_dags/example_sensors.py took 0.043 seconds
[2024-04-09T08:55:36.032+0000] {processor.py:161} INFO - Started process (PID=3594) to work on /home/airflow/.local/lib/python3.12/site-packages/airflow/example_dags/example_sensors.py
[2024-04-09T08:55:36.033+0000] {processor.py:830} INFO - Processing file /home/airflow/.local/lib/python3.12/site-packages/airflow/example_dags/example_sensors.py for tasks to queue
[2024-04-09T08:55:36.034+0000] {logging_mixin.py:188} INFO - [2024-04-09T08:55:36.033+0000] {dagbag.py:540} INFO - Filling up the DagBag from /home/airflow/.local/lib/python3.12/site-packages/airflow/example_dags/example_sensors.py
[2024-04-09T08:55:36.038+0000] {processor.py:840} INFO - DAG(s) 'example_sensors' retrieved from /home/airflow/.local/lib/python3.12/site-packages/airflow/example_dags/example_sensors.py
[2024-04-09T08:55:36.053+0000] {logging_mixin.py:188} INFO - [2024-04-09T08:55:36.052+0000] {dag.py:3096} INFO - Sync 1 DAGs
[2024-04-09T08:55:36.060+0000] {logging_mixin.py:188} INFO - [2024-04-09T08:55:36.060+0000] {dag.py:3954} INFO - Setting next_dagrun for example_sensors to None, run_after=None
[2024-04-09T08:55:36.082+0000] {processor.py:183} INFO - Processing /home/airflow/.local/lib/python3.12/site-packages/airflow/example_dags/example_sensors.py took 0.053 seconds
[2024-04-09T08:56:06.728+0000] {processor.py:161} INFO - Started process (PID=3652) to work on /home/airflow/.local/lib/python3.12/site-packages/airflow/example_dags/example_sensors.py
[2024-04-09T08:56:06.729+0000] {processor.py:830} INFO - Processing file /home/airflow/.local/lib/python3.12/site-packages/airflow/example_dags/example_sensors.py for tasks to queue
[2024-04-09T08:56:06.730+0000] {logging_mixin.py:188} INFO - [2024-04-09T08:56:06.730+0000] {dagbag.py:540} INFO - Filling up the DagBag from /home/airflow/.local/lib/python3.12/site-packages/airflow/example_dags/example_sensors.py
[2024-04-09T08:56:06.735+0000] {processor.py:840} INFO - DAG(s) 'example_sensors' retrieved from /home/airflow/.local/lib/python3.12/site-packages/airflow/example_dags/example_sensors.py
[2024-04-09T08:56:06.749+0000] {logging_mixin.py:188} INFO - [2024-04-09T08:56:06.749+0000] {dag.py:3096} INFO - Sync 1 DAGs
[2024-04-09T08:56:06.756+0000] {logging_mixin.py:188} INFO - [2024-04-09T08:56:06.756+0000] {dag.py:3954} INFO - Setting next_dagrun for example_sensors to None, run_after=None
[2024-04-09T08:56:06.780+0000] {processor.py:183} INFO - Processing /home/airflow/.local/lib/python3.12/site-packages/airflow/example_dags/example_sensors.py took 0.055 seconds
[2024-04-09T08:56:37.382+0000] {processor.py:161} INFO - Started process (PID=3710) to work on /home/airflow/.local/lib/python3.12/site-packages/airflow/example_dags/example_sensors.py
[2024-04-09T08:56:37.383+0000] {processor.py:830} INFO - Processing file /home/airflow/.local/lib/python3.12/site-packages/airflow/example_dags/example_sensors.py for tasks to queue
[2024-04-09T08:56:37.384+0000] {logging_mixin.py:188} INFO - [2024-04-09T08:56:37.384+0000] {dagbag.py:540} INFO - Filling up the DagBag from /home/airflow/.local/lib/python3.12/site-packages/airflow/example_dags/example_sensors.py
[2024-04-09T08:56:37.389+0000] {processor.py:840} INFO - DAG(s) 'example_sensors' retrieved from /home/airflow/.local/lib/python3.12/site-packages/airflow/example_dags/example_sensors.py
[2024-04-09T08:56:37.404+0000] {logging_mixin.py:188} INFO - [2024-04-09T08:56:37.403+0000] {dag.py:3096} INFO - Sync 1 DAGs
[2024-04-09T08:56:37.411+0000] {logging_mixin.py:188} INFO - [2024-04-09T08:56:37.411+0000] {dag.py:3954} INFO - Setting next_dagrun for example_sensors to None, run_after=None
[2024-04-09T08:56:37.433+0000] {processor.py:183} INFO - Processing /home/airflow/.local/lib/python3.12/site-packages/airflow/example_dags/example_sensors.py took 0.054 seconds
[2024-04-09T08:57:08.115+0000] {processor.py:161} INFO - Started process (PID=3768) to work on /home/airflow/.local/lib/python3.12/site-packages/airflow/example_dags/example_sensors.py
[2024-04-09T08:57:08.116+0000] {processor.py:830} INFO - Processing file /home/airflow/.local/lib/python3.12/site-packages/airflow/example_dags/example_sensors.py for tasks to queue
[2024-04-09T08:57:08.117+0000] {logging_mixin.py:188} INFO - [2024-04-09T08:57:08.117+0000] {dagbag.py:540} INFO - Filling up the DagBag from /home/airflow/.local/lib/python3.12/site-packages/airflow/example_dags/example_sensors.py
[2024-04-09T08:57:08.122+0000] {processor.py:840} INFO - DAG(s) 'example_sensors' retrieved from /home/airflow/.local/lib/python3.12/site-packages/airflow/example_dags/example_sensors.py
[2024-04-09T08:57:08.139+0000] {logging_mixin.py:188} INFO - [2024-04-09T08:57:08.139+0000] {dag.py:3096} INFO - Sync 1 DAGs
[2024-04-09T08:57:08.147+0000] {logging_mixin.py:188} INFO - [2024-04-09T08:57:08.147+0000] {dag.py:3954} INFO - Setting next_dagrun for example_sensors to None, run_after=None
[2024-04-09T08:57:08.161+0000] {processor.py:183} INFO - Processing /home/airflow/.local/lib/python3.12/site-packages/airflow/example_dags/example_sensors.py took 0.048 seconds
[2024-04-09T08:57:38.797+0000] {processor.py:161} INFO - Started process (PID=3826) to work on /home/airflow/.local/lib/python3.12/site-packages/airflow/example_dags/example_sensors.py
[2024-04-09T08:57:38.797+0000] {processor.py:830} INFO - Processing file /home/airflow/.local/lib/python3.12/site-packages/airflow/example_dags/example_sensors.py for tasks to queue
[2024-04-09T08:57:38.798+0000] {logging_mixin.py:188} INFO - [2024-04-09T08:57:38.798+0000] {dagbag.py:540} INFO - Filling up the DagBag from /home/airflow/.local/lib/python3.12/site-packages/airflow/example_dags/example_sensors.py
[2024-04-09T08:57:38.803+0000] {processor.py:840} INFO - DAG(s) 'example_sensors' retrieved from /home/airflow/.local/lib/python3.12/site-packages/airflow/example_dags/example_sensors.py
[2024-04-09T08:57:38.818+0000] {logging_mixin.py:188} INFO - [2024-04-09T08:57:38.818+0000] {dag.py:3096} INFO - Sync 1 DAGs
[2024-04-09T08:57:38.826+0000] {logging_mixin.py:188} INFO - [2024-04-09T08:57:38.826+0000] {dag.py:3954} INFO - Setting next_dagrun for example_sensors to None, run_after=None
[2024-04-09T08:57:38.850+0000] {processor.py:183} INFO - Processing /home/airflow/.local/lib/python3.12/site-packages/airflow/example_dags/example_sensors.py took 0.056 seconds
[2024-04-09T08:58:08.977+0000] {processor.py:161} INFO - Started process (PID=3884) to work on /home/airflow/.local/lib/python3.12/site-packages/airflow/example_dags/example_sensors.py
[2024-04-09T08:58:08.977+0000] {processor.py:830} INFO - Processing file /home/airflow/.local/lib/python3.12/site-packages/airflow/example_dags/example_sensors.py for tasks to queue
[2024-04-09T08:58:08.978+0000] {logging_mixin.py:188} INFO - [2024-04-09T08:58:08.978+0000] {dagbag.py:540} INFO - Filling up the DagBag from /home/airflow/.local/lib/python3.12/site-packages/airflow/example_dags/example_sensors.py
[2024-04-09T08:58:08.983+0000] {processor.py:840} INFO - DAG(s) 'example_sensors' retrieved from /home/airflow/.local/lib/python3.12/site-packages/airflow/example_dags/example_sensors.py
[2024-04-09T08:58:08.997+0000] {logging_mixin.py:188} INFO - [2024-04-09T08:58:08.997+0000] {dag.py:3096} INFO - Sync 1 DAGs
[2024-04-09T08:58:09.005+0000] {logging_mixin.py:188} INFO - [2024-04-09T08:58:09.004+0000] {dag.py:3954} INFO - Setting next_dagrun for example_sensors to None, run_after=None
[2024-04-09T08:58:09.026+0000] {processor.py:183} INFO - Processing /home/airflow/.local/lib/python3.12/site-packages/airflow/example_dags/example_sensors.py took 0.052 seconds
