[2024-04-09T08:24:28.542+0000] {processor.py:161} INFO - Started process (PID=45) to work on /home/airflow/.local/lib/python3.12/site-packages/airflow/example_dags/example_display_name.py
[2024-04-09T08:24:28.543+0000] {processor.py:830} INFO - Processing file /home/airflow/.local/lib/python3.12/site-packages/airflow/example_dags/example_display_name.py for tasks to queue
[2024-04-09T08:24:28.544+0000] {logging_mixin.py:188} INFO - [2024-04-09T08:24:28.544+0000] {dagbag.py:540} INFO - Filling up the DagBag from /home/airflow/.local/lib/python3.12/site-packages/airflow/example_dags/example_display_name.py
[2024-04-09T08:24:28.549+0000] {processor.py:840} INFO - DAG(s) 'example_display_name' retrieved from /home/airflow/.local/lib/python3.12/site-packages/airflow/example_dags/example_display_name.py
[2024-04-09T08:24:28.557+0000] {logging_mixin.py:188} INFO - [2024-04-09T08:24:28.557+0000] {dag.py:3096} INFO - Sync 1 DAGs
[2024-04-09T08:24:28.566+0000] {logging_mixin.py:188} INFO - [2024-04-09T08:24:28.565+0000] {dag.py:3954} INFO - Setting next_dagrun for example_display_name to None, run_after=None
[2024-04-09T08:24:28.579+0000] {processor.py:183} INFO - Processing /home/airflow/.local/lib/python3.12/site-packages/airflow/example_dags/example_display_name.py took 0.040 seconds
[2024-04-09T08:24:59.168+0000] {processor.py:161} INFO - Started process (PID=103) to work on /home/airflow/.local/lib/python3.12/site-packages/airflow/example_dags/example_display_name.py
[2024-04-09T08:24:59.168+0000] {processor.py:830} INFO - Processing file /home/airflow/.local/lib/python3.12/site-packages/airflow/example_dags/example_display_name.py for tasks to queue
[2024-04-09T08:24:59.169+0000] {logging_mixin.py:188} INFO - [2024-04-09T08:24:59.169+0000] {dagbag.py:540} INFO - Filling up the DagBag from /home/airflow/.local/lib/python3.12/site-packages/airflow/example_dags/example_display_name.py
[2024-04-09T08:24:59.172+0000] {processor.py:840} INFO - DAG(s) 'example_display_name' retrieved from /home/airflow/.local/lib/python3.12/site-packages/airflow/example_dags/example_display_name.py
[2024-04-09T08:24:59.229+0000] {logging_mixin.py:188} INFO - [2024-04-09T08:24:59.229+0000] {dag.py:3096} INFO - Sync 1 DAGs
[2024-04-09T08:24:59.236+0000] {logging_mixin.py:188} INFO - [2024-04-09T08:24:59.236+0000] {dag.py:3954} INFO - Setting next_dagrun for example_display_name to None, run_after=None
[2024-04-09T08:24:59.248+0000] {processor.py:183} INFO - Processing /home/airflow/.local/lib/python3.12/site-packages/airflow/example_dags/example_display_name.py took 0.083 seconds
[2024-04-09T08:25:29.954+0000] {processor.py:161} INFO - Started process (PID=161) to work on /home/airflow/.local/lib/python3.12/site-packages/airflow/example_dags/example_display_name.py
[2024-04-09T08:25:29.955+0000] {processor.py:830} INFO - Processing file /home/airflow/.local/lib/python3.12/site-packages/airflow/example_dags/example_display_name.py for tasks to queue
[2024-04-09T08:25:29.956+0000] {logging_mixin.py:188} INFO - [2024-04-09T08:25:29.955+0000] {dagbag.py:540} INFO - Filling up the DagBag from /home/airflow/.local/lib/python3.12/site-packages/airflow/example_dags/example_display_name.py
[2024-04-09T08:25:29.959+0000] {processor.py:840} INFO - DAG(s) 'example_display_name' retrieved from /home/airflow/.local/lib/python3.12/site-packages/airflow/example_dags/example_display_name.py
[2024-04-09T08:25:29.970+0000] {logging_mixin.py:188} INFO - [2024-04-09T08:25:29.970+0000] {dag.py:3096} INFO - Sync 1 DAGs
[2024-04-09T08:25:29.977+0000] {logging_mixin.py:188} INFO - [2024-04-09T08:25:29.977+0000] {dag.py:3954} INFO - Setting next_dagrun for example_display_name to None, run_after=None
[2024-04-09T08:25:29.988+0000] {processor.py:183} INFO - Processing /home/airflow/.local/lib/python3.12/site-packages/airflow/example_dags/example_display_name.py took 0.037 seconds
[2024-04-09T08:26:00.663+0000] {processor.py:161} INFO - Started process (PID=219) to work on /home/airflow/.local/lib/python3.12/site-packages/airflow/example_dags/example_display_name.py
[2024-04-09T08:26:00.664+0000] {processor.py:830} INFO - Processing file /home/airflow/.local/lib/python3.12/site-packages/airflow/example_dags/example_display_name.py for tasks to queue
[2024-04-09T08:26:00.665+0000] {logging_mixin.py:188} INFO - [2024-04-09T08:26:00.664+0000] {dagbag.py:540} INFO - Filling up the DagBag from /home/airflow/.local/lib/python3.12/site-packages/airflow/example_dags/example_display_name.py
[2024-04-09T08:26:00.667+0000] {processor.py:840} INFO - DAG(s) 'example_display_name' retrieved from /home/airflow/.local/lib/python3.12/site-packages/airflow/example_dags/example_display_name.py
[2024-04-09T08:26:00.678+0000] {logging_mixin.py:188} INFO - [2024-04-09T08:26:00.678+0000] {dag.py:3096} INFO - Sync 1 DAGs
[2024-04-09T08:26:00.685+0000] {logging_mixin.py:188} INFO - [2024-04-09T08:26:00.685+0000] {dag.py:3954} INFO - Setting next_dagrun for example_display_name to None, run_after=None
[2024-04-09T08:26:00.698+0000] {processor.py:183} INFO - Processing /home/airflow/.local/lib/python3.12/site-packages/airflow/example_dags/example_display_name.py took 0.037 seconds
[2024-04-09T08:26:31.496+0000] {processor.py:161} INFO - Started process (PID=277) to work on /home/airflow/.local/lib/python3.12/site-packages/airflow/example_dags/example_display_name.py
[2024-04-09T08:26:31.496+0000] {processor.py:830} INFO - Processing file /home/airflow/.local/lib/python3.12/site-packages/airflow/example_dags/example_display_name.py for tasks to queue
[2024-04-09T08:26:31.497+0000] {logging_mixin.py:188} INFO - [2024-04-09T08:26:31.497+0000] {dagbag.py:540} INFO - Filling up the DagBag from /home/airflow/.local/lib/python3.12/site-packages/airflow/example_dags/example_display_name.py
[2024-04-09T08:26:31.500+0000] {processor.py:840} INFO - DAG(s) 'example_display_name' retrieved from /home/airflow/.local/lib/python3.12/site-packages/airflow/example_dags/example_display_name.py
[2024-04-09T08:26:31.510+0000] {logging_mixin.py:188} INFO - [2024-04-09T08:26:31.510+0000] {dag.py:3096} INFO - Sync 1 DAGs
[2024-04-09T08:26:31.517+0000] {logging_mixin.py:188} INFO - [2024-04-09T08:26:31.517+0000] {dag.py:3954} INFO - Setting next_dagrun for example_display_name to None, run_after=None
[2024-04-09T08:26:31.527+0000] {processor.py:183} INFO - Processing /home/airflow/.local/lib/python3.12/site-packages/airflow/example_dags/example_display_name.py took 0.034 seconds
[2024-04-09T08:27:01.560+0000] {processor.py:161} INFO - Started process (PID=334) to work on /home/airflow/.local/lib/python3.12/site-packages/airflow/example_dags/example_display_name.py
[2024-04-09T08:27:01.561+0000] {processor.py:830} INFO - Processing file /home/airflow/.local/lib/python3.12/site-packages/airflow/example_dags/example_display_name.py for tasks to queue
[2024-04-09T08:27:01.562+0000] {logging_mixin.py:188} INFO - [2024-04-09T08:27:01.561+0000] {dagbag.py:540} INFO - Filling up the DagBag from /home/airflow/.local/lib/python3.12/site-packages/airflow/example_dags/example_display_name.py
[2024-04-09T08:27:01.565+0000] {processor.py:840} INFO - DAG(s) 'example_display_name' retrieved from /home/airflow/.local/lib/python3.12/site-packages/airflow/example_dags/example_display_name.py
[2024-04-09T08:27:01.576+0000] {logging_mixin.py:188} INFO - [2024-04-09T08:27:01.576+0000] {dag.py:3096} INFO - Sync 1 DAGs
[2024-04-09T08:27:01.583+0000] {logging_mixin.py:188} INFO - [2024-04-09T08:27:01.583+0000] {dag.py:3954} INFO - Setting next_dagrun for example_display_name to None, run_after=None
[2024-04-09T08:27:01.594+0000] {processor.py:183} INFO - Processing /home/airflow/.local/lib/python3.12/site-packages/airflow/example_dags/example_display_name.py took 0.037 seconds
[2024-04-09T08:27:31.694+0000] {processor.py:161} INFO - Started process (PID=392) to work on /home/airflow/.local/lib/python3.12/site-packages/airflow/example_dags/example_display_name.py
[2024-04-09T08:27:31.694+0000] {processor.py:830} INFO - Processing file /home/airflow/.local/lib/python3.12/site-packages/airflow/example_dags/example_display_name.py for tasks to queue
[2024-04-09T08:27:31.695+0000] {logging_mixin.py:188} INFO - [2024-04-09T08:27:31.695+0000] {dagbag.py:540} INFO - Filling up the DagBag from /home/airflow/.local/lib/python3.12/site-packages/airflow/example_dags/example_display_name.py
[2024-04-09T08:27:31.698+0000] {processor.py:840} INFO - DAG(s) 'example_display_name' retrieved from /home/airflow/.local/lib/python3.12/site-packages/airflow/example_dags/example_display_name.py
[2024-04-09T08:27:31.709+0000] {logging_mixin.py:188} INFO - [2024-04-09T08:27:31.709+0000] {dag.py:3096} INFO - Sync 1 DAGs
[2024-04-09T08:27:31.717+0000] {logging_mixin.py:188} INFO - [2024-04-09T08:27:31.717+0000] {dag.py:3954} INFO - Setting next_dagrun for example_display_name to None, run_after=None
[2024-04-09T08:27:31.727+0000] {processor.py:183} INFO - Processing /home/airflow/.local/lib/python3.12/site-packages/airflow/example_dags/example_display_name.py took 0.037 seconds
[2024-04-09T08:28:01.805+0000] {processor.py:161} INFO - Started process (PID=450) to work on /home/airflow/.local/lib/python3.12/site-packages/airflow/example_dags/example_display_name.py
[2024-04-09T08:28:01.806+0000] {processor.py:830} INFO - Processing file /home/airflow/.local/lib/python3.12/site-packages/airflow/example_dags/example_display_name.py for tasks to queue
[2024-04-09T08:28:01.806+0000] {logging_mixin.py:188} INFO - [2024-04-09T08:28:01.806+0000] {dagbag.py:540} INFO - Filling up the DagBag from /home/airflow/.local/lib/python3.12/site-packages/airflow/example_dags/example_display_name.py
[2024-04-09T08:28:01.809+0000] {processor.py:840} INFO - DAG(s) 'example_display_name' retrieved from /home/airflow/.local/lib/python3.12/site-packages/airflow/example_dags/example_display_name.py
[2024-04-09T08:28:01.820+0000] {logging_mixin.py:188} INFO - [2024-04-09T08:28:01.820+0000] {dag.py:3096} INFO - Sync 1 DAGs
[2024-04-09T08:28:01.827+0000] {logging_mixin.py:188} INFO - [2024-04-09T08:28:01.827+0000] {dag.py:3954} INFO - Setting next_dagrun for example_display_name to None, run_after=None
[2024-04-09T08:28:01.838+0000] {processor.py:183} INFO - Processing /home/airflow/.local/lib/python3.12/site-packages/airflow/example_dags/example_display_name.py took 0.035 seconds
[2024-04-09T08:28:31.901+0000] {processor.py:161} INFO - Started process (PID=508) to work on /home/airflow/.local/lib/python3.12/site-packages/airflow/example_dags/example_display_name.py
[2024-04-09T08:28:31.902+0000] {processor.py:830} INFO - Processing file /home/airflow/.local/lib/python3.12/site-packages/airflow/example_dags/example_display_name.py for tasks to queue
[2024-04-09T08:28:31.903+0000] {logging_mixin.py:188} INFO - [2024-04-09T08:28:31.903+0000] {dagbag.py:540} INFO - Filling up the DagBag from /home/airflow/.local/lib/python3.12/site-packages/airflow/example_dags/example_display_name.py
[2024-04-09T08:28:31.906+0000] {processor.py:840} INFO - DAG(s) 'example_display_name' retrieved from /home/airflow/.local/lib/python3.12/site-packages/airflow/example_dags/example_display_name.py
[2024-04-09T08:28:31.917+0000] {logging_mixin.py:188} INFO - [2024-04-09T08:28:31.917+0000] {dag.py:3096} INFO - Sync 1 DAGs
[2024-04-09T08:28:31.925+0000] {logging_mixin.py:188} INFO - [2024-04-09T08:28:31.925+0000] {dag.py:3954} INFO - Setting next_dagrun for example_display_name to None, run_after=None
[2024-04-09T08:28:31.935+0000] {processor.py:183} INFO - Processing /home/airflow/.local/lib/python3.12/site-packages/airflow/example_dags/example_display_name.py took 0.037 seconds
[2024-04-09T08:29:02.534+0000] {processor.py:161} INFO - Started process (PID=566) to work on /home/airflow/.local/lib/python3.12/site-packages/airflow/example_dags/example_display_name.py
[2024-04-09T08:29:02.535+0000] {processor.py:830} INFO - Processing file /home/airflow/.local/lib/python3.12/site-packages/airflow/example_dags/example_display_name.py for tasks to queue
[2024-04-09T08:29:02.536+0000] {logging_mixin.py:188} INFO - [2024-04-09T08:29:02.536+0000] {dagbag.py:540} INFO - Filling up the DagBag from /home/airflow/.local/lib/python3.12/site-packages/airflow/example_dags/example_display_name.py
[2024-04-09T08:29:02.539+0000] {processor.py:840} INFO - DAG(s) 'example_display_name' retrieved from /home/airflow/.local/lib/python3.12/site-packages/airflow/example_dags/example_display_name.py
[2024-04-09T08:29:02.549+0000] {logging_mixin.py:188} INFO - [2024-04-09T08:29:02.549+0000] {dag.py:3096} INFO - Sync 1 DAGs
[2024-04-09T08:29:02.556+0000] {logging_mixin.py:188} INFO - [2024-04-09T08:29:02.556+0000] {dag.py:3954} INFO - Setting next_dagrun for example_display_name to None, run_after=None
[2024-04-09T08:29:02.567+0000] {processor.py:183} INFO - Processing /home/airflow/.local/lib/python3.12/site-packages/airflow/example_dags/example_display_name.py took 0.036 seconds
[2024-04-09T08:29:33.329+0000] {processor.py:161} INFO - Started process (PID=624) to work on /home/airflow/.local/lib/python3.12/site-packages/airflow/example_dags/example_display_name.py
[2024-04-09T08:29:33.329+0000] {processor.py:830} INFO - Processing file /home/airflow/.local/lib/python3.12/site-packages/airflow/example_dags/example_display_name.py for tasks to queue
[2024-04-09T08:29:33.330+0000] {logging_mixin.py:188} INFO - [2024-04-09T08:29:33.330+0000] {dagbag.py:540} INFO - Filling up the DagBag from /home/airflow/.local/lib/python3.12/site-packages/airflow/example_dags/example_display_name.py
[2024-04-09T08:29:33.333+0000] {processor.py:840} INFO - DAG(s) 'example_display_name' retrieved from /home/airflow/.local/lib/python3.12/site-packages/airflow/example_dags/example_display_name.py
[2024-04-09T08:29:33.344+0000] {logging_mixin.py:188} INFO - [2024-04-09T08:29:33.344+0000] {dag.py:3096} INFO - Sync 1 DAGs
[2024-04-09T08:29:33.352+0000] {logging_mixin.py:188} INFO - [2024-04-09T08:29:33.352+0000] {dag.py:3954} INFO - Setting next_dagrun for example_display_name to None, run_after=None
[2024-04-09T08:29:33.363+0000] {processor.py:183} INFO - Processing /home/airflow/.local/lib/python3.12/site-packages/airflow/example_dags/example_display_name.py took 0.038 seconds
[2024-04-09T08:30:04.047+0000] {processor.py:161} INFO - Started process (PID=682) to work on /home/airflow/.local/lib/python3.12/site-packages/airflow/example_dags/example_display_name.py
[2024-04-09T08:30:04.048+0000] {processor.py:830} INFO - Processing file /home/airflow/.local/lib/python3.12/site-packages/airflow/example_dags/example_display_name.py for tasks to queue
[2024-04-09T08:30:04.049+0000] {logging_mixin.py:188} INFO - [2024-04-09T08:30:04.048+0000] {dagbag.py:540} INFO - Filling up the DagBag from /home/airflow/.local/lib/python3.12/site-packages/airflow/example_dags/example_display_name.py
[2024-04-09T08:30:04.052+0000] {processor.py:840} INFO - DAG(s) 'example_display_name' retrieved from /home/airflow/.local/lib/python3.12/site-packages/airflow/example_dags/example_display_name.py
[2024-04-09T08:30:04.062+0000] {logging_mixin.py:188} INFO - [2024-04-09T08:30:04.062+0000] {dag.py:3096} INFO - Sync 1 DAGs
[2024-04-09T08:30:04.070+0000] {logging_mixin.py:188} INFO - [2024-04-09T08:30:04.070+0000] {dag.py:3954} INFO - Setting next_dagrun for example_display_name to None, run_after=None
[2024-04-09T08:30:04.084+0000] {processor.py:183} INFO - Processing /home/airflow/.local/lib/python3.12/site-packages/airflow/example_dags/example_display_name.py took 0.041 seconds
[2024-04-09T08:30:34.699+0000] {processor.py:161} INFO - Started process (PID=740) to work on /home/airflow/.local/lib/python3.12/site-packages/airflow/example_dags/example_display_name.py
[2024-04-09T08:30:34.699+0000] {processor.py:830} INFO - Processing file /home/airflow/.local/lib/python3.12/site-packages/airflow/example_dags/example_display_name.py for tasks to queue
[2024-04-09T08:30:34.700+0000] {logging_mixin.py:188} INFO - [2024-04-09T08:30:34.700+0000] {dagbag.py:540} INFO - Filling up the DagBag from /home/airflow/.local/lib/python3.12/site-packages/airflow/example_dags/example_display_name.py
[2024-04-09T08:30:34.703+0000] {processor.py:840} INFO - DAG(s) 'example_display_name' retrieved from /home/airflow/.local/lib/python3.12/site-packages/airflow/example_dags/example_display_name.py
[2024-04-09T08:30:34.717+0000] {logging_mixin.py:188} INFO - [2024-04-09T08:30:34.717+0000] {dag.py:3096} INFO - Sync 1 DAGs
[2024-04-09T08:30:34.726+0000] {logging_mixin.py:188} INFO - [2024-04-09T08:30:34.726+0000] {dag.py:3954} INFO - Setting next_dagrun for example_display_name to None, run_after=None
[2024-04-09T08:30:34.737+0000] {processor.py:183} INFO - Processing /home/airflow/.local/lib/python3.12/site-packages/airflow/example_dags/example_display_name.py took 0.042 seconds
[2024-04-09T08:31:04.986+0000] {processor.py:161} INFO - Started process (PID=798) to work on /home/airflow/.local/lib/python3.12/site-packages/airflow/example_dags/example_display_name.py
[2024-04-09T08:31:04.987+0000] {processor.py:830} INFO - Processing file /home/airflow/.local/lib/python3.12/site-packages/airflow/example_dags/example_display_name.py for tasks to queue
[2024-04-09T08:31:04.988+0000] {logging_mixin.py:188} INFO - [2024-04-09T08:31:04.988+0000] {dagbag.py:540} INFO - Filling up the DagBag from /home/airflow/.local/lib/python3.12/site-packages/airflow/example_dags/example_display_name.py
[2024-04-09T08:31:04.992+0000] {processor.py:840} INFO - DAG(s) 'example_display_name' retrieved from /home/airflow/.local/lib/python3.12/site-packages/airflow/example_dags/example_display_name.py
[2024-04-09T08:31:05.005+0000] {logging_mixin.py:188} INFO - [2024-04-09T08:31:05.005+0000] {dag.py:3096} INFO - Sync 1 DAGs
[2024-04-09T08:31:05.013+0000] {logging_mixin.py:188} INFO - [2024-04-09T08:31:05.013+0000] {dag.py:3954} INFO - Setting next_dagrun for example_display_name to None, run_after=None
[2024-04-09T08:31:05.027+0000] {processor.py:183} INFO - Processing /home/airflow/.local/lib/python3.12/site-packages/airflow/example_dags/example_display_name.py took 0.045 seconds
[2024-04-09T08:31:35.286+0000] {processor.py:161} INFO - Started process (PID=856) to work on /home/airflow/.local/lib/python3.12/site-packages/airflow/example_dags/example_display_name.py
[2024-04-09T08:31:35.286+0000] {processor.py:830} INFO - Processing file /home/airflow/.local/lib/python3.12/site-packages/airflow/example_dags/example_display_name.py for tasks to queue
[2024-04-09T08:31:35.287+0000] {logging_mixin.py:188} INFO - [2024-04-09T08:31:35.287+0000] {dagbag.py:540} INFO - Filling up the DagBag from /home/airflow/.local/lib/python3.12/site-packages/airflow/example_dags/example_display_name.py
[2024-04-09T08:31:35.291+0000] {processor.py:840} INFO - DAG(s) 'example_display_name' retrieved from /home/airflow/.local/lib/python3.12/site-packages/airflow/example_dags/example_display_name.py
[2024-04-09T08:31:35.302+0000] {logging_mixin.py:188} INFO - [2024-04-09T08:31:35.302+0000] {dag.py:3096} INFO - Sync 1 DAGs
[2024-04-09T08:31:35.310+0000] {logging_mixin.py:188} INFO - [2024-04-09T08:31:35.310+0000] {dag.py:3954} INFO - Setting next_dagrun for example_display_name to None, run_after=None
[2024-04-09T08:31:35.321+0000] {processor.py:183} INFO - Processing /home/airflow/.local/lib/python3.12/site-packages/airflow/example_dags/example_display_name.py took 0.038 seconds
[2024-04-09T08:32:05.808+0000] {processor.py:161} INFO - Started process (PID=914) to work on /home/airflow/.local/lib/python3.12/site-packages/airflow/example_dags/example_display_name.py
[2024-04-09T08:32:05.809+0000] {processor.py:830} INFO - Processing file /home/airflow/.local/lib/python3.12/site-packages/airflow/example_dags/example_display_name.py for tasks to queue
[2024-04-09T08:32:05.809+0000] {logging_mixin.py:188} INFO - [2024-04-09T08:32:05.809+0000] {dagbag.py:540} INFO - Filling up the DagBag from /home/airflow/.local/lib/python3.12/site-packages/airflow/example_dags/example_display_name.py
[2024-04-09T08:32:05.812+0000] {processor.py:840} INFO - DAG(s) 'example_display_name' retrieved from /home/airflow/.local/lib/python3.12/site-packages/airflow/example_dags/example_display_name.py
[2024-04-09T08:32:05.823+0000] {logging_mixin.py:188} INFO - [2024-04-09T08:32:05.823+0000] {dag.py:3096} INFO - Sync 1 DAGs
[2024-04-09T08:32:05.830+0000] {logging_mixin.py:188} INFO - [2024-04-09T08:32:05.830+0000] {dag.py:3954} INFO - Setting next_dagrun for example_display_name to None, run_after=None
[2024-04-09T08:32:05.842+0000] {processor.py:183} INFO - Processing /home/airflow/.local/lib/python3.12/site-packages/airflow/example_dags/example_display_name.py took 0.037 seconds
[2024-04-09T08:32:35.969+0000] {processor.py:161} INFO - Started process (PID=972) to work on /home/airflow/.local/lib/python3.12/site-packages/airflow/example_dags/example_display_name.py
[2024-04-09T08:32:35.970+0000] {processor.py:830} INFO - Processing file /home/airflow/.local/lib/python3.12/site-packages/airflow/example_dags/example_display_name.py for tasks to queue
[2024-04-09T08:32:35.971+0000] {logging_mixin.py:188} INFO - [2024-04-09T08:32:35.970+0000] {dagbag.py:540} INFO - Filling up the DagBag from /home/airflow/.local/lib/python3.12/site-packages/airflow/example_dags/example_display_name.py
[2024-04-09T08:32:35.974+0000] {processor.py:840} INFO - DAG(s) 'example_display_name' retrieved from /home/airflow/.local/lib/python3.12/site-packages/airflow/example_dags/example_display_name.py
[2024-04-09T08:32:35.984+0000] {logging_mixin.py:188} INFO - [2024-04-09T08:32:35.984+0000] {dag.py:3096} INFO - Sync 1 DAGs
[2024-04-09T08:32:35.992+0000] {logging_mixin.py:188} INFO - [2024-04-09T08:32:35.992+0000] {dag.py:3954} INFO - Setting next_dagrun for example_display_name to None, run_after=None
[2024-04-09T08:32:36.003+0000] {processor.py:183} INFO - Processing /home/airflow/.local/lib/python3.12/site-packages/airflow/example_dags/example_display_name.py took 0.036 seconds
[2024-04-09T08:33:06.360+0000] {processor.py:161} INFO - Started process (PID=1030) to work on /home/airflow/.local/lib/python3.12/site-packages/airflow/example_dags/example_display_name.py
[2024-04-09T08:33:06.361+0000] {processor.py:830} INFO - Processing file /home/airflow/.local/lib/python3.12/site-packages/airflow/example_dags/example_display_name.py for tasks to queue
[2024-04-09T08:33:06.362+0000] {logging_mixin.py:188} INFO - [2024-04-09T08:33:06.362+0000] {dagbag.py:540} INFO - Filling up the DagBag from /home/airflow/.local/lib/python3.12/site-packages/airflow/example_dags/example_display_name.py
[2024-04-09T08:33:06.365+0000] {processor.py:840} INFO - DAG(s) 'example_display_name' retrieved from /home/airflow/.local/lib/python3.12/site-packages/airflow/example_dags/example_display_name.py
[2024-04-09T08:33:06.376+0000] {logging_mixin.py:188} INFO - [2024-04-09T08:33:06.376+0000] {dag.py:3096} INFO - Sync 1 DAGs
[2024-04-09T08:33:06.385+0000] {logging_mixin.py:188} INFO - [2024-04-09T08:33:06.385+0000] {dag.py:3954} INFO - Setting next_dagrun for example_display_name to None, run_after=None
[2024-04-09T08:33:06.397+0000] {processor.py:183} INFO - Processing /home/airflow/.local/lib/python3.12/site-packages/airflow/example_dags/example_display_name.py took 0.040 seconds
[2024-04-09T08:33:36.664+0000] {processor.py:161} INFO - Started process (PID=1088) to work on /home/airflow/.local/lib/python3.12/site-packages/airflow/example_dags/example_display_name.py
[2024-04-09T08:33:36.664+0000] {processor.py:830} INFO - Processing file /home/airflow/.local/lib/python3.12/site-packages/airflow/example_dags/example_display_name.py for tasks to queue
[2024-04-09T08:33:36.665+0000] {logging_mixin.py:188} INFO - [2024-04-09T08:33:36.665+0000] {dagbag.py:540} INFO - Filling up the DagBag from /home/airflow/.local/lib/python3.12/site-packages/airflow/example_dags/example_display_name.py
[2024-04-09T08:33:36.668+0000] {processor.py:840} INFO - DAG(s) 'example_display_name' retrieved from /home/airflow/.local/lib/python3.12/site-packages/airflow/example_dags/example_display_name.py
[2024-04-09T08:33:36.679+0000] {logging_mixin.py:188} INFO - [2024-04-09T08:33:36.679+0000] {dag.py:3096} INFO - Sync 1 DAGs
[2024-04-09T08:33:36.687+0000] {logging_mixin.py:188} INFO - [2024-04-09T08:33:36.686+0000] {dag.py:3954} INFO - Setting next_dagrun for example_display_name to None, run_after=None
[2024-04-09T08:33:36.699+0000] {processor.py:183} INFO - Processing /home/airflow/.local/lib/python3.12/site-packages/airflow/example_dags/example_display_name.py took 0.038 seconds
[2024-04-09T08:34:07.472+0000] {processor.py:161} INFO - Started process (PID=1146) to work on /home/airflow/.local/lib/python3.12/site-packages/airflow/example_dags/example_display_name.py
[2024-04-09T08:34:07.473+0000] {processor.py:830} INFO - Processing file /home/airflow/.local/lib/python3.12/site-packages/airflow/example_dags/example_display_name.py for tasks to queue
[2024-04-09T08:34:07.474+0000] {logging_mixin.py:188} INFO - [2024-04-09T08:34:07.474+0000] {dagbag.py:540} INFO - Filling up the DagBag from /home/airflow/.local/lib/python3.12/site-packages/airflow/example_dags/example_display_name.py
[2024-04-09T08:34:07.477+0000] {processor.py:840} INFO - DAG(s) 'example_display_name' retrieved from /home/airflow/.local/lib/python3.12/site-packages/airflow/example_dags/example_display_name.py
[2024-04-09T08:34:07.488+0000] {logging_mixin.py:188} INFO - [2024-04-09T08:34:07.488+0000] {dag.py:3096} INFO - Sync 1 DAGs
[2024-04-09T08:34:07.495+0000] {logging_mixin.py:188} INFO - [2024-04-09T08:34:07.495+0000] {dag.py:3954} INFO - Setting next_dagrun for example_display_name to None, run_after=None
[2024-04-09T08:34:07.508+0000] {processor.py:183} INFO - Processing /home/airflow/.local/lib/python3.12/site-packages/airflow/example_dags/example_display_name.py took 0.039 seconds
[2024-04-09T08:34:38.425+0000] {processor.py:161} INFO - Started process (PID=1204) to work on /home/airflow/.local/lib/python3.12/site-packages/airflow/example_dags/example_display_name.py
[2024-04-09T08:34:38.426+0000] {processor.py:830} INFO - Processing file /home/airflow/.local/lib/python3.12/site-packages/airflow/example_dags/example_display_name.py for tasks to queue
[2024-04-09T08:34:38.427+0000] {logging_mixin.py:188} INFO - [2024-04-09T08:34:38.427+0000] {dagbag.py:540} INFO - Filling up the DagBag from /home/airflow/.local/lib/python3.12/site-packages/airflow/example_dags/example_display_name.py
[2024-04-09T08:34:38.430+0000] {processor.py:840} INFO - DAG(s) 'example_display_name' retrieved from /home/airflow/.local/lib/python3.12/site-packages/airflow/example_dags/example_display_name.py
[2024-04-09T08:34:38.441+0000] {logging_mixin.py:188} INFO - [2024-04-09T08:34:38.440+0000] {dag.py:3096} INFO - Sync 1 DAGs
[2024-04-09T08:34:38.448+0000] {logging_mixin.py:188} INFO - [2024-04-09T08:34:38.448+0000] {dag.py:3954} INFO - Setting next_dagrun for example_display_name to None, run_after=None
[2024-04-09T08:34:38.462+0000] {processor.py:183} INFO - Processing /home/airflow/.local/lib/python3.12/site-packages/airflow/example_dags/example_display_name.py took 0.040 seconds
[2024-04-09T08:35:08.520+0000] {processor.py:161} INFO - Started process (PID=1262) to work on /home/airflow/.local/lib/python3.12/site-packages/airflow/example_dags/example_display_name.py
[2024-04-09T08:35:08.520+0000] {processor.py:830} INFO - Processing file /home/airflow/.local/lib/python3.12/site-packages/airflow/example_dags/example_display_name.py for tasks to queue
[2024-04-09T08:35:08.521+0000] {logging_mixin.py:188} INFO - [2024-04-09T08:35:08.521+0000] {dagbag.py:540} INFO - Filling up the DagBag from /home/airflow/.local/lib/python3.12/site-packages/airflow/example_dags/example_display_name.py
[2024-04-09T08:35:08.524+0000] {processor.py:840} INFO - DAG(s) 'example_display_name' retrieved from /home/airflow/.local/lib/python3.12/site-packages/airflow/example_dags/example_display_name.py
[2024-04-09T08:35:08.534+0000] {logging_mixin.py:188} INFO - [2024-04-09T08:35:08.534+0000] {dag.py:3096} INFO - Sync 1 DAGs
[2024-04-09T08:35:08.541+0000] {logging_mixin.py:188} INFO - [2024-04-09T08:35:08.541+0000] {dag.py:3954} INFO - Setting next_dagrun for example_display_name to None, run_after=None
[2024-04-09T08:35:08.554+0000] {processor.py:183} INFO - Processing /home/airflow/.local/lib/python3.12/site-packages/airflow/example_dags/example_display_name.py took 0.037 seconds
[2024-04-09T08:35:38.597+0000] {processor.py:161} INFO - Started process (PID=1320) to work on /home/airflow/.local/lib/python3.12/site-packages/airflow/example_dags/example_display_name.py
[2024-04-09T08:35:38.597+0000] {processor.py:830} INFO - Processing file /home/airflow/.local/lib/python3.12/site-packages/airflow/example_dags/example_display_name.py for tasks to queue
[2024-04-09T08:35:38.598+0000] {logging_mixin.py:188} INFO - [2024-04-09T08:35:38.598+0000] {dagbag.py:540} INFO - Filling up the DagBag from /home/airflow/.local/lib/python3.12/site-packages/airflow/example_dags/example_display_name.py
[2024-04-09T08:35:38.601+0000] {processor.py:840} INFO - DAG(s) 'example_display_name' retrieved from /home/airflow/.local/lib/python3.12/site-packages/airflow/example_dags/example_display_name.py
[2024-04-09T08:35:38.611+0000] {logging_mixin.py:188} INFO - [2024-04-09T08:35:38.611+0000] {dag.py:3096} INFO - Sync 1 DAGs
[2024-04-09T08:35:38.619+0000] {logging_mixin.py:188} INFO - [2024-04-09T08:35:38.619+0000] {dag.py:3954} INFO - Setting next_dagrun for example_display_name to None, run_after=None
[2024-04-09T08:35:38.631+0000] {processor.py:183} INFO - Processing /home/airflow/.local/lib/python3.12/site-packages/airflow/example_dags/example_display_name.py took 0.037 seconds
[2024-04-09T08:36:09.424+0000] {processor.py:161} INFO - Started process (PID=1378) to work on /home/airflow/.local/lib/python3.12/site-packages/airflow/example_dags/example_display_name.py
[2024-04-09T08:36:09.424+0000] {processor.py:830} INFO - Processing file /home/airflow/.local/lib/python3.12/site-packages/airflow/example_dags/example_display_name.py for tasks to queue
[2024-04-09T08:36:09.425+0000] {logging_mixin.py:188} INFO - [2024-04-09T08:36:09.425+0000] {dagbag.py:540} INFO - Filling up the DagBag from /home/airflow/.local/lib/python3.12/site-packages/airflow/example_dags/example_display_name.py
[2024-04-09T08:36:09.428+0000] {processor.py:840} INFO - DAG(s) 'example_display_name' retrieved from /home/airflow/.local/lib/python3.12/site-packages/airflow/example_dags/example_display_name.py
[2024-04-09T08:36:09.438+0000] {logging_mixin.py:188} INFO - [2024-04-09T08:36:09.438+0000] {dag.py:3096} INFO - Sync 1 DAGs
[2024-04-09T08:36:09.446+0000] {logging_mixin.py:188} INFO - [2024-04-09T08:36:09.445+0000] {dag.py:3954} INFO - Setting next_dagrun for example_display_name to None, run_after=None
[2024-04-09T08:36:09.457+0000] {processor.py:183} INFO - Processing /home/airflow/.local/lib/python3.12/site-packages/airflow/example_dags/example_display_name.py took 0.036 seconds
[2024-04-09T08:36:40.116+0000] {processor.py:161} INFO - Started process (PID=1436) to work on /home/airflow/.local/lib/python3.12/site-packages/airflow/example_dags/example_display_name.py
[2024-04-09T08:36:40.117+0000] {processor.py:830} INFO - Processing file /home/airflow/.local/lib/python3.12/site-packages/airflow/example_dags/example_display_name.py for tasks to queue
[2024-04-09T08:36:40.118+0000] {logging_mixin.py:188} INFO - [2024-04-09T08:36:40.117+0000] {dagbag.py:540} INFO - Filling up the DagBag from /home/airflow/.local/lib/python3.12/site-packages/airflow/example_dags/example_display_name.py
[2024-04-09T08:36:40.120+0000] {processor.py:840} INFO - DAG(s) 'example_display_name' retrieved from /home/airflow/.local/lib/python3.12/site-packages/airflow/example_dags/example_display_name.py
[2024-04-09T08:36:40.131+0000] {logging_mixin.py:188} INFO - [2024-04-09T08:36:40.130+0000] {dag.py:3096} INFO - Sync 1 DAGs
[2024-04-09T08:36:40.138+0000] {logging_mixin.py:188} INFO - [2024-04-09T08:36:40.137+0000] {dag.py:3954} INFO - Setting next_dagrun for example_display_name to None, run_after=None
[2024-04-09T08:36:40.149+0000] {processor.py:183} INFO - Processing /home/airflow/.local/lib/python3.12/site-packages/airflow/example_dags/example_display_name.py took 0.036 seconds
[2024-04-09T08:37:10.740+0000] {processor.py:161} INFO - Started process (PID=1494) to work on /home/airflow/.local/lib/python3.12/site-packages/airflow/example_dags/example_display_name.py
[2024-04-09T08:37:10.741+0000] {processor.py:830} INFO - Processing file /home/airflow/.local/lib/python3.12/site-packages/airflow/example_dags/example_display_name.py for tasks to queue
[2024-04-09T08:37:10.742+0000] {logging_mixin.py:188} INFO - [2024-04-09T08:37:10.742+0000] {dagbag.py:540} INFO - Filling up the DagBag from /home/airflow/.local/lib/python3.12/site-packages/airflow/example_dags/example_display_name.py
[2024-04-09T08:37:10.745+0000] {processor.py:840} INFO - DAG(s) 'example_display_name' retrieved from /home/airflow/.local/lib/python3.12/site-packages/airflow/example_dags/example_display_name.py
[2024-04-09T08:37:10.758+0000] {logging_mixin.py:188} INFO - [2024-04-09T08:37:10.758+0000] {dag.py:3096} INFO - Sync 1 DAGs
[2024-04-09T08:37:10.766+0000] {logging_mixin.py:188} INFO - [2024-04-09T08:37:10.766+0000] {dag.py:3954} INFO - Setting next_dagrun for example_display_name to None, run_after=None
[2024-04-09T08:37:10.780+0000] {processor.py:183} INFO - Processing /home/airflow/.local/lib/python3.12/site-packages/airflow/example_dags/example_display_name.py took 0.043 seconds
[2024-04-09T08:37:41.266+0000] {processor.py:161} INFO - Started process (PID=1552) to work on /home/airflow/.local/lib/python3.12/site-packages/airflow/example_dags/example_display_name.py
[2024-04-09T08:37:41.266+0000] {processor.py:830} INFO - Processing file /home/airflow/.local/lib/python3.12/site-packages/airflow/example_dags/example_display_name.py for tasks to queue
[2024-04-09T08:37:41.267+0000] {logging_mixin.py:188} INFO - [2024-04-09T08:37:41.267+0000] {dagbag.py:540} INFO - Filling up the DagBag from /home/airflow/.local/lib/python3.12/site-packages/airflow/example_dags/example_display_name.py
[2024-04-09T08:37:41.270+0000] {processor.py:840} INFO - DAG(s) 'example_display_name' retrieved from /home/airflow/.local/lib/python3.12/site-packages/airflow/example_dags/example_display_name.py
[2024-04-09T08:37:41.281+0000] {logging_mixin.py:188} INFO - [2024-04-09T08:37:41.281+0000] {dag.py:3096} INFO - Sync 1 DAGs
[2024-04-09T08:37:41.288+0000] {logging_mixin.py:188} INFO - [2024-04-09T08:37:41.288+0000] {dag.py:3954} INFO - Setting next_dagrun for example_display_name to None, run_after=None
[2024-04-09T08:37:41.299+0000] {processor.py:183} INFO - Processing /home/airflow/.local/lib/python3.12/site-packages/airflow/example_dags/example_display_name.py took 0.037 seconds
[2024-04-09T08:38:11.894+0000] {processor.py:161} INFO - Started process (PID=1610) to work on /home/airflow/.local/lib/python3.12/site-packages/airflow/example_dags/example_display_name.py
[2024-04-09T08:38:11.895+0000] {processor.py:830} INFO - Processing file /home/airflow/.local/lib/python3.12/site-packages/airflow/example_dags/example_display_name.py for tasks to queue
[2024-04-09T08:38:11.896+0000] {logging_mixin.py:188} INFO - [2024-04-09T08:38:11.896+0000] {dagbag.py:540} INFO - Filling up the DagBag from /home/airflow/.local/lib/python3.12/site-packages/airflow/example_dags/example_display_name.py
[2024-04-09T08:38:11.899+0000] {processor.py:840} INFO - DAG(s) 'example_display_name' retrieved from /home/airflow/.local/lib/python3.12/site-packages/airflow/example_dags/example_display_name.py
[2024-04-09T08:38:11.909+0000] {logging_mixin.py:188} INFO - [2024-04-09T08:38:11.909+0000] {dag.py:3096} INFO - Sync 1 DAGs
[2024-04-09T08:38:11.916+0000] {logging_mixin.py:188} INFO - [2024-04-09T08:38:11.916+0000] {dag.py:3954} INFO - Setting next_dagrun for example_display_name to None, run_after=None
[2024-04-09T08:38:11.927+0000] {processor.py:183} INFO - Processing /home/airflow/.local/lib/python3.12/site-packages/airflow/example_dags/example_display_name.py took 0.035 seconds
[2024-04-09T08:38:42.590+0000] {processor.py:161} INFO - Started process (PID=1668) to work on /home/airflow/.local/lib/python3.12/site-packages/airflow/example_dags/example_display_name.py
[2024-04-09T08:38:42.591+0000] {processor.py:830} INFO - Processing file /home/airflow/.local/lib/python3.12/site-packages/airflow/example_dags/example_display_name.py for tasks to queue
[2024-04-09T08:38:42.592+0000] {logging_mixin.py:188} INFO - [2024-04-09T08:38:42.592+0000] {dagbag.py:540} INFO - Filling up the DagBag from /home/airflow/.local/lib/python3.12/site-packages/airflow/example_dags/example_display_name.py
[2024-04-09T08:38:42.595+0000] {processor.py:840} INFO - DAG(s) 'example_display_name' retrieved from /home/airflow/.local/lib/python3.12/site-packages/airflow/example_dags/example_display_name.py
[2024-04-09T08:38:42.605+0000] {logging_mixin.py:188} INFO - [2024-04-09T08:38:42.605+0000] {dag.py:3096} INFO - Sync 1 DAGs
[2024-04-09T08:38:42.612+0000] {logging_mixin.py:188} INFO - [2024-04-09T08:38:42.612+0000] {dag.py:3954} INFO - Setting next_dagrun for example_display_name to None, run_after=None
[2024-04-09T08:38:42.623+0000] {processor.py:183} INFO - Processing /home/airflow/.local/lib/python3.12/site-packages/airflow/example_dags/example_display_name.py took 0.036 seconds
[2024-04-09T08:39:13.262+0000] {processor.py:161} INFO - Started process (PID=1726) to work on /home/airflow/.local/lib/python3.12/site-packages/airflow/example_dags/example_display_name.py
[2024-04-09T08:39:13.263+0000] {processor.py:830} INFO - Processing file /home/airflow/.local/lib/python3.12/site-packages/airflow/example_dags/example_display_name.py for tasks to queue
[2024-04-09T08:39:13.263+0000] {logging_mixin.py:188} INFO - [2024-04-09T08:39:13.263+0000] {dagbag.py:540} INFO - Filling up the DagBag from /home/airflow/.local/lib/python3.12/site-packages/airflow/example_dags/example_display_name.py
[2024-04-09T08:39:13.266+0000] {processor.py:840} INFO - DAG(s) 'example_display_name' retrieved from /home/airflow/.local/lib/python3.12/site-packages/airflow/example_dags/example_display_name.py
[2024-04-09T08:39:13.276+0000] {logging_mixin.py:188} INFO - [2024-04-09T08:39:13.276+0000] {dag.py:3096} INFO - Sync 1 DAGs
[2024-04-09T08:39:13.283+0000] {logging_mixin.py:188} INFO - [2024-04-09T08:39:13.283+0000] {dag.py:3954} INFO - Setting next_dagrun for example_display_name to None, run_after=None
[2024-04-09T08:39:13.295+0000] {processor.py:183} INFO - Processing /home/airflow/.local/lib/python3.12/site-packages/airflow/example_dags/example_display_name.py took 0.035 seconds
[2024-04-09T08:39:43.857+0000] {processor.py:161} INFO - Started process (PID=1784) to work on /home/airflow/.local/lib/python3.12/site-packages/airflow/example_dags/example_display_name.py
[2024-04-09T08:39:43.857+0000] {processor.py:830} INFO - Processing file /home/airflow/.local/lib/python3.12/site-packages/airflow/example_dags/example_display_name.py for tasks to queue
[2024-04-09T08:39:43.858+0000] {logging_mixin.py:188} INFO - [2024-04-09T08:39:43.858+0000] {dagbag.py:540} INFO - Filling up the DagBag from /home/airflow/.local/lib/python3.12/site-packages/airflow/example_dags/example_display_name.py
[2024-04-09T08:39:43.861+0000] {processor.py:840} INFO - DAG(s) 'example_display_name' retrieved from /home/airflow/.local/lib/python3.12/site-packages/airflow/example_dags/example_display_name.py
[2024-04-09T08:39:43.871+0000] {logging_mixin.py:188} INFO - [2024-04-09T08:39:43.871+0000] {dag.py:3096} INFO - Sync 1 DAGs
[2024-04-09T08:39:43.879+0000] {logging_mixin.py:188} INFO - [2024-04-09T08:39:43.879+0000] {dag.py:3954} INFO - Setting next_dagrun for example_display_name to None, run_after=None
[2024-04-09T08:39:43.891+0000] {processor.py:183} INFO - Processing /home/airflow/.local/lib/python3.12/site-packages/airflow/example_dags/example_display_name.py took 0.037 seconds
[2024-04-09T08:40:14.613+0000] {processor.py:161} INFO - Started process (PID=1842) to work on /home/airflow/.local/lib/python3.12/site-packages/airflow/example_dags/example_display_name.py
[2024-04-09T08:40:14.613+0000] {processor.py:830} INFO - Processing file /home/airflow/.local/lib/python3.12/site-packages/airflow/example_dags/example_display_name.py for tasks to queue
[2024-04-09T08:40:14.614+0000] {logging_mixin.py:188} INFO - [2024-04-09T08:40:14.614+0000] {dagbag.py:540} INFO - Filling up the DagBag from /home/airflow/.local/lib/python3.12/site-packages/airflow/example_dags/example_display_name.py
[2024-04-09T08:40:14.618+0000] {processor.py:840} INFO - DAG(s) 'example_display_name' retrieved from /home/airflow/.local/lib/python3.12/site-packages/airflow/example_dags/example_display_name.py
[2024-04-09T08:40:14.629+0000] {logging_mixin.py:188} INFO - [2024-04-09T08:40:14.629+0000] {dag.py:3096} INFO - Sync 1 DAGs
[2024-04-09T08:40:14.637+0000] {logging_mixin.py:188} INFO - [2024-04-09T08:40:14.637+0000] {dag.py:3954} INFO - Setting next_dagrun for example_display_name to None, run_after=None
[2024-04-09T08:40:14.652+0000] {processor.py:183} INFO - Processing /home/airflow/.local/lib/python3.12/site-packages/airflow/example_dags/example_display_name.py took 0.042 seconds
[2024-04-09T08:40:45.198+0000] {processor.py:161} INFO - Started process (PID=1900) to work on /home/airflow/.local/lib/python3.12/site-packages/airflow/example_dags/example_display_name.py
[2024-04-09T08:40:45.198+0000] {processor.py:830} INFO - Processing file /home/airflow/.local/lib/python3.12/site-packages/airflow/example_dags/example_display_name.py for tasks to queue
[2024-04-09T08:40:45.199+0000] {logging_mixin.py:188} INFO - [2024-04-09T08:40:45.199+0000] {dagbag.py:540} INFO - Filling up the DagBag from /home/airflow/.local/lib/python3.12/site-packages/airflow/example_dags/example_display_name.py
[2024-04-09T08:40:45.202+0000] {processor.py:840} INFO - DAG(s) 'example_display_name' retrieved from /home/airflow/.local/lib/python3.12/site-packages/airflow/example_dags/example_display_name.py
[2024-04-09T08:40:45.211+0000] {logging_mixin.py:188} INFO - [2024-04-09T08:40:45.211+0000] {dag.py:3096} INFO - Sync 1 DAGs
[2024-04-09T08:40:45.218+0000] {logging_mixin.py:188} INFO - [2024-04-09T08:40:45.218+0000] {dag.py:3954} INFO - Setting next_dagrun for example_display_name to None, run_after=None
[2024-04-09T08:40:45.230+0000] {processor.py:183} INFO - Processing /home/airflow/.local/lib/python3.12/site-packages/airflow/example_dags/example_display_name.py took 0.036 seconds
[2024-04-09T08:41:15.902+0000] {processor.py:161} INFO - Started process (PID=1958) to work on /home/airflow/.local/lib/python3.12/site-packages/airflow/example_dags/example_display_name.py
[2024-04-09T08:41:15.903+0000] {processor.py:830} INFO - Processing file /home/airflow/.local/lib/python3.12/site-packages/airflow/example_dags/example_display_name.py for tasks to queue
[2024-04-09T08:41:15.904+0000] {logging_mixin.py:188} INFO - [2024-04-09T08:41:15.904+0000] {dagbag.py:540} INFO - Filling up the DagBag from /home/airflow/.local/lib/python3.12/site-packages/airflow/example_dags/example_display_name.py
[2024-04-09T08:41:15.906+0000] {processor.py:840} INFO - DAG(s) 'example_display_name' retrieved from /home/airflow/.local/lib/python3.12/site-packages/airflow/example_dags/example_display_name.py
[2024-04-09T08:41:15.916+0000] {logging_mixin.py:188} INFO - [2024-04-09T08:41:15.916+0000] {dag.py:3096} INFO - Sync 1 DAGs
[2024-04-09T08:41:15.923+0000] {logging_mixin.py:188} INFO - [2024-04-09T08:41:15.923+0000] {dag.py:3954} INFO - Setting next_dagrun for example_display_name to None, run_after=None
[2024-04-09T08:41:15.935+0000] {processor.py:183} INFO - Processing /home/airflow/.local/lib/python3.12/site-packages/airflow/example_dags/example_display_name.py took 0.036 seconds
[2024-04-09T08:41:46.695+0000] {processor.py:161} INFO - Started process (PID=2016) to work on /home/airflow/.local/lib/python3.12/site-packages/airflow/example_dags/example_display_name.py
[2024-04-09T08:41:46.695+0000] {processor.py:830} INFO - Processing file /home/airflow/.local/lib/python3.12/site-packages/airflow/example_dags/example_display_name.py for tasks to queue
[2024-04-09T08:41:46.696+0000] {logging_mixin.py:188} INFO - [2024-04-09T08:41:46.696+0000] {dagbag.py:540} INFO - Filling up the DagBag from /home/airflow/.local/lib/python3.12/site-packages/airflow/example_dags/example_display_name.py
[2024-04-09T08:41:46.699+0000] {processor.py:840} INFO - DAG(s) 'example_display_name' retrieved from /home/airflow/.local/lib/python3.12/site-packages/airflow/example_dags/example_display_name.py
[2024-04-09T08:41:46.708+0000] {logging_mixin.py:188} INFO - [2024-04-09T08:41:46.708+0000] {dag.py:3096} INFO - Sync 1 DAGs
[2024-04-09T08:41:46.715+0000] {logging_mixin.py:188} INFO - [2024-04-09T08:41:46.715+0000] {dag.py:3954} INFO - Setting next_dagrun for example_display_name to None, run_after=None
[2024-04-09T08:41:46.736+0000] {processor.py:183} INFO - Processing /home/airflow/.local/lib/python3.12/site-packages/airflow/example_dags/example_display_name.py took 0.044 seconds
[2024-04-09T08:42:17.231+0000] {processor.py:161} INFO - Started process (PID=2074) to work on /home/airflow/.local/lib/python3.12/site-packages/airflow/example_dags/example_display_name.py
[2024-04-09T08:42:17.231+0000] {processor.py:830} INFO - Processing file /home/airflow/.local/lib/python3.12/site-packages/airflow/example_dags/example_display_name.py for tasks to queue
[2024-04-09T08:42:17.232+0000] {logging_mixin.py:188} INFO - [2024-04-09T08:42:17.232+0000] {dagbag.py:540} INFO - Filling up the DagBag from /home/airflow/.local/lib/python3.12/site-packages/airflow/example_dags/example_display_name.py
[2024-04-09T08:42:17.235+0000] {processor.py:840} INFO - DAG(s) 'example_display_name' retrieved from /home/airflow/.local/lib/python3.12/site-packages/airflow/example_dags/example_display_name.py
[2024-04-09T08:42:17.246+0000] {logging_mixin.py:188} INFO - [2024-04-09T08:42:17.246+0000] {dag.py:3096} INFO - Sync 1 DAGs
[2024-04-09T08:42:17.254+0000] {logging_mixin.py:188} INFO - [2024-04-09T08:42:17.254+0000] {dag.py:3954} INFO - Setting next_dagrun for example_display_name to None, run_after=None
[2024-04-09T08:42:17.267+0000] {processor.py:183} INFO - Processing /home/airflow/.local/lib/python3.12/site-packages/airflow/example_dags/example_display_name.py took 0.039 seconds
[2024-04-09T08:42:47.950+0000] {processor.py:161} INFO - Started process (PID=2132) to work on /home/airflow/.local/lib/python3.12/site-packages/airflow/example_dags/example_display_name.py
[2024-04-09T08:42:47.950+0000] {processor.py:830} INFO - Processing file /home/airflow/.local/lib/python3.12/site-packages/airflow/example_dags/example_display_name.py for tasks to queue
[2024-04-09T08:42:47.952+0000] {logging_mixin.py:188} INFO - [2024-04-09T08:42:47.951+0000] {dagbag.py:540} INFO - Filling up the DagBag from /home/airflow/.local/lib/python3.12/site-packages/airflow/example_dags/example_display_name.py
[2024-04-09T08:42:47.955+0000] {processor.py:840} INFO - DAG(s) 'example_display_name' retrieved from /home/airflow/.local/lib/python3.12/site-packages/airflow/example_dags/example_display_name.py
[2024-04-09T08:42:47.968+0000] {logging_mixin.py:188} INFO - [2024-04-09T08:42:47.968+0000] {dag.py:3096} INFO - Sync 1 DAGs
[2024-04-09T08:42:47.977+0000] {logging_mixin.py:188} INFO - [2024-04-09T08:42:47.977+0000] {dag.py:3954} INFO - Setting next_dagrun for example_display_name to None, run_after=None
[2024-04-09T08:42:47.989+0000] {processor.py:183} INFO - Processing /home/airflow/.local/lib/python3.12/site-packages/airflow/example_dags/example_display_name.py took 0.045 seconds
[2024-04-09T08:43:18.602+0000] {processor.py:161} INFO - Started process (PID=2190) to work on /home/airflow/.local/lib/python3.12/site-packages/airflow/example_dags/example_display_name.py
[2024-04-09T08:43:18.602+0000] {processor.py:830} INFO - Processing file /home/airflow/.local/lib/python3.12/site-packages/airflow/example_dags/example_display_name.py for tasks to queue
[2024-04-09T08:43:18.603+0000] {logging_mixin.py:188} INFO - [2024-04-09T08:43:18.603+0000] {dagbag.py:540} INFO - Filling up the DagBag from /home/airflow/.local/lib/python3.12/site-packages/airflow/example_dags/example_display_name.py
[2024-04-09T08:43:18.606+0000] {processor.py:840} INFO - DAG(s) 'example_display_name' retrieved from /home/airflow/.local/lib/python3.12/site-packages/airflow/example_dags/example_display_name.py
[2024-04-09T08:43:18.616+0000] {logging_mixin.py:188} INFO - [2024-04-09T08:43:18.616+0000] {dag.py:3096} INFO - Sync 1 DAGs
[2024-04-09T08:43:18.623+0000] {logging_mixin.py:188} INFO - [2024-04-09T08:43:18.623+0000] {dag.py:3954} INFO - Setting next_dagrun for example_display_name to None, run_after=None
[2024-04-09T08:43:18.634+0000] {processor.py:183} INFO - Processing /home/airflow/.local/lib/python3.12/site-packages/airflow/example_dags/example_display_name.py took 0.035 seconds
[2024-04-09T08:43:49.325+0000] {processor.py:161} INFO - Started process (PID=2254) to work on /home/airflow/.local/lib/python3.12/site-packages/airflow/example_dags/example_display_name.py
[2024-04-09T08:43:49.325+0000] {processor.py:830} INFO - Processing file /home/airflow/.local/lib/python3.12/site-packages/airflow/example_dags/example_display_name.py for tasks to queue
[2024-04-09T08:43:49.327+0000] {logging_mixin.py:188} INFO - [2024-04-09T08:43:49.326+0000] {dagbag.py:540} INFO - Filling up the DagBag from /home/airflow/.local/lib/python3.12/site-packages/airflow/example_dags/example_display_name.py
[2024-04-09T08:43:49.330+0000] {processor.py:840} INFO - DAG(s) 'example_display_name' retrieved from /home/airflow/.local/lib/python3.12/site-packages/airflow/example_dags/example_display_name.py
[2024-04-09T08:43:49.341+0000] {logging_mixin.py:188} INFO - [2024-04-09T08:43:49.341+0000] {dag.py:3096} INFO - Sync 1 DAGs
[2024-04-09T08:43:49.348+0000] {logging_mixin.py:188} INFO - [2024-04-09T08:43:49.348+0000] {dag.py:3954} INFO - Setting next_dagrun for example_display_name to None, run_after=None
[2024-04-09T08:43:49.361+0000] {processor.py:183} INFO - Processing /home/airflow/.local/lib/python3.12/site-packages/airflow/example_dags/example_display_name.py took 0.040 seconds
[2024-04-09T08:44:20.004+0000] {processor.py:161} INFO - Started process (PID=2312) to work on /home/airflow/.local/lib/python3.12/site-packages/airflow/example_dags/example_display_name.py
[2024-04-09T08:44:20.005+0000] {processor.py:830} INFO - Processing file /home/airflow/.local/lib/python3.12/site-packages/airflow/example_dags/example_display_name.py for tasks to queue
[2024-04-09T08:44:20.006+0000] {logging_mixin.py:188} INFO - [2024-04-09T08:44:20.006+0000] {dagbag.py:540} INFO - Filling up the DagBag from /home/airflow/.local/lib/python3.12/site-packages/airflow/example_dags/example_display_name.py
[2024-04-09T08:44:20.009+0000] {processor.py:840} INFO - DAG(s) 'example_display_name' retrieved from /home/airflow/.local/lib/python3.12/site-packages/airflow/example_dags/example_display_name.py
[2024-04-09T08:44:20.020+0000] {logging_mixin.py:188} INFO - [2024-04-09T08:44:20.020+0000] {dag.py:3096} INFO - Sync 1 DAGs
[2024-04-09T08:44:20.028+0000] {logging_mixin.py:188} INFO - [2024-04-09T08:44:20.028+0000] {dag.py:3954} INFO - Setting next_dagrun for example_display_name to None, run_after=None
[2024-04-09T08:44:20.041+0000] {processor.py:183} INFO - Processing /home/airflow/.local/lib/python3.12/site-packages/airflow/example_dags/example_display_name.py took 0.040 seconds
[2024-04-09T08:44:50.799+0000] {processor.py:161} INFO - Started process (PID=2370) to work on /home/airflow/.local/lib/python3.12/site-packages/airflow/example_dags/example_display_name.py
[2024-04-09T08:44:50.800+0000] {processor.py:830} INFO - Processing file /home/airflow/.local/lib/python3.12/site-packages/airflow/example_dags/example_display_name.py for tasks to queue
[2024-04-09T08:44:50.801+0000] {logging_mixin.py:188} INFO - [2024-04-09T08:44:50.801+0000] {dagbag.py:540} INFO - Filling up the DagBag from /home/airflow/.local/lib/python3.12/site-packages/airflow/example_dags/example_display_name.py
[2024-04-09T08:44:50.804+0000] {processor.py:840} INFO - DAG(s) 'example_display_name' retrieved from /home/airflow/.local/lib/python3.12/site-packages/airflow/example_dags/example_display_name.py
[2024-04-09T08:44:50.815+0000] {logging_mixin.py:188} INFO - [2024-04-09T08:44:50.815+0000] {dag.py:3096} INFO - Sync 1 DAGs
[2024-04-09T08:44:50.822+0000] {logging_mixin.py:188} INFO - [2024-04-09T08:44:50.822+0000] {dag.py:3954} INFO - Setting next_dagrun for example_display_name to None, run_after=None
[2024-04-09T08:44:50.836+0000] {processor.py:183} INFO - Processing /home/airflow/.local/lib/python3.12/site-packages/airflow/example_dags/example_display_name.py took 0.040 seconds
[2024-04-09T08:45:21.640+0000] {processor.py:161} INFO - Started process (PID=2428) to work on /home/airflow/.local/lib/python3.12/site-packages/airflow/example_dags/example_display_name.py
[2024-04-09T08:45:21.640+0000] {processor.py:830} INFO - Processing file /home/airflow/.local/lib/python3.12/site-packages/airflow/example_dags/example_display_name.py for tasks to queue
[2024-04-09T08:45:21.641+0000] {logging_mixin.py:188} INFO - [2024-04-09T08:45:21.641+0000] {dagbag.py:540} INFO - Filling up the DagBag from /home/airflow/.local/lib/python3.12/site-packages/airflow/example_dags/example_display_name.py
[2024-04-09T08:45:21.644+0000] {processor.py:840} INFO - DAG(s) 'example_display_name' retrieved from /home/airflow/.local/lib/python3.12/site-packages/airflow/example_dags/example_display_name.py
[2024-04-09T08:45:21.654+0000] {logging_mixin.py:188} INFO - [2024-04-09T08:45:21.654+0000] {dag.py:3096} INFO - Sync 1 DAGs
[2024-04-09T08:45:21.661+0000] {logging_mixin.py:188} INFO - [2024-04-09T08:45:21.661+0000] {dag.py:3954} INFO - Setting next_dagrun for example_display_name to None, run_after=None
[2024-04-09T08:45:21.674+0000] {processor.py:183} INFO - Processing /home/airflow/.local/lib/python3.12/site-packages/airflow/example_dags/example_display_name.py took 0.037 seconds
[2024-04-09T08:45:52.283+0000] {processor.py:161} INFO - Started process (PID=2486) to work on /home/airflow/.local/lib/python3.12/site-packages/airflow/example_dags/example_display_name.py
[2024-04-09T08:45:52.283+0000] {processor.py:830} INFO - Processing file /home/airflow/.local/lib/python3.12/site-packages/airflow/example_dags/example_display_name.py for tasks to queue
[2024-04-09T08:45:52.284+0000] {logging_mixin.py:188} INFO - [2024-04-09T08:45:52.284+0000] {dagbag.py:540} INFO - Filling up the DagBag from /home/airflow/.local/lib/python3.12/site-packages/airflow/example_dags/example_display_name.py
[2024-04-09T08:45:52.287+0000] {processor.py:840} INFO - DAG(s) 'example_display_name' retrieved from /home/airflow/.local/lib/python3.12/site-packages/airflow/example_dags/example_display_name.py
[2024-04-09T08:45:52.297+0000] {logging_mixin.py:188} INFO - [2024-04-09T08:45:52.297+0000] {dag.py:3096} INFO - Sync 1 DAGs
[2024-04-09T08:45:52.305+0000] {logging_mixin.py:188} INFO - [2024-04-09T08:45:52.304+0000] {dag.py:3954} INFO - Setting next_dagrun for example_display_name to None, run_after=None
[2024-04-09T08:45:52.317+0000] {processor.py:183} INFO - Processing /home/airflow/.local/lib/python3.12/site-packages/airflow/example_dags/example_display_name.py took 0.038 seconds
[2024-04-09T08:46:22.951+0000] {processor.py:161} INFO - Started process (PID=2544) to work on /home/airflow/.local/lib/python3.12/site-packages/airflow/example_dags/example_display_name.py
[2024-04-09T08:46:22.952+0000] {processor.py:830} INFO - Processing file /home/airflow/.local/lib/python3.12/site-packages/airflow/example_dags/example_display_name.py for tasks to queue
[2024-04-09T08:46:22.953+0000] {logging_mixin.py:188} INFO - [2024-04-09T08:46:22.953+0000] {dagbag.py:540} INFO - Filling up the DagBag from /home/airflow/.local/lib/python3.12/site-packages/airflow/example_dags/example_display_name.py
[2024-04-09T08:46:22.956+0000] {processor.py:840} INFO - DAG(s) 'example_display_name' retrieved from /home/airflow/.local/lib/python3.12/site-packages/airflow/example_dags/example_display_name.py
[2024-04-09T08:46:22.966+0000] {logging_mixin.py:188} INFO - [2024-04-09T08:46:22.966+0000] {dag.py:3096} INFO - Sync 1 DAGs
[2024-04-09T08:46:22.974+0000] {logging_mixin.py:188} INFO - [2024-04-09T08:46:22.974+0000] {dag.py:3954} INFO - Setting next_dagrun for example_display_name to None, run_after=None
[2024-04-09T08:46:22.986+0000] {processor.py:183} INFO - Processing /home/airflow/.local/lib/python3.12/site-packages/airflow/example_dags/example_display_name.py took 0.039 seconds
[2024-04-09T08:46:53.591+0000] {processor.py:161} INFO - Started process (PID=2602) to work on /home/airflow/.local/lib/python3.12/site-packages/airflow/example_dags/example_display_name.py
[2024-04-09T08:46:53.591+0000] {processor.py:830} INFO - Processing file /home/airflow/.local/lib/python3.12/site-packages/airflow/example_dags/example_display_name.py for tasks to queue
[2024-04-09T08:46:53.592+0000] {logging_mixin.py:188} INFO - [2024-04-09T08:46:53.592+0000] {dagbag.py:540} INFO - Filling up the DagBag from /home/airflow/.local/lib/python3.12/site-packages/airflow/example_dags/example_display_name.py
[2024-04-09T08:46:53.595+0000] {processor.py:840} INFO - DAG(s) 'example_display_name' retrieved from /home/airflow/.local/lib/python3.12/site-packages/airflow/example_dags/example_display_name.py
[2024-04-09T08:46:53.604+0000] {logging_mixin.py:188} INFO - [2024-04-09T08:46:53.604+0000] {dag.py:3096} INFO - Sync 1 DAGs
[2024-04-09T08:46:53.611+0000] {logging_mixin.py:188} INFO - [2024-04-09T08:46:53.611+0000] {dag.py:3954} INFO - Setting next_dagrun for example_display_name to None, run_after=None
[2024-04-09T08:46:53.625+0000] {processor.py:183} INFO - Processing /home/airflow/.local/lib/python3.12/site-packages/airflow/example_dags/example_display_name.py took 0.037 seconds
[2024-04-09T08:47:24.117+0000] {processor.py:161} INFO - Started process (PID=2660) to work on /home/airflow/.local/lib/python3.12/site-packages/airflow/example_dags/example_display_name.py
[2024-04-09T08:47:24.117+0000] {processor.py:830} INFO - Processing file /home/airflow/.local/lib/python3.12/site-packages/airflow/example_dags/example_display_name.py for tasks to queue
[2024-04-09T08:47:24.118+0000] {logging_mixin.py:188} INFO - [2024-04-09T08:47:24.118+0000] {dagbag.py:540} INFO - Filling up the DagBag from /home/airflow/.local/lib/python3.12/site-packages/airflow/example_dags/example_display_name.py
[2024-04-09T08:47:24.121+0000] {processor.py:840} INFO - DAG(s) 'example_display_name' retrieved from /home/airflow/.local/lib/python3.12/site-packages/airflow/example_dags/example_display_name.py
[2024-04-09T08:47:24.131+0000] {logging_mixin.py:188} INFO - [2024-04-09T08:47:24.131+0000] {dag.py:3096} INFO - Sync 1 DAGs
[2024-04-09T08:47:24.138+0000] {logging_mixin.py:188} INFO - [2024-04-09T08:47:24.138+0000] {dag.py:3954} INFO - Setting next_dagrun for example_display_name to None, run_after=None
[2024-04-09T08:47:24.147+0000] {processor.py:183} INFO - Processing /home/airflow/.local/lib/python3.12/site-packages/airflow/example_dags/example_display_name.py took 0.033 seconds
[2024-04-09T08:47:54.757+0000] {processor.py:161} INFO - Started process (PID=2718) to work on /home/airflow/.local/lib/python3.12/site-packages/airflow/example_dags/example_display_name.py
[2024-04-09T08:47:54.757+0000] {processor.py:830} INFO - Processing file /home/airflow/.local/lib/python3.12/site-packages/airflow/example_dags/example_display_name.py for tasks to queue
[2024-04-09T08:47:54.758+0000] {logging_mixin.py:188} INFO - [2024-04-09T08:47:54.758+0000] {dagbag.py:540} INFO - Filling up the DagBag from /home/airflow/.local/lib/python3.12/site-packages/airflow/example_dags/example_display_name.py
[2024-04-09T08:47:54.761+0000] {processor.py:840} INFO - DAG(s) 'example_display_name' retrieved from /home/airflow/.local/lib/python3.12/site-packages/airflow/example_dags/example_display_name.py
[2024-04-09T08:47:54.771+0000] {logging_mixin.py:188} INFO - [2024-04-09T08:47:54.771+0000] {dag.py:3096} INFO - Sync 1 DAGs
[2024-04-09T08:47:54.778+0000] {logging_mixin.py:188} INFO - [2024-04-09T08:47:54.778+0000] {dag.py:3954} INFO - Setting next_dagrun for example_display_name to None, run_after=None
[2024-04-09T08:47:54.788+0000] {processor.py:183} INFO - Processing /home/airflow/.local/lib/python3.12/site-packages/airflow/example_dags/example_display_name.py took 0.034 seconds
[2024-04-09T08:48:25.568+0000] {processor.py:161} INFO - Started process (PID=2776) to work on /home/airflow/.local/lib/python3.12/site-packages/airflow/example_dags/example_display_name.py
[2024-04-09T08:48:25.569+0000] {processor.py:830} INFO - Processing file /home/airflow/.local/lib/python3.12/site-packages/airflow/example_dags/example_display_name.py for tasks to queue
[2024-04-09T08:48:25.570+0000] {logging_mixin.py:188} INFO - [2024-04-09T08:48:25.570+0000] {dagbag.py:540} INFO - Filling up the DagBag from /home/airflow/.local/lib/python3.12/site-packages/airflow/example_dags/example_display_name.py
[2024-04-09T08:48:25.573+0000] {processor.py:840} INFO - DAG(s) 'example_display_name' retrieved from /home/airflow/.local/lib/python3.12/site-packages/airflow/example_dags/example_display_name.py
[2024-04-09T08:48:25.583+0000] {logging_mixin.py:188} INFO - [2024-04-09T08:48:25.583+0000] {dag.py:3096} INFO - Sync 1 DAGs
[2024-04-09T08:48:25.590+0000] {logging_mixin.py:188} INFO - [2024-04-09T08:48:25.590+0000] {dag.py:3954} INFO - Setting next_dagrun for example_display_name to None, run_after=None
[2024-04-09T08:48:25.600+0000] {processor.py:183} INFO - Processing /home/airflow/.local/lib/python3.12/site-packages/airflow/example_dags/example_display_name.py took 0.035 seconds
[2024-04-09T08:48:56.095+0000] {processor.py:161} INFO - Started process (PID=2834) to work on /home/airflow/.local/lib/python3.12/site-packages/airflow/example_dags/example_display_name.py
[2024-04-09T08:48:56.095+0000] {processor.py:830} INFO - Processing file /home/airflow/.local/lib/python3.12/site-packages/airflow/example_dags/example_display_name.py for tasks to queue
[2024-04-09T08:48:56.096+0000] {logging_mixin.py:188} INFO - [2024-04-09T08:48:56.096+0000] {dagbag.py:540} INFO - Filling up the DagBag from /home/airflow/.local/lib/python3.12/site-packages/airflow/example_dags/example_display_name.py
[2024-04-09T08:48:56.099+0000] {processor.py:840} INFO - DAG(s) 'example_display_name' retrieved from /home/airflow/.local/lib/python3.12/site-packages/airflow/example_dags/example_display_name.py
[2024-04-09T08:48:56.110+0000] {logging_mixin.py:188} INFO - [2024-04-09T08:48:56.110+0000] {dag.py:3096} INFO - Sync 1 DAGs
[2024-04-09T08:48:56.118+0000] {logging_mixin.py:188} INFO - [2024-04-09T08:48:56.118+0000] {dag.py:3954} INFO - Setting next_dagrun for example_display_name to None, run_after=None
[2024-04-09T08:48:56.129+0000] {processor.py:183} INFO - Processing /home/airflow/.local/lib/python3.12/site-packages/airflow/example_dags/example_display_name.py took 0.037 seconds
[2024-04-09T08:49:26.684+0000] {processor.py:161} INFO - Started process (PID=2892) to work on /home/airflow/.local/lib/python3.12/site-packages/airflow/example_dags/example_display_name.py
[2024-04-09T08:49:26.684+0000] {processor.py:830} INFO - Processing file /home/airflow/.local/lib/python3.12/site-packages/airflow/example_dags/example_display_name.py for tasks to queue
[2024-04-09T08:49:26.685+0000] {logging_mixin.py:188} INFO - [2024-04-09T08:49:26.685+0000] {dagbag.py:540} INFO - Filling up the DagBag from /home/airflow/.local/lib/python3.12/site-packages/airflow/example_dags/example_display_name.py
[2024-04-09T08:49:26.688+0000] {processor.py:840} INFO - DAG(s) 'example_display_name' retrieved from /home/airflow/.local/lib/python3.12/site-packages/airflow/example_dags/example_display_name.py
[2024-04-09T08:49:26.697+0000] {logging_mixin.py:188} INFO - [2024-04-09T08:49:26.697+0000] {dag.py:3096} INFO - Sync 1 DAGs
[2024-04-09T08:49:26.704+0000] {logging_mixin.py:188} INFO - [2024-04-09T08:49:26.704+0000] {dag.py:3954} INFO - Setting next_dagrun for example_display_name to None, run_after=None
[2024-04-09T08:49:26.714+0000] {processor.py:183} INFO - Processing /home/airflow/.local/lib/python3.12/site-packages/airflow/example_dags/example_display_name.py took 0.034 seconds
[2024-04-09T08:49:57.371+0000] {processor.py:161} INFO - Started process (PID=2950) to work on /home/airflow/.local/lib/python3.12/site-packages/airflow/example_dags/example_display_name.py
[2024-04-09T08:49:57.371+0000] {processor.py:830} INFO - Processing file /home/airflow/.local/lib/python3.12/site-packages/airflow/example_dags/example_display_name.py for tasks to queue
[2024-04-09T08:49:57.373+0000] {logging_mixin.py:188} INFO - [2024-04-09T08:49:57.372+0000] {dagbag.py:540} INFO - Filling up the DagBag from /home/airflow/.local/lib/python3.12/site-packages/airflow/example_dags/example_display_name.py
[2024-04-09T08:49:57.376+0000] {processor.py:840} INFO - DAG(s) 'example_display_name' retrieved from /home/airflow/.local/lib/python3.12/site-packages/airflow/example_dags/example_display_name.py
[2024-04-09T08:49:57.387+0000] {logging_mixin.py:188} INFO - [2024-04-09T08:49:57.386+0000] {dag.py:3096} INFO - Sync 1 DAGs
[2024-04-09T08:49:57.394+0000] {logging_mixin.py:188} INFO - [2024-04-09T08:49:57.394+0000] {dag.py:3954} INFO - Setting next_dagrun for example_display_name to None, run_after=None
[2024-04-09T08:49:57.405+0000] {processor.py:183} INFO - Processing /home/airflow/.local/lib/python3.12/site-packages/airflow/example_dags/example_display_name.py took 0.038 seconds
[2024-04-09T08:50:28.196+0000] {processor.py:161} INFO - Started process (PID=3008) to work on /home/airflow/.local/lib/python3.12/site-packages/airflow/example_dags/example_display_name.py
[2024-04-09T08:50:28.196+0000] {processor.py:830} INFO - Processing file /home/airflow/.local/lib/python3.12/site-packages/airflow/example_dags/example_display_name.py for tasks to queue
[2024-04-09T08:50:28.197+0000] {logging_mixin.py:188} INFO - [2024-04-09T08:50:28.197+0000] {dagbag.py:540} INFO - Filling up the DagBag from /home/airflow/.local/lib/python3.12/site-packages/airflow/example_dags/example_display_name.py
[2024-04-09T08:50:28.200+0000] {processor.py:840} INFO - DAG(s) 'example_display_name' retrieved from /home/airflow/.local/lib/python3.12/site-packages/airflow/example_dags/example_display_name.py
[2024-04-09T08:50:28.210+0000] {logging_mixin.py:188} INFO - [2024-04-09T08:50:28.210+0000] {dag.py:3096} INFO - Sync 1 DAGs
[2024-04-09T08:50:28.217+0000] {logging_mixin.py:188} INFO - [2024-04-09T08:50:28.217+0000] {dag.py:3954} INFO - Setting next_dagrun for example_display_name to None, run_after=None
[2024-04-09T08:50:28.227+0000] {processor.py:183} INFO - Processing /home/airflow/.local/lib/python3.12/site-packages/airflow/example_dags/example_display_name.py took 0.034 seconds
[2024-04-09T08:50:58.743+0000] {processor.py:161} INFO - Started process (PID=3066) to work on /home/airflow/.local/lib/python3.12/site-packages/airflow/example_dags/example_display_name.py
[2024-04-09T08:50:58.743+0000] {processor.py:830} INFO - Processing file /home/airflow/.local/lib/python3.12/site-packages/airflow/example_dags/example_display_name.py for tasks to queue
[2024-04-09T08:50:58.744+0000] {logging_mixin.py:188} INFO - [2024-04-09T08:50:58.744+0000] {dagbag.py:540} INFO - Filling up the DagBag from /home/airflow/.local/lib/python3.12/site-packages/airflow/example_dags/example_display_name.py
[2024-04-09T08:50:58.747+0000] {processor.py:840} INFO - DAG(s) 'example_display_name' retrieved from /home/airflow/.local/lib/python3.12/site-packages/airflow/example_dags/example_display_name.py
[2024-04-09T08:50:58.757+0000] {logging_mixin.py:188} INFO - [2024-04-09T08:50:58.757+0000] {dag.py:3096} INFO - Sync 1 DAGs
[2024-04-09T08:50:58.764+0000] {logging_mixin.py:188} INFO - [2024-04-09T08:50:58.764+0000] {dag.py:3954} INFO - Setting next_dagrun for example_display_name to None, run_after=None
[2024-04-09T08:50:58.775+0000] {processor.py:183} INFO - Processing /home/airflow/.local/lib/python3.12/site-packages/airflow/example_dags/example_display_name.py took 0.035 seconds
[2024-04-09T08:51:29.265+0000] {processor.py:161} INFO - Started process (PID=3124) to work on /home/airflow/.local/lib/python3.12/site-packages/airflow/example_dags/example_display_name.py
[2024-04-09T08:51:29.266+0000] {processor.py:830} INFO - Processing file /home/airflow/.local/lib/python3.12/site-packages/airflow/example_dags/example_display_name.py for tasks to queue
[2024-04-09T08:51:29.266+0000] {logging_mixin.py:188} INFO - [2024-04-09T08:51:29.266+0000] {dagbag.py:540} INFO - Filling up the DagBag from /home/airflow/.local/lib/python3.12/site-packages/airflow/example_dags/example_display_name.py
[2024-04-09T08:51:29.269+0000] {processor.py:840} INFO - DAG(s) 'example_display_name' retrieved from /home/airflow/.local/lib/python3.12/site-packages/airflow/example_dags/example_display_name.py
[2024-04-09T08:51:29.279+0000] {logging_mixin.py:188} INFO - [2024-04-09T08:51:29.279+0000] {dag.py:3096} INFO - Sync 1 DAGs
[2024-04-09T08:51:29.286+0000] {logging_mixin.py:188} INFO - [2024-04-09T08:51:29.286+0000] {dag.py:3954} INFO - Setting next_dagrun for example_display_name to None, run_after=None
[2024-04-09T08:51:29.296+0000] {processor.py:183} INFO - Processing /home/airflow/.local/lib/python3.12/site-packages/airflow/example_dags/example_display_name.py took 0.035 seconds
[2024-04-09T08:51:59.808+0000] {processor.py:161} INFO - Started process (PID=3182) to work on /home/airflow/.local/lib/python3.12/site-packages/airflow/example_dags/example_display_name.py
[2024-04-09T08:51:59.809+0000] {processor.py:830} INFO - Processing file /home/airflow/.local/lib/python3.12/site-packages/airflow/example_dags/example_display_name.py for tasks to queue
[2024-04-09T08:51:59.810+0000] {logging_mixin.py:188} INFO - [2024-04-09T08:51:59.810+0000] {dagbag.py:540} INFO - Filling up the DagBag from /home/airflow/.local/lib/python3.12/site-packages/airflow/example_dags/example_display_name.py
[2024-04-09T08:51:59.813+0000] {processor.py:840} INFO - DAG(s) 'example_display_name' retrieved from /home/airflow/.local/lib/python3.12/site-packages/airflow/example_dags/example_display_name.py
[2024-04-09T08:51:59.823+0000] {logging_mixin.py:188} INFO - [2024-04-09T08:51:59.823+0000] {dag.py:3096} INFO - Sync 1 DAGs
[2024-04-09T08:51:59.830+0000] {logging_mixin.py:188} INFO - [2024-04-09T08:51:59.830+0000] {dag.py:3954} INFO - Setting next_dagrun for example_display_name to None, run_after=None
[2024-04-09T08:51:59.841+0000] {processor.py:183} INFO - Processing /home/airflow/.local/lib/python3.12/site-packages/airflow/example_dags/example_display_name.py took 0.035 seconds
[2024-04-09T08:52:30.379+0000] {processor.py:161} INFO - Started process (PID=3240) to work on /home/airflow/.local/lib/python3.12/site-packages/airflow/example_dags/example_display_name.py
[2024-04-09T08:52:30.380+0000] {processor.py:830} INFO - Processing file /home/airflow/.local/lib/python3.12/site-packages/airflow/example_dags/example_display_name.py for tasks to queue
[2024-04-09T08:52:30.381+0000] {logging_mixin.py:188} INFO - [2024-04-09T08:52:30.381+0000] {dagbag.py:540} INFO - Filling up the DagBag from /home/airflow/.local/lib/python3.12/site-packages/airflow/example_dags/example_display_name.py
[2024-04-09T08:52:30.384+0000] {processor.py:840} INFO - DAG(s) 'example_display_name' retrieved from /home/airflow/.local/lib/python3.12/site-packages/airflow/example_dags/example_display_name.py
[2024-04-09T08:52:30.395+0000] {logging_mixin.py:188} INFO - [2024-04-09T08:52:30.395+0000] {dag.py:3096} INFO - Sync 1 DAGs
[2024-04-09T08:52:30.402+0000] {logging_mixin.py:188} INFO - [2024-04-09T08:52:30.402+0000] {dag.py:3954} INFO - Setting next_dagrun for example_display_name to None, run_after=None
[2024-04-09T08:52:30.414+0000] {processor.py:183} INFO - Processing /home/airflow/.local/lib/python3.12/site-packages/airflow/example_dags/example_display_name.py took 0.038 seconds
[2024-04-09T08:53:01.072+0000] {processor.py:161} INFO - Started process (PID=3298) to work on /home/airflow/.local/lib/python3.12/site-packages/airflow/example_dags/example_display_name.py
[2024-04-09T08:53:01.072+0000] {processor.py:830} INFO - Processing file /home/airflow/.local/lib/python3.12/site-packages/airflow/example_dags/example_display_name.py for tasks to queue
[2024-04-09T08:53:01.073+0000] {logging_mixin.py:188} INFO - [2024-04-09T08:53:01.073+0000] {dagbag.py:540} INFO - Filling up the DagBag from /home/airflow/.local/lib/python3.12/site-packages/airflow/example_dags/example_display_name.py
[2024-04-09T08:53:01.076+0000] {processor.py:840} INFO - DAG(s) 'example_display_name' retrieved from /home/airflow/.local/lib/python3.12/site-packages/airflow/example_dags/example_display_name.py
[2024-04-09T08:53:01.086+0000] {logging_mixin.py:188} INFO - [2024-04-09T08:53:01.086+0000] {dag.py:3096} INFO - Sync 1 DAGs
[2024-04-09T08:53:01.093+0000] {logging_mixin.py:188} INFO - [2024-04-09T08:53:01.093+0000] {dag.py:3954} INFO - Setting next_dagrun for example_display_name to None, run_after=None
[2024-04-09T08:53:01.106+0000] {processor.py:183} INFO - Processing /home/airflow/.local/lib/python3.12/site-packages/airflow/example_dags/example_display_name.py took 0.038 seconds
[2024-04-09T08:53:31.179+0000] {processor.py:161} INFO - Started process (PID=3356) to work on /home/airflow/.local/lib/python3.12/site-packages/airflow/example_dags/example_display_name.py
[2024-04-09T08:53:31.180+0000] {processor.py:830} INFO - Processing file /home/airflow/.local/lib/python3.12/site-packages/airflow/example_dags/example_display_name.py for tasks to queue
[2024-04-09T08:53:31.181+0000] {logging_mixin.py:188} INFO - [2024-04-09T08:53:31.181+0000] {dagbag.py:540} INFO - Filling up the DagBag from /home/airflow/.local/lib/python3.12/site-packages/airflow/example_dags/example_display_name.py
[2024-04-09T08:53:31.184+0000] {processor.py:840} INFO - DAG(s) 'example_display_name' retrieved from /home/airflow/.local/lib/python3.12/site-packages/airflow/example_dags/example_display_name.py
[2024-04-09T08:53:31.194+0000] {logging_mixin.py:188} INFO - [2024-04-09T08:53:31.194+0000] {dag.py:3096} INFO - Sync 1 DAGs
[2024-04-09T08:53:31.201+0000] {logging_mixin.py:188} INFO - [2024-04-09T08:53:31.201+0000] {dag.py:3954} INFO - Setting next_dagrun for example_display_name to None, run_after=None
[2024-04-09T08:53:31.212+0000] {processor.py:183} INFO - Processing /home/airflow/.local/lib/python3.12/site-packages/airflow/example_dags/example_display_name.py took 0.036 seconds
[2024-04-09T08:54:01.928+0000] {processor.py:161} INFO - Started process (PID=3414) to work on /home/airflow/.local/lib/python3.12/site-packages/airflow/example_dags/example_display_name.py
[2024-04-09T08:54:01.929+0000] {processor.py:830} INFO - Processing file /home/airflow/.local/lib/python3.12/site-packages/airflow/example_dags/example_display_name.py for tasks to queue
[2024-04-09T08:54:01.930+0000] {logging_mixin.py:188} INFO - [2024-04-09T08:54:01.930+0000] {dagbag.py:540} INFO - Filling up the DagBag from /home/airflow/.local/lib/python3.12/site-packages/airflow/example_dags/example_display_name.py
[2024-04-09T08:54:01.933+0000] {processor.py:840} INFO - DAG(s) 'example_display_name' retrieved from /home/airflow/.local/lib/python3.12/site-packages/airflow/example_dags/example_display_name.py
[2024-04-09T08:54:01.943+0000] {logging_mixin.py:188} INFO - [2024-04-09T08:54:01.943+0000] {dag.py:3096} INFO - Sync 1 DAGs
[2024-04-09T08:54:01.952+0000] {logging_mixin.py:188} INFO - [2024-04-09T08:54:01.951+0000] {dag.py:3954} INFO - Setting next_dagrun for example_display_name to None, run_after=None
[2024-04-09T08:54:01.964+0000] {processor.py:183} INFO - Processing /home/airflow/.local/lib/python3.12/site-packages/airflow/example_dags/example_display_name.py took 0.039 seconds
[2024-04-09T08:54:32.611+0000] {processor.py:161} INFO - Started process (PID=3472) to work on /home/airflow/.local/lib/python3.12/site-packages/airflow/example_dags/example_display_name.py
[2024-04-09T08:54:32.612+0000] {processor.py:830} INFO - Processing file /home/airflow/.local/lib/python3.12/site-packages/airflow/example_dags/example_display_name.py for tasks to queue
[2024-04-09T08:54:32.613+0000] {logging_mixin.py:188} INFO - [2024-04-09T08:54:32.613+0000] {dagbag.py:540} INFO - Filling up the DagBag from /home/airflow/.local/lib/python3.12/site-packages/airflow/example_dags/example_display_name.py
[2024-04-09T08:54:32.616+0000] {processor.py:840} INFO - DAG(s) 'example_display_name' retrieved from /home/airflow/.local/lib/python3.12/site-packages/airflow/example_dags/example_display_name.py
[2024-04-09T08:54:32.625+0000] {logging_mixin.py:188} INFO - [2024-04-09T08:54:32.625+0000] {dag.py:3096} INFO - Sync 1 DAGs
[2024-04-09T08:54:32.632+0000] {logging_mixin.py:188} INFO - [2024-04-09T08:54:32.632+0000] {dag.py:3954} INFO - Setting next_dagrun for example_display_name to None, run_after=None
[2024-04-09T08:54:32.642+0000] {processor.py:183} INFO - Processing /home/airflow/.local/lib/python3.12/site-packages/airflow/example_dags/example_display_name.py took 0.034 seconds
[2024-04-09T08:55:03.251+0000] {processor.py:161} INFO - Started process (PID=3530) to work on /home/airflow/.local/lib/python3.12/site-packages/airflow/example_dags/example_display_name.py
[2024-04-09T08:55:03.251+0000] {processor.py:830} INFO - Processing file /home/airflow/.local/lib/python3.12/site-packages/airflow/example_dags/example_display_name.py for tasks to queue
[2024-04-09T08:55:03.252+0000] {logging_mixin.py:188} INFO - [2024-04-09T08:55:03.252+0000] {dagbag.py:540} INFO - Filling up the DagBag from /home/airflow/.local/lib/python3.12/site-packages/airflow/example_dags/example_display_name.py
[2024-04-09T08:55:03.255+0000] {processor.py:840} INFO - DAG(s) 'example_display_name' retrieved from /home/airflow/.local/lib/python3.12/site-packages/airflow/example_dags/example_display_name.py
[2024-04-09T08:55:03.265+0000] {logging_mixin.py:188} INFO - [2024-04-09T08:55:03.265+0000] {dag.py:3096} INFO - Sync 1 DAGs
[2024-04-09T08:55:03.272+0000] {logging_mixin.py:188} INFO - [2024-04-09T08:55:03.272+0000] {dag.py:3954} INFO - Setting next_dagrun for example_display_name to None, run_after=None
[2024-04-09T08:55:03.284+0000] {processor.py:183} INFO - Processing /home/airflow/.local/lib/python3.12/site-packages/airflow/example_dags/example_display_name.py took 0.036 seconds
[2024-04-09T08:55:33.855+0000] {processor.py:161} INFO - Started process (PID=3588) to work on /home/airflow/.local/lib/python3.12/site-packages/airflow/example_dags/example_display_name.py
[2024-04-09T08:55:33.856+0000] {processor.py:830} INFO - Processing file /home/airflow/.local/lib/python3.12/site-packages/airflow/example_dags/example_display_name.py for tasks to queue
[2024-04-09T08:55:33.857+0000] {logging_mixin.py:188} INFO - [2024-04-09T08:55:33.857+0000] {dagbag.py:540} INFO - Filling up the DagBag from /home/airflow/.local/lib/python3.12/site-packages/airflow/example_dags/example_display_name.py
[2024-04-09T08:55:33.860+0000] {processor.py:840} INFO - DAG(s) 'example_display_name' retrieved from /home/airflow/.local/lib/python3.12/site-packages/airflow/example_dags/example_display_name.py
[2024-04-09T08:55:33.870+0000] {logging_mixin.py:188} INFO - [2024-04-09T08:55:33.870+0000] {dag.py:3096} INFO - Sync 1 DAGs
[2024-04-09T08:55:33.877+0000] {logging_mixin.py:188} INFO - [2024-04-09T08:55:33.877+0000] {dag.py:3954} INFO - Setting next_dagrun for example_display_name to None, run_after=None
[2024-04-09T08:55:33.889+0000] {processor.py:183} INFO - Processing /home/airflow/.local/lib/python3.12/site-packages/airflow/example_dags/example_display_name.py took 0.036 seconds
[2024-04-09T08:56:04.550+0000] {processor.py:161} INFO - Started process (PID=3646) to work on /home/airflow/.local/lib/python3.12/site-packages/airflow/example_dags/example_display_name.py
[2024-04-09T08:56:04.551+0000] {processor.py:830} INFO - Processing file /home/airflow/.local/lib/python3.12/site-packages/airflow/example_dags/example_display_name.py for tasks to queue
[2024-04-09T08:56:04.552+0000] {logging_mixin.py:188} INFO - [2024-04-09T08:56:04.551+0000] {dagbag.py:540} INFO - Filling up the DagBag from /home/airflow/.local/lib/python3.12/site-packages/airflow/example_dags/example_display_name.py
[2024-04-09T08:56:04.555+0000] {processor.py:840} INFO - DAG(s) 'example_display_name' retrieved from /home/airflow/.local/lib/python3.12/site-packages/airflow/example_dags/example_display_name.py
[2024-04-09T08:56:04.566+0000] {logging_mixin.py:188} INFO - [2024-04-09T08:56:04.566+0000] {dag.py:3096} INFO - Sync 1 DAGs
[2024-04-09T08:56:04.573+0000] {logging_mixin.py:188} INFO - [2024-04-09T08:56:04.573+0000] {dag.py:3954} INFO - Setting next_dagrun for example_display_name to None, run_after=None
[2024-04-09T08:56:04.585+0000] {processor.py:183} INFO - Processing /home/airflow/.local/lib/python3.12/site-packages/airflow/example_dags/example_display_name.py took 0.038 seconds
[2024-04-09T08:56:35.265+0000] {processor.py:161} INFO - Started process (PID=3704) to work on /home/airflow/.local/lib/python3.12/site-packages/airflow/example_dags/example_display_name.py
[2024-04-09T08:56:35.265+0000] {processor.py:830} INFO - Processing file /home/airflow/.local/lib/python3.12/site-packages/airflow/example_dags/example_display_name.py for tasks to queue
[2024-04-09T08:56:35.266+0000] {logging_mixin.py:188} INFO - [2024-04-09T08:56:35.266+0000] {dagbag.py:540} INFO - Filling up the DagBag from /home/airflow/.local/lib/python3.12/site-packages/airflow/example_dags/example_display_name.py
[2024-04-09T08:56:35.269+0000] {processor.py:840} INFO - DAG(s) 'example_display_name' retrieved from /home/airflow/.local/lib/python3.12/site-packages/airflow/example_dags/example_display_name.py
[2024-04-09T08:56:35.279+0000] {logging_mixin.py:188} INFO - [2024-04-09T08:56:35.279+0000] {dag.py:3096} INFO - Sync 1 DAGs
[2024-04-09T08:56:35.286+0000] {logging_mixin.py:188} INFO - [2024-04-09T08:56:35.286+0000] {dag.py:3954} INFO - Setting next_dagrun for example_display_name to None, run_after=None
[2024-04-09T08:56:35.297+0000] {processor.py:183} INFO - Processing /home/airflow/.local/lib/python3.12/site-packages/airflow/example_dags/example_display_name.py took 0.035 seconds
[2024-04-09T08:57:05.962+0000] {processor.py:161} INFO - Started process (PID=3762) to work on /home/airflow/.local/lib/python3.12/site-packages/airflow/example_dags/example_display_name.py
[2024-04-09T08:57:05.962+0000] {processor.py:830} INFO - Processing file /home/airflow/.local/lib/python3.12/site-packages/airflow/example_dags/example_display_name.py for tasks to queue
[2024-04-09T08:57:05.963+0000] {logging_mixin.py:188} INFO - [2024-04-09T08:57:05.963+0000] {dagbag.py:540} INFO - Filling up the DagBag from /home/airflow/.local/lib/python3.12/site-packages/airflow/example_dags/example_display_name.py
[2024-04-09T08:57:05.967+0000] {processor.py:840} INFO - DAG(s) 'example_display_name' retrieved from /home/airflow/.local/lib/python3.12/site-packages/airflow/example_dags/example_display_name.py
[2024-04-09T08:57:05.978+0000] {logging_mixin.py:188} INFO - [2024-04-09T08:57:05.978+0000] {dag.py:3096} INFO - Sync 1 DAGs
[2024-04-09T08:57:05.986+0000] {logging_mixin.py:188} INFO - [2024-04-09T08:57:05.986+0000] {dag.py:3954} INFO - Setting next_dagrun for example_display_name to None, run_after=None
[2024-04-09T08:57:05.999+0000] {processor.py:183} INFO - Processing /home/airflow/.local/lib/python3.12/site-packages/airflow/example_dags/example_display_name.py took 0.040 seconds
[2024-04-09T08:57:36.611+0000] {processor.py:161} INFO - Started process (PID=3820) to work on /home/airflow/.local/lib/python3.12/site-packages/airflow/example_dags/example_display_name.py
[2024-04-09T08:57:36.612+0000] {processor.py:830} INFO - Processing file /home/airflow/.local/lib/python3.12/site-packages/airflow/example_dags/example_display_name.py for tasks to queue
[2024-04-09T08:57:36.613+0000] {logging_mixin.py:188} INFO - [2024-04-09T08:57:36.613+0000] {dagbag.py:540} INFO - Filling up the DagBag from /home/airflow/.local/lib/python3.12/site-packages/airflow/example_dags/example_display_name.py
[2024-04-09T08:57:36.617+0000] {processor.py:840} INFO - DAG(s) 'example_display_name' retrieved from /home/airflow/.local/lib/python3.12/site-packages/airflow/example_dags/example_display_name.py
[2024-04-09T08:57:36.631+0000] {logging_mixin.py:188} INFO - [2024-04-09T08:57:36.631+0000] {dag.py:3096} INFO - Sync 1 DAGs
[2024-04-09T08:57:36.641+0000] {logging_mixin.py:188} INFO - [2024-04-09T08:57:36.641+0000] {dag.py:3954} INFO - Setting next_dagrun for example_display_name to None, run_after=None
[2024-04-09T08:57:36.653+0000] {processor.py:183} INFO - Processing /home/airflow/.local/lib/python3.12/site-packages/airflow/example_dags/example_display_name.py took 0.045 seconds
[2024-04-09T08:58:06.732+0000] {processor.py:161} INFO - Started process (PID=3878) to work on /home/airflow/.local/lib/python3.12/site-packages/airflow/example_dags/example_display_name.py
[2024-04-09T08:58:06.732+0000] {processor.py:830} INFO - Processing file /home/airflow/.local/lib/python3.12/site-packages/airflow/example_dags/example_display_name.py for tasks to queue
[2024-04-09T08:58:06.733+0000] {logging_mixin.py:188} INFO - [2024-04-09T08:58:06.733+0000] {dagbag.py:540} INFO - Filling up the DagBag from /home/airflow/.local/lib/python3.12/site-packages/airflow/example_dags/example_display_name.py
[2024-04-09T08:58:06.736+0000] {processor.py:840} INFO - DAG(s) 'example_display_name' retrieved from /home/airflow/.local/lib/python3.12/site-packages/airflow/example_dags/example_display_name.py
[2024-04-09T08:58:06.748+0000] {logging_mixin.py:188} INFO - [2024-04-09T08:58:06.747+0000] {dag.py:3096} INFO - Sync 1 DAGs
[2024-04-09T08:58:06.757+0000] {logging_mixin.py:188} INFO - [2024-04-09T08:58:06.757+0000] {dag.py:3954} INFO - Setting next_dagrun for example_display_name to None, run_after=None
[2024-04-09T08:58:06.769+0000] {processor.py:183} INFO - Processing /home/airflow/.local/lib/python3.12/site-packages/airflow/example_dags/example_display_name.py took 0.041 seconds
[2024-04-09T08:58:36.808+0000] {processor.py:161} INFO - Started process (PID=3936) to work on /home/airflow/.local/lib/python3.12/site-packages/airflow/example_dags/example_display_name.py
[2024-04-09T08:58:36.809+0000] {processor.py:830} INFO - Processing file /home/airflow/.local/lib/python3.12/site-packages/airflow/example_dags/example_display_name.py for tasks to queue
[2024-04-09T08:58:36.809+0000] {logging_mixin.py:188} INFO - [2024-04-09T08:58:36.809+0000] {dagbag.py:540} INFO - Filling up the DagBag from /home/airflow/.local/lib/python3.12/site-packages/airflow/example_dags/example_display_name.py
[2024-04-09T08:58:36.813+0000] {processor.py:840} INFO - DAG(s) 'example_display_name' retrieved from /home/airflow/.local/lib/python3.12/site-packages/airflow/example_dags/example_display_name.py
[2024-04-09T08:58:36.825+0000] {logging_mixin.py:188} INFO - [2024-04-09T08:58:36.825+0000] {dag.py:3096} INFO - Sync 1 DAGs
[2024-04-09T08:58:36.834+0000] {logging_mixin.py:188} INFO - [2024-04-09T08:58:36.833+0000] {dag.py:3954} INFO - Setting next_dagrun for example_display_name to None, run_after=None
[2024-04-09T08:58:36.849+0000] {processor.py:183} INFO - Processing /home/airflow/.local/lib/python3.12/site-packages/airflow/example_dags/example_display_name.py took 0.043 seconds
