[2024-04-09T08:24:29.368+0000] {processor.py:161} INFO - Started process (PID=57) to work on /home/airflow/.local/lib/python3.12/site-packages/airflow/example_dags/example_setup_teardown.py
[2024-04-09T08:24:29.368+0000] {processor.py:830} INFO - Processing file /home/airflow/.local/lib/python3.12/site-packages/airflow/example_dags/example_setup_teardown.py for tasks to queue
[2024-04-09T08:24:29.369+0000] {logging_mixin.py:188} INFO - [2024-04-09T08:24:29.369+0000] {dagbag.py:540} INFO - Filling up the DagBag from /home/airflow/.local/lib/python3.12/site-packages/airflow/example_dags/example_setup_teardown.py
[2024-04-09T08:24:29.376+0000] {processor.py:840} INFO - DAG(s) 'example_setup_teardown' retrieved from /home/airflow/.local/lib/python3.12/site-packages/airflow/example_dags/example_setup_teardown.py
[2024-04-09T08:24:29.386+0000] {logging_mixin.py:188} INFO - [2024-04-09T08:24:29.386+0000] {dag.py:3096} INFO - Sync 1 DAGs
[2024-04-09T08:24:29.408+0000] {logging_mixin.py:188} INFO - [2024-04-09T08:24:29.408+0000] {dag.py:3954} INFO - Setting next_dagrun for example_setup_teardown to 2024-04-08 00:00:00+00:00, run_after=2024-04-09 00:00:00+00:00
[2024-04-09T08:24:29.421+0000] {processor.py:183} INFO - Processing /home/airflow/.local/lib/python3.12/site-packages/airflow/example_dags/example_setup_teardown.py took 0.056 seconds
[2024-04-09T08:24:59.847+0000] {processor.py:161} INFO - Started process (PID=115) to work on /home/airflow/.local/lib/python3.12/site-packages/airflow/example_dags/example_setup_teardown.py
[2024-04-09T08:24:59.848+0000] {processor.py:830} INFO - Processing file /home/airflow/.local/lib/python3.12/site-packages/airflow/example_dags/example_setup_teardown.py for tasks to queue
[2024-04-09T08:24:59.849+0000] {logging_mixin.py:188} INFO - [2024-04-09T08:24:59.849+0000] {dagbag.py:540} INFO - Filling up the DagBag from /home/airflow/.local/lib/python3.12/site-packages/airflow/example_dags/example_setup_teardown.py
[2024-04-09T08:24:59.852+0000] {processor.py:840} INFO - DAG(s) 'example_setup_teardown' retrieved from /home/airflow/.local/lib/python3.12/site-packages/airflow/example_dags/example_setup_teardown.py
[2024-04-09T08:24:59.912+0000] {logging_mixin.py:188} INFO - [2024-04-09T08:24:59.912+0000] {dag.py:3096} INFO - Sync 1 DAGs
[2024-04-09T08:24:59.925+0000] {logging_mixin.py:188} INFO - [2024-04-09T08:24:59.925+0000] {dag.py:3954} INFO - Setting next_dagrun for example_setup_teardown to 2024-04-08 00:00:00+00:00, run_after=2024-04-09 00:00:00+00:00
[2024-04-09T08:24:59.938+0000] {processor.py:183} INFO - Processing /home/airflow/.local/lib/python3.12/site-packages/airflow/example_dags/example_setup_teardown.py took 0.093 seconds
[2024-04-09T08:25:30.399+0000] {processor.py:161} INFO - Started process (PID=173) to work on /home/airflow/.local/lib/python3.12/site-packages/airflow/example_dags/example_setup_teardown.py
[2024-04-09T08:25:30.400+0000] {processor.py:830} INFO - Processing file /home/airflow/.local/lib/python3.12/site-packages/airflow/example_dags/example_setup_teardown.py for tasks to queue
[2024-04-09T08:25:30.401+0000] {logging_mixin.py:188} INFO - [2024-04-09T08:25:30.401+0000] {dagbag.py:540} INFO - Filling up the DagBag from /home/airflow/.local/lib/python3.12/site-packages/airflow/example_dags/example_setup_teardown.py
[2024-04-09T08:25:30.404+0000] {processor.py:840} INFO - DAG(s) 'example_setup_teardown' retrieved from /home/airflow/.local/lib/python3.12/site-packages/airflow/example_dags/example_setup_teardown.py
[2024-04-09T08:25:30.414+0000] {logging_mixin.py:188} INFO - [2024-04-09T08:25:30.414+0000] {dag.py:3096} INFO - Sync 1 DAGs
[2024-04-09T08:25:30.427+0000] {logging_mixin.py:188} INFO - [2024-04-09T08:25:30.427+0000] {dag.py:3954} INFO - Setting next_dagrun for example_setup_teardown to 2024-04-08 00:00:00+00:00, run_after=2024-04-09 00:00:00+00:00
[2024-04-09T08:25:30.439+0000] {processor.py:183} INFO - Processing /home/airflow/.local/lib/python3.12/site-packages/airflow/example_dags/example_setup_teardown.py took 0.043 seconds
[2024-04-09T08:26:01.126+0000] {processor.py:161} INFO - Started process (PID=231) to work on /home/airflow/.local/lib/python3.12/site-packages/airflow/example_dags/example_setup_teardown.py
[2024-04-09T08:26:01.126+0000] {processor.py:830} INFO - Processing file /home/airflow/.local/lib/python3.12/site-packages/airflow/example_dags/example_setup_teardown.py for tasks to queue
[2024-04-09T08:26:01.127+0000] {logging_mixin.py:188} INFO - [2024-04-09T08:26:01.127+0000] {dagbag.py:540} INFO - Filling up the DagBag from /home/airflow/.local/lib/python3.12/site-packages/airflow/example_dags/example_setup_teardown.py
[2024-04-09T08:26:01.131+0000] {processor.py:840} INFO - DAG(s) 'example_setup_teardown' retrieved from /home/airflow/.local/lib/python3.12/site-packages/airflow/example_dags/example_setup_teardown.py
[2024-04-09T08:26:01.142+0000] {logging_mixin.py:188} INFO - [2024-04-09T08:26:01.142+0000] {dag.py:3096} INFO - Sync 1 DAGs
[2024-04-09T08:26:01.154+0000] {logging_mixin.py:188} INFO - [2024-04-09T08:26:01.154+0000] {dag.py:3954} INFO - Setting next_dagrun for example_setup_teardown to 2024-04-08 00:00:00+00:00, run_after=2024-04-09 00:00:00+00:00
[2024-04-09T08:26:01.166+0000] {processor.py:183} INFO - Processing /home/airflow/.local/lib/python3.12/site-packages/airflow/example_dags/example_setup_teardown.py took 0.043 seconds
[2024-04-09T08:26:31.936+0000] {processor.py:161} INFO - Started process (PID=289) to work on /home/airflow/.local/lib/python3.12/site-packages/airflow/example_dags/example_setup_teardown.py
[2024-04-09T08:26:31.937+0000] {processor.py:830} INFO - Processing file /home/airflow/.local/lib/python3.12/site-packages/airflow/example_dags/example_setup_teardown.py for tasks to queue
[2024-04-09T08:26:31.938+0000] {logging_mixin.py:188} INFO - [2024-04-09T08:26:31.938+0000] {dagbag.py:540} INFO - Filling up the DagBag from /home/airflow/.local/lib/python3.12/site-packages/airflow/example_dags/example_setup_teardown.py
[2024-04-09T08:26:31.942+0000] {processor.py:840} INFO - DAG(s) 'example_setup_teardown' retrieved from /home/airflow/.local/lib/python3.12/site-packages/airflow/example_dags/example_setup_teardown.py
[2024-04-09T08:26:31.953+0000] {logging_mixin.py:188} INFO - [2024-04-09T08:26:31.953+0000] {dag.py:3096} INFO - Sync 1 DAGs
[2024-04-09T08:26:31.966+0000] {logging_mixin.py:188} INFO - [2024-04-09T08:26:31.965+0000] {dag.py:3954} INFO - Setting next_dagrun for example_setup_teardown to 2024-04-08 00:00:00+00:00, run_after=2024-04-09 00:00:00+00:00
[2024-04-09T08:26:31.979+0000] {processor.py:183} INFO - Processing /home/airflow/.local/lib/python3.12/site-packages/airflow/example_dags/example_setup_teardown.py took 0.045 seconds
[2024-04-09T08:27:02.136+0000] {processor.py:161} INFO - Started process (PID=347) to work on /home/airflow/.local/lib/python3.12/site-packages/airflow/example_dags/example_setup_teardown.py
[2024-04-09T08:27:02.137+0000] {processor.py:830} INFO - Processing file /home/airflow/.local/lib/python3.12/site-packages/airflow/example_dags/example_setup_teardown.py for tasks to queue
[2024-04-09T08:27:02.138+0000] {logging_mixin.py:188} INFO - [2024-04-09T08:27:02.138+0000] {dagbag.py:540} INFO - Filling up the DagBag from /home/airflow/.local/lib/python3.12/site-packages/airflow/example_dags/example_setup_teardown.py
[2024-04-09T08:27:02.142+0000] {processor.py:840} INFO - DAG(s) 'example_setup_teardown' retrieved from /home/airflow/.local/lib/python3.12/site-packages/airflow/example_dags/example_setup_teardown.py
[2024-04-09T08:27:02.154+0000] {logging_mixin.py:188} INFO - [2024-04-09T08:27:02.154+0000] {dag.py:3096} INFO - Sync 1 DAGs
[2024-04-09T08:27:02.168+0000] {logging_mixin.py:188} INFO - [2024-04-09T08:27:02.168+0000] {dag.py:3954} INFO - Setting next_dagrun for example_setup_teardown to 2024-04-08 00:00:00+00:00, run_after=2024-04-09 00:00:00+00:00
[2024-04-09T08:27:02.181+0000] {processor.py:183} INFO - Processing /home/airflow/.local/lib/python3.12/site-packages/airflow/example_dags/example_setup_teardown.py took 0.049 seconds
[2024-04-09T08:27:33.225+0000] {processor.py:161} INFO - Started process (PID=405) to work on /home/airflow/.local/lib/python3.12/site-packages/airflow/example_dags/example_setup_teardown.py
[2024-04-09T08:27:33.225+0000] {processor.py:830} INFO - Processing file /home/airflow/.local/lib/python3.12/site-packages/airflow/example_dags/example_setup_teardown.py for tasks to queue
[2024-04-09T08:27:33.226+0000] {logging_mixin.py:188} INFO - [2024-04-09T08:27:33.226+0000] {dagbag.py:540} INFO - Filling up the DagBag from /home/airflow/.local/lib/python3.12/site-packages/airflow/example_dags/example_setup_teardown.py
[2024-04-09T08:27:33.230+0000] {processor.py:840} INFO - DAG(s) 'example_setup_teardown' retrieved from /home/airflow/.local/lib/python3.12/site-packages/airflow/example_dags/example_setup_teardown.py
[2024-04-09T08:27:33.240+0000] {logging_mixin.py:188} INFO - [2024-04-09T08:27:33.240+0000] {dag.py:3096} INFO - Sync 1 DAGs
[2024-04-09T08:27:33.252+0000] {logging_mixin.py:188} INFO - [2024-04-09T08:27:33.252+0000] {dag.py:3954} INFO - Setting next_dagrun for example_setup_teardown to 2024-04-08 00:00:00+00:00, run_after=2024-04-09 00:00:00+00:00
[2024-04-09T08:27:33.262+0000] {processor.py:183} INFO - Processing /home/airflow/.local/lib/python3.12/site-packages/airflow/example_dags/example_setup_teardown.py took 0.040 seconds
[2024-04-09T08:28:03.474+0000] {processor.py:161} INFO - Started process (PID=463) to work on /home/airflow/.local/lib/python3.12/site-packages/airflow/example_dags/example_setup_teardown.py
[2024-04-09T08:28:03.475+0000] {processor.py:830} INFO - Processing file /home/airflow/.local/lib/python3.12/site-packages/airflow/example_dags/example_setup_teardown.py for tasks to queue
[2024-04-09T08:28:03.476+0000] {logging_mixin.py:188} INFO - [2024-04-09T08:28:03.476+0000] {dagbag.py:540} INFO - Filling up the DagBag from /home/airflow/.local/lib/python3.12/site-packages/airflow/example_dags/example_setup_teardown.py
[2024-04-09T08:28:03.480+0000] {processor.py:840} INFO - DAG(s) 'example_setup_teardown' retrieved from /home/airflow/.local/lib/python3.12/site-packages/airflow/example_dags/example_setup_teardown.py
[2024-04-09T08:28:03.491+0000] {logging_mixin.py:188} INFO - [2024-04-09T08:28:03.491+0000] {dag.py:3096} INFO - Sync 1 DAGs
[2024-04-09T08:28:03.504+0000] {logging_mixin.py:188} INFO - [2024-04-09T08:28:03.504+0000] {dag.py:3954} INFO - Setting next_dagrun for example_setup_teardown to 2024-04-08 00:00:00+00:00, run_after=2024-04-09 00:00:00+00:00
[2024-04-09T08:28:03.515+0000] {processor.py:183} INFO - Processing /home/airflow/.local/lib/python3.12/site-packages/airflow/example_dags/example_setup_teardown.py took 0.043 seconds
[2024-04-09T08:28:34.442+0000] {processor.py:161} INFO - Started process (PID=521) to work on /home/airflow/.local/lib/python3.12/site-packages/airflow/example_dags/example_setup_teardown.py
[2024-04-09T08:28:34.442+0000] {processor.py:830} INFO - Processing file /home/airflow/.local/lib/python3.12/site-packages/airflow/example_dags/example_setup_teardown.py for tasks to queue
[2024-04-09T08:28:34.443+0000] {logging_mixin.py:188} INFO - [2024-04-09T08:28:34.443+0000] {dagbag.py:540} INFO - Filling up the DagBag from /home/airflow/.local/lib/python3.12/site-packages/airflow/example_dags/example_setup_teardown.py
[2024-04-09T08:28:34.447+0000] {processor.py:840} INFO - DAG(s) 'example_setup_teardown' retrieved from /home/airflow/.local/lib/python3.12/site-packages/airflow/example_dags/example_setup_teardown.py
[2024-04-09T08:28:34.458+0000] {logging_mixin.py:188} INFO - [2024-04-09T08:28:34.458+0000] {dag.py:3096} INFO - Sync 1 DAGs
[2024-04-09T08:28:34.471+0000] {logging_mixin.py:188} INFO - [2024-04-09T08:28:34.471+0000] {dag.py:3954} INFO - Setting next_dagrun for example_setup_teardown to 2024-04-08 00:00:00+00:00, run_after=2024-04-09 00:00:00+00:00
[2024-04-09T08:28:34.482+0000] {processor.py:183} INFO - Processing /home/airflow/.local/lib/python3.12/site-packages/airflow/example_dags/example_setup_teardown.py took 0.044 seconds
[2024-04-09T08:29:04.966+0000] {processor.py:161} INFO - Started process (PID=579) to work on /home/airflow/.local/lib/python3.12/site-packages/airflow/example_dags/example_setup_teardown.py
[2024-04-09T08:29:04.967+0000] {processor.py:830} INFO - Processing file /home/airflow/.local/lib/python3.12/site-packages/airflow/example_dags/example_setup_teardown.py for tasks to queue
[2024-04-09T08:29:04.968+0000] {logging_mixin.py:188} INFO - [2024-04-09T08:29:04.968+0000] {dagbag.py:540} INFO - Filling up the DagBag from /home/airflow/.local/lib/python3.12/site-packages/airflow/example_dags/example_setup_teardown.py
[2024-04-09T08:29:04.972+0000] {processor.py:840} INFO - DAG(s) 'example_setup_teardown' retrieved from /home/airflow/.local/lib/python3.12/site-packages/airflow/example_dags/example_setup_teardown.py
[2024-04-09T08:29:04.983+0000] {logging_mixin.py:188} INFO - [2024-04-09T08:29:04.982+0000] {dag.py:3096} INFO - Sync 1 DAGs
[2024-04-09T08:29:04.995+0000] {logging_mixin.py:188} INFO - [2024-04-09T08:29:04.994+0000] {dag.py:3954} INFO - Setting next_dagrun for example_setup_teardown to 2024-04-08 00:00:00+00:00, run_after=2024-04-09 00:00:00+00:00
[2024-04-09T08:29:05.006+0000] {processor.py:183} INFO - Processing /home/airflow/.local/lib/python3.12/site-packages/airflow/example_dags/example_setup_teardown.py took 0.043 seconds
[2024-04-09T08:29:35.818+0000] {processor.py:161} INFO - Started process (PID=637) to work on /home/airflow/.local/lib/python3.12/site-packages/airflow/example_dags/example_setup_teardown.py
[2024-04-09T08:29:35.819+0000] {processor.py:830} INFO - Processing file /home/airflow/.local/lib/python3.12/site-packages/airflow/example_dags/example_setup_teardown.py for tasks to queue
[2024-04-09T08:29:35.820+0000] {logging_mixin.py:188} INFO - [2024-04-09T08:29:35.820+0000] {dagbag.py:540} INFO - Filling up the DagBag from /home/airflow/.local/lib/python3.12/site-packages/airflow/example_dags/example_setup_teardown.py
[2024-04-09T08:29:35.823+0000] {processor.py:840} INFO - DAG(s) 'example_setup_teardown' retrieved from /home/airflow/.local/lib/python3.12/site-packages/airflow/example_dags/example_setup_teardown.py
[2024-04-09T08:29:35.834+0000] {logging_mixin.py:188} INFO - [2024-04-09T08:29:35.834+0000] {dag.py:3096} INFO - Sync 1 DAGs
[2024-04-09T08:29:35.847+0000] {logging_mixin.py:188} INFO - [2024-04-09T08:29:35.847+0000] {dag.py:3954} INFO - Setting next_dagrun for example_setup_teardown to 2024-04-08 00:00:00+00:00, run_after=2024-04-09 00:00:00+00:00
[2024-04-09T08:29:35.859+0000] {processor.py:183} INFO - Processing /home/airflow/.local/lib/python3.12/site-packages/airflow/example_dags/example_setup_teardown.py took 0.044 seconds
[2024-04-09T08:30:06.541+0000] {processor.py:161} INFO - Started process (PID=695) to work on /home/airflow/.local/lib/python3.12/site-packages/airflow/example_dags/example_setup_teardown.py
[2024-04-09T08:30:06.542+0000] {processor.py:830} INFO - Processing file /home/airflow/.local/lib/python3.12/site-packages/airflow/example_dags/example_setup_teardown.py for tasks to queue
[2024-04-09T08:30:06.543+0000] {logging_mixin.py:188} INFO - [2024-04-09T08:30:06.543+0000] {dagbag.py:540} INFO - Filling up the DagBag from /home/airflow/.local/lib/python3.12/site-packages/airflow/example_dags/example_setup_teardown.py
[2024-04-09T08:30:06.546+0000] {processor.py:840} INFO - DAG(s) 'example_setup_teardown' retrieved from /home/airflow/.local/lib/python3.12/site-packages/airflow/example_dags/example_setup_teardown.py
[2024-04-09T08:30:06.558+0000] {logging_mixin.py:188} INFO - [2024-04-09T08:30:06.558+0000] {dag.py:3096} INFO - Sync 1 DAGs
[2024-04-09T08:30:06.571+0000] {logging_mixin.py:188} INFO - [2024-04-09T08:30:06.570+0000] {dag.py:3954} INFO - Setting next_dagrun for example_setup_teardown to 2024-04-08 00:00:00+00:00, run_after=2024-04-09 00:00:00+00:00
[2024-04-09T08:30:06.581+0000] {processor.py:183} INFO - Processing /home/airflow/.local/lib/python3.12/site-packages/airflow/example_dags/example_setup_teardown.py took 0.043 seconds
[2024-04-09T08:30:37.262+0000] {processor.py:161} INFO - Started process (PID=753) to work on /home/airflow/.local/lib/python3.12/site-packages/airflow/example_dags/example_setup_teardown.py
[2024-04-09T08:30:37.263+0000] {processor.py:830} INFO - Processing file /home/airflow/.local/lib/python3.12/site-packages/airflow/example_dags/example_setup_teardown.py for tasks to queue
[2024-04-09T08:30:37.264+0000] {logging_mixin.py:188} INFO - [2024-04-09T08:30:37.264+0000] {dagbag.py:540} INFO - Filling up the DagBag from /home/airflow/.local/lib/python3.12/site-packages/airflow/example_dags/example_setup_teardown.py
[2024-04-09T08:30:37.268+0000] {processor.py:840} INFO - DAG(s) 'example_setup_teardown' retrieved from /home/airflow/.local/lib/python3.12/site-packages/airflow/example_dags/example_setup_teardown.py
[2024-04-09T08:30:37.280+0000] {logging_mixin.py:188} INFO - [2024-04-09T08:30:37.280+0000] {dag.py:3096} INFO - Sync 1 DAGs
[2024-04-09T08:30:37.294+0000] {logging_mixin.py:188} INFO - [2024-04-09T08:30:37.294+0000] {dag.py:3954} INFO - Setting next_dagrun for example_setup_teardown to 2024-04-08 00:00:00+00:00, run_after=2024-04-09 00:00:00+00:00
[2024-04-09T08:30:37.305+0000] {processor.py:183} INFO - Processing /home/airflow/.local/lib/python3.12/site-packages/airflow/example_dags/example_setup_teardown.py took 0.046 seconds
[2024-04-09T08:31:07.577+0000] {processor.py:161} INFO - Started process (PID=811) to work on /home/airflow/.local/lib/python3.12/site-packages/airflow/example_dags/example_setup_teardown.py
[2024-04-09T08:31:07.577+0000] {processor.py:830} INFO - Processing file /home/airflow/.local/lib/python3.12/site-packages/airflow/example_dags/example_setup_teardown.py for tasks to queue
[2024-04-09T08:31:07.578+0000] {logging_mixin.py:188} INFO - [2024-04-09T08:31:07.578+0000] {dagbag.py:540} INFO - Filling up the DagBag from /home/airflow/.local/lib/python3.12/site-packages/airflow/example_dags/example_setup_teardown.py
[2024-04-09T08:31:07.582+0000] {processor.py:840} INFO - DAG(s) 'example_setup_teardown' retrieved from /home/airflow/.local/lib/python3.12/site-packages/airflow/example_dags/example_setup_teardown.py
[2024-04-09T08:31:07.597+0000] {logging_mixin.py:188} INFO - [2024-04-09T08:31:07.596+0000] {dag.py:3096} INFO - Sync 1 DAGs
[2024-04-09T08:31:07.611+0000] {logging_mixin.py:188} INFO - [2024-04-09T08:31:07.611+0000] {dag.py:3954} INFO - Setting next_dagrun for example_setup_teardown to 2024-04-08 00:00:00+00:00, run_after=2024-04-09 00:00:00+00:00
[2024-04-09T08:31:07.623+0000] {processor.py:183} INFO - Processing /home/airflow/.local/lib/python3.12/site-packages/airflow/example_dags/example_setup_teardown.py took 0.050 seconds
[2024-04-09T08:31:38.142+0000] {processor.py:161} INFO - Started process (PID=869) to work on /home/airflow/.local/lib/python3.12/site-packages/airflow/example_dags/example_setup_teardown.py
[2024-04-09T08:31:38.143+0000] {processor.py:830} INFO - Processing file /home/airflow/.local/lib/python3.12/site-packages/airflow/example_dags/example_setup_teardown.py for tasks to queue
[2024-04-09T08:31:38.144+0000] {logging_mixin.py:188} INFO - [2024-04-09T08:31:38.144+0000] {dagbag.py:540} INFO - Filling up the DagBag from /home/airflow/.local/lib/python3.12/site-packages/airflow/example_dags/example_setup_teardown.py
[2024-04-09T08:31:38.149+0000] {processor.py:840} INFO - DAG(s) 'example_setup_teardown' retrieved from /home/airflow/.local/lib/python3.12/site-packages/airflow/example_dags/example_setup_teardown.py
[2024-04-09T08:31:38.166+0000] {logging_mixin.py:188} INFO - [2024-04-09T08:31:38.165+0000] {dag.py:3096} INFO - Sync 1 DAGs
[2024-04-09T08:31:38.181+0000] {logging_mixin.py:188} INFO - [2024-04-09T08:31:38.181+0000] {dag.py:3954} INFO - Setting next_dagrun for example_setup_teardown to 2024-04-08 00:00:00+00:00, run_after=2024-04-09 00:00:00+00:00
[2024-04-09T08:31:38.329+0000] {processor.py:183} INFO - Processing /home/airflow/.local/lib/python3.12/site-packages/airflow/example_dags/example_setup_teardown.py took 0.191 seconds
[2024-04-09T08:32:08.536+0000] {processor.py:161} INFO - Started process (PID=927) to work on /home/airflow/.local/lib/python3.12/site-packages/airflow/example_dags/example_setup_teardown.py
[2024-04-09T08:32:08.536+0000] {processor.py:830} INFO - Processing file /home/airflow/.local/lib/python3.12/site-packages/airflow/example_dags/example_setup_teardown.py for tasks to queue
[2024-04-09T08:32:08.537+0000] {logging_mixin.py:188} INFO - [2024-04-09T08:32:08.537+0000] {dagbag.py:540} INFO - Filling up the DagBag from /home/airflow/.local/lib/python3.12/site-packages/airflow/example_dags/example_setup_teardown.py
[2024-04-09T08:32:08.541+0000] {processor.py:840} INFO - DAG(s) 'example_setup_teardown' retrieved from /home/airflow/.local/lib/python3.12/site-packages/airflow/example_dags/example_setup_teardown.py
[2024-04-09T08:32:08.553+0000] {logging_mixin.py:188} INFO - [2024-04-09T08:32:08.552+0000] {dag.py:3096} INFO - Sync 1 DAGs
[2024-04-09T08:32:08.566+0000] {logging_mixin.py:188} INFO - [2024-04-09T08:32:08.565+0000] {dag.py:3954} INFO - Setting next_dagrun for example_setup_teardown to 2024-04-08 00:00:00+00:00, run_after=2024-04-09 00:00:00+00:00
[2024-04-09T08:32:08.695+0000] {processor.py:183} INFO - Processing /home/airflow/.local/lib/python3.12/site-packages/airflow/example_dags/example_setup_teardown.py took 0.163 seconds
[2024-04-09T08:32:38.860+0000] {processor.py:161} INFO - Started process (PID=985) to work on /home/airflow/.local/lib/python3.12/site-packages/airflow/example_dags/example_setup_teardown.py
[2024-04-09T08:32:38.860+0000] {processor.py:830} INFO - Processing file /home/airflow/.local/lib/python3.12/site-packages/airflow/example_dags/example_setup_teardown.py for tasks to queue
[2024-04-09T08:32:38.861+0000] {logging_mixin.py:188} INFO - [2024-04-09T08:32:38.861+0000] {dagbag.py:540} INFO - Filling up the DagBag from /home/airflow/.local/lib/python3.12/site-packages/airflow/example_dags/example_setup_teardown.py
[2024-04-09T08:32:38.865+0000] {processor.py:840} INFO - DAG(s) 'example_setup_teardown' retrieved from /home/airflow/.local/lib/python3.12/site-packages/airflow/example_dags/example_setup_teardown.py
[2024-04-09T08:32:38.876+0000] {logging_mixin.py:188} INFO - [2024-04-09T08:32:38.876+0000] {dag.py:3096} INFO - Sync 1 DAGs
[2024-04-09T08:32:38.890+0000] {logging_mixin.py:188} INFO - [2024-04-09T08:32:38.890+0000] {dag.py:3954} INFO - Setting next_dagrun for example_setup_teardown to 2024-04-08 00:00:00+00:00, run_after=2024-04-09 00:00:00+00:00
[2024-04-09T08:32:39.012+0000] {processor.py:183} INFO - Processing /home/airflow/.local/lib/python3.12/site-packages/airflow/example_dags/example_setup_teardown.py took 0.156 seconds
[2024-04-09T08:33:09.177+0000] {processor.py:161} INFO - Started process (PID=1043) to work on /home/airflow/.local/lib/python3.12/site-packages/airflow/example_dags/example_setup_teardown.py
[2024-04-09T08:33:09.178+0000] {processor.py:830} INFO - Processing file /home/airflow/.local/lib/python3.12/site-packages/airflow/example_dags/example_setup_teardown.py for tasks to queue
[2024-04-09T08:33:09.179+0000] {logging_mixin.py:188} INFO - [2024-04-09T08:33:09.179+0000] {dagbag.py:540} INFO - Filling up the DagBag from /home/airflow/.local/lib/python3.12/site-packages/airflow/example_dags/example_setup_teardown.py
[2024-04-09T08:33:09.182+0000] {processor.py:840} INFO - DAG(s) 'example_setup_teardown' retrieved from /home/airflow/.local/lib/python3.12/site-packages/airflow/example_dags/example_setup_teardown.py
[2024-04-09T08:33:09.194+0000] {logging_mixin.py:188} INFO - [2024-04-09T08:33:09.194+0000] {dag.py:3096} INFO - Sync 1 DAGs
[2024-04-09T08:33:09.207+0000] {logging_mixin.py:188} INFO - [2024-04-09T08:33:09.207+0000] {dag.py:3954} INFO - Setting next_dagrun for example_setup_teardown to 2024-04-08 00:00:00+00:00, run_after=2024-04-09 00:00:00+00:00
[2024-04-09T08:33:09.219+0000] {processor.py:183} INFO - Processing /home/airflow/.local/lib/python3.12/site-packages/airflow/example_dags/example_setup_teardown.py took 0.045 seconds
[2024-04-09T08:33:40.134+0000] {processor.py:161} INFO - Started process (PID=1101) to work on /home/airflow/.local/lib/python3.12/site-packages/airflow/example_dags/example_setup_teardown.py
[2024-04-09T08:33:40.134+0000] {processor.py:830} INFO - Processing file /home/airflow/.local/lib/python3.12/site-packages/airflow/example_dags/example_setup_teardown.py for tasks to queue
[2024-04-09T08:33:40.135+0000] {logging_mixin.py:188} INFO - [2024-04-09T08:33:40.135+0000] {dagbag.py:540} INFO - Filling up the DagBag from /home/airflow/.local/lib/python3.12/site-packages/airflow/example_dags/example_setup_teardown.py
[2024-04-09T08:33:40.139+0000] {processor.py:840} INFO - DAG(s) 'example_setup_teardown' retrieved from /home/airflow/.local/lib/python3.12/site-packages/airflow/example_dags/example_setup_teardown.py
[2024-04-09T08:33:40.151+0000] {logging_mixin.py:188} INFO - [2024-04-09T08:33:40.151+0000] {dag.py:3096} INFO - Sync 1 DAGs
[2024-04-09T08:33:40.164+0000] {logging_mixin.py:188} INFO - [2024-04-09T08:33:40.164+0000] {dag.py:3954} INFO - Setting next_dagrun for example_setup_teardown to 2024-04-08 00:00:00+00:00, run_after=2024-04-09 00:00:00+00:00
[2024-04-09T08:33:40.175+0000] {processor.py:183} INFO - Processing /home/airflow/.local/lib/python3.12/site-packages/airflow/example_dags/example_setup_teardown.py took 0.044 seconds
[2024-04-09T08:34:10.882+0000] {processor.py:161} INFO - Started process (PID=1159) to work on /home/airflow/.local/lib/python3.12/site-packages/airflow/example_dags/example_setup_teardown.py
[2024-04-09T08:34:10.883+0000] {processor.py:830} INFO - Processing file /home/airflow/.local/lib/python3.12/site-packages/airflow/example_dags/example_setup_teardown.py for tasks to queue
[2024-04-09T08:34:10.884+0000] {logging_mixin.py:188} INFO - [2024-04-09T08:34:10.884+0000] {dagbag.py:540} INFO - Filling up the DagBag from /home/airflow/.local/lib/python3.12/site-packages/airflow/example_dags/example_setup_teardown.py
[2024-04-09T08:34:10.888+0000] {processor.py:840} INFO - DAG(s) 'example_setup_teardown' retrieved from /home/airflow/.local/lib/python3.12/site-packages/airflow/example_dags/example_setup_teardown.py
[2024-04-09T08:34:10.899+0000] {logging_mixin.py:188} INFO - [2024-04-09T08:34:10.898+0000] {dag.py:3096} INFO - Sync 1 DAGs
[2024-04-09T08:34:10.912+0000] {logging_mixin.py:188} INFO - [2024-04-09T08:34:10.911+0000] {dag.py:3954} INFO - Setting next_dagrun for example_setup_teardown to 2024-04-08 00:00:00+00:00, run_after=2024-04-09 00:00:00+00:00
[2024-04-09T08:34:10.923+0000] {processor.py:183} INFO - Processing /home/airflow/.local/lib/python3.12/site-packages/airflow/example_dags/example_setup_teardown.py took 0.043 seconds
[2024-04-09T08:34:41.904+0000] {processor.py:161} INFO - Started process (PID=1217) to work on /home/airflow/.local/lib/python3.12/site-packages/airflow/example_dags/example_setup_teardown.py
[2024-04-09T08:34:41.904+0000] {processor.py:830} INFO - Processing file /home/airflow/.local/lib/python3.12/site-packages/airflow/example_dags/example_setup_teardown.py for tasks to queue
[2024-04-09T08:34:41.905+0000] {logging_mixin.py:188} INFO - [2024-04-09T08:34:41.905+0000] {dagbag.py:540} INFO - Filling up the DagBag from /home/airflow/.local/lib/python3.12/site-packages/airflow/example_dags/example_setup_teardown.py
[2024-04-09T08:34:41.909+0000] {processor.py:840} INFO - DAG(s) 'example_setup_teardown' retrieved from /home/airflow/.local/lib/python3.12/site-packages/airflow/example_dags/example_setup_teardown.py
[2024-04-09T08:34:41.920+0000] {logging_mixin.py:188} INFO - [2024-04-09T08:34:41.920+0000] {dag.py:3096} INFO - Sync 1 DAGs
[2024-04-09T08:34:41.933+0000] {logging_mixin.py:188} INFO - [2024-04-09T08:34:41.933+0000] {dag.py:3954} INFO - Setting next_dagrun for example_setup_teardown to 2024-04-08 00:00:00+00:00, run_after=2024-04-09 00:00:00+00:00
[2024-04-09T08:34:41.945+0000] {processor.py:183} INFO - Processing /home/airflow/.local/lib/python3.12/site-packages/airflow/example_dags/example_setup_teardown.py took 0.045 seconds
[2024-04-09T08:35:12.123+0000] {processor.py:161} INFO - Started process (PID=1275) to work on /home/airflow/.local/lib/python3.12/site-packages/airflow/example_dags/example_setup_teardown.py
[2024-04-09T08:35:12.124+0000] {processor.py:830} INFO - Processing file /home/airflow/.local/lib/python3.12/site-packages/airflow/example_dags/example_setup_teardown.py for tasks to queue
[2024-04-09T08:35:12.125+0000] {logging_mixin.py:188} INFO - [2024-04-09T08:35:12.125+0000] {dagbag.py:540} INFO - Filling up the DagBag from /home/airflow/.local/lib/python3.12/site-packages/airflow/example_dags/example_setup_teardown.py
[2024-04-09T08:35:12.128+0000] {processor.py:840} INFO - DAG(s) 'example_setup_teardown' retrieved from /home/airflow/.local/lib/python3.12/site-packages/airflow/example_dags/example_setup_teardown.py
[2024-04-09T08:35:12.140+0000] {logging_mixin.py:188} INFO - [2024-04-09T08:35:12.140+0000] {dag.py:3096} INFO - Sync 1 DAGs
[2024-04-09T08:35:12.153+0000] {logging_mixin.py:188} INFO - [2024-04-09T08:35:12.153+0000] {dag.py:3954} INFO - Setting next_dagrun for example_setup_teardown to 2024-04-08 00:00:00+00:00, run_after=2024-04-09 00:00:00+00:00
[2024-04-09T08:35:12.165+0000] {processor.py:183} INFO - Processing /home/airflow/.local/lib/python3.12/site-packages/airflow/example_dags/example_setup_teardown.py took 0.045 seconds
[2024-04-09T08:35:43.081+0000] {processor.py:161} INFO - Started process (PID=1333) to work on /home/airflow/.local/lib/python3.12/site-packages/airflow/example_dags/example_setup_teardown.py
[2024-04-09T08:35:43.081+0000] {processor.py:830} INFO - Processing file /home/airflow/.local/lib/python3.12/site-packages/airflow/example_dags/example_setup_teardown.py for tasks to queue
[2024-04-09T08:35:43.082+0000] {logging_mixin.py:188} INFO - [2024-04-09T08:35:43.082+0000] {dagbag.py:540} INFO - Filling up the DagBag from /home/airflow/.local/lib/python3.12/site-packages/airflow/example_dags/example_setup_teardown.py
[2024-04-09T08:35:43.086+0000] {processor.py:840} INFO - DAG(s) 'example_setup_teardown' retrieved from /home/airflow/.local/lib/python3.12/site-packages/airflow/example_dags/example_setup_teardown.py
[2024-04-09T08:35:43.097+0000] {logging_mixin.py:188} INFO - [2024-04-09T08:35:43.097+0000] {dag.py:3096} INFO - Sync 1 DAGs
[2024-04-09T08:35:43.111+0000] {logging_mixin.py:188} INFO - [2024-04-09T08:35:43.111+0000] {dag.py:3954} INFO - Setting next_dagrun for example_setup_teardown to 2024-04-08 00:00:00+00:00, run_after=2024-04-09 00:00:00+00:00
[2024-04-09T08:35:43.125+0000] {processor.py:183} INFO - Processing /home/airflow/.local/lib/python3.12/site-packages/airflow/example_dags/example_setup_teardown.py took 0.047 seconds
[2024-04-09T08:36:13.767+0000] {processor.py:161} INFO - Started process (PID=1391) to work on /home/airflow/.local/lib/python3.12/site-packages/airflow/example_dags/example_setup_teardown.py
[2024-04-09T08:36:13.767+0000] {processor.py:830} INFO - Processing file /home/airflow/.local/lib/python3.12/site-packages/airflow/example_dags/example_setup_teardown.py for tasks to queue
[2024-04-09T08:36:13.768+0000] {logging_mixin.py:188} INFO - [2024-04-09T08:36:13.768+0000] {dagbag.py:540} INFO - Filling up the DagBag from /home/airflow/.local/lib/python3.12/site-packages/airflow/example_dags/example_setup_teardown.py
[2024-04-09T08:36:13.772+0000] {processor.py:840} INFO - DAG(s) 'example_setup_teardown' retrieved from /home/airflow/.local/lib/python3.12/site-packages/airflow/example_dags/example_setup_teardown.py
[2024-04-09T08:36:13.783+0000] {logging_mixin.py:188} INFO - [2024-04-09T08:36:13.783+0000] {dag.py:3096} INFO - Sync 1 DAGs
[2024-04-09T08:36:13.795+0000] {logging_mixin.py:188} INFO - [2024-04-09T08:36:13.795+0000] {dag.py:3954} INFO - Setting next_dagrun for example_setup_teardown to 2024-04-08 00:00:00+00:00, run_after=2024-04-09 00:00:00+00:00
[2024-04-09T08:36:13.816+0000] {processor.py:183} INFO - Processing /home/airflow/.local/lib/python3.12/site-packages/airflow/example_dags/example_setup_teardown.py took 0.053 seconds
[2024-04-09T08:36:44.457+0000] {processor.py:161} INFO - Started process (PID=1449) to work on /home/airflow/.local/lib/python3.12/site-packages/airflow/example_dags/example_setup_teardown.py
[2024-04-09T08:36:44.457+0000] {processor.py:830} INFO - Processing file /home/airflow/.local/lib/python3.12/site-packages/airflow/example_dags/example_setup_teardown.py for tasks to queue
[2024-04-09T08:36:44.458+0000] {logging_mixin.py:188} INFO - [2024-04-09T08:36:44.458+0000] {dagbag.py:540} INFO - Filling up the DagBag from /home/airflow/.local/lib/python3.12/site-packages/airflow/example_dags/example_setup_teardown.py
[2024-04-09T08:36:44.462+0000] {processor.py:840} INFO - DAG(s) 'example_setup_teardown' retrieved from /home/airflow/.local/lib/python3.12/site-packages/airflow/example_dags/example_setup_teardown.py
[2024-04-09T08:36:44.473+0000] {logging_mixin.py:188} INFO - [2024-04-09T08:36:44.473+0000] {dag.py:3096} INFO - Sync 1 DAGs
[2024-04-09T08:36:44.486+0000] {logging_mixin.py:188} INFO - [2024-04-09T08:36:44.486+0000] {dag.py:3954} INFO - Setting next_dagrun for example_setup_teardown to 2024-04-08 00:00:00+00:00, run_after=2024-04-09 00:00:00+00:00
[2024-04-09T08:36:44.497+0000] {processor.py:183} INFO - Processing /home/airflow/.local/lib/python3.12/site-packages/airflow/example_dags/example_setup_teardown.py took 0.044 seconds
[2024-04-09T08:37:15.081+0000] {processor.py:161} INFO - Started process (PID=1507) to work on /home/airflow/.local/lib/python3.12/site-packages/airflow/example_dags/example_setup_teardown.py
[2024-04-09T08:37:15.082+0000] {processor.py:830} INFO - Processing file /home/airflow/.local/lib/python3.12/site-packages/airflow/example_dags/example_setup_teardown.py for tasks to queue
[2024-04-09T08:37:15.082+0000] {logging_mixin.py:188} INFO - [2024-04-09T08:37:15.082+0000] {dagbag.py:540} INFO - Filling up the DagBag from /home/airflow/.local/lib/python3.12/site-packages/airflow/example_dags/example_setup_teardown.py
[2024-04-09T08:37:15.086+0000] {processor.py:840} INFO - DAG(s) 'example_setup_teardown' retrieved from /home/airflow/.local/lib/python3.12/site-packages/airflow/example_dags/example_setup_teardown.py
[2024-04-09T08:37:15.097+0000] {logging_mixin.py:188} INFO - [2024-04-09T08:37:15.097+0000] {dag.py:3096} INFO - Sync 1 DAGs
[2024-04-09T08:37:15.110+0000] {logging_mixin.py:188} INFO - [2024-04-09T08:37:15.110+0000] {dag.py:3954} INFO - Setting next_dagrun for example_setup_teardown to 2024-04-08 00:00:00+00:00, run_after=2024-04-09 00:00:00+00:00
[2024-04-09T08:37:15.120+0000] {processor.py:183} INFO - Processing /home/airflow/.local/lib/python3.12/site-packages/airflow/example_dags/example_setup_teardown.py took 0.042 seconds
[2024-04-09T08:37:45.632+0000] {processor.py:161} INFO - Started process (PID=1565) to work on /home/airflow/.local/lib/python3.12/site-packages/airflow/example_dags/example_setup_teardown.py
[2024-04-09T08:37:45.632+0000] {processor.py:830} INFO - Processing file /home/airflow/.local/lib/python3.12/site-packages/airflow/example_dags/example_setup_teardown.py for tasks to queue
[2024-04-09T08:37:45.633+0000] {logging_mixin.py:188} INFO - [2024-04-09T08:37:45.633+0000] {dagbag.py:540} INFO - Filling up the DagBag from /home/airflow/.local/lib/python3.12/site-packages/airflow/example_dags/example_setup_teardown.py
[2024-04-09T08:37:45.637+0000] {processor.py:840} INFO - DAG(s) 'example_setup_teardown' retrieved from /home/airflow/.local/lib/python3.12/site-packages/airflow/example_dags/example_setup_teardown.py
[2024-04-09T08:37:45.648+0000] {logging_mixin.py:188} INFO - [2024-04-09T08:37:45.648+0000] {dag.py:3096} INFO - Sync 1 DAGs
[2024-04-09T08:37:45.661+0000] {logging_mixin.py:188} INFO - [2024-04-09T08:37:45.661+0000] {dag.py:3954} INFO - Setting next_dagrun for example_setup_teardown to 2024-04-08 00:00:00+00:00, run_after=2024-04-09 00:00:00+00:00
[2024-04-09T08:37:45.673+0000] {processor.py:183} INFO - Processing /home/airflow/.local/lib/python3.12/site-packages/airflow/example_dags/example_setup_teardown.py took 0.044 seconds
[2024-04-09T08:38:16.204+0000] {processor.py:161} INFO - Started process (PID=1623) to work on /home/airflow/.local/lib/python3.12/site-packages/airflow/example_dags/example_setup_teardown.py
[2024-04-09T08:38:16.204+0000] {processor.py:830} INFO - Processing file /home/airflow/.local/lib/python3.12/site-packages/airflow/example_dags/example_setup_teardown.py for tasks to queue
[2024-04-09T08:38:16.205+0000] {logging_mixin.py:188} INFO - [2024-04-09T08:38:16.205+0000] {dagbag.py:540} INFO - Filling up the DagBag from /home/airflow/.local/lib/python3.12/site-packages/airflow/example_dags/example_setup_teardown.py
[2024-04-09T08:38:16.209+0000] {processor.py:840} INFO - DAG(s) 'example_setup_teardown' retrieved from /home/airflow/.local/lib/python3.12/site-packages/airflow/example_dags/example_setup_teardown.py
[2024-04-09T08:38:16.220+0000] {logging_mixin.py:188} INFO - [2024-04-09T08:38:16.220+0000] {dag.py:3096} INFO - Sync 1 DAGs
[2024-04-09T08:38:16.233+0000] {logging_mixin.py:188} INFO - [2024-04-09T08:38:16.233+0000] {dag.py:3954} INFO - Setting next_dagrun for example_setup_teardown to 2024-04-08 00:00:00+00:00, run_after=2024-04-09 00:00:00+00:00
[2024-04-09T08:38:16.254+0000] {processor.py:183} INFO - Processing /home/airflow/.local/lib/python3.12/site-packages/airflow/example_dags/example_setup_teardown.py took 0.053 seconds
[2024-04-09T08:38:46.932+0000] {processor.py:161} INFO - Started process (PID=1681) to work on /home/airflow/.local/lib/python3.12/site-packages/airflow/example_dags/example_setup_teardown.py
[2024-04-09T08:38:46.933+0000] {processor.py:830} INFO - Processing file /home/airflow/.local/lib/python3.12/site-packages/airflow/example_dags/example_setup_teardown.py for tasks to queue
[2024-04-09T08:38:46.934+0000] {logging_mixin.py:188} INFO - [2024-04-09T08:38:46.933+0000] {dagbag.py:540} INFO - Filling up the DagBag from /home/airflow/.local/lib/python3.12/site-packages/airflow/example_dags/example_setup_teardown.py
[2024-04-09T08:38:46.937+0000] {processor.py:840} INFO - DAG(s) 'example_setup_teardown' retrieved from /home/airflow/.local/lib/python3.12/site-packages/airflow/example_dags/example_setup_teardown.py
[2024-04-09T08:38:46.949+0000] {logging_mixin.py:188} INFO - [2024-04-09T08:38:46.948+0000] {dag.py:3096} INFO - Sync 1 DAGs
[2024-04-09T08:38:46.961+0000] {logging_mixin.py:188} INFO - [2024-04-09T08:38:46.961+0000] {dag.py:3954} INFO - Setting next_dagrun for example_setup_teardown to 2024-04-08 00:00:00+00:00, run_after=2024-04-09 00:00:00+00:00
[2024-04-09T08:38:46.983+0000] {processor.py:183} INFO - Processing /home/airflow/.local/lib/python3.12/site-packages/airflow/example_dags/example_setup_teardown.py took 0.054 seconds
[2024-04-09T08:39:17.604+0000] {processor.py:161} INFO - Started process (PID=1739) to work on /home/airflow/.local/lib/python3.12/site-packages/airflow/example_dags/example_setup_teardown.py
[2024-04-09T08:39:17.605+0000] {processor.py:830} INFO - Processing file /home/airflow/.local/lib/python3.12/site-packages/airflow/example_dags/example_setup_teardown.py for tasks to queue
[2024-04-09T08:39:17.606+0000] {logging_mixin.py:188} INFO - [2024-04-09T08:39:17.605+0000] {dagbag.py:540} INFO - Filling up the DagBag from /home/airflow/.local/lib/python3.12/site-packages/airflow/example_dags/example_setup_teardown.py
[2024-04-09T08:39:17.609+0000] {processor.py:840} INFO - DAG(s) 'example_setup_teardown' retrieved from /home/airflow/.local/lib/python3.12/site-packages/airflow/example_dags/example_setup_teardown.py
[2024-04-09T08:39:17.623+0000] {logging_mixin.py:188} INFO - [2024-04-09T08:39:17.623+0000] {dag.py:3096} INFO - Sync 1 DAGs
[2024-04-09T08:39:17.637+0000] {logging_mixin.py:188} INFO - [2024-04-09T08:39:17.637+0000] {dag.py:3954} INFO - Setting next_dagrun for example_setup_teardown to 2024-04-08 00:00:00+00:00, run_after=2024-04-09 00:00:00+00:00
[2024-04-09T08:39:17.650+0000] {processor.py:183} INFO - Processing /home/airflow/.local/lib/python3.12/site-packages/airflow/example_dags/example_setup_teardown.py took 0.049 seconds
[2024-04-09T08:39:48.330+0000] {processor.py:161} INFO - Started process (PID=1803) to work on /home/airflow/.local/lib/python3.12/site-packages/airflow/example_dags/example_setup_teardown.py
[2024-04-09T08:39:48.330+0000] {processor.py:830} INFO - Processing file /home/airflow/.local/lib/python3.12/site-packages/airflow/example_dags/example_setup_teardown.py for tasks to queue
[2024-04-09T08:39:48.331+0000] {logging_mixin.py:188} INFO - [2024-04-09T08:39:48.331+0000] {dagbag.py:540} INFO - Filling up the DagBag from /home/airflow/.local/lib/python3.12/site-packages/airflow/example_dags/example_setup_teardown.py
[2024-04-09T08:39:48.335+0000] {processor.py:840} INFO - DAG(s) 'example_setup_teardown' retrieved from /home/airflow/.local/lib/python3.12/site-packages/airflow/example_dags/example_setup_teardown.py
[2024-04-09T08:39:48.348+0000] {logging_mixin.py:188} INFO - [2024-04-09T08:39:48.348+0000] {dag.py:3096} INFO - Sync 1 DAGs
[2024-04-09T08:39:48.361+0000] {logging_mixin.py:188} INFO - [2024-04-09T08:39:48.361+0000] {dag.py:3954} INFO - Setting next_dagrun for example_setup_teardown to 2024-04-08 00:00:00+00:00, run_after=2024-04-09 00:00:00+00:00
[2024-04-09T08:39:48.373+0000] {processor.py:183} INFO - Processing /home/airflow/.local/lib/python3.12/site-packages/airflow/example_dags/example_setup_teardown.py took 0.046 seconds
[2024-04-09T08:40:19.011+0000] {processor.py:161} INFO - Started process (PID=1861) to work on /home/airflow/.local/lib/python3.12/site-packages/airflow/example_dags/example_setup_teardown.py
[2024-04-09T08:40:19.012+0000] {processor.py:830} INFO - Processing file /home/airflow/.local/lib/python3.12/site-packages/airflow/example_dags/example_setup_teardown.py for tasks to queue
[2024-04-09T08:40:19.013+0000] {logging_mixin.py:188} INFO - [2024-04-09T08:40:19.013+0000] {dagbag.py:540} INFO - Filling up the DagBag from /home/airflow/.local/lib/python3.12/site-packages/airflow/example_dags/example_setup_teardown.py
[2024-04-09T08:40:19.018+0000] {processor.py:840} INFO - DAG(s) 'example_setup_teardown' retrieved from /home/airflow/.local/lib/python3.12/site-packages/airflow/example_dags/example_setup_teardown.py
[2024-04-09T08:40:19.031+0000] {logging_mixin.py:188} INFO - [2024-04-09T08:40:19.031+0000] {dag.py:3096} INFO - Sync 1 DAGs
[2024-04-09T08:40:19.044+0000] {logging_mixin.py:188} INFO - [2024-04-09T08:40:19.044+0000] {dag.py:3954} INFO - Setting next_dagrun for example_setup_teardown to 2024-04-08 00:00:00+00:00, run_after=2024-04-09 00:00:00+00:00
[2024-04-09T08:40:19.054+0000] {processor.py:183} INFO - Processing /home/airflow/.local/lib/python3.12/site-packages/airflow/example_dags/example_setup_teardown.py took 0.046 seconds
[2024-04-09T08:40:49.611+0000] {processor.py:161} INFO - Started process (PID=1919) to work on /home/airflow/.local/lib/python3.12/site-packages/airflow/example_dags/example_setup_teardown.py
[2024-04-09T08:40:49.612+0000] {processor.py:830} INFO - Processing file /home/airflow/.local/lib/python3.12/site-packages/airflow/example_dags/example_setup_teardown.py for tasks to queue
[2024-04-09T08:40:49.613+0000] {logging_mixin.py:188} INFO - [2024-04-09T08:40:49.612+0000] {dagbag.py:540} INFO - Filling up the DagBag from /home/airflow/.local/lib/python3.12/site-packages/airflow/example_dags/example_setup_teardown.py
[2024-04-09T08:40:49.616+0000] {processor.py:840} INFO - DAG(s) 'example_setup_teardown' retrieved from /home/airflow/.local/lib/python3.12/site-packages/airflow/example_dags/example_setup_teardown.py
[2024-04-09T08:40:49.628+0000] {logging_mixin.py:188} INFO - [2024-04-09T08:40:49.628+0000] {dag.py:3096} INFO - Sync 1 DAGs
[2024-04-09T08:40:49.642+0000] {logging_mixin.py:188} INFO - [2024-04-09T08:40:49.642+0000] {dag.py:3954} INFO - Setting next_dagrun for example_setup_teardown to 2024-04-08 00:00:00+00:00, run_after=2024-04-09 00:00:00+00:00
[2024-04-09T08:40:49.665+0000] {processor.py:183} INFO - Processing /home/airflow/.local/lib/python3.12/site-packages/airflow/example_dags/example_setup_teardown.py took 0.056 seconds
[2024-04-09T08:41:20.396+0000] {processor.py:161} INFO - Started process (PID=1977) to work on /home/airflow/.local/lib/python3.12/site-packages/airflow/example_dags/example_setup_teardown.py
[2024-04-09T08:41:20.396+0000] {processor.py:830} INFO - Processing file /home/airflow/.local/lib/python3.12/site-packages/airflow/example_dags/example_setup_teardown.py for tasks to queue
[2024-04-09T08:41:20.397+0000] {logging_mixin.py:188} INFO - [2024-04-09T08:41:20.397+0000] {dagbag.py:540} INFO - Filling up the DagBag from /home/airflow/.local/lib/python3.12/site-packages/airflow/example_dags/example_setup_teardown.py
[2024-04-09T08:41:20.401+0000] {processor.py:840} INFO - DAG(s) 'example_setup_teardown' retrieved from /home/airflow/.local/lib/python3.12/site-packages/airflow/example_dags/example_setup_teardown.py
[2024-04-09T08:41:20.412+0000] {logging_mixin.py:188} INFO - [2024-04-09T08:41:20.412+0000] {dag.py:3096} INFO - Sync 1 DAGs
[2024-04-09T08:41:20.424+0000] {logging_mixin.py:188} INFO - [2024-04-09T08:41:20.424+0000] {dag.py:3954} INFO - Setting next_dagrun for example_setup_teardown to 2024-04-08 00:00:00+00:00, run_after=2024-04-09 00:00:00+00:00
[2024-04-09T08:41:20.436+0000] {processor.py:183} INFO - Processing /home/airflow/.local/lib/python3.12/site-packages/airflow/example_dags/example_setup_teardown.py took 0.043 seconds
[2024-04-09T08:41:51.009+0000] {processor.py:161} INFO - Started process (PID=2035) to work on /home/airflow/.local/lib/python3.12/site-packages/airflow/example_dags/example_setup_teardown.py
[2024-04-09T08:41:51.010+0000] {processor.py:830} INFO - Processing file /home/airflow/.local/lib/python3.12/site-packages/airflow/example_dags/example_setup_teardown.py for tasks to queue
[2024-04-09T08:41:51.011+0000] {logging_mixin.py:188} INFO - [2024-04-09T08:41:51.011+0000] {dagbag.py:540} INFO - Filling up the DagBag from /home/airflow/.local/lib/python3.12/site-packages/airflow/example_dags/example_setup_teardown.py
[2024-04-09T08:41:51.014+0000] {processor.py:840} INFO - DAG(s) 'example_setup_teardown' retrieved from /home/airflow/.local/lib/python3.12/site-packages/airflow/example_dags/example_setup_teardown.py
[2024-04-09T08:41:51.026+0000] {logging_mixin.py:188} INFO - [2024-04-09T08:41:51.026+0000] {dag.py:3096} INFO - Sync 1 DAGs
[2024-04-09T08:41:51.038+0000] {logging_mixin.py:188} INFO - [2024-04-09T08:41:51.038+0000] {dag.py:3954} INFO - Setting next_dagrun for example_setup_teardown to 2024-04-08 00:00:00+00:00, run_after=2024-04-09 00:00:00+00:00
[2024-04-09T08:41:51.050+0000] {processor.py:183} INFO - Processing /home/airflow/.local/lib/python3.12/site-packages/airflow/example_dags/example_setup_teardown.py took 0.043 seconds
[2024-04-09T08:42:21.629+0000] {processor.py:161} INFO - Started process (PID=2093) to work on /home/airflow/.local/lib/python3.12/site-packages/airflow/example_dags/example_setup_teardown.py
[2024-04-09T08:42:21.630+0000] {processor.py:830} INFO - Processing file /home/airflow/.local/lib/python3.12/site-packages/airflow/example_dags/example_setup_teardown.py for tasks to queue
[2024-04-09T08:42:21.630+0000] {logging_mixin.py:188} INFO - [2024-04-09T08:42:21.630+0000] {dagbag.py:540} INFO - Filling up the DagBag from /home/airflow/.local/lib/python3.12/site-packages/airflow/example_dags/example_setup_teardown.py
[2024-04-09T08:42:21.634+0000] {processor.py:840} INFO - DAG(s) 'example_setup_teardown' retrieved from /home/airflow/.local/lib/python3.12/site-packages/airflow/example_dags/example_setup_teardown.py
[2024-04-09T08:42:21.646+0000] {logging_mixin.py:188} INFO - [2024-04-09T08:42:21.645+0000] {dag.py:3096} INFO - Sync 1 DAGs
[2024-04-09T08:42:21.658+0000] {logging_mixin.py:188} INFO - [2024-04-09T08:42:21.658+0000] {dag.py:3954} INFO - Setting next_dagrun for example_setup_teardown to 2024-04-08 00:00:00+00:00, run_after=2024-04-09 00:00:00+00:00
[2024-04-09T08:42:21.679+0000] {processor.py:183} INFO - Processing /home/airflow/.local/lib/python3.12/site-packages/airflow/example_dags/example_setup_teardown.py took 0.053 seconds
[2024-04-09T08:42:52.373+0000] {processor.py:161} INFO - Started process (PID=2151) to work on /home/airflow/.local/lib/python3.12/site-packages/airflow/example_dags/example_setup_teardown.py
[2024-04-09T08:42:52.373+0000] {processor.py:830} INFO - Processing file /home/airflow/.local/lib/python3.12/site-packages/airflow/example_dags/example_setup_teardown.py for tasks to queue
[2024-04-09T08:42:52.374+0000] {logging_mixin.py:188} INFO - [2024-04-09T08:42:52.374+0000] {dagbag.py:540} INFO - Filling up the DagBag from /home/airflow/.local/lib/python3.12/site-packages/airflow/example_dags/example_setup_teardown.py
[2024-04-09T08:42:52.378+0000] {processor.py:840} INFO - DAG(s) 'example_setup_teardown' retrieved from /home/airflow/.local/lib/python3.12/site-packages/airflow/example_dags/example_setup_teardown.py
[2024-04-09T08:42:52.390+0000] {logging_mixin.py:188} INFO - [2024-04-09T08:42:52.390+0000] {dag.py:3096} INFO - Sync 1 DAGs
[2024-04-09T08:42:52.402+0000] {logging_mixin.py:188} INFO - [2024-04-09T08:42:52.402+0000] {dag.py:3954} INFO - Setting next_dagrun for example_setup_teardown to 2024-04-08 00:00:00+00:00, run_after=2024-04-09 00:00:00+00:00
[2024-04-09T08:42:52.415+0000] {processor.py:183} INFO - Processing /home/airflow/.local/lib/python3.12/site-packages/airflow/example_dags/example_setup_teardown.py took 0.045 seconds
[2024-04-09T08:43:23.019+0000] {processor.py:161} INFO - Started process (PID=2209) to work on /home/airflow/.local/lib/python3.12/site-packages/airflow/example_dags/example_setup_teardown.py
[2024-04-09T08:43:23.019+0000] {processor.py:830} INFO - Processing file /home/airflow/.local/lib/python3.12/site-packages/airflow/example_dags/example_setup_teardown.py for tasks to queue
[2024-04-09T08:43:23.020+0000] {logging_mixin.py:188} INFO - [2024-04-09T08:43:23.020+0000] {dagbag.py:540} INFO - Filling up the DagBag from /home/airflow/.local/lib/python3.12/site-packages/airflow/example_dags/example_setup_teardown.py
[2024-04-09T08:43:23.024+0000] {processor.py:840} INFO - DAG(s) 'example_setup_teardown' retrieved from /home/airflow/.local/lib/python3.12/site-packages/airflow/example_dags/example_setup_teardown.py
[2024-04-09T08:43:23.037+0000] {logging_mixin.py:188} INFO - [2024-04-09T08:43:23.037+0000] {dag.py:3096} INFO - Sync 1 DAGs
[2024-04-09T08:43:23.049+0000] {logging_mixin.py:188} INFO - [2024-04-09T08:43:23.049+0000] {dag.py:3954} INFO - Setting next_dagrun for example_setup_teardown to 2024-04-08 00:00:00+00:00, run_after=2024-04-09 00:00:00+00:00
[2024-04-09T08:43:23.072+0000] {processor.py:183} INFO - Processing /home/airflow/.local/lib/python3.12/site-packages/airflow/example_dags/example_setup_teardown.py took 0.056 seconds
[2024-04-09T08:43:53.716+0000] {processor.py:161} INFO - Started process (PID=2267) to work on /home/airflow/.local/lib/python3.12/site-packages/airflow/example_dags/example_setup_teardown.py
[2024-04-09T08:43:53.717+0000] {processor.py:830} INFO - Processing file /home/airflow/.local/lib/python3.12/site-packages/airflow/example_dags/example_setup_teardown.py for tasks to queue
[2024-04-09T08:43:53.718+0000] {logging_mixin.py:188} INFO - [2024-04-09T08:43:53.717+0000] {dagbag.py:540} INFO - Filling up the DagBag from /home/airflow/.local/lib/python3.12/site-packages/airflow/example_dags/example_setup_teardown.py
[2024-04-09T08:43:53.721+0000] {processor.py:840} INFO - DAG(s) 'example_setup_teardown' retrieved from /home/airflow/.local/lib/python3.12/site-packages/airflow/example_dags/example_setup_teardown.py
[2024-04-09T08:43:53.734+0000] {logging_mixin.py:188} INFO - [2024-04-09T08:43:53.733+0000] {dag.py:3096} INFO - Sync 1 DAGs
[2024-04-09T08:43:53.746+0000] {logging_mixin.py:188} INFO - [2024-04-09T08:43:53.746+0000] {dag.py:3954} INFO - Setting next_dagrun for example_setup_teardown to 2024-04-08 00:00:00+00:00, run_after=2024-04-09 00:00:00+00:00
[2024-04-09T08:43:53.757+0000] {processor.py:183} INFO - Processing /home/airflow/.local/lib/python3.12/site-packages/airflow/example_dags/example_setup_teardown.py took 0.044 seconds
[2024-04-09T08:44:24.413+0000] {processor.py:161} INFO - Started process (PID=2325) to work on /home/airflow/.local/lib/python3.12/site-packages/airflow/example_dags/example_setup_teardown.py
[2024-04-09T08:44:24.413+0000] {processor.py:830} INFO - Processing file /home/airflow/.local/lib/python3.12/site-packages/airflow/example_dags/example_setup_teardown.py for tasks to queue
[2024-04-09T08:44:24.414+0000] {logging_mixin.py:188} INFO - [2024-04-09T08:44:24.414+0000] {dagbag.py:540} INFO - Filling up the DagBag from /home/airflow/.local/lib/python3.12/site-packages/airflow/example_dags/example_setup_teardown.py
[2024-04-09T08:44:24.418+0000] {processor.py:840} INFO - DAG(s) 'example_setup_teardown' retrieved from /home/airflow/.local/lib/python3.12/site-packages/airflow/example_dags/example_setup_teardown.py
[2024-04-09T08:44:24.430+0000] {logging_mixin.py:188} INFO - [2024-04-09T08:44:24.430+0000] {dag.py:3096} INFO - Sync 1 DAGs
[2024-04-09T08:44:24.442+0000] {logging_mixin.py:188} INFO - [2024-04-09T08:44:24.442+0000] {dag.py:3954} INFO - Setting next_dagrun for example_setup_teardown to 2024-04-08 00:00:00+00:00, run_after=2024-04-09 00:00:00+00:00
[2024-04-09T08:44:24.455+0000] {processor.py:183} INFO - Processing /home/airflow/.local/lib/python3.12/site-packages/airflow/example_dags/example_setup_teardown.py took 0.045 seconds
[2024-04-09T08:44:55.188+0000] {processor.py:161} INFO - Started process (PID=2383) to work on /home/airflow/.local/lib/python3.12/site-packages/airflow/example_dags/example_setup_teardown.py
[2024-04-09T08:44:55.188+0000] {processor.py:830} INFO - Processing file /home/airflow/.local/lib/python3.12/site-packages/airflow/example_dags/example_setup_teardown.py for tasks to queue
[2024-04-09T08:44:55.189+0000] {logging_mixin.py:188} INFO - [2024-04-09T08:44:55.189+0000] {dagbag.py:540} INFO - Filling up the DagBag from /home/airflow/.local/lib/python3.12/site-packages/airflow/example_dags/example_setup_teardown.py
[2024-04-09T08:44:55.193+0000] {processor.py:840} INFO - DAG(s) 'example_setup_teardown' retrieved from /home/airflow/.local/lib/python3.12/site-packages/airflow/example_dags/example_setup_teardown.py
[2024-04-09T08:44:55.205+0000] {logging_mixin.py:188} INFO - [2024-04-09T08:44:55.205+0000] {dag.py:3096} INFO - Sync 1 DAGs
[2024-04-09T08:44:55.221+0000] {logging_mixin.py:188} INFO - [2024-04-09T08:44:55.221+0000] {dag.py:3954} INFO - Setting next_dagrun for example_setup_teardown to 2024-04-08 00:00:00+00:00, run_after=2024-04-09 00:00:00+00:00
[2024-04-09T08:44:55.233+0000] {processor.py:183} INFO - Processing /home/airflow/.local/lib/python3.12/site-packages/airflow/example_dags/example_setup_teardown.py took 0.049 seconds
[2024-04-09T08:45:25.961+0000] {processor.py:161} INFO - Started process (PID=2441) to work on /home/airflow/.local/lib/python3.12/site-packages/airflow/example_dags/example_setup_teardown.py
[2024-04-09T08:45:25.961+0000] {processor.py:830} INFO - Processing file /home/airflow/.local/lib/python3.12/site-packages/airflow/example_dags/example_setup_teardown.py for tasks to queue
[2024-04-09T08:45:25.962+0000] {logging_mixin.py:188} INFO - [2024-04-09T08:45:25.962+0000] {dagbag.py:540} INFO - Filling up the DagBag from /home/airflow/.local/lib/python3.12/site-packages/airflow/example_dags/example_setup_teardown.py
[2024-04-09T08:45:25.966+0000] {processor.py:840} INFO - DAG(s) 'example_setup_teardown' retrieved from /home/airflow/.local/lib/python3.12/site-packages/airflow/example_dags/example_setup_teardown.py
[2024-04-09T08:45:25.977+0000] {logging_mixin.py:188} INFO - [2024-04-09T08:45:25.977+0000] {dag.py:3096} INFO - Sync 1 DAGs
[2024-04-09T08:45:25.990+0000] {logging_mixin.py:188} INFO - [2024-04-09T08:45:25.990+0000] {dag.py:3954} INFO - Setting next_dagrun for example_setup_teardown to 2024-04-08 00:00:00+00:00, run_after=2024-04-09 00:00:00+00:00
[2024-04-09T08:45:26.002+0000] {processor.py:183} INFO - Processing /home/airflow/.local/lib/python3.12/site-packages/airflow/example_dags/example_setup_teardown.py took 0.044 seconds
[2024-04-09T08:45:56.623+0000] {processor.py:161} INFO - Started process (PID=2499) to work on /home/airflow/.local/lib/python3.12/site-packages/airflow/example_dags/example_setup_teardown.py
[2024-04-09T08:45:56.624+0000] {processor.py:830} INFO - Processing file /home/airflow/.local/lib/python3.12/site-packages/airflow/example_dags/example_setup_teardown.py for tasks to queue
[2024-04-09T08:45:56.625+0000] {logging_mixin.py:188} INFO - [2024-04-09T08:45:56.625+0000] {dagbag.py:540} INFO - Filling up the DagBag from /home/airflow/.local/lib/python3.12/site-packages/airflow/example_dags/example_setup_teardown.py
[2024-04-09T08:45:56.628+0000] {processor.py:840} INFO - DAG(s) 'example_setup_teardown' retrieved from /home/airflow/.local/lib/python3.12/site-packages/airflow/example_dags/example_setup_teardown.py
[2024-04-09T08:45:56.640+0000] {logging_mixin.py:188} INFO - [2024-04-09T08:45:56.640+0000] {dag.py:3096} INFO - Sync 1 DAGs
[2024-04-09T08:45:56.653+0000] {logging_mixin.py:188} INFO - [2024-04-09T08:45:56.652+0000] {dag.py:3954} INFO - Setting next_dagrun for example_setup_teardown to 2024-04-08 00:00:00+00:00, run_after=2024-04-09 00:00:00+00:00
[2024-04-09T08:45:56.663+0000] {processor.py:183} INFO - Processing /home/airflow/.local/lib/python3.12/site-packages/airflow/example_dags/example_setup_teardown.py took 0.042 seconds
[2024-04-09T08:46:27.330+0000] {processor.py:161} INFO - Started process (PID=2557) to work on /home/airflow/.local/lib/python3.12/site-packages/airflow/example_dags/example_setup_teardown.py
[2024-04-09T08:46:27.330+0000] {processor.py:830} INFO - Processing file /home/airflow/.local/lib/python3.12/site-packages/airflow/example_dags/example_setup_teardown.py for tasks to queue
[2024-04-09T08:46:27.331+0000] {logging_mixin.py:188} INFO - [2024-04-09T08:46:27.331+0000] {dagbag.py:540} INFO - Filling up the DagBag from /home/airflow/.local/lib/python3.12/site-packages/airflow/example_dags/example_setup_teardown.py
[2024-04-09T08:46:27.335+0000] {processor.py:840} INFO - DAG(s) 'example_setup_teardown' retrieved from /home/airflow/.local/lib/python3.12/site-packages/airflow/example_dags/example_setup_teardown.py
[2024-04-09T08:46:27.346+0000] {logging_mixin.py:188} INFO - [2024-04-09T08:46:27.346+0000] {dag.py:3096} INFO - Sync 1 DAGs
[2024-04-09T08:46:27.358+0000] {logging_mixin.py:188} INFO - [2024-04-09T08:46:27.358+0000] {dag.py:3954} INFO - Setting next_dagrun for example_setup_teardown to 2024-04-08 00:00:00+00:00, run_after=2024-04-09 00:00:00+00:00
[2024-04-09T08:46:27.370+0000] {processor.py:183} INFO - Processing /home/airflow/.local/lib/python3.12/site-packages/airflow/example_dags/example_setup_teardown.py took 0.043 seconds
[2024-04-09T08:46:57.920+0000] {processor.py:161} INFO - Started process (PID=2615) to work on /home/airflow/.local/lib/python3.12/site-packages/airflow/example_dags/example_setup_teardown.py
[2024-04-09T08:46:57.921+0000] {processor.py:830} INFO - Processing file /home/airflow/.local/lib/python3.12/site-packages/airflow/example_dags/example_setup_teardown.py for tasks to queue
[2024-04-09T08:46:57.922+0000] {logging_mixin.py:188} INFO - [2024-04-09T08:46:57.922+0000] {dagbag.py:540} INFO - Filling up the DagBag from /home/airflow/.local/lib/python3.12/site-packages/airflow/example_dags/example_setup_teardown.py
[2024-04-09T08:46:57.925+0000] {processor.py:840} INFO - DAG(s) 'example_setup_teardown' retrieved from /home/airflow/.local/lib/python3.12/site-packages/airflow/example_dags/example_setup_teardown.py
[2024-04-09T08:46:57.937+0000] {logging_mixin.py:188} INFO - [2024-04-09T08:46:57.937+0000] {dag.py:3096} INFO - Sync 1 DAGs
[2024-04-09T08:46:57.950+0000] {logging_mixin.py:188} INFO - [2024-04-09T08:46:57.950+0000] {dag.py:3954} INFO - Setting next_dagrun for example_setup_teardown to 2024-04-08 00:00:00+00:00, run_after=2024-04-09 00:00:00+00:00
[2024-04-09T08:46:57.961+0000] {processor.py:183} INFO - Processing /home/airflow/.local/lib/python3.12/site-packages/airflow/example_dags/example_setup_teardown.py took 0.045 seconds
[2024-04-09T08:47:28.479+0000] {processor.py:161} INFO - Started process (PID=2673) to work on /home/airflow/.local/lib/python3.12/site-packages/airflow/example_dags/example_setup_teardown.py
[2024-04-09T08:47:28.481+0000] {processor.py:830} INFO - Processing file /home/airflow/.local/lib/python3.12/site-packages/airflow/example_dags/example_setup_teardown.py for tasks to queue
[2024-04-09T08:47:28.482+0000] {logging_mixin.py:188} INFO - [2024-04-09T08:47:28.481+0000] {dagbag.py:540} INFO - Filling up the DagBag from /home/airflow/.local/lib/python3.12/site-packages/airflow/example_dags/example_setup_teardown.py
[2024-04-09T08:47:28.486+0000] {processor.py:840} INFO - DAG(s) 'example_setup_teardown' retrieved from /home/airflow/.local/lib/python3.12/site-packages/airflow/example_dags/example_setup_teardown.py
[2024-04-09T08:47:28.582+0000] {logging_mixin.py:188} INFO - [2024-04-09T08:47:28.582+0000] {dag.py:3096} INFO - Sync 1 DAGs
[2024-04-09T08:47:28.602+0000] {logging_mixin.py:188} INFO - [2024-04-09T08:47:28.602+0000] {dag.py:3954} INFO - Setting next_dagrun for example_setup_teardown to 2024-04-08 00:00:00+00:00, run_after=2024-04-09 00:00:00+00:00
[2024-04-09T08:47:28.613+0000] {processor.py:183} INFO - Processing /home/airflow/.local/lib/python3.12/site-packages/airflow/example_dags/example_setup_teardown.py took 0.137 seconds
[2024-04-09T08:47:59.180+0000] {processor.py:161} INFO - Started process (PID=2731) to work on /home/airflow/.local/lib/python3.12/site-packages/airflow/example_dags/example_setup_teardown.py
[2024-04-09T08:47:59.181+0000] {processor.py:830} INFO - Processing file /home/airflow/.local/lib/python3.12/site-packages/airflow/example_dags/example_setup_teardown.py for tasks to queue
[2024-04-09T08:47:59.182+0000] {logging_mixin.py:188} INFO - [2024-04-09T08:47:59.182+0000] {dagbag.py:540} INFO - Filling up the DagBag from /home/airflow/.local/lib/python3.12/site-packages/airflow/example_dags/example_setup_teardown.py
[2024-04-09T08:47:59.185+0000] {processor.py:840} INFO - DAG(s) 'example_setup_teardown' retrieved from /home/airflow/.local/lib/python3.12/site-packages/airflow/example_dags/example_setup_teardown.py
[2024-04-09T08:47:59.198+0000] {logging_mixin.py:188} INFO - [2024-04-09T08:47:59.198+0000] {dag.py:3096} INFO - Sync 1 DAGs
[2024-04-09T08:47:59.212+0000] {logging_mixin.py:188} INFO - [2024-04-09T08:47:59.212+0000] {dag.py:3954} INFO - Setting next_dagrun for example_setup_teardown to 2024-04-08 00:00:00+00:00, run_after=2024-04-09 00:00:00+00:00
[2024-04-09T08:47:59.223+0000] {processor.py:183} INFO - Processing /home/airflow/.local/lib/python3.12/site-packages/airflow/example_dags/example_setup_teardown.py took 0.046 seconds
[2024-04-09T08:48:29.896+0000] {processor.py:161} INFO - Started process (PID=2789) to work on /home/airflow/.local/lib/python3.12/site-packages/airflow/example_dags/example_setup_teardown.py
[2024-04-09T08:48:29.896+0000] {processor.py:830} INFO - Processing file /home/airflow/.local/lib/python3.12/site-packages/airflow/example_dags/example_setup_teardown.py for tasks to queue
[2024-04-09T08:48:29.897+0000] {logging_mixin.py:188} INFO - [2024-04-09T08:48:29.897+0000] {dagbag.py:540} INFO - Filling up the DagBag from /home/airflow/.local/lib/python3.12/site-packages/airflow/example_dags/example_setup_teardown.py
[2024-04-09T08:48:29.901+0000] {processor.py:840} INFO - DAG(s) 'example_setup_teardown' retrieved from /home/airflow/.local/lib/python3.12/site-packages/airflow/example_dags/example_setup_teardown.py
[2024-04-09T08:48:29.912+0000] {logging_mixin.py:188} INFO - [2024-04-09T08:48:29.912+0000] {dag.py:3096} INFO - Sync 1 DAGs
[2024-04-09T08:48:29.924+0000] {logging_mixin.py:188} INFO - [2024-04-09T08:48:29.924+0000] {dag.py:3954} INFO - Setting next_dagrun for example_setup_teardown to 2024-04-08 00:00:00+00:00, run_after=2024-04-09 00:00:00+00:00
[2024-04-09T08:48:29.945+0000] {processor.py:183} INFO - Processing /home/airflow/.local/lib/python3.12/site-packages/airflow/example_dags/example_setup_teardown.py took 0.052 seconds
[2024-04-09T08:49:00.450+0000] {processor.py:161} INFO - Started process (PID=2847) to work on /home/airflow/.local/lib/python3.12/site-packages/airflow/example_dags/example_setup_teardown.py
[2024-04-09T08:49:00.450+0000] {processor.py:830} INFO - Processing file /home/airflow/.local/lib/python3.12/site-packages/airflow/example_dags/example_setup_teardown.py for tasks to queue
[2024-04-09T08:49:00.451+0000] {logging_mixin.py:188} INFO - [2024-04-09T08:49:00.451+0000] {dagbag.py:540} INFO - Filling up the DagBag from /home/airflow/.local/lib/python3.12/site-packages/airflow/example_dags/example_setup_teardown.py
[2024-04-09T08:49:00.455+0000] {processor.py:840} INFO - DAG(s) 'example_setup_teardown' retrieved from /home/airflow/.local/lib/python3.12/site-packages/airflow/example_dags/example_setup_teardown.py
[2024-04-09T08:49:00.466+0000] {logging_mixin.py:188} INFO - [2024-04-09T08:49:00.466+0000] {dag.py:3096} INFO - Sync 1 DAGs
[2024-04-09T08:49:00.479+0000] {logging_mixin.py:188} INFO - [2024-04-09T08:49:00.478+0000] {dag.py:3954} INFO - Setting next_dagrun for example_setup_teardown to 2024-04-08 00:00:00+00:00, run_after=2024-04-09 00:00:00+00:00
[2024-04-09T08:49:00.493+0000] {processor.py:183} INFO - Processing /home/airflow/.local/lib/python3.12/site-packages/airflow/example_dags/example_setup_teardown.py took 0.046 seconds
[2024-04-09T08:49:31.093+0000] {processor.py:161} INFO - Started process (PID=2905) to work on /home/airflow/.local/lib/python3.12/site-packages/airflow/example_dags/example_setup_teardown.py
[2024-04-09T08:49:31.094+0000] {processor.py:830} INFO - Processing file /home/airflow/.local/lib/python3.12/site-packages/airflow/example_dags/example_setup_teardown.py for tasks to queue
[2024-04-09T08:49:31.095+0000] {logging_mixin.py:188} INFO - [2024-04-09T08:49:31.095+0000] {dagbag.py:540} INFO - Filling up the DagBag from /home/airflow/.local/lib/python3.12/site-packages/airflow/example_dags/example_setup_teardown.py
[2024-04-09T08:49:31.098+0000] {processor.py:840} INFO - DAG(s) 'example_setup_teardown' retrieved from /home/airflow/.local/lib/python3.12/site-packages/airflow/example_dags/example_setup_teardown.py
[2024-04-09T08:49:31.110+0000] {logging_mixin.py:188} INFO - [2024-04-09T08:49:31.110+0000] {dag.py:3096} INFO - Sync 1 DAGs
[2024-04-09T08:49:31.122+0000] {logging_mixin.py:188} INFO - [2024-04-09T08:49:31.122+0000] {dag.py:3954} INFO - Setting next_dagrun for example_setup_teardown to 2024-04-08 00:00:00+00:00, run_after=2024-04-09 00:00:00+00:00
[2024-04-09T08:49:31.143+0000] {processor.py:183} INFO - Processing /home/airflow/.local/lib/python3.12/site-packages/airflow/example_dags/example_setup_teardown.py took 0.053 seconds
[2024-04-09T08:50:01.715+0000] {processor.py:161} INFO - Started process (PID=2963) to work on /home/airflow/.local/lib/python3.12/site-packages/airflow/example_dags/example_setup_teardown.py
[2024-04-09T08:50:01.716+0000] {processor.py:830} INFO - Processing file /home/airflow/.local/lib/python3.12/site-packages/airflow/example_dags/example_setup_teardown.py for tasks to queue
[2024-04-09T08:50:01.717+0000] {logging_mixin.py:188} INFO - [2024-04-09T08:50:01.716+0000] {dagbag.py:540} INFO - Filling up the DagBag from /home/airflow/.local/lib/python3.12/site-packages/airflow/example_dags/example_setup_teardown.py
[2024-04-09T08:50:01.720+0000] {processor.py:840} INFO - DAG(s) 'example_setup_teardown' retrieved from /home/airflow/.local/lib/python3.12/site-packages/airflow/example_dags/example_setup_teardown.py
[2024-04-09T08:50:01.732+0000] {logging_mixin.py:188} INFO - [2024-04-09T08:50:01.732+0000] {dag.py:3096} INFO - Sync 1 DAGs
[2024-04-09T08:50:01.744+0000] {logging_mixin.py:188} INFO - [2024-04-09T08:50:01.744+0000] {dag.py:3954} INFO - Setting next_dagrun for example_setup_teardown to 2024-04-08 00:00:00+00:00, run_after=2024-04-09 00:00:00+00:00
[2024-04-09T08:50:01.754+0000] {processor.py:183} INFO - Processing /home/airflow/.local/lib/python3.12/site-packages/airflow/example_dags/example_setup_teardown.py took 0.041 seconds
[2024-04-09T08:50:32.506+0000] {processor.py:161} INFO - Started process (PID=3021) to work on /home/airflow/.local/lib/python3.12/site-packages/airflow/example_dags/example_setup_teardown.py
[2024-04-09T08:50:32.507+0000] {processor.py:830} INFO - Processing file /home/airflow/.local/lib/python3.12/site-packages/airflow/example_dags/example_setup_teardown.py for tasks to queue
[2024-04-09T08:50:32.508+0000] {logging_mixin.py:188} INFO - [2024-04-09T08:50:32.507+0000] {dagbag.py:540} INFO - Filling up the DagBag from /home/airflow/.local/lib/python3.12/site-packages/airflow/example_dags/example_setup_teardown.py
[2024-04-09T08:50:32.511+0000] {processor.py:840} INFO - DAG(s) 'example_setup_teardown' retrieved from /home/airflow/.local/lib/python3.12/site-packages/airflow/example_dags/example_setup_teardown.py
[2024-04-09T08:50:32.523+0000] {logging_mixin.py:188} INFO - [2024-04-09T08:50:32.523+0000] {dag.py:3096} INFO - Sync 1 DAGs
[2024-04-09T08:50:32.535+0000] {logging_mixin.py:188} INFO - [2024-04-09T08:50:32.535+0000] {dag.py:3954} INFO - Setting next_dagrun for example_setup_teardown to 2024-04-08 00:00:00+00:00, run_after=2024-04-09 00:00:00+00:00
[2024-04-09T08:50:32.546+0000] {processor.py:183} INFO - Processing /home/airflow/.local/lib/python3.12/site-packages/airflow/example_dags/example_setup_teardown.py took 0.043 seconds
[2024-04-09T08:51:03.045+0000] {processor.py:161} INFO - Started process (PID=3079) to work on /home/airflow/.local/lib/python3.12/site-packages/airflow/example_dags/example_setup_teardown.py
[2024-04-09T08:51:03.045+0000] {processor.py:830} INFO - Processing file /home/airflow/.local/lib/python3.12/site-packages/airflow/example_dags/example_setup_teardown.py for tasks to queue
[2024-04-09T08:51:03.046+0000] {logging_mixin.py:188} INFO - [2024-04-09T08:51:03.046+0000] {dagbag.py:540} INFO - Filling up the DagBag from /home/airflow/.local/lib/python3.12/site-packages/airflow/example_dags/example_setup_teardown.py
[2024-04-09T08:51:03.050+0000] {processor.py:840} INFO - DAG(s) 'example_setup_teardown' retrieved from /home/airflow/.local/lib/python3.12/site-packages/airflow/example_dags/example_setup_teardown.py
[2024-04-09T08:51:03.062+0000] {logging_mixin.py:188} INFO - [2024-04-09T08:51:03.061+0000] {dag.py:3096} INFO - Sync 1 DAGs
[2024-04-09T08:51:03.074+0000] {logging_mixin.py:188} INFO - [2024-04-09T08:51:03.074+0000] {dag.py:3954} INFO - Setting next_dagrun for example_setup_teardown to 2024-04-08 00:00:00+00:00, run_after=2024-04-09 00:00:00+00:00
[2024-04-09T08:51:03.093+0000] {processor.py:183} INFO - Processing /home/airflow/.local/lib/python3.12/site-packages/airflow/example_dags/example_setup_teardown.py took 0.051 seconds
[2024-04-09T08:51:33.609+0000] {processor.py:161} INFO - Started process (PID=3137) to work on /home/airflow/.local/lib/python3.12/site-packages/airflow/example_dags/example_setup_teardown.py
[2024-04-09T08:51:33.610+0000] {processor.py:830} INFO - Processing file /home/airflow/.local/lib/python3.12/site-packages/airflow/example_dags/example_setup_teardown.py for tasks to queue
[2024-04-09T08:51:33.611+0000] {logging_mixin.py:188} INFO - [2024-04-09T08:51:33.611+0000] {dagbag.py:540} INFO - Filling up the DagBag from /home/airflow/.local/lib/python3.12/site-packages/airflow/example_dags/example_setup_teardown.py
[2024-04-09T08:51:33.614+0000] {processor.py:840} INFO - DAG(s) 'example_setup_teardown' retrieved from /home/airflow/.local/lib/python3.12/site-packages/airflow/example_dags/example_setup_teardown.py
[2024-04-09T08:51:33.626+0000] {logging_mixin.py:188} INFO - [2024-04-09T08:51:33.625+0000] {dag.py:3096} INFO - Sync 1 DAGs
[2024-04-09T08:51:33.638+0000] {logging_mixin.py:188} INFO - [2024-04-09T08:51:33.638+0000] {dag.py:3954} INFO - Setting next_dagrun for example_setup_teardown to 2024-04-08 00:00:00+00:00, run_after=2024-04-09 00:00:00+00:00
[2024-04-09T08:51:33.649+0000] {processor.py:183} INFO - Processing /home/airflow/.local/lib/python3.12/site-packages/airflow/example_dags/example_setup_teardown.py took 0.042 seconds
[2024-04-09T08:52:04.169+0000] {processor.py:161} INFO - Started process (PID=3195) to work on /home/airflow/.local/lib/python3.12/site-packages/airflow/example_dags/example_setup_teardown.py
[2024-04-09T08:52:04.169+0000] {processor.py:830} INFO - Processing file /home/airflow/.local/lib/python3.12/site-packages/airflow/example_dags/example_setup_teardown.py for tasks to queue
[2024-04-09T08:52:04.170+0000] {logging_mixin.py:188} INFO - [2024-04-09T08:52:04.170+0000] {dagbag.py:540} INFO - Filling up the DagBag from /home/airflow/.local/lib/python3.12/site-packages/airflow/example_dags/example_setup_teardown.py
[2024-04-09T08:52:04.174+0000] {processor.py:840} INFO - DAG(s) 'example_setup_teardown' retrieved from /home/airflow/.local/lib/python3.12/site-packages/airflow/example_dags/example_setup_teardown.py
[2024-04-09T08:52:04.185+0000] {logging_mixin.py:188} INFO - [2024-04-09T08:52:04.185+0000] {dag.py:3096} INFO - Sync 1 DAGs
[2024-04-09T08:52:04.197+0000] {logging_mixin.py:188} INFO - [2024-04-09T08:52:04.197+0000] {dag.py:3954} INFO - Setting next_dagrun for example_setup_teardown to 2024-04-08 00:00:00+00:00, run_after=2024-04-09 00:00:00+00:00
[2024-04-09T08:52:04.207+0000] {processor.py:183} INFO - Processing /home/airflow/.local/lib/python3.12/site-packages/airflow/example_dags/example_setup_teardown.py took 0.041 seconds
[2024-04-09T08:52:34.779+0000] {processor.py:161} INFO - Started process (PID=3253) to work on /home/airflow/.local/lib/python3.12/site-packages/airflow/example_dags/example_setup_teardown.py
[2024-04-09T08:52:34.779+0000] {processor.py:830} INFO - Processing file /home/airflow/.local/lib/python3.12/site-packages/airflow/example_dags/example_setup_teardown.py for tasks to queue
[2024-04-09T08:52:34.780+0000] {logging_mixin.py:188} INFO - [2024-04-09T08:52:34.780+0000] {dagbag.py:540} INFO - Filling up the DagBag from /home/airflow/.local/lib/python3.12/site-packages/airflow/example_dags/example_setup_teardown.py
[2024-04-09T08:52:34.784+0000] {processor.py:840} INFO - DAG(s) 'example_setup_teardown' retrieved from /home/airflow/.local/lib/python3.12/site-packages/airflow/example_dags/example_setup_teardown.py
[2024-04-09T08:52:34.796+0000] {logging_mixin.py:188} INFO - [2024-04-09T08:52:34.796+0000] {dag.py:3096} INFO - Sync 1 DAGs
[2024-04-09T08:52:34.811+0000] {logging_mixin.py:188} INFO - [2024-04-09T08:52:34.811+0000] {dag.py:3954} INFO - Setting next_dagrun for example_setup_teardown to 2024-04-08 00:00:00+00:00, run_after=2024-04-09 00:00:00+00:00
[2024-04-09T08:52:34.834+0000] {processor.py:183} INFO - Processing /home/airflow/.local/lib/python3.12/site-packages/airflow/example_dags/example_setup_teardown.py took 0.058 seconds
[2024-04-09T08:53:05.442+0000] {processor.py:161} INFO - Started process (PID=3311) to work on /home/airflow/.local/lib/python3.12/site-packages/airflow/example_dags/example_setup_teardown.py
[2024-04-09T08:53:05.442+0000] {processor.py:830} INFO - Processing file /home/airflow/.local/lib/python3.12/site-packages/airflow/example_dags/example_setup_teardown.py for tasks to queue
[2024-04-09T08:53:05.443+0000] {logging_mixin.py:188} INFO - [2024-04-09T08:53:05.443+0000] {dagbag.py:540} INFO - Filling up the DagBag from /home/airflow/.local/lib/python3.12/site-packages/airflow/example_dags/example_setup_teardown.py
[2024-04-09T08:53:05.447+0000] {processor.py:840} INFO - DAG(s) 'example_setup_teardown' retrieved from /home/airflow/.local/lib/python3.12/site-packages/airflow/example_dags/example_setup_teardown.py
[2024-04-09T08:53:05.458+0000] {logging_mixin.py:188} INFO - [2024-04-09T08:53:05.458+0000] {dag.py:3096} INFO - Sync 1 DAGs
[2024-04-09T08:53:05.470+0000] {logging_mixin.py:188} INFO - [2024-04-09T08:53:05.470+0000] {dag.py:3954} INFO - Setting next_dagrun for example_setup_teardown to 2024-04-08 00:00:00+00:00, run_after=2024-04-09 00:00:00+00:00
[2024-04-09T08:53:05.491+0000] {processor.py:183} INFO - Processing /home/airflow/.local/lib/python3.12/site-packages/airflow/example_dags/example_setup_teardown.py took 0.052 seconds
[2024-04-09T08:53:35.585+0000] {processor.py:161} INFO - Started process (PID=3368) to work on /home/airflow/.local/lib/python3.12/site-packages/airflow/example_dags/example_setup_teardown.py
[2024-04-09T08:53:35.585+0000] {processor.py:830} INFO - Processing file /home/airflow/.local/lib/python3.12/site-packages/airflow/example_dags/example_setup_teardown.py for tasks to queue
[2024-04-09T08:53:35.586+0000] {logging_mixin.py:188} INFO - [2024-04-09T08:53:35.586+0000] {dagbag.py:540} INFO - Filling up the DagBag from /home/airflow/.local/lib/python3.12/site-packages/airflow/example_dags/example_setup_teardown.py
[2024-04-09T08:53:35.590+0000] {processor.py:840} INFO - DAG(s) 'example_setup_teardown' retrieved from /home/airflow/.local/lib/python3.12/site-packages/airflow/example_dags/example_setup_teardown.py
[2024-04-09T08:53:35.601+0000] {logging_mixin.py:188} INFO - [2024-04-09T08:53:35.601+0000] {dag.py:3096} INFO - Sync 1 DAGs
[2024-04-09T08:53:35.613+0000] {logging_mixin.py:188} INFO - [2024-04-09T08:53:35.613+0000] {dag.py:3954} INFO - Setting next_dagrun for example_setup_teardown to 2024-04-08 00:00:00+00:00, run_after=2024-04-09 00:00:00+00:00
[2024-04-09T08:53:35.634+0000] {processor.py:183} INFO - Processing /home/airflow/.local/lib/python3.12/site-packages/airflow/example_dags/example_setup_teardown.py took 0.052 seconds
[2024-04-09T08:54:06.307+0000] {processor.py:161} INFO - Started process (PID=3427) to work on /home/airflow/.local/lib/python3.12/site-packages/airflow/example_dags/example_setup_teardown.py
[2024-04-09T08:54:06.308+0000] {processor.py:830} INFO - Processing file /home/airflow/.local/lib/python3.12/site-packages/airflow/example_dags/example_setup_teardown.py for tasks to queue
[2024-04-09T08:54:06.309+0000] {logging_mixin.py:188} INFO - [2024-04-09T08:54:06.308+0000] {dagbag.py:540} INFO - Filling up the DagBag from /home/airflow/.local/lib/python3.12/site-packages/airflow/example_dags/example_setup_teardown.py
[2024-04-09T08:54:06.312+0000] {processor.py:840} INFO - DAG(s) 'example_setup_teardown' retrieved from /home/airflow/.local/lib/python3.12/site-packages/airflow/example_dags/example_setup_teardown.py
[2024-04-09T08:54:06.323+0000] {logging_mixin.py:188} INFO - [2024-04-09T08:54:06.323+0000] {dag.py:3096} INFO - Sync 1 DAGs
[2024-04-09T08:54:06.335+0000] {logging_mixin.py:188} INFO - [2024-04-09T08:54:06.335+0000] {dag.py:3954} INFO - Setting next_dagrun for example_setup_teardown to 2024-04-08 00:00:00+00:00, run_after=2024-04-09 00:00:00+00:00
[2024-04-09T08:54:06.359+0000] {processor.py:183} INFO - Processing /home/airflow/.local/lib/python3.12/site-packages/airflow/example_dags/example_setup_teardown.py took 0.055 seconds
[2024-04-09T08:54:36.961+0000] {processor.py:161} INFO - Started process (PID=3485) to work on /home/airflow/.local/lib/python3.12/site-packages/airflow/example_dags/example_setup_teardown.py
[2024-04-09T08:54:36.961+0000] {processor.py:830} INFO - Processing file /home/airflow/.local/lib/python3.12/site-packages/airflow/example_dags/example_setup_teardown.py for tasks to queue
[2024-04-09T08:54:36.962+0000] {logging_mixin.py:188} INFO - [2024-04-09T08:54:36.962+0000] {dagbag.py:540} INFO - Filling up the DagBag from /home/airflow/.local/lib/python3.12/site-packages/airflow/example_dags/example_setup_teardown.py
[2024-04-09T08:54:36.966+0000] {processor.py:840} INFO - DAG(s) 'example_setup_teardown' retrieved from /home/airflow/.local/lib/python3.12/site-packages/airflow/example_dags/example_setup_teardown.py
[2024-04-09T08:54:36.977+0000] {logging_mixin.py:188} INFO - [2024-04-09T08:54:36.977+0000] {dag.py:3096} INFO - Sync 1 DAGs
[2024-04-09T08:54:36.991+0000] {logging_mixin.py:188} INFO - [2024-04-09T08:54:36.991+0000] {dag.py:3954} INFO - Setting next_dagrun for example_setup_teardown to 2024-04-08 00:00:00+00:00, run_after=2024-04-09 00:00:00+00:00
[2024-04-09T08:54:37.016+0000] {processor.py:183} INFO - Processing /home/airflow/.local/lib/python3.12/site-packages/airflow/example_dags/example_setup_teardown.py took 0.058 seconds
[2024-04-09T08:55:07.636+0000] {processor.py:161} INFO - Started process (PID=3543) to work on /home/airflow/.local/lib/python3.12/site-packages/airflow/example_dags/example_setup_teardown.py
[2024-04-09T08:55:07.637+0000] {processor.py:830} INFO - Processing file /home/airflow/.local/lib/python3.12/site-packages/airflow/example_dags/example_setup_teardown.py for tasks to queue
[2024-04-09T08:55:07.638+0000] {logging_mixin.py:188} INFO - [2024-04-09T08:55:07.637+0000] {dagbag.py:540} INFO - Filling up the DagBag from /home/airflow/.local/lib/python3.12/site-packages/airflow/example_dags/example_setup_teardown.py
[2024-04-09T08:55:07.641+0000] {processor.py:840} INFO - DAG(s) 'example_setup_teardown' retrieved from /home/airflow/.local/lib/python3.12/site-packages/airflow/example_dags/example_setup_teardown.py
[2024-04-09T08:55:07.653+0000] {logging_mixin.py:188} INFO - [2024-04-09T08:55:07.653+0000] {dag.py:3096} INFO - Sync 1 DAGs
[2024-04-09T08:55:07.665+0000] {logging_mixin.py:188} INFO - [2024-04-09T08:55:07.665+0000] {dag.py:3954} INFO - Setting next_dagrun for example_setup_teardown to 2024-04-08 00:00:00+00:00, run_after=2024-04-09 00:00:00+00:00
[2024-04-09T08:55:07.676+0000] {processor.py:183} INFO - Processing /home/airflow/.local/lib/python3.12/site-packages/airflow/example_dags/example_setup_teardown.py took 0.043 seconds
[2024-04-09T08:55:38.251+0000] {processor.py:161} INFO - Started process (PID=3601) to work on /home/airflow/.local/lib/python3.12/site-packages/airflow/example_dags/example_setup_teardown.py
[2024-04-09T08:55:38.251+0000] {processor.py:830} INFO - Processing file /home/airflow/.local/lib/python3.12/site-packages/airflow/example_dags/example_setup_teardown.py for tasks to queue
[2024-04-09T08:55:38.252+0000] {logging_mixin.py:188} INFO - [2024-04-09T08:55:38.252+0000] {dagbag.py:540} INFO - Filling up the DagBag from /home/airflow/.local/lib/python3.12/site-packages/airflow/example_dags/example_setup_teardown.py
[2024-04-09T08:55:38.256+0000] {processor.py:840} INFO - DAG(s) 'example_setup_teardown' retrieved from /home/airflow/.local/lib/python3.12/site-packages/airflow/example_dags/example_setup_teardown.py
[2024-04-09T08:55:38.267+0000] {logging_mixin.py:188} INFO - [2024-04-09T08:55:38.267+0000] {dag.py:3096} INFO - Sync 1 DAGs
[2024-04-09T08:55:38.280+0000] {logging_mixin.py:188} INFO - [2024-04-09T08:55:38.280+0000] {dag.py:3954} INFO - Setting next_dagrun for example_setup_teardown to 2024-04-08 00:00:00+00:00, run_after=2024-04-09 00:00:00+00:00
[2024-04-09T08:55:38.302+0000] {processor.py:183} INFO - Processing /home/airflow/.local/lib/python3.12/site-packages/airflow/example_dags/example_setup_teardown.py took 0.054 seconds
[2024-04-09T08:56:08.946+0000] {processor.py:161} INFO - Started process (PID=3659) to work on /home/airflow/.local/lib/python3.12/site-packages/airflow/example_dags/example_setup_teardown.py
[2024-04-09T08:56:08.947+0000] {processor.py:830} INFO - Processing file /home/airflow/.local/lib/python3.12/site-packages/airflow/example_dags/example_setup_teardown.py for tasks to queue
[2024-04-09T08:56:08.948+0000] {logging_mixin.py:188} INFO - [2024-04-09T08:56:08.948+0000] {dagbag.py:540} INFO - Filling up the DagBag from /home/airflow/.local/lib/python3.12/site-packages/airflow/example_dags/example_setup_teardown.py
[2024-04-09T08:56:08.951+0000] {processor.py:840} INFO - DAG(s) 'example_setup_teardown' retrieved from /home/airflow/.local/lib/python3.12/site-packages/airflow/example_dags/example_setup_teardown.py
[2024-04-09T08:56:08.963+0000] {logging_mixin.py:188} INFO - [2024-04-09T08:56:08.963+0000] {dag.py:3096} INFO - Sync 1 DAGs
[2024-04-09T08:56:08.975+0000] {logging_mixin.py:188} INFO - [2024-04-09T08:56:08.975+0000] {dag.py:3954} INFO - Setting next_dagrun for example_setup_teardown to 2024-04-08 00:00:00+00:00, run_after=2024-04-09 00:00:00+00:00
[2024-04-09T08:56:08.988+0000] {processor.py:183} INFO - Processing /home/airflow/.local/lib/python3.12/site-packages/airflow/example_dags/example_setup_teardown.py took 0.044 seconds
[2024-04-09T08:56:39.629+0000] {processor.py:161} INFO - Started process (PID=3717) to work on /home/airflow/.local/lib/python3.12/site-packages/airflow/example_dags/example_setup_teardown.py
[2024-04-09T08:56:39.629+0000] {processor.py:830} INFO - Processing file /home/airflow/.local/lib/python3.12/site-packages/airflow/example_dags/example_setup_teardown.py for tasks to queue
[2024-04-09T08:56:39.630+0000] {logging_mixin.py:188} INFO - [2024-04-09T08:56:39.630+0000] {dagbag.py:540} INFO - Filling up the DagBag from /home/airflow/.local/lib/python3.12/site-packages/airflow/example_dags/example_setup_teardown.py
[2024-04-09T08:56:39.634+0000] {processor.py:840} INFO - DAG(s) 'example_setup_teardown' retrieved from /home/airflow/.local/lib/python3.12/site-packages/airflow/example_dags/example_setup_teardown.py
[2024-04-09T08:56:39.645+0000] {logging_mixin.py:188} INFO - [2024-04-09T08:56:39.645+0000] {dag.py:3096} INFO - Sync 1 DAGs
[2024-04-09T08:56:39.657+0000] {logging_mixin.py:188} INFO - [2024-04-09T08:56:39.657+0000] {dag.py:3954} INFO - Setting next_dagrun for example_setup_teardown to 2024-04-08 00:00:00+00:00, run_after=2024-04-09 00:00:00+00:00
[2024-04-09T08:56:39.678+0000] {processor.py:183} INFO - Processing /home/airflow/.local/lib/python3.12/site-packages/airflow/example_dags/example_setup_teardown.py took 0.052 seconds
[2024-04-09T08:57:10.346+0000] {processor.py:161} INFO - Started process (PID=3775) to work on /home/airflow/.local/lib/python3.12/site-packages/airflow/example_dags/example_setup_teardown.py
[2024-04-09T08:57:10.347+0000] {processor.py:830} INFO - Processing file /home/airflow/.local/lib/python3.12/site-packages/airflow/example_dags/example_setup_teardown.py for tasks to queue
[2024-04-09T08:57:10.348+0000] {logging_mixin.py:188} INFO - [2024-04-09T08:57:10.348+0000] {dagbag.py:540} INFO - Filling up the DagBag from /home/airflow/.local/lib/python3.12/site-packages/airflow/example_dags/example_setup_teardown.py
[2024-04-09T08:57:10.352+0000] {processor.py:840} INFO - DAG(s) 'example_setup_teardown' retrieved from /home/airflow/.local/lib/python3.12/site-packages/airflow/example_dags/example_setup_teardown.py
[2024-04-09T08:57:10.363+0000] {logging_mixin.py:188} INFO - [2024-04-09T08:57:10.363+0000] {dag.py:3096} INFO - Sync 1 DAGs
[2024-04-09T08:57:10.376+0000] {logging_mixin.py:188} INFO - [2024-04-09T08:57:10.375+0000] {dag.py:3954} INFO - Setting next_dagrun for example_setup_teardown to 2024-04-08 00:00:00+00:00, run_after=2024-04-09 00:00:00+00:00
[2024-04-09T08:57:10.395+0000] {processor.py:183} INFO - Processing /home/airflow/.local/lib/python3.12/site-packages/airflow/example_dags/example_setup_teardown.py took 0.052 seconds
[2024-04-09T08:57:41.036+0000] {processor.py:161} INFO - Started process (PID=3833) to work on /home/airflow/.local/lib/python3.12/site-packages/airflow/example_dags/example_setup_teardown.py
[2024-04-09T08:57:41.037+0000] {processor.py:830} INFO - Processing file /home/airflow/.local/lib/python3.12/site-packages/airflow/example_dags/example_setup_teardown.py for tasks to queue
[2024-04-09T08:57:41.038+0000] {logging_mixin.py:188} INFO - [2024-04-09T08:57:41.038+0000] {dagbag.py:540} INFO - Filling up the DagBag from /home/airflow/.local/lib/python3.12/site-packages/airflow/example_dags/example_setup_teardown.py
[2024-04-09T08:57:41.042+0000] {processor.py:840} INFO - DAG(s) 'example_setup_teardown' retrieved from /home/airflow/.local/lib/python3.12/site-packages/airflow/example_dags/example_setup_teardown.py
[2024-04-09T08:57:41.053+0000] {logging_mixin.py:188} INFO - [2024-04-09T08:57:41.053+0000] {dag.py:3096} INFO - Sync 1 DAGs
[2024-04-09T08:57:41.066+0000] {logging_mixin.py:188} INFO - [2024-04-09T08:57:41.066+0000] {dag.py:3954} INFO - Setting next_dagrun for example_setup_teardown to 2024-04-08 00:00:00+00:00, run_after=2024-04-09 00:00:00+00:00
[2024-04-09T08:57:41.091+0000] {processor.py:183} INFO - Processing /home/airflow/.local/lib/python3.12/site-packages/airflow/example_dags/example_setup_teardown.py took 0.057 seconds
[2024-04-09T08:58:11.171+0000] {processor.py:161} INFO - Started process (PID=3890) to work on /home/airflow/.local/lib/python3.12/site-packages/airflow/example_dags/example_setup_teardown.py
[2024-04-09T08:58:11.172+0000] {processor.py:830} INFO - Processing file /home/airflow/.local/lib/python3.12/site-packages/airflow/example_dags/example_setup_teardown.py for tasks to queue
[2024-04-09T08:58:11.173+0000] {logging_mixin.py:188} INFO - [2024-04-09T08:58:11.173+0000] {dagbag.py:540} INFO - Filling up the DagBag from /home/airflow/.local/lib/python3.12/site-packages/airflow/example_dags/example_setup_teardown.py
[2024-04-09T08:58:11.177+0000] {processor.py:840} INFO - DAG(s) 'example_setup_teardown' retrieved from /home/airflow/.local/lib/python3.12/site-packages/airflow/example_dags/example_setup_teardown.py
[2024-04-09T08:58:11.189+0000] {logging_mixin.py:188} INFO - [2024-04-09T08:58:11.189+0000] {dag.py:3096} INFO - Sync 1 DAGs
[2024-04-09T08:58:11.203+0000] {logging_mixin.py:188} INFO - [2024-04-09T08:58:11.203+0000] {dag.py:3954} INFO - Setting next_dagrun for example_setup_teardown to 2024-04-08 00:00:00+00:00, run_after=2024-04-09 00:00:00+00:00
[2024-04-09T08:58:11.215+0000] {processor.py:183} INFO - Processing /home/airflow/.local/lib/python3.12/site-packages/airflow/example_dags/example_setup_teardown.py took 0.047 seconds
