[2024-04-09T08:24:28.879+0000] {processor.py:161} INFO - Started process (PID=50) to work on /home/airflow/.local/lib/python3.12/site-packages/airflow/example_dags/example_skip_dag.py
[2024-04-09T08:24:28.880+0000] {processor.py:830} INFO - Processing file /home/airflow/.local/lib/python3.12/site-packages/airflow/example_dags/example_skip_dag.py for tasks to queue
[2024-04-09T08:24:28.881+0000] {logging_mixin.py:188} INFO - [2024-04-09T08:24:28.881+0000] {dagbag.py:540} INFO - Filling up the DagBag from /home/airflow/.local/lib/python3.12/site-packages/airflow/example_dags/example_skip_dag.py
[2024-04-09T08:24:28.886+0000] {processor.py:840} INFO - DAG(s) 'example_skip_dag' retrieved from /home/airflow/.local/lib/python3.12/site-packages/airflow/example_dags/example_skip_dag.py
[2024-04-09T08:24:28.894+0000] {logging_mixin.py:188} INFO - [2024-04-09T08:24:28.894+0000] {dag.py:3096} INFO - Sync 1 DAGs
[2024-04-09T08:24:28.913+0000] {logging_mixin.py:188} INFO - [2024-04-09T08:24:28.913+0000] {dag.py:3954} INFO - Setting next_dagrun for example_skip_dag to 2024-04-08 00:00:00+00:00, run_after=2024-04-09 00:00:00+00:00
[2024-04-09T08:24:28.927+0000] {processor.py:183} INFO - Processing /home/airflow/.local/lib/python3.12/site-packages/airflow/example_dags/example_skip_dag.py took 0.051 seconds
[2024-04-09T08:24:59.474+0000] {processor.py:161} INFO - Started process (PID=108) to work on /home/airflow/.local/lib/python3.12/site-packages/airflow/example_dags/example_skip_dag.py
[2024-04-09T08:24:59.474+0000] {processor.py:830} INFO - Processing file /home/airflow/.local/lib/python3.12/site-packages/airflow/example_dags/example_skip_dag.py for tasks to queue
[2024-04-09T08:24:59.475+0000] {logging_mixin.py:188} INFO - [2024-04-09T08:24:59.475+0000] {dagbag.py:540} INFO - Filling up the DagBag from /home/airflow/.local/lib/python3.12/site-packages/airflow/example_dags/example_skip_dag.py
[2024-04-09T08:24:59.478+0000] {processor.py:840} INFO - DAG(s) 'example_skip_dag' retrieved from /home/airflow/.local/lib/python3.12/site-packages/airflow/example_dags/example_skip_dag.py
[2024-04-09T08:24:59.537+0000] {logging_mixin.py:188} INFO - [2024-04-09T08:24:59.537+0000] {dag.py:3096} INFO - Sync 1 DAGs
[2024-04-09T08:24:59.550+0000] {logging_mixin.py:188} INFO - [2024-04-09T08:24:59.550+0000] {dag.py:3954} INFO - Setting next_dagrun for example_skip_dag to 2024-04-08 00:00:00+00:00, run_after=2024-04-09 00:00:00+00:00
[2024-04-09T08:24:59.564+0000] {processor.py:183} INFO - Processing /home/airflow/.local/lib/python3.12/site-packages/airflow/example_dags/example_skip_dag.py took 0.093 seconds
[2024-04-09T08:25:30.174+0000] {processor.py:161} INFO - Started process (PID=166) to work on /home/airflow/.local/lib/python3.12/site-packages/airflow/example_dags/example_skip_dag.py
[2024-04-09T08:25:30.174+0000] {processor.py:830} INFO - Processing file /home/airflow/.local/lib/python3.12/site-packages/airflow/example_dags/example_skip_dag.py for tasks to queue
[2024-04-09T08:25:30.175+0000] {logging_mixin.py:188} INFO - [2024-04-09T08:25:30.175+0000] {dagbag.py:540} INFO - Filling up the DagBag from /home/airflow/.local/lib/python3.12/site-packages/airflow/example_dags/example_skip_dag.py
[2024-04-09T08:25:30.179+0000] {processor.py:840} INFO - DAG(s) 'example_skip_dag' retrieved from /home/airflow/.local/lib/python3.12/site-packages/airflow/example_dags/example_skip_dag.py
[2024-04-09T08:25:30.190+0000] {logging_mixin.py:188} INFO - [2024-04-09T08:25:30.190+0000] {dag.py:3096} INFO - Sync 1 DAGs
[2024-04-09T08:25:30.202+0000] {logging_mixin.py:188} INFO - [2024-04-09T08:25:30.202+0000] {dag.py:3954} INFO - Setting next_dagrun for example_skip_dag to 2024-04-08 00:00:00+00:00, run_after=2024-04-09 00:00:00+00:00
[2024-04-09T08:25:30.213+0000] {processor.py:183} INFO - Processing /home/airflow/.local/lib/python3.12/site-packages/airflow/example_dags/example_skip_dag.py took 0.042 seconds
[2024-04-09T08:26:00.897+0000] {processor.py:161} INFO - Started process (PID=224) to work on /home/airflow/.local/lib/python3.12/site-packages/airflow/example_dags/example_skip_dag.py
[2024-04-09T08:26:00.897+0000] {processor.py:830} INFO - Processing file /home/airflow/.local/lib/python3.12/site-packages/airflow/example_dags/example_skip_dag.py for tasks to queue
[2024-04-09T08:26:00.898+0000] {logging_mixin.py:188} INFO - [2024-04-09T08:26:00.898+0000] {dagbag.py:540} INFO - Filling up the DagBag from /home/airflow/.local/lib/python3.12/site-packages/airflow/example_dags/example_skip_dag.py
[2024-04-09T08:26:00.902+0000] {processor.py:840} INFO - DAG(s) 'example_skip_dag' retrieved from /home/airflow/.local/lib/python3.12/site-packages/airflow/example_dags/example_skip_dag.py
[2024-04-09T08:26:00.914+0000] {logging_mixin.py:188} INFO - [2024-04-09T08:26:00.914+0000] {dag.py:3096} INFO - Sync 1 DAGs
[2024-04-09T08:26:00.927+0000] {logging_mixin.py:188} INFO - [2024-04-09T08:26:00.927+0000] {dag.py:3954} INFO - Setting next_dagrun for example_skip_dag to 2024-04-08 00:00:00+00:00, run_after=2024-04-09 00:00:00+00:00
[2024-04-09T08:26:00.938+0000] {processor.py:183} INFO - Processing /home/airflow/.local/lib/python3.12/site-packages/airflow/example_dags/example_skip_dag.py took 0.044 seconds
[2024-04-09T08:26:31.693+0000] {processor.py:161} INFO - Started process (PID=282) to work on /home/airflow/.local/lib/python3.12/site-packages/airflow/example_dags/example_skip_dag.py
[2024-04-09T08:26:31.693+0000] {processor.py:830} INFO - Processing file /home/airflow/.local/lib/python3.12/site-packages/airflow/example_dags/example_skip_dag.py for tasks to queue
[2024-04-09T08:26:31.694+0000] {logging_mixin.py:188} INFO - [2024-04-09T08:26:31.694+0000] {dagbag.py:540} INFO - Filling up the DagBag from /home/airflow/.local/lib/python3.12/site-packages/airflow/example_dags/example_skip_dag.py
[2024-04-09T08:26:31.699+0000] {processor.py:840} INFO - DAG(s) 'example_skip_dag' retrieved from /home/airflow/.local/lib/python3.12/site-packages/airflow/example_dags/example_skip_dag.py
[2024-04-09T08:26:31.711+0000] {logging_mixin.py:188} INFO - [2024-04-09T08:26:31.711+0000] {dag.py:3096} INFO - Sync 1 DAGs
[2024-04-09T08:26:31.724+0000] {logging_mixin.py:188} INFO - [2024-04-09T08:26:31.724+0000] {dag.py:3954} INFO - Setting next_dagrun for example_skip_dag to 2024-04-08 00:00:00+00:00, run_after=2024-04-09 00:00:00+00:00
[2024-04-09T08:26:31.735+0000] {processor.py:183} INFO - Processing /home/airflow/.local/lib/python3.12/site-packages/airflow/example_dags/example_skip_dag.py took 0.045 seconds
[2024-04-09T08:27:01.896+0000] {processor.py:161} INFO - Started process (PID=340) to work on /home/airflow/.local/lib/python3.12/site-packages/airflow/example_dags/example_skip_dag.py
[2024-04-09T08:27:01.897+0000] {processor.py:830} INFO - Processing file /home/airflow/.local/lib/python3.12/site-packages/airflow/example_dags/example_skip_dag.py for tasks to queue
[2024-04-09T08:27:01.898+0000] {logging_mixin.py:188} INFO - [2024-04-09T08:27:01.898+0000] {dagbag.py:540} INFO - Filling up the DagBag from /home/airflow/.local/lib/python3.12/site-packages/airflow/example_dags/example_skip_dag.py
[2024-04-09T08:27:01.902+0000] {processor.py:840} INFO - DAG(s) 'example_skip_dag' retrieved from /home/airflow/.local/lib/python3.12/site-packages/airflow/example_dags/example_skip_dag.py
[2024-04-09T08:27:01.915+0000] {logging_mixin.py:188} INFO - [2024-04-09T08:27:01.915+0000] {dag.py:3096} INFO - Sync 1 DAGs
[2024-04-09T08:27:01.930+0000] {logging_mixin.py:188} INFO - [2024-04-09T08:27:01.930+0000] {dag.py:3954} INFO - Setting next_dagrun for example_skip_dag to 2024-04-08 00:00:00+00:00, run_after=2024-04-09 00:00:00+00:00
[2024-04-09T08:27:01.943+0000] {processor.py:183} INFO - Processing /home/airflow/.local/lib/python3.12/site-packages/airflow/example_dags/example_skip_dag.py took 0.049 seconds
[2024-04-09T08:27:32.935+0000] {processor.py:161} INFO - Started process (PID=398) to work on /home/airflow/.local/lib/python3.12/site-packages/airflow/example_dags/example_skip_dag.py
[2024-04-09T08:27:32.936+0000] {processor.py:830} INFO - Processing file /home/airflow/.local/lib/python3.12/site-packages/airflow/example_dags/example_skip_dag.py for tasks to queue
[2024-04-09T08:27:32.937+0000] {logging_mixin.py:188} INFO - [2024-04-09T08:27:32.936+0000] {dagbag.py:540} INFO - Filling up the DagBag from /home/airflow/.local/lib/python3.12/site-packages/airflow/example_dags/example_skip_dag.py
[2024-04-09T08:27:32.941+0000] {processor.py:840} INFO - DAG(s) 'example_skip_dag' retrieved from /home/airflow/.local/lib/python3.12/site-packages/airflow/example_dags/example_skip_dag.py
[2024-04-09T08:27:32.953+0000] {logging_mixin.py:188} INFO - [2024-04-09T08:27:32.953+0000] {dag.py:3096} INFO - Sync 1 DAGs
[2024-04-09T08:27:32.965+0000] {logging_mixin.py:188} INFO - [2024-04-09T08:27:32.965+0000] {dag.py:3954} INFO - Setting next_dagrun for example_skip_dag to 2024-04-08 00:00:00+00:00, run_after=2024-04-09 00:00:00+00:00
[2024-04-09T08:27:32.975+0000] {processor.py:183} INFO - Processing /home/airflow/.local/lib/python3.12/site-packages/airflow/example_dags/example_skip_dag.py took 0.043 seconds
[2024-04-09T08:28:03.040+0000] {processor.py:161} INFO - Started process (PID=455) to work on /home/airflow/.local/lib/python3.12/site-packages/airflow/example_dags/example_skip_dag.py
[2024-04-09T08:28:03.041+0000] {processor.py:830} INFO - Processing file /home/airflow/.local/lib/python3.12/site-packages/airflow/example_dags/example_skip_dag.py for tasks to queue
[2024-04-09T08:28:03.042+0000] {logging_mixin.py:188} INFO - [2024-04-09T08:28:03.042+0000] {dagbag.py:540} INFO - Filling up the DagBag from /home/airflow/.local/lib/python3.12/site-packages/airflow/example_dags/example_skip_dag.py
[2024-04-09T08:28:03.045+0000] {processor.py:840} INFO - DAG(s) 'example_skip_dag' retrieved from /home/airflow/.local/lib/python3.12/site-packages/airflow/example_dags/example_skip_dag.py
[2024-04-09T08:28:03.057+0000] {logging_mixin.py:188} INFO - [2024-04-09T08:28:03.057+0000] {dag.py:3096} INFO - Sync 1 DAGs
[2024-04-09T08:28:03.069+0000] {logging_mixin.py:188} INFO - [2024-04-09T08:28:03.069+0000] {dag.py:3954} INFO - Setting next_dagrun for example_skip_dag to 2024-04-08 00:00:00+00:00, run_after=2024-04-09 00:00:00+00:00
[2024-04-09T08:28:03.079+0000] {processor.py:183} INFO - Processing /home/airflow/.local/lib/python3.12/site-packages/airflow/example_dags/example_skip_dag.py took 0.041 seconds
[2024-04-09T08:28:33.139+0000] {processor.py:161} INFO - Started process (PID=513) to work on /home/airflow/.local/lib/python3.12/site-packages/airflow/example_dags/example_skip_dag.py
[2024-04-09T08:28:33.139+0000] {processor.py:830} INFO - Processing file /home/airflow/.local/lib/python3.12/site-packages/airflow/example_dags/example_skip_dag.py for tasks to queue
[2024-04-09T08:28:33.140+0000] {logging_mixin.py:188} INFO - [2024-04-09T08:28:33.140+0000] {dagbag.py:540} INFO - Filling up the DagBag from /home/airflow/.local/lib/python3.12/site-packages/airflow/example_dags/example_skip_dag.py
[2024-04-09T08:28:33.144+0000] {processor.py:840} INFO - DAG(s) 'example_skip_dag' retrieved from /home/airflow/.local/lib/python3.12/site-packages/airflow/example_dags/example_skip_dag.py
[2024-04-09T08:28:33.157+0000] {logging_mixin.py:188} INFO - [2024-04-09T08:28:33.157+0000] {dag.py:3096} INFO - Sync 1 DAGs
[2024-04-09T08:28:33.170+0000] {logging_mixin.py:188} INFO - [2024-04-09T08:28:33.170+0000] {dag.py:3954} INFO - Setting next_dagrun for example_skip_dag to 2024-04-08 00:00:00+00:00, run_after=2024-04-09 00:00:00+00:00
[2024-04-09T08:28:33.180+0000] {processor.py:183} INFO - Processing /home/airflow/.local/lib/python3.12/site-packages/airflow/example_dags/example_skip_dag.py took 0.044 seconds
[2024-04-09T08:29:03.673+0000] {processor.py:161} INFO - Started process (PID=571) to work on /home/airflow/.local/lib/python3.12/site-packages/airflow/example_dags/example_skip_dag.py
[2024-04-09T08:29:03.673+0000] {processor.py:830} INFO - Processing file /home/airflow/.local/lib/python3.12/site-packages/airflow/example_dags/example_skip_dag.py for tasks to queue
[2024-04-09T08:29:03.674+0000] {logging_mixin.py:188} INFO - [2024-04-09T08:29:03.674+0000] {dagbag.py:540} INFO - Filling up the DagBag from /home/airflow/.local/lib/python3.12/site-packages/airflow/example_dags/example_skip_dag.py
[2024-04-09T08:29:03.677+0000] {processor.py:840} INFO - DAG(s) 'example_skip_dag' retrieved from /home/airflow/.local/lib/python3.12/site-packages/airflow/example_dags/example_skip_dag.py
[2024-04-09T08:29:03.688+0000] {logging_mixin.py:188} INFO - [2024-04-09T08:29:03.688+0000] {dag.py:3096} INFO - Sync 1 DAGs
[2024-04-09T08:29:03.701+0000] {logging_mixin.py:188} INFO - [2024-04-09T08:29:03.701+0000] {dag.py:3954} INFO - Setting next_dagrun for example_skip_dag to 2024-04-08 00:00:00+00:00, run_after=2024-04-09 00:00:00+00:00
[2024-04-09T08:29:03.711+0000] {processor.py:183} INFO - Processing /home/airflow/.local/lib/python3.12/site-packages/airflow/example_dags/example_skip_dag.py took 0.041 seconds
[2024-04-09T08:29:34.492+0000] {processor.py:161} INFO - Started process (PID=629) to work on /home/airflow/.local/lib/python3.12/site-packages/airflow/example_dags/example_skip_dag.py
[2024-04-09T08:29:34.492+0000] {processor.py:830} INFO - Processing file /home/airflow/.local/lib/python3.12/site-packages/airflow/example_dags/example_skip_dag.py for tasks to queue
[2024-04-09T08:29:34.493+0000] {logging_mixin.py:188} INFO - [2024-04-09T08:29:34.493+0000] {dagbag.py:540} INFO - Filling up the DagBag from /home/airflow/.local/lib/python3.12/site-packages/airflow/example_dags/example_skip_dag.py
[2024-04-09T08:29:34.497+0000] {processor.py:840} INFO - DAG(s) 'example_skip_dag' retrieved from /home/airflow/.local/lib/python3.12/site-packages/airflow/example_dags/example_skip_dag.py
[2024-04-09T08:29:34.508+0000] {logging_mixin.py:188} INFO - [2024-04-09T08:29:34.508+0000] {dag.py:3096} INFO - Sync 1 DAGs
[2024-04-09T08:29:34.521+0000] {logging_mixin.py:188} INFO - [2024-04-09T08:29:34.521+0000] {dag.py:3954} INFO - Setting next_dagrun for example_skip_dag to 2024-04-08 00:00:00+00:00, run_after=2024-04-09 00:00:00+00:00
[2024-04-09T08:29:34.531+0000] {processor.py:183} INFO - Processing /home/airflow/.local/lib/python3.12/site-packages/airflow/example_dags/example_skip_dag.py took 0.042 seconds
[2024-04-09T08:30:05.210+0000] {processor.py:161} INFO - Started process (PID=687) to work on /home/airflow/.local/lib/python3.12/site-packages/airflow/example_dags/example_skip_dag.py
[2024-04-09T08:30:05.210+0000] {processor.py:830} INFO - Processing file /home/airflow/.local/lib/python3.12/site-packages/airflow/example_dags/example_skip_dag.py for tasks to queue
[2024-04-09T08:30:05.211+0000] {logging_mixin.py:188} INFO - [2024-04-09T08:30:05.211+0000] {dagbag.py:540} INFO - Filling up the DagBag from /home/airflow/.local/lib/python3.12/site-packages/airflow/example_dags/example_skip_dag.py
[2024-04-09T08:30:05.214+0000] {processor.py:840} INFO - DAG(s) 'example_skip_dag' retrieved from /home/airflow/.local/lib/python3.12/site-packages/airflow/example_dags/example_skip_dag.py
[2024-04-09T08:30:05.226+0000] {logging_mixin.py:188} INFO - [2024-04-09T08:30:05.226+0000] {dag.py:3096} INFO - Sync 1 DAGs
[2024-04-09T08:30:05.239+0000] {logging_mixin.py:188} INFO - [2024-04-09T08:30:05.239+0000] {dag.py:3954} INFO - Setting next_dagrun for example_skip_dag to 2024-04-08 00:00:00+00:00, run_after=2024-04-09 00:00:00+00:00
[2024-04-09T08:30:05.251+0000] {processor.py:183} INFO - Processing /home/airflow/.local/lib/python3.12/site-packages/airflow/example_dags/example_skip_dag.py took 0.044 seconds
[2024-04-09T08:30:35.855+0000] {processor.py:161} INFO - Started process (PID=745) to work on /home/airflow/.local/lib/python3.12/site-packages/airflow/example_dags/example_skip_dag.py
[2024-04-09T08:30:35.855+0000] {processor.py:830} INFO - Processing file /home/airflow/.local/lib/python3.12/site-packages/airflow/example_dags/example_skip_dag.py for tasks to queue
[2024-04-09T08:30:35.856+0000] {logging_mixin.py:188} INFO - [2024-04-09T08:30:35.856+0000] {dagbag.py:540} INFO - Filling up the DagBag from /home/airflow/.local/lib/python3.12/site-packages/airflow/example_dags/example_skip_dag.py
[2024-04-09T08:30:35.860+0000] {processor.py:840} INFO - DAG(s) 'example_skip_dag' retrieved from /home/airflow/.local/lib/python3.12/site-packages/airflow/example_dags/example_skip_dag.py
[2024-04-09T08:30:35.875+0000] {logging_mixin.py:188} INFO - [2024-04-09T08:30:35.875+0000] {dag.py:3096} INFO - Sync 1 DAGs
[2024-04-09T08:30:35.889+0000] {logging_mixin.py:188} INFO - [2024-04-09T08:30:35.889+0000] {dag.py:3954} INFO - Setting next_dagrun for example_skip_dag to 2024-04-08 00:00:00+00:00, run_after=2024-04-09 00:00:00+00:00
[2024-04-09T08:30:35.906+0000] {processor.py:183} INFO - Processing /home/airflow/.local/lib/python3.12/site-packages/airflow/example_dags/example_skip_dag.py took 0.054 seconds
[2024-04-09T08:31:06.198+0000] {processor.py:161} INFO - Started process (PID=803) to work on /home/airflow/.local/lib/python3.12/site-packages/airflow/example_dags/example_skip_dag.py
[2024-04-09T08:31:06.198+0000] {processor.py:830} INFO - Processing file /home/airflow/.local/lib/python3.12/site-packages/airflow/example_dags/example_skip_dag.py for tasks to queue
[2024-04-09T08:31:06.200+0000] {logging_mixin.py:188} INFO - [2024-04-09T08:31:06.200+0000] {dagbag.py:540} INFO - Filling up the DagBag from /home/airflow/.local/lib/python3.12/site-packages/airflow/example_dags/example_skip_dag.py
[2024-04-09T08:31:06.204+0000] {processor.py:840} INFO - DAG(s) 'example_skip_dag' retrieved from /home/airflow/.local/lib/python3.12/site-packages/airflow/example_dags/example_skip_dag.py
[2024-04-09T08:31:06.217+0000] {logging_mixin.py:188} INFO - [2024-04-09T08:31:06.217+0000] {dag.py:3096} INFO - Sync 1 DAGs
[2024-04-09T08:31:06.233+0000] {logging_mixin.py:188} INFO - [2024-04-09T08:31:06.233+0000] {dag.py:3954} INFO - Setting next_dagrun for example_skip_dag to 2024-04-08 00:00:00+00:00, run_after=2024-04-09 00:00:00+00:00
[2024-04-09T08:31:06.245+0000] {processor.py:183} INFO - Processing /home/airflow/.local/lib/python3.12/site-packages/airflow/example_dags/example_skip_dag.py took 0.050 seconds
[2024-04-09T08:31:36.462+0000] {processor.py:161} INFO - Started process (PID=861) to work on /home/airflow/.local/lib/python3.12/site-packages/airflow/example_dags/example_skip_dag.py
[2024-04-09T08:31:36.463+0000] {processor.py:830} INFO - Processing file /home/airflow/.local/lib/python3.12/site-packages/airflow/example_dags/example_skip_dag.py for tasks to queue
[2024-04-09T08:31:36.464+0000] {logging_mixin.py:188} INFO - [2024-04-09T08:31:36.463+0000] {dagbag.py:540} INFO - Filling up the DagBag from /home/airflow/.local/lib/python3.12/site-packages/airflow/example_dags/example_skip_dag.py
[2024-04-09T08:31:36.467+0000] {processor.py:840} INFO - DAG(s) 'example_skip_dag' retrieved from /home/airflow/.local/lib/python3.12/site-packages/airflow/example_dags/example_skip_dag.py
[2024-04-09T08:31:36.483+0000] {logging_mixin.py:188} INFO - [2024-04-09T08:31:36.483+0000] {dag.py:3096} INFO - Sync 1 DAGs
[2024-04-09T08:31:36.498+0000] {logging_mixin.py:188} INFO - [2024-04-09T08:31:36.498+0000] {dag.py:3954} INFO - Setting next_dagrun for example_skip_dag to 2024-04-08 00:00:00+00:00, run_after=2024-04-09 00:00:00+00:00
[2024-04-09T08:31:36.637+0000] {processor.py:183} INFO - Processing /home/airflow/.local/lib/python3.12/site-packages/airflow/example_dags/example_skip_dag.py took 0.179 seconds
[2024-04-09T08:32:06.974+0000] {processor.py:161} INFO - Started process (PID=919) to work on /home/airflow/.local/lib/python3.12/site-packages/airflow/example_dags/example_skip_dag.py
[2024-04-09T08:32:06.975+0000] {processor.py:830} INFO - Processing file /home/airflow/.local/lib/python3.12/site-packages/airflow/example_dags/example_skip_dag.py for tasks to queue
[2024-04-09T08:32:06.976+0000] {logging_mixin.py:188} INFO - [2024-04-09T08:32:06.976+0000] {dagbag.py:540} INFO - Filling up the DagBag from /home/airflow/.local/lib/python3.12/site-packages/airflow/example_dags/example_skip_dag.py
[2024-04-09T08:32:06.984+0000] {processor.py:840} INFO - DAG(s) 'example_skip_dag' retrieved from /home/airflow/.local/lib/python3.12/site-packages/airflow/example_dags/example_skip_dag.py
[2024-04-09T08:32:07.002+0000] {logging_mixin.py:188} INFO - [2024-04-09T08:32:07.002+0000] {dag.py:3096} INFO - Sync 1 DAGs
[2024-04-09T08:32:07.022+0000] {logging_mixin.py:188} INFO - [2024-04-09T08:32:07.022+0000] {dag.py:3954} INFO - Setting next_dagrun for example_skip_dag to 2024-04-08 00:00:00+00:00, run_after=2024-04-09 00:00:00+00:00
[2024-04-09T08:32:07.035+0000] {processor.py:183} INFO - Processing /home/airflow/.local/lib/python3.12/site-packages/airflow/example_dags/example_skip_dag.py took 0.065 seconds
[2024-04-09T08:32:37.056+0000] {processor.py:161} INFO - Started process (PID=976) to work on /home/airflow/.local/lib/python3.12/site-packages/airflow/example_dags/example_skip_dag.py
[2024-04-09T08:32:37.056+0000] {processor.py:830} INFO - Processing file /home/airflow/.local/lib/python3.12/site-packages/airflow/example_dags/example_skip_dag.py for tasks to queue
[2024-04-09T08:32:37.057+0000] {logging_mixin.py:188} INFO - [2024-04-09T08:32:37.057+0000] {dagbag.py:540} INFO - Filling up the DagBag from /home/airflow/.local/lib/python3.12/site-packages/airflow/example_dags/example_skip_dag.py
[2024-04-09T08:32:37.061+0000] {processor.py:840} INFO - DAG(s) 'example_skip_dag' retrieved from /home/airflow/.local/lib/python3.12/site-packages/airflow/example_dags/example_skip_dag.py
[2024-04-09T08:32:37.073+0000] {logging_mixin.py:188} INFO - [2024-04-09T08:32:37.073+0000] {dag.py:3096} INFO - Sync 1 DAGs
[2024-04-09T08:32:37.086+0000] {logging_mixin.py:188} INFO - [2024-04-09T08:32:37.086+0000] {dag.py:3954} INFO - Setting next_dagrun for example_skip_dag to 2024-04-08 00:00:00+00:00, run_after=2024-04-09 00:00:00+00:00
[2024-04-09T08:32:37.098+0000] {processor.py:183} INFO - Processing /home/airflow/.local/lib/python3.12/site-packages/airflow/example_dags/example_skip_dag.py took 0.045 seconds
[2024-04-09T08:33:07.465+0000] {processor.py:161} INFO - Started process (PID=1034) to work on /home/airflow/.local/lib/python3.12/site-packages/airflow/example_dags/example_skip_dag.py
[2024-04-09T08:33:07.465+0000] {processor.py:830} INFO - Processing file /home/airflow/.local/lib/python3.12/site-packages/airflow/example_dags/example_skip_dag.py for tasks to queue
[2024-04-09T08:33:07.466+0000] {logging_mixin.py:188} INFO - [2024-04-09T08:33:07.466+0000] {dagbag.py:540} INFO - Filling up the DagBag from /home/airflow/.local/lib/python3.12/site-packages/airflow/example_dags/example_skip_dag.py
[2024-04-09T08:33:07.470+0000] {processor.py:840} INFO - DAG(s) 'example_skip_dag' retrieved from /home/airflow/.local/lib/python3.12/site-packages/airflow/example_dags/example_skip_dag.py
[2024-04-09T08:33:07.482+0000] {logging_mixin.py:188} INFO - [2024-04-09T08:33:07.482+0000] {dag.py:3096} INFO - Sync 1 DAGs
[2024-04-09T08:33:07.496+0000] {logging_mixin.py:188} INFO - [2024-04-09T08:33:07.495+0000] {dag.py:3954} INFO - Setting next_dagrun for example_skip_dag to 2024-04-08 00:00:00+00:00, run_after=2024-04-09 00:00:00+00:00
[2024-04-09T08:33:07.518+0000] {processor.py:183} INFO - Processing /home/airflow/.local/lib/python3.12/site-packages/airflow/example_dags/example_skip_dag.py took 0.057 seconds
[2024-04-09T08:33:37.749+0000] {processor.py:161} INFO - Started process (PID=1092) to work on /home/airflow/.local/lib/python3.12/site-packages/airflow/example_dags/example_skip_dag.py
[2024-04-09T08:33:37.749+0000] {processor.py:830} INFO - Processing file /home/airflow/.local/lib/python3.12/site-packages/airflow/example_dags/example_skip_dag.py for tasks to queue
[2024-04-09T08:33:37.750+0000] {logging_mixin.py:188} INFO - [2024-04-09T08:33:37.750+0000] {dagbag.py:540} INFO - Filling up the DagBag from /home/airflow/.local/lib/python3.12/site-packages/airflow/example_dags/example_skip_dag.py
[2024-04-09T08:33:37.754+0000] {processor.py:840} INFO - DAG(s) 'example_skip_dag' retrieved from /home/airflow/.local/lib/python3.12/site-packages/airflow/example_dags/example_skip_dag.py
[2024-04-09T08:33:37.766+0000] {logging_mixin.py:188} INFO - [2024-04-09T08:33:37.766+0000] {dag.py:3096} INFO - Sync 1 DAGs
[2024-04-09T08:33:37.779+0000] {logging_mixin.py:188} INFO - [2024-04-09T08:33:37.779+0000] {dag.py:3954} INFO - Setting next_dagrun for example_skip_dag to 2024-04-08 00:00:00+00:00, run_after=2024-04-09 00:00:00+00:00
[2024-04-09T08:33:37.795+0000] {processor.py:183} INFO - Processing /home/airflow/.local/lib/python3.12/site-packages/airflow/example_dags/example_skip_dag.py took 0.049 seconds
[2024-04-09T08:34:08.570+0000] {processor.py:161} INFO - Started process (PID=1150) to work on /home/airflow/.local/lib/python3.12/site-packages/airflow/example_dags/example_skip_dag.py
[2024-04-09T08:34:08.570+0000] {processor.py:830} INFO - Processing file /home/airflow/.local/lib/python3.12/site-packages/airflow/example_dags/example_skip_dag.py for tasks to queue
[2024-04-09T08:34:08.571+0000] {logging_mixin.py:188} INFO - [2024-04-09T08:34:08.571+0000] {dagbag.py:540} INFO - Filling up the DagBag from /home/airflow/.local/lib/python3.12/site-packages/airflow/example_dags/example_skip_dag.py
[2024-04-09T08:34:08.575+0000] {processor.py:840} INFO - DAG(s) 'example_skip_dag' retrieved from /home/airflow/.local/lib/python3.12/site-packages/airflow/example_dags/example_skip_dag.py
[2024-04-09T08:34:08.587+0000] {logging_mixin.py:188} INFO - [2024-04-09T08:34:08.587+0000] {dag.py:3096} INFO - Sync 1 DAGs
[2024-04-09T08:34:08.601+0000] {logging_mixin.py:188} INFO - [2024-04-09T08:34:08.601+0000] {dag.py:3954} INFO - Setting next_dagrun for example_skip_dag to 2024-04-08 00:00:00+00:00, run_after=2024-04-09 00:00:00+00:00
[2024-04-09T08:34:08.614+0000] {processor.py:183} INFO - Processing /home/airflow/.local/lib/python3.12/site-packages/airflow/example_dags/example_skip_dag.py took 0.048 seconds
[2024-04-09T08:34:39.546+0000] {processor.py:161} INFO - Started process (PID=1208) to work on /home/airflow/.local/lib/python3.12/site-packages/airflow/example_dags/example_skip_dag.py
[2024-04-09T08:34:39.547+0000] {processor.py:830} INFO - Processing file /home/airflow/.local/lib/python3.12/site-packages/airflow/example_dags/example_skip_dag.py for tasks to queue
[2024-04-09T08:34:39.548+0000] {logging_mixin.py:188} INFO - [2024-04-09T08:34:39.548+0000] {dagbag.py:540} INFO - Filling up the DagBag from /home/airflow/.local/lib/python3.12/site-packages/airflow/example_dags/example_skip_dag.py
[2024-04-09T08:34:39.551+0000] {processor.py:840} INFO - DAG(s) 'example_skip_dag' retrieved from /home/airflow/.local/lib/python3.12/site-packages/airflow/example_dags/example_skip_dag.py
[2024-04-09T08:34:39.563+0000] {logging_mixin.py:188} INFO - [2024-04-09T08:34:39.563+0000] {dag.py:3096} INFO - Sync 1 DAGs
[2024-04-09T08:34:39.576+0000] {logging_mixin.py:188} INFO - [2024-04-09T08:34:39.576+0000] {dag.py:3954} INFO - Setting next_dagrun for example_skip_dag to 2024-04-08 00:00:00+00:00, run_after=2024-04-09 00:00:00+00:00
[2024-04-09T08:34:39.599+0000] {processor.py:183} INFO - Processing /home/airflow/.local/lib/python3.12/site-packages/airflow/example_dags/example_skip_dag.py took 0.055 seconds
[2024-04-09T08:35:09.639+0000] {processor.py:161} INFO - Started process (PID=1266) to work on /home/airflow/.local/lib/python3.12/site-packages/airflow/example_dags/example_skip_dag.py
[2024-04-09T08:35:09.640+0000] {processor.py:830} INFO - Processing file /home/airflow/.local/lib/python3.12/site-packages/airflow/example_dags/example_skip_dag.py for tasks to queue
[2024-04-09T08:35:09.641+0000] {logging_mixin.py:188} INFO - [2024-04-09T08:35:09.641+0000] {dagbag.py:540} INFO - Filling up the DagBag from /home/airflow/.local/lib/python3.12/site-packages/airflow/example_dags/example_skip_dag.py
[2024-04-09T08:35:09.644+0000] {processor.py:840} INFO - DAG(s) 'example_skip_dag' retrieved from /home/airflow/.local/lib/python3.12/site-packages/airflow/example_dags/example_skip_dag.py
[2024-04-09T08:35:09.657+0000] {logging_mixin.py:188} INFO - [2024-04-09T08:35:09.656+0000] {dag.py:3096} INFO - Sync 1 DAGs
[2024-04-09T08:35:09.670+0000] {logging_mixin.py:188} INFO - [2024-04-09T08:35:09.669+0000] {dag.py:3954} INFO - Setting next_dagrun for example_skip_dag to 2024-04-08 00:00:00+00:00, run_after=2024-04-09 00:00:00+00:00
[2024-04-09T08:35:09.692+0000] {processor.py:183} INFO - Processing /home/airflow/.local/lib/python3.12/site-packages/airflow/example_dags/example_skip_dag.py took 0.056 seconds
[2024-04-09T08:35:39.715+0000] {processor.py:161} INFO - Started process (PID=1324) to work on /home/airflow/.local/lib/python3.12/site-packages/airflow/example_dags/example_skip_dag.py
[2024-04-09T08:35:39.716+0000] {processor.py:830} INFO - Processing file /home/airflow/.local/lib/python3.12/site-packages/airflow/example_dags/example_skip_dag.py for tasks to queue
[2024-04-09T08:35:39.716+0000] {logging_mixin.py:188} INFO - [2024-04-09T08:35:39.716+0000] {dagbag.py:540} INFO - Filling up the DagBag from /home/airflow/.local/lib/python3.12/site-packages/airflow/example_dags/example_skip_dag.py
[2024-04-09T08:35:39.720+0000] {processor.py:840} INFO - DAG(s) 'example_skip_dag' retrieved from /home/airflow/.local/lib/python3.12/site-packages/airflow/example_dags/example_skip_dag.py
[2024-04-09T08:35:39.731+0000] {logging_mixin.py:188} INFO - [2024-04-09T08:35:39.731+0000] {dag.py:3096} INFO - Sync 1 DAGs
[2024-04-09T08:35:39.744+0000] {logging_mixin.py:188} INFO - [2024-04-09T08:35:39.744+0000] {dag.py:3954} INFO - Setting next_dagrun for example_skip_dag to 2024-04-08 00:00:00+00:00, run_after=2024-04-09 00:00:00+00:00
[2024-04-09T08:35:39.766+0000] {processor.py:183} INFO - Processing /home/airflow/.local/lib/python3.12/site-packages/airflow/example_dags/example_skip_dag.py took 0.054 seconds
[2024-04-09T08:36:10.523+0000] {processor.py:161} INFO - Started process (PID=1382) to work on /home/airflow/.local/lib/python3.12/site-packages/airflow/example_dags/example_skip_dag.py
[2024-04-09T08:36:10.524+0000] {processor.py:830} INFO - Processing file /home/airflow/.local/lib/python3.12/site-packages/airflow/example_dags/example_skip_dag.py for tasks to queue
[2024-04-09T08:36:10.525+0000] {logging_mixin.py:188} INFO - [2024-04-09T08:36:10.525+0000] {dagbag.py:540} INFO - Filling up the DagBag from /home/airflow/.local/lib/python3.12/site-packages/airflow/example_dags/example_skip_dag.py
[2024-04-09T08:36:10.528+0000] {processor.py:840} INFO - DAG(s) 'example_skip_dag' retrieved from /home/airflow/.local/lib/python3.12/site-packages/airflow/example_dags/example_skip_dag.py
[2024-04-09T08:36:10.540+0000] {logging_mixin.py:188} INFO - [2024-04-09T08:36:10.540+0000] {dag.py:3096} INFO - Sync 1 DAGs
[2024-04-09T08:36:10.552+0000] {logging_mixin.py:188} INFO - [2024-04-09T08:36:10.552+0000] {dag.py:3954} INFO - Setting next_dagrun for example_skip_dag to 2024-04-08 00:00:00+00:00, run_after=2024-04-09 00:00:00+00:00
[2024-04-09T08:36:10.569+0000] {processor.py:183} INFO - Processing /home/airflow/.local/lib/python3.12/site-packages/airflow/example_dags/example_skip_dag.py took 0.049 seconds
[2024-04-09T08:36:41.215+0000] {processor.py:161} INFO - Started process (PID=1440) to work on /home/airflow/.local/lib/python3.12/site-packages/airflow/example_dags/example_skip_dag.py
[2024-04-09T08:36:41.215+0000] {processor.py:830} INFO - Processing file /home/airflow/.local/lib/python3.12/site-packages/airflow/example_dags/example_skip_dag.py for tasks to queue
[2024-04-09T08:36:41.216+0000] {logging_mixin.py:188} INFO - [2024-04-09T08:36:41.216+0000] {dagbag.py:540} INFO - Filling up the DagBag from /home/airflow/.local/lib/python3.12/site-packages/airflow/example_dags/example_skip_dag.py
[2024-04-09T08:36:41.220+0000] {processor.py:840} INFO - DAG(s) 'example_skip_dag' retrieved from /home/airflow/.local/lib/python3.12/site-packages/airflow/example_dags/example_skip_dag.py
[2024-04-09T08:36:41.231+0000] {logging_mixin.py:188} INFO - [2024-04-09T08:36:41.231+0000] {dag.py:3096} INFO - Sync 1 DAGs
[2024-04-09T08:36:41.244+0000] {logging_mixin.py:188} INFO - [2024-04-09T08:36:41.243+0000] {dag.py:3954} INFO - Setting next_dagrun for example_skip_dag to 2024-04-08 00:00:00+00:00, run_after=2024-04-09 00:00:00+00:00
[2024-04-09T08:36:41.254+0000] {processor.py:183} INFO - Processing /home/airflow/.local/lib/python3.12/site-packages/airflow/example_dags/example_skip_dag.py took 0.041 seconds
[2024-04-09T08:37:11.832+0000] {processor.py:161} INFO - Started process (PID=1498) to work on /home/airflow/.local/lib/python3.12/site-packages/airflow/example_dags/example_skip_dag.py
[2024-04-09T08:37:11.832+0000] {processor.py:830} INFO - Processing file /home/airflow/.local/lib/python3.12/site-packages/airflow/example_dags/example_skip_dag.py for tasks to queue
[2024-04-09T08:37:11.833+0000] {logging_mixin.py:188} INFO - [2024-04-09T08:37:11.833+0000] {dagbag.py:540} INFO - Filling up the DagBag from /home/airflow/.local/lib/python3.12/site-packages/airflow/example_dags/example_skip_dag.py
[2024-04-09T08:37:11.837+0000] {processor.py:840} INFO - DAG(s) 'example_skip_dag' retrieved from /home/airflow/.local/lib/python3.12/site-packages/airflow/example_dags/example_skip_dag.py
[2024-04-09T08:37:11.848+0000] {logging_mixin.py:188} INFO - [2024-04-09T08:37:11.848+0000] {dag.py:3096} INFO - Sync 1 DAGs
[2024-04-09T08:37:11.861+0000] {logging_mixin.py:188} INFO - [2024-04-09T08:37:11.861+0000] {dag.py:3954} INFO - Setting next_dagrun for example_skip_dag to 2024-04-08 00:00:00+00:00, run_after=2024-04-09 00:00:00+00:00
[2024-04-09T08:37:11.872+0000] {processor.py:183} INFO - Processing /home/airflow/.local/lib/python3.12/site-packages/airflow/example_dags/example_skip_dag.py took 0.043 seconds
[2024-04-09T08:37:42.378+0000] {processor.py:161} INFO - Started process (PID=1556) to work on /home/airflow/.local/lib/python3.12/site-packages/airflow/example_dags/example_skip_dag.py
[2024-04-09T08:37:42.378+0000] {processor.py:830} INFO - Processing file /home/airflow/.local/lib/python3.12/site-packages/airflow/example_dags/example_skip_dag.py for tasks to queue
[2024-04-09T08:37:42.379+0000] {logging_mixin.py:188} INFO - [2024-04-09T08:37:42.379+0000] {dagbag.py:540} INFO - Filling up the DagBag from /home/airflow/.local/lib/python3.12/site-packages/airflow/example_dags/example_skip_dag.py
[2024-04-09T08:37:42.382+0000] {processor.py:840} INFO - DAG(s) 'example_skip_dag' retrieved from /home/airflow/.local/lib/python3.12/site-packages/airflow/example_dags/example_skip_dag.py
[2024-04-09T08:37:42.395+0000] {logging_mixin.py:188} INFO - [2024-04-09T08:37:42.395+0000] {dag.py:3096} INFO - Sync 1 DAGs
[2024-04-09T08:37:42.408+0000] {logging_mixin.py:188} INFO - [2024-04-09T08:37:42.408+0000] {dag.py:3954} INFO - Setting next_dagrun for example_skip_dag to 2024-04-08 00:00:00+00:00, run_after=2024-04-09 00:00:00+00:00
[2024-04-09T08:37:42.420+0000] {processor.py:183} INFO - Processing /home/airflow/.local/lib/python3.12/site-packages/airflow/example_dags/example_skip_dag.py took 0.045 seconds
[2024-04-09T08:38:12.983+0000] {processor.py:161} INFO - Started process (PID=1614) to work on /home/airflow/.local/lib/python3.12/site-packages/airflow/example_dags/example_skip_dag.py
[2024-04-09T08:38:12.984+0000] {processor.py:830} INFO - Processing file /home/airflow/.local/lib/python3.12/site-packages/airflow/example_dags/example_skip_dag.py for tasks to queue
[2024-04-09T08:38:12.985+0000] {logging_mixin.py:188} INFO - [2024-04-09T08:38:12.984+0000] {dagbag.py:540} INFO - Filling up the DagBag from /home/airflow/.local/lib/python3.12/site-packages/airflow/example_dags/example_skip_dag.py
[2024-04-09T08:38:12.988+0000] {processor.py:840} INFO - DAG(s) 'example_skip_dag' retrieved from /home/airflow/.local/lib/python3.12/site-packages/airflow/example_dags/example_skip_dag.py
[2024-04-09T08:38:13.000+0000] {logging_mixin.py:188} INFO - [2024-04-09T08:38:12.999+0000] {dag.py:3096} INFO - Sync 1 DAGs
[2024-04-09T08:38:13.012+0000] {logging_mixin.py:188} INFO - [2024-04-09T08:38:13.012+0000] {dag.py:3954} INFO - Setting next_dagrun for example_skip_dag to 2024-04-08 00:00:00+00:00, run_after=2024-04-09 00:00:00+00:00
[2024-04-09T08:38:13.024+0000] {processor.py:183} INFO - Processing /home/airflow/.local/lib/python3.12/site-packages/airflow/example_dags/example_skip_dag.py took 0.043 seconds
[2024-04-09T08:38:43.693+0000] {processor.py:161} INFO - Started process (PID=1672) to work on /home/airflow/.local/lib/python3.12/site-packages/airflow/example_dags/example_skip_dag.py
[2024-04-09T08:38:43.694+0000] {processor.py:830} INFO - Processing file /home/airflow/.local/lib/python3.12/site-packages/airflow/example_dags/example_skip_dag.py for tasks to queue
[2024-04-09T08:38:43.695+0000] {logging_mixin.py:188} INFO - [2024-04-09T08:38:43.695+0000] {dagbag.py:540} INFO - Filling up the DagBag from /home/airflow/.local/lib/python3.12/site-packages/airflow/example_dags/example_skip_dag.py
[2024-04-09T08:38:43.698+0000] {processor.py:840} INFO - DAG(s) 'example_skip_dag' retrieved from /home/airflow/.local/lib/python3.12/site-packages/airflow/example_dags/example_skip_dag.py
[2024-04-09T08:38:43.710+0000] {logging_mixin.py:188} INFO - [2024-04-09T08:38:43.709+0000] {dag.py:3096} INFO - Sync 1 DAGs
[2024-04-09T08:38:43.722+0000] {logging_mixin.py:188} INFO - [2024-04-09T08:38:43.722+0000] {dag.py:3954} INFO - Setting next_dagrun for example_skip_dag to 2024-04-08 00:00:00+00:00, run_after=2024-04-09 00:00:00+00:00
[2024-04-09T08:38:43.744+0000] {processor.py:183} INFO - Processing /home/airflow/.local/lib/python3.12/site-packages/airflow/example_dags/example_skip_dag.py took 0.053 seconds
[2024-04-09T08:39:14.370+0000] {processor.py:161} INFO - Started process (PID=1730) to work on /home/airflow/.local/lib/python3.12/site-packages/airflow/example_dags/example_skip_dag.py
[2024-04-09T08:39:14.370+0000] {processor.py:830} INFO - Processing file /home/airflow/.local/lib/python3.12/site-packages/airflow/example_dags/example_skip_dag.py for tasks to queue
[2024-04-09T08:39:14.371+0000] {logging_mixin.py:188} INFO - [2024-04-09T08:39:14.371+0000] {dagbag.py:540} INFO - Filling up the DagBag from /home/airflow/.local/lib/python3.12/site-packages/airflow/example_dags/example_skip_dag.py
[2024-04-09T08:39:14.374+0000] {processor.py:840} INFO - DAG(s) 'example_skip_dag' retrieved from /home/airflow/.local/lib/python3.12/site-packages/airflow/example_dags/example_skip_dag.py
[2024-04-09T08:39:14.386+0000] {logging_mixin.py:188} INFO - [2024-04-09T08:39:14.386+0000] {dag.py:3096} INFO - Sync 1 DAGs
[2024-04-09T08:39:14.398+0000] {logging_mixin.py:188} INFO - [2024-04-09T08:39:14.398+0000] {dag.py:3954} INFO - Setting next_dagrun for example_skip_dag to 2024-04-08 00:00:00+00:00, run_after=2024-04-09 00:00:00+00:00
[2024-04-09T08:39:14.410+0000] {processor.py:183} INFO - Processing /home/airflow/.local/lib/python3.12/site-packages/airflow/example_dags/example_skip_dag.py took 0.043 seconds
[2024-04-09T08:39:44.964+0000] {processor.py:161} INFO - Started process (PID=1788) to work on /home/airflow/.local/lib/python3.12/site-packages/airflow/example_dags/example_skip_dag.py
[2024-04-09T08:39:44.965+0000] {processor.py:830} INFO - Processing file /home/airflow/.local/lib/python3.12/site-packages/airflow/example_dags/example_skip_dag.py for tasks to queue
[2024-04-09T08:39:44.966+0000] {logging_mixin.py:188} INFO - [2024-04-09T08:39:44.966+0000] {dagbag.py:540} INFO - Filling up the DagBag from /home/airflow/.local/lib/python3.12/site-packages/airflow/example_dags/example_skip_dag.py
[2024-04-09T08:39:44.970+0000] {processor.py:840} INFO - DAG(s) 'example_skip_dag' retrieved from /home/airflow/.local/lib/python3.12/site-packages/airflow/example_dags/example_skip_dag.py
[2024-04-09T08:39:44.982+0000] {logging_mixin.py:188} INFO - [2024-04-09T08:39:44.982+0000] {dag.py:3096} INFO - Sync 1 DAGs
[2024-04-09T08:39:44.995+0000] {logging_mixin.py:188} INFO - [2024-04-09T08:39:44.995+0000] {dag.py:3954} INFO - Setting next_dagrun for example_skip_dag to 2024-04-08 00:00:00+00:00, run_after=2024-04-09 00:00:00+00:00
[2024-04-09T08:39:45.006+0000] {processor.py:183} INFO - Processing /home/airflow/.local/lib/python3.12/site-packages/airflow/example_dags/example_skip_dag.py took 0.045 seconds
[2024-04-09T08:40:15.732+0000] {processor.py:161} INFO - Started process (PID=1846) to work on /home/airflow/.local/lib/python3.12/site-packages/airflow/example_dags/example_skip_dag.py
[2024-04-09T08:40:15.733+0000] {processor.py:830} INFO - Processing file /home/airflow/.local/lib/python3.12/site-packages/airflow/example_dags/example_skip_dag.py for tasks to queue
[2024-04-09T08:40:15.734+0000] {logging_mixin.py:188} INFO - [2024-04-09T08:40:15.734+0000] {dagbag.py:540} INFO - Filling up the DagBag from /home/airflow/.local/lib/python3.12/site-packages/airflow/example_dags/example_skip_dag.py
[2024-04-09T08:40:15.737+0000] {processor.py:840} INFO - DAG(s) 'example_skip_dag' retrieved from /home/airflow/.local/lib/python3.12/site-packages/airflow/example_dags/example_skip_dag.py
[2024-04-09T08:40:15.749+0000] {logging_mixin.py:188} INFO - [2024-04-09T08:40:15.749+0000] {dag.py:3096} INFO - Sync 1 DAGs
[2024-04-09T08:40:15.761+0000] {logging_mixin.py:188} INFO - [2024-04-09T08:40:15.761+0000] {dag.py:3954} INFO - Setting next_dagrun for example_skip_dag to 2024-04-08 00:00:00+00:00, run_after=2024-04-09 00:00:00+00:00
[2024-04-09T08:40:15.773+0000] {processor.py:183} INFO - Processing /home/airflow/.local/lib/python3.12/site-packages/airflow/example_dags/example_skip_dag.py took 0.043 seconds
[2024-04-09T08:40:46.311+0000] {processor.py:161} INFO - Started process (PID=1904) to work on /home/airflow/.local/lib/python3.12/site-packages/airflow/example_dags/example_skip_dag.py
[2024-04-09T08:40:46.311+0000] {processor.py:830} INFO - Processing file /home/airflow/.local/lib/python3.12/site-packages/airflow/example_dags/example_skip_dag.py for tasks to queue
[2024-04-09T08:40:46.312+0000] {logging_mixin.py:188} INFO - [2024-04-09T08:40:46.312+0000] {dagbag.py:540} INFO - Filling up the DagBag from /home/airflow/.local/lib/python3.12/site-packages/airflow/example_dags/example_skip_dag.py
[2024-04-09T08:40:46.316+0000] {processor.py:840} INFO - DAG(s) 'example_skip_dag' retrieved from /home/airflow/.local/lib/python3.12/site-packages/airflow/example_dags/example_skip_dag.py
[2024-04-09T08:40:46.328+0000] {logging_mixin.py:188} INFO - [2024-04-09T08:40:46.328+0000] {dag.py:3096} INFO - Sync 1 DAGs
[2024-04-09T08:40:46.341+0000] {logging_mixin.py:188} INFO - [2024-04-09T08:40:46.341+0000] {dag.py:3954} INFO - Setting next_dagrun for example_skip_dag to 2024-04-08 00:00:00+00:00, run_after=2024-04-09 00:00:00+00:00
[2024-04-09T08:40:46.363+0000] {processor.py:183} INFO - Processing /home/airflow/.local/lib/python3.12/site-packages/airflow/example_dags/example_skip_dag.py took 0.055 seconds
[2024-04-09T08:41:17.094+0000] {processor.py:161} INFO - Started process (PID=1962) to work on /home/airflow/.local/lib/python3.12/site-packages/airflow/example_dags/example_skip_dag.py
[2024-04-09T08:41:17.095+0000] {processor.py:830} INFO - Processing file /home/airflow/.local/lib/python3.12/site-packages/airflow/example_dags/example_skip_dag.py for tasks to queue
[2024-04-09T08:41:17.096+0000] {logging_mixin.py:188} INFO - [2024-04-09T08:41:17.096+0000] {dagbag.py:540} INFO - Filling up the DagBag from /home/airflow/.local/lib/python3.12/site-packages/airflow/example_dags/example_skip_dag.py
[2024-04-09T08:41:17.100+0000] {processor.py:840} INFO - DAG(s) 'example_skip_dag' retrieved from /home/airflow/.local/lib/python3.12/site-packages/airflow/example_dags/example_skip_dag.py
[2024-04-09T08:41:17.117+0000] {logging_mixin.py:188} INFO - [2024-04-09T08:41:17.117+0000] {dag.py:3096} INFO - Sync 1 DAGs
[2024-04-09T08:41:17.135+0000] {logging_mixin.py:188} INFO - [2024-04-09T08:41:17.134+0000] {dag.py:3954} INFO - Setting next_dagrun for example_skip_dag to 2024-04-08 00:00:00+00:00, run_after=2024-04-09 00:00:00+00:00
[2024-04-09T08:41:17.146+0000] {processor.py:183} INFO - Processing /home/airflow/.local/lib/python3.12/site-packages/airflow/example_dags/example_skip_dag.py took 0.057 seconds
[2024-04-09T08:41:47.806+0000] {processor.py:161} INFO - Started process (PID=2020) to work on /home/airflow/.local/lib/python3.12/site-packages/airflow/example_dags/example_skip_dag.py
[2024-04-09T08:41:47.807+0000] {processor.py:830} INFO - Processing file /home/airflow/.local/lib/python3.12/site-packages/airflow/example_dags/example_skip_dag.py for tasks to queue
[2024-04-09T08:41:47.807+0000] {logging_mixin.py:188} INFO - [2024-04-09T08:41:47.807+0000] {dagbag.py:540} INFO - Filling up the DagBag from /home/airflow/.local/lib/python3.12/site-packages/airflow/example_dags/example_skip_dag.py
[2024-04-09T08:41:47.811+0000] {processor.py:840} INFO - DAG(s) 'example_skip_dag' retrieved from /home/airflow/.local/lib/python3.12/site-packages/airflow/example_dags/example_skip_dag.py
[2024-04-09T08:41:47.823+0000] {logging_mixin.py:188} INFO - [2024-04-09T08:41:47.823+0000] {dag.py:3096} INFO - Sync 1 DAGs
[2024-04-09T08:41:47.838+0000] {logging_mixin.py:188} INFO - [2024-04-09T08:41:47.838+0000] {dag.py:3954} INFO - Setting next_dagrun for example_skip_dag to 2024-04-08 00:00:00+00:00, run_after=2024-04-09 00:00:00+00:00
[2024-04-09T08:41:47.860+0000] {processor.py:183} INFO - Processing /home/airflow/.local/lib/python3.12/site-packages/airflow/example_dags/example_skip_dag.py took 0.056 seconds
[2024-04-09T08:42:18.332+0000] {processor.py:161} INFO - Started process (PID=2078) to work on /home/airflow/.local/lib/python3.12/site-packages/airflow/example_dags/example_skip_dag.py
[2024-04-09T08:42:18.332+0000] {processor.py:830} INFO - Processing file /home/airflow/.local/lib/python3.12/site-packages/airflow/example_dags/example_skip_dag.py for tasks to queue
[2024-04-09T08:42:18.334+0000] {logging_mixin.py:188} INFO - [2024-04-09T08:42:18.333+0000] {dagbag.py:540} INFO - Filling up the DagBag from /home/airflow/.local/lib/python3.12/site-packages/airflow/example_dags/example_skip_dag.py
[2024-04-09T08:42:18.337+0000] {processor.py:840} INFO - DAG(s) 'example_skip_dag' retrieved from /home/airflow/.local/lib/python3.12/site-packages/airflow/example_dags/example_skip_dag.py
[2024-04-09T08:42:18.348+0000] {logging_mixin.py:188} INFO - [2024-04-09T08:42:18.348+0000] {dag.py:3096} INFO - Sync 1 DAGs
[2024-04-09T08:42:18.361+0000] {logging_mixin.py:188} INFO - [2024-04-09T08:42:18.361+0000] {dag.py:3954} INFO - Setting next_dagrun for example_skip_dag to 2024-04-08 00:00:00+00:00, run_after=2024-04-09 00:00:00+00:00
[2024-04-09T08:42:18.372+0000] {processor.py:183} INFO - Processing /home/airflow/.local/lib/python3.12/site-packages/airflow/example_dags/example_skip_dag.py took 0.043 seconds
[2024-04-09T08:42:49.073+0000] {processor.py:161} INFO - Started process (PID=2142) to work on /home/airflow/.local/lib/python3.12/site-packages/airflow/example_dags/example_skip_dag.py
[2024-04-09T08:42:49.073+0000] {processor.py:830} INFO - Processing file /home/airflow/.local/lib/python3.12/site-packages/airflow/example_dags/example_skip_dag.py for tasks to queue
[2024-04-09T08:42:49.074+0000] {logging_mixin.py:188} INFO - [2024-04-09T08:42:49.074+0000] {dagbag.py:540} INFO - Filling up the DagBag from /home/airflow/.local/lib/python3.12/site-packages/airflow/example_dags/example_skip_dag.py
[2024-04-09T08:42:49.078+0000] {processor.py:840} INFO - DAG(s) 'example_skip_dag' retrieved from /home/airflow/.local/lib/python3.12/site-packages/airflow/example_dags/example_skip_dag.py
[2024-04-09T08:42:49.092+0000] {logging_mixin.py:188} INFO - [2024-04-09T08:42:49.092+0000] {dag.py:3096} INFO - Sync 1 DAGs
[2024-04-09T08:42:49.106+0000] {logging_mixin.py:188} INFO - [2024-04-09T08:42:49.106+0000] {dag.py:3954} INFO - Setting next_dagrun for example_skip_dag to 2024-04-08 00:00:00+00:00, run_after=2024-04-09 00:00:00+00:00
[2024-04-09T08:42:49.121+0000] {processor.py:183} INFO - Processing /home/airflow/.local/lib/python3.12/site-packages/airflow/example_dags/example_skip_dag.py took 0.051 seconds
[2024-04-09T08:43:19.715+0000] {processor.py:161} INFO - Started process (PID=2200) to work on /home/airflow/.local/lib/python3.12/site-packages/airflow/example_dags/example_skip_dag.py
[2024-04-09T08:43:19.716+0000] {processor.py:830} INFO - Processing file /home/airflow/.local/lib/python3.12/site-packages/airflow/example_dags/example_skip_dag.py for tasks to queue
[2024-04-09T08:43:19.717+0000] {logging_mixin.py:188} INFO - [2024-04-09T08:43:19.717+0000] {dagbag.py:540} INFO - Filling up the DagBag from /home/airflow/.local/lib/python3.12/site-packages/airflow/example_dags/example_skip_dag.py
[2024-04-09T08:43:19.721+0000] {processor.py:840} INFO - DAG(s) 'example_skip_dag' retrieved from /home/airflow/.local/lib/python3.12/site-packages/airflow/example_dags/example_skip_dag.py
[2024-04-09T08:43:19.769+0000] {logging_mixin.py:188} INFO - [2024-04-09T08:43:19.769+0000] {dag.py:3096} INFO - Sync 1 DAGs
[2024-04-09T08:43:19.786+0000] {logging_mixin.py:188} INFO - [2024-04-09T08:43:19.786+0000] {dag.py:3954} INFO - Setting next_dagrun for example_skip_dag to 2024-04-08 00:00:00+00:00, run_after=2024-04-09 00:00:00+00:00
[2024-04-09T08:43:19.800+0000] {processor.py:183} INFO - Processing /home/airflow/.local/lib/python3.12/site-packages/airflow/example_dags/example_skip_dag.py took 0.088 seconds
[2024-04-09T08:43:50.427+0000] {processor.py:161} INFO - Started process (PID=2258) to work on /home/airflow/.local/lib/python3.12/site-packages/airflow/example_dags/example_skip_dag.py
[2024-04-09T08:43:50.428+0000] {processor.py:830} INFO - Processing file /home/airflow/.local/lib/python3.12/site-packages/airflow/example_dags/example_skip_dag.py for tasks to queue
[2024-04-09T08:43:50.429+0000] {logging_mixin.py:188} INFO - [2024-04-09T08:43:50.429+0000] {dagbag.py:540} INFO - Filling up the DagBag from /home/airflow/.local/lib/python3.12/site-packages/airflow/example_dags/example_skip_dag.py
[2024-04-09T08:43:50.433+0000] {processor.py:840} INFO - DAG(s) 'example_skip_dag' retrieved from /home/airflow/.local/lib/python3.12/site-packages/airflow/example_dags/example_skip_dag.py
[2024-04-09T08:43:50.444+0000] {logging_mixin.py:188} INFO - [2024-04-09T08:43:50.444+0000] {dag.py:3096} INFO - Sync 1 DAGs
[2024-04-09T08:43:50.458+0000] {logging_mixin.py:188} INFO - [2024-04-09T08:43:50.458+0000] {dag.py:3954} INFO - Setting next_dagrun for example_skip_dag to 2024-04-08 00:00:00+00:00, run_after=2024-04-09 00:00:00+00:00
[2024-04-09T08:43:50.487+0000] {processor.py:183} INFO - Processing /home/airflow/.local/lib/python3.12/site-packages/airflow/example_dags/example_skip_dag.py took 0.063 seconds
[2024-04-09T08:44:21.113+0000] {processor.py:161} INFO - Started process (PID=2316) to work on /home/airflow/.local/lib/python3.12/site-packages/airflow/example_dags/example_skip_dag.py
[2024-04-09T08:44:21.114+0000] {processor.py:830} INFO - Processing file /home/airflow/.local/lib/python3.12/site-packages/airflow/example_dags/example_skip_dag.py for tasks to queue
[2024-04-09T08:44:21.115+0000] {logging_mixin.py:188} INFO - [2024-04-09T08:44:21.115+0000] {dagbag.py:540} INFO - Filling up the DagBag from /home/airflow/.local/lib/python3.12/site-packages/airflow/example_dags/example_skip_dag.py
[2024-04-09T08:44:21.118+0000] {processor.py:840} INFO - DAG(s) 'example_skip_dag' retrieved from /home/airflow/.local/lib/python3.12/site-packages/airflow/example_dags/example_skip_dag.py
[2024-04-09T08:44:21.130+0000] {logging_mixin.py:188} INFO - [2024-04-09T08:44:21.130+0000] {dag.py:3096} INFO - Sync 1 DAGs
[2024-04-09T08:44:21.143+0000] {logging_mixin.py:188} INFO - [2024-04-09T08:44:21.143+0000] {dag.py:3954} INFO - Setting next_dagrun for example_skip_dag to 2024-04-08 00:00:00+00:00, run_after=2024-04-09 00:00:00+00:00
[2024-04-09T08:44:21.164+0000] {processor.py:183} INFO - Processing /home/airflow/.local/lib/python3.12/site-packages/airflow/example_dags/example_skip_dag.py took 0.054 seconds
[2024-04-09T08:44:51.907+0000] {processor.py:161} INFO - Started process (PID=2374) to work on /home/airflow/.local/lib/python3.12/site-packages/airflow/example_dags/example_skip_dag.py
[2024-04-09T08:44:51.908+0000] {processor.py:830} INFO - Processing file /home/airflow/.local/lib/python3.12/site-packages/airflow/example_dags/example_skip_dag.py for tasks to queue
[2024-04-09T08:44:51.909+0000] {logging_mixin.py:188} INFO - [2024-04-09T08:44:51.908+0000] {dagbag.py:540} INFO - Filling up the DagBag from /home/airflow/.local/lib/python3.12/site-packages/airflow/example_dags/example_skip_dag.py
[2024-04-09T08:44:51.912+0000] {processor.py:840} INFO - DAG(s) 'example_skip_dag' retrieved from /home/airflow/.local/lib/python3.12/site-packages/airflow/example_dags/example_skip_dag.py
[2024-04-09T08:44:51.924+0000] {logging_mixin.py:188} INFO - [2024-04-09T08:44:51.924+0000] {dag.py:3096} INFO - Sync 1 DAGs
[2024-04-09T08:44:51.937+0000] {logging_mixin.py:188} INFO - [2024-04-09T08:44:51.937+0000] {dag.py:3954} INFO - Setting next_dagrun for example_skip_dag to 2024-04-08 00:00:00+00:00, run_after=2024-04-09 00:00:00+00:00
[2024-04-09T08:44:51.949+0000] {processor.py:183} INFO - Processing /home/airflow/.local/lib/python3.12/site-packages/airflow/example_dags/example_skip_dag.py took 0.044 seconds
[2024-04-09T08:45:22.744+0000] {processor.py:161} INFO - Started process (PID=2432) to work on /home/airflow/.local/lib/python3.12/site-packages/airflow/example_dags/example_skip_dag.py
[2024-04-09T08:45:22.745+0000] {processor.py:830} INFO - Processing file /home/airflow/.local/lib/python3.12/site-packages/airflow/example_dags/example_skip_dag.py for tasks to queue
[2024-04-09T08:45:22.745+0000] {logging_mixin.py:188} INFO - [2024-04-09T08:45:22.745+0000] {dagbag.py:540} INFO - Filling up the DagBag from /home/airflow/.local/lib/python3.12/site-packages/airflow/example_dags/example_skip_dag.py
[2024-04-09T08:45:22.749+0000] {processor.py:840} INFO - DAG(s) 'example_skip_dag' retrieved from /home/airflow/.local/lib/python3.12/site-packages/airflow/example_dags/example_skip_dag.py
[2024-04-09T08:45:22.761+0000] {logging_mixin.py:188} INFO - [2024-04-09T08:45:22.761+0000] {dag.py:3096} INFO - Sync 1 DAGs
[2024-04-09T08:45:22.773+0000] {logging_mixin.py:188} INFO - [2024-04-09T08:45:22.773+0000] {dag.py:3954} INFO - Setting next_dagrun for example_skip_dag to 2024-04-08 00:00:00+00:00, run_after=2024-04-09 00:00:00+00:00
[2024-04-09T08:45:22.785+0000] {processor.py:183} INFO - Processing /home/airflow/.local/lib/python3.12/site-packages/airflow/example_dags/example_skip_dag.py took 0.044 seconds
[2024-04-09T08:45:53.385+0000] {processor.py:161} INFO - Started process (PID=2490) to work on /home/airflow/.local/lib/python3.12/site-packages/airflow/example_dags/example_skip_dag.py
[2024-04-09T08:45:53.385+0000] {processor.py:830} INFO - Processing file /home/airflow/.local/lib/python3.12/site-packages/airflow/example_dags/example_skip_dag.py for tasks to queue
[2024-04-09T08:45:53.386+0000] {logging_mixin.py:188} INFO - [2024-04-09T08:45:53.386+0000] {dagbag.py:540} INFO - Filling up the DagBag from /home/airflow/.local/lib/python3.12/site-packages/airflow/example_dags/example_skip_dag.py
[2024-04-09T08:45:53.390+0000] {processor.py:840} INFO - DAG(s) 'example_skip_dag' retrieved from /home/airflow/.local/lib/python3.12/site-packages/airflow/example_dags/example_skip_dag.py
[2024-04-09T08:45:53.401+0000] {logging_mixin.py:188} INFO - [2024-04-09T08:45:53.401+0000] {dag.py:3096} INFO - Sync 1 DAGs
[2024-04-09T08:45:53.413+0000] {logging_mixin.py:188} INFO - [2024-04-09T08:45:53.413+0000] {dag.py:3954} INFO - Setting next_dagrun for example_skip_dag to 2024-04-08 00:00:00+00:00, run_after=2024-04-09 00:00:00+00:00
[2024-04-09T08:45:53.435+0000] {processor.py:183} INFO - Processing /home/airflow/.local/lib/python3.12/site-packages/airflow/example_dags/example_skip_dag.py took 0.053 seconds
[2024-04-09T08:46:24.049+0000] {processor.py:161} INFO - Started process (PID=2548) to work on /home/airflow/.local/lib/python3.12/site-packages/airflow/example_dags/example_skip_dag.py
[2024-04-09T08:46:24.049+0000] {processor.py:830} INFO - Processing file /home/airflow/.local/lib/python3.12/site-packages/airflow/example_dags/example_skip_dag.py for tasks to queue
[2024-04-09T08:46:24.050+0000] {logging_mixin.py:188} INFO - [2024-04-09T08:46:24.050+0000] {dagbag.py:540} INFO - Filling up the DagBag from /home/airflow/.local/lib/python3.12/site-packages/airflow/example_dags/example_skip_dag.py
[2024-04-09T08:46:24.054+0000] {processor.py:840} INFO - DAG(s) 'example_skip_dag' retrieved from /home/airflow/.local/lib/python3.12/site-packages/airflow/example_dags/example_skip_dag.py
[2024-04-09T08:46:24.065+0000] {logging_mixin.py:188} INFO - [2024-04-09T08:46:24.065+0000] {dag.py:3096} INFO - Sync 1 DAGs
[2024-04-09T08:46:24.077+0000] {logging_mixin.py:188} INFO - [2024-04-09T08:46:24.077+0000] {dag.py:3954} INFO - Setting next_dagrun for example_skip_dag to 2024-04-08 00:00:00+00:00, run_after=2024-04-09 00:00:00+00:00
[2024-04-09T08:46:24.100+0000] {processor.py:183} INFO - Processing /home/airflow/.local/lib/python3.12/site-packages/airflow/example_dags/example_skip_dag.py took 0.054 seconds
[2024-04-09T08:46:54.652+0000] {processor.py:161} INFO - Started process (PID=2606) to work on /home/airflow/.local/lib/python3.12/site-packages/airflow/example_dags/example_skip_dag.py
[2024-04-09T08:46:54.652+0000] {processor.py:830} INFO - Processing file /home/airflow/.local/lib/python3.12/site-packages/airflow/example_dags/example_skip_dag.py for tasks to queue
[2024-04-09T08:46:54.653+0000] {logging_mixin.py:188} INFO - [2024-04-09T08:46:54.653+0000] {dagbag.py:540} INFO - Filling up the DagBag from /home/airflow/.local/lib/python3.12/site-packages/airflow/example_dags/example_skip_dag.py
[2024-04-09T08:46:54.656+0000] {processor.py:840} INFO - DAG(s) 'example_skip_dag' retrieved from /home/airflow/.local/lib/python3.12/site-packages/airflow/example_dags/example_skip_dag.py
[2024-04-09T08:46:54.668+0000] {logging_mixin.py:188} INFO - [2024-04-09T08:46:54.668+0000] {dag.py:3096} INFO - Sync 1 DAGs
[2024-04-09T08:46:54.681+0000] {logging_mixin.py:188} INFO - [2024-04-09T08:46:54.681+0000] {dag.py:3954} INFO - Setting next_dagrun for example_skip_dag to 2024-04-08 00:00:00+00:00, run_after=2024-04-09 00:00:00+00:00
[2024-04-09T08:46:54.700+0000] {processor.py:183} INFO - Processing /home/airflow/.local/lib/python3.12/site-packages/airflow/example_dags/example_skip_dag.py took 0.051 seconds
[2024-04-09T08:47:25.227+0000] {processor.py:161} INFO - Started process (PID=2664) to work on /home/airflow/.local/lib/python3.12/site-packages/airflow/example_dags/example_skip_dag.py
[2024-04-09T08:47:25.227+0000] {processor.py:830} INFO - Processing file /home/airflow/.local/lib/python3.12/site-packages/airflow/example_dags/example_skip_dag.py for tasks to queue
[2024-04-09T08:47:25.228+0000] {logging_mixin.py:188} INFO - [2024-04-09T08:47:25.228+0000] {dagbag.py:540} INFO - Filling up the DagBag from /home/airflow/.local/lib/python3.12/site-packages/airflow/example_dags/example_skip_dag.py
[2024-04-09T08:47:25.232+0000] {processor.py:840} INFO - DAG(s) 'example_skip_dag' retrieved from /home/airflow/.local/lib/python3.12/site-packages/airflow/example_dags/example_skip_dag.py
[2024-04-09T08:47:25.243+0000] {logging_mixin.py:188} INFO - [2024-04-09T08:47:25.243+0000] {dag.py:3096} INFO - Sync 1 DAGs
[2024-04-09T08:47:25.255+0000] {logging_mixin.py:188} INFO - [2024-04-09T08:47:25.255+0000] {dag.py:3954} INFO - Setting next_dagrun for example_skip_dag to 2024-04-08 00:00:00+00:00, run_after=2024-04-09 00:00:00+00:00
[2024-04-09T08:47:25.266+0000] {processor.py:183} INFO - Processing /home/airflow/.local/lib/python3.12/site-packages/airflow/example_dags/example_skip_dag.py took 0.042 seconds
[2024-04-09T08:47:55.869+0000] {processor.py:161} INFO - Started process (PID=2722) to work on /home/airflow/.local/lib/python3.12/site-packages/airflow/example_dags/example_skip_dag.py
[2024-04-09T08:47:55.870+0000] {processor.py:830} INFO - Processing file /home/airflow/.local/lib/python3.12/site-packages/airflow/example_dags/example_skip_dag.py for tasks to queue
[2024-04-09T08:47:55.871+0000] {logging_mixin.py:188} INFO - [2024-04-09T08:47:55.871+0000] {dagbag.py:540} INFO - Filling up the DagBag from /home/airflow/.local/lib/python3.12/site-packages/airflow/example_dags/example_skip_dag.py
[2024-04-09T08:47:55.874+0000] {processor.py:840} INFO - DAG(s) 'example_skip_dag' retrieved from /home/airflow/.local/lib/python3.12/site-packages/airflow/example_dags/example_skip_dag.py
[2024-04-09T08:47:55.886+0000] {logging_mixin.py:188} INFO - [2024-04-09T08:47:55.886+0000] {dag.py:3096} INFO - Sync 1 DAGs
[2024-04-09T08:47:55.898+0000] {logging_mixin.py:188} INFO - [2024-04-09T08:47:55.898+0000] {dag.py:3954} INFO - Setting next_dagrun for example_skip_dag to 2024-04-08 00:00:00+00:00, run_after=2024-04-09 00:00:00+00:00
[2024-04-09T08:47:55.920+0000] {processor.py:183} INFO - Processing /home/airflow/.local/lib/python3.12/site-packages/airflow/example_dags/example_skip_dag.py took 0.053 seconds
[2024-04-09T08:48:26.671+0000] {processor.py:161} INFO - Started process (PID=2780) to work on /home/airflow/.local/lib/python3.12/site-packages/airflow/example_dags/example_skip_dag.py
[2024-04-09T08:48:26.671+0000] {processor.py:830} INFO - Processing file /home/airflow/.local/lib/python3.12/site-packages/airflow/example_dags/example_skip_dag.py for tasks to queue
[2024-04-09T08:48:26.672+0000] {logging_mixin.py:188} INFO - [2024-04-09T08:48:26.672+0000] {dagbag.py:540} INFO - Filling up the DagBag from /home/airflow/.local/lib/python3.12/site-packages/airflow/example_dags/example_skip_dag.py
[2024-04-09T08:48:26.675+0000] {processor.py:840} INFO - DAG(s) 'example_skip_dag' retrieved from /home/airflow/.local/lib/python3.12/site-packages/airflow/example_dags/example_skip_dag.py
[2024-04-09T08:48:26.687+0000] {logging_mixin.py:188} INFO - [2024-04-09T08:48:26.687+0000] {dag.py:3096} INFO - Sync 1 DAGs
[2024-04-09T08:48:26.699+0000] {logging_mixin.py:188} INFO - [2024-04-09T08:48:26.699+0000] {dag.py:3954} INFO - Setting next_dagrun for example_skip_dag to 2024-04-08 00:00:00+00:00, run_after=2024-04-09 00:00:00+00:00
[2024-04-09T08:48:26.716+0000] {processor.py:183} INFO - Processing /home/airflow/.local/lib/python3.12/site-packages/airflow/example_dags/example_skip_dag.py took 0.048 seconds
[2024-04-09T08:48:57.212+0000] {processor.py:161} INFO - Started process (PID=2838) to work on /home/airflow/.local/lib/python3.12/site-packages/airflow/example_dags/example_skip_dag.py
[2024-04-09T08:48:57.213+0000] {processor.py:830} INFO - Processing file /home/airflow/.local/lib/python3.12/site-packages/airflow/example_dags/example_skip_dag.py for tasks to queue
[2024-04-09T08:48:57.213+0000] {logging_mixin.py:188} INFO - [2024-04-09T08:48:57.213+0000] {dagbag.py:540} INFO - Filling up the DagBag from /home/airflow/.local/lib/python3.12/site-packages/airflow/example_dags/example_skip_dag.py
[2024-04-09T08:48:57.217+0000] {processor.py:840} INFO - DAG(s) 'example_skip_dag' retrieved from /home/airflow/.local/lib/python3.12/site-packages/airflow/example_dags/example_skip_dag.py
[2024-04-09T08:48:57.228+0000] {logging_mixin.py:188} INFO - [2024-04-09T08:48:57.228+0000] {dag.py:3096} INFO - Sync 1 DAGs
[2024-04-09T08:48:57.241+0000] {logging_mixin.py:188} INFO - [2024-04-09T08:48:57.241+0000] {dag.py:3954} INFO - Setting next_dagrun for example_skip_dag to 2024-04-08 00:00:00+00:00, run_after=2024-04-09 00:00:00+00:00
[2024-04-09T08:48:57.251+0000] {processor.py:183} INFO - Processing /home/airflow/.local/lib/python3.12/site-packages/airflow/example_dags/example_skip_dag.py took 0.042 seconds
[2024-04-09T08:49:27.795+0000] {processor.py:161} INFO - Started process (PID=2896) to work on /home/airflow/.local/lib/python3.12/site-packages/airflow/example_dags/example_skip_dag.py
[2024-04-09T08:49:27.795+0000] {processor.py:830} INFO - Processing file /home/airflow/.local/lib/python3.12/site-packages/airflow/example_dags/example_skip_dag.py for tasks to queue
[2024-04-09T08:49:27.796+0000] {logging_mixin.py:188} INFO - [2024-04-09T08:49:27.796+0000] {dagbag.py:540} INFO - Filling up the DagBag from /home/airflow/.local/lib/python3.12/site-packages/airflow/example_dags/example_skip_dag.py
[2024-04-09T08:49:27.799+0000] {processor.py:840} INFO - DAG(s) 'example_skip_dag' retrieved from /home/airflow/.local/lib/python3.12/site-packages/airflow/example_dags/example_skip_dag.py
[2024-04-09T08:49:27.811+0000] {logging_mixin.py:188} INFO - [2024-04-09T08:49:27.811+0000] {dag.py:3096} INFO - Sync 1 DAGs
[2024-04-09T08:49:27.824+0000] {logging_mixin.py:188} INFO - [2024-04-09T08:49:27.823+0000] {dag.py:3954} INFO - Setting next_dagrun for example_skip_dag to 2024-04-08 00:00:00+00:00, run_after=2024-04-09 00:00:00+00:00
[2024-04-09T08:49:27.834+0000] {processor.py:183} INFO - Processing /home/airflow/.local/lib/python3.12/site-packages/airflow/example_dags/example_skip_dag.py took 0.042 seconds
[2024-04-09T08:49:58.471+0000] {processor.py:161} INFO - Started process (PID=2954) to work on /home/airflow/.local/lib/python3.12/site-packages/airflow/example_dags/example_skip_dag.py
[2024-04-09T08:49:58.472+0000] {processor.py:830} INFO - Processing file /home/airflow/.local/lib/python3.12/site-packages/airflow/example_dags/example_skip_dag.py for tasks to queue
[2024-04-09T08:49:58.473+0000] {logging_mixin.py:188} INFO - [2024-04-09T08:49:58.473+0000] {dagbag.py:540} INFO - Filling up the DagBag from /home/airflow/.local/lib/python3.12/site-packages/airflow/example_dags/example_skip_dag.py
[2024-04-09T08:49:58.476+0000] {processor.py:840} INFO - DAG(s) 'example_skip_dag' retrieved from /home/airflow/.local/lib/python3.12/site-packages/airflow/example_dags/example_skip_dag.py
[2024-04-09T08:49:58.488+0000] {logging_mixin.py:188} INFO - [2024-04-09T08:49:58.488+0000] {dag.py:3096} INFO - Sync 1 DAGs
[2024-04-09T08:49:58.501+0000] {logging_mixin.py:188} INFO - [2024-04-09T08:49:58.501+0000] {dag.py:3954} INFO - Setting next_dagrun for example_skip_dag to 2024-04-08 00:00:00+00:00, run_after=2024-04-09 00:00:00+00:00
[2024-04-09T08:49:58.511+0000] {processor.py:183} INFO - Processing /home/airflow/.local/lib/python3.12/site-packages/airflow/example_dags/example_skip_dag.py took 0.043 seconds
[2024-04-09T08:50:29.255+0000] {processor.py:161} INFO - Started process (PID=3012) to work on /home/airflow/.local/lib/python3.12/site-packages/airflow/example_dags/example_skip_dag.py
[2024-04-09T08:50:29.255+0000] {processor.py:830} INFO - Processing file /home/airflow/.local/lib/python3.12/site-packages/airflow/example_dags/example_skip_dag.py for tasks to queue
[2024-04-09T08:50:29.256+0000] {logging_mixin.py:188} INFO - [2024-04-09T08:50:29.256+0000] {dagbag.py:540} INFO - Filling up the DagBag from /home/airflow/.local/lib/python3.12/site-packages/airflow/example_dags/example_skip_dag.py
[2024-04-09T08:50:29.260+0000] {processor.py:840} INFO - DAG(s) 'example_skip_dag' retrieved from /home/airflow/.local/lib/python3.12/site-packages/airflow/example_dags/example_skip_dag.py
[2024-04-09T08:50:29.271+0000] {logging_mixin.py:188} INFO - [2024-04-09T08:50:29.271+0000] {dag.py:3096} INFO - Sync 1 DAGs
[2024-04-09T08:50:29.284+0000] {logging_mixin.py:188} INFO - [2024-04-09T08:50:29.284+0000] {dag.py:3954} INFO - Setting next_dagrun for example_skip_dag to 2024-04-08 00:00:00+00:00, run_after=2024-04-09 00:00:00+00:00
[2024-04-09T08:50:29.304+0000] {processor.py:183} INFO - Processing /home/airflow/.local/lib/python3.12/site-packages/airflow/example_dags/example_skip_dag.py took 0.052 seconds
[2024-04-09T08:50:59.803+0000] {processor.py:161} INFO - Started process (PID=3070) to work on /home/airflow/.local/lib/python3.12/site-packages/airflow/example_dags/example_skip_dag.py
[2024-04-09T08:50:59.804+0000] {processor.py:830} INFO - Processing file /home/airflow/.local/lib/python3.12/site-packages/airflow/example_dags/example_skip_dag.py for tasks to queue
[2024-04-09T08:50:59.805+0000] {logging_mixin.py:188} INFO - [2024-04-09T08:50:59.804+0000] {dagbag.py:540} INFO - Filling up the DagBag from /home/airflow/.local/lib/python3.12/site-packages/airflow/example_dags/example_skip_dag.py
[2024-04-09T08:50:59.808+0000] {processor.py:840} INFO - DAG(s) 'example_skip_dag' retrieved from /home/airflow/.local/lib/python3.12/site-packages/airflow/example_dags/example_skip_dag.py
[2024-04-09T08:50:59.819+0000] {logging_mixin.py:188} INFO - [2024-04-09T08:50:59.819+0000] {dag.py:3096} INFO - Sync 1 DAGs
[2024-04-09T08:50:59.832+0000] {logging_mixin.py:188} INFO - [2024-04-09T08:50:59.832+0000] {dag.py:3954} INFO - Setting next_dagrun for example_skip_dag to 2024-04-08 00:00:00+00:00, run_after=2024-04-09 00:00:00+00:00
[2024-04-09T08:50:59.842+0000] {processor.py:183} INFO - Processing /home/airflow/.local/lib/python3.12/site-packages/airflow/example_dags/example_skip_dag.py took 0.042 seconds
[2024-04-09T08:51:30.325+0000] {processor.py:161} INFO - Started process (PID=3128) to work on /home/airflow/.local/lib/python3.12/site-packages/airflow/example_dags/example_skip_dag.py
[2024-04-09T08:51:30.325+0000] {processor.py:830} INFO - Processing file /home/airflow/.local/lib/python3.12/site-packages/airflow/example_dags/example_skip_dag.py for tasks to queue
[2024-04-09T08:51:30.326+0000] {logging_mixin.py:188} INFO - [2024-04-09T08:51:30.326+0000] {dagbag.py:540} INFO - Filling up the DagBag from /home/airflow/.local/lib/python3.12/site-packages/airflow/example_dags/example_skip_dag.py
[2024-04-09T08:51:30.329+0000] {processor.py:840} INFO - DAG(s) 'example_skip_dag' retrieved from /home/airflow/.local/lib/python3.12/site-packages/airflow/example_dags/example_skip_dag.py
[2024-04-09T08:51:30.341+0000] {logging_mixin.py:188} INFO - [2024-04-09T08:51:30.341+0000] {dag.py:3096} INFO - Sync 1 DAGs
[2024-04-09T08:51:30.353+0000] {logging_mixin.py:188} INFO - [2024-04-09T08:51:30.353+0000] {dag.py:3954} INFO - Setting next_dagrun for example_skip_dag to 2024-04-08 00:00:00+00:00, run_after=2024-04-09 00:00:00+00:00
[2024-04-09T08:51:30.364+0000] {processor.py:183} INFO - Processing /home/airflow/.local/lib/python3.12/site-packages/airflow/example_dags/example_skip_dag.py took 0.042 seconds
[2024-04-09T08:52:00.907+0000] {processor.py:161} INFO - Started process (PID=3186) to work on /home/airflow/.local/lib/python3.12/site-packages/airflow/example_dags/example_skip_dag.py
[2024-04-09T08:52:00.907+0000] {processor.py:830} INFO - Processing file /home/airflow/.local/lib/python3.12/site-packages/airflow/example_dags/example_skip_dag.py for tasks to queue
[2024-04-09T08:52:00.908+0000] {logging_mixin.py:188} INFO - [2024-04-09T08:52:00.908+0000] {dagbag.py:540} INFO - Filling up the DagBag from /home/airflow/.local/lib/python3.12/site-packages/airflow/example_dags/example_skip_dag.py
[2024-04-09T08:52:00.911+0000] {processor.py:840} INFO - DAG(s) 'example_skip_dag' retrieved from /home/airflow/.local/lib/python3.12/site-packages/airflow/example_dags/example_skip_dag.py
[2024-04-09T08:52:00.923+0000] {logging_mixin.py:188} INFO - [2024-04-09T08:52:00.923+0000] {dag.py:3096} INFO - Sync 1 DAGs
[2024-04-09T08:52:00.935+0000] {logging_mixin.py:188} INFO - [2024-04-09T08:52:00.935+0000] {dag.py:3954} INFO - Setting next_dagrun for example_skip_dag to 2024-04-08 00:00:00+00:00, run_after=2024-04-09 00:00:00+00:00
[2024-04-09T08:52:00.945+0000] {processor.py:183} INFO - Processing /home/airflow/.local/lib/python3.12/site-packages/airflow/example_dags/example_skip_dag.py took 0.042 seconds
[2024-04-09T08:52:31.488+0000] {processor.py:161} INFO - Started process (PID=3244) to work on /home/airflow/.local/lib/python3.12/site-packages/airflow/example_dags/example_skip_dag.py
[2024-04-09T08:52:31.488+0000] {processor.py:830} INFO - Processing file /home/airflow/.local/lib/python3.12/site-packages/airflow/example_dags/example_skip_dag.py for tasks to queue
[2024-04-09T08:52:31.489+0000] {logging_mixin.py:188} INFO - [2024-04-09T08:52:31.489+0000] {dagbag.py:540} INFO - Filling up the DagBag from /home/airflow/.local/lib/python3.12/site-packages/airflow/example_dags/example_skip_dag.py
[2024-04-09T08:52:31.493+0000] {processor.py:840} INFO - DAG(s) 'example_skip_dag' retrieved from /home/airflow/.local/lib/python3.12/site-packages/airflow/example_dags/example_skip_dag.py
[2024-04-09T08:52:31.504+0000] {logging_mixin.py:188} INFO - [2024-04-09T08:52:31.504+0000] {dag.py:3096} INFO - Sync 1 DAGs
[2024-04-09T08:52:31.516+0000] {logging_mixin.py:188} INFO - [2024-04-09T08:52:31.516+0000] {dag.py:3954} INFO - Setting next_dagrun for example_skip_dag to 2024-04-08 00:00:00+00:00, run_after=2024-04-09 00:00:00+00:00
[2024-04-09T08:52:31.537+0000] {processor.py:183} INFO - Processing /home/airflow/.local/lib/python3.12/site-packages/airflow/example_dags/example_skip_dag.py took 0.053 seconds
[2024-04-09T08:53:02.178+0000] {processor.py:161} INFO - Started process (PID=3302) to work on /home/airflow/.local/lib/python3.12/site-packages/airflow/example_dags/example_skip_dag.py
[2024-04-09T08:53:02.179+0000] {processor.py:830} INFO - Processing file /home/airflow/.local/lib/python3.12/site-packages/airflow/example_dags/example_skip_dag.py for tasks to queue
[2024-04-09T08:53:02.180+0000] {logging_mixin.py:188} INFO - [2024-04-09T08:53:02.179+0000] {dagbag.py:540} INFO - Filling up the DagBag from /home/airflow/.local/lib/python3.12/site-packages/airflow/example_dags/example_skip_dag.py
[2024-04-09T08:53:02.183+0000] {processor.py:840} INFO - DAG(s) 'example_skip_dag' retrieved from /home/airflow/.local/lib/python3.12/site-packages/airflow/example_dags/example_skip_dag.py
[2024-04-09T08:53:02.196+0000] {logging_mixin.py:188} INFO - [2024-04-09T08:53:02.196+0000] {dag.py:3096} INFO - Sync 1 DAGs
[2024-04-09T08:53:02.210+0000] {logging_mixin.py:188} INFO - [2024-04-09T08:53:02.210+0000] {dag.py:3954} INFO - Setting next_dagrun for example_skip_dag to 2024-04-08 00:00:00+00:00, run_after=2024-04-09 00:00:00+00:00
[2024-04-09T08:53:02.223+0000] {processor.py:183} INFO - Processing /home/airflow/.local/lib/python3.12/site-packages/airflow/example_dags/example_skip_dag.py took 0.047 seconds
[2024-04-09T08:53:32.289+0000] {processor.py:161} INFO - Started process (PID=3360) to work on /home/airflow/.local/lib/python3.12/site-packages/airflow/example_dags/example_skip_dag.py
[2024-04-09T08:53:32.290+0000] {processor.py:830} INFO - Processing file /home/airflow/.local/lib/python3.12/site-packages/airflow/example_dags/example_skip_dag.py for tasks to queue
[2024-04-09T08:53:32.291+0000] {logging_mixin.py:188} INFO - [2024-04-09T08:53:32.291+0000] {dagbag.py:540} INFO - Filling up the DagBag from /home/airflow/.local/lib/python3.12/site-packages/airflow/example_dags/example_skip_dag.py
[2024-04-09T08:53:32.294+0000] {processor.py:840} INFO - DAG(s) 'example_skip_dag' retrieved from /home/airflow/.local/lib/python3.12/site-packages/airflow/example_dags/example_skip_dag.py
[2024-04-09T08:53:32.306+0000] {logging_mixin.py:188} INFO - [2024-04-09T08:53:32.305+0000] {dag.py:3096} INFO - Sync 1 DAGs
[2024-04-09T08:53:32.318+0000] {logging_mixin.py:188} INFO - [2024-04-09T08:53:32.318+0000] {dag.py:3954} INFO - Setting next_dagrun for example_skip_dag to 2024-04-08 00:00:00+00:00, run_after=2024-04-09 00:00:00+00:00
[2024-04-09T08:53:32.330+0000] {processor.py:183} INFO - Processing /home/airflow/.local/lib/python3.12/site-packages/airflow/example_dags/example_skip_dag.py took 0.043 seconds
[2024-04-09T08:54:03.055+0000] {processor.py:161} INFO - Started process (PID=3418) to work on /home/airflow/.local/lib/python3.12/site-packages/airflow/example_dags/example_skip_dag.py
[2024-04-09T08:54:03.056+0000] {processor.py:830} INFO - Processing file /home/airflow/.local/lib/python3.12/site-packages/airflow/example_dags/example_skip_dag.py for tasks to queue
[2024-04-09T08:54:03.057+0000] {logging_mixin.py:188} INFO - [2024-04-09T08:54:03.056+0000] {dagbag.py:540} INFO - Filling up the DagBag from /home/airflow/.local/lib/python3.12/site-packages/airflow/example_dags/example_skip_dag.py
[2024-04-09T08:54:03.060+0000] {processor.py:840} INFO - DAG(s) 'example_skip_dag' retrieved from /home/airflow/.local/lib/python3.12/site-packages/airflow/example_dags/example_skip_dag.py
[2024-04-09T08:54:03.072+0000] {logging_mixin.py:188} INFO - [2024-04-09T08:54:03.071+0000] {dag.py:3096} INFO - Sync 1 DAGs
[2024-04-09T08:54:03.084+0000] {logging_mixin.py:188} INFO - [2024-04-09T08:54:03.084+0000] {dag.py:3954} INFO - Setting next_dagrun for example_skip_dag to 2024-04-08 00:00:00+00:00, run_after=2024-04-09 00:00:00+00:00
[2024-04-09T08:54:03.094+0000] {processor.py:183} INFO - Processing /home/airflow/.local/lib/python3.12/site-packages/airflow/example_dags/example_skip_dag.py took 0.042 seconds
[2024-04-09T08:54:33.670+0000] {processor.py:161} INFO - Started process (PID=3476) to work on /home/airflow/.local/lib/python3.12/site-packages/airflow/example_dags/example_skip_dag.py
[2024-04-09T08:54:33.671+0000] {processor.py:830} INFO - Processing file /home/airflow/.local/lib/python3.12/site-packages/airflow/example_dags/example_skip_dag.py for tasks to queue
[2024-04-09T08:54:33.672+0000] {logging_mixin.py:188} INFO - [2024-04-09T08:54:33.672+0000] {dagbag.py:540} INFO - Filling up the DagBag from /home/airflow/.local/lib/python3.12/site-packages/airflow/example_dags/example_skip_dag.py
[2024-04-09T08:54:33.675+0000] {processor.py:840} INFO - DAG(s) 'example_skip_dag' retrieved from /home/airflow/.local/lib/python3.12/site-packages/airflow/example_dags/example_skip_dag.py
[2024-04-09T08:54:33.687+0000] {logging_mixin.py:188} INFO - [2024-04-09T08:54:33.687+0000] {dag.py:3096} INFO - Sync 1 DAGs
[2024-04-09T08:54:33.699+0000] {logging_mixin.py:188} INFO - [2024-04-09T08:54:33.699+0000] {dag.py:3954} INFO - Setting next_dagrun for example_skip_dag to 2024-04-08 00:00:00+00:00, run_after=2024-04-09 00:00:00+00:00
[2024-04-09T08:54:33.711+0000] {processor.py:183} INFO - Processing /home/airflow/.local/lib/python3.12/site-packages/airflow/example_dags/example_skip_dag.py took 0.043 seconds
[2024-04-09T08:55:04.353+0000] {processor.py:161} INFO - Started process (PID=3534) to work on /home/airflow/.local/lib/python3.12/site-packages/airflow/example_dags/example_skip_dag.py
[2024-04-09T08:55:04.353+0000] {processor.py:830} INFO - Processing file /home/airflow/.local/lib/python3.12/site-packages/airflow/example_dags/example_skip_dag.py for tasks to queue
[2024-04-09T08:55:04.354+0000] {logging_mixin.py:188} INFO - [2024-04-09T08:55:04.354+0000] {dagbag.py:540} INFO - Filling up the DagBag from /home/airflow/.local/lib/python3.12/site-packages/airflow/example_dags/example_skip_dag.py
[2024-04-09T08:55:04.357+0000] {processor.py:840} INFO - DAG(s) 'example_skip_dag' retrieved from /home/airflow/.local/lib/python3.12/site-packages/airflow/example_dags/example_skip_dag.py
[2024-04-09T08:55:04.369+0000] {logging_mixin.py:188} INFO - [2024-04-09T08:55:04.369+0000] {dag.py:3096} INFO - Sync 1 DAGs
[2024-04-09T08:55:04.382+0000] {logging_mixin.py:188} INFO - [2024-04-09T08:55:04.381+0000] {dag.py:3954} INFO - Setting next_dagrun for example_skip_dag to 2024-04-08 00:00:00+00:00, run_after=2024-04-09 00:00:00+00:00
[2024-04-09T08:55:04.393+0000] {processor.py:183} INFO - Processing /home/airflow/.local/lib/python3.12/site-packages/airflow/example_dags/example_skip_dag.py took 0.043 seconds
[2024-04-09T08:55:34.957+0000] {processor.py:161} INFO - Started process (PID=3592) to work on /home/airflow/.local/lib/python3.12/site-packages/airflow/example_dags/example_skip_dag.py
[2024-04-09T08:55:34.958+0000] {processor.py:830} INFO - Processing file /home/airflow/.local/lib/python3.12/site-packages/airflow/example_dags/example_skip_dag.py for tasks to queue
[2024-04-09T08:55:34.959+0000] {logging_mixin.py:188} INFO - [2024-04-09T08:55:34.959+0000] {dagbag.py:540} INFO - Filling up the DagBag from /home/airflow/.local/lib/python3.12/site-packages/airflow/example_dags/example_skip_dag.py
[2024-04-09T08:55:34.962+0000] {processor.py:840} INFO - DAG(s) 'example_skip_dag' retrieved from /home/airflow/.local/lib/python3.12/site-packages/airflow/example_dags/example_skip_dag.py
[2024-04-09T08:55:34.974+0000] {logging_mixin.py:188} INFO - [2024-04-09T08:55:34.974+0000] {dag.py:3096} INFO - Sync 1 DAGs
[2024-04-09T08:55:34.986+0000] {logging_mixin.py:188} INFO - [2024-04-09T08:55:34.986+0000] {dag.py:3954} INFO - Setting next_dagrun for example_skip_dag to 2024-04-08 00:00:00+00:00, run_after=2024-04-09 00:00:00+00:00
[2024-04-09T08:55:35.008+0000] {processor.py:183} INFO - Processing /home/airflow/.local/lib/python3.12/site-packages/airflow/example_dags/example_skip_dag.py took 0.054 seconds
[2024-04-09T08:56:05.661+0000] {processor.py:161} INFO - Started process (PID=3650) to work on /home/airflow/.local/lib/python3.12/site-packages/airflow/example_dags/example_skip_dag.py
[2024-04-09T08:56:05.661+0000] {processor.py:830} INFO - Processing file /home/airflow/.local/lib/python3.12/site-packages/airflow/example_dags/example_skip_dag.py for tasks to queue
[2024-04-09T08:56:05.662+0000] {logging_mixin.py:188} INFO - [2024-04-09T08:56:05.662+0000] {dagbag.py:540} INFO - Filling up the DagBag from /home/airflow/.local/lib/python3.12/site-packages/airflow/example_dags/example_skip_dag.py
[2024-04-09T08:56:05.666+0000] {processor.py:840} INFO - DAG(s) 'example_skip_dag' retrieved from /home/airflow/.local/lib/python3.12/site-packages/airflow/example_dags/example_skip_dag.py
[2024-04-09T08:56:05.679+0000] {logging_mixin.py:188} INFO - [2024-04-09T08:56:05.679+0000] {dag.py:3096} INFO - Sync 1 DAGs
[2024-04-09T08:56:05.692+0000] {logging_mixin.py:188} INFO - [2024-04-09T08:56:05.692+0000] {dag.py:3954} INFO - Setting next_dagrun for example_skip_dag to 2024-04-08 00:00:00+00:00, run_after=2024-04-09 00:00:00+00:00
[2024-04-09T08:56:05.704+0000] {processor.py:183} INFO - Processing /home/airflow/.local/lib/python3.12/site-packages/airflow/example_dags/example_skip_dag.py took 0.047 seconds
[2024-04-09T08:56:36.326+0000] {processor.py:161} INFO - Started process (PID=3708) to work on /home/airflow/.local/lib/python3.12/site-packages/airflow/example_dags/example_skip_dag.py
[2024-04-09T08:56:36.326+0000] {processor.py:830} INFO - Processing file /home/airflow/.local/lib/python3.12/site-packages/airflow/example_dags/example_skip_dag.py for tasks to queue
[2024-04-09T08:56:36.327+0000] {logging_mixin.py:188} INFO - [2024-04-09T08:56:36.327+0000] {dagbag.py:540} INFO - Filling up the DagBag from /home/airflow/.local/lib/python3.12/site-packages/airflow/example_dags/example_skip_dag.py
[2024-04-09T08:56:36.331+0000] {processor.py:840} INFO - DAG(s) 'example_skip_dag' retrieved from /home/airflow/.local/lib/python3.12/site-packages/airflow/example_dags/example_skip_dag.py
[2024-04-09T08:56:36.344+0000] {logging_mixin.py:188} INFO - [2024-04-09T08:56:36.344+0000] {dag.py:3096} INFO - Sync 1 DAGs
[2024-04-09T08:56:36.357+0000] {logging_mixin.py:188} INFO - [2024-04-09T08:56:36.357+0000] {dag.py:3954} INFO - Setting next_dagrun for example_skip_dag to 2024-04-08 00:00:00+00:00, run_after=2024-04-09 00:00:00+00:00
[2024-04-09T08:56:36.381+0000] {processor.py:183} INFO - Processing /home/airflow/.local/lib/python3.12/site-packages/airflow/example_dags/example_skip_dag.py took 0.058 seconds
[2024-04-09T08:57:07.043+0000] {processor.py:161} INFO - Started process (PID=3766) to work on /home/airflow/.local/lib/python3.12/site-packages/airflow/example_dags/example_skip_dag.py
[2024-04-09T08:57:07.043+0000] {processor.py:830} INFO - Processing file /home/airflow/.local/lib/python3.12/site-packages/airflow/example_dags/example_skip_dag.py for tasks to queue
[2024-04-09T08:57:07.044+0000] {logging_mixin.py:188} INFO - [2024-04-09T08:57:07.044+0000] {dagbag.py:540} INFO - Filling up the DagBag from /home/airflow/.local/lib/python3.12/site-packages/airflow/example_dags/example_skip_dag.py
[2024-04-09T08:57:07.048+0000] {processor.py:840} INFO - DAG(s) 'example_skip_dag' retrieved from /home/airflow/.local/lib/python3.12/site-packages/airflow/example_dags/example_skip_dag.py
[2024-04-09T08:57:07.061+0000] {logging_mixin.py:188} INFO - [2024-04-09T08:57:07.061+0000] {dag.py:3096} INFO - Sync 1 DAGs
[2024-04-09T08:57:07.077+0000] {logging_mixin.py:188} INFO - [2024-04-09T08:57:07.077+0000] {dag.py:3954} INFO - Setting next_dagrun for example_skip_dag to 2024-04-08 00:00:00+00:00, run_after=2024-04-09 00:00:00+00:00
[2024-04-09T08:57:07.090+0000] {processor.py:183} INFO - Processing /home/airflow/.local/lib/python3.12/site-packages/airflow/example_dags/example_skip_dag.py took 0.050 seconds
[2024-04-09T08:57:37.737+0000] {processor.py:161} INFO - Started process (PID=3824) to work on /home/airflow/.local/lib/python3.12/site-packages/airflow/example_dags/example_skip_dag.py
[2024-04-09T08:57:37.738+0000] {processor.py:830} INFO - Processing file /home/airflow/.local/lib/python3.12/site-packages/airflow/example_dags/example_skip_dag.py for tasks to queue
[2024-04-09T08:57:37.739+0000] {logging_mixin.py:188} INFO - [2024-04-09T08:57:37.739+0000] {dagbag.py:540} INFO - Filling up the DagBag from /home/airflow/.local/lib/python3.12/site-packages/airflow/example_dags/example_skip_dag.py
[2024-04-09T08:57:37.742+0000] {processor.py:840} INFO - DAG(s) 'example_skip_dag' retrieved from /home/airflow/.local/lib/python3.12/site-packages/airflow/example_dags/example_skip_dag.py
[2024-04-09T08:57:37.755+0000] {logging_mixin.py:188} INFO - [2024-04-09T08:57:37.755+0000] {dag.py:3096} INFO - Sync 1 DAGs
[2024-04-09T08:57:37.769+0000] {logging_mixin.py:188} INFO - [2024-04-09T08:57:37.769+0000] {dag.py:3954} INFO - Setting next_dagrun for example_skip_dag to 2024-04-08 00:00:00+00:00, run_after=2024-04-09 00:00:00+00:00
[2024-04-09T08:57:37.792+0000] {processor.py:183} INFO - Processing /home/airflow/.local/lib/python3.12/site-packages/airflow/example_dags/example_skip_dag.py took 0.058 seconds
[2024-04-09T08:58:07.913+0000] {processor.py:161} INFO - Started process (PID=3882) to work on /home/airflow/.local/lib/python3.12/site-packages/airflow/example_dags/example_skip_dag.py
[2024-04-09T08:58:07.914+0000] {processor.py:830} INFO - Processing file /home/airflow/.local/lib/python3.12/site-packages/airflow/example_dags/example_skip_dag.py for tasks to queue
[2024-04-09T08:58:07.915+0000] {logging_mixin.py:188} INFO - [2024-04-09T08:58:07.915+0000] {dagbag.py:540} INFO - Filling up the DagBag from /home/airflow/.local/lib/python3.12/site-packages/airflow/example_dags/example_skip_dag.py
[2024-04-09T08:58:07.918+0000] {processor.py:840} INFO - DAG(s) 'example_skip_dag' retrieved from /home/airflow/.local/lib/python3.12/site-packages/airflow/example_dags/example_skip_dag.py
[2024-04-09T08:58:07.931+0000] {logging_mixin.py:188} INFO - [2024-04-09T08:58:07.930+0000] {dag.py:3096} INFO - Sync 1 DAGs
[2024-04-09T08:58:07.943+0000] {logging_mixin.py:188} INFO - [2024-04-09T08:58:07.943+0000] {dag.py:3954} INFO - Setting next_dagrun for example_skip_dag to 2024-04-08 00:00:00+00:00, run_after=2024-04-09 00:00:00+00:00
[2024-04-09T08:58:07.966+0000] {processor.py:183} INFO - Processing /home/airflow/.local/lib/python3.12/site-packages/airflow/example_dags/example_skip_dag.py took 0.056 seconds
[2024-04-09T08:58:38.874+0000] {processor.py:161} INFO - Started process (PID=3940) to work on /home/airflow/.local/lib/python3.12/site-packages/airflow/example_dags/example_skip_dag.py
[2024-04-09T08:58:38.875+0000] {processor.py:830} INFO - Processing file /home/airflow/.local/lib/python3.12/site-packages/airflow/example_dags/example_skip_dag.py for tasks to queue
[2024-04-09T08:58:38.876+0000] {logging_mixin.py:188} INFO - [2024-04-09T08:58:38.876+0000] {dagbag.py:540} INFO - Filling up the DagBag from /home/airflow/.local/lib/python3.12/site-packages/airflow/example_dags/example_skip_dag.py
[2024-04-09T08:58:38.879+0000] {processor.py:840} INFO - DAG(s) 'example_skip_dag' retrieved from /home/airflow/.local/lib/python3.12/site-packages/airflow/example_dags/example_skip_dag.py
[2024-04-09T08:58:38.891+0000] {logging_mixin.py:188} INFO - [2024-04-09T08:58:38.891+0000] {dag.py:3096} INFO - Sync 1 DAGs
[2024-04-09T08:58:38.904+0000] {logging_mixin.py:188} INFO - [2024-04-09T08:58:38.904+0000] {dag.py:3954} INFO - Setting next_dagrun for example_skip_dag to 2024-04-08 00:00:00+00:00, run_after=2024-04-09 00:00:00+00:00
[2024-04-09T08:58:38.916+0000] {processor.py:183} INFO - Processing /home/airflow/.local/lib/python3.12/site-packages/airflow/example_dags/example_skip_dag.py took 0.044 seconds
