[2024-04-09T08:24:29.660+0000] {processor.py:161} INFO - Started process (PID=64) to work on /home/airflow/.local/lib/python3.12/site-packages/airflow/example_dags/example_branch_operator.py
[2024-04-09T08:24:29.661+0000] {processor.py:830} INFO - Processing file /home/airflow/.local/lib/python3.12/site-packages/airflow/example_dags/example_branch_operator.py for tasks to queue
[2024-04-09T08:24:29.662+0000] {logging_mixin.py:188} INFO - [2024-04-09T08:24:29.662+0000] {dagbag.py:540} INFO - Filling up the DagBag from /home/airflow/.local/lib/python3.12/site-packages/airflow/example_dags/example_branch_operator.py
[2024-04-09T08:24:29.679+0000] {processor.py:840} INFO - DAG(s) 'example_branch_operator' retrieved from /home/airflow/.local/lib/python3.12/site-packages/airflow/example_dags/example_branch_operator.py
[2024-04-09T08:24:29.689+0000] {logging_mixin.py:188} INFO - [2024-04-09T08:24:29.688+0000] {dag.py:3096} INFO - Sync 1 DAGs
[2024-04-09T08:24:29.706+0000] {logging_mixin.py:188} INFO - [2024-04-09T08:24:29.706+0000] {dag.py:3954} INFO - Setting next_dagrun for example_branch_operator to 2024-04-08 00:00:00+00:00, run_after=2024-04-09 00:00:00+00:00
[2024-04-09T08:24:29.720+0000] {processor.py:183} INFO - Processing /home/airflow/.local/lib/python3.12/site-packages/airflow/example_dags/example_branch_operator.py took 0.063 seconds
[2024-04-09T08:25:00.231+0000] {processor.py:161} INFO - Started process (PID=122) to work on /home/airflow/.local/lib/python3.12/site-packages/airflow/example_dags/example_branch_operator.py
[2024-04-09T08:25:00.232+0000] {processor.py:830} INFO - Processing file /home/airflow/.local/lib/python3.12/site-packages/airflow/example_dags/example_branch_operator.py for tasks to queue
[2024-04-09T08:25:00.232+0000] {logging_mixin.py:188} INFO - [2024-04-09T08:25:00.232+0000] {dagbag.py:540} INFO - Filling up the DagBag from /home/airflow/.local/lib/python3.12/site-packages/airflow/example_dags/example_branch_operator.py
[2024-04-09T08:25:00.241+0000] {processor.py:840} INFO - DAG(s) 'example_branch_operator' retrieved from /home/airflow/.local/lib/python3.12/site-packages/airflow/example_dags/example_branch_operator.py
[2024-04-09T08:25:00.305+0000] {logging_mixin.py:188} INFO - [2024-04-09T08:25:00.305+0000] {dag.py:3096} INFO - Sync 1 DAGs
[2024-04-09T08:25:00.317+0000] {logging_mixin.py:188} INFO - [2024-04-09T08:25:00.317+0000] {dag.py:3954} INFO - Setting next_dagrun for example_branch_operator to 2024-04-08 00:00:00+00:00, run_after=2024-04-09 00:00:00+00:00
[2024-04-09T08:25:00.331+0000] {processor.py:183} INFO - Processing /home/airflow/.local/lib/python3.12/site-packages/airflow/example_dags/example_branch_operator.py took 0.103 seconds
[2024-04-09T08:25:30.671+0000] {processor.py:161} INFO - Started process (PID=180) to work on /home/airflow/.local/lib/python3.12/site-packages/airflow/example_dags/example_branch_operator.py
[2024-04-09T08:25:30.672+0000] {processor.py:830} INFO - Processing file /home/airflow/.local/lib/python3.12/site-packages/airflow/example_dags/example_branch_operator.py for tasks to queue
[2024-04-09T08:25:30.673+0000] {logging_mixin.py:188} INFO - [2024-04-09T08:25:30.673+0000] {dagbag.py:540} INFO - Filling up the DagBag from /home/airflow/.local/lib/python3.12/site-packages/airflow/example_dags/example_branch_operator.py
[2024-04-09T08:25:30.682+0000] {processor.py:840} INFO - DAG(s) 'example_branch_operator' retrieved from /home/airflow/.local/lib/python3.12/site-packages/airflow/example_dags/example_branch_operator.py
[2024-04-09T08:25:30.698+0000] {logging_mixin.py:188} INFO - [2024-04-09T08:25:30.698+0000] {dag.py:3096} INFO - Sync 1 DAGs
[2024-04-09T08:25:30.711+0000] {logging_mixin.py:188} INFO - [2024-04-09T08:25:30.710+0000] {dag.py:3954} INFO - Setting next_dagrun for example_branch_operator to 2024-04-08 00:00:00+00:00, run_after=2024-04-09 00:00:00+00:00
[2024-04-09T08:25:30.722+0000] {processor.py:183} INFO - Processing /home/airflow/.local/lib/python3.12/site-packages/airflow/example_dags/example_branch_operator.py took 0.054 seconds
[2024-04-09T08:26:01.342+0000] {processor.py:161} INFO - Started process (PID=238) to work on /home/airflow/.local/lib/python3.12/site-packages/airflow/example_dags/example_branch_operator.py
[2024-04-09T08:26:01.343+0000] {processor.py:830} INFO - Processing file /home/airflow/.local/lib/python3.12/site-packages/airflow/example_dags/example_branch_operator.py for tasks to queue
[2024-04-09T08:26:01.344+0000] {logging_mixin.py:188} INFO - [2024-04-09T08:26:01.343+0000] {dagbag.py:540} INFO - Filling up the DagBag from /home/airflow/.local/lib/python3.12/site-packages/airflow/example_dags/example_branch_operator.py
[2024-04-09T08:26:01.353+0000] {processor.py:840} INFO - DAG(s) 'example_branch_operator' retrieved from /home/airflow/.local/lib/python3.12/site-packages/airflow/example_dags/example_branch_operator.py
[2024-04-09T08:26:01.369+0000] {logging_mixin.py:188} INFO - [2024-04-09T08:26:01.368+0000] {dag.py:3096} INFO - Sync 1 DAGs
[2024-04-09T08:26:01.382+0000] {logging_mixin.py:188} INFO - [2024-04-09T08:26:01.382+0000] {dag.py:3954} INFO - Setting next_dagrun for example_branch_operator to 2024-04-08 00:00:00+00:00, run_after=2024-04-09 00:00:00+00:00
[2024-04-09T08:26:01.393+0000] {processor.py:183} INFO - Processing /home/airflow/.local/lib/python3.12/site-packages/airflow/example_dags/example_branch_operator.py took 0.053 seconds
[2024-04-09T08:26:32.178+0000] {processor.py:161} INFO - Started process (PID=296) to work on /home/airflow/.local/lib/python3.12/site-packages/airflow/example_dags/example_branch_operator.py
[2024-04-09T08:26:32.179+0000] {processor.py:830} INFO - Processing file /home/airflow/.local/lib/python3.12/site-packages/airflow/example_dags/example_branch_operator.py for tasks to queue
[2024-04-09T08:26:32.180+0000] {logging_mixin.py:188} INFO - [2024-04-09T08:26:32.180+0000] {dagbag.py:540} INFO - Filling up the DagBag from /home/airflow/.local/lib/python3.12/site-packages/airflow/example_dags/example_branch_operator.py
[2024-04-09T08:26:32.190+0000] {processor.py:840} INFO - DAG(s) 'example_branch_operator' retrieved from /home/airflow/.local/lib/python3.12/site-packages/airflow/example_dags/example_branch_operator.py
[2024-04-09T08:26:32.207+0000] {logging_mixin.py:188} INFO - [2024-04-09T08:26:32.207+0000] {dag.py:3096} INFO - Sync 1 DAGs
[2024-04-09T08:26:32.221+0000] {logging_mixin.py:188} INFO - [2024-04-09T08:26:32.221+0000] {dag.py:3954} INFO - Setting next_dagrun for example_branch_operator to 2024-04-08 00:00:00+00:00, run_after=2024-04-09 00:00:00+00:00
[2024-04-09T08:26:32.235+0000] {processor.py:183} INFO - Processing /home/airflow/.local/lib/python3.12/site-packages/airflow/example_dags/example_branch_operator.py took 0.060 seconds
[2024-04-09T08:27:02.344+0000] {processor.py:161} INFO - Started process (PID=354) to work on /home/airflow/.local/lib/python3.12/site-packages/airflow/example_dags/example_branch_operator.py
[2024-04-09T08:27:02.345+0000] {processor.py:830} INFO - Processing file /home/airflow/.local/lib/python3.12/site-packages/airflow/example_dags/example_branch_operator.py for tasks to queue
[2024-04-09T08:27:02.346+0000] {logging_mixin.py:188} INFO - [2024-04-09T08:27:02.346+0000] {dagbag.py:540} INFO - Filling up the DagBag from /home/airflow/.local/lib/python3.12/site-packages/airflow/example_dags/example_branch_operator.py
[2024-04-09T08:27:02.355+0000] {processor.py:840} INFO - DAG(s) 'example_branch_operator' retrieved from /home/airflow/.local/lib/python3.12/site-packages/airflow/example_dags/example_branch_operator.py
[2024-04-09T08:27:02.374+0000] {logging_mixin.py:188} INFO - [2024-04-09T08:27:02.374+0000] {dag.py:3096} INFO - Sync 1 DAGs
[2024-04-09T08:27:02.393+0000] {logging_mixin.py:188} INFO - [2024-04-09T08:27:02.393+0000] {dag.py:3954} INFO - Setting next_dagrun for example_branch_operator to 2024-04-08 00:00:00+00:00, run_after=2024-04-09 00:00:00+00:00
[2024-04-09T08:27:02.427+0000] {processor.py:183} INFO - Processing /home/airflow/.local/lib/python3.12/site-packages/airflow/example_dags/example_branch_operator.py took 0.086 seconds
[2024-04-09T08:27:33.441+0000] {processor.py:161} INFO - Started process (PID=412) to work on /home/airflow/.local/lib/python3.12/site-packages/airflow/example_dags/example_branch_operator.py
[2024-04-09T08:27:33.441+0000] {processor.py:830} INFO - Processing file /home/airflow/.local/lib/python3.12/site-packages/airflow/example_dags/example_branch_operator.py for tasks to queue
[2024-04-09T08:27:33.442+0000] {logging_mixin.py:188} INFO - [2024-04-09T08:27:33.442+0000] {dagbag.py:540} INFO - Filling up the DagBag from /home/airflow/.local/lib/python3.12/site-packages/airflow/example_dags/example_branch_operator.py
[2024-04-09T08:27:33.452+0000] {processor.py:840} INFO - DAG(s) 'example_branch_operator' retrieved from /home/airflow/.local/lib/python3.12/site-packages/airflow/example_dags/example_branch_operator.py
[2024-04-09T08:27:33.468+0000] {logging_mixin.py:188} INFO - [2024-04-09T08:27:33.468+0000] {dag.py:3096} INFO - Sync 1 DAGs
[2024-04-09T08:27:33.481+0000] {logging_mixin.py:188} INFO - [2024-04-09T08:27:33.481+0000] {dag.py:3954} INFO - Setting next_dagrun for example_branch_operator to 2024-04-08 00:00:00+00:00, run_after=2024-04-09 00:00:00+00:00
[2024-04-09T08:27:33.492+0000] {processor.py:183} INFO - Processing /home/airflow/.local/lib/python3.12/site-packages/airflow/example_dags/example_branch_operator.py took 0.054 seconds
[2024-04-09T08:28:03.675+0000] {processor.py:161} INFO - Started process (PID=470) to work on /home/airflow/.local/lib/python3.12/site-packages/airflow/example_dags/example_branch_operator.py
[2024-04-09T08:28:03.675+0000] {processor.py:830} INFO - Processing file /home/airflow/.local/lib/python3.12/site-packages/airflow/example_dags/example_branch_operator.py for tasks to queue
[2024-04-09T08:28:03.676+0000] {logging_mixin.py:188} INFO - [2024-04-09T08:28:03.676+0000] {dagbag.py:540} INFO - Filling up the DagBag from /home/airflow/.local/lib/python3.12/site-packages/airflow/example_dags/example_branch_operator.py
[2024-04-09T08:28:03.686+0000] {processor.py:840} INFO - DAG(s) 'example_branch_operator' retrieved from /home/airflow/.local/lib/python3.12/site-packages/airflow/example_dags/example_branch_operator.py
[2024-04-09T08:28:03.702+0000] {logging_mixin.py:188} INFO - [2024-04-09T08:28:03.702+0000] {dag.py:3096} INFO - Sync 1 DAGs
[2024-04-09T08:28:03.716+0000] {logging_mixin.py:188} INFO - [2024-04-09T08:28:03.715+0000] {dag.py:3954} INFO - Setting next_dagrun for example_branch_operator to 2024-04-08 00:00:00+00:00, run_after=2024-04-09 00:00:00+00:00
[2024-04-09T08:28:03.726+0000] {processor.py:183} INFO - Processing /home/airflow/.local/lib/python3.12/site-packages/airflow/example_dags/example_branch_operator.py took 0.054 seconds
[2024-04-09T08:28:34.623+0000] {processor.py:161} INFO - Started process (PID=528) to work on /home/airflow/.local/lib/python3.12/site-packages/airflow/example_dags/example_branch_operator.py
[2024-04-09T08:28:34.623+0000] {processor.py:830} INFO - Processing file /home/airflow/.local/lib/python3.12/site-packages/airflow/example_dags/example_branch_operator.py for tasks to queue
[2024-04-09T08:28:34.624+0000] {logging_mixin.py:188} INFO - [2024-04-09T08:28:34.624+0000] {dagbag.py:540} INFO - Filling up the DagBag from /home/airflow/.local/lib/python3.12/site-packages/airflow/example_dags/example_branch_operator.py
[2024-04-09T08:28:34.634+0000] {processor.py:840} INFO - DAG(s) 'example_branch_operator' retrieved from /home/airflow/.local/lib/python3.12/site-packages/airflow/example_dags/example_branch_operator.py
[2024-04-09T08:28:34.651+0000] {logging_mixin.py:188} INFO - [2024-04-09T08:28:34.651+0000] {dag.py:3096} INFO - Sync 1 DAGs
[2024-04-09T08:28:34.665+0000] {logging_mixin.py:188} INFO - [2024-04-09T08:28:34.665+0000] {dag.py:3954} INFO - Setting next_dagrun for example_branch_operator to 2024-04-08 00:00:00+00:00, run_after=2024-04-09 00:00:00+00:00
[2024-04-09T08:28:34.676+0000] {processor.py:183} INFO - Processing /home/airflow/.local/lib/python3.12/site-packages/airflow/example_dags/example_branch_operator.py took 0.056 seconds
[2024-04-09T08:29:05.183+0000] {processor.py:161} INFO - Started process (PID=586) to work on /home/airflow/.local/lib/python3.12/site-packages/airflow/example_dags/example_branch_operator.py
[2024-04-09T08:29:05.183+0000] {processor.py:830} INFO - Processing file /home/airflow/.local/lib/python3.12/site-packages/airflow/example_dags/example_branch_operator.py for tasks to queue
[2024-04-09T08:29:05.184+0000] {logging_mixin.py:188} INFO - [2024-04-09T08:29:05.184+0000] {dagbag.py:540} INFO - Filling up the DagBag from /home/airflow/.local/lib/python3.12/site-packages/airflow/example_dags/example_branch_operator.py
[2024-04-09T08:29:05.194+0000] {processor.py:840} INFO - DAG(s) 'example_branch_operator' retrieved from /home/airflow/.local/lib/python3.12/site-packages/airflow/example_dags/example_branch_operator.py
[2024-04-09T08:29:05.210+0000] {logging_mixin.py:188} INFO - [2024-04-09T08:29:05.210+0000] {dag.py:3096} INFO - Sync 1 DAGs
[2024-04-09T08:29:05.225+0000] {logging_mixin.py:188} INFO - [2024-04-09T08:29:05.224+0000] {dag.py:3954} INFO - Setting next_dagrun for example_branch_operator to 2024-04-08 00:00:00+00:00, run_after=2024-04-09 00:00:00+00:00
[2024-04-09T08:29:05.236+0000] {processor.py:183} INFO - Processing /home/airflow/.local/lib/python3.12/site-packages/airflow/example_dags/example_branch_operator.py took 0.056 seconds
[2024-04-09T08:29:36.009+0000] {processor.py:161} INFO - Started process (PID=644) to work on /home/airflow/.local/lib/python3.12/site-packages/airflow/example_dags/example_branch_operator.py
[2024-04-09T08:29:36.010+0000] {processor.py:830} INFO - Processing file /home/airflow/.local/lib/python3.12/site-packages/airflow/example_dags/example_branch_operator.py for tasks to queue
[2024-04-09T08:29:36.011+0000] {logging_mixin.py:188} INFO - [2024-04-09T08:29:36.010+0000] {dagbag.py:540} INFO - Filling up the DagBag from /home/airflow/.local/lib/python3.12/site-packages/airflow/example_dags/example_branch_operator.py
[2024-04-09T08:29:36.020+0000] {processor.py:840} INFO - DAG(s) 'example_branch_operator' retrieved from /home/airflow/.local/lib/python3.12/site-packages/airflow/example_dags/example_branch_operator.py
[2024-04-09T08:29:36.036+0000] {logging_mixin.py:188} INFO - [2024-04-09T08:29:36.035+0000] {dag.py:3096} INFO - Sync 1 DAGs
[2024-04-09T08:29:36.049+0000] {logging_mixin.py:188} INFO - [2024-04-09T08:29:36.049+0000] {dag.py:3954} INFO - Setting next_dagrun for example_branch_operator to 2024-04-08 00:00:00+00:00, run_after=2024-04-09 00:00:00+00:00
[2024-04-09T08:29:36.060+0000] {processor.py:183} INFO - Processing /home/airflow/.local/lib/python3.12/site-packages/airflow/example_dags/example_branch_operator.py took 0.054 seconds
[2024-04-09T08:30:06.716+0000] {processor.py:161} INFO - Started process (PID=702) to work on /home/airflow/.local/lib/python3.12/site-packages/airflow/example_dags/example_branch_operator.py
[2024-04-09T08:30:06.716+0000] {processor.py:830} INFO - Processing file /home/airflow/.local/lib/python3.12/site-packages/airflow/example_dags/example_branch_operator.py for tasks to queue
[2024-04-09T08:30:06.717+0000] {logging_mixin.py:188} INFO - [2024-04-09T08:30:06.717+0000] {dagbag.py:540} INFO - Filling up the DagBag from /home/airflow/.local/lib/python3.12/site-packages/airflow/example_dags/example_branch_operator.py
[2024-04-09T08:30:06.727+0000] {processor.py:840} INFO - DAG(s) 'example_branch_operator' retrieved from /home/airflow/.local/lib/python3.12/site-packages/airflow/example_dags/example_branch_operator.py
[2024-04-09T08:30:06.744+0000] {logging_mixin.py:188} INFO - [2024-04-09T08:30:06.744+0000] {dag.py:3096} INFO - Sync 1 DAGs
[2024-04-09T08:30:06.758+0000] {logging_mixin.py:188} INFO - [2024-04-09T08:30:06.758+0000] {dag.py:3954} INFO - Setting next_dagrun for example_branch_operator to 2024-04-08 00:00:00+00:00, run_after=2024-04-09 00:00:00+00:00
[2024-04-09T08:30:06.769+0000] {processor.py:183} INFO - Processing /home/airflow/.local/lib/python3.12/site-packages/airflow/example_dags/example_branch_operator.py took 0.056 seconds
[2024-04-09T08:30:37.524+0000] {processor.py:161} INFO - Started process (PID=760) to work on /home/airflow/.local/lib/python3.12/site-packages/airflow/example_dags/example_branch_operator.py
[2024-04-09T08:30:37.525+0000] {processor.py:830} INFO - Processing file /home/airflow/.local/lib/python3.12/site-packages/airflow/example_dags/example_branch_operator.py for tasks to queue
[2024-04-09T08:30:37.526+0000] {logging_mixin.py:188} INFO - [2024-04-09T08:30:37.526+0000] {dagbag.py:540} INFO - Filling up the DagBag from /home/airflow/.local/lib/python3.12/site-packages/airflow/example_dags/example_branch_operator.py
[2024-04-09T08:30:37.536+0000] {processor.py:840} INFO - DAG(s) 'example_branch_operator' retrieved from /home/airflow/.local/lib/python3.12/site-packages/airflow/example_dags/example_branch_operator.py
[2024-04-09T08:30:37.554+0000] {logging_mixin.py:188} INFO - [2024-04-09T08:30:37.554+0000] {dag.py:3096} INFO - Sync 1 DAGs
[2024-04-09T08:30:37.568+0000] {logging_mixin.py:188} INFO - [2024-04-09T08:30:37.568+0000] {dag.py:3954} INFO - Setting next_dagrun for example_branch_operator to 2024-04-08 00:00:00+00:00, run_after=2024-04-09 00:00:00+00:00
[2024-04-09T08:30:37.579+0000] {processor.py:183} INFO - Processing /home/airflow/.local/lib/python3.12/site-packages/airflow/example_dags/example_branch_operator.py took 0.058 seconds
[2024-04-09T08:31:07.786+0000] {processor.py:161} INFO - Started process (PID=818) to work on /home/airflow/.local/lib/python3.12/site-packages/airflow/example_dags/example_branch_operator.py
[2024-04-09T08:31:07.786+0000] {processor.py:830} INFO - Processing file /home/airflow/.local/lib/python3.12/site-packages/airflow/example_dags/example_branch_operator.py for tasks to queue
[2024-04-09T08:31:07.787+0000] {logging_mixin.py:188} INFO - [2024-04-09T08:31:07.787+0000] {dagbag.py:540} INFO - Filling up the DagBag from /home/airflow/.local/lib/python3.12/site-packages/airflow/example_dags/example_branch_operator.py
[2024-04-09T08:31:07.798+0000] {processor.py:840} INFO - DAG(s) 'example_branch_operator' retrieved from /home/airflow/.local/lib/python3.12/site-packages/airflow/example_dags/example_branch_operator.py
[2024-04-09T08:31:07.817+0000] {logging_mixin.py:188} INFO - [2024-04-09T08:31:07.817+0000] {dag.py:3096} INFO - Sync 1 DAGs
[2024-04-09T08:31:07.834+0000] {logging_mixin.py:188} INFO - [2024-04-09T08:31:07.834+0000] {dag.py:3954} INFO - Setting next_dagrun for example_branch_operator to 2024-04-08 00:00:00+00:00, run_after=2024-04-09 00:00:00+00:00
[2024-04-09T08:31:07.847+0000] {processor.py:183} INFO - Processing /home/airflow/.local/lib/python3.12/site-packages/airflow/example_dags/example_branch_operator.py took 0.065 seconds
[2024-04-09T08:31:38.692+0000] {processor.py:161} INFO - Started process (PID=876) to work on /home/airflow/.local/lib/python3.12/site-packages/airflow/example_dags/example_branch_operator.py
[2024-04-09T08:31:38.692+0000] {processor.py:830} INFO - Processing file /home/airflow/.local/lib/python3.12/site-packages/airflow/example_dags/example_branch_operator.py for tasks to queue
[2024-04-09T08:31:38.694+0000] {logging_mixin.py:188} INFO - [2024-04-09T08:31:38.693+0000] {dagbag.py:540} INFO - Filling up the DagBag from /home/airflow/.local/lib/python3.12/site-packages/airflow/example_dags/example_branch_operator.py
[2024-04-09T08:31:38.706+0000] {processor.py:840} INFO - DAG(s) 'example_branch_operator' retrieved from /home/airflow/.local/lib/python3.12/site-packages/airflow/example_dags/example_branch_operator.py
[2024-04-09T08:31:38.727+0000] {logging_mixin.py:188} INFO - [2024-04-09T08:31:38.727+0000] {dag.py:3096} INFO - Sync 1 DAGs
[2024-04-09T08:31:38.747+0000] {logging_mixin.py:188} INFO - [2024-04-09T08:31:38.746+0000] {dag.py:3954} INFO - Setting next_dagrun for example_branch_operator to 2024-04-08 00:00:00+00:00, run_after=2024-04-09 00:00:00+00:00
[2024-04-09T08:31:38.758+0000] {processor.py:183} INFO - Processing /home/airflow/.local/lib/python3.12/site-packages/airflow/example_dags/example_branch_operator.py took 0.070 seconds
[2024-04-09T08:32:08.976+0000] {processor.py:161} INFO - Started process (PID=934) to work on /home/airflow/.local/lib/python3.12/site-packages/airflow/example_dags/example_branch_operator.py
[2024-04-09T08:32:08.977+0000] {processor.py:830} INFO - Processing file /home/airflow/.local/lib/python3.12/site-packages/airflow/example_dags/example_branch_operator.py for tasks to queue
[2024-04-09T08:32:08.978+0000] {logging_mixin.py:188} INFO - [2024-04-09T08:32:08.978+0000] {dagbag.py:540} INFO - Filling up the DagBag from /home/airflow/.local/lib/python3.12/site-packages/airflow/example_dags/example_branch_operator.py
[2024-04-09T08:32:08.987+0000] {processor.py:840} INFO - DAG(s) 'example_branch_operator' retrieved from /home/airflow/.local/lib/python3.12/site-packages/airflow/example_dags/example_branch_operator.py
[2024-04-09T08:32:09.007+0000] {logging_mixin.py:188} INFO - [2024-04-09T08:32:09.007+0000] {dag.py:3096} INFO - Sync 1 DAGs
[2024-04-09T08:32:09.023+0000] {logging_mixin.py:188} INFO - [2024-04-09T08:32:09.022+0000] {dag.py:3954} INFO - Setting next_dagrun for example_branch_operator to 2024-04-08 00:00:00+00:00, run_after=2024-04-09 00:00:00+00:00
[2024-04-09T08:32:09.035+0000] {processor.py:183} INFO - Processing /home/airflow/.local/lib/python3.12/site-packages/airflow/example_dags/example_branch_operator.py took 0.061 seconds
[2024-04-09T08:32:39.316+0000] {processor.py:161} INFO - Started process (PID=992) to work on /home/airflow/.local/lib/python3.12/site-packages/airflow/example_dags/example_branch_operator.py
[2024-04-09T08:32:39.316+0000] {processor.py:830} INFO - Processing file /home/airflow/.local/lib/python3.12/site-packages/airflow/example_dags/example_branch_operator.py for tasks to queue
[2024-04-09T08:32:39.317+0000] {logging_mixin.py:188} INFO - [2024-04-09T08:32:39.317+0000] {dagbag.py:540} INFO - Filling up the DagBag from /home/airflow/.local/lib/python3.12/site-packages/airflow/example_dags/example_branch_operator.py
[2024-04-09T08:32:39.327+0000] {processor.py:840} INFO - DAG(s) 'example_branch_operator' retrieved from /home/airflow/.local/lib/python3.12/site-packages/airflow/example_dags/example_branch_operator.py
[2024-04-09T08:32:39.346+0000] {logging_mixin.py:188} INFO - [2024-04-09T08:32:39.345+0000] {dag.py:3096} INFO - Sync 1 DAGs
[2024-04-09T08:32:39.466+0000] {logging_mixin.py:188} INFO - [2024-04-09T08:32:39.466+0000] {dag.py:3954} INFO - Setting next_dagrun for example_branch_operator to 2024-04-08 00:00:00+00:00, run_after=2024-04-09 00:00:00+00:00
[2024-04-09T08:32:39.477+0000] {processor.py:183} INFO - Processing /home/airflow/.local/lib/python3.12/site-packages/airflow/example_dags/example_branch_operator.py took 0.164 seconds
[2024-04-09T08:33:10.367+0000] {processor.py:161} INFO - Started process (PID=1050) to work on /home/airflow/.local/lib/python3.12/site-packages/airflow/example_dags/example_branch_operator.py
[2024-04-09T08:33:10.368+0000] {processor.py:830} INFO - Processing file /home/airflow/.local/lib/python3.12/site-packages/airflow/example_dags/example_branch_operator.py for tasks to queue
[2024-04-09T08:33:10.369+0000] {logging_mixin.py:188} INFO - [2024-04-09T08:33:10.369+0000] {dagbag.py:540} INFO - Filling up the DagBag from /home/airflow/.local/lib/python3.12/site-packages/airflow/example_dags/example_branch_operator.py
[2024-04-09T08:33:10.379+0000] {processor.py:840} INFO - DAG(s) 'example_branch_operator' retrieved from /home/airflow/.local/lib/python3.12/site-packages/airflow/example_dags/example_branch_operator.py
[2024-04-09T08:33:10.397+0000] {logging_mixin.py:188} INFO - [2024-04-09T08:33:10.397+0000] {dag.py:3096} INFO - Sync 1 DAGs
[2024-04-09T08:33:10.563+0000] {logging_mixin.py:188} INFO - [2024-04-09T08:33:10.563+0000] {dag.py:3954} INFO - Setting next_dagrun for example_branch_operator to 2024-04-08 00:00:00+00:00, run_after=2024-04-09 00:00:00+00:00
[2024-04-09T08:33:10.577+0000] {processor.py:183} INFO - Processing /home/airflow/.local/lib/python3.12/site-packages/airflow/example_dags/example_branch_operator.py took 0.213 seconds
[2024-04-09T08:33:41.383+0000] {processor.py:161} INFO - Started process (PID=1108) to work on /home/airflow/.local/lib/python3.12/site-packages/airflow/example_dags/example_branch_operator.py
[2024-04-09T08:33:41.383+0000] {processor.py:830} INFO - Processing file /home/airflow/.local/lib/python3.12/site-packages/airflow/example_dags/example_branch_operator.py for tasks to queue
[2024-04-09T08:33:41.384+0000] {logging_mixin.py:188} INFO - [2024-04-09T08:33:41.384+0000] {dagbag.py:540} INFO - Filling up the DagBag from /home/airflow/.local/lib/python3.12/site-packages/airflow/example_dags/example_branch_operator.py
[2024-04-09T08:33:41.394+0000] {processor.py:840} INFO - DAG(s) 'example_branch_operator' retrieved from /home/airflow/.local/lib/python3.12/site-packages/airflow/example_dags/example_branch_operator.py
[2024-04-09T08:33:41.411+0000] {logging_mixin.py:188} INFO - [2024-04-09T08:33:41.411+0000] {dag.py:3096} INFO - Sync 1 DAGs
[2024-04-09T08:33:41.425+0000] {logging_mixin.py:188} INFO - [2024-04-09T08:33:41.424+0000] {dag.py:3954} INFO - Setting next_dagrun for example_branch_operator to 2024-04-08 00:00:00+00:00, run_after=2024-04-09 00:00:00+00:00
[2024-04-09T08:33:41.554+0000] {processor.py:183} INFO - Processing /home/airflow/.local/lib/python3.12/site-packages/airflow/example_dags/example_branch_operator.py took 0.174 seconds
[2024-04-09T08:34:12.123+0000] {processor.py:161} INFO - Started process (PID=1166) to work on /home/airflow/.local/lib/python3.12/site-packages/airflow/example_dags/example_branch_operator.py
[2024-04-09T08:34:12.123+0000] {processor.py:830} INFO - Processing file /home/airflow/.local/lib/python3.12/site-packages/airflow/example_dags/example_branch_operator.py for tasks to queue
[2024-04-09T08:34:12.124+0000] {logging_mixin.py:188} INFO - [2024-04-09T08:34:12.124+0000] {dagbag.py:540} INFO - Filling up the DagBag from /home/airflow/.local/lib/python3.12/site-packages/airflow/example_dags/example_branch_operator.py
[2024-04-09T08:34:12.135+0000] {processor.py:840} INFO - DAG(s) 'example_branch_operator' retrieved from /home/airflow/.local/lib/python3.12/site-packages/airflow/example_dags/example_branch_operator.py
[2024-04-09T08:34:12.155+0000] {logging_mixin.py:188} INFO - [2024-04-09T08:34:12.155+0000] {dag.py:3096} INFO - Sync 1 DAGs
[2024-04-09T08:34:12.169+0000] {logging_mixin.py:188} INFO - [2024-04-09T08:34:12.169+0000] {dag.py:3954} INFO - Setting next_dagrun for example_branch_operator to 2024-04-08 00:00:00+00:00, run_after=2024-04-09 00:00:00+00:00
[2024-04-09T08:34:12.180+0000] {processor.py:183} INFO - Processing /home/airflow/.local/lib/python3.12/site-packages/airflow/example_dags/example_branch_operator.py took 0.060 seconds
[2024-04-09T08:34:43.136+0000] {processor.py:161} INFO - Started process (PID=1224) to work on /home/airflow/.local/lib/python3.12/site-packages/airflow/example_dags/example_branch_operator.py
[2024-04-09T08:34:43.137+0000] {processor.py:830} INFO - Processing file /home/airflow/.local/lib/python3.12/site-packages/airflow/example_dags/example_branch_operator.py for tasks to queue
[2024-04-09T08:34:43.138+0000] {logging_mixin.py:188} INFO - [2024-04-09T08:34:43.138+0000] {dagbag.py:540} INFO - Filling up the DagBag from /home/airflow/.local/lib/python3.12/site-packages/airflow/example_dags/example_branch_operator.py
[2024-04-09T08:34:43.153+0000] {processor.py:840} INFO - DAG(s) 'example_branch_operator' retrieved from /home/airflow/.local/lib/python3.12/site-packages/airflow/example_dags/example_branch_operator.py
[2024-04-09T08:34:43.180+0000] {logging_mixin.py:188} INFO - [2024-04-09T08:34:43.179+0000] {dag.py:3096} INFO - Sync 1 DAGs
[2024-04-09T08:34:43.196+0000] {logging_mixin.py:188} INFO - [2024-04-09T08:34:43.196+0000] {dag.py:3954} INFO - Setting next_dagrun for example_branch_operator to 2024-04-08 00:00:00+00:00, run_after=2024-04-09 00:00:00+00:00
[2024-04-09T08:34:43.209+0000] {processor.py:183} INFO - Processing /home/airflow/.local/lib/python3.12/site-packages/airflow/example_dags/example_branch_operator.py took 0.078 seconds
[2024-04-09T08:35:13.302+0000] {processor.py:161} INFO - Started process (PID=1282) to work on /home/airflow/.local/lib/python3.12/site-packages/airflow/example_dags/example_branch_operator.py
[2024-04-09T08:35:13.303+0000] {processor.py:830} INFO - Processing file /home/airflow/.local/lib/python3.12/site-packages/airflow/example_dags/example_branch_operator.py for tasks to queue
[2024-04-09T08:35:13.304+0000] {logging_mixin.py:188} INFO - [2024-04-09T08:35:13.304+0000] {dagbag.py:540} INFO - Filling up the DagBag from /home/airflow/.local/lib/python3.12/site-packages/airflow/example_dags/example_branch_operator.py
[2024-04-09T08:35:13.314+0000] {processor.py:840} INFO - DAG(s) 'example_branch_operator' retrieved from /home/airflow/.local/lib/python3.12/site-packages/airflow/example_dags/example_branch_operator.py
[2024-04-09T08:35:13.331+0000] {logging_mixin.py:188} INFO - [2024-04-09T08:35:13.331+0000] {dag.py:3096} INFO - Sync 1 DAGs
[2024-04-09T08:35:13.345+0000] {logging_mixin.py:188} INFO - [2024-04-09T08:35:13.345+0000] {dag.py:3954} INFO - Setting next_dagrun for example_branch_operator to 2024-04-08 00:00:00+00:00, run_after=2024-04-09 00:00:00+00:00
[2024-04-09T08:35:13.359+0000] {processor.py:183} INFO - Processing /home/airflow/.local/lib/python3.12/site-packages/airflow/example_dags/example_branch_operator.py took 0.060 seconds
[2024-04-09T08:35:44.329+0000] {processor.py:161} INFO - Started process (PID=1340) to work on /home/airflow/.local/lib/python3.12/site-packages/airflow/example_dags/example_branch_operator.py
[2024-04-09T08:35:44.329+0000] {processor.py:830} INFO - Processing file /home/airflow/.local/lib/python3.12/site-packages/airflow/example_dags/example_branch_operator.py for tasks to queue
[2024-04-09T08:35:44.330+0000] {logging_mixin.py:188} INFO - [2024-04-09T08:35:44.330+0000] {dagbag.py:540} INFO - Filling up the DagBag from /home/airflow/.local/lib/python3.12/site-packages/airflow/example_dags/example_branch_operator.py
[2024-04-09T08:35:44.339+0000] {processor.py:840} INFO - DAG(s) 'example_branch_operator' retrieved from /home/airflow/.local/lib/python3.12/site-packages/airflow/example_dags/example_branch_operator.py
[2024-04-09T08:35:44.356+0000] {logging_mixin.py:188} INFO - [2024-04-09T08:35:44.355+0000] {dag.py:3096} INFO - Sync 1 DAGs
[2024-04-09T08:35:44.368+0000] {logging_mixin.py:188} INFO - [2024-04-09T08:35:44.368+0000] {dag.py:3954} INFO - Setting next_dagrun for example_branch_operator to 2024-04-08 00:00:00+00:00, run_after=2024-04-09 00:00:00+00:00
[2024-04-09T08:35:44.380+0000] {processor.py:183} INFO - Processing /home/airflow/.local/lib/python3.12/site-packages/airflow/example_dags/example_branch_operator.py took 0.053 seconds
[2024-04-09T08:36:15.139+0000] {processor.py:161} INFO - Started process (PID=1398) to work on /home/airflow/.local/lib/python3.12/site-packages/airflow/example_dags/example_branch_operator.py
[2024-04-09T08:36:15.139+0000] {processor.py:830} INFO - Processing file /home/airflow/.local/lib/python3.12/site-packages/airflow/example_dags/example_branch_operator.py for tasks to queue
[2024-04-09T08:36:15.140+0000] {logging_mixin.py:188} INFO - [2024-04-09T08:36:15.140+0000] {dagbag.py:540} INFO - Filling up the DagBag from /home/airflow/.local/lib/python3.12/site-packages/airflow/example_dags/example_branch_operator.py
[2024-04-09T08:36:15.150+0000] {processor.py:840} INFO - DAG(s) 'example_branch_operator' retrieved from /home/airflow/.local/lib/python3.12/site-packages/airflow/example_dags/example_branch_operator.py
[2024-04-09T08:36:15.167+0000] {logging_mixin.py:188} INFO - [2024-04-09T08:36:15.167+0000] {dag.py:3096} INFO - Sync 1 DAGs
[2024-04-09T08:36:15.181+0000] {logging_mixin.py:188} INFO - [2024-04-09T08:36:15.181+0000] {dag.py:3954} INFO - Setting next_dagrun for example_branch_operator to 2024-04-08 00:00:00+00:00, run_after=2024-04-09 00:00:00+00:00
[2024-04-09T08:36:15.193+0000] {processor.py:183} INFO - Processing /home/airflow/.local/lib/python3.12/site-packages/airflow/example_dags/example_branch_operator.py took 0.057 seconds
[2024-04-09T08:36:45.696+0000] {processor.py:161} INFO - Started process (PID=1456) to work on /home/airflow/.local/lib/python3.12/site-packages/airflow/example_dags/example_branch_operator.py
[2024-04-09T08:36:45.697+0000] {processor.py:830} INFO - Processing file /home/airflow/.local/lib/python3.12/site-packages/airflow/example_dags/example_branch_operator.py for tasks to queue
[2024-04-09T08:36:45.698+0000] {logging_mixin.py:188} INFO - [2024-04-09T08:36:45.697+0000] {dagbag.py:540} INFO - Filling up the DagBag from /home/airflow/.local/lib/python3.12/site-packages/airflow/example_dags/example_branch_operator.py
[2024-04-09T08:36:45.707+0000] {processor.py:840} INFO - DAG(s) 'example_branch_operator' retrieved from /home/airflow/.local/lib/python3.12/site-packages/airflow/example_dags/example_branch_operator.py
[2024-04-09T08:36:45.724+0000] {logging_mixin.py:188} INFO - [2024-04-09T08:36:45.724+0000] {dag.py:3096} INFO - Sync 1 DAGs
[2024-04-09T08:36:45.737+0000] {logging_mixin.py:188} INFO - [2024-04-09T08:36:45.737+0000] {dag.py:3954} INFO - Setting next_dagrun for example_branch_operator to 2024-04-08 00:00:00+00:00, run_after=2024-04-09 00:00:00+00:00
[2024-04-09T08:36:45.750+0000] {processor.py:183} INFO - Processing /home/airflow/.local/lib/python3.12/site-packages/airflow/example_dags/example_branch_operator.py took 0.057 seconds
[2024-04-09T08:37:16.311+0000] {processor.py:161} INFO - Started process (PID=1514) to work on /home/airflow/.local/lib/python3.12/site-packages/airflow/example_dags/example_branch_operator.py
[2024-04-09T08:37:16.312+0000] {processor.py:830} INFO - Processing file /home/airflow/.local/lib/python3.12/site-packages/airflow/example_dags/example_branch_operator.py for tasks to queue
[2024-04-09T08:37:16.313+0000] {logging_mixin.py:188} INFO - [2024-04-09T08:37:16.313+0000] {dagbag.py:540} INFO - Filling up the DagBag from /home/airflow/.local/lib/python3.12/site-packages/airflow/example_dags/example_branch_operator.py
[2024-04-09T08:37:16.323+0000] {processor.py:840} INFO - DAG(s) 'example_branch_operator' retrieved from /home/airflow/.local/lib/python3.12/site-packages/airflow/example_dags/example_branch_operator.py
[2024-04-09T08:37:16.339+0000] {logging_mixin.py:188} INFO - [2024-04-09T08:37:16.339+0000] {dag.py:3096} INFO - Sync 1 DAGs
[2024-04-09T08:37:16.352+0000] {logging_mixin.py:188} INFO - [2024-04-09T08:37:16.352+0000] {dag.py:3954} INFO - Setting next_dagrun for example_branch_operator to 2024-04-08 00:00:00+00:00, run_after=2024-04-09 00:00:00+00:00
[2024-04-09T08:37:16.365+0000] {processor.py:183} INFO - Processing /home/airflow/.local/lib/python3.12/site-packages/airflow/example_dags/example_branch_operator.py took 0.057 seconds
[2024-04-09T08:37:46.868+0000] {processor.py:161} INFO - Started process (PID=1572) to work on /home/airflow/.local/lib/python3.12/site-packages/airflow/example_dags/example_branch_operator.py
[2024-04-09T08:37:46.869+0000] {processor.py:830} INFO - Processing file /home/airflow/.local/lib/python3.12/site-packages/airflow/example_dags/example_branch_operator.py for tasks to queue
[2024-04-09T08:37:46.870+0000] {logging_mixin.py:188} INFO - [2024-04-09T08:37:46.869+0000] {dagbag.py:540} INFO - Filling up the DagBag from /home/airflow/.local/lib/python3.12/site-packages/airflow/example_dags/example_branch_operator.py
[2024-04-09T08:37:46.879+0000] {processor.py:840} INFO - DAG(s) 'example_branch_operator' retrieved from /home/airflow/.local/lib/python3.12/site-packages/airflow/example_dags/example_branch_operator.py
[2024-04-09T08:37:46.895+0000] {logging_mixin.py:188} INFO - [2024-04-09T08:37:46.894+0000] {dag.py:3096} INFO - Sync 1 DAGs
[2024-04-09T08:37:46.907+0000] {logging_mixin.py:188} INFO - [2024-04-09T08:37:46.907+0000] {dag.py:3954} INFO - Setting next_dagrun for example_branch_operator to 2024-04-08 00:00:00+00:00, run_after=2024-04-09 00:00:00+00:00
[2024-04-09T08:37:46.917+0000] {processor.py:183} INFO - Processing /home/airflow/.local/lib/python3.12/site-packages/airflow/example_dags/example_branch_operator.py took 0.052 seconds
[2024-04-09T08:38:17.468+0000] {processor.py:161} INFO - Started process (PID=1630) to work on /home/airflow/.local/lib/python3.12/site-packages/airflow/example_dags/example_branch_operator.py
[2024-04-09T08:38:17.469+0000] {processor.py:830} INFO - Processing file /home/airflow/.local/lib/python3.12/site-packages/airflow/example_dags/example_branch_operator.py for tasks to queue
[2024-04-09T08:38:17.470+0000] {logging_mixin.py:188} INFO - [2024-04-09T08:38:17.469+0000] {dagbag.py:540} INFO - Filling up the DagBag from /home/airflow/.local/lib/python3.12/site-packages/airflow/example_dags/example_branch_operator.py
[2024-04-09T08:38:17.483+0000] {processor.py:840} INFO - DAG(s) 'example_branch_operator' retrieved from /home/airflow/.local/lib/python3.12/site-packages/airflow/example_dags/example_branch_operator.py
[2024-04-09T08:38:17.502+0000] {logging_mixin.py:188} INFO - [2024-04-09T08:38:17.501+0000] {dag.py:3096} INFO - Sync 1 DAGs
[2024-04-09T08:38:17.517+0000] {logging_mixin.py:188} INFO - [2024-04-09T08:38:17.517+0000] {dag.py:3954} INFO - Setting next_dagrun for example_branch_operator to 2024-04-08 00:00:00+00:00, run_after=2024-04-09 00:00:00+00:00
[2024-04-09T08:38:17.530+0000] {processor.py:183} INFO - Processing /home/airflow/.local/lib/python3.12/site-packages/airflow/example_dags/example_branch_operator.py took 0.065 seconds
[2024-04-09T08:38:48.190+0000] {processor.py:161} INFO - Started process (PID=1694) to work on /home/airflow/.local/lib/python3.12/site-packages/airflow/example_dags/example_branch_operator.py
[2024-04-09T08:38:48.191+0000] {processor.py:830} INFO - Processing file /home/airflow/.local/lib/python3.12/site-packages/airflow/example_dags/example_branch_operator.py for tasks to queue
[2024-04-09T08:38:48.192+0000] {logging_mixin.py:188} INFO - [2024-04-09T08:38:48.191+0000] {dagbag.py:540} INFO - Filling up the DagBag from /home/airflow/.local/lib/python3.12/site-packages/airflow/example_dags/example_branch_operator.py
[2024-04-09T08:38:48.201+0000] {processor.py:840} INFO - DAG(s) 'example_branch_operator' retrieved from /home/airflow/.local/lib/python3.12/site-packages/airflow/example_dags/example_branch_operator.py
[2024-04-09T08:38:48.217+0000] {logging_mixin.py:188} INFO - [2024-04-09T08:38:48.217+0000] {dag.py:3096} INFO - Sync 1 DAGs
[2024-04-09T08:38:48.230+0000] {logging_mixin.py:188} INFO - [2024-04-09T08:38:48.230+0000] {dag.py:3954} INFO - Setting next_dagrun for example_branch_operator to 2024-04-08 00:00:00+00:00, run_after=2024-04-09 00:00:00+00:00
[2024-04-09T08:38:48.242+0000] {processor.py:183} INFO - Processing /home/airflow/.local/lib/python3.12/site-packages/airflow/example_dags/example_branch_operator.py took 0.055 seconds
[2024-04-09T08:39:18.852+0000] {processor.py:161} INFO - Started process (PID=1752) to work on /home/airflow/.local/lib/python3.12/site-packages/airflow/example_dags/example_branch_operator.py
[2024-04-09T08:39:18.853+0000] {processor.py:830} INFO - Processing file /home/airflow/.local/lib/python3.12/site-packages/airflow/example_dags/example_branch_operator.py for tasks to queue
[2024-04-09T08:39:18.854+0000] {logging_mixin.py:188} INFO - [2024-04-09T08:39:18.854+0000] {dagbag.py:540} INFO - Filling up the DagBag from /home/airflow/.local/lib/python3.12/site-packages/airflow/example_dags/example_branch_operator.py
[2024-04-09T08:39:18.864+0000] {processor.py:840} INFO - DAG(s) 'example_branch_operator' retrieved from /home/airflow/.local/lib/python3.12/site-packages/airflow/example_dags/example_branch_operator.py
[2024-04-09T08:39:18.880+0000] {logging_mixin.py:188} INFO - [2024-04-09T08:39:18.880+0000] {dag.py:3096} INFO - Sync 1 DAGs
[2024-04-09T08:39:18.893+0000] {logging_mixin.py:188} INFO - [2024-04-09T08:39:18.893+0000] {dag.py:3954} INFO - Setting next_dagrun for example_branch_operator to 2024-04-08 00:00:00+00:00, run_after=2024-04-09 00:00:00+00:00
[2024-04-09T08:39:18.907+0000] {processor.py:183} INFO - Processing /home/airflow/.local/lib/python3.12/site-packages/airflow/example_dags/example_branch_operator.py took 0.057 seconds
[2024-04-09T08:39:49.562+0000] {processor.py:161} INFO - Started process (PID=1810) to work on /home/airflow/.local/lib/python3.12/site-packages/airflow/example_dags/example_branch_operator.py
[2024-04-09T08:39:49.562+0000] {processor.py:830} INFO - Processing file /home/airflow/.local/lib/python3.12/site-packages/airflow/example_dags/example_branch_operator.py for tasks to queue
[2024-04-09T08:39:49.563+0000] {logging_mixin.py:188} INFO - [2024-04-09T08:39:49.563+0000] {dagbag.py:540} INFO - Filling up the DagBag from /home/airflow/.local/lib/python3.12/site-packages/airflow/example_dags/example_branch_operator.py
[2024-04-09T08:39:49.572+0000] {processor.py:840} INFO - DAG(s) 'example_branch_operator' retrieved from /home/airflow/.local/lib/python3.12/site-packages/airflow/example_dags/example_branch_operator.py
[2024-04-09T08:39:49.588+0000] {logging_mixin.py:188} INFO - [2024-04-09T08:39:49.588+0000] {dag.py:3096} INFO - Sync 1 DAGs
[2024-04-09T08:39:49.600+0000] {logging_mixin.py:188} INFO - [2024-04-09T08:39:49.600+0000] {dag.py:3954} INFO - Setting next_dagrun for example_branch_operator to 2024-04-08 00:00:00+00:00, run_after=2024-04-09 00:00:00+00:00
[2024-04-09T08:39:49.613+0000] {processor.py:183} INFO - Processing /home/airflow/.local/lib/python3.12/site-packages/airflow/example_dags/example_branch_operator.py took 0.055 seconds
[2024-04-09T08:40:20.245+0000] {processor.py:161} INFO - Started process (PID=1868) to work on /home/airflow/.local/lib/python3.12/site-packages/airflow/example_dags/example_branch_operator.py
[2024-04-09T08:40:20.245+0000] {processor.py:830} INFO - Processing file /home/airflow/.local/lib/python3.12/site-packages/airflow/example_dags/example_branch_operator.py for tasks to queue
[2024-04-09T08:40:20.246+0000] {logging_mixin.py:188} INFO - [2024-04-09T08:40:20.246+0000] {dagbag.py:540} INFO - Filling up the DagBag from /home/airflow/.local/lib/python3.12/site-packages/airflow/example_dags/example_branch_operator.py
[2024-04-09T08:40:20.255+0000] {processor.py:840} INFO - DAG(s) 'example_branch_operator' retrieved from /home/airflow/.local/lib/python3.12/site-packages/airflow/example_dags/example_branch_operator.py
[2024-04-09T08:40:20.271+0000] {logging_mixin.py:188} INFO - [2024-04-09T08:40:20.271+0000] {dag.py:3096} INFO - Sync 1 DAGs
[2024-04-09T08:40:20.285+0000] {logging_mixin.py:188} INFO - [2024-04-09T08:40:20.284+0000] {dag.py:3954} INFO - Setting next_dagrun for example_branch_operator to 2024-04-08 00:00:00+00:00, run_after=2024-04-09 00:00:00+00:00
[2024-04-09T08:40:20.295+0000] {processor.py:183} INFO - Processing /home/airflow/.local/lib/python3.12/site-packages/airflow/example_dags/example_branch_operator.py took 0.053 seconds
[2024-04-09T08:40:50.860+0000] {processor.py:161} INFO - Started process (PID=1926) to work on /home/airflow/.local/lib/python3.12/site-packages/airflow/example_dags/example_branch_operator.py
[2024-04-09T08:40:50.860+0000] {processor.py:830} INFO - Processing file /home/airflow/.local/lib/python3.12/site-packages/airflow/example_dags/example_branch_operator.py for tasks to queue
[2024-04-09T08:40:50.861+0000] {logging_mixin.py:188} INFO - [2024-04-09T08:40:50.861+0000] {dagbag.py:540} INFO - Filling up the DagBag from /home/airflow/.local/lib/python3.12/site-packages/airflow/example_dags/example_branch_operator.py
[2024-04-09T08:40:50.871+0000] {processor.py:840} INFO - DAG(s) 'example_branch_operator' retrieved from /home/airflow/.local/lib/python3.12/site-packages/airflow/example_dags/example_branch_operator.py
[2024-04-09T08:40:50.887+0000] {logging_mixin.py:188} INFO - [2024-04-09T08:40:50.887+0000] {dag.py:3096} INFO - Sync 1 DAGs
[2024-04-09T08:40:50.900+0000] {logging_mixin.py:188} INFO - [2024-04-09T08:40:50.900+0000] {dag.py:3954} INFO - Setting next_dagrun for example_branch_operator to 2024-04-08 00:00:00+00:00, run_after=2024-04-09 00:00:00+00:00
[2024-04-09T08:40:50.912+0000] {processor.py:183} INFO - Processing /home/airflow/.local/lib/python3.12/site-packages/airflow/example_dags/example_branch_operator.py took 0.055 seconds
[2024-04-09T08:41:21.625+0000] {processor.py:161} INFO - Started process (PID=1984) to work on /home/airflow/.local/lib/python3.12/site-packages/airflow/example_dags/example_branch_operator.py
[2024-04-09T08:41:21.625+0000] {processor.py:830} INFO - Processing file /home/airflow/.local/lib/python3.12/site-packages/airflow/example_dags/example_branch_operator.py for tasks to queue
[2024-04-09T08:41:21.626+0000] {logging_mixin.py:188} INFO - [2024-04-09T08:41:21.626+0000] {dagbag.py:540} INFO - Filling up the DagBag from /home/airflow/.local/lib/python3.12/site-packages/airflow/example_dags/example_branch_operator.py
[2024-04-09T08:41:21.635+0000] {processor.py:840} INFO - DAG(s) 'example_branch_operator' retrieved from /home/airflow/.local/lib/python3.12/site-packages/airflow/example_dags/example_branch_operator.py
[2024-04-09T08:41:21.651+0000] {logging_mixin.py:188} INFO - [2024-04-09T08:41:21.651+0000] {dag.py:3096} INFO - Sync 1 DAGs
[2024-04-09T08:41:21.664+0000] {logging_mixin.py:188} INFO - [2024-04-09T08:41:21.664+0000] {dag.py:3954} INFO - Setting next_dagrun for example_branch_operator to 2024-04-08 00:00:00+00:00, run_after=2024-04-09 00:00:00+00:00
[2024-04-09T08:41:21.675+0000] {processor.py:183} INFO - Processing /home/airflow/.local/lib/python3.12/site-packages/airflow/example_dags/example_branch_operator.py took 0.053 seconds
[2024-04-09T08:41:52.243+0000] {processor.py:161} INFO - Started process (PID=2042) to work on /home/airflow/.local/lib/python3.12/site-packages/airflow/example_dags/example_branch_operator.py
[2024-04-09T08:41:52.244+0000] {processor.py:830} INFO - Processing file /home/airflow/.local/lib/python3.12/site-packages/airflow/example_dags/example_branch_operator.py for tasks to queue
[2024-04-09T08:41:52.245+0000] {logging_mixin.py:188} INFO - [2024-04-09T08:41:52.244+0000] {dagbag.py:540} INFO - Filling up the DagBag from /home/airflow/.local/lib/python3.12/site-packages/airflow/example_dags/example_branch_operator.py
[2024-04-09T08:41:52.254+0000] {processor.py:840} INFO - DAG(s) 'example_branch_operator' retrieved from /home/airflow/.local/lib/python3.12/site-packages/airflow/example_dags/example_branch_operator.py
[2024-04-09T08:41:52.270+0000] {logging_mixin.py:188} INFO - [2024-04-09T08:41:52.269+0000] {dag.py:3096} INFO - Sync 1 DAGs
[2024-04-09T08:41:52.283+0000] {logging_mixin.py:188} INFO - [2024-04-09T08:41:52.282+0000] {dag.py:3954} INFO - Setting next_dagrun for example_branch_operator to 2024-04-08 00:00:00+00:00, run_after=2024-04-09 00:00:00+00:00
[2024-04-09T08:41:52.300+0000] {processor.py:183} INFO - Processing /home/airflow/.local/lib/python3.12/site-packages/airflow/example_dags/example_branch_operator.py took 0.060 seconds
[2024-04-09T08:42:22.879+0000] {processor.py:161} INFO - Started process (PID=2100) to work on /home/airflow/.local/lib/python3.12/site-packages/airflow/example_dags/example_branch_operator.py
[2024-04-09T08:42:22.880+0000] {processor.py:830} INFO - Processing file /home/airflow/.local/lib/python3.12/site-packages/airflow/example_dags/example_branch_operator.py for tasks to queue
[2024-04-09T08:42:22.881+0000] {logging_mixin.py:188} INFO - [2024-04-09T08:42:22.880+0000] {dagbag.py:540} INFO - Filling up the DagBag from /home/airflow/.local/lib/python3.12/site-packages/airflow/example_dags/example_branch_operator.py
[2024-04-09T08:42:22.889+0000] {processor.py:840} INFO - DAG(s) 'example_branch_operator' retrieved from /home/airflow/.local/lib/python3.12/site-packages/airflow/example_dags/example_branch_operator.py
[2024-04-09T08:42:22.905+0000] {logging_mixin.py:188} INFO - [2024-04-09T08:42:22.905+0000] {dag.py:3096} INFO - Sync 1 DAGs
[2024-04-09T08:42:22.918+0000] {logging_mixin.py:188} INFO - [2024-04-09T08:42:22.918+0000] {dag.py:3954} INFO - Setting next_dagrun for example_branch_operator to 2024-04-08 00:00:00+00:00, run_after=2024-04-09 00:00:00+00:00
[2024-04-09T08:42:22.940+0000] {processor.py:183} INFO - Processing /home/airflow/.local/lib/python3.12/site-packages/airflow/example_dags/example_branch_operator.py took 0.064 seconds
[2024-04-09T08:42:53.613+0000] {processor.py:161} INFO - Started process (PID=2158) to work on /home/airflow/.local/lib/python3.12/site-packages/airflow/example_dags/example_branch_operator.py
[2024-04-09T08:42:53.614+0000] {processor.py:830} INFO - Processing file /home/airflow/.local/lib/python3.12/site-packages/airflow/example_dags/example_branch_operator.py for tasks to queue
[2024-04-09T08:42:53.615+0000] {logging_mixin.py:188} INFO - [2024-04-09T08:42:53.615+0000] {dagbag.py:540} INFO - Filling up the DagBag from /home/airflow/.local/lib/python3.12/site-packages/airflow/example_dags/example_branch_operator.py
[2024-04-09T08:42:53.625+0000] {processor.py:840} INFO - DAG(s) 'example_branch_operator' retrieved from /home/airflow/.local/lib/python3.12/site-packages/airflow/example_dags/example_branch_operator.py
[2024-04-09T08:42:53.641+0000] {logging_mixin.py:188} INFO - [2024-04-09T08:42:53.641+0000] {dag.py:3096} INFO - Sync 1 DAGs
[2024-04-09T08:42:53.654+0000] {logging_mixin.py:188} INFO - [2024-04-09T08:42:53.654+0000] {dag.py:3954} INFO - Setting next_dagrun for example_branch_operator to 2024-04-08 00:00:00+00:00, run_after=2024-04-09 00:00:00+00:00
[2024-04-09T08:42:53.667+0000] {processor.py:183} INFO - Processing /home/airflow/.local/lib/python3.12/site-packages/airflow/example_dags/example_branch_operator.py took 0.057 seconds
[2024-04-09T08:43:24.275+0000] {processor.py:161} INFO - Started process (PID=2216) to work on /home/airflow/.local/lib/python3.12/site-packages/airflow/example_dags/example_branch_operator.py
[2024-04-09T08:43:24.276+0000] {processor.py:830} INFO - Processing file /home/airflow/.local/lib/python3.12/site-packages/airflow/example_dags/example_branch_operator.py for tasks to queue
[2024-04-09T08:43:24.277+0000] {logging_mixin.py:188} INFO - [2024-04-09T08:43:24.277+0000] {dagbag.py:540} INFO - Filling up the DagBag from /home/airflow/.local/lib/python3.12/site-packages/airflow/example_dags/example_branch_operator.py
[2024-04-09T08:43:24.286+0000] {processor.py:840} INFO - DAG(s) 'example_branch_operator' retrieved from /home/airflow/.local/lib/python3.12/site-packages/airflow/example_dags/example_branch_operator.py
[2024-04-09T08:43:24.301+0000] {logging_mixin.py:188} INFO - [2024-04-09T08:43:24.301+0000] {dag.py:3096} INFO - Sync 1 DAGs
[2024-04-09T08:43:24.314+0000] {logging_mixin.py:188} INFO - [2024-04-09T08:43:24.314+0000] {dag.py:3954} INFO - Setting next_dagrun for example_branch_operator to 2024-04-08 00:00:00+00:00, run_after=2024-04-09 00:00:00+00:00
[2024-04-09T08:43:24.329+0000] {processor.py:183} INFO - Processing /home/airflow/.local/lib/python3.12/site-packages/airflow/example_dags/example_branch_operator.py took 0.057 seconds
[2024-04-09T08:43:54.948+0000] {processor.py:161} INFO - Started process (PID=2274) to work on /home/airflow/.local/lib/python3.12/site-packages/airflow/example_dags/example_branch_operator.py
[2024-04-09T08:43:54.949+0000] {processor.py:830} INFO - Processing file /home/airflow/.local/lib/python3.12/site-packages/airflow/example_dags/example_branch_operator.py for tasks to queue
[2024-04-09T08:43:54.950+0000] {logging_mixin.py:188} INFO - [2024-04-09T08:43:54.950+0000] {dagbag.py:540} INFO - Filling up the DagBag from /home/airflow/.local/lib/python3.12/site-packages/airflow/example_dags/example_branch_operator.py
[2024-04-09T08:43:54.959+0000] {processor.py:840} INFO - DAG(s) 'example_branch_operator' retrieved from /home/airflow/.local/lib/python3.12/site-packages/airflow/example_dags/example_branch_operator.py
[2024-04-09T08:43:54.975+0000] {logging_mixin.py:188} INFO - [2024-04-09T08:43:54.975+0000] {dag.py:3096} INFO - Sync 1 DAGs
[2024-04-09T08:43:54.989+0000] {logging_mixin.py:188} INFO - [2024-04-09T08:43:54.989+0000] {dag.py:3954} INFO - Setting next_dagrun for example_branch_operator to 2024-04-08 00:00:00+00:00, run_after=2024-04-09 00:00:00+00:00
[2024-04-09T08:43:55.001+0000] {processor.py:183} INFO - Processing /home/airflow/.local/lib/python3.12/site-packages/airflow/example_dags/example_branch_operator.py took 0.055 seconds
[2024-04-09T08:44:25.730+0000] {processor.py:161} INFO - Started process (PID=2332) to work on /home/airflow/.local/lib/python3.12/site-packages/airflow/example_dags/example_branch_operator.py
[2024-04-09T08:44:25.731+0000] {processor.py:830} INFO - Processing file /home/airflow/.local/lib/python3.12/site-packages/airflow/example_dags/example_branch_operator.py for tasks to queue
[2024-04-09T08:44:25.732+0000] {logging_mixin.py:188} INFO - [2024-04-09T08:44:25.732+0000] {dagbag.py:540} INFO - Filling up the DagBag from /home/airflow/.local/lib/python3.12/site-packages/airflow/example_dags/example_branch_operator.py
[2024-04-09T08:44:25.742+0000] {processor.py:840} INFO - DAG(s) 'example_branch_operator' retrieved from /home/airflow/.local/lib/python3.12/site-packages/airflow/example_dags/example_branch_operator.py
[2024-04-09T08:44:25.758+0000] {logging_mixin.py:188} INFO - [2024-04-09T08:44:25.757+0000] {dag.py:3096} INFO - Sync 1 DAGs
[2024-04-09T08:44:25.771+0000] {logging_mixin.py:188} INFO - [2024-04-09T08:44:25.770+0000] {dag.py:3954} INFO - Setting next_dagrun for example_branch_operator to 2024-04-08 00:00:00+00:00, run_after=2024-04-09 00:00:00+00:00
[2024-04-09T08:44:25.782+0000] {processor.py:183} INFO - Processing /home/airflow/.local/lib/python3.12/site-packages/airflow/example_dags/example_branch_operator.py took 0.055 seconds
[2024-04-09T08:44:56.450+0000] {processor.py:161} INFO - Started process (PID=2390) to work on /home/airflow/.local/lib/python3.12/site-packages/airflow/example_dags/example_branch_operator.py
[2024-04-09T08:44:56.451+0000] {processor.py:830} INFO - Processing file /home/airflow/.local/lib/python3.12/site-packages/airflow/example_dags/example_branch_operator.py for tasks to queue
[2024-04-09T08:44:56.452+0000] {logging_mixin.py:188} INFO - [2024-04-09T08:44:56.452+0000] {dagbag.py:540} INFO - Filling up the DagBag from /home/airflow/.local/lib/python3.12/site-packages/airflow/example_dags/example_branch_operator.py
[2024-04-09T08:44:56.470+0000] {processor.py:840} INFO - DAG(s) 'example_branch_operator' retrieved from /home/airflow/.local/lib/python3.12/site-packages/airflow/example_dags/example_branch_operator.py
[2024-04-09T08:44:56.492+0000] {logging_mixin.py:188} INFO - [2024-04-09T08:44:56.492+0000] {dag.py:3096} INFO - Sync 1 DAGs
[2024-04-09T08:44:56.513+0000] {logging_mixin.py:188} INFO - [2024-04-09T08:44:56.513+0000] {dag.py:3954} INFO - Setting next_dagrun for example_branch_operator to 2024-04-08 00:00:00+00:00, run_after=2024-04-09 00:00:00+00:00
[2024-04-09T08:44:56.529+0000] {processor.py:183} INFO - Processing /home/airflow/.local/lib/python3.12/site-packages/airflow/example_dags/example_branch_operator.py took 0.082 seconds
[2024-04-09T08:45:27.200+0000] {processor.py:161} INFO - Started process (PID=2448) to work on /home/airflow/.local/lib/python3.12/site-packages/airflow/example_dags/example_branch_operator.py
[2024-04-09T08:45:27.200+0000] {processor.py:830} INFO - Processing file /home/airflow/.local/lib/python3.12/site-packages/airflow/example_dags/example_branch_operator.py for tasks to queue
[2024-04-09T08:45:27.201+0000] {logging_mixin.py:188} INFO - [2024-04-09T08:45:27.201+0000] {dagbag.py:540} INFO - Filling up the DagBag from /home/airflow/.local/lib/python3.12/site-packages/airflow/example_dags/example_branch_operator.py
[2024-04-09T08:45:27.212+0000] {processor.py:840} INFO - DAG(s) 'example_branch_operator' retrieved from /home/airflow/.local/lib/python3.12/site-packages/airflow/example_dags/example_branch_operator.py
[2024-04-09T08:45:27.290+0000] {logging_mixin.py:188} INFO - [2024-04-09T08:45:27.289+0000] {dag.py:3096} INFO - Sync 1 DAGs
[2024-04-09T08:45:27.305+0000] {logging_mixin.py:188} INFO - [2024-04-09T08:45:27.305+0000] {dag.py:3954} INFO - Setting next_dagrun for example_branch_operator to 2024-04-08 00:00:00+00:00, run_after=2024-04-09 00:00:00+00:00
[2024-04-09T08:45:27.318+0000] {processor.py:183} INFO - Processing /home/airflow/.local/lib/python3.12/site-packages/airflow/example_dags/example_branch_operator.py took 0.122 seconds
[2024-04-09T08:45:57.856+0000] {processor.py:161} INFO - Started process (PID=2506) to work on /home/airflow/.local/lib/python3.12/site-packages/airflow/example_dags/example_branch_operator.py
[2024-04-09T08:45:57.857+0000] {processor.py:830} INFO - Processing file /home/airflow/.local/lib/python3.12/site-packages/airflow/example_dags/example_branch_operator.py for tasks to queue
[2024-04-09T08:45:57.857+0000] {logging_mixin.py:188} INFO - [2024-04-09T08:45:57.857+0000] {dagbag.py:540} INFO - Filling up the DagBag from /home/airflow/.local/lib/python3.12/site-packages/airflow/example_dags/example_branch_operator.py
[2024-04-09T08:45:57.866+0000] {processor.py:840} INFO - DAG(s) 'example_branch_operator' retrieved from /home/airflow/.local/lib/python3.12/site-packages/airflow/example_dags/example_branch_operator.py
[2024-04-09T08:45:57.883+0000] {logging_mixin.py:188} INFO - [2024-04-09T08:45:57.883+0000] {dag.py:3096} INFO - Sync 1 DAGs
[2024-04-09T08:45:57.895+0000] {logging_mixin.py:188} INFO - [2024-04-09T08:45:57.895+0000] {dag.py:3954} INFO - Setting next_dagrun for example_branch_operator to 2024-04-08 00:00:00+00:00, run_after=2024-04-09 00:00:00+00:00
[2024-04-09T08:45:57.909+0000] {processor.py:183} INFO - Processing /home/airflow/.local/lib/python3.12/site-packages/airflow/example_dags/example_branch_operator.py took 0.055 seconds
[2024-04-09T08:46:28.562+0000] {processor.py:161} INFO - Started process (PID=2564) to work on /home/airflow/.local/lib/python3.12/site-packages/airflow/example_dags/example_branch_operator.py
[2024-04-09T08:46:28.563+0000] {processor.py:830} INFO - Processing file /home/airflow/.local/lib/python3.12/site-packages/airflow/example_dags/example_branch_operator.py for tasks to queue
[2024-04-09T08:46:28.563+0000] {logging_mixin.py:188} INFO - [2024-04-09T08:46:28.563+0000] {dagbag.py:540} INFO - Filling up the DagBag from /home/airflow/.local/lib/python3.12/site-packages/airflow/example_dags/example_branch_operator.py
[2024-04-09T08:46:28.572+0000] {processor.py:840} INFO - DAG(s) 'example_branch_operator' retrieved from /home/airflow/.local/lib/python3.12/site-packages/airflow/example_dags/example_branch_operator.py
[2024-04-09T08:46:28.589+0000] {logging_mixin.py:188} INFO - [2024-04-09T08:46:28.588+0000] {dag.py:3096} INFO - Sync 1 DAGs
[2024-04-09T08:46:28.601+0000] {logging_mixin.py:188} INFO - [2024-04-09T08:46:28.601+0000] {dag.py:3954} INFO - Setting next_dagrun for example_branch_operator to 2024-04-08 00:00:00+00:00, run_after=2024-04-09 00:00:00+00:00
[2024-04-09T08:46:28.612+0000] {processor.py:183} INFO - Processing /home/airflow/.local/lib/python3.12/site-packages/airflow/example_dags/example_branch_operator.py took 0.053 seconds
[2024-04-09T08:46:59.161+0000] {processor.py:161} INFO - Started process (PID=2622) to work on /home/airflow/.local/lib/python3.12/site-packages/airflow/example_dags/example_branch_operator.py
[2024-04-09T08:46:59.162+0000] {processor.py:830} INFO - Processing file /home/airflow/.local/lib/python3.12/site-packages/airflow/example_dags/example_branch_operator.py for tasks to queue
[2024-04-09T08:46:59.163+0000] {logging_mixin.py:188} INFO - [2024-04-09T08:46:59.162+0000] {dagbag.py:540} INFO - Filling up the DagBag from /home/airflow/.local/lib/python3.12/site-packages/airflow/example_dags/example_branch_operator.py
[2024-04-09T08:46:59.172+0000] {processor.py:840} INFO - DAG(s) 'example_branch_operator' retrieved from /home/airflow/.local/lib/python3.12/site-packages/airflow/example_dags/example_branch_operator.py
[2024-04-09T08:46:59.188+0000] {logging_mixin.py:188} INFO - [2024-04-09T08:46:59.188+0000] {dag.py:3096} INFO - Sync 1 DAGs
[2024-04-09T08:46:59.200+0000] {logging_mixin.py:188} INFO - [2024-04-09T08:46:59.200+0000] {dag.py:3954} INFO - Setting next_dagrun for example_branch_operator to 2024-04-08 00:00:00+00:00, run_after=2024-04-09 00:00:00+00:00
[2024-04-09T08:46:59.211+0000] {processor.py:183} INFO - Processing /home/airflow/.local/lib/python3.12/site-packages/airflow/example_dags/example_branch_operator.py took 0.053 seconds
[2024-04-09T08:47:29.796+0000] {processor.py:161} INFO - Started process (PID=2680) to work on /home/airflow/.local/lib/python3.12/site-packages/airflow/example_dags/example_branch_operator.py
[2024-04-09T08:47:29.796+0000] {processor.py:830} INFO - Processing file /home/airflow/.local/lib/python3.12/site-packages/airflow/example_dags/example_branch_operator.py for tasks to queue
[2024-04-09T08:47:29.797+0000] {logging_mixin.py:188} INFO - [2024-04-09T08:47:29.797+0000] {dagbag.py:540} INFO - Filling up the DagBag from /home/airflow/.local/lib/python3.12/site-packages/airflow/example_dags/example_branch_operator.py
[2024-04-09T08:47:29.807+0000] {processor.py:840} INFO - DAG(s) 'example_branch_operator' retrieved from /home/airflow/.local/lib/python3.12/site-packages/airflow/example_dags/example_branch_operator.py
[2024-04-09T08:47:29.822+0000] {logging_mixin.py:188} INFO - [2024-04-09T08:47:29.822+0000] {dag.py:3096} INFO - Sync 1 DAGs
[2024-04-09T08:47:29.835+0000] {logging_mixin.py:188} INFO - [2024-04-09T08:47:29.835+0000] {dag.py:3954} INFO - Setting next_dagrun for example_branch_operator to 2024-04-08 00:00:00+00:00, run_after=2024-04-09 00:00:00+00:00
[2024-04-09T08:47:29.847+0000] {processor.py:183} INFO - Processing /home/airflow/.local/lib/python3.12/site-packages/airflow/example_dags/example_branch_operator.py took 0.054 seconds
[2024-04-09T08:48:00.411+0000] {processor.py:161} INFO - Started process (PID=2738) to work on /home/airflow/.local/lib/python3.12/site-packages/airflow/example_dags/example_branch_operator.py
[2024-04-09T08:48:00.412+0000] {processor.py:830} INFO - Processing file /home/airflow/.local/lib/python3.12/site-packages/airflow/example_dags/example_branch_operator.py for tasks to queue
[2024-04-09T08:48:00.413+0000] {logging_mixin.py:188} INFO - [2024-04-09T08:48:00.412+0000] {dagbag.py:540} INFO - Filling up the DagBag from /home/airflow/.local/lib/python3.12/site-packages/airflow/example_dags/example_branch_operator.py
[2024-04-09T08:48:00.423+0000] {processor.py:840} INFO - DAG(s) 'example_branch_operator' retrieved from /home/airflow/.local/lib/python3.12/site-packages/airflow/example_dags/example_branch_operator.py
[2024-04-09T08:48:00.441+0000] {logging_mixin.py:188} INFO - [2024-04-09T08:48:00.441+0000] {dag.py:3096} INFO - Sync 1 DAGs
[2024-04-09T08:48:00.455+0000] {logging_mixin.py:188} INFO - [2024-04-09T08:48:00.454+0000] {dag.py:3954} INFO - Setting next_dagrun for example_branch_operator to 2024-04-08 00:00:00+00:00, run_after=2024-04-09 00:00:00+00:00
[2024-04-09T08:48:00.467+0000] {processor.py:183} INFO - Processing /home/airflow/.local/lib/python3.12/site-packages/airflow/example_dags/example_branch_operator.py took 0.058 seconds
[2024-04-09T08:48:31.140+0000] {processor.py:161} INFO - Started process (PID=2796) to work on /home/airflow/.local/lib/python3.12/site-packages/airflow/example_dags/example_branch_operator.py
[2024-04-09T08:48:31.140+0000] {processor.py:830} INFO - Processing file /home/airflow/.local/lib/python3.12/site-packages/airflow/example_dags/example_branch_operator.py for tasks to queue
[2024-04-09T08:48:31.141+0000] {logging_mixin.py:188} INFO - [2024-04-09T08:48:31.141+0000] {dagbag.py:540} INFO - Filling up the DagBag from /home/airflow/.local/lib/python3.12/site-packages/airflow/example_dags/example_branch_operator.py
[2024-04-09T08:48:31.153+0000] {processor.py:840} INFO - DAG(s) 'example_branch_operator' retrieved from /home/airflow/.local/lib/python3.12/site-packages/airflow/example_dags/example_branch_operator.py
[2024-04-09T08:48:31.172+0000] {logging_mixin.py:188} INFO - [2024-04-09T08:48:31.172+0000] {dag.py:3096} INFO - Sync 1 DAGs
[2024-04-09T08:48:31.186+0000] {logging_mixin.py:188} INFO - [2024-04-09T08:48:31.185+0000] {dag.py:3954} INFO - Setting next_dagrun for example_branch_operator to 2024-04-08 00:00:00+00:00, run_after=2024-04-09 00:00:00+00:00
[2024-04-09T08:48:31.197+0000] {processor.py:183} INFO - Processing /home/airflow/.local/lib/python3.12/site-packages/airflow/example_dags/example_branch_operator.py took 0.061 seconds
[2024-04-09T08:49:01.682+0000] {processor.py:161} INFO - Started process (PID=2854) to work on /home/airflow/.local/lib/python3.12/site-packages/airflow/example_dags/example_branch_operator.py
[2024-04-09T08:49:01.683+0000] {processor.py:830} INFO - Processing file /home/airflow/.local/lib/python3.12/site-packages/airflow/example_dags/example_branch_operator.py for tasks to queue
[2024-04-09T08:49:01.684+0000] {logging_mixin.py:188} INFO - [2024-04-09T08:49:01.684+0000] {dagbag.py:540} INFO - Filling up the DagBag from /home/airflow/.local/lib/python3.12/site-packages/airflow/example_dags/example_branch_operator.py
[2024-04-09T08:49:01.693+0000] {processor.py:840} INFO - DAG(s) 'example_branch_operator' retrieved from /home/airflow/.local/lib/python3.12/site-packages/airflow/example_dags/example_branch_operator.py
[2024-04-09T08:49:01.710+0000] {logging_mixin.py:188} INFO - [2024-04-09T08:49:01.709+0000] {dag.py:3096} INFO - Sync 1 DAGs
[2024-04-09T08:49:01.722+0000] {logging_mixin.py:188} INFO - [2024-04-09T08:49:01.722+0000] {dag.py:3954} INFO - Setting next_dagrun for example_branch_operator to 2024-04-08 00:00:00+00:00, run_after=2024-04-09 00:00:00+00:00
[2024-04-09T08:49:01.734+0000] {processor.py:183} INFO - Processing /home/airflow/.local/lib/python3.12/site-packages/airflow/example_dags/example_branch_operator.py took 0.054 seconds
[2024-04-09T08:49:32.335+0000] {processor.py:161} INFO - Started process (PID=2912) to work on /home/airflow/.local/lib/python3.12/site-packages/airflow/example_dags/example_branch_operator.py
[2024-04-09T08:49:32.336+0000] {processor.py:830} INFO - Processing file /home/airflow/.local/lib/python3.12/site-packages/airflow/example_dags/example_branch_operator.py for tasks to queue
[2024-04-09T08:49:32.337+0000] {logging_mixin.py:188} INFO - [2024-04-09T08:49:32.337+0000] {dagbag.py:540} INFO - Filling up the DagBag from /home/airflow/.local/lib/python3.12/site-packages/airflow/example_dags/example_branch_operator.py
[2024-04-09T08:49:32.351+0000] {processor.py:840} INFO - DAG(s) 'example_branch_operator' retrieved from /home/airflow/.local/lib/python3.12/site-packages/airflow/example_dags/example_branch_operator.py
[2024-04-09T08:49:32.374+0000] {logging_mixin.py:188} INFO - [2024-04-09T08:49:32.374+0000] {dag.py:3096} INFO - Sync 1 DAGs
[2024-04-09T08:49:32.396+0000] {logging_mixin.py:188} INFO - [2024-04-09T08:49:32.395+0000] {dag.py:3954} INFO - Setting next_dagrun for example_branch_operator to 2024-04-08 00:00:00+00:00, run_after=2024-04-09 00:00:00+00:00
[2024-04-09T08:49:32.409+0000] {processor.py:183} INFO - Processing /home/airflow/.local/lib/python3.12/site-packages/airflow/example_dags/example_branch_operator.py took 0.077 seconds
[2024-04-09T08:50:03.098+0000] {processor.py:161} INFO - Started process (PID=2970) to work on /home/airflow/.local/lib/python3.12/site-packages/airflow/example_dags/example_branch_operator.py
[2024-04-09T08:50:03.098+0000] {processor.py:830} INFO - Processing file /home/airflow/.local/lib/python3.12/site-packages/airflow/example_dags/example_branch_operator.py for tasks to queue
[2024-04-09T08:50:03.099+0000] {logging_mixin.py:188} INFO - [2024-04-09T08:50:03.099+0000] {dagbag.py:540} INFO - Filling up the DagBag from /home/airflow/.local/lib/python3.12/site-packages/airflow/example_dags/example_branch_operator.py
[2024-04-09T08:50:03.108+0000] {processor.py:840} INFO - DAG(s) 'example_branch_operator' retrieved from /home/airflow/.local/lib/python3.12/site-packages/airflow/example_dags/example_branch_operator.py
[2024-04-09T08:50:03.124+0000] {logging_mixin.py:188} INFO - [2024-04-09T08:50:03.123+0000] {dag.py:3096} INFO - Sync 1 DAGs
[2024-04-09T08:50:03.136+0000] {logging_mixin.py:188} INFO - [2024-04-09T08:50:03.136+0000] {dag.py:3954} INFO - Setting next_dagrun for example_branch_operator to 2024-04-08 00:00:00+00:00, run_after=2024-04-09 00:00:00+00:00
[2024-04-09T08:50:03.148+0000] {processor.py:183} INFO - Processing /home/airflow/.local/lib/python3.12/site-packages/airflow/example_dags/example_branch_operator.py took 0.053 seconds
[2024-04-09T08:50:33.734+0000] {processor.py:161} INFO - Started process (PID=3028) to work on /home/airflow/.local/lib/python3.12/site-packages/airflow/example_dags/example_branch_operator.py
[2024-04-09T08:50:33.735+0000] {processor.py:830} INFO - Processing file /home/airflow/.local/lib/python3.12/site-packages/airflow/example_dags/example_branch_operator.py for tasks to queue
[2024-04-09T08:50:33.735+0000] {logging_mixin.py:188} INFO - [2024-04-09T08:50:33.735+0000] {dagbag.py:540} INFO - Filling up the DagBag from /home/airflow/.local/lib/python3.12/site-packages/airflow/example_dags/example_branch_operator.py
[2024-04-09T08:50:33.745+0000] {processor.py:840} INFO - DAG(s) 'example_branch_operator' retrieved from /home/airflow/.local/lib/python3.12/site-packages/airflow/example_dags/example_branch_operator.py
[2024-04-09T08:50:33.762+0000] {logging_mixin.py:188} INFO - [2024-04-09T08:50:33.762+0000] {dag.py:3096} INFO - Sync 1 DAGs
[2024-04-09T08:50:33.775+0000] {logging_mixin.py:188} INFO - [2024-04-09T08:50:33.775+0000] {dag.py:3954} INFO - Setting next_dagrun for example_branch_operator to 2024-04-08 00:00:00+00:00, run_after=2024-04-09 00:00:00+00:00
[2024-04-09T08:50:33.786+0000] {processor.py:183} INFO - Processing /home/airflow/.local/lib/python3.12/site-packages/airflow/example_dags/example_branch_operator.py took 0.055 seconds
[2024-04-09T08:51:04.291+0000] {processor.py:161} INFO - Started process (PID=3086) to work on /home/airflow/.local/lib/python3.12/site-packages/airflow/example_dags/example_branch_operator.py
[2024-04-09T08:51:04.292+0000] {processor.py:830} INFO - Processing file /home/airflow/.local/lib/python3.12/site-packages/airflow/example_dags/example_branch_operator.py for tasks to queue
[2024-04-09T08:51:04.293+0000] {logging_mixin.py:188} INFO - [2024-04-09T08:51:04.292+0000] {dagbag.py:540} INFO - Filling up the DagBag from /home/airflow/.local/lib/python3.12/site-packages/airflow/example_dags/example_branch_operator.py
[2024-04-09T08:51:04.302+0000] {processor.py:840} INFO - DAG(s) 'example_branch_operator' retrieved from /home/airflow/.local/lib/python3.12/site-packages/airflow/example_dags/example_branch_operator.py
[2024-04-09T08:51:04.317+0000] {logging_mixin.py:188} INFO - [2024-04-09T08:51:04.317+0000] {dag.py:3096} INFO - Sync 1 DAGs
[2024-04-09T08:51:04.330+0000] {logging_mixin.py:188} INFO - [2024-04-09T08:51:04.330+0000] {dag.py:3954} INFO - Setting next_dagrun for example_branch_operator to 2024-04-08 00:00:00+00:00, run_after=2024-04-09 00:00:00+00:00
[2024-04-09T08:51:04.340+0000] {processor.py:183} INFO - Processing /home/airflow/.local/lib/python3.12/site-packages/airflow/example_dags/example_branch_operator.py took 0.051 seconds
[2024-04-09T08:51:34.832+0000] {processor.py:161} INFO - Started process (PID=3144) to work on /home/airflow/.local/lib/python3.12/site-packages/airflow/example_dags/example_branch_operator.py
[2024-04-09T08:51:34.832+0000] {processor.py:830} INFO - Processing file /home/airflow/.local/lib/python3.12/site-packages/airflow/example_dags/example_branch_operator.py for tasks to queue
[2024-04-09T08:51:34.833+0000] {logging_mixin.py:188} INFO - [2024-04-09T08:51:34.833+0000] {dagbag.py:540} INFO - Filling up the DagBag from /home/airflow/.local/lib/python3.12/site-packages/airflow/example_dags/example_branch_operator.py
[2024-04-09T08:51:34.842+0000] {processor.py:840} INFO - DAG(s) 'example_branch_operator' retrieved from /home/airflow/.local/lib/python3.12/site-packages/airflow/example_dags/example_branch_operator.py
[2024-04-09T08:51:34.857+0000] {logging_mixin.py:188} INFO - [2024-04-09T08:51:34.857+0000] {dag.py:3096} INFO - Sync 1 DAGs
[2024-04-09T08:51:34.870+0000] {logging_mixin.py:188} INFO - [2024-04-09T08:51:34.870+0000] {dag.py:3954} INFO - Setting next_dagrun for example_branch_operator to 2024-04-08 00:00:00+00:00, run_after=2024-04-09 00:00:00+00:00
[2024-04-09T08:51:34.880+0000] {processor.py:183} INFO - Processing /home/airflow/.local/lib/python3.12/site-packages/airflow/example_dags/example_branch_operator.py took 0.051 seconds
[2024-04-09T08:52:05.392+0000] {processor.py:161} INFO - Started process (PID=3202) to work on /home/airflow/.local/lib/python3.12/site-packages/airflow/example_dags/example_branch_operator.py
[2024-04-09T08:52:05.393+0000] {processor.py:830} INFO - Processing file /home/airflow/.local/lib/python3.12/site-packages/airflow/example_dags/example_branch_operator.py for tasks to queue
[2024-04-09T08:52:05.394+0000] {logging_mixin.py:188} INFO - [2024-04-09T08:52:05.393+0000] {dagbag.py:540} INFO - Filling up the DagBag from /home/airflow/.local/lib/python3.12/site-packages/airflow/example_dags/example_branch_operator.py
[2024-04-09T08:52:05.403+0000] {processor.py:840} INFO - DAG(s) 'example_branch_operator' retrieved from /home/airflow/.local/lib/python3.12/site-packages/airflow/example_dags/example_branch_operator.py
[2024-04-09T08:52:05.419+0000] {logging_mixin.py:188} INFO - [2024-04-09T08:52:05.419+0000] {dag.py:3096} INFO - Sync 1 DAGs
[2024-04-09T08:52:05.432+0000] {logging_mixin.py:188} INFO - [2024-04-09T08:52:05.432+0000] {dag.py:3954} INFO - Setting next_dagrun for example_branch_operator to 2024-04-08 00:00:00+00:00, run_after=2024-04-09 00:00:00+00:00
[2024-04-09T08:52:05.443+0000] {processor.py:183} INFO - Processing /home/airflow/.local/lib/python3.12/site-packages/airflow/example_dags/example_branch_operator.py took 0.054 seconds
[2024-04-09T08:52:36.027+0000] {processor.py:161} INFO - Started process (PID=3260) to work on /home/airflow/.local/lib/python3.12/site-packages/airflow/example_dags/example_branch_operator.py
[2024-04-09T08:52:36.027+0000] {processor.py:830} INFO - Processing file /home/airflow/.local/lib/python3.12/site-packages/airflow/example_dags/example_branch_operator.py for tasks to queue
[2024-04-09T08:52:36.028+0000] {logging_mixin.py:188} INFO - [2024-04-09T08:52:36.028+0000] {dagbag.py:540} INFO - Filling up the DagBag from /home/airflow/.local/lib/python3.12/site-packages/airflow/example_dags/example_branch_operator.py
[2024-04-09T08:52:36.037+0000] {processor.py:840} INFO - DAG(s) 'example_branch_operator' retrieved from /home/airflow/.local/lib/python3.12/site-packages/airflow/example_dags/example_branch_operator.py
[2024-04-09T08:52:36.053+0000] {logging_mixin.py:188} INFO - [2024-04-09T08:52:36.052+0000] {dag.py:3096} INFO - Sync 1 DAGs
[2024-04-09T08:52:36.066+0000] {logging_mixin.py:188} INFO - [2024-04-09T08:52:36.066+0000] {dag.py:3954} INFO - Setting next_dagrun for example_branch_operator to 2024-04-08 00:00:00+00:00, run_after=2024-04-09 00:00:00+00:00
[2024-04-09T08:52:36.088+0000] {processor.py:183} INFO - Processing /home/airflow/.local/lib/python3.12/site-packages/airflow/example_dags/example_branch_operator.py took 0.063 seconds
[2024-04-09T08:53:06.688+0000] {processor.py:161} INFO - Started process (PID=3318) to work on /home/airflow/.local/lib/python3.12/site-packages/airflow/example_dags/example_branch_operator.py
[2024-04-09T08:53:06.689+0000] {processor.py:830} INFO - Processing file /home/airflow/.local/lib/python3.12/site-packages/airflow/example_dags/example_branch_operator.py for tasks to queue
[2024-04-09T08:53:06.690+0000] {logging_mixin.py:188} INFO - [2024-04-09T08:53:06.690+0000] {dagbag.py:540} INFO - Filling up the DagBag from /home/airflow/.local/lib/python3.12/site-packages/airflow/example_dags/example_branch_operator.py
[2024-04-09T08:53:06.699+0000] {processor.py:840} INFO - DAG(s) 'example_branch_operator' retrieved from /home/airflow/.local/lib/python3.12/site-packages/airflow/example_dags/example_branch_operator.py
[2024-04-09T08:53:06.715+0000] {logging_mixin.py:188} INFO - [2024-04-09T08:53:06.715+0000] {dag.py:3096} INFO - Sync 1 DAGs
[2024-04-09T08:53:06.728+0000] {logging_mixin.py:188} INFO - [2024-04-09T08:53:06.728+0000] {dag.py:3954} INFO - Setting next_dagrun for example_branch_operator to 2024-04-08 00:00:00+00:00, run_after=2024-04-09 00:00:00+00:00
[2024-04-09T08:53:06.741+0000] {processor.py:183} INFO - Processing /home/airflow/.local/lib/python3.12/site-packages/airflow/example_dags/example_branch_operator.py took 0.055 seconds
[2024-04-09T08:53:36.832+0000] {processor.py:161} INFO - Started process (PID=3376) to work on /home/airflow/.local/lib/python3.12/site-packages/airflow/example_dags/example_branch_operator.py
[2024-04-09T08:53:36.833+0000] {processor.py:830} INFO - Processing file /home/airflow/.local/lib/python3.12/site-packages/airflow/example_dags/example_branch_operator.py for tasks to queue
[2024-04-09T08:53:36.833+0000] {logging_mixin.py:188} INFO - [2024-04-09T08:53:36.833+0000] {dagbag.py:540} INFO - Filling up the DagBag from /home/airflow/.local/lib/python3.12/site-packages/airflow/example_dags/example_branch_operator.py
[2024-04-09T08:53:36.843+0000] {processor.py:840} INFO - DAG(s) 'example_branch_operator' retrieved from /home/airflow/.local/lib/python3.12/site-packages/airflow/example_dags/example_branch_operator.py
[2024-04-09T08:53:36.860+0000] {logging_mixin.py:188} INFO - [2024-04-09T08:53:36.860+0000] {dag.py:3096} INFO - Sync 1 DAGs
[2024-04-09T08:53:36.873+0000] {logging_mixin.py:188} INFO - [2024-04-09T08:53:36.873+0000] {dag.py:3954} INFO - Setting next_dagrun for example_branch_operator to 2024-04-08 00:00:00+00:00, run_after=2024-04-09 00:00:00+00:00
[2024-04-09T08:53:36.884+0000] {processor.py:183} INFO - Processing /home/airflow/.local/lib/python3.12/site-packages/airflow/example_dags/example_branch_operator.py took 0.055 seconds
[2024-04-09T08:54:07.558+0000] {processor.py:161} INFO - Started process (PID=3434) to work on /home/airflow/.local/lib/python3.12/site-packages/airflow/example_dags/example_branch_operator.py
[2024-04-09T08:54:07.558+0000] {processor.py:830} INFO - Processing file /home/airflow/.local/lib/python3.12/site-packages/airflow/example_dags/example_branch_operator.py for tasks to queue
[2024-04-09T08:54:07.559+0000] {logging_mixin.py:188} INFO - [2024-04-09T08:54:07.559+0000] {dagbag.py:540} INFO - Filling up the DagBag from /home/airflow/.local/lib/python3.12/site-packages/airflow/example_dags/example_branch_operator.py
[2024-04-09T08:54:07.568+0000] {processor.py:840} INFO - DAG(s) 'example_branch_operator' retrieved from /home/airflow/.local/lib/python3.12/site-packages/airflow/example_dags/example_branch_operator.py
[2024-04-09T08:54:07.584+0000] {logging_mixin.py:188} INFO - [2024-04-09T08:54:07.584+0000] {dag.py:3096} INFO - Sync 1 DAGs
[2024-04-09T08:54:07.597+0000] {logging_mixin.py:188} INFO - [2024-04-09T08:54:07.597+0000] {dag.py:3954} INFO - Setting next_dagrun for example_branch_operator to 2024-04-08 00:00:00+00:00, run_after=2024-04-09 00:00:00+00:00
[2024-04-09T08:54:07.608+0000] {processor.py:183} INFO - Processing /home/airflow/.local/lib/python3.12/site-packages/airflow/example_dags/example_branch_operator.py took 0.054 seconds
[2024-04-09T08:54:38.225+0000] {processor.py:161} INFO - Started process (PID=3492) to work on /home/airflow/.local/lib/python3.12/site-packages/airflow/example_dags/example_branch_operator.py
[2024-04-09T08:54:38.226+0000] {processor.py:830} INFO - Processing file /home/airflow/.local/lib/python3.12/site-packages/airflow/example_dags/example_branch_operator.py for tasks to queue
[2024-04-09T08:54:38.227+0000] {logging_mixin.py:188} INFO - [2024-04-09T08:54:38.226+0000] {dagbag.py:540} INFO - Filling up the DagBag from /home/airflow/.local/lib/python3.12/site-packages/airflow/example_dags/example_branch_operator.py
[2024-04-09T08:54:38.236+0000] {processor.py:840} INFO - DAG(s) 'example_branch_operator' retrieved from /home/airflow/.local/lib/python3.12/site-packages/airflow/example_dags/example_branch_operator.py
[2024-04-09T08:54:38.251+0000] {logging_mixin.py:188} INFO - [2024-04-09T08:54:38.251+0000] {dag.py:3096} INFO - Sync 1 DAGs
[2024-04-09T08:54:38.264+0000] {logging_mixin.py:188} INFO - [2024-04-09T08:54:38.264+0000] {dag.py:3954} INFO - Setting next_dagrun for example_branch_operator to 2024-04-08 00:00:00+00:00, run_after=2024-04-09 00:00:00+00:00
[2024-04-09T08:54:38.276+0000] {processor.py:183} INFO - Processing /home/airflow/.local/lib/python3.12/site-packages/airflow/example_dags/example_branch_operator.py took 0.054 seconds
[2024-04-09T08:55:08.865+0000] {processor.py:161} INFO - Started process (PID=3550) to work on /home/airflow/.local/lib/python3.12/site-packages/airflow/example_dags/example_branch_operator.py
[2024-04-09T08:55:08.865+0000] {processor.py:830} INFO - Processing file /home/airflow/.local/lib/python3.12/site-packages/airflow/example_dags/example_branch_operator.py for tasks to queue
[2024-04-09T08:55:08.866+0000] {logging_mixin.py:188} INFO - [2024-04-09T08:55:08.866+0000] {dagbag.py:540} INFO - Filling up the DagBag from /home/airflow/.local/lib/python3.12/site-packages/airflow/example_dags/example_branch_operator.py
[2024-04-09T08:55:08.876+0000] {processor.py:840} INFO - DAG(s) 'example_branch_operator' retrieved from /home/airflow/.local/lib/python3.12/site-packages/airflow/example_dags/example_branch_operator.py
[2024-04-09T08:55:08.892+0000] {logging_mixin.py:188} INFO - [2024-04-09T08:55:08.892+0000] {dag.py:3096} INFO - Sync 1 DAGs
[2024-04-09T08:55:08.905+0000] {logging_mixin.py:188} INFO - [2024-04-09T08:55:08.905+0000] {dag.py:3954} INFO - Setting next_dagrun for example_branch_operator to 2024-04-08 00:00:00+00:00, run_after=2024-04-09 00:00:00+00:00
[2024-04-09T08:55:08.915+0000] {processor.py:183} INFO - Processing /home/airflow/.local/lib/python3.12/site-packages/airflow/example_dags/example_branch_operator.py took 0.053 seconds
[2024-04-09T08:55:39.498+0000] {processor.py:161} INFO - Started process (PID=3608) to work on /home/airflow/.local/lib/python3.12/site-packages/airflow/example_dags/example_branch_operator.py
[2024-04-09T08:55:39.499+0000] {processor.py:830} INFO - Processing file /home/airflow/.local/lib/python3.12/site-packages/airflow/example_dags/example_branch_operator.py for tasks to queue
[2024-04-09T08:55:39.500+0000] {logging_mixin.py:188} INFO - [2024-04-09T08:55:39.500+0000] {dagbag.py:540} INFO - Filling up the DagBag from /home/airflow/.local/lib/python3.12/site-packages/airflow/example_dags/example_branch_operator.py
[2024-04-09T08:55:39.509+0000] {processor.py:840} INFO - DAG(s) 'example_branch_operator' retrieved from /home/airflow/.local/lib/python3.12/site-packages/airflow/example_dags/example_branch_operator.py
[2024-04-09T08:55:39.525+0000] {logging_mixin.py:188} INFO - [2024-04-09T08:55:39.525+0000] {dag.py:3096} INFO - Sync 1 DAGs
[2024-04-09T08:55:39.539+0000] {logging_mixin.py:188} INFO - [2024-04-09T08:55:39.539+0000] {dag.py:3954} INFO - Setting next_dagrun for example_branch_operator to 2024-04-08 00:00:00+00:00, run_after=2024-04-09 00:00:00+00:00
[2024-04-09T08:55:39.552+0000] {processor.py:183} INFO - Processing /home/airflow/.local/lib/python3.12/site-packages/airflow/example_dags/example_branch_operator.py took 0.056 seconds
[2024-04-09T08:56:10.179+0000] {processor.py:161} INFO - Started process (PID=3666) to work on /home/airflow/.local/lib/python3.12/site-packages/airflow/example_dags/example_branch_operator.py
[2024-04-09T08:56:10.179+0000] {processor.py:830} INFO - Processing file /home/airflow/.local/lib/python3.12/site-packages/airflow/example_dags/example_branch_operator.py for tasks to queue
[2024-04-09T08:56:10.180+0000] {logging_mixin.py:188} INFO - [2024-04-09T08:56:10.180+0000] {dagbag.py:540} INFO - Filling up the DagBag from /home/airflow/.local/lib/python3.12/site-packages/airflow/example_dags/example_branch_operator.py
[2024-04-09T08:56:10.190+0000] {processor.py:840} INFO - DAG(s) 'example_branch_operator' retrieved from /home/airflow/.local/lib/python3.12/site-packages/airflow/example_dags/example_branch_operator.py
[2024-04-09T08:56:10.205+0000] {logging_mixin.py:188} INFO - [2024-04-09T08:56:10.205+0000] {dag.py:3096} INFO - Sync 1 DAGs
[2024-04-09T08:56:10.218+0000] {logging_mixin.py:188} INFO - [2024-04-09T08:56:10.218+0000] {dag.py:3954} INFO - Setting next_dagrun for example_branch_operator to 2024-04-08 00:00:00+00:00, run_after=2024-04-09 00:00:00+00:00
[2024-04-09T08:56:10.241+0000] {processor.py:183} INFO - Processing /home/airflow/.local/lib/python3.12/site-packages/airflow/example_dags/example_branch_operator.py took 0.065 seconds
[2024-04-09T08:56:40.879+0000] {processor.py:161} INFO - Started process (PID=3724) to work on /home/airflow/.local/lib/python3.12/site-packages/airflow/example_dags/example_branch_operator.py
[2024-04-09T08:56:40.880+0000] {processor.py:830} INFO - Processing file /home/airflow/.local/lib/python3.12/site-packages/airflow/example_dags/example_branch_operator.py for tasks to queue
[2024-04-09T08:56:40.880+0000] {logging_mixin.py:188} INFO - [2024-04-09T08:56:40.880+0000] {dagbag.py:540} INFO - Filling up the DagBag from /home/airflow/.local/lib/python3.12/site-packages/airflow/example_dags/example_branch_operator.py
[2024-04-09T08:56:40.890+0000] {processor.py:840} INFO - DAG(s) 'example_branch_operator' retrieved from /home/airflow/.local/lib/python3.12/site-packages/airflow/example_dags/example_branch_operator.py
[2024-04-09T08:56:40.905+0000] {logging_mixin.py:188} INFO - [2024-04-09T08:56:40.905+0000] {dag.py:3096} INFO - Sync 1 DAGs
[2024-04-09T08:56:40.918+0000] {logging_mixin.py:188} INFO - [2024-04-09T08:56:40.918+0000] {dag.py:3954} INFO - Setting next_dagrun for example_branch_operator to 2024-04-08 00:00:00+00:00, run_after=2024-04-09 00:00:00+00:00
[2024-04-09T08:56:40.939+0000] {processor.py:183} INFO - Processing /home/airflow/.local/lib/python3.12/site-packages/airflow/example_dags/example_branch_operator.py took 0.063 seconds
[2024-04-09T08:57:11.587+0000] {processor.py:161} INFO - Started process (PID=3782) to work on /home/airflow/.local/lib/python3.12/site-packages/airflow/example_dags/example_branch_operator.py
[2024-04-09T08:57:11.588+0000] {processor.py:830} INFO - Processing file /home/airflow/.local/lib/python3.12/site-packages/airflow/example_dags/example_branch_operator.py for tasks to queue
[2024-04-09T08:57:11.588+0000] {logging_mixin.py:188} INFO - [2024-04-09T08:57:11.588+0000] {dagbag.py:540} INFO - Filling up the DagBag from /home/airflow/.local/lib/python3.12/site-packages/airflow/example_dags/example_branch_operator.py
[2024-04-09T08:57:11.597+0000] {processor.py:840} INFO - DAG(s) 'example_branch_operator' retrieved from /home/airflow/.local/lib/python3.12/site-packages/airflow/example_dags/example_branch_operator.py
[2024-04-09T08:57:11.613+0000] {logging_mixin.py:188} INFO - [2024-04-09T08:57:11.613+0000] {dag.py:3096} INFO - Sync 1 DAGs
[2024-04-09T08:57:11.626+0000] {logging_mixin.py:188} INFO - [2024-04-09T08:57:11.626+0000] {dag.py:3954} INFO - Setting next_dagrun for example_branch_operator to 2024-04-08 00:00:00+00:00, run_after=2024-04-09 00:00:00+00:00
[2024-04-09T08:57:11.641+0000] {processor.py:183} INFO - Processing /home/airflow/.local/lib/python3.12/site-packages/airflow/example_dags/example_branch_operator.py took 0.056 seconds
[2024-04-09T08:57:42.289+0000] {processor.py:161} INFO - Started process (PID=3840) to work on /home/airflow/.local/lib/python3.12/site-packages/airflow/example_dags/example_branch_operator.py
[2024-04-09T08:57:42.289+0000] {processor.py:830} INFO - Processing file /home/airflow/.local/lib/python3.12/site-packages/airflow/example_dags/example_branch_operator.py for tasks to queue
[2024-04-09T08:57:42.291+0000] {logging_mixin.py:188} INFO - [2024-04-09T08:57:42.290+0000] {dagbag.py:540} INFO - Filling up the DagBag from /home/airflow/.local/lib/python3.12/site-packages/airflow/example_dags/example_branch_operator.py
[2024-04-09T08:57:42.300+0000] {processor.py:840} INFO - DAG(s) 'example_branch_operator' retrieved from /home/airflow/.local/lib/python3.12/site-packages/airflow/example_dags/example_branch_operator.py
[2024-04-09T08:57:42.316+0000] {logging_mixin.py:188} INFO - [2024-04-09T08:57:42.316+0000] {dag.py:3096} INFO - Sync 1 DAGs
[2024-04-09T08:57:42.330+0000] {logging_mixin.py:188} INFO - [2024-04-09T08:57:42.330+0000] {dag.py:3954} INFO - Setting next_dagrun for example_branch_operator to 2024-04-08 00:00:00+00:00, run_after=2024-04-09 00:00:00+00:00
[2024-04-09T08:57:42.343+0000] {processor.py:183} INFO - Processing /home/airflow/.local/lib/python3.12/site-packages/airflow/example_dags/example_branch_operator.py took 0.057 seconds
[2024-04-09T08:58:12.515+0000] {processor.py:161} INFO - Started process (PID=3898) to work on /home/airflow/.local/lib/python3.12/site-packages/airflow/example_dags/example_branch_operator.py
[2024-04-09T08:58:12.516+0000] {processor.py:830} INFO - Processing file /home/airflow/.local/lib/python3.12/site-packages/airflow/example_dags/example_branch_operator.py for tasks to queue
[2024-04-09T08:58:12.517+0000] {logging_mixin.py:188} INFO - [2024-04-09T08:58:12.517+0000] {dagbag.py:540} INFO - Filling up the DagBag from /home/airflow/.local/lib/python3.12/site-packages/airflow/example_dags/example_branch_operator.py
[2024-04-09T08:58:12.526+0000] {processor.py:840} INFO - DAG(s) 'example_branch_operator' retrieved from /home/airflow/.local/lib/python3.12/site-packages/airflow/example_dags/example_branch_operator.py
[2024-04-09T08:58:12.542+0000] {logging_mixin.py:188} INFO - [2024-04-09T08:58:12.542+0000] {dag.py:3096} INFO - Sync 1 DAGs
[2024-04-09T08:58:12.555+0000] {logging_mixin.py:188} INFO - [2024-04-09T08:58:12.555+0000] {dag.py:3954} INFO - Setting next_dagrun for example_branch_operator to 2024-04-08 00:00:00+00:00, run_after=2024-04-09 00:00:00+00:00
[2024-04-09T08:58:12.567+0000] {processor.py:183} INFO - Processing /home/airflow/.local/lib/python3.12/site-packages/airflow/example_dags/example_branch_operator.py took 0.054 seconds
