[2024-04-09T08:24:29.956+0000] {processor.py:161} INFO - Started process (PID=70) to work on /home/airflow/.local/lib/python3.12/site-packages/airflow/example_dags/example_branch_python_dop_operator_3.py
[2024-04-09T08:24:29.957+0000] {processor.py:830} INFO - Processing file /home/airflow/.local/lib/python3.12/site-packages/airflow/example_dags/example_branch_python_dop_operator_3.py for tasks to queue
[2024-04-09T08:24:29.958+0000] {logging_mixin.py:188} INFO - [2024-04-09T08:24:29.958+0000] {dagbag.py:540} INFO - Filling up the DagBag from /home/airflow/.local/lib/python3.12/site-packages/airflow/example_dags/example_branch_python_dop_operator_3.py
[2024-04-09T08:24:29.966+0000] {processor.py:840} INFO - DAG(s) 'example_branch_dop_operator_v3' retrieved from /home/airflow/.local/lib/python3.12/site-packages/airflow/example_dags/example_branch_python_dop_operator_3.py
[2024-04-09T08:24:29.975+0000] {logging_mixin.py:188} INFO - [2024-04-09T08:24:29.974+0000] {dag.py:3096} INFO - Sync 1 DAGs
[2024-04-09T08:24:29.994+0000] {logging_mixin.py:188} INFO - [2024-04-09T08:24:29.993+0000] {dag.py:3954} INFO - Setting next_dagrun for example_branch_dop_operator_v3 to 2024-04-09 08:23:00+00:00, run_after=2024-04-09 08:24:00+00:00
[2024-04-09T08:24:30.008+0000] {processor.py:183} INFO - Processing /home/airflow/.local/lib/python3.12/site-packages/airflow/example_dags/example_branch_python_dop_operator_3.py took 0.055 seconds
[2024-04-09T08:25:00.561+0000] {processor.py:161} INFO - Started process (PID=128) to work on /home/airflow/.local/lib/python3.12/site-packages/airflow/example_dags/example_branch_python_dop_operator_3.py
[2024-04-09T08:25:00.562+0000] {processor.py:830} INFO - Processing file /home/airflow/.local/lib/python3.12/site-packages/airflow/example_dags/example_branch_python_dop_operator_3.py for tasks to queue
[2024-04-09T08:25:00.562+0000] {logging_mixin.py:188} INFO - [2024-04-09T08:25:00.562+0000] {dagbag.py:540} INFO - Filling up the DagBag from /home/airflow/.local/lib/python3.12/site-packages/airflow/example_dags/example_branch_python_dop_operator_3.py
[2024-04-09T08:25:00.567+0000] {processor.py:840} INFO - DAG(s) 'example_branch_dop_operator_v3' retrieved from /home/airflow/.local/lib/python3.12/site-packages/airflow/example_dags/example_branch_python_dop_operator_3.py
[2024-04-09T08:25:00.625+0000] {logging_mixin.py:188} INFO - [2024-04-09T08:25:00.625+0000] {dag.py:3096} INFO - Sync 1 DAGs
[2024-04-09T08:25:00.639+0000] {logging_mixin.py:188} INFO - [2024-04-09T08:25:00.639+0000] {dag.py:3954} INFO - Setting next_dagrun for example_branch_dop_operator_v3 to 2024-04-09 08:24:00+00:00, run_after=2024-04-09 08:25:00+00:00
[2024-04-09T08:25:00.651+0000] {processor.py:183} INFO - Processing /home/airflow/.local/lib/python3.12/site-packages/airflow/example_dags/example_branch_python_dop_operator_3.py took 0.093 seconds
[2024-04-09T08:25:30.845+0000] {processor.py:161} INFO - Started process (PID=186) to work on /home/airflow/.local/lib/python3.12/site-packages/airflow/example_dags/example_branch_python_dop_operator_3.py
[2024-04-09T08:25:30.846+0000] {processor.py:830} INFO - Processing file /home/airflow/.local/lib/python3.12/site-packages/airflow/example_dags/example_branch_python_dop_operator_3.py for tasks to queue
[2024-04-09T08:25:30.847+0000] {logging_mixin.py:188} INFO - [2024-04-09T08:25:30.846+0000] {dagbag.py:540} INFO - Filling up the DagBag from /home/airflow/.local/lib/python3.12/site-packages/airflow/example_dags/example_branch_python_dop_operator_3.py
[2024-04-09T08:25:30.852+0000] {processor.py:840} INFO - DAG(s) 'example_branch_dop_operator_v3' retrieved from /home/airflow/.local/lib/python3.12/site-packages/airflow/example_dags/example_branch_python_dop_operator_3.py
[2024-04-09T08:25:30.862+0000] {logging_mixin.py:188} INFO - [2024-04-09T08:25:30.862+0000] {dag.py:3096} INFO - Sync 1 DAGs
[2024-04-09T08:25:30.877+0000] {logging_mixin.py:188} INFO - [2024-04-09T08:25:30.877+0000] {dag.py:3954} INFO - Setting next_dagrun for example_branch_dop_operator_v3 to 2024-04-09 08:24:00+00:00, run_after=2024-04-09 08:25:00+00:00
[2024-04-09T08:25:30.889+0000] {processor.py:183} INFO - Processing /home/airflow/.local/lib/python3.12/site-packages/airflow/example_dags/example_branch_python_dop_operator_3.py took 0.047 seconds
[2024-04-09T08:26:01.527+0000] {processor.py:161} INFO - Started process (PID=244) to work on /home/airflow/.local/lib/python3.12/site-packages/airflow/example_dags/example_branch_python_dop_operator_3.py
[2024-04-09T08:26:01.528+0000] {processor.py:830} INFO - Processing file /home/airflow/.local/lib/python3.12/site-packages/airflow/example_dags/example_branch_python_dop_operator_3.py for tasks to queue
[2024-04-09T08:26:01.529+0000] {logging_mixin.py:188} INFO - [2024-04-09T08:26:01.528+0000] {dagbag.py:540} INFO - Filling up the DagBag from /home/airflow/.local/lib/python3.12/site-packages/airflow/example_dags/example_branch_python_dop_operator_3.py
[2024-04-09T08:26:01.533+0000] {processor.py:840} INFO - DAG(s) 'example_branch_dop_operator_v3' retrieved from /home/airflow/.local/lib/python3.12/site-packages/airflow/example_dags/example_branch_python_dop_operator_3.py
[2024-04-09T08:26:01.543+0000] {logging_mixin.py:188} INFO - [2024-04-09T08:26:01.543+0000] {dag.py:3096} INFO - Sync 1 DAGs
[2024-04-09T08:26:01.558+0000] {logging_mixin.py:188} INFO - [2024-04-09T08:26:01.557+0000] {dag.py:3954} INFO - Setting next_dagrun for example_branch_dop_operator_v3 to 2024-04-09 08:25:00+00:00, run_after=2024-04-09 08:26:00+00:00
[2024-04-09T08:26:01.569+0000] {processor.py:183} INFO - Processing /home/airflow/.local/lib/python3.12/site-packages/airflow/example_dags/example_branch_python_dop_operator_3.py took 0.045 seconds
[2024-04-09T08:26:32.435+0000] {processor.py:161} INFO - Started process (PID=302) to work on /home/airflow/.local/lib/python3.12/site-packages/airflow/example_dags/example_branch_python_dop_operator_3.py
[2024-04-09T08:26:32.435+0000] {processor.py:830} INFO - Processing file /home/airflow/.local/lib/python3.12/site-packages/airflow/example_dags/example_branch_python_dop_operator_3.py for tasks to queue
[2024-04-09T08:26:32.436+0000] {logging_mixin.py:188} INFO - [2024-04-09T08:26:32.436+0000] {dagbag.py:540} INFO - Filling up the DagBag from /home/airflow/.local/lib/python3.12/site-packages/airflow/example_dags/example_branch_python_dop_operator_3.py
[2024-04-09T08:26:32.441+0000] {processor.py:840} INFO - DAG(s) 'example_branch_dop_operator_v3' retrieved from /home/airflow/.local/lib/python3.12/site-packages/airflow/example_dags/example_branch_python_dop_operator_3.py
[2024-04-09T08:26:32.452+0000] {logging_mixin.py:188} INFO - [2024-04-09T08:26:32.451+0000] {dag.py:3096} INFO - Sync 1 DAGs
[2024-04-09T08:26:32.468+0000] {logging_mixin.py:188} INFO - [2024-04-09T08:26:32.468+0000] {dag.py:3954} INFO - Setting next_dagrun for example_branch_dop_operator_v3 to 2024-04-09 08:25:00+00:00, run_after=2024-04-09 08:26:00+00:00
[2024-04-09T08:26:32.482+0000] {processor.py:183} INFO - Processing /home/airflow/.local/lib/python3.12/site-packages/airflow/example_dags/example_branch_python_dop_operator_3.py took 0.050 seconds
[2024-04-09T08:27:02.578+0000] {processor.py:161} INFO - Started process (PID=360) to work on /home/airflow/.local/lib/python3.12/site-packages/airflow/example_dags/example_branch_python_dop_operator_3.py
[2024-04-09T08:27:02.579+0000] {processor.py:830} INFO - Processing file /home/airflow/.local/lib/python3.12/site-packages/airflow/example_dags/example_branch_python_dop_operator_3.py for tasks to queue
[2024-04-09T08:27:02.580+0000] {logging_mixin.py:188} INFO - [2024-04-09T08:27:02.580+0000] {dagbag.py:540} INFO - Filling up the DagBag from /home/airflow/.local/lib/python3.12/site-packages/airflow/example_dags/example_branch_python_dop_operator_3.py
[2024-04-09T08:27:02.586+0000] {processor.py:840} INFO - DAG(s) 'example_branch_dop_operator_v3' retrieved from /home/airflow/.local/lib/python3.12/site-packages/airflow/example_dags/example_branch_python_dop_operator_3.py
[2024-04-09T08:27:02.597+0000] {logging_mixin.py:188} INFO - [2024-04-09T08:27:02.597+0000] {dag.py:3096} INFO - Sync 1 DAGs
[2024-04-09T08:27:02.614+0000] {logging_mixin.py:188} INFO - [2024-04-09T08:27:02.614+0000] {dag.py:3954} INFO - Setting next_dagrun for example_branch_dop_operator_v3 to 2024-04-09 08:26:00+00:00, run_after=2024-04-09 08:27:00+00:00
[2024-04-09T08:27:02.627+0000] {processor.py:183} INFO - Processing /home/airflow/.local/lib/python3.12/site-packages/airflow/example_dags/example_branch_python_dop_operator_3.py took 0.052 seconds
[2024-04-09T08:27:33.679+0000] {processor.py:161} INFO - Started process (PID=418) to work on /home/airflow/.local/lib/python3.12/site-packages/airflow/example_dags/example_branch_python_dop_operator_3.py
[2024-04-09T08:27:33.680+0000] {processor.py:830} INFO - Processing file /home/airflow/.local/lib/python3.12/site-packages/airflow/example_dags/example_branch_python_dop_operator_3.py for tasks to queue
[2024-04-09T08:27:33.680+0000] {logging_mixin.py:188} INFO - [2024-04-09T08:27:33.680+0000] {dagbag.py:540} INFO - Filling up the DagBag from /home/airflow/.local/lib/python3.12/site-packages/airflow/example_dags/example_branch_python_dop_operator_3.py
[2024-04-09T08:27:33.685+0000] {processor.py:840} INFO - DAG(s) 'example_branch_dop_operator_v3' retrieved from /home/airflow/.local/lib/python3.12/site-packages/airflow/example_dags/example_branch_python_dop_operator_3.py
[2024-04-09T08:27:33.695+0000] {logging_mixin.py:188} INFO - [2024-04-09T08:27:33.695+0000] {dag.py:3096} INFO - Sync 1 DAGs
[2024-04-09T08:27:33.709+0000] {logging_mixin.py:188} INFO - [2024-04-09T08:27:33.709+0000] {dag.py:3954} INFO - Setting next_dagrun for example_branch_dop_operator_v3 to 2024-04-09 08:26:00+00:00, run_after=2024-04-09 08:27:00+00:00
[2024-04-09T08:27:33.719+0000] {processor.py:183} INFO - Processing /home/airflow/.local/lib/python3.12/site-packages/airflow/example_dags/example_branch_python_dop_operator_3.py took 0.043 seconds
[2024-04-09T08:28:03.863+0000] {processor.py:161} INFO - Started process (PID=476) to work on /home/airflow/.local/lib/python3.12/site-packages/airflow/example_dags/example_branch_python_dop_operator_3.py
[2024-04-09T08:28:03.863+0000] {processor.py:830} INFO - Processing file /home/airflow/.local/lib/python3.12/site-packages/airflow/example_dags/example_branch_python_dop_operator_3.py for tasks to queue
[2024-04-09T08:28:03.864+0000] {logging_mixin.py:188} INFO - [2024-04-09T08:28:03.864+0000] {dagbag.py:540} INFO - Filling up the DagBag from /home/airflow/.local/lib/python3.12/site-packages/airflow/example_dags/example_branch_python_dop_operator_3.py
[2024-04-09T08:28:03.869+0000] {processor.py:840} INFO - DAG(s) 'example_branch_dop_operator_v3' retrieved from /home/airflow/.local/lib/python3.12/site-packages/airflow/example_dags/example_branch_python_dop_operator_3.py
[2024-04-09T08:28:03.880+0000] {logging_mixin.py:188} INFO - [2024-04-09T08:28:03.880+0000] {dag.py:3096} INFO - Sync 1 DAGs
[2024-04-09T08:28:03.895+0000] {logging_mixin.py:188} INFO - [2024-04-09T08:28:03.895+0000] {dag.py:3954} INFO - Setting next_dagrun for example_branch_dop_operator_v3 to 2024-04-09 08:27:00+00:00, run_after=2024-04-09 08:28:00+00:00
[2024-04-09T08:28:03.906+0000] {processor.py:183} INFO - Processing /home/airflow/.local/lib/python3.12/site-packages/airflow/example_dags/example_branch_python_dop_operator_3.py took 0.046 seconds
[2024-04-09T08:28:34.804+0000] {processor.py:161} INFO - Started process (PID=534) to work on /home/airflow/.local/lib/python3.12/site-packages/airflow/example_dags/example_branch_python_dop_operator_3.py
[2024-04-09T08:28:34.804+0000] {processor.py:830} INFO - Processing file /home/airflow/.local/lib/python3.12/site-packages/airflow/example_dags/example_branch_python_dop_operator_3.py for tasks to queue
[2024-04-09T08:28:34.805+0000] {logging_mixin.py:188} INFO - [2024-04-09T08:28:34.805+0000] {dagbag.py:540} INFO - Filling up the DagBag from /home/airflow/.local/lib/python3.12/site-packages/airflow/example_dags/example_branch_python_dop_operator_3.py
[2024-04-09T08:28:34.810+0000] {processor.py:840} INFO - DAG(s) 'example_branch_dop_operator_v3' retrieved from /home/airflow/.local/lib/python3.12/site-packages/airflow/example_dags/example_branch_python_dop_operator_3.py
[2024-04-09T08:28:34.820+0000] {logging_mixin.py:188} INFO - [2024-04-09T08:28:34.820+0000] {dag.py:3096} INFO - Sync 1 DAGs
[2024-04-09T08:28:34.835+0000] {logging_mixin.py:188} INFO - [2024-04-09T08:28:34.835+0000] {dag.py:3954} INFO - Setting next_dagrun for example_branch_dop_operator_v3 to 2024-04-09 08:27:00+00:00, run_after=2024-04-09 08:28:00+00:00
[2024-04-09T08:28:34.846+0000] {processor.py:183} INFO - Processing /home/airflow/.local/lib/python3.12/site-packages/airflow/example_dags/example_branch_python_dop_operator_3.py took 0.045 seconds
[2024-04-09T08:29:05.442+0000] {processor.py:161} INFO - Started process (PID=592) to work on /home/airflow/.local/lib/python3.12/site-packages/airflow/example_dags/example_branch_python_dop_operator_3.py
[2024-04-09T08:29:05.442+0000] {processor.py:830} INFO - Processing file /home/airflow/.local/lib/python3.12/site-packages/airflow/example_dags/example_branch_python_dop_operator_3.py for tasks to queue
[2024-04-09T08:29:05.443+0000] {logging_mixin.py:188} INFO - [2024-04-09T08:29:05.443+0000] {dagbag.py:540} INFO - Filling up the DagBag from /home/airflow/.local/lib/python3.12/site-packages/airflow/example_dags/example_branch_python_dop_operator_3.py
[2024-04-09T08:29:05.448+0000] {processor.py:840} INFO - DAG(s) 'example_branch_dop_operator_v3' retrieved from /home/airflow/.local/lib/python3.12/site-packages/airflow/example_dags/example_branch_python_dop_operator_3.py
[2024-04-09T08:29:05.458+0000] {logging_mixin.py:188} INFO - [2024-04-09T08:29:05.458+0000] {dag.py:3096} INFO - Sync 1 DAGs
[2024-04-09T08:29:05.474+0000] {logging_mixin.py:188} INFO - [2024-04-09T08:29:05.473+0000] {dag.py:3954} INFO - Setting next_dagrun for example_branch_dop_operator_v3 to 2024-04-09 08:28:00+00:00, run_after=2024-04-09 08:29:00+00:00
[2024-04-09T08:29:05.484+0000] {processor.py:183} INFO - Processing /home/airflow/.local/lib/python3.12/site-packages/airflow/example_dags/example_branch_python_dop_operator_3.py took 0.045 seconds
[2024-04-09T08:29:36.186+0000] {processor.py:161} INFO - Started process (PID=650) to work on /home/airflow/.local/lib/python3.12/site-packages/airflow/example_dags/example_branch_python_dop_operator_3.py
[2024-04-09T08:29:36.186+0000] {processor.py:830} INFO - Processing file /home/airflow/.local/lib/python3.12/site-packages/airflow/example_dags/example_branch_python_dop_operator_3.py for tasks to queue
[2024-04-09T08:29:36.187+0000] {logging_mixin.py:188} INFO - [2024-04-09T08:29:36.187+0000] {dagbag.py:540} INFO - Filling up the DagBag from /home/airflow/.local/lib/python3.12/site-packages/airflow/example_dags/example_branch_python_dop_operator_3.py
[2024-04-09T08:29:36.192+0000] {processor.py:840} INFO - DAG(s) 'example_branch_dop_operator_v3' retrieved from /home/airflow/.local/lib/python3.12/site-packages/airflow/example_dags/example_branch_python_dop_operator_3.py
[2024-04-09T08:29:36.202+0000] {logging_mixin.py:188} INFO - [2024-04-09T08:29:36.202+0000] {dag.py:3096} INFO - Sync 1 DAGs
[2024-04-09T08:29:36.216+0000] {logging_mixin.py:188} INFO - [2024-04-09T08:29:36.216+0000] {dag.py:3954} INFO - Setting next_dagrun for example_branch_dop_operator_v3 to 2024-04-09 08:28:00+00:00, run_after=2024-04-09 08:29:00+00:00
[2024-04-09T08:29:36.226+0000] {processor.py:183} INFO - Processing /home/airflow/.local/lib/python3.12/site-packages/airflow/example_dags/example_branch_python_dop_operator_3.py took 0.043 seconds
[2024-04-09T08:30:06.893+0000] {processor.py:161} INFO - Started process (PID=708) to work on /home/airflow/.local/lib/python3.12/site-packages/airflow/example_dags/example_branch_python_dop_operator_3.py
[2024-04-09T08:30:06.893+0000] {processor.py:830} INFO - Processing file /home/airflow/.local/lib/python3.12/site-packages/airflow/example_dags/example_branch_python_dop_operator_3.py for tasks to queue
[2024-04-09T08:30:06.894+0000] {logging_mixin.py:188} INFO - [2024-04-09T08:30:06.894+0000] {dagbag.py:540} INFO - Filling up the DagBag from /home/airflow/.local/lib/python3.12/site-packages/airflow/example_dags/example_branch_python_dop_operator_3.py
[2024-04-09T08:30:06.899+0000] {processor.py:840} INFO - DAG(s) 'example_branch_dop_operator_v3' retrieved from /home/airflow/.local/lib/python3.12/site-packages/airflow/example_dags/example_branch_python_dop_operator_3.py
[2024-04-09T08:30:06.908+0000] {logging_mixin.py:188} INFO - [2024-04-09T08:30:06.908+0000] {dag.py:3096} INFO - Sync 1 DAGs
[2024-04-09T08:30:06.923+0000] {logging_mixin.py:188} INFO - [2024-04-09T08:30:06.922+0000] {dag.py:3954} INFO - Setting next_dagrun for example_branch_dop_operator_v3 to 2024-04-09 08:29:00+00:00, run_after=2024-04-09 08:30:00+00:00
[2024-04-09T08:30:06.932+0000] {processor.py:183} INFO - Processing /home/airflow/.local/lib/python3.12/site-packages/airflow/example_dags/example_branch_python_dop_operator_3.py took 0.042 seconds
[2024-04-09T08:30:37.731+0000] {processor.py:161} INFO - Started process (PID=766) to work on /home/airflow/.local/lib/python3.12/site-packages/airflow/example_dags/example_branch_python_dop_operator_3.py
[2024-04-09T08:30:37.732+0000] {processor.py:830} INFO - Processing file /home/airflow/.local/lib/python3.12/site-packages/airflow/example_dags/example_branch_python_dop_operator_3.py for tasks to queue
[2024-04-09T08:30:37.733+0000] {logging_mixin.py:188} INFO - [2024-04-09T08:30:37.733+0000] {dagbag.py:540} INFO - Filling up the DagBag from /home/airflow/.local/lib/python3.12/site-packages/airflow/example_dags/example_branch_python_dop_operator_3.py
[2024-04-09T08:30:37.738+0000] {processor.py:840} INFO - DAG(s) 'example_branch_dop_operator_v3' retrieved from /home/airflow/.local/lib/python3.12/site-packages/airflow/example_dags/example_branch_python_dop_operator_3.py
[2024-04-09T08:30:37.749+0000] {logging_mixin.py:188} INFO - [2024-04-09T08:30:37.749+0000] {dag.py:3096} INFO - Sync 1 DAGs
[2024-04-09T08:30:37.764+0000] {logging_mixin.py:188} INFO - [2024-04-09T08:30:37.764+0000] {dag.py:3954} INFO - Setting next_dagrun for example_branch_dop_operator_v3 to 2024-04-09 08:29:00+00:00, run_after=2024-04-09 08:30:00+00:00
[2024-04-09T08:30:37.778+0000] {processor.py:183} INFO - Processing /home/airflow/.local/lib/python3.12/site-packages/airflow/example_dags/example_branch_python_dop_operator_3.py took 0.050 seconds
[2024-04-09T08:31:08.088+0000] {processor.py:161} INFO - Started process (PID=824) to work on /home/airflow/.local/lib/python3.12/site-packages/airflow/example_dags/example_branch_python_dop_operator_3.py
[2024-04-09T08:31:08.089+0000] {processor.py:830} INFO - Processing file /home/airflow/.local/lib/python3.12/site-packages/airflow/example_dags/example_branch_python_dop_operator_3.py for tasks to queue
[2024-04-09T08:31:08.090+0000] {logging_mixin.py:188} INFO - [2024-04-09T08:31:08.090+0000] {dagbag.py:540} INFO - Filling up the DagBag from /home/airflow/.local/lib/python3.12/site-packages/airflow/example_dags/example_branch_python_dop_operator_3.py
[2024-04-09T08:31:08.095+0000] {processor.py:840} INFO - DAG(s) 'example_branch_dop_operator_v3' retrieved from /home/airflow/.local/lib/python3.12/site-packages/airflow/example_dags/example_branch_python_dop_operator_3.py
[2024-04-09T08:31:08.112+0000] {logging_mixin.py:188} INFO - [2024-04-09T08:31:08.112+0000] {dag.py:3096} INFO - Sync 1 DAGs
[2024-04-09T08:31:08.132+0000] {logging_mixin.py:188} INFO - [2024-04-09T08:31:08.132+0000] {dag.py:3954} INFO - Setting next_dagrun for example_branch_dop_operator_v3 to 2024-04-09 08:30:00+00:00, run_after=2024-04-09 08:31:00+00:00
[2024-04-09T08:31:08.146+0000] {processor.py:183} INFO - Processing /home/airflow/.local/lib/python3.12/site-packages/airflow/example_dags/example_branch_python_dop_operator_3.py took 0.061 seconds
[2024-04-09T08:31:38.908+0000] {processor.py:161} INFO - Started process (PID=882) to work on /home/airflow/.local/lib/python3.12/site-packages/airflow/example_dags/example_branch_python_dop_operator_3.py
[2024-04-09T08:31:38.909+0000] {processor.py:830} INFO - Processing file /home/airflow/.local/lib/python3.12/site-packages/airflow/example_dags/example_branch_python_dop_operator_3.py for tasks to queue
[2024-04-09T08:31:38.911+0000] {logging_mixin.py:188} INFO - [2024-04-09T08:31:38.911+0000] {dagbag.py:540} INFO - Filling up the DagBag from /home/airflow/.local/lib/python3.12/site-packages/airflow/example_dags/example_branch_python_dop_operator_3.py
[2024-04-09T08:31:38.917+0000] {processor.py:840} INFO - DAG(s) 'example_branch_dop_operator_v3' retrieved from /home/airflow/.local/lib/python3.12/site-packages/airflow/example_dags/example_branch_python_dop_operator_3.py
[2024-04-09T08:31:38.930+0000] {logging_mixin.py:188} INFO - [2024-04-09T08:31:38.930+0000] {dag.py:3096} INFO - Sync 1 DAGs
[2024-04-09T08:31:38.948+0000] {logging_mixin.py:188} INFO - [2024-04-09T08:31:38.948+0000] {dag.py:3954} INFO - Setting next_dagrun for example_branch_dop_operator_v3 to 2024-04-09 08:30:00+00:00, run_after=2024-04-09 08:31:00+00:00
[2024-04-09T08:31:38.962+0000] {processor.py:183} INFO - Processing /home/airflow/.local/lib/python3.12/site-packages/airflow/example_dags/example_branch_python_dop_operator_3.py took 0.056 seconds
[2024-04-09T08:32:09.227+0000] {processor.py:161} INFO - Started process (PID=940) to work on /home/airflow/.local/lib/python3.12/site-packages/airflow/example_dags/example_branch_python_dop_operator_3.py
[2024-04-09T08:32:09.228+0000] {processor.py:830} INFO - Processing file /home/airflow/.local/lib/python3.12/site-packages/airflow/example_dags/example_branch_python_dop_operator_3.py for tasks to queue
[2024-04-09T08:32:09.229+0000] {logging_mixin.py:188} INFO - [2024-04-09T08:32:09.228+0000] {dagbag.py:540} INFO - Filling up the DagBag from /home/airflow/.local/lib/python3.12/site-packages/airflow/example_dags/example_branch_python_dop_operator_3.py
[2024-04-09T08:32:09.233+0000] {processor.py:840} INFO - DAG(s) 'example_branch_dop_operator_v3' retrieved from /home/airflow/.local/lib/python3.12/site-packages/airflow/example_dags/example_branch_python_dop_operator_3.py
[2024-04-09T08:32:09.244+0000] {logging_mixin.py:188} INFO - [2024-04-09T08:32:09.244+0000] {dag.py:3096} INFO - Sync 1 DAGs
[2024-04-09T08:32:09.259+0000] {logging_mixin.py:188} INFO - [2024-04-09T08:32:09.259+0000] {dag.py:3954} INFO - Setting next_dagrun for example_branch_dop_operator_v3 to 2024-04-09 08:31:00+00:00, run_after=2024-04-09 08:32:00+00:00
[2024-04-09T08:32:09.270+0000] {processor.py:183} INFO - Processing /home/airflow/.local/lib/python3.12/site-packages/airflow/example_dags/example_branch_python_dop_operator_3.py took 0.046 seconds
[2024-04-09T08:32:39.867+0000] {processor.py:161} INFO - Started process (PID=998) to work on /home/airflow/.local/lib/python3.12/site-packages/airflow/example_dags/example_branch_python_dop_operator_3.py
[2024-04-09T08:32:39.867+0000] {processor.py:830} INFO - Processing file /home/airflow/.local/lib/python3.12/site-packages/airflow/example_dags/example_branch_python_dop_operator_3.py for tasks to queue
[2024-04-09T08:32:39.869+0000] {logging_mixin.py:188} INFO - [2024-04-09T08:32:39.868+0000] {dagbag.py:540} INFO - Filling up the DagBag from /home/airflow/.local/lib/python3.12/site-packages/airflow/example_dags/example_branch_python_dop_operator_3.py
[2024-04-09T08:32:39.873+0000] {processor.py:840} INFO - DAG(s) 'example_branch_dop_operator_v3' retrieved from /home/airflow/.local/lib/python3.12/site-packages/airflow/example_dags/example_branch_python_dop_operator_3.py
[2024-04-09T08:32:39.885+0000] {logging_mixin.py:188} INFO - [2024-04-09T08:32:39.885+0000] {dag.py:3096} INFO - Sync 1 DAGs
[2024-04-09T08:32:39.900+0000] {logging_mixin.py:188} INFO - [2024-04-09T08:32:39.900+0000] {dag.py:3954} INFO - Setting next_dagrun for example_branch_dop_operator_v3 to 2024-04-09 08:31:00+00:00, run_after=2024-04-09 08:32:00+00:00
[2024-04-09T08:32:40.038+0000] {processor.py:183} INFO - Processing /home/airflow/.local/lib/python3.12/site-packages/airflow/example_dags/example_branch_python_dop_operator_3.py took 0.175 seconds
[2024-04-09T08:33:11.028+0000] {processor.py:161} INFO - Started process (PID=1056) to work on /home/airflow/.local/lib/python3.12/site-packages/airflow/example_dags/example_branch_python_dop_operator_3.py
[2024-04-09T08:33:11.029+0000] {processor.py:830} INFO - Processing file /home/airflow/.local/lib/python3.12/site-packages/airflow/example_dags/example_branch_python_dop_operator_3.py for tasks to queue
[2024-04-09T08:33:11.030+0000] {logging_mixin.py:188} INFO - [2024-04-09T08:33:11.030+0000] {dagbag.py:540} INFO - Filling up the DagBag from /home/airflow/.local/lib/python3.12/site-packages/airflow/example_dags/example_branch_python_dop_operator_3.py
[2024-04-09T08:33:11.036+0000] {processor.py:840} INFO - DAG(s) 'example_branch_dop_operator_v3' retrieved from /home/airflow/.local/lib/python3.12/site-packages/airflow/example_dags/example_branch_python_dop_operator_3.py
[2024-04-09T08:33:11.048+0000] {logging_mixin.py:188} INFO - [2024-04-09T08:33:11.048+0000] {dag.py:3096} INFO - Sync 1 DAGs
[2024-04-09T08:33:11.065+0000] {logging_mixin.py:188} INFO - [2024-04-09T08:33:11.065+0000] {dag.py:3954} INFO - Setting next_dagrun for example_branch_dop_operator_v3 to 2024-04-09 08:32:00+00:00, run_after=2024-04-09 08:33:00+00:00
[2024-04-09T08:33:11.079+0000] {processor.py:183} INFO - Processing /home/airflow/.local/lib/python3.12/site-packages/airflow/example_dags/example_branch_python_dop_operator_3.py took 0.054 seconds
[2024-04-09T08:33:41.814+0000] {processor.py:161} INFO - Started process (PID=1114) to work on /home/airflow/.local/lib/python3.12/site-packages/airflow/example_dags/example_branch_python_dop_operator_3.py
[2024-04-09T08:33:41.815+0000] {processor.py:830} INFO - Processing file /home/airflow/.local/lib/python3.12/site-packages/airflow/example_dags/example_branch_python_dop_operator_3.py for tasks to queue
[2024-04-09T08:33:41.816+0000] {logging_mixin.py:188} INFO - [2024-04-09T08:33:41.816+0000] {dagbag.py:540} INFO - Filling up the DagBag from /home/airflow/.local/lib/python3.12/site-packages/airflow/example_dags/example_branch_python_dop_operator_3.py
[2024-04-09T08:33:41.821+0000] {processor.py:840} INFO - DAG(s) 'example_branch_dop_operator_v3' retrieved from /home/airflow/.local/lib/python3.12/site-packages/airflow/example_dags/example_branch_python_dop_operator_3.py
[2024-04-09T08:33:41.832+0000] {logging_mixin.py:188} INFO - [2024-04-09T08:33:41.831+0000] {dag.py:3096} INFO - Sync 1 DAGs
[2024-04-09T08:33:41.846+0000] {logging_mixin.py:188} INFO - [2024-04-09T08:33:41.846+0000] {dag.py:3954} INFO - Setting next_dagrun for example_branch_dop_operator_v3 to 2024-04-09 08:32:00+00:00, run_after=2024-04-09 08:33:00+00:00
[2024-04-09T08:33:41.858+0000] {processor.py:183} INFO - Processing /home/airflow/.local/lib/python3.12/site-packages/airflow/example_dags/example_branch_python_dop_operator_3.py took 0.047 seconds
[2024-04-09T08:34:12.329+0000] {processor.py:161} INFO - Started process (PID=1172) to work on /home/airflow/.local/lib/python3.12/site-packages/airflow/example_dags/example_branch_python_dop_operator_3.py
[2024-04-09T08:34:12.330+0000] {processor.py:830} INFO - Processing file /home/airflow/.local/lib/python3.12/site-packages/airflow/example_dags/example_branch_python_dop_operator_3.py for tasks to queue
[2024-04-09T08:34:12.331+0000] {logging_mixin.py:188} INFO - [2024-04-09T08:34:12.331+0000] {dagbag.py:540} INFO - Filling up the DagBag from /home/airflow/.local/lib/python3.12/site-packages/airflow/example_dags/example_branch_python_dop_operator_3.py
[2024-04-09T08:34:12.336+0000] {processor.py:840} INFO - DAG(s) 'example_branch_dop_operator_v3' retrieved from /home/airflow/.local/lib/python3.12/site-packages/airflow/example_dags/example_branch_python_dop_operator_3.py
[2024-04-09T08:34:12.347+0000] {logging_mixin.py:188} INFO - [2024-04-09T08:34:12.347+0000] {dag.py:3096} INFO - Sync 1 DAGs
[2024-04-09T08:34:12.362+0000] {logging_mixin.py:188} INFO - [2024-04-09T08:34:12.362+0000] {dag.py:3954} INFO - Setting next_dagrun for example_branch_dop_operator_v3 to 2024-04-09 08:33:00+00:00, run_after=2024-04-09 08:34:00+00:00
[2024-04-09T08:34:12.374+0000] {processor.py:183} INFO - Processing /home/airflow/.local/lib/python3.12/site-packages/airflow/example_dags/example_branch_python_dop_operator_3.py took 0.048 seconds
[2024-04-09T08:34:43.410+0000] {processor.py:161} INFO - Started process (PID=1230) to work on /home/airflow/.local/lib/python3.12/site-packages/airflow/example_dags/example_branch_python_dop_operator_3.py
[2024-04-09T08:34:43.410+0000] {processor.py:830} INFO - Processing file /home/airflow/.local/lib/python3.12/site-packages/airflow/example_dags/example_branch_python_dop_operator_3.py for tasks to queue
[2024-04-09T08:34:43.411+0000] {logging_mixin.py:188} INFO - [2024-04-09T08:34:43.411+0000] {dagbag.py:540} INFO - Filling up the DagBag from /home/airflow/.local/lib/python3.12/site-packages/airflow/example_dags/example_branch_python_dop_operator_3.py
[2024-04-09T08:34:43.416+0000] {processor.py:840} INFO - DAG(s) 'example_branch_dop_operator_v3' retrieved from /home/airflow/.local/lib/python3.12/site-packages/airflow/example_dags/example_branch_python_dop_operator_3.py
[2024-04-09T08:34:43.427+0000] {logging_mixin.py:188} INFO - [2024-04-09T08:34:43.427+0000] {dag.py:3096} INFO - Sync 1 DAGs
[2024-04-09T08:34:43.442+0000] {logging_mixin.py:188} INFO - [2024-04-09T08:34:43.442+0000] {dag.py:3954} INFO - Setting next_dagrun for example_branch_dop_operator_v3 to 2024-04-09 08:33:00+00:00, run_after=2024-04-09 08:34:00+00:00
[2024-04-09T08:34:43.455+0000] {processor.py:183} INFO - Processing /home/airflow/.local/lib/python3.12/site-packages/airflow/example_dags/example_branch_python_dop_operator_3.py took 0.049 seconds
[2024-04-09T08:35:13.621+0000] {processor.py:161} INFO - Started process (PID=1288) to work on /home/airflow/.local/lib/python3.12/site-packages/airflow/example_dags/example_branch_python_dop_operator_3.py
[2024-04-09T08:35:13.621+0000] {processor.py:830} INFO - Processing file /home/airflow/.local/lib/python3.12/site-packages/airflow/example_dags/example_branch_python_dop_operator_3.py for tasks to queue
[2024-04-09T08:35:13.622+0000] {logging_mixin.py:188} INFO - [2024-04-09T08:35:13.622+0000] {dagbag.py:540} INFO - Filling up the DagBag from /home/airflow/.local/lib/python3.12/site-packages/airflow/example_dags/example_branch_python_dop_operator_3.py
[2024-04-09T08:35:13.627+0000] {processor.py:840} INFO - DAG(s) 'example_branch_dop_operator_v3' retrieved from /home/airflow/.local/lib/python3.12/site-packages/airflow/example_dags/example_branch_python_dop_operator_3.py
[2024-04-09T08:35:13.639+0000] {logging_mixin.py:188} INFO - [2024-04-09T08:35:13.639+0000] {dag.py:3096} INFO - Sync 1 DAGs
[2024-04-09T08:35:13.656+0000] {logging_mixin.py:188} INFO - [2024-04-09T08:35:13.656+0000] {dag.py:3954} INFO - Setting next_dagrun for example_branch_dop_operator_v3 to 2024-04-09 08:34:00+00:00, run_after=2024-04-09 08:35:00+00:00
[2024-04-09T08:35:13.670+0000] {processor.py:183} INFO - Processing /home/airflow/.local/lib/python3.12/site-packages/airflow/example_dags/example_branch_python_dop_operator_3.py took 0.053 seconds
[2024-04-09T08:35:44.575+0000] {processor.py:161} INFO - Started process (PID=1346) to work on /home/airflow/.local/lib/python3.12/site-packages/airflow/example_dags/example_branch_python_dop_operator_3.py
[2024-04-09T08:35:44.575+0000] {processor.py:830} INFO - Processing file /home/airflow/.local/lib/python3.12/site-packages/airflow/example_dags/example_branch_python_dop_operator_3.py for tasks to queue
[2024-04-09T08:35:44.576+0000] {logging_mixin.py:188} INFO - [2024-04-09T08:35:44.576+0000] {dagbag.py:540} INFO - Filling up the DagBag from /home/airflow/.local/lib/python3.12/site-packages/airflow/example_dags/example_branch_python_dop_operator_3.py
[2024-04-09T08:35:44.581+0000] {processor.py:840} INFO - DAG(s) 'example_branch_dop_operator_v3' retrieved from /home/airflow/.local/lib/python3.12/site-packages/airflow/example_dags/example_branch_python_dop_operator_3.py
[2024-04-09T08:35:44.592+0000] {logging_mixin.py:188} INFO - [2024-04-09T08:35:44.592+0000] {dag.py:3096} INFO - Sync 1 DAGs
[2024-04-09T08:35:44.608+0000] {logging_mixin.py:188} INFO - [2024-04-09T08:35:44.608+0000] {dag.py:3954} INFO - Setting next_dagrun for example_branch_dop_operator_v3 to 2024-04-09 08:34:00+00:00, run_after=2024-04-09 08:35:00+00:00
[2024-04-09T08:35:44.618+0000] {processor.py:183} INFO - Processing /home/airflow/.local/lib/python3.12/site-packages/airflow/example_dags/example_branch_python_dop_operator_3.py took 0.047 seconds
[2024-04-09T08:36:15.388+0000] {processor.py:161} INFO - Started process (PID=1404) to work on /home/airflow/.local/lib/python3.12/site-packages/airflow/example_dags/example_branch_python_dop_operator_3.py
[2024-04-09T08:36:15.389+0000] {processor.py:830} INFO - Processing file /home/airflow/.local/lib/python3.12/site-packages/airflow/example_dags/example_branch_python_dop_operator_3.py for tasks to queue
[2024-04-09T08:36:15.390+0000] {logging_mixin.py:188} INFO - [2024-04-09T08:36:15.390+0000] {dagbag.py:540} INFO - Filling up the DagBag from /home/airflow/.local/lib/python3.12/site-packages/airflow/example_dags/example_branch_python_dop_operator_3.py
[2024-04-09T08:36:15.395+0000] {processor.py:840} INFO - DAG(s) 'example_branch_dop_operator_v3' retrieved from /home/airflow/.local/lib/python3.12/site-packages/airflow/example_dags/example_branch_python_dop_operator_3.py
[2024-04-09T08:36:15.405+0000] {logging_mixin.py:188} INFO - [2024-04-09T08:36:15.405+0000] {dag.py:3096} INFO - Sync 1 DAGs
[2024-04-09T08:36:15.420+0000] {logging_mixin.py:188} INFO - [2024-04-09T08:36:15.420+0000] {dag.py:3954} INFO - Setting next_dagrun for example_branch_dop_operator_v3 to 2024-04-09 08:35:00+00:00, run_after=2024-04-09 08:36:00+00:00
[2024-04-09T08:36:15.432+0000] {processor.py:183} INFO - Processing /home/airflow/.local/lib/python3.12/site-packages/airflow/example_dags/example_branch_python_dop_operator_3.py took 0.047 seconds
[2024-04-09T08:36:45.886+0000] {processor.py:161} INFO - Started process (PID=1462) to work on /home/airflow/.local/lib/python3.12/site-packages/airflow/example_dags/example_branch_python_dop_operator_3.py
[2024-04-09T08:36:45.886+0000] {processor.py:830} INFO - Processing file /home/airflow/.local/lib/python3.12/site-packages/airflow/example_dags/example_branch_python_dop_operator_3.py for tasks to queue
[2024-04-09T08:36:45.887+0000] {logging_mixin.py:188} INFO - [2024-04-09T08:36:45.887+0000] {dagbag.py:540} INFO - Filling up the DagBag from /home/airflow/.local/lib/python3.12/site-packages/airflow/example_dags/example_branch_python_dop_operator_3.py
[2024-04-09T08:36:45.892+0000] {processor.py:840} INFO - DAG(s) 'example_branch_dop_operator_v3' retrieved from /home/airflow/.local/lib/python3.12/site-packages/airflow/example_dags/example_branch_python_dop_operator_3.py
[2024-04-09T08:36:45.903+0000] {logging_mixin.py:188} INFO - [2024-04-09T08:36:45.902+0000] {dag.py:3096} INFO - Sync 1 DAGs
[2024-04-09T08:36:45.917+0000] {logging_mixin.py:188} INFO - [2024-04-09T08:36:45.917+0000] {dag.py:3954} INFO - Setting next_dagrun for example_branch_dop_operator_v3 to 2024-04-09 08:35:00+00:00, run_after=2024-04-09 08:36:00+00:00
[2024-04-09T08:36:45.928+0000] {processor.py:183} INFO - Processing /home/airflow/.local/lib/python3.12/site-packages/airflow/example_dags/example_branch_python_dop_operator_3.py took 0.045 seconds
[2024-04-09T08:37:16.557+0000] {processor.py:161} INFO - Started process (PID=1520) to work on /home/airflow/.local/lib/python3.12/site-packages/airflow/example_dags/example_branch_python_dop_operator_3.py
[2024-04-09T08:37:16.557+0000] {processor.py:830} INFO - Processing file /home/airflow/.local/lib/python3.12/site-packages/airflow/example_dags/example_branch_python_dop_operator_3.py for tasks to queue
[2024-04-09T08:37:16.559+0000] {logging_mixin.py:188} INFO - [2024-04-09T08:37:16.558+0000] {dagbag.py:540} INFO - Filling up the DagBag from /home/airflow/.local/lib/python3.12/site-packages/airflow/example_dags/example_branch_python_dop_operator_3.py
[2024-04-09T08:37:16.564+0000] {processor.py:840} INFO - DAG(s) 'example_branch_dop_operator_v3' retrieved from /home/airflow/.local/lib/python3.12/site-packages/airflow/example_dags/example_branch_python_dop_operator_3.py
[2024-04-09T08:37:16.576+0000] {logging_mixin.py:188} INFO - [2024-04-09T08:37:16.576+0000] {dag.py:3096} INFO - Sync 1 DAGs
[2024-04-09T08:37:16.592+0000] {logging_mixin.py:188} INFO - [2024-04-09T08:37:16.592+0000] {dag.py:3954} INFO - Setting next_dagrun for example_branch_dop_operator_v3 to 2024-04-09 08:36:00+00:00, run_after=2024-04-09 08:37:00+00:00
[2024-04-09T08:37:16.604+0000] {processor.py:183} INFO - Processing /home/airflow/.local/lib/python3.12/site-packages/airflow/example_dags/example_branch_python_dop_operator_3.py took 0.051 seconds
[2024-04-09T08:37:47.062+0000] {processor.py:161} INFO - Started process (PID=1578) to work on /home/airflow/.local/lib/python3.12/site-packages/airflow/example_dags/example_branch_python_dop_operator_3.py
[2024-04-09T08:37:47.062+0000] {processor.py:830} INFO - Processing file /home/airflow/.local/lib/python3.12/site-packages/airflow/example_dags/example_branch_python_dop_operator_3.py for tasks to queue
[2024-04-09T08:37:47.063+0000] {logging_mixin.py:188} INFO - [2024-04-09T08:37:47.063+0000] {dagbag.py:540} INFO - Filling up the DagBag from /home/airflow/.local/lib/python3.12/site-packages/airflow/example_dags/example_branch_python_dop_operator_3.py
[2024-04-09T08:37:47.068+0000] {processor.py:840} INFO - DAG(s) 'example_branch_dop_operator_v3' retrieved from /home/airflow/.local/lib/python3.12/site-packages/airflow/example_dags/example_branch_python_dop_operator_3.py
[2024-04-09T08:37:47.080+0000] {logging_mixin.py:188} INFO - [2024-04-09T08:37:47.080+0000] {dag.py:3096} INFO - Sync 1 DAGs
[2024-04-09T08:37:47.095+0000] {logging_mixin.py:188} INFO - [2024-04-09T08:37:47.095+0000] {dag.py:3954} INFO - Setting next_dagrun for example_branch_dop_operator_v3 to 2024-04-09 08:36:00+00:00, run_after=2024-04-09 08:37:00+00:00
[2024-04-09T08:37:47.107+0000] {processor.py:183} INFO - Processing /home/airflow/.local/lib/python3.12/site-packages/airflow/example_dags/example_branch_python_dop_operator_3.py took 0.048 seconds
[2024-04-09T08:38:17.664+0000] {processor.py:161} INFO - Started process (PID=1636) to work on /home/airflow/.local/lib/python3.12/site-packages/airflow/example_dags/example_branch_python_dop_operator_3.py
[2024-04-09T08:38:17.665+0000] {processor.py:830} INFO - Processing file /home/airflow/.local/lib/python3.12/site-packages/airflow/example_dags/example_branch_python_dop_operator_3.py for tasks to queue
[2024-04-09T08:38:17.666+0000] {logging_mixin.py:188} INFO - [2024-04-09T08:38:17.666+0000] {dagbag.py:540} INFO - Filling up the DagBag from /home/airflow/.local/lib/python3.12/site-packages/airflow/example_dags/example_branch_python_dop_operator_3.py
[2024-04-09T08:38:17.671+0000] {processor.py:840} INFO - DAG(s) 'example_branch_dop_operator_v3' retrieved from /home/airflow/.local/lib/python3.12/site-packages/airflow/example_dags/example_branch_python_dop_operator_3.py
[2024-04-09T08:38:17.799+0000] {logging_mixin.py:188} INFO - [2024-04-09T08:38:17.799+0000] {dag.py:3096} INFO - Sync 1 DAGs
[2024-04-09T08:38:17.818+0000] {logging_mixin.py:188} INFO - [2024-04-09T08:38:17.818+0000] {dag.py:3954} INFO - Setting next_dagrun for example_branch_dop_operator_v3 to 2024-04-09 08:37:00+00:00, run_after=2024-04-09 08:38:00+00:00
[2024-04-09T08:38:17.829+0000] {processor.py:183} INFO - Processing /home/airflow/.local/lib/python3.12/site-packages/airflow/example_dags/example_branch_python_dop_operator_3.py took 0.169 seconds
[2024-04-09T08:38:48.438+0000] {processor.py:161} INFO - Started process (PID=1700) to work on /home/airflow/.local/lib/python3.12/site-packages/airflow/example_dags/example_branch_python_dop_operator_3.py
[2024-04-09T08:38:48.438+0000] {processor.py:830} INFO - Processing file /home/airflow/.local/lib/python3.12/site-packages/airflow/example_dags/example_branch_python_dop_operator_3.py for tasks to queue
[2024-04-09T08:38:48.439+0000] {logging_mixin.py:188} INFO - [2024-04-09T08:38:48.439+0000] {dagbag.py:540} INFO - Filling up the DagBag from /home/airflow/.local/lib/python3.12/site-packages/airflow/example_dags/example_branch_python_dop_operator_3.py
[2024-04-09T08:38:48.444+0000] {processor.py:840} INFO - DAG(s) 'example_branch_dop_operator_v3' retrieved from /home/airflow/.local/lib/python3.12/site-packages/airflow/example_dags/example_branch_python_dop_operator_3.py
[2024-04-09T08:38:48.455+0000] {logging_mixin.py:188} INFO - [2024-04-09T08:38:48.455+0000] {dag.py:3096} INFO - Sync 1 DAGs
[2024-04-09T08:38:48.469+0000] {logging_mixin.py:188} INFO - [2024-04-09T08:38:48.469+0000] {dag.py:3954} INFO - Setting next_dagrun for example_branch_dop_operator_v3 to 2024-04-09 08:37:00+00:00, run_after=2024-04-09 08:38:00+00:00
[2024-04-09T08:38:48.481+0000] {processor.py:183} INFO - Processing /home/airflow/.local/lib/python3.12/site-packages/airflow/example_dags/example_branch_python_dop_operator_3.py took 0.047 seconds
[2024-04-09T08:39:19.109+0000] {processor.py:161} INFO - Started process (PID=1758) to work on /home/airflow/.local/lib/python3.12/site-packages/airflow/example_dags/example_branch_python_dop_operator_3.py
[2024-04-09T08:39:19.109+0000] {processor.py:830} INFO - Processing file /home/airflow/.local/lib/python3.12/site-packages/airflow/example_dags/example_branch_python_dop_operator_3.py for tasks to queue
[2024-04-09T08:39:19.110+0000] {logging_mixin.py:188} INFO - [2024-04-09T08:39:19.110+0000] {dagbag.py:540} INFO - Filling up the DagBag from /home/airflow/.local/lib/python3.12/site-packages/airflow/example_dags/example_branch_python_dop_operator_3.py
[2024-04-09T08:39:19.115+0000] {processor.py:840} INFO - DAG(s) 'example_branch_dop_operator_v3' retrieved from /home/airflow/.local/lib/python3.12/site-packages/airflow/example_dags/example_branch_python_dop_operator_3.py
[2024-04-09T08:39:19.126+0000] {logging_mixin.py:188} INFO - [2024-04-09T08:39:19.126+0000] {dag.py:3096} INFO - Sync 1 DAGs
[2024-04-09T08:39:19.142+0000] {logging_mixin.py:188} INFO - [2024-04-09T08:39:19.141+0000] {dag.py:3954} INFO - Setting next_dagrun for example_branch_dop_operator_v3 to 2024-04-09 08:38:00+00:00, run_after=2024-04-09 08:39:00+00:00
[2024-04-09T08:39:19.153+0000] {processor.py:183} INFO - Processing /home/airflow/.local/lib/python3.12/site-packages/airflow/example_dags/example_branch_python_dop_operator_3.py took 0.047 seconds
[2024-04-09T08:39:49.810+0000] {processor.py:161} INFO - Started process (PID=1816) to work on /home/airflow/.local/lib/python3.12/site-packages/airflow/example_dags/example_branch_python_dop_operator_3.py
[2024-04-09T08:39:49.811+0000] {processor.py:830} INFO - Processing file /home/airflow/.local/lib/python3.12/site-packages/airflow/example_dags/example_branch_python_dop_operator_3.py for tasks to queue
[2024-04-09T08:39:49.812+0000] {logging_mixin.py:188} INFO - [2024-04-09T08:39:49.812+0000] {dagbag.py:540} INFO - Filling up the DagBag from /home/airflow/.local/lib/python3.12/site-packages/airflow/example_dags/example_branch_python_dop_operator_3.py
[2024-04-09T08:39:49.816+0000] {processor.py:840} INFO - DAG(s) 'example_branch_dop_operator_v3' retrieved from /home/airflow/.local/lib/python3.12/site-packages/airflow/example_dags/example_branch_python_dop_operator_3.py
[2024-04-09T08:39:49.827+0000] {logging_mixin.py:188} INFO - [2024-04-09T08:39:49.827+0000] {dag.py:3096} INFO - Sync 1 DAGs
[2024-04-09T08:39:49.842+0000] {logging_mixin.py:188} INFO - [2024-04-09T08:39:49.842+0000] {dag.py:3954} INFO - Setting next_dagrun for example_branch_dop_operator_v3 to 2024-04-09 08:38:00+00:00, run_after=2024-04-09 08:39:00+00:00
[2024-04-09T08:39:49.854+0000] {processor.py:183} INFO - Processing /home/airflow/.local/lib/python3.12/site-packages/airflow/example_dags/example_branch_python_dop_operator_3.py took 0.047 seconds
[2024-04-09T08:40:20.487+0000] {processor.py:161} INFO - Started process (PID=1874) to work on /home/airflow/.local/lib/python3.12/site-packages/airflow/example_dags/example_branch_python_dop_operator_3.py
[2024-04-09T08:40:20.488+0000] {processor.py:830} INFO - Processing file /home/airflow/.local/lib/python3.12/site-packages/airflow/example_dags/example_branch_python_dop_operator_3.py for tasks to queue
[2024-04-09T08:40:20.489+0000] {logging_mixin.py:188} INFO - [2024-04-09T08:40:20.489+0000] {dagbag.py:540} INFO - Filling up the DagBag from /home/airflow/.local/lib/python3.12/site-packages/airflow/example_dags/example_branch_python_dop_operator_3.py
[2024-04-09T08:40:20.494+0000] {processor.py:840} INFO - DAG(s) 'example_branch_dop_operator_v3' retrieved from /home/airflow/.local/lib/python3.12/site-packages/airflow/example_dags/example_branch_python_dop_operator_3.py
[2024-04-09T08:40:20.504+0000] {logging_mixin.py:188} INFO - [2024-04-09T08:40:20.504+0000] {dag.py:3096} INFO - Sync 1 DAGs
[2024-04-09T08:40:20.519+0000] {logging_mixin.py:188} INFO - [2024-04-09T08:40:20.519+0000] {dag.py:3954} INFO - Setting next_dagrun for example_branch_dop_operator_v3 to 2024-04-09 08:39:00+00:00, run_after=2024-04-09 08:40:00+00:00
[2024-04-09T08:40:20.530+0000] {processor.py:183} INFO - Processing /home/airflow/.local/lib/python3.12/site-packages/airflow/example_dags/example_branch_python_dop_operator_3.py took 0.046 seconds
[2024-04-09T08:40:51.111+0000] {processor.py:161} INFO - Started process (PID=1932) to work on /home/airflow/.local/lib/python3.12/site-packages/airflow/example_dags/example_branch_python_dop_operator_3.py
[2024-04-09T08:40:51.112+0000] {processor.py:830} INFO - Processing file /home/airflow/.local/lib/python3.12/site-packages/airflow/example_dags/example_branch_python_dop_operator_3.py for tasks to queue
[2024-04-09T08:40:51.113+0000] {logging_mixin.py:188} INFO - [2024-04-09T08:40:51.113+0000] {dagbag.py:540} INFO - Filling up the DagBag from /home/airflow/.local/lib/python3.12/site-packages/airflow/example_dags/example_branch_python_dop_operator_3.py
[2024-04-09T08:40:51.117+0000] {processor.py:840} INFO - DAG(s) 'example_branch_dop_operator_v3' retrieved from /home/airflow/.local/lib/python3.12/site-packages/airflow/example_dags/example_branch_python_dop_operator_3.py
[2024-04-09T08:40:51.130+0000] {logging_mixin.py:188} INFO - [2024-04-09T08:40:51.129+0000] {dag.py:3096} INFO - Sync 1 DAGs
[2024-04-09T08:40:51.145+0000] {logging_mixin.py:188} INFO - [2024-04-09T08:40:51.145+0000] {dag.py:3954} INFO - Setting next_dagrun for example_branch_dop_operator_v3 to 2024-04-09 08:39:00+00:00, run_after=2024-04-09 08:40:00+00:00
[2024-04-09T08:40:51.156+0000] {processor.py:183} INFO - Processing /home/airflow/.local/lib/python3.12/site-packages/airflow/example_dags/example_branch_python_dop_operator_3.py took 0.048 seconds
[2024-04-09T08:41:21.877+0000] {processor.py:161} INFO - Started process (PID=1990) to work on /home/airflow/.local/lib/python3.12/site-packages/airflow/example_dags/example_branch_python_dop_operator_3.py
[2024-04-09T08:41:21.878+0000] {processor.py:830} INFO - Processing file /home/airflow/.local/lib/python3.12/site-packages/airflow/example_dags/example_branch_python_dop_operator_3.py for tasks to queue
[2024-04-09T08:41:21.879+0000] {logging_mixin.py:188} INFO - [2024-04-09T08:41:21.878+0000] {dagbag.py:540} INFO - Filling up the DagBag from /home/airflow/.local/lib/python3.12/site-packages/airflow/example_dags/example_branch_python_dop_operator_3.py
[2024-04-09T08:41:21.883+0000] {processor.py:840} INFO - DAG(s) 'example_branch_dop_operator_v3' retrieved from /home/airflow/.local/lib/python3.12/site-packages/airflow/example_dags/example_branch_python_dop_operator_3.py
[2024-04-09T08:41:21.895+0000] {logging_mixin.py:188} INFO - [2024-04-09T08:41:21.895+0000] {dag.py:3096} INFO - Sync 1 DAGs
[2024-04-09T08:41:21.910+0000] {logging_mixin.py:188} INFO - [2024-04-09T08:41:21.910+0000] {dag.py:3954} INFO - Setting next_dagrun for example_branch_dop_operator_v3 to 2024-04-09 08:40:00+00:00, run_after=2024-04-09 08:41:00+00:00
[2024-04-09T08:41:21.923+0000] {processor.py:183} INFO - Processing /home/airflow/.local/lib/python3.12/site-packages/airflow/example_dags/example_branch_python_dop_operator_3.py took 0.049 seconds
[2024-04-09T08:41:52.493+0000] {processor.py:161} INFO - Started process (PID=2048) to work on /home/airflow/.local/lib/python3.12/site-packages/airflow/example_dags/example_branch_python_dop_operator_3.py
[2024-04-09T08:41:52.494+0000] {processor.py:830} INFO - Processing file /home/airflow/.local/lib/python3.12/site-packages/airflow/example_dags/example_branch_python_dop_operator_3.py for tasks to queue
[2024-04-09T08:41:52.495+0000] {logging_mixin.py:188} INFO - [2024-04-09T08:41:52.494+0000] {dagbag.py:540} INFO - Filling up the DagBag from /home/airflow/.local/lib/python3.12/site-packages/airflow/example_dags/example_branch_python_dop_operator_3.py
[2024-04-09T08:41:52.499+0000] {processor.py:840} INFO - DAG(s) 'example_branch_dop_operator_v3' retrieved from /home/airflow/.local/lib/python3.12/site-packages/airflow/example_dags/example_branch_python_dop_operator_3.py
[2024-04-09T08:41:52.510+0000] {logging_mixin.py:188} INFO - [2024-04-09T08:41:52.510+0000] {dag.py:3096} INFO - Sync 1 DAGs
[2024-04-09T08:41:52.525+0000] {logging_mixin.py:188} INFO - [2024-04-09T08:41:52.524+0000] {dag.py:3954} INFO - Setting next_dagrun for example_branch_dop_operator_v3 to 2024-04-09 08:40:00+00:00, run_after=2024-04-09 08:41:00+00:00
[2024-04-09T08:41:52.537+0000] {processor.py:183} INFO - Processing /home/airflow/.local/lib/python3.12/site-packages/airflow/example_dags/example_branch_python_dop_operator_3.py took 0.047 seconds
[2024-04-09T08:42:23.141+0000] {processor.py:161} INFO - Started process (PID=2106) to work on /home/airflow/.local/lib/python3.12/site-packages/airflow/example_dags/example_branch_python_dop_operator_3.py
[2024-04-09T08:42:23.142+0000] {processor.py:830} INFO - Processing file /home/airflow/.local/lib/python3.12/site-packages/airflow/example_dags/example_branch_python_dop_operator_3.py for tasks to queue
[2024-04-09T08:42:23.143+0000] {logging_mixin.py:188} INFO - [2024-04-09T08:42:23.143+0000] {dagbag.py:540} INFO - Filling up the DagBag from /home/airflow/.local/lib/python3.12/site-packages/airflow/example_dags/example_branch_python_dop_operator_3.py
[2024-04-09T08:42:23.148+0000] {processor.py:840} INFO - DAG(s) 'example_branch_dop_operator_v3' retrieved from /home/airflow/.local/lib/python3.12/site-packages/airflow/example_dags/example_branch_python_dop_operator_3.py
[2024-04-09T08:42:23.158+0000] {logging_mixin.py:188} INFO - [2024-04-09T08:42:23.158+0000] {dag.py:3096} INFO - Sync 1 DAGs
[2024-04-09T08:42:23.173+0000] {logging_mixin.py:188} INFO - [2024-04-09T08:42:23.173+0000] {dag.py:3954} INFO - Setting next_dagrun for example_branch_dop_operator_v3 to 2024-04-09 08:41:00+00:00, run_after=2024-04-09 08:42:00+00:00
[2024-04-09T08:42:23.186+0000] {processor.py:183} INFO - Processing /home/airflow/.local/lib/python3.12/site-packages/airflow/example_dags/example_branch_python_dop_operator_3.py took 0.048 seconds
[2024-04-09T08:42:53.863+0000] {processor.py:161} INFO - Started process (PID=2164) to work on /home/airflow/.local/lib/python3.12/site-packages/airflow/example_dags/example_branch_python_dop_operator_3.py
[2024-04-09T08:42:53.863+0000] {processor.py:830} INFO - Processing file /home/airflow/.local/lib/python3.12/site-packages/airflow/example_dags/example_branch_python_dop_operator_3.py for tasks to queue
[2024-04-09T08:42:53.864+0000] {logging_mixin.py:188} INFO - [2024-04-09T08:42:53.864+0000] {dagbag.py:540} INFO - Filling up the DagBag from /home/airflow/.local/lib/python3.12/site-packages/airflow/example_dags/example_branch_python_dop_operator_3.py
[2024-04-09T08:42:53.869+0000] {processor.py:840} INFO - DAG(s) 'example_branch_dop_operator_v3' retrieved from /home/airflow/.local/lib/python3.12/site-packages/airflow/example_dags/example_branch_python_dop_operator_3.py
[2024-04-09T08:42:53.880+0000] {logging_mixin.py:188} INFO - [2024-04-09T08:42:53.879+0000] {dag.py:3096} INFO - Sync 1 DAGs
[2024-04-09T08:42:53.894+0000] {logging_mixin.py:188} INFO - [2024-04-09T08:42:53.894+0000] {dag.py:3954} INFO - Setting next_dagrun for example_branch_dop_operator_v3 to 2024-04-09 08:41:00+00:00, run_after=2024-04-09 08:42:00+00:00
[2024-04-09T08:42:53.904+0000] {processor.py:183} INFO - Processing /home/airflow/.local/lib/python3.12/site-packages/airflow/example_dags/example_branch_python_dop_operator_3.py took 0.044 seconds
[2024-04-09T08:43:24.522+0000] {processor.py:161} INFO - Started process (PID=2222) to work on /home/airflow/.local/lib/python3.12/site-packages/airflow/example_dags/example_branch_python_dop_operator_3.py
[2024-04-09T08:43:24.523+0000] {processor.py:830} INFO - Processing file /home/airflow/.local/lib/python3.12/site-packages/airflow/example_dags/example_branch_python_dop_operator_3.py for tasks to queue
[2024-04-09T08:43:24.524+0000] {logging_mixin.py:188} INFO - [2024-04-09T08:43:24.524+0000] {dagbag.py:540} INFO - Filling up the DagBag from /home/airflow/.local/lib/python3.12/site-packages/airflow/example_dags/example_branch_python_dop_operator_3.py
[2024-04-09T08:43:24.529+0000] {processor.py:840} INFO - DAG(s) 'example_branch_dop_operator_v3' retrieved from /home/airflow/.local/lib/python3.12/site-packages/airflow/example_dags/example_branch_python_dop_operator_3.py
[2024-04-09T08:43:24.540+0000] {logging_mixin.py:188} INFO - [2024-04-09T08:43:24.539+0000] {dag.py:3096} INFO - Sync 1 DAGs
[2024-04-09T08:43:24.554+0000] {logging_mixin.py:188} INFO - [2024-04-09T08:43:24.554+0000] {dag.py:3954} INFO - Setting next_dagrun for example_branch_dop_operator_v3 to 2024-04-09 08:42:00+00:00, run_after=2024-04-09 08:43:00+00:00
[2024-04-09T08:43:24.565+0000] {processor.py:183} INFO - Processing /home/airflow/.local/lib/python3.12/site-packages/airflow/example_dags/example_branch_python_dop_operator_3.py took 0.046 seconds
[2024-04-09T08:43:55.198+0000] {processor.py:161} INFO - Started process (PID=2280) to work on /home/airflow/.local/lib/python3.12/site-packages/airflow/example_dags/example_branch_python_dop_operator_3.py
[2024-04-09T08:43:55.199+0000] {processor.py:830} INFO - Processing file /home/airflow/.local/lib/python3.12/site-packages/airflow/example_dags/example_branch_python_dop_operator_3.py for tasks to queue
[2024-04-09T08:43:55.200+0000] {logging_mixin.py:188} INFO - [2024-04-09T08:43:55.200+0000] {dagbag.py:540} INFO - Filling up the DagBag from /home/airflow/.local/lib/python3.12/site-packages/airflow/example_dags/example_branch_python_dop_operator_3.py
[2024-04-09T08:43:55.205+0000] {processor.py:840} INFO - DAG(s) 'example_branch_dop_operator_v3' retrieved from /home/airflow/.local/lib/python3.12/site-packages/airflow/example_dags/example_branch_python_dop_operator_3.py
[2024-04-09T08:43:55.215+0000] {logging_mixin.py:188} INFO - [2024-04-09T08:43:55.215+0000] {dag.py:3096} INFO - Sync 1 DAGs
[2024-04-09T08:43:55.231+0000] {logging_mixin.py:188} INFO - [2024-04-09T08:43:55.231+0000] {dag.py:3954} INFO - Setting next_dagrun for example_branch_dop_operator_v3 to 2024-04-09 08:42:00+00:00, run_after=2024-04-09 08:43:00+00:00
[2024-04-09T08:43:55.243+0000] {processor.py:183} INFO - Processing /home/airflow/.local/lib/python3.12/site-packages/airflow/example_dags/example_branch_python_dop_operator_3.py took 0.048 seconds
[2024-04-09T08:44:25.979+0000] {processor.py:161} INFO - Started process (PID=2338) to work on /home/airflow/.local/lib/python3.12/site-packages/airflow/example_dags/example_branch_python_dop_operator_3.py
[2024-04-09T08:44:25.979+0000] {processor.py:830} INFO - Processing file /home/airflow/.local/lib/python3.12/site-packages/airflow/example_dags/example_branch_python_dop_operator_3.py for tasks to queue
[2024-04-09T08:44:25.980+0000] {logging_mixin.py:188} INFO - [2024-04-09T08:44:25.980+0000] {dagbag.py:540} INFO - Filling up the DagBag from /home/airflow/.local/lib/python3.12/site-packages/airflow/example_dags/example_branch_python_dop_operator_3.py
[2024-04-09T08:44:25.985+0000] {processor.py:840} INFO - DAG(s) 'example_branch_dop_operator_v3' retrieved from /home/airflow/.local/lib/python3.12/site-packages/airflow/example_dags/example_branch_python_dop_operator_3.py
[2024-04-09T08:44:25.996+0000] {logging_mixin.py:188} INFO - [2024-04-09T08:44:25.996+0000] {dag.py:3096} INFO - Sync 1 DAGs
[2024-04-09T08:44:26.012+0000] {logging_mixin.py:188} INFO - [2024-04-09T08:44:26.011+0000] {dag.py:3954} INFO - Setting next_dagrun for example_branch_dop_operator_v3 to 2024-04-09 08:43:00+00:00, run_after=2024-04-09 08:44:00+00:00
[2024-04-09T08:44:26.023+0000] {processor.py:183} INFO - Processing /home/airflow/.local/lib/python3.12/site-packages/airflow/example_dags/example_branch_python_dop_operator_3.py took 0.047 seconds
[2024-04-09T08:44:56.751+0000] {processor.py:161} INFO - Started process (PID=2396) to work on /home/airflow/.local/lib/python3.12/site-packages/airflow/example_dags/example_branch_python_dop_operator_3.py
[2024-04-09T08:44:56.751+0000] {processor.py:830} INFO - Processing file /home/airflow/.local/lib/python3.12/site-packages/airflow/example_dags/example_branch_python_dop_operator_3.py for tasks to queue
[2024-04-09T08:44:56.752+0000] {logging_mixin.py:188} INFO - [2024-04-09T08:44:56.752+0000] {dagbag.py:540} INFO - Filling up the DagBag from /home/airflow/.local/lib/python3.12/site-packages/airflow/example_dags/example_branch_python_dop_operator_3.py
[2024-04-09T08:44:56.758+0000] {processor.py:840} INFO - DAG(s) 'example_branch_dop_operator_v3' retrieved from /home/airflow/.local/lib/python3.12/site-packages/airflow/example_dags/example_branch_python_dop_operator_3.py
[2024-04-09T08:44:56.769+0000] {logging_mixin.py:188} INFO - [2024-04-09T08:44:56.769+0000] {dag.py:3096} INFO - Sync 1 DAGs
[2024-04-09T08:44:56.788+0000] {logging_mixin.py:188} INFO - [2024-04-09T08:44:56.788+0000] {dag.py:3954} INFO - Setting next_dagrun for example_branch_dop_operator_v3 to 2024-04-09 08:43:00+00:00, run_after=2024-04-09 08:44:00+00:00
[2024-04-09T08:44:56.801+0000] {processor.py:183} INFO - Processing /home/airflow/.local/lib/python3.12/site-packages/airflow/example_dags/example_branch_python_dop_operator_3.py took 0.053 seconds
[2024-04-09T08:45:27.457+0000] {processor.py:161} INFO - Started process (PID=2454) to work on /home/airflow/.local/lib/python3.12/site-packages/airflow/example_dags/example_branch_python_dop_operator_3.py
[2024-04-09T08:45:27.458+0000] {processor.py:830} INFO - Processing file /home/airflow/.local/lib/python3.12/site-packages/airflow/example_dags/example_branch_python_dop_operator_3.py for tasks to queue
[2024-04-09T08:45:27.459+0000] {logging_mixin.py:188} INFO - [2024-04-09T08:45:27.458+0000] {dagbag.py:540} INFO - Filling up the DagBag from /home/airflow/.local/lib/python3.12/site-packages/airflow/example_dags/example_branch_python_dop_operator_3.py
[2024-04-09T08:45:27.463+0000] {processor.py:840} INFO - DAG(s) 'example_branch_dop_operator_v3' retrieved from /home/airflow/.local/lib/python3.12/site-packages/airflow/example_dags/example_branch_python_dop_operator_3.py
[2024-04-09T08:45:27.474+0000] {logging_mixin.py:188} INFO - [2024-04-09T08:45:27.474+0000] {dag.py:3096} INFO - Sync 1 DAGs
[2024-04-09T08:45:27.491+0000] {logging_mixin.py:188} INFO - [2024-04-09T08:45:27.491+0000] {dag.py:3954} INFO - Setting next_dagrun for example_branch_dop_operator_v3 to 2024-04-09 08:44:00+00:00, run_after=2024-04-09 08:45:00+00:00
[2024-04-09T08:45:27.503+0000] {processor.py:183} INFO - Processing /home/airflow/.local/lib/python3.12/site-packages/airflow/example_dags/example_branch_python_dop_operator_3.py took 0.049 seconds
[2024-04-09T08:45:58.121+0000] {processor.py:161} INFO - Started process (PID=2512) to work on /home/airflow/.local/lib/python3.12/site-packages/airflow/example_dags/example_branch_python_dop_operator_3.py
[2024-04-09T08:45:58.121+0000] {processor.py:830} INFO - Processing file /home/airflow/.local/lib/python3.12/site-packages/airflow/example_dags/example_branch_python_dop_operator_3.py for tasks to queue
[2024-04-09T08:45:58.122+0000] {logging_mixin.py:188} INFO - [2024-04-09T08:45:58.122+0000] {dagbag.py:540} INFO - Filling up the DagBag from /home/airflow/.local/lib/python3.12/site-packages/airflow/example_dags/example_branch_python_dop_operator_3.py
[2024-04-09T08:45:58.127+0000] {processor.py:840} INFO - DAG(s) 'example_branch_dop_operator_v3' retrieved from /home/airflow/.local/lib/python3.12/site-packages/airflow/example_dags/example_branch_python_dop_operator_3.py
[2024-04-09T08:45:58.139+0000] {logging_mixin.py:188} INFO - [2024-04-09T08:45:58.139+0000] {dag.py:3096} INFO - Sync 1 DAGs
[2024-04-09T08:45:58.155+0000] {logging_mixin.py:188} INFO - [2024-04-09T08:45:58.155+0000] {dag.py:3954} INFO - Setting next_dagrun for example_branch_dop_operator_v3 to 2024-04-09 08:44:00+00:00, run_after=2024-04-09 08:45:00+00:00
[2024-04-09T08:45:58.168+0000] {processor.py:183} INFO - Processing /home/airflow/.local/lib/python3.12/site-packages/airflow/example_dags/example_branch_python_dop_operator_3.py took 0.051 seconds
[2024-04-09T08:46:28.810+0000] {processor.py:161} INFO - Started process (PID=2570) to work on /home/airflow/.local/lib/python3.12/site-packages/airflow/example_dags/example_branch_python_dop_operator_3.py
[2024-04-09T08:46:28.810+0000] {processor.py:830} INFO - Processing file /home/airflow/.local/lib/python3.12/site-packages/airflow/example_dags/example_branch_python_dop_operator_3.py for tasks to queue
[2024-04-09T08:46:28.811+0000] {logging_mixin.py:188} INFO - [2024-04-09T08:46:28.811+0000] {dagbag.py:540} INFO - Filling up the DagBag from /home/airflow/.local/lib/python3.12/site-packages/airflow/example_dags/example_branch_python_dop_operator_3.py
[2024-04-09T08:46:28.816+0000] {processor.py:840} INFO - DAG(s) 'example_branch_dop_operator_v3' retrieved from /home/airflow/.local/lib/python3.12/site-packages/airflow/example_dags/example_branch_python_dop_operator_3.py
[2024-04-09T08:46:28.826+0000] {logging_mixin.py:188} INFO - [2024-04-09T08:46:28.826+0000] {dag.py:3096} INFO - Sync 1 DAGs
[2024-04-09T08:46:28.841+0000] {logging_mixin.py:188} INFO - [2024-04-09T08:46:28.840+0000] {dag.py:3954} INFO - Setting next_dagrun for example_branch_dop_operator_v3 to 2024-04-09 08:45:00+00:00, run_after=2024-04-09 08:46:00+00:00
[2024-04-09T08:46:28.851+0000] {processor.py:183} INFO - Processing /home/airflow/.local/lib/python3.12/site-packages/airflow/example_dags/example_branch_python_dop_operator_3.py took 0.044 seconds
[2024-04-09T08:46:59.403+0000] {processor.py:161} INFO - Started process (PID=2628) to work on /home/airflow/.local/lib/python3.12/site-packages/airflow/example_dags/example_branch_python_dop_operator_3.py
[2024-04-09T08:46:59.404+0000] {processor.py:830} INFO - Processing file /home/airflow/.local/lib/python3.12/site-packages/airflow/example_dags/example_branch_python_dop_operator_3.py for tasks to queue
[2024-04-09T08:46:59.405+0000] {logging_mixin.py:188} INFO - [2024-04-09T08:46:59.405+0000] {dagbag.py:540} INFO - Filling up the DagBag from /home/airflow/.local/lib/python3.12/site-packages/airflow/example_dags/example_branch_python_dop_operator_3.py
[2024-04-09T08:46:59.410+0000] {processor.py:840} INFO - DAG(s) 'example_branch_dop_operator_v3' retrieved from /home/airflow/.local/lib/python3.12/site-packages/airflow/example_dags/example_branch_python_dop_operator_3.py
[2024-04-09T08:46:59.420+0000] {logging_mixin.py:188} INFO - [2024-04-09T08:46:59.420+0000] {dag.py:3096} INFO - Sync 1 DAGs
[2024-04-09T08:46:59.435+0000] {logging_mixin.py:188} INFO - [2024-04-09T08:46:59.435+0000] {dag.py:3954} INFO - Setting next_dagrun for example_branch_dop_operator_v3 to 2024-04-09 08:45:00+00:00, run_after=2024-04-09 08:46:00+00:00
[2024-04-09T08:46:59.446+0000] {processor.py:183} INFO - Processing /home/airflow/.local/lib/python3.12/site-packages/airflow/example_dags/example_branch_python_dop_operator_3.py took 0.045 seconds
[2024-04-09T08:47:30.046+0000] {processor.py:161} INFO - Started process (PID=2686) to work on /home/airflow/.local/lib/python3.12/site-packages/airflow/example_dags/example_branch_python_dop_operator_3.py
[2024-04-09T08:47:30.046+0000] {processor.py:830} INFO - Processing file /home/airflow/.local/lib/python3.12/site-packages/airflow/example_dags/example_branch_python_dop_operator_3.py for tasks to queue
[2024-04-09T08:47:30.047+0000] {logging_mixin.py:188} INFO - [2024-04-09T08:47:30.047+0000] {dagbag.py:540} INFO - Filling up the DagBag from /home/airflow/.local/lib/python3.12/site-packages/airflow/example_dags/example_branch_python_dop_operator_3.py
[2024-04-09T08:47:30.052+0000] {processor.py:840} INFO - DAG(s) 'example_branch_dop_operator_v3' retrieved from /home/airflow/.local/lib/python3.12/site-packages/airflow/example_dags/example_branch_python_dop_operator_3.py
[2024-04-09T08:47:30.064+0000] {logging_mixin.py:188} INFO - [2024-04-09T08:47:30.064+0000] {dag.py:3096} INFO - Sync 1 DAGs
[2024-04-09T08:47:30.080+0000] {logging_mixin.py:188} INFO - [2024-04-09T08:47:30.080+0000] {dag.py:3954} INFO - Setting next_dagrun for example_branch_dop_operator_v3 to 2024-04-09 08:46:00+00:00, run_after=2024-04-09 08:47:00+00:00
[2024-04-09T08:47:30.091+0000] {processor.py:183} INFO - Processing /home/airflow/.local/lib/python3.12/site-packages/airflow/example_dags/example_branch_python_dop_operator_3.py took 0.049 seconds
[2024-04-09T08:48:00.663+0000] {processor.py:161} INFO - Started process (PID=2744) to work on /home/airflow/.local/lib/python3.12/site-packages/airflow/example_dags/example_branch_python_dop_operator_3.py
[2024-04-09T08:48:00.663+0000] {processor.py:830} INFO - Processing file /home/airflow/.local/lib/python3.12/site-packages/airflow/example_dags/example_branch_python_dop_operator_3.py for tasks to queue
[2024-04-09T08:48:00.664+0000] {logging_mixin.py:188} INFO - [2024-04-09T08:48:00.664+0000] {dagbag.py:540} INFO - Filling up the DagBag from /home/airflow/.local/lib/python3.12/site-packages/airflow/example_dags/example_branch_python_dop_operator_3.py
[2024-04-09T08:48:00.669+0000] {processor.py:840} INFO - DAG(s) 'example_branch_dop_operator_v3' retrieved from /home/airflow/.local/lib/python3.12/site-packages/airflow/example_dags/example_branch_python_dop_operator_3.py
[2024-04-09T08:48:00.679+0000] {logging_mixin.py:188} INFO - [2024-04-09T08:48:00.679+0000] {dag.py:3096} INFO - Sync 1 DAGs
[2024-04-09T08:48:00.694+0000] {logging_mixin.py:188} INFO - [2024-04-09T08:48:00.694+0000] {dag.py:3954} INFO - Setting next_dagrun for example_branch_dop_operator_v3 to 2024-04-09 08:47:00+00:00, run_after=2024-04-09 08:48:00+00:00
[2024-04-09T08:48:00.704+0000] {processor.py:183} INFO - Processing /home/airflow/.local/lib/python3.12/site-packages/airflow/example_dags/example_branch_python_dop_operator_3.py took 0.045 seconds
[2024-04-09T08:48:31.329+0000] {processor.py:161} INFO - Started process (PID=2802) to work on /home/airflow/.local/lib/python3.12/site-packages/airflow/example_dags/example_branch_python_dop_operator_3.py
[2024-04-09T08:48:31.330+0000] {processor.py:830} INFO - Processing file /home/airflow/.local/lib/python3.12/site-packages/airflow/example_dags/example_branch_python_dop_operator_3.py for tasks to queue
[2024-04-09T08:48:31.331+0000] {logging_mixin.py:188} INFO - [2024-04-09T08:48:31.331+0000] {dagbag.py:540} INFO - Filling up the DagBag from /home/airflow/.local/lib/python3.12/site-packages/airflow/example_dags/example_branch_python_dop_operator_3.py
[2024-04-09T08:48:31.335+0000] {processor.py:840} INFO - DAG(s) 'example_branch_dop_operator_v3' retrieved from /home/airflow/.local/lib/python3.12/site-packages/airflow/example_dags/example_branch_python_dop_operator_3.py
[2024-04-09T08:48:31.346+0000] {logging_mixin.py:188} INFO - [2024-04-09T08:48:31.346+0000] {dag.py:3096} INFO - Sync 1 DAGs
[2024-04-09T08:48:31.361+0000] {logging_mixin.py:188} INFO - [2024-04-09T08:48:31.361+0000] {dag.py:3954} INFO - Setting next_dagrun for example_branch_dop_operator_v3 to 2024-04-09 08:47:00+00:00, run_after=2024-04-09 08:48:00+00:00
[2024-04-09T08:48:31.372+0000] {processor.py:183} INFO - Processing /home/airflow/.local/lib/python3.12/site-packages/airflow/example_dags/example_branch_python_dop_operator_3.py took 0.046 seconds
[2024-04-09T08:49:01.925+0000] {processor.py:161} INFO - Started process (PID=2860) to work on /home/airflow/.local/lib/python3.12/site-packages/airflow/example_dags/example_branch_python_dop_operator_3.py
[2024-04-09T08:49:01.925+0000] {processor.py:830} INFO - Processing file /home/airflow/.local/lib/python3.12/site-packages/airflow/example_dags/example_branch_python_dop_operator_3.py for tasks to queue
[2024-04-09T08:49:01.926+0000] {logging_mixin.py:188} INFO - [2024-04-09T08:49:01.926+0000] {dagbag.py:540} INFO - Filling up the DagBag from /home/airflow/.local/lib/python3.12/site-packages/airflow/example_dags/example_branch_python_dop_operator_3.py
[2024-04-09T08:49:01.931+0000] {processor.py:840} INFO - DAG(s) 'example_branch_dop_operator_v3' retrieved from /home/airflow/.local/lib/python3.12/site-packages/airflow/example_dags/example_branch_python_dop_operator_3.py
[2024-04-09T08:49:01.941+0000] {logging_mixin.py:188} INFO - [2024-04-09T08:49:01.941+0000] {dag.py:3096} INFO - Sync 1 DAGs
[2024-04-09T08:49:01.956+0000] {logging_mixin.py:188} INFO - [2024-04-09T08:49:01.955+0000] {dag.py:3954} INFO - Setting next_dagrun for example_branch_dop_operator_v3 to 2024-04-09 08:48:00+00:00, run_after=2024-04-09 08:49:00+00:00
[2024-04-09T08:49:01.966+0000] {processor.py:183} INFO - Processing /home/airflow/.local/lib/python3.12/site-packages/airflow/example_dags/example_branch_python_dop_operator_3.py took 0.044 seconds
[2024-04-09T08:49:32.625+0000] {processor.py:161} INFO - Started process (PID=2918) to work on /home/airflow/.local/lib/python3.12/site-packages/airflow/example_dags/example_branch_python_dop_operator_3.py
[2024-04-09T08:49:32.625+0000] {processor.py:830} INFO - Processing file /home/airflow/.local/lib/python3.12/site-packages/airflow/example_dags/example_branch_python_dop_operator_3.py for tasks to queue
[2024-04-09T08:49:32.626+0000] {logging_mixin.py:188} INFO - [2024-04-09T08:49:32.626+0000] {dagbag.py:540} INFO - Filling up the DagBag from /home/airflow/.local/lib/python3.12/site-packages/airflow/example_dags/example_branch_python_dop_operator_3.py
[2024-04-09T08:49:32.631+0000] {processor.py:840} INFO - DAG(s) 'example_branch_dop_operator_v3' retrieved from /home/airflow/.local/lib/python3.12/site-packages/airflow/example_dags/example_branch_python_dop_operator_3.py
[2024-04-09T08:49:32.643+0000] {logging_mixin.py:188} INFO - [2024-04-09T08:49:32.643+0000] {dag.py:3096} INFO - Sync 1 DAGs
[2024-04-09T08:49:32.659+0000] {logging_mixin.py:188} INFO - [2024-04-09T08:49:32.659+0000] {dag.py:3954} INFO - Setting next_dagrun for example_branch_dop_operator_v3 to 2024-04-09 08:48:00+00:00, run_after=2024-04-09 08:49:00+00:00
[2024-04-09T08:49:32.670+0000] {processor.py:183} INFO - Processing /home/airflow/.local/lib/python3.12/site-packages/airflow/example_dags/example_branch_python_dop_operator_3.py took 0.048 seconds
[2024-04-09T08:50:03.343+0000] {processor.py:161} INFO - Started process (PID=2976) to work on /home/airflow/.local/lib/python3.12/site-packages/airflow/example_dags/example_branch_python_dop_operator_3.py
[2024-04-09T08:50:03.344+0000] {processor.py:830} INFO - Processing file /home/airflow/.local/lib/python3.12/site-packages/airflow/example_dags/example_branch_python_dop_operator_3.py for tasks to queue
[2024-04-09T08:50:03.345+0000] {logging_mixin.py:188} INFO - [2024-04-09T08:50:03.344+0000] {dagbag.py:540} INFO - Filling up the DagBag from /home/airflow/.local/lib/python3.12/site-packages/airflow/example_dags/example_branch_python_dop_operator_3.py
[2024-04-09T08:50:03.349+0000] {processor.py:840} INFO - DAG(s) 'example_branch_dop_operator_v3' retrieved from /home/airflow/.local/lib/python3.12/site-packages/airflow/example_dags/example_branch_python_dop_operator_3.py
[2024-04-09T08:50:03.360+0000] {logging_mixin.py:188} INFO - [2024-04-09T08:50:03.359+0000] {dag.py:3096} INFO - Sync 1 DAGs
[2024-04-09T08:50:03.374+0000] {logging_mixin.py:188} INFO - [2024-04-09T08:50:03.373+0000] {dag.py:3954} INFO - Setting next_dagrun for example_branch_dop_operator_v3 to 2024-04-09 08:49:00+00:00, run_after=2024-04-09 08:50:00+00:00
[2024-04-09T08:50:03.384+0000] {processor.py:183} INFO - Processing /home/airflow/.local/lib/python3.12/site-packages/airflow/example_dags/example_branch_python_dop_operator_3.py took 0.044 seconds
[2024-04-09T08:50:33.975+0000] {processor.py:161} INFO - Started process (PID=3034) to work on /home/airflow/.local/lib/python3.12/site-packages/airflow/example_dags/example_branch_python_dop_operator_3.py
[2024-04-09T08:50:33.975+0000] {processor.py:830} INFO - Processing file /home/airflow/.local/lib/python3.12/site-packages/airflow/example_dags/example_branch_python_dop_operator_3.py for tasks to queue
[2024-04-09T08:50:33.976+0000] {logging_mixin.py:188} INFO - [2024-04-09T08:50:33.976+0000] {dagbag.py:540} INFO - Filling up the DagBag from /home/airflow/.local/lib/python3.12/site-packages/airflow/example_dags/example_branch_python_dop_operator_3.py
[2024-04-09T08:50:33.981+0000] {processor.py:840} INFO - DAG(s) 'example_branch_dop_operator_v3' retrieved from /home/airflow/.local/lib/python3.12/site-packages/airflow/example_dags/example_branch_python_dop_operator_3.py
[2024-04-09T08:50:33.991+0000] {logging_mixin.py:188} INFO - [2024-04-09T08:50:33.991+0000] {dag.py:3096} INFO - Sync 1 DAGs
[2024-04-09T08:50:34.005+0000] {logging_mixin.py:188} INFO - [2024-04-09T08:50:34.005+0000] {dag.py:3954} INFO - Setting next_dagrun for example_branch_dop_operator_v3 to 2024-04-09 08:49:00+00:00, run_after=2024-04-09 08:50:00+00:00
[2024-04-09T08:50:34.015+0000] {processor.py:183} INFO - Processing /home/airflow/.local/lib/python3.12/site-packages/airflow/example_dags/example_branch_python_dop_operator_3.py took 0.044 seconds
[2024-04-09T08:51:04.548+0000] {processor.py:161} INFO - Started process (PID=3092) to work on /home/airflow/.local/lib/python3.12/site-packages/airflow/example_dags/example_branch_python_dop_operator_3.py
[2024-04-09T08:51:04.549+0000] {processor.py:830} INFO - Processing file /home/airflow/.local/lib/python3.12/site-packages/airflow/example_dags/example_branch_python_dop_operator_3.py for tasks to queue
[2024-04-09T08:51:04.550+0000] {logging_mixin.py:188} INFO - [2024-04-09T08:51:04.550+0000] {dagbag.py:540} INFO - Filling up the DagBag from /home/airflow/.local/lib/python3.12/site-packages/airflow/example_dags/example_branch_python_dop_operator_3.py
[2024-04-09T08:51:04.555+0000] {processor.py:840} INFO - DAG(s) 'example_branch_dop_operator_v3' retrieved from /home/airflow/.local/lib/python3.12/site-packages/airflow/example_dags/example_branch_python_dop_operator_3.py
[2024-04-09T08:51:04.566+0000] {logging_mixin.py:188} INFO - [2024-04-09T08:51:04.566+0000] {dag.py:3096} INFO - Sync 1 DAGs
[2024-04-09T08:51:04.582+0000] {logging_mixin.py:188} INFO - [2024-04-09T08:51:04.581+0000] {dag.py:3954} INFO - Setting next_dagrun for example_branch_dop_operator_v3 to 2024-04-09 08:50:00+00:00, run_after=2024-04-09 08:51:00+00:00
[2024-04-09T08:51:04.593+0000] {processor.py:183} INFO - Processing /home/airflow/.local/lib/python3.12/site-packages/airflow/example_dags/example_branch_python_dop_operator_3.py took 0.047 seconds
[2024-04-09T08:51:35.015+0000] {processor.py:161} INFO - Started process (PID=3150) to work on /home/airflow/.local/lib/python3.12/site-packages/airflow/example_dags/example_branch_python_dop_operator_3.py
[2024-04-09T08:51:35.016+0000] {processor.py:830} INFO - Processing file /home/airflow/.local/lib/python3.12/site-packages/airflow/example_dags/example_branch_python_dop_operator_3.py for tasks to queue
[2024-04-09T08:51:35.017+0000] {logging_mixin.py:188} INFO - [2024-04-09T08:51:35.017+0000] {dagbag.py:540} INFO - Filling up the DagBag from /home/airflow/.local/lib/python3.12/site-packages/airflow/example_dags/example_branch_python_dop_operator_3.py
[2024-04-09T08:51:35.022+0000] {processor.py:840} INFO - DAG(s) 'example_branch_dop_operator_v3' retrieved from /home/airflow/.local/lib/python3.12/site-packages/airflow/example_dags/example_branch_python_dop_operator_3.py
[2024-04-09T08:51:35.033+0000] {logging_mixin.py:188} INFO - [2024-04-09T08:51:35.033+0000] {dag.py:3096} INFO - Sync 1 DAGs
[2024-04-09T08:51:35.048+0000] {logging_mixin.py:188} INFO - [2024-04-09T08:51:35.048+0000] {dag.py:3954} INFO - Setting next_dagrun for example_branch_dop_operator_v3 to 2024-04-09 08:50:00+00:00, run_after=2024-04-09 08:51:00+00:00
[2024-04-09T08:51:35.059+0000] {processor.py:183} INFO - Processing /home/airflow/.local/lib/python3.12/site-packages/airflow/example_dags/example_branch_python_dop_operator_3.py took 0.047 seconds
[2024-04-09T08:52:05.638+0000] {processor.py:161} INFO - Started process (PID=3208) to work on /home/airflow/.local/lib/python3.12/site-packages/airflow/example_dags/example_branch_python_dop_operator_3.py
[2024-04-09T08:52:05.638+0000] {processor.py:830} INFO - Processing file /home/airflow/.local/lib/python3.12/site-packages/airflow/example_dags/example_branch_python_dop_operator_3.py for tasks to queue
[2024-04-09T08:52:05.639+0000] {logging_mixin.py:188} INFO - [2024-04-09T08:52:05.639+0000] {dagbag.py:540} INFO - Filling up the DagBag from /home/airflow/.local/lib/python3.12/site-packages/airflow/example_dags/example_branch_python_dop_operator_3.py
[2024-04-09T08:52:05.644+0000] {processor.py:840} INFO - DAG(s) 'example_branch_dop_operator_v3' retrieved from /home/airflow/.local/lib/python3.12/site-packages/airflow/example_dags/example_branch_python_dop_operator_3.py
[2024-04-09T08:52:05.656+0000] {logging_mixin.py:188} INFO - [2024-04-09T08:52:05.656+0000] {dag.py:3096} INFO - Sync 1 DAGs
[2024-04-09T08:52:05.671+0000] {logging_mixin.py:188} INFO - [2024-04-09T08:52:05.671+0000] {dag.py:3954} INFO - Setting next_dagrun for example_branch_dop_operator_v3 to 2024-04-09 08:51:00+00:00, run_after=2024-04-09 08:52:00+00:00
[2024-04-09T08:52:05.682+0000] {processor.py:183} INFO - Processing /home/airflow/.local/lib/python3.12/site-packages/airflow/example_dags/example_branch_python_dop_operator_3.py took 0.048 seconds
[2024-04-09T08:52:36.284+0000] {processor.py:161} INFO - Started process (PID=3266) to work on /home/airflow/.local/lib/python3.12/site-packages/airflow/example_dags/example_branch_python_dop_operator_3.py
[2024-04-09T08:52:36.284+0000] {processor.py:830} INFO - Processing file /home/airflow/.local/lib/python3.12/site-packages/airflow/example_dags/example_branch_python_dop_operator_3.py for tasks to queue
[2024-04-09T08:52:36.285+0000] {logging_mixin.py:188} INFO - [2024-04-09T08:52:36.285+0000] {dagbag.py:540} INFO - Filling up the DagBag from /home/airflow/.local/lib/python3.12/site-packages/airflow/example_dags/example_branch_python_dop_operator_3.py
[2024-04-09T08:52:36.290+0000] {processor.py:840} INFO - DAG(s) 'example_branch_dop_operator_v3' retrieved from /home/airflow/.local/lib/python3.12/site-packages/airflow/example_dags/example_branch_python_dop_operator_3.py
[2024-04-09T08:52:36.301+0000] {logging_mixin.py:188} INFO - [2024-04-09T08:52:36.301+0000] {dag.py:3096} INFO - Sync 1 DAGs
[2024-04-09T08:52:36.316+0000] {logging_mixin.py:188} INFO - [2024-04-09T08:52:36.316+0000] {dag.py:3954} INFO - Setting next_dagrun for example_branch_dop_operator_v3 to 2024-04-09 08:51:00+00:00, run_after=2024-04-09 08:52:00+00:00
[2024-04-09T08:52:36.328+0000] {processor.py:183} INFO - Processing /home/airflow/.local/lib/python3.12/site-packages/airflow/example_dags/example_branch_python_dop_operator_3.py took 0.047 seconds
[2024-04-09T08:53:06.913+0000] {processor.py:161} INFO - Started process (PID=3324) to work on /home/airflow/.local/lib/python3.12/site-packages/airflow/example_dags/example_branch_python_dop_operator_3.py
[2024-04-09T08:53:06.914+0000] {processor.py:830} INFO - Processing file /home/airflow/.local/lib/python3.12/site-packages/airflow/example_dags/example_branch_python_dop_operator_3.py for tasks to queue
[2024-04-09T08:53:06.915+0000] {logging_mixin.py:188} INFO - [2024-04-09T08:53:06.915+0000] {dagbag.py:540} INFO - Filling up the DagBag from /home/airflow/.local/lib/python3.12/site-packages/airflow/example_dags/example_branch_python_dop_operator_3.py
[2024-04-09T08:53:06.922+0000] {processor.py:840} INFO - DAG(s) 'example_branch_dop_operator_v3' retrieved from /home/airflow/.local/lib/python3.12/site-packages/airflow/example_dags/example_branch_python_dop_operator_3.py
[2024-04-09T08:53:06.935+0000] {logging_mixin.py:188} INFO - [2024-04-09T08:53:06.935+0000] {dag.py:3096} INFO - Sync 1 DAGs
[2024-04-09T08:53:06.957+0000] {logging_mixin.py:188} INFO - [2024-04-09T08:53:06.956+0000] {dag.py:3954} INFO - Setting next_dagrun for example_branch_dop_operator_v3 to 2024-04-09 08:52:00+00:00, run_after=2024-04-09 08:53:00+00:00
[2024-04-09T08:53:06.973+0000] {processor.py:183} INFO - Processing /home/airflow/.local/lib/python3.12/site-packages/airflow/example_dags/example_branch_python_dop_operator_3.py took 0.063 seconds
[2024-04-09T08:53:37.099+0000] {processor.py:161} INFO - Started process (PID=3382) to work on /home/airflow/.local/lib/python3.12/site-packages/airflow/example_dags/example_branch_python_dop_operator_3.py
[2024-04-09T08:53:37.100+0000] {processor.py:830} INFO - Processing file /home/airflow/.local/lib/python3.12/site-packages/airflow/example_dags/example_branch_python_dop_operator_3.py for tasks to queue
[2024-04-09T08:53:37.101+0000] {logging_mixin.py:188} INFO - [2024-04-09T08:53:37.100+0000] {dagbag.py:540} INFO - Filling up the DagBag from /home/airflow/.local/lib/python3.12/site-packages/airflow/example_dags/example_branch_python_dop_operator_3.py
[2024-04-09T08:53:37.106+0000] {processor.py:840} INFO - DAG(s) 'example_branch_dop_operator_v3' retrieved from /home/airflow/.local/lib/python3.12/site-packages/airflow/example_dags/example_branch_python_dop_operator_3.py
[2024-04-09T08:53:37.118+0000] {logging_mixin.py:188} INFO - [2024-04-09T08:53:37.118+0000] {dag.py:3096} INFO - Sync 1 DAGs
[2024-04-09T08:53:37.136+0000] {logging_mixin.py:188} INFO - [2024-04-09T08:53:37.136+0000] {dag.py:3954} INFO - Setting next_dagrun for example_branch_dop_operator_v3 to 2024-04-09 08:52:00+00:00, run_after=2024-04-09 08:53:00+00:00
[2024-04-09T08:53:37.149+0000] {processor.py:183} INFO - Processing /home/airflow/.local/lib/python3.12/site-packages/airflow/example_dags/example_branch_python_dop_operator_3.py took 0.053 seconds
[2024-04-09T08:54:07.806+0000] {processor.py:161} INFO - Started process (PID=3440) to work on /home/airflow/.local/lib/python3.12/site-packages/airflow/example_dags/example_branch_python_dop_operator_3.py
[2024-04-09T08:54:07.807+0000] {processor.py:830} INFO - Processing file /home/airflow/.local/lib/python3.12/site-packages/airflow/example_dags/example_branch_python_dop_operator_3.py for tasks to queue
[2024-04-09T08:54:07.808+0000] {logging_mixin.py:188} INFO - [2024-04-09T08:54:07.808+0000] {dagbag.py:540} INFO - Filling up the DagBag from /home/airflow/.local/lib/python3.12/site-packages/airflow/example_dags/example_branch_python_dop_operator_3.py
[2024-04-09T08:54:07.813+0000] {processor.py:840} INFO - DAG(s) 'example_branch_dop_operator_v3' retrieved from /home/airflow/.local/lib/python3.12/site-packages/airflow/example_dags/example_branch_python_dop_operator_3.py
[2024-04-09T08:54:07.825+0000] {logging_mixin.py:188} INFO - [2024-04-09T08:54:07.825+0000] {dag.py:3096} INFO - Sync 1 DAGs
[2024-04-09T08:54:07.840+0000] {logging_mixin.py:188} INFO - [2024-04-09T08:54:07.840+0000] {dag.py:3954} INFO - Setting next_dagrun for example_branch_dop_operator_v3 to 2024-04-09 08:53:00+00:00, run_after=2024-04-09 08:54:00+00:00
[2024-04-09T08:54:07.852+0000] {processor.py:183} INFO - Processing /home/airflow/.local/lib/python3.12/site-packages/airflow/example_dags/example_branch_python_dop_operator_3.py took 0.049 seconds
[2024-04-09T08:54:38.471+0000] {processor.py:161} INFO - Started process (PID=3498) to work on /home/airflow/.local/lib/python3.12/site-packages/airflow/example_dags/example_branch_python_dop_operator_3.py
[2024-04-09T08:54:38.472+0000] {processor.py:830} INFO - Processing file /home/airflow/.local/lib/python3.12/site-packages/airflow/example_dags/example_branch_python_dop_operator_3.py for tasks to queue
[2024-04-09T08:54:38.473+0000] {logging_mixin.py:188} INFO - [2024-04-09T08:54:38.472+0000] {dagbag.py:540} INFO - Filling up the DagBag from /home/airflow/.local/lib/python3.12/site-packages/airflow/example_dags/example_branch_python_dop_operator_3.py
[2024-04-09T08:54:38.477+0000] {processor.py:840} INFO - DAG(s) 'example_branch_dop_operator_v3' retrieved from /home/airflow/.local/lib/python3.12/site-packages/airflow/example_dags/example_branch_python_dop_operator_3.py
[2024-04-09T08:54:38.488+0000] {logging_mixin.py:188} INFO - [2024-04-09T08:54:38.487+0000] {dag.py:3096} INFO - Sync 1 DAGs
[2024-04-09T08:54:38.502+0000] {logging_mixin.py:188} INFO - [2024-04-09T08:54:38.502+0000] {dag.py:3954} INFO - Setting next_dagrun for example_branch_dop_operator_v3 to 2024-04-09 08:53:00+00:00, run_after=2024-04-09 08:54:00+00:00
[2024-04-09T08:54:38.513+0000] {processor.py:183} INFO - Processing /home/airflow/.local/lib/python3.12/site-packages/airflow/example_dags/example_branch_python_dop_operator_3.py took 0.045 seconds
[2024-04-09T08:55:09.106+0000] {processor.py:161} INFO - Started process (PID=3556) to work on /home/airflow/.local/lib/python3.12/site-packages/airflow/example_dags/example_branch_python_dop_operator_3.py
[2024-04-09T08:55:09.107+0000] {processor.py:830} INFO - Processing file /home/airflow/.local/lib/python3.12/site-packages/airflow/example_dags/example_branch_python_dop_operator_3.py for tasks to queue
[2024-04-09T08:55:09.108+0000] {logging_mixin.py:188} INFO - [2024-04-09T08:55:09.108+0000] {dagbag.py:540} INFO - Filling up the DagBag from /home/airflow/.local/lib/python3.12/site-packages/airflow/example_dags/example_branch_python_dop_operator_3.py
[2024-04-09T08:55:09.113+0000] {processor.py:840} INFO - DAG(s) 'example_branch_dop_operator_v3' retrieved from /home/airflow/.local/lib/python3.12/site-packages/airflow/example_dags/example_branch_python_dop_operator_3.py
[2024-04-09T08:55:09.124+0000] {logging_mixin.py:188} INFO - [2024-04-09T08:55:09.124+0000] {dag.py:3096} INFO - Sync 1 DAGs
[2024-04-09T08:55:09.139+0000] {logging_mixin.py:188} INFO - [2024-04-09T08:55:09.139+0000] {dag.py:3954} INFO - Setting next_dagrun for example_branch_dop_operator_v3 to 2024-04-09 08:54:00+00:00, run_after=2024-04-09 08:55:00+00:00
[2024-04-09T08:55:09.150+0000] {processor.py:183} INFO - Processing /home/airflow/.local/lib/python3.12/site-packages/airflow/example_dags/example_branch_python_dop_operator_3.py took 0.047 seconds
[2024-04-09T08:55:39.746+0000] {processor.py:161} INFO - Started process (PID=3614) to work on /home/airflow/.local/lib/python3.12/site-packages/airflow/example_dags/example_branch_python_dop_operator_3.py
[2024-04-09T08:55:39.747+0000] {processor.py:830} INFO - Processing file /home/airflow/.local/lib/python3.12/site-packages/airflow/example_dags/example_branch_python_dop_operator_3.py for tasks to queue
[2024-04-09T08:55:39.748+0000] {logging_mixin.py:188} INFO - [2024-04-09T08:55:39.748+0000] {dagbag.py:540} INFO - Filling up the DagBag from /home/airflow/.local/lib/python3.12/site-packages/airflow/example_dags/example_branch_python_dop_operator_3.py
[2024-04-09T08:55:39.752+0000] {processor.py:840} INFO - DAG(s) 'example_branch_dop_operator_v3' retrieved from /home/airflow/.local/lib/python3.12/site-packages/airflow/example_dags/example_branch_python_dop_operator_3.py
[2024-04-09T08:55:39.763+0000] {logging_mixin.py:188} INFO - [2024-04-09T08:55:39.763+0000] {dag.py:3096} INFO - Sync 1 DAGs
[2024-04-09T08:55:39.778+0000] {logging_mixin.py:188} INFO - [2024-04-09T08:55:39.777+0000] {dag.py:3954} INFO - Setting next_dagrun for example_branch_dop_operator_v3 to 2024-04-09 08:54:00+00:00, run_after=2024-04-09 08:55:00+00:00
[2024-04-09T08:55:39.789+0000] {processor.py:183} INFO - Processing /home/airflow/.local/lib/python3.12/site-packages/airflow/example_dags/example_branch_python_dop_operator_3.py took 0.046 seconds
[2024-04-09T08:56:10.434+0000] {processor.py:161} INFO - Started process (PID=3672) to work on /home/airflow/.local/lib/python3.12/site-packages/airflow/example_dags/example_branch_python_dop_operator_3.py
[2024-04-09T08:56:10.434+0000] {processor.py:830} INFO - Processing file /home/airflow/.local/lib/python3.12/site-packages/airflow/example_dags/example_branch_python_dop_operator_3.py for tasks to queue
[2024-04-09T08:56:10.435+0000] {logging_mixin.py:188} INFO - [2024-04-09T08:56:10.435+0000] {dagbag.py:540} INFO - Filling up the DagBag from /home/airflow/.local/lib/python3.12/site-packages/airflow/example_dags/example_branch_python_dop_operator_3.py
[2024-04-09T08:56:10.440+0000] {processor.py:840} INFO - DAG(s) 'example_branch_dop_operator_v3' retrieved from /home/airflow/.local/lib/python3.12/site-packages/airflow/example_dags/example_branch_python_dop_operator_3.py
[2024-04-09T08:56:10.451+0000] {logging_mixin.py:188} INFO - [2024-04-09T08:56:10.451+0000] {dag.py:3096} INFO - Sync 1 DAGs
[2024-04-09T08:56:10.466+0000] {logging_mixin.py:188} INFO - [2024-04-09T08:56:10.466+0000] {dag.py:3954} INFO - Setting next_dagrun for example_branch_dop_operator_v3 to 2024-04-09 08:55:00+00:00, run_after=2024-04-09 08:56:00+00:00
[2024-04-09T08:56:10.477+0000] {processor.py:183} INFO - Processing /home/airflow/.local/lib/python3.12/site-packages/airflow/example_dags/example_branch_python_dop_operator_3.py took 0.047 seconds
[2024-04-09T08:56:41.135+0000] {processor.py:161} INFO - Started process (PID=3730) to work on /home/airflow/.local/lib/python3.12/site-packages/airflow/example_dags/example_branch_python_dop_operator_3.py
[2024-04-09T08:56:41.136+0000] {processor.py:830} INFO - Processing file /home/airflow/.local/lib/python3.12/site-packages/airflow/example_dags/example_branch_python_dop_operator_3.py for tasks to queue
[2024-04-09T08:56:41.137+0000] {logging_mixin.py:188} INFO - [2024-04-09T08:56:41.137+0000] {dagbag.py:540} INFO - Filling up the DagBag from /home/airflow/.local/lib/python3.12/site-packages/airflow/example_dags/example_branch_python_dop_operator_3.py
[2024-04-09T08:56:41.142+0000] {processor.py:840} INFO - DAG(s) 'example_branch_dop_operator_v3' retrieved from /home/airflow/.local/lib/python3.12/site-packages/airflow/example_dags/example_branch_python_dop_operator_3.py
[2024-04-09T08:56:41.152+0000] {logging_mixin.py:188} INFO - [2024-04-09T08:56:41.152+0000] {dag.py:3096} INFO - Sync 1 DAGs
[2024-04-09T08:56:41.166+0000] {logging_mixin.py:188} INFO - [2024-04-09T08:56:41.166+0000] {dag.py:3954} INFO - Setting next_dagrun for example_branch_dop_operator_v3 to 2024-04-09 08:55:00+00:00, run_after=2024-04-09 08:56:00+00:00
[2024-04-09T08:56:41.178+0000] {processor.py:183} INFO - Processing /home/airflow/.local/lib/python3.12/site-packages/airflow/example_dags/example_branch_python_dop_operator_3.py took 0.045 seconds
[2024-04-09T08:57:11.838+0000] {processor.py:161} INFO - Started process (PID=3788) to work on /home/airflow/.local/lib/python3.12/site-packages/airflow/example_dags/example_branch_python_dop_operator_3.py
[2024-04-09T08:57:11.838+0000] {processor.py:830} INFO - Processing file /home/airflow/.local/lib/python3.12/site-packages/airflow/example_dags/example_branch_python_dop_operator_3.py for tasks to queue
[2024-04-09T08:57:11.839+0000] {logging_mixin.py:188} INFO - [2024-04-09T08:57:11.839+0000] {dagbag.py:540} INFO - Filling up the DagBag from /home/airflow/.local/lib/python3.12/site-packages/airflow/example_dags/example_branch_python_dop_operator_3.py
[2024-04-09T08:57:11.844+0000] {processor.py:840} INFO - DAG(s) 'example_branch_dop_operator_v3' retrieved from /home/airflow/.local/lib/python3.12/site-packages/airflow/example_dags/example_branch_python_dop_operator_3.py
[2024-04-09T08:57:11.856+0000] {logging_mixin.py:188} INFO - [2024-04-09T08:57:11.855+0000] {dag.py:3096} INFO - Sync 1 DAGs
[2024-04-09T08:57:11.871+0000] {logging_mixin.py:188} INFO - [2024-04-09T08:57:11.871+0000] {dag.py:3954} INFO - Setting next_dagrun for example_branch_dop_operator_v3 to 2024-04-09 08:56:00+00:00, run_after=2024-04-09 08:57:00+00:00
[2024-04-09T08:57:11.882+0000] {processor.py:183} INFO - Processing /home/airflow/.local/lib/python3.12/site-packages/airflow/example_dags/example_branch_python_dop_operator_3.py took 0.048 seconds
[2024-04-09T08:57:42.542+0000] {processor.py:161} INFO - Started process (PID=3846) to work on /home/airflow/.local/lib/python3.12/site-packages/airflow/example_dags/example_branch_python_dop_operator_3.py
[2024-04-09T08:57:42.543+0000] {processor.py:830} INFO - Processing file /home/airflow/.local/lib/python3.12/site-packages/airflow/example_dags/example_branch_python_dop_operator_3.py for tasks to queue
[2024-04-09T08:57:42.544+0000] {logging_mixin.py:188} INFO - [2024-04-09T08:57:42.544+0000] {dagbag.py:540} INFO - Filling up the DagBag from /home/airflow/.local/lib/python3.12/site-packages/airflow/example_dags/example_branch_python_dop_operator_3.py
[2024-04-09T08:57:42.548+0000] {processor.py:840} INFO - DAG(s) 'example_branch_dop_operator_v3' retrieved from /home/airflow/.local/lib/python3.12/site-packages/airflow/example_dags/example_branch_python_dop_operator_3.py
[2024-04-09T08:57:42.559+0000] {logging_mixin.py:188} INFO - [2024-04-09T08:57:42.558+0000] {dag.py:3096} INFO - Sync 1 DAGs
[2024-04-09T08:57:42.574+0000] {logging_mixin.py:188} INFO - [2024-04-09T08:57:42.574+0000] {dag.py:3954} INFO - Setting next_dagrun for example_branch_dop_operator_v3 to 2024-04-09 08:56:00+00:00, run_after=2024-04-09 08:57:00+00:00
[2024-04-09T08:57:42.593+0000] {processor.py:183} INFO - Processing /home/airflow/.local/lib/python3.12/site-packages/airflow/example_dags/example_branch_python_dop_operator_3.py took 0.054 seconds
[2024-04-09T08:58:12.705+0000] {processor.py:161} INFO - Started process (PID=3904) to work on /home/airflow/.local/lib/python3.12/site-packages/airflow/example_dags/example_branch_python_dop_operator_3.py
[2024-04-09T08:58:12.705+0000] {processor.py:830} INFO - Processing file /home/airflow/.local/lib/python3.12/site-packages/airflow/example_dags/example_branch_python_dop_operator_3.py for tasks to queue
[2024-04-09T08:58:12.706+0000] {logging_mixin.py:188} INFO - [2024-04-09T08:58:12.706+0000] {dagbag.py:540} INFO - Filling up the DagBag from /home/airflow/.local/lib/python3.12/site-packages/airflow/example_dags/example_branch_python_dop_operator_3.py
[2024-04-09T08:58:12.711+0000] {processor.py:840} INFO - DAG(s) 'example_branch_dop_operator_v3' retrieved from /home/airflow/.local/lib/python3.12/site-packages/airflow/example_dags/example_branch_python_dop_operator_3.py
[2024-04-09T08:58:12.720+0000] {logging_mixin.py:188} INFO - [2024-04-09T08:58:12.720+0000] {dag.py:3096} INFO - Sync 1 DAGs
[2024-04-09T08:58:12.735+0000] {logging_mixin.py:188} INFO - [2024-04-09T08:58:12.735+0000] {dag.py:3954} INFO - Setting next_dagrun for example_branch_dop_operator_v3 to 2024-04-09 08:57:00+00:00, run_after=2024-04-09 08:58:00+00:00
[2024-04-09T08:58:12.747+0000] {processor.py:183} INFO - Processing /home/airflow/.local/lib/python3.12/site-packages/airflow/example_dags/example_branch_python_dop_operator_3.py took 0.045 seconds
