[2024-04-09T08:24:30.032+0000] {processor.py:161} INFO - Started process (PID=71) to work on /home/airflow/.local/lib/python3.12/site-packages/airflow/example_dags/example_local_kubernetes_executor.py
[2024-04-09T08:24:30.033+0000] {processor.py:830} INFO - Processing file /home/airflow/.local/lib/python3.12/site-packages/airflow/example_dags/example_local_kubernetes_executor.py for tasks to queue
[2024-04-09T08:24:30.034+0000] {logging_mixin.py:188} INFO - [2024-04-09T08:24:30.034+0000] {dagbag.py:540} INFO - Filling up the DagBag from /home/airflow/.local/lib/python3.12/site-packages/airflow/example_dags/example_local_kubernetes_executor.py
[2024-04-09T08:24:30.040+0000] {processor.py:840} INFO - DAG(s) 'example_local_kubernetes_executor' retrieved from /home/airflow/.local/lib/python3.12/site-packages/airflow/example_dags/example_local_kubernetes_executor.py
[2024-04-09T08:24:30.048+0000] {logging_mixin.py:188} INFO - [2024-04-09T08:24:30.047+0000] {dag.py:3096} INFO - Sync 1 DAGs
[2024-04-09T08:24:30.060+0000] {logging_mixin.py:188} INFO - [2024-04-09T08:24:30.060+0000] {dag.py:3954} INFO - Setting next_dagrun for example_local_kubernetes_executor to None, run_after=None
[2024-04-09T08:24:30.076+0000] {processor.py:183} INFO - Processing /home/airflow/.local/lib/python3.12/site-packages/airflow/example_dags/example_local_kubernetes_executor.py took 0.048 seconds
[2024-04-09T08:25:00.600+0000] {processor.py:161} INFO - Started process (PID=129) to work on /home/airflow/.local/lib/python3.12/site-packages/airflow/example_dags/example_local_kubernetes_executor.py
[2024-04-09T08:25:00.600+0000] {processor.py:830} INFO - Processing file /home/airflow/.local/lib/python3.12/site-packages/airflow/example_dags/example_local_kubernetes_executor.py for tasks to queue
[2024-04-09T08:25:00.601+0000] {logging_mixin.py:188} INFO - [2024-04-09T08:25:00.601+0000] {dagbag.py:540} INFO - Filling up the DagBag from /home/airflow/.local/lib/python3.12/site-packages/airflow/example_dags/example_local_kubernetes_executor.py
[2024-04-09T08:25:00.605+0000] {processor.py:840} INFO - DAG(s) 'example_local_kubernetes_executor' retrieved from /home/airflow/.local/lib/python3.12/site-packages/airflow/example_dags/example_local_kubernetes_executor.py
[2024-04-09T08:25:00.670+0000] {logging_mixin.py:188} INFO - [2024-04-09T08:25:00.670+0000] {dag.py:3096} INFO - Sync 1 DAGs
[2024-04-09T08:25:00.676+0000] {logging_mixin.py:188} INFO - [2024-04-09T08:25:00.676+0000] {dag.py:3954} INFO - Setting next_dagrun for example_local_kubernetes_executor to None, run_after=None
[2024-04-09T08:25:00.688+0000] {processor.py:183} INFO - Processing /home/airflow/.local/lib/python3.12/site-packages/airflow/example_dags/example_local_kubernetes_executor.py took 0.091 seconds
[2024-04-09T08:25:30.863+0000] {processor.py:161} INFO - Started process (PID=187) to work on /home/airflow/.local/lib/python3.12/site-packages/airflow/example_dags/example_local_kubernetes_executor.py
[2024-04-09T08:25:30.864+0000] {processor.py:830} INFO - Processing file /home/airflow/.local/lib/python3.12/site-packages/airflow/example_dags/example_local_kubernetes_executor.py for tasks to queue
[2024-04-09T08:25:30.865+0000] {logging_mixin.py:188} INFO - [2024-04-09T08:25:30.864+0000] {dagbag.py:540} INFO - Filling up the DagBag from /home/airflow/.local/lib/python3.12/site-packages/airflow/example_dags/example_local_kubernetes_executor.py
[2024-04-09T08:25:30.868+0000] {processor.py:840} INFO - DAG(s) 'example_local_kubernetes_executor' retrieved from /home/airflow/.local/lib/python3.12/site-packages/airflow/example_dags/example_local_kubernetes_executor.py
[2024-04-09T08:25:30.887+0000] {logging_mixin.py:188} INFO - [2024-04-09T08:25:30.886+0000] {dag.py:3096} INFO - Sync 1 DAGs
[2024-04-09T08:25:30.894+0000] {logging_mixin.py:188} INFO - [2024-04-09T08:25:30.894+0000] {dag.py:3954} INFO - Setting next_dagrun for example_local_kubernetes_executor to None, run_after=None
[2024-04-09T08:25:30.906+0000] {processor.py:183} INFO - Processing /home/airflow/.local/lib/python3.12/site-packages/airflow/example_dags/example_local_kubernetes_executor.py took 0.046 seconds
[2024-04-09T08:26:01.586+0000] {processor.py:161} INFO - Started process (PID=245) to work on /home/airflow/.local/lib/python3.12/site-packages/airflow/example_dags/example_local_kubernetes_executor.py
[2024-04-09T08:26:01.587+0000] {processor.py:830} INFO - Processing file /home/airflow/.local/lib/python3.12/site-packages/airflow/example_dags/example_local_kubernetes_executor.py for tasks to queue
[2024-04-09T08:26:01.588+0000] {logging_mixin.py:188} INFO - [2024-04-09T08:26:01.588+0000] {dagbag.py:540} INFO - Filling up the DagBag from /home/airflow/.local/lib/python3.12/site-packages/airflow/example_dags/example_local_kubernetes_executor.py
[2024-04-09T08:26:01.592+0000] {processor.py:840} INFO - DAG(s) 'example_local_kubernetes_executor' retrieved from /home/airflow/.local/lib/python3.12/site-packages/airflow/example_dags/example_local_kubernetes_executor.py
[2024-04-09T08:26:01.612+0000] {logging_mixin.py:188} INFO - [2024-04-09T08:26:01.611+0000] {dag.py:3096} INFO - Sync 1 DAGs
[2024-04-09T08:26:01.620+0000] {logging_mixin.py:188} INFO - [2024-04-09T08:26:01.620+0000] {dag.py:3954} INFO - Setting next_dagrun for example_local_kubernetes_executor to None, run_after=None
[2024-04-09T08:26:01.632+0000] {processor.py:183} INFO - Processing /home/airflow/.local/lib/python3.12/site-packages/airflow/example_dags/example_local_kubernetes_executor.py took 0.049 seconds
[2024-04-09T08:26:32.435+0000] {processor.py:161} INFO - Started process (PID=303) to work on /home/airflow/.local/lib/python3.12/site-packages/airflow/example_dags/example_local_kubernetes_executor.py
[2024-04-09T08:26:32.435+0000] {processor.py:830} INFO - Processing file /home/airflow/.local/lib/python3.12/site-packages/airflow/example_dags/example_local_kubernetes_executor.py for tasks to queue
[2024-04-09T08:26:32.436+0000] {logging_mixin.py:188} INFO - [2024-04-09T08:26:32.436+0000] {dagbag.py:540} INFO - Filling up the DagBag from /home/airflow/.local/lib/python3.12/site-packages/airflow/example_dags/example_local_kubernetes_executor.py
[2024-04-09T08:26:32.440+0000] {processor.py:840} INFO - DAG(s) 'example_local_kubernetes_executor' retrieved from /home/airflow/.local/lib/python3.12/site-packages/airflow/example_dags/example_local_kubernetes_executor.py
[2024-04-09T08:26:32.459+0000] {logging_mixin.py:188} INFO - [2024-04-09T08:26:32.459+0000] {dag.py:3096} INFO - Sync 1 DAGs
[2024-04-09T08:26:32.466+0000] {logging_mixin.py:188} INFO - [2024-04-09T08:26:32.466+0000] {dag.py:3954} INFO - Setting next_dagrun for example_local_kubernetes_executor to None, run_after=None
[2024-04-09T08:26:32.480+0000] {processor.py:183} INFO - Processing /home/airflow/.local/lib/python3.12/site-packages/airflow/example_dags/example_local_kubernetes_executor.py took 0.048 seconds
[2024-04-09T08:27:02.615+0000] {processor.py:161} INFO - Started process (PID=361) to work on /home/airflow/.local/lib/python3.12/site-packages/airflow/example_dags/example_local_kubernetes_executor.py
[2024-04-09T08:27:02.615+0000] {processor.py:830} INFO - Processing file /home/airflow/.local/lib/python3.12/site-packages/airflow/example_dags/example_local_kubernetes_executor.py for tasks to queue
[2024-04-09T08:27:02.617+0000] {logging_mixin.py:188} INFO - [2024-04-09T08:27:02.616+0000] {dagbag.py:540} INFO - Filling up the DagBag from /home/airflow/.local/lib/python3.12/site-packages/airflow/example_dags/example_local_kubernetes_executor.py
[2024-04-09T08:27:02.621+0000] {processor.py:840} INFO - DAG(s) 'example_local_kubernetes_executor' retrieved from /home/airflow/.local/lib/python3.12/site-packages/airflow/example_dags/example_local_kubernetes_executor.py
[2024-04-09T08:27:02.642+0000] {logging_mixin.py:188} INFO - [2024-04-09T08:27:02.642+0000] {dag.py:3096} INFO - Sync 1 DAGs
[2024-04-09T08:27:02.651+0000] {logging_mixin.py:188} INFO - [2024-04-09T08:27:02.651+0000] {dag.py:3954} INFO - Setting next_dagrun for example_local_kubernetes_executor to None, run_after=None
[2024-04-09T08:27:02.663+0000] {processor.py:183} INFO - Processing /home/airflow/.local/lib/python3.12/site-packages/airflow/example_dags/example_local_kubernetes_executor.py took 0.052 seconds
[2024-04-09T08:27:33.736+0000] {processor.py:161} INFO - Started process (PID=419) to work on /home/airflow/.local/lib/python3.12/site-packages/airflow/example_dags/example_local_kubernetes_executor.py
[2024-04-09T08:27:33.736+0000] {processor.py:830} INFO - Processing file /home/airflow/.local/lib/python3.12/site-packages/airflow/example_dags/example_local_kubernetes_executor.py for tasks to queue
[2024-04-09T08:27:33.737+0000] {logging_mixin.py:188} INFO - [2024-04-09T08:27:33.737+0000] {dagbag.py:540} INFO - Filling up the DagBag from /home/airflow/.local/lib/python3.12/site-packages/airflow/example_dags/example_local_kubernetes_executor.py
[2024-04-09T08:27:33.741+0000] {processor.py:840} INFO - DAG(s) 'example_local_kubernetes_executor' retrieved from /home/airflow/.local/lib/python3.12/site-packages/airflow/example_dags/example_local_kubernetes_executor.py
[2024-04-09T08:27:33.758+0000] {logging_mixin.py:188} INFO - [2024-04-09T08:27:33.758+0000] {dag.py:3096} INFO - Sync 1 DAGs
[2024-04-09T08:27:33.766+0000] {logging_mixin.py:188} INFO - [2024-04-09T08:27:33.766+0000] {dag.py:3954} INFO - Setting next_dagrun for example_local_kubernetes_executor to None, run_after=None
[2024-04-09T08:27:33.775+0000] {processor.py:183} INFO - Processing /home/airflow/.local/lib/python3.12/site-packages/airflow/example_dags/example_local_kubernetes_executor.py took 0.043 seconds
[2024-04-09T08:28:03.887+0000] {processor.py:161} INFO - Started process (PID=477) to work on /home/airflow/.local/lib/python3.12/site-packages/airflow/example_dags/example_local_kubernetes_executor.py
[2024-04-09T08:28:03.888+0000] {processor.py:830} INFO - Processing file /home/airflow/.local/lib/python3.12/site-packages/airflow/example_dags/example_local_kubernetes_executor.py for tasks to queue
[2024-04-09T08:28:03.888+0000] {logging_mixin.py:188} INFO - [2024-04-09T08:28:03.888+0000] {dagbag.py:540} INFO - Filling up the DagBag from /home/airflow/.local/lib/python3.12/site-packages/airflow/example_dags/example_local_kubernetes_executor.py
[2024-04-09T08:28:03.892+0000] {processor.py:840} INFO - DAG(s) 'example_local_kubernetes_executor' retrieved from /home/airflow/.local/lib/python3.12/site-packages/airflow/example_dags/example_local_kubernetes_executor.py
[2024-04-09T08:28:03.911+0000] {logging_mixin.py:188} INFO - [2024-04-09T08:28:03.911+0000] {dag.py:3096} INFO - Sync 1 DAGs
[2024-04-09T08:28:03.918+0000] {logging_mixin.py:188} INFO - [2024-04-09T08:28:03.918+0000] {dag.py:3954} INFO - Setting next_dagrun for example_local_kubernetes_executor to None, run_after=None
[2024-04-09T08:28:03.929+0000] {processor.py:183} INFO - Processing /home/airflow/.local/lib/python3.12/site-packages/airflow/example_dags/example_local_kubernetes_executor.py took 0.045 seconds
[2024-04-09T08:28:34.848+0000] {processor.py:161} INFO - Started process (PID=535) to work on /home/airflow/.local/lib/python3.12/site-packages/airflow/example_dags/example_local_kubernetes_executor.py
[2024-04-09T08:28:34.848+0000] {processor.py:830} INFO - Processing file /home/airflow/.local/lib/python3.12/site-packages/airflow/example_dags/example_local_kubernetes_executor.py for tasks to queue
[2024-04-09T08:28:34.849+0000] {logging_mixin.py:188} INFO - [2024-04-09T08:28:34.849+0000] {dagbag.py:540} INFO - Filling up the DagBag from /home/airflow/.local/lib/python3.12/site-packages/airflow/example_dags/example_local_kubernetes_executor.py
[2024-04-09T08:28:34.853+0000] {processor.py:840} INFO - DAG(s) 'example_local_kubernetes_executor' retrieved from /home/airflow/.local/lib/python3.12/site-packages/airflow/example_dags/example_local_kubernetes_executor.py
[2024-04-09T08:28:34.872+0000] {logging_mixin.py:188} INFO - [2024-04-09T08:28:34.872+0000] {dag.py:3096} INFO - Sync 1 DAGs
[2024-04-09T08:28:34.879+0000] {logging_mixin.py:188} INFO - [2024-04-09T08:28:34.879+0000] {dag.py:3954} INFO - Setting next_dagrun for example_local_kubernetes_executor to None, run_after=None
[2024-04-09T08:28:34.890+0000] {processor.py:183} INFO - Processing /home/airflow/.local/lib/python3.12/site-packages/airflow/example_dags/example_local_kubernetes_executor.py took 0.045 seconds
[2024-04-09T08:29:05.500+0000] {processor.py:161} INFO - Started process (PID=593) to work on /home/airflow/.local/lib/python3.12/site-packages/airflow/example_dags/example_local_kubernetes_executor.py
[2024-04-09T08:29:05.501+0000] {processor.py:830} INFO - Processing file /home/airflow/.local/lib/python3.12/site-packages/airflow/example_dags/example_local_kubernetes_executor.py for tasks to queue
[2024-04-09T08:29:05.502+0000] {logging_mixin.py:188} INFO - [2024-04-09T08:29:05.502+0000] {dagbag.py:540} INFO - Filling up the DagBag from /home/airflow/.local/lib/python3.12/site-packages/airflow/example_dags/example_local_kubernetes_executor.py
[2024-04-09T08:29:05.505+0000] {processor.py:840} INFO - DAG(s) 'example_local_kubernetes_executor' retrieved from /home/airflow/.local/lib/python3.12/site-packages/airflow/example_dags/example_local_kubernetes_executor.py
[2024-04-09T08:29:05.523+0000] {logging_mixin.py:188} INFO - [2024-04-09T08:29:05.523+0000] {dag.py:3096} INFO - Sync 1 DAGs
[2024-04-09T08:29:05.530+0000] {logging_mixin.py:188} INFO - [2024-04-09T08:29:05.530+0000] {dag.py:3954} INFO - Setting next_dagrun for example_local_kubernetes_executor to None, run_after=None
[2024-04-09T08:29:05.540+0000] {processor.py:183} INFO - Processing /home/airflow/.local/lib/python3.12/site-packages/airflow/example_dags/example_local_kubernetes_executor.py took 0.042 seconds
[2024-04-09T08:29:36.233+0000] {processor.py:161} INFO - Started process (PID=651) to work on /home/airflow/.local/lib/python3.12/site-packages/airflow/example_dags/example_local_kubernetes_executor.py
[2024-04-09T08:29:36.234+0000] {processor.py:830} INFO - Processing file /home/airflow/.local/lib/python3.12/site-packages/airflow/example_dags/example_local_kubernetes_executor.py for tasks to queue
[2024-04-09T08:29:36.235+0000] {logging_mixin.py:188} INFO - [2024-04-09T08:29:36.235+0000] {dagbag.py:540} INFO - Filling up the DagBag from /home/airflow/.local/lib/python3.12/site-packages/airflow/example_dags/example_local_kubernetes_executor.py
[2024-04-09T08:29:36.239+0000] {processor.py:840} INFO - DAG(s) 'example_local_kubernetes_executor' retrieved from /home/airflow/.local/lib/python3.12/site-packages/airflow/example_dags/example_local_kubernetes_executor.py
[2024-04-09T08:29:36.258+0000] {logging_mixin.py:188} INFO - [2024-04-09T08:29:36.258+0000] {dag.py:3096} INFO - Sync 1 DAGs
[2024-04-09T08:29:36.265+0000] {logging_mixin.py:188} INFO - [2024-04-09T08:29:36.265+0000] {dag.py:3954} INFO - Setting next_dagrun for example_local_kubernetes_executor to None, run_after=None
[2024-04-09T08:29:36.276+0000] {processor.py:183} INFO - Processing /home/airflow/.local/lib/python3.12/site-packages/airflow/example_dags/example_local_kubernetes_executor.py took 0.045 seconds
[2024-04-09T08:30:06.948+0000] {processor.py:161} INFO - Started process (PID=709) to work on /home/airflow/.local/lib/python3.12/site-packages/airflow/example_dags/example_local_kubernetes_executor.py
[2024-04-09T08:30:06.949+0000] {processor.py:830} INFO - Processing file /home/airflow/.local/lib/python3.12/site-packages/airflow/example_dags/example_local_kubernetes_executor.py for tasks to queue
[2024-04-09T08:30:06.950+0000] {logging_mixin.py:188} INFO - [2024-04-09T08:30:06.949+0000] {dagbag.py:540} INFO - Filling up the DagBag from /home/airflow/.local/lib/python3.12/site-packages/airflow/example_dags/example_local_kubernetes_executor.py
[2024-04-09T08:30:06.953+0000] {processor.py:840} INFO - DAG(s) 'example_local_kubernetes_executor' retrieved from /home/airflow/.local/lib/python3.12/site-packages/airflow/example_dags/example_local_kubernetes_executor.py
[2024-04-09T08:30:06.972+0000] {logging_mixin.py:188} INFO - [2024-04-09T08:30:06.972+0000] {dag.py:3096} INFO - Sync 1 DAGs
[2024-04-09T08:30:06.979+0000] {logging_mixin.py:188} INFO - [2024-04-09T08:30:06.979+0000] {dag.py:3954} INFO - Setting next_dagrun for example_local_kubernetes_executor to None, run_after=None
[2024-04-09T08:30:06.991+0000] {processor.py:183} INFO - Processing /home/airflow/.local/lib/python3.12/site-packages/airflow/example_dags/example_local_kubernetes_executor.py took 0.045 seconds
[2024-04-09T08:30:37.786+0000] {processor.py:161} INFO - Started process (PID=767) to work on /home/airflow/.local/lib/python3.12/site-packages/airflow/example_dags/example_local_kubernetes_executor.py
[2024-04-09T08:30:37.786+0000] {processor.py:830} INFO - Processing file /home/airflow/.local/lib/python3.12/site-packages/airflow/example_dags/example_local_kubernetes_executor.py for tasks to queue
[2024-04-09T08:30:37.787+0000] {logging_mixin.py:188} INFO - [2024-04-09T08:30:37.787+0000] {dagbag.py:540} INFO - Filling up the DagBag from /home/airflow/.local/lib/python3.12/site-packages/airflow/example_dags/example_local_kubernetes_executor.py
[2024-04-09T08:30:37.793+0000] {processor.py:840} INFO - DAG(s) 'example_local_kubernetes_executor' retrieved from /home/airflow/.local/lib/python3.12/site-packages/airflow/example_dags/example_local_kubernetes_executor.py
[2024-04-09T08:30:37.816+0000] {logging_mixin.py:188} INFO - [2024-04-09T08:30:37.815+0000] {dag.py:3096} INFO - Sync 1 DAGs
[2024-04-09T08:30:37.824+0000] {logging_mixin.py:188} INFO - [2024-04-09T08:30:37.823+0000] {dag.py:3954} INFO - Setting next_dagrun for example_local_kubernetes_executor to None, run_after=None
[2024-04-09T08:30:37.843+0000] {processor.py:183} INFO - Processing /home/airflow/.local/lib/python3.12/site-packages/airflow/example_dags/example_local_kubernetes_executor.py took 0.061 seconds
[2024-04-09T08:31:08.135+0000] {processor.py:161} INFO - Started process (PID=825) to work on /home/airflow/.local/lib/python3.12/site-packages/airflow/example_dags/example_local_kubernetes_executor.py
[2024-04-09T08:31:08.136+0000] {processor.py:830} INFO - Processing file /home/airflow/.local/lib/python3.12/site-packages/airflow/example_dags/example_local_kubernetes_executor.py for tasks to queue
[2024-04-09T08:31:08.137+0000] {logging_mixin.py:188} INFO - [2024-04-09T08:31:08.137+0000] {dagbag.py:540} INFO - Filling up the DagBag from /home/airflow/.local/lib/python3.12/site-packages/airflow/example_dags/example_local_kubernetes_executor.py
[2024-04-09T08:31:08.141+0000] {processor.py:840} INFO - DAG(s) 'example_local_kubernetes_executor' retrieved from /home/airflow/.local/lib/python3.12/site-packages/airflow/example_dags/example_local_kubernetes_executor.py
[2024-04-09T08:31:08.165+0000] {logging_mixin.py:188} INFO - [2024-04-09T08:31:08.165+0000] {dag.py:3096} INFO - Sync 1 DAGs
[2024-04-09T08:31:08.176+0000] {logging_mixin.py:188} INFO - [2024-04-09T08:31:08.176+0000] {dag.py:3954} INFO - Setting next_dagrun for example_local_kubernetes_executor to None, run_after=None
[2024-04-09T08:31:08.188+0000] {processor.py:183} INFO - Processing /home/airflow/.local/lib/python3.12/site-packages/airflow/example_dags/example_local_kubernetes_executor.py took 0.056 seconds
[2024-04-09T08:31:38.963+0000] {processor.py:161} INFO - Started process (PID=883) to work on /home/airflow/.local/lib/python3.12/site-packages/airflow/example_dags/example_local_kubernetes_executor.py
[2024-04-09T08:31:38.964+0000] {processor.py:830} INFO - Processing file /home/airflow/.local/lib/python3.12/site-packages/airflow/example_dags/example_local_kubernetes_executor.py for tasks to queue
[2024-04-09T08:31:38.964+0000] {logging_mixin.py:188} INFO - [2024-04-09T08:31:38.964+0000] {dagbag.py:540} INFO - Filling up the DagBag from /home/airflow/.local/lib/python3.12/site-packages/airflow/example_dags/example_local_kubernetes_executor.py
[2024-04-09T08:31:38.969+0000] {processor.py:840} INFO - DAG(s) 'example_local_kubernetes_executor' retrieved from /home/airflow/.local/lib/python3.12/site-packages/airflow/example_dags/example_local_kubernetes_executor.py
[2024-04-09T08:31:38.991+0000] {logging_mixin.py:188} INFO - [2024-04-09T08:31:38.990+0000] {dag.py:3096} INFO - Sync 1 DAGs
[2024-04-09T08:31:39.000+0000] {logging_mixin.py:188} INFO - [2024-04-09T08:31:39.000+0000] {dag.py:3954} INFO - Setting next_dagrun for example_local_kubernetes_executor to None, run_after=None
[2024-04-09T08:31:39.013+0000] {processor.py:183} INFO - Processing /home/airflow/.local/lib/python3.12/site-packages/airflow/example_dags/example_local_kubernetes_executor.py took 0.053 seconds
[2024-04-09T08:32:09.259+0000] {processor.py:161} INFO - Started process (PID=941) to work on /home/airflow/.local/lib/python3.12/site-packages/airflow/example_dags/example_local_kubernetes_executor.py
[2024-04-09T08:32:09.260+0000] {processor.py:830} INFO - Processing file /home/airflow/.local/lib/python3.12/site-packages/airflow/example_dags/example_local_kubernetes_executor.py for tasks to queue
[2024-04-09T08:32:09.261+0000] {logging_mixin.py:188} INFO - [2024-04-09T08:32:09.261+0000] {dagbag.py:540} INFO - Filling up the DagBag from /home/airflow/.local/lib/python3.12/site-packages/airflow/example_dags/example_local_kubernetes_executor.py
[2024-04-09T08:32:09.265+0000] {processor.py:840} INFO - DAG(s) 'example_local_kubernetes_executor' retrieved from /home/airflow/.local/lib/python3.12/site-packages/airflow/example_dags/example_local_kubernetes_executor.py
[2024-04-09T08:32:09.284+0000] {logging_mixin.py:188} INFO - [2024-04-09T08:32:09.284+0000] {dag.py:3096} INFO - Sync 1 DAGs
[2024-04-09T08:32:09.292+0000] {logging_mixin.py:188} INFO - [2024-04-09T08:32:09.292+0000] {dag.py:3954} INFO - Setting next_dagrun for example_local_kubernetes_executor to None, run_after=None
[2024-04-09T08:32:09.302+0000] {processor.py:183} INFO - Processing /home/airflow/.local/lib/python3.12/site-packages/airflow/example_dags/example_local_kubernetes_executor.py took 0.046 seconds
[2024-04-09T08:32:39.913+0000] {processor.py:161} INFO - Started process (PID=999) to work on /home/airflow/.local/lib/python3.12/site-packages/airflow/example_dags/example_local_kubernetes_executor.py
[2024-04-09T08:32:39.913+0000] {processor.py:830} INFO - Processing file /home/airflow/.local/lib/python3.12/site-packages/airflow/example_dags/example_local_kubernetes_executor.py for tasks to queue
[2024-04-09T08:32:39.914+0000] {logging_mixin.py:188} INFO - [2024-04-09T08:32:39.914+0000] {dagbag.py:540} INFO - Filling up the DagBag from /home/airflow/.local/lib/python3.12/site-packages/airflow/example_dags/example_local_kubernetes_executor.py
[2024-04-09T08:32:39.918+0000] {processor.py:840} INFO - DAG(s) 'example_local_kubernetes_executor' retrieved from /home/airflow/.local/lib/python3.12/site-packages/airflow/example_dags/example_local_kubernetes_executor.py
[2024-04-09T08:32:39.939+0000] {logging_mixin.py:188} INFO - [2024-04-09T08:32:39.939+0000] {dag.py:3096} INFO - Sync 1 DAGs
[2024-04-09T08:32:39.949+0000] {logging_mixin.py:188} INFO - [2024-04-09T08:32:39.949+0000] {dag.py:3954} INFO - Setting next_dagrun for example_local_kubernetes_executor to None, run_after=None
[2024-04-09T08:32:39.960+0000] {processor.py:183} INFO - Processing /home/airflow/.local/lib/python3.12/site-packages/airflow/example_dags/example_local_kubernetes_executor.py took 0.051 seconds
[2024-04-09T08:33:11.083+0000] {processor.py:161} INFO - Started process (PID=1057) to work on /home/airflow/.local/lib/python3.12/site-packages/airflow/example_dags/example_local_kubernetes_executor.py
[2024-04-09T08:33:11.084+0000] {processor.py:830} INFO - Processing file /home/airflow/.local/lib/python3.12/site-packages/airflow/example_dags/example_local_kubernetes_executor.py for tasks to queue
[2024-04-09T08:33:11.085+0000] {logging_mixin.py:188} INFO - [2024-04-09T08:33:11.085+0000] {dagbag.py:540} INFO - Filling up the DagBag from /home/airflow/.local/lib/python3.12/site-packages/airflow/example_dags/example_local_kubernetes_executor.py
[2024-04-09T08:33:11.092+0000] {processor.py:840} INFO - DAG(s) 'example_local_kubernetes_executor' retrieved from /home/airflow/.local/lib/python3.12/site-packages/airflow/example_dags/example_local_kubernetes_executor.py
[2024-04-09T08:33:11.122+0000] {logging_mixin.py:188} INFO - [2024-04-09T08:33:11.122+0000] {dag.py:3096} INFO - Sync 1 DAGs
[2024-04-09T08:33:11.137+0000] {logging_mixin.py:188} INFO - [2024-04-09T08:33:11.136+0000] {dag.py:3954} INFO - Setting next_dagrun for example_local_kubernetes_executor to None, run_after=None
[2024-04-09T08:33:11.315+0000] {processor.py:183} INFO - Processing /home/airflow/.local/lib/python3.12/site-packages/airflow/example_dags/example_local_kubernetes_executor.py took 0.235 seconds
[2024-04-09T08:33:41.877+0000] {processor.py:161} INFO - Started process (PID=1115) to work on /home/airflow/.local/lib/python3.12/site-packages/airflow/example_dags/example_local_kubernetes_executor.py
[2024-04-09T08:33:41.878+0000] {processor.py:830} INFO - Processing file /home/airflow/.local/lib/python3.12/site-packages/airflow/example_dags/example_local_kubernetes_executor.py for tasks to queue
[2024-04-09T08:33:41.879+0000] {logging_mixin.py:188} INFO - [2024-04-09T08:33:41.878+0000] {dagbag.py:540} INFO - Filling up the DagBag from /home/airflow/.local/lib/python3.12/site-packages/airflow/example_dags/example_local_kubernetes_executor.py
[2024-04-09T08:33:41.883+0000] {processor.py:840} INFO - DAG(s) 'example_local_kubernetes_executor' retrieved from /home/airflow/.local/lib/python3.12/site-packages/airflow/example_dags/example_local_kubernetes_executor.py
[2024-04-09T08:33:41.903+0000] {logging_mixin.py:188} INFO - [2024-04-09T08:33:41.903+0000] {dag.py:3096} INFO - Sync 1 DAGs
[2024-04-09T08:33:41.911+0000] {logging_mixin.py:188} INFO - [2024-04-09T08:33:41.911+0000] {dag.py:3954} INFO - Setting next_dagrun for example_local_kubernetes_executor to None, run_after=None
[2024-04-09T08:33:41.924+0000] {processor.py:183} INFO - Processing /home/airflow/.local/lib/python3.12/site-packages/airflow/example_dags/example_local_kubernetes_executor.py took 0.051 seconds
[2024-04-09T08:34:12.388+0000] {processor.py:161} INFO - Started process (PID=1173) to work on /home/airflow/.local/lib/python3.12/site-packages/airflow/example_dags/example_local_kubernetes_executor.py
[2024-04-09T08:34:12.389+0000] {processor.py:830} INFO - Processing file /home/airflow/.local/lib/python3.12/site-packages/airflow/example_dags/example_local_kubernetes_executor.py for tasks to queue
[2024-04-09T08:34:12.390+0000] {logging_mixin.py:188} INFO - [2024-04-09T08:34:12.390+0000] {dagbag.py:540} INFO - Filling up the DagBag from /home/airflow/.local/lib/python3.12/site-packages/airflow/example_dags/example_local_kubernetes_executor.py
[2024-04-09T08:34:12.394+0000] {processor.py:840} INFO - DAG(s) 'example_local_kubernetes_executor' retrieved from /home/airflow/.local/lib/python3.12/site-packages/airflow/example_dags/example_local_kubernetes_executor.py
[2024-04-09T08:34:12.413+0000] {logging_mixin.py:188} INFO - [2024-04-09T08:34:12.413+0000] {dag.py:3096} INFO - Sync 1 DAGs
[2024-04-09T08:34:12.421+0000] {logging_mixin.py:188} INFO - [2024-04-09T08:34:12.421+0000] {dag.py:3954} INFO - Setting next_dagrun for example_local_kubernetes_executor to None, run_after=None
[2024-04-09T08:34:12.432+0000] {processor.py:183} INFO - Processing /home/airflow/.local/lib/python3.12/site-packages/airflow/example_dags/example_local_kubernetes_executor.py took 0.047 seconds
[2024-04-09T08:34:43.474+0000] {processor.py:161} INFO - Started process (PID=1231) to work on /home/airflow/.local/lib/python3.12/site-packages/airflow/example_dags/example_local_kubernetes_executor.py
[2024-04-09T08:34:43.474+0000] {processor.py:830} INFO - Processing file /home/airflow/.local/lib/python3.12/site-packages/airflow/example_dags/example_local_kubernetes_executor.py for tasks to queue
[2024-04-09T08:34:43.475+0000] {logging_mixin.py:188} INFO - [2024-04-09T08:34:43.475+0000] {dagbag.py:540} INFO - Filling up the DagBag from /home/airflow/.local/lib/python3.12/site-packages/airflow/example_dags/example_local_kubernetes_executor.py
[2024-04-09T08:34:43.480+0000] {processor.py:840} INFO - DAG(s) 'example_local_kubernetes_executor' retrieved from /home/airflow/.local/lib/python3.12/site-packages/airflow/example_dags/example_local_kubernetes_executor.py
[2024-04-09T08:34:43.498+0000] {logging_mixin.py:188} INFO - [2024-04-09T08:34:43.498+0000] {dag.py:3096} INFO - Sync 1 DAGs
[2024-04-09T08:34:43.506+0000] {logging_mixin.py:188} INFO - [2024-04-09T08:34:43.506+0000] {dag.py:3954} INFO - Setting next_dagrun for example_local_kubernetes_executor to None, run_after=None
[2024-04-09T08:34:43.518+0000] {processor.py:183} INFO - Processing /home/airflow/.local/lib/python3.12/site-packages/airflow/example_dags/example_local_kubernetes_executor.py took 0.047 seconds
[2024-04-09T08:35:13.690+0000] {processor.py:161} INFO - Started process (PID=1289) to work on /home/airflow/.local/lib/python3.12/site-packages/airflow/example_dags/example_local_kubernetes_executor.py
[2024-04-09T08:35:13.691+0000] {processor.py:830} INFO - Processing file /home/airflow/.local/lib/python3.12/site-packages/airflow/example_dags/example_local_kubernetes_executor.py for tasks to queue
[2024-04-09T08:35:13.692+0000] {logging_mixin.py:188} INFO - [2024-04-09T08:35:13.692+0000] {dagbag.py:540} INFO - Filling up the DagBag from /home/airflow/.local/lib/python3.12/site-packages/airflow/example_dags/example_local_kubernetes_executor.py
[2024-04-09T08:35:13.696+0000] {processor.py:840} INFO - DAG(s) 'example_local_kubernetes_executor' retrieved from /home/airflow/.local/lib/python3.12/site-packages/airflow/example_dags/example_local_kubernetes_executor.py
[2024-04-09T08:35:13.719+0000] {logging_mixin.py:188} INFO - [2024-04-09T08:35:13.719+0000] {dag.py:3096} INFO - Sync 1 DAGs
[2024-04-09T08:35:13.728+0000] {logging_mixin.py:188} INFO - [2024-04-09T08:35:13.727+0000] {dag.py:3954} INFO - Setting next_dagrun for example_local_kubernetes_executor to None, run_after=None
[2024-04-09T08:35:13.738+0000] {processor.py:183} INFO - Processing /home/airflow/.local/lib/python3.12/site-packages/airflow/example_dags/example_local_kubernetes_executor.py took 0.053 seconds
[2024-04-09T08:35:44.636+0000] {processor.py:161} INFO - Started process (PID=1347) to work on /home/airflow/.local/lib/python3.12/site-packages/airflow/example_dags/example_local_kubernetes_executor.py
[2024-04-09T08:35:44.636+0000] {processor.py:830} INFO - Processing file /home/airflow/.local/lib/python3.12/site-packages/airflow/example_dags/example_local_kubernetes_executor.py for tasks to queue
[2024-04-09T08:35:44.637+0000] {logging_mixin.py:188} INFO - [2024-04-09T08:35:44.637+0000] {dagbag.py:540} INFO - Filling up the DagBag from /home/airflow/.local/lib/python3.12/site-packages/airflow/example_dags/example_local_kubernetes_executor.py
[2024-04-09T08:35:44.641+0000] {processor.py:840} INFO - DAG(s) 'example_local_kubernetes_executor' retrieved from /home/airflow/.local/lib/python3.12/site-packages/airflow/example_dags/example_local_kubernetes_executor.py
[2024-04-09T08:35:44.662+0000] {logging_mixin.py:188} INFO - [2024-04-09T08:35:44.662+0000] {dag.py:3096} INFO - Sync 1 DAGs
[2024-04-09T08:35:44.669+0000] {logging_mixin.py:188} INFO - [2024-04-09T08:35:44.669+0000] {dag.py:3954} INFO - Setting next_dagrun for example_local_kubernetes_executor to None, run_after=None
[2024-04-09T08:35:44.680+0000] {processor.py:183} INFO - Processing /home/airflow/.local/lib/python3.12/site-packages/airflow/example_dags/example_local_kubernetes_executor.py took 0.047 seconds
[2024-04-09T08:36:15.399+0000] {processor.py:161} INFO - Started process (PID=1405) to work on /home/airflow/.local/lib/python3.12/site-packages/airflow/example_dags/example_local_kubernetes_executor.py
[2024-04-09T08:36:15.399+0000] {processor.py:830} INFO - Processing file /home/airflow/.local/lib/python3.12/site-packages/airflow/example_dags/example_local_kubernetes_executor.py for tasks to queue
[2024-04-09T08:36:15.400+0000] {logging_mixin.py:188} INFO - [2024-04-09T08:36:15.400+0000] {dagbag.py:540} INFO - Filling up the DagBag from /home/airflow/.local/lib/python3.12/site-packages/airflow/example_dags/example_local_kubernetes_executor.py
[2024-04-09T08:36:15.404+0000] {processor.py:840} INFO - DAG(s) 'example_local_kubernetes_executor' retrieved from /home/airflow/.local/lib/python3.12/site-packages/airflow/example_dags/example_local_kubernetes_executor.py
[2024-04-09T08:36:15.422+0000] {logging_mixin.py:188} INFO - [2024-04-09T08:36:15.422+0000] {dag.py:3096} INFO - Sync 1 DAGs
[2024-04-09T08:36:15.429+0000] {logging_mixin.py:188} INFO - [2024-04-09T08:36:15.429+0000] {dag.py:3954} INFO - Setting next_dagrun for example_local_kubernetes_executor to None, run_after=None
[2024-04-09T08:36:15.442+0000] {processor.py:183} INFO - Processing /home/airflow/.local/lib/python3.12/site-packages/airflow/example_dags/example_local_kubernetes_executor.py took 0.046 seconds
[2024-04-09T08:36:45.946+0000] {processor.py:161} INFO - Started process (PID=1463) to work on /home/airflow/.local/lib/python3.12/site-packages/airflow/example_dags/example_local_kubernetes_executor.py
[2024-04-09T08:36:45.947+0000] {processor.py:830} INFO - Processing file /home/airflow/.local/lib/python3.12/site-packages/airflow/example_dags/example_local_kubernetes_executor.py for tasks to queue
[2024-04-09T08:36:45.948+0000] {logging_mixin.py:188} INFO - [2024-04-09T08:36:45.947+0000] {dagbag.py:540} INFO - Filling up the DagBag from /home/airflow/.local/lib/python3.12/site-packages/airflow/example_dags/example_local_kubernetes_executor.py
[2024-04-09T08:36:45.951+0000] {processor.py:840} INFO - DAG(s) 'example_local_kubernetes_executor' retrieved from /home/airflow/.local/lib/python3.12/site-packages/airflow/example_dags/example_local_kubernetes_executor.py
[2024-04-09T08:36:45.969+0000] {logging_mixin.py:188} INFO - [2024-04-09T08:36:45.969+0000] {dag.py:3096} INFO - Sync 1 DAGs
[2024-04-09T08:36:45.976+0000] {logging_mixin.py:188} INFO - [2024-04-09T08:36:45.976+0000] {dag.py:3954} INFO - Setting next_dagrun for example_local_kubernetes_executor to None, run_after=None
[2024-04-09T08:36:45.988+0000] {processor.py:183} INFO - Processing /home/airflow/.local/lib/python3.12/site-packages/airflow/example_dags/example_local_kubernetes_executor.py took 0.045 seconds
[2024-04-09T08:37:16.566+0000] {processor.py:161} INFO - Started process (PID=1521) to work on /home/airflow/.local/lib/python3.12/site-packages/airflow/example_dags/example_local_kubernetes_executor.py
[2024-04-09T08:37:16.566+0000] {processor.py:830} INFO - Processing file /home/airflow/.local/lib/python3.12/site-packages/airflow/example_dags/example_local_kubernetes_executor.py for tasks to queue
[2024-04-09T08:37:16.567+0000] {logging_mixin.py:188} INFO - [2024-04-09T08:37:16.567+0000] {dagbag.py:540} INFO - Filling up the DagBag from /home/airflow/.local/lib/python3.12/site-packages/airflow/example_dags/example_local_kubernetes_executor.py
[2024-04-09T08:37:16.571+0000] {processor.py:840} INFO - DAG(s) 'example_local_kubernetes_executor' retrieved from /home/airflow/.local/lib/python3.12/site-packages/airflow/example_dags/example_local_kubernetes_executor.py
[2024-04-09T08:37:16.592+0000] {logging_mixin.py:188} INFO - [2024-04-09T08:37:16.591+0000] {dag.py:3096} INFO - Sync 1 DAGs
[2024-04-09T08:37:16.600+0000] {logging_mixin.py:188} INFO - [2024-04-09T08:37:16.600+0000] {dag.py:3954} INFO - Setting next_dagrun for example_local_kubernetes_executor to None, run_after=None
[2024-04-09T08:37:16.612+0000] {processor.py:183} INFO - Processing /home/airflow/.local/lib/python3.12/site-packages/airflow/example_dags/example_local_kubernetes_executor.py took 0.049 seconds
[2024-04-09T08:37:47.126+0000] {processor.py:161} INFO - Started process (PID=1579) to work on /home/airflow/.local/lib/python3.12/site-packages/airflow/example_dags/example_local_kubernetes_executor.py
[2024-04-09T08:37:47.127+0000] {processor.py:830} INFO - Processing file /home/airflow/.local/lib/python3.12/site-packages/airflow/example_dags/example_local_kubernetes_executor.py for tasks to queue
[2024-04-09T08:37:47.128+0000] {logging_mixin.py:188} INFO - [2024-04-09T08:37:47.127+0000] {dagbag.py:540} INFO - Filling up the DagBag from /home/airflow/.local/lib/python3.12/site-packages/airflow/example_dags/example_local_kubernetes_executor.py
[2024-04-09T08:37:47.132+0000] {processor.py:840} INFO - DAG(s) 'example_local_kubernetes_executor' retrieved from /home/airflow/.local/lib/python3.12/site-packages/airflow/example_dags/example_local_kubernetes_executor.py
[2024-04-09T08:37:47.150+0000] {logging_mixin.py:188} INFO - [2024-04-09T08:37:47.150+0000] {dag.py:3096} INFO - Sync 1 DAGs
[2024-04-09T08:37:47.157+0000] {logging_mixin.py:188} INFO - [2024-04-09T08:37:47.157+0000] {dag.py:3954} INFO - Setting next_dagrun for example_local_kubernetes_executor to None, run_after=None
[2024-04-09T08:37:47.167+0000] {processor.py:183} INFO - Processing /home/airflow/.local/lib/python3.12/site-packages/airflow/example_dags/example_local_kubernetes_executor.py took 0.044 seconds
[2024-04-09T08:38:17.848+0000] {processor.py:161} INFO - Started process (PID=1643) to work on /home/airflow/.local/lib/python3.12/site-packages/airflow/example_dags/example_local_kubernetes_executor.py
[2024-04-09T08:38:17.848+0000] {processor.py:830} INFO - Processing file /home/airflow/.local/lib/python3.12/site-packages/airflow/example_dags/example_local_kubernetes_executor.py for tasks to queue
[2024-04-09T08:38:17.849+0000] {logging_mixin.py:188} INFO - [2024-04-09T08:38:17.849+0000] {dagbag.py:540} INFO - Filling up the DagBag from /home/airflow/.local/lib/python3.12/site-packages/airflow/example_dags/example_local_kubernetes_executor.py
[2024-04-09T08:38:17.853+0000] {processor.py:840} INFO - DAG(s) 'example_local_kubernetes_executor' retrieved from /home/airflow/.local/lib/python3.12/site-packages/airflow/example_dags/example_local_kubernetes_executor.py
[2024-04-09T08:38:17.871+0000] {logging_mixin.py:188} INFO - [2024-04-09T08:38:17.871+0000] {dag.py:3096} INFO - Sync 1 DAGs
[2024-04-09T08:38:17.878+0000] {logging_mixin.py:188} INFO - [2024-04-09T08:38:17.878+0000] {dag.py:3954} INFO - Setting next_dagrun for example_local_kubernetes_executor to None, run_after=None
[2024-04-09T08:38:17.888+0000] {processor.py:183} INFO - Processing /home/airflow/.local/lib/python3.12/site-packages/airflow/example_dags/example_local_kubernetes_executor.py took 0.044 seconds
[2024-04-09T08:38:48.448+0000] {processor.py:161} INFO - Started process (PID=1701) to work on /home/airflow/.local/lib/python3.12/site-packages/airflow/example_dags/example_local_kubernetes_executor.py
[2024-04-09T08:38:48.448+0000] {processor.py:830} INFO - Processing file /home/airflow/.local/lib/python3.12/site-packages/airflow/example_dags/example_local_kubernetes_executor.py for tasks to queue
[2024-04-09T08:38:48.449+0000] {logging_mixin.py:188} INFO - [2024-04-09T08:38:48.449+0000] {dagbag.py:540} INFO - Filling up the DagBag from /home/airflow/.local/lib/python3.12/site-packages/airflow/example_dags/example_local_kubernetes_executor.py
[2024-04-09T08:38:48.453+0000] {processor.py:840} INFO - DAG(s) 'example_local_kubernetes_executor' retrieved from /home/airflow/.local/lib/python3.12/site-packages/airflow/example_dags/example_local_kubernetes_executor.py
[2024-04-09T08:38:48.471+0000] {logging_mixin.py:188} INFO - [2024-04-09T08:38:48.471+0000] {dag.py:3096} INFO - Sync 1 DAGs
[2024-04-09T08:38:48.478+0000] {logging_mixin.py:188} INFO - [2024-04-09T08:38:48.478+0000] {dag.py:3954} INFO - Setting next_dagrun for example_local_kubernetes_executor to None, run_after=None
[2024-04-09T08:38:48.490+0000] {processor.py:183} INFO - Processing /home/airflow/.local/lib/python3.12/site-packages/airflow/example_dags/example_local_kubernetes_executor.py took 0.046 seconds
[2024-04-09T08:39:19.109+0000] {processor.py:161} INFO - Started process (PID=1759) to work on /home/airflow/.local/lib/python3.12/site-packages/airflow/example_dags/example_local_kubernetes_executor.py
[2024-04-09T08:39:19.109+0000] {processor.py:830} INFO - Processing file /home/airflow/.local/lib/python3.12/site-packages/airflow/example_dags/example_local_kubernetes_executor.py for tasks to queue
[2024-04-09T08:39:19.110+0000] {logging_mixin.py:188} INFO - [2024-04-09T08:39:19.110+0000] {dagbag.py:540} INFO - Filling up the DagBag from /home/airflow/.local/lib/python3.12/site-packages/airflow/example_dags/example_local_kubernetes_executor.py
[2024-04-09T08:39:19.114+0000] {processor.py:840} INFO - DAG(s) 'example_local_kubernetes_executor' retrieved from /home/airflow/.local/lib/python3.12/site-packages/airflow/example_dags/example_local_kubernetes_executor.py
[2024-04-09T08:39:19.134+0000] {logging_mixin.py:188} INFO - [2024-04-09T08:39:19.133+0000] {dag.py:3096} INFO - Sync 1 DAGs
[2024-04-09T08:39:19.141+0000] {logging_mixin.py:188} INFO - [2024-04-09T08:39:19.141+0000] {dag.py:3954} INFO - Setting next_dagrun for example_local_kubernetes_executor to None, run_after=None
[2024-04-09T08:39:19.152+0000] {processor.py:183} INFO - Processing /home/airflow/.local/lib/python3.12/site-packages/airflow/example_dags/example_local_kubernetes_executor.py took 0.046 seconds
[2024-04-09T08:39:49.817+0000] {processor.py:161} INFO - Started process (PID=1817) to work on /home/airflow/.local/lib/python3.12/site-packages/airflow/example_dags/example_local_kubernetes_executor.py
[2024-04-09T08:39:49.818+0000] {processor.py:830} INFO - Processing file /home/airflow/.local/lib/python3.12/site-packages/airflow/example_dags/example_local_kubernetes_executor.py for tasks to queue
[2024-04-09T08:39:49.819+0000] {logging_mixin.py:188} INFO - [2024-04-09T08:39:49.818+0000] {dagbag.py:540} INFO - Filling up the DagBag from /home/airflow/.local/lib/python3.12/site-packages/airflow/example_dags/example_local_kubernetes_executor.py
[2024-04-09T08:39:49.822+0000] {processor.py:840} INFO - DAG(s) 'example_local_kubernetes_executor' retrieved from /home/airflow/.local/lib/python3.12/site-packages/airflow/example_dags/example_local_kubernetes_executor.py
[2024-04-09T08:39:49.840+0000] {logging_mixin.py:188} INFO - [2024-04-09T08:39:49.840+0000] {dag.py:3096} INFO - Sync 1 DAGs
[2024-04-09T08:39:49.848+0000] {logging_mixin.py:188} INFO - [2024-04-09T08:39:49.847+0000] {dag.py:3954} INFO - Setting next_dagrun for example_local_kubernetes_executor to None, run_after=None
[2024-04-09T08:39:49.859+0000] {processor.py:183} INFO - Processing /home/airflow/.local/lib/python3.12/site-packages/airflow/example_dags/example_local_kubernetes_executor.py took 0.045 seconds
[2024-04-09T08:40:20.547+0000] {processor.py:161} INFO - Started process (PID=1875) to work on /home/airflow/.local/lib/python3.12/site-packages/airflow/example_dags/example_local_kubernetes_executor.py
[2024-04-09T08:40:20.548+0000] {processor.py:830} INFO - Processing file /home/airflow/.local/lib/python3.12/site-packages/airflow/example_dags/example_local_kubernetes_executor.py for tasks to queue
[2024-04-09T08:40:20.549+0000] {logging_mixin.py:188} INFO - [2024-04-09T08:40:20.549+0000] {dagbag.py:540} INFO - Filling up the DagBag from /home/airflow/.local/lib/python3.12/site-packages/airflow/example_dags/example_local_kubernetes_executor.py
[2024-04-09T08:40:20.552+0000] {processor.py:840} INFO - DAG(s) 'example_local_kubernetes_executor' retrieved from /home/airflow/.local/lib/python3.12/site-packages/airflow/example_dags/example_local_kubernetes_executor.py
[2024-04-09T08:40:20.572+0000] {logging_mixin.py:188} INFO - [2024-04-09T08:40:20.572+0000] {dag.py:3096} INFO - Sync 1 DAGs
[2024-04-09T08:40:20.580+0000] {logging_mixin.py:188} INFO - [2024-04-09T08:40:20.579+0000] {dag.py:3954} INFO - Setting next_dagrun for example_local_kubernetes_executor to None, run_after=None
[2024-04-09T08:40:20.591+0000] {processor.py:183} INFO - Processing /home/airflow/.local/lib/python3.12/site-packages/airflow/example_dags/example_local_kubernetes_executor.py took 0.047 seconds
[2024-04-09T08:40:51.112+0000] {processor.py:161} INFO - Started process (PID=1933) to work on /home/airflow/.local/lib/python3.12/site-packages/airflow/example_dags/example_local_kubernetes_executor.py
[2024-04-09T08:40:51.112+0000] {processor.py:830} INFO - Processing file /home/airflow/.local/lib/python3.12/site-packages/airflow/example_dags/example_local_kubernetes_executor.py for tasks to queue
[2024-04-09T08:40:51.113+0000] {logging_mixin.py:188} INFO - [2024-04-09T08:40:51.113+0000] {dagbag.py:540} INFO - Filling up the DagBag from /home/airflow/.local/lib/python3.12/site-packages/airflow/example_dags/example_local_kubernetes_executor.py
[2024-04-09T08:40:51.117+0000] {processor.py:840} INFO - DAG(s) 'example_local_kubernetes_executor' retrieved from /home/airflow/.local/lib/python3.12/site-packages/airflow/example_dags/example_local_kubernetes_executor.py
[2024-04-09T08:40:51.137+0000] {logging_mixin.py:188} INFO - [2024-04-09T08:40:51.137+0000] {dag.py:3096} INFO - Sync 1 DAGs
[2024-04-09T08:40:51.146+0000] {logging_mixin.py:188} INFO - [2024-04-09T08:40:51.146+0000] {dag.py:3954} INFO - Setting next_dagrun for example_local_kubernetes_executor to None, run_after=None
[2024-04-09T08:40:51.157+0000] {processor.py:183} INFO - Processing /home/airflow/.local/lib/python3.12/site-packages/airflow/example_dags/example_local_kubernetes_executor.py took 0.048 seconds
[2024-04-09T08:41:21.878+0000] {processor.py:161} INFO - Started process (PID=1991) to work on /home/airflow/.local/lib/python3.12/site-packages/airflow/example_dags/example_local_kubernetes_executor.py
[2024-04-09T08:41:21.878+0000] {processor.py:830} INFO - Processing file /home/airflow/.local/lib/python3.12/site-packages/airflow/example_dags/example_local_kubernetes_executor.py for tasks to queue
[2024-04-09T08:41:21.879+0000] {logging_mixin.py:188} INFO - [2024-04-09T08:41:21.879+0000] {dagbag.py:540} INFO - Filling up the DagBag from /home/airflow/.local/lib/python3.12/site-packages/airflow/example_dags/example_local_kubernetes_executor.py
[2024-04-09T08:41:21.883+0000] {processor.py:840} INFO - DAG(s) 'example_local_kubernetes_executor' retrieved from /home/airflow/.local/lib/python3.12/site-packages/airflow/example_dags/example_local_kubernetes_executor.py
[2024-04-09T08:41:21.903+0000] {logging_mixin.py:188} INFO - [2024-04-09T08:41:21.903+0000] {dag.py:3096} INFO - Sync 1 DAGs
[2024-04-09T08:41:21.910+0000] {logging_mixin.py:188} INFO - [2024-04-09T08:41:21.910+0000] {dag.py:3954} INFO - Setting next_dagrun for example_local_kubernetes_executor to None, run_after=None
[2024-04-09T08:41:21.922+0000] {processor.py:183} INFO - Processing /home/airflow/.local/lib/python3.12/site-packages/airflow/example_dags/example_local_kubernetes_executor.py took 0.047 seconds
[2024-04-09T08:41:52.494+0000] {processor.py:161} INFO - Started process (PID=2049) to work on /home/airflow/.local/lib/python3.12/site-packages/airflow/example_dags/example_local_kubernetes_executor.py
[2024-04-09T08:41:52.495+0000] {processor.py:830} INFO - Processing file /home/airflow/.local/lib/python3.12/site-packages/airflow/example_dags/example_local_kubernetes_executor.py for tasks to queue
[2024-04-09T08:41:52.496+0000] {logging_mixin.py:188} INFO - [2024-04-09T08:41:52.496+0000] {dagbag.py:540} INFO - Filling up the DagBag from /home/airflow/.local/lib/python3.12/site-packages/airflow/example_dags/example_local_kubernetes_executor.py
[2024-04-09T08:41:52.499+0000] {processor.py:840} INFO - DAG(s) 'example_local_kubernetes_executor' retrieved from /home/airflow/.local/lib/python3.12/site-packages/airflow/example_dags/example_local_kubernetes_executor.py
[2024-04-09T08:41:52.518+0000] {logging_mixin.py:188} INFO - [2024-04-09T08:41:52.518+0000] {dag.py:3096} INFO - Sync 1 DAGs
[2024-04-09T08:41:52.525+0000] {logging_mixin.py:188} INFO - [2024-04-09T08:41:52.525+0000] {dag.py:3954} INFO - Setting next_dagrun for example_local_kubernetes_executor to None, run_after=None
[2024-04-09T08:41:52.539+0000] {processor.py:183} INFO - Processing /home/airflow/.local/lib/python3.12/site-packages/airflow/example_dags/example_local_kubernetes_executor.py took 0.047 seconds
[2024-04-09T08:42:23.141+0000] {processor.py:161} INFO - Started process (PID=2107) to work on /home/airflow/.local/lib/python3.12/site-packages/airflow/example_dags/example_local_kubernetes_executor.py
[2024-04-09T08:42:23.142+0000] {processor.py:830} INFO - Processing file /home/airflow/.local/lib/python3.12/site-packages/airflow/example_dags/example_local_kubernetes_executor.py for tasks to queue
[2024-04-09T08:42:23.143+0000] {logging_mixin.py:188} INFO - [2024-04-09T08:42:23.143+0000] {dagbag.py:540} INFO - Filling up the DagBag from /home/airflow/.local/lib/python3.12/site-packages/airflow/example_dags/example_local_kubernetes_executor.py
[2024-04-09T08:42:23.147+0000] {processor.py:840} INFO - DAG(s) 'example_local_kubernetes_executor' retrieved from /home/airflow/.local/lib/python3.12/site-packages/airflow/example_dags/example_local_kubernetes_executor.py
[2024-04-09T08:42:23.167+0000] {logging_mixin.py:188} INFO - [2024-04-09T08:42:23.167+0000] {dag.py:3096} INFO - Sync 1 DAGs
[2024-04-09T08:42:23.175+0000] {logging_mixin.py:188} INFO - [2024-04-09T08:42:23.175+0000] {dag.py:3954} INFO - Setting next_dagrun for example_local_kubernetes_executor to None, run_after=None
[2024-04-09T08:42:23.187+0000] {processor.py:183} INFO - Processing /home/airflow/.local/lib/python3.12/site-packages/airflow/example_dags/example_local_kubernetes_executor.py took 0.049 seconds
[2024-04-09T08:42:53.922+0000] {processor.py:161} INFO - Started process (PID=2165) to work on /home/airflow/.local/lib/python3.12/site-packages/airflow/example_dags/example_local_kubernetes_executor.py
[2024-04-09T08:42:53.922+0000] {processor.py:830} INFO - Processing file /home/airflow/.local/lib/python3.12/site-packages/airflow/example_dags/example_local_kubernetes_executor.py for tasks to queue
[2024-04-09T08:42:53.923+0000] {logging_mixin.py:188} INFO - [2024-04-09T08:42:53.923+0000] {dagbag.py:540} INFO - Filling up the DagBag from /home/airflow/.local/lib/python3.12/site-packages/airflow/example_dags/example_local_kubernetes_executor.py
[2024-04-09T08:42:53.927+0000] {processor.py:840} INFO - DAG(s) 'example_local_kubernetes_executor' retrieved from /home/airflow/.local/lib/python3.12/site-packages/airflow/example_dags/example_local_kubernetes_executor.py
[2024-04-09T08:42:53.944+0000] {logging_mixin.py:188} INFO - [2024-04-09T08:42:53.944+0000] {dag.py:3096} INFO - Sync 1 DAGs
[2024-04-09T08:42:53.952+0000] {logging_mixin.py:188} INFO - [2024-04-09T08:42:53.952+0000] {dag.py:3954} INFO - Setting next_dagrun for example_local_kubernetes_executor to None, run_after=None
[2024-04-09T08:42:53.961+0000] {processor.py:183} INFO - Processing /home/airflow/.local/lib/python3.12/site-packages/airflow/example_dags/example_local_kubernetes_executor.py took 0.043 seconds
[2024-04-09T08:43:24.584+0000] {processor.py:161} INFO - Started process (PID=2223) to work on /home/airflow/.local/lib/python3.12/site-packages/airflow/example_dags/example_local_kubernetes_executor.py
[2024-04-09T08:43:24.585+0000] {processor.py:830} INFO - Processing file /home/airflow/.local/lib/python3.12/site-packages/airflow/example_dags/example_local_kubernetes_executor.py for tasks to queue
[2024-04-09T08:43:24.586+0000] {logging_mixin.py:188} INFO - [2024-04-09T08:43:24.585+0000] {dagbag.py:540} INFO - Filling up the DagBag from /home/airflow/.local/lib/python3.12/site-packages/airflow/example_dags/example_local_kubernetes_executor.py
[2024-04-09T08:43:24.590+0000] {processor.py:840} INFO - DAG(s) 'example_local_kubernetes_executor' retrieved from /home/airflow/.local/lib/python3.12/site-packages/airflow/example_dags/example_local_kubernetes_executor.py
[2024-04-09T08:43:24.609+0000] {logging_mixin.py:188} INFO - [2024-04-09T08:43:24.609+0000] {dag.py:3096} INFO - Sync 1 DAGs
[2024-04-09T08:43:24.616+0000] {logging_mixin.py:188} INFO - [2024-04-09T08:43:24.616+0000] {dag.py:3954} INFO - Setting next_dagrun for example_local_kubernetes_executor to None, run_after=None
[2024-04-09T08:43:24.627+0000] {processor.py:183} INFO - Processing /home/airflow/.local/lib/python3.12/site-packages/airflow/example_dags/example_local_kubernetes_executor.py took 0.045 seconds
[2024-04-09T08:43:55.208+0000] {processor.py:161} INFO - Started process (PID=2281) to work on /home/airflow/.local/lib/python3.12/site-packages/airflow/example_dags/example_local_kubernetes_executor.py
[2024-04-09T08:43:55.208+0000] {processor.py:830} INFO - Processing file /home/airflow/.local/lib/python3.12/site-packages/airflow/example_dags/example_local_kubernetes_executor.py for tasks to queue
[2024-04-09T08:43:55.209+0000] {logging_mixin.py:188} INFO - [2024-04-09T08:43:55.209+0000] {dagbag.py:540} INFO - Filling up the DagBag from /home/airflow/.local/lib/python3.12/site-packages/airflow/example_dags/example_local_kubernetes_executor.py
[2024-04-09T08:43:55.213+0000] {processor.py:840} INFO - DAG(s) 'example_local_kubernetes_executor' retrieved from /home/airflow/.local/lib/python3.12/site-packages/airflow/example_dags/example_local_kubernetes_executor.py
[2024-04-09T08:43:55.231+0000] {logging_mixin.py:188} INFO - [2024-04-09T08:43:55.231+0000] {dag.py:3096} INFO - Sync 1 DAGs
[2024-04-09T08:43:55.238+0000] {logging_mixin.py:188} INFO - [2024-04-09T08:43:55.238+0000] {dag.py:3954} INFO - Setting next_dagrun for example_local_kubernetes_executor to None, run_after=None
[2024-04-09T08:43:55.250+0000] {processor.py:183} INFO - Processing /home/airflow/.local/lib/python3.12/site-packages/airflow/example_dags/example_local_kubernetes_executor.py took 0.044 seconds
[2024-04-09T08:44:25.989+0000] {processor.py:161} INFO - Started process (PID=2339) to work on /home/airflow/.local/lib/python3.12/site-packages/airflow/example_dags/example_local_kubernetes_executor.py
[2024-04-09T08:44:25.989+0000] {processor.py:830} INFO - Processing file /home/airflow/.local/lib/python3.12/site-packages/airflow/example_dags/example_local_kubernetes_executor.py for tasks to queue
[2024-04-09T08:44:25.990+0000] {logging_mixin.py:188} INFO - [2024-04-09T08:44:25.990+0000] {dagbag.py:540} INFO - Filling up the DagBag from /home/airflow/.local/lib/python3.12/site-packages/airflow/example_dags/example_local_kubernetes_executor.py
[2024-04-09T08:44:25.994+0000] {processor.py:840} INFO - DAG(s) 'example_local_kubernetes_executor' retrieved from /home/airflow/.local/lib/python3.12/site-packages/airflow/example_dags/example_local_kubernetes_executor.py
[2024-04-09T08:44:26.012+0000] {logging_mixin.py:188} INFO - [2024-04-09T08:44:26.012+0000] {dag.py:3096} INFO - Sync 1 DAGs
[2024-04-09T08:44:26.020+0000] {logging_mixin.py:188} INFO - [2024-04-09T08:44:26.020+0000] {dag.py:3954} INFO - Setting next_dagrun for example_local_kubernetes_executor to None, run_after=None
[2024-04-09T08:44:26.032+0000] {processor.py:183} INFO - Processing /home/airflow/.local/lib/python3.12/site-packages/airflow/example_dags/example_local_kubernetes_executor.py took 0.046 seconds
[2024-04-09T08:44:56.751+0000] {processor.py:161} INFO - Started process (PID=2397) to work on /home/airflow/.local/lib/python3.12/site-packages/airflow/example_dags/example_local_kubernetes_executor.py
[2024-04-09T08:44:56.751+0000] {processor.py:830} INFO - Processing file /home/airflow/.local/lib/python3.12/site-packages/airflow/example_dags/example_local_kubernetes_executor.py for tasks to queue
[2024-04-09T08:44:56.752+0000] {logging_mixin.py:188} INFO - [2024-04-09T08:44:56.752+0000] {dagbag.py:540} INFO - Filling up the DagBag from /home/airflow/.local/lib/python3.12/site-packages/airflow/example_dags/example_local_kubernetes_executor.py
[2024-04-09T08:44:56.757+0000] {processor.py:840} INFO - DAG(s) 'example_local_kubernetes_executor' retrieved from /home/airflow/.local/lib/python3.12/site-packages/airflow/example_dags/example_local_kubernetes_executor.py
[2024-04-09T08:44:56.781+0000] {logging_mixin.py:188} INFO - [2024-04-09T08:44:56.781+0000] {dag.py:3096} INFO - Sync 1 DAGs
[2024-04-09T08:44:56.790+0000] {logging_mixin.py:188} INFO - [2024-04-09T08:44:56.790+0000] {dag.py:3954} INFO - Setting next_dagrun for example_local_kubernetes_executor to None, run_after=None
[2024-04-09T08:44:56.802+0000] {processor.py:183} INFO - Processing /home/airflow/.local/lib/python3.12/site-packages/airflow/example_dags/example_local_kubernetes_executor.py took 0.054 seconds
[2024-04-09T08:45:27.486+0000] {processor.py:161} INFO - Started process (PID=2455) to work on /home/airflow/.local/lib/python3.12/site-packages/airflow/example_dags/example_local_kubernetes_executor.py
[2024-04-09T08:45:27.486+0000] {processor.py:830} INFO - Processing file /home/airflow/.local/lib/python3.12/site-packages/airflow/example_dags/example_local_kubernetes_executor.py for tasks to queue
[2024-04-09T08:45:27.487+0000] {logging_mixin.py:188} INFO - [2024-04-09T08:45:27.487+0000] {dagbag.py:540} INFO - Filling up the DagBag from /home/airflow/.local/lib/python3.12/site-packages/airflow/example_dags/example_local_kubernetes_executor.py
[2024-04-09T08:45:27.491+0000] {processor.py:840} INFO - DAG(s) 'example_local_kubernetes_executor' retrieved from /home/airflow/.local/lib/python3.12/site-packages/airflow/example_dags/example_local_kubernetes_executor.py
[2024-04-09T08:45:27.511+0000] {logging_mixin.py:188} INFO - [2024-04-09T08:45:27.510+0000] {dag.py:3096} INFO - Sync 1 DAGs
[2024-04-09T08:45:27.518+0000] {logging_mixin.py:188} INFO - [2024-04-09T08:45:27.518+0000] {dag.py:3954} INFO - Setting next_dagrun for example_local_kubernetes_executor to None, run_after=None
[2024-04-09T08:45:27.532+0000] {processor.py:183} INFO - Processing /home/airflow/.local/lib/python3.12/site-packages/airflow/example_dags/example_local_kubernetes_executor.py took 0.050 seconds
[2024-04-09T08:45:58.121+0000] {processor.py:161} INFO - Started process (PID=2513) to work on /home/airflow/.local/lib/python3.12/site-packages/airflow/example_dags/example_local_kubernetes_executor.py
[2024-04-09T08:45:58.121+0000] {processor.py:830} INFO - Processing file /home/airflow/.local/lib/python3.12/site-packages/airflow/example_dags/example_local_kubernetes_executor.py for tasks to queue
[2024-04-09T08:45:58.122+0000] {logging_mixin.py:188} INFO - [2024-04-09T08:45:58.122+0000] {dagbag.py:540} INFO - Filling up the DagBag from /home/airflow/.local/lib/python3.12/site-packages/airflow/example_dags/example_local_kubernetes_executor.py
[2024-04-09T08:45:58.126+0000] {processor.py:840} INFO - DAG(s) 'example_local_kubernetes_executor' retrieved from /home/airflow/.local/lib/python3.12/site-packages/airflow/example_dags/example_local_kubernetes_executor.py
[2024-04-09T08:45:58.147+0000] {logging_mixin.py:188} INFO - [2024-04-09T08:45:58.147+0000] {dag.py:3096} INFO - Sync 1 DAGs
[2024-04-09T08:45:58.155+0000] {logging_mixin.py:188} INFO - [2024-04-09T08:45:58.154+0000] {dag.py:3954} INFO - Setting next_dagrun for example_local_kubernetes_executor to None, run_after=None
[2024-04-09T08:45:58.170+0000] {processor.py:183} INFO - Processing /home/airflow/.local/lib/python3.12/site-packages/airflow/example_dags/example_local_kubernetes_executor.py took 0.053 seconds
[2024-04-09T08:46:28.868+0000] {processor.py:161} INFO - Started process (PID=2571) to work on /home/airflow/.local/lib/python3.12/site-packages/airflow/example_dags/example_local_kubernetes_executor.py
[2024-04-09T08:46:28.868+0000] {processor.py:830} INFO - Processing file /home/airflow/.local/lib/python3.12/site-packages/airflow/example_dags/example_local_kubernetes_executor.py for tasks to queue
[2024-04-09T08:46:28.869+0000] {logging_mixin.py:188} INFO - [2024-04-09T08:46:28.869+0000] {dagbag.py:540} INFO - Filling up the DagBag from /home/airflow/.local/lib/python3.12/site-packages/airflow/example_dags/example_local_kubernetes_executor.py
[2024-04-09T08:46:28.873+0000] {processor.py:840} INFO - DAG(s) 'example_local_kubernetes_executor' retrieved from /home/airflow/.local/lib/python3.12/site-packages/airflow/example_dags/example_local_kubernetes_executor.py
[2024-04-09T08:46:28.891+0000] {logging_mixin.py:188} INFO - [2024-04-09T08:46:28.890+0000] {dag.py:3096} INFO - Sync 1 DAGs
[2024-04-09T08:46:28.897+0000] {logging_mixin.py:188} INFO - [2024-04-09T08:46:28.897+0000] {dag.py:3954} INFO - Setting next_dagrun for example_local_kubernetes_executor to None, run_after=None
[2024-04-09T08:46:28.908+0000] {processor.py:183} INFO - Processing /home/airflow/.local/lib/python3.12/site-packages/airflow/example_dags/example_local_kubernetes_executor.py took 0.043 seconds
[2024-04-09T08:46:59.415+0000] {processor.py:161} INFO - Started process (PID=2629) to work on /home/airflow/.local/lib/python3.12/site-packages/airflow/example_dags/example_local_kubernetes_executor.py
[2024-04-09T08:46:59.415+0000] {processor.py:830} INFO - Processing file /home/airflow/.local/lib/python3.12/site-packages/airflow/example_dags/example_local_kubernetes_executor.py for tasks to queue
[2024-04-09T08:46:59.416+0000] {logging_mixin.py:188} INFO - [2024-04-09T08:46:59.416+0000] {dagbag.py:540} INFO - Filling up the DagBag from /home/airflow/.local/lib/python3.12/site-packages/airflow/example_dags/example_local_kubernetes_executor.py
[2024-04-09T08:46:59.420+0000] {processor.py:840} INFO - DAG(s) 'example_local_kubernetes_executor' retrieved from /home/airflow/.local/lib/python3.12/site-packages/airflow/example_dags/example_local_kubernetes_executor.py
[2024-04-09T08:46:59.438+0000] {logging_mixin.py:188} INFO - [2024-04-09T08:46:59.438+0000] {dag.py:3096} INFO - Sync 1 DAGs
[2024-04-09T08:46:59.445+0000] {logging_mixin.py:188} INFO - [2024-04-09T08:46:59.445+0000] {dag.py:3954} INFO - Setting next_dagrun for example_local_kubernetes_executor to None, run_after=None
[2024-04-09T08:46:59.456+0000] {processor.py:183} INFO - Processing /home/airflow/.local/lib/python3.12/site-packages/airflow/example_dags/example_local_kubernetes_executor.py took 0.045 seconds
[2024-04-09T08:47:30.059+0000] {processor.py:161} INFO - Started process (PID=2687) to work on /home/airflow/.local/lib/python3.12/site-packages/airflow/example_dags/example_local_kubernetes_executor.py
[2024-04-09T08:47:30.059+0000] {processor.py:830} INFO - Processing file /home/airflow/.local/lib/python3.12/site-packages/airflow/example_dags/example_local_kubernetes_executor.py for tasks to queue
[2024-04-09T08:47:30.060+0000] {logging_mixin.py:188} INFO - [2024-04-09T08:47:30.060+0000] {dagbag.py:540} INFO - Filling up the DagBag from /home/airflow/.local/lib/python3.12/site-packages/airflow/example_dags/example_local_kubernetes_executor.py
[2024-04-09T08:47:30.065+0000] {processor.py:840} INFO - DAG(s) 'example_local_kubernetes_executor' retrieved from /home/airflow/.local/lib/python3.12/site-packages/airflow/example_dags/example_local_kubernetes_executor.py
[2024-04-09T08:47:30.084+0000] {logging_mixin.py:188} INFO - [2024-04-09T08:47:30.084+0000] {dag.py:3096} INFO - Sync 1 DAGs
[2024-04-09T08:47:30.092+0000] {logging_mixin.py:188} INFO - [2024-04-09T08:47:30.092+0000] {dag.py:3954} INFO - Setting next_dagrun for example_local_kubernetes_executor to None, run_after=None
[2024-04-09T08:47:30.105+0000] {processor.py:183} INFO - Processing /home/airflow/.local/lib/python3.12/site-packages/airflow/example_dags/example_local_kubernetes_executor.py took 0.049 seconds
[2024-04-09T08:48:00.722+0000] {processor.py:161} INFO - Started process (PID=2745) to work on /home/airflow/.local/lib/python3.12/site-packages/airflow/example_dags/example_local_kubernetes_executor.py
[2024-04-09T08:48:00.723+0000] {processor.py:830} INFO - Processing file /home/airflow/.local/lib/python3.12/site-packages/airflow/example_dags/example_local_kubernetes_executor.py for tasks to queue
[2024-04-09T08:48:00.724+0000] {logging_mixin.py:188} INFO - [2024-04-09T08:48:00.724+0000] {dagbag.py:540} INFO - Filling up the DagBag from /home/airflow/.local/lib/python3.12/site-packages/airflow/example_dags/example_local_kubernetes_executor.py
[2024-04-09T08:48:00.728+0000] {processor.py:840} INFO - DAG(s) 'example_local_kubernetes_executor' retrieved from /home/airflow/.local/lib/python3.12/site-packages/airflow/example_dags/example_local_kubernetes_executor.py
[2024-04-09T08:48:00.748+0000] {logging_mixin.py:188} INFO - [2024-04-09T08:48:00.748+0000] {dag.py:3096} INFO - Sync 1 DAGs
[2024-04-09T08:48:00.758+0000] {logging_mixin.py:188} INFO - [2024-04-09T08:48:00.757+0000] {dag.py:3954} INFO - Setting next_dagrun for example_local_kubernetes_executor to None, run_after=None
[2024-04-09T08:48:00.773+0000] {processor.py:183} INFO - Processing /home/airflow/.local/lib/python3.12/site-packages/airflow/example_dags/example_local_kubernetes_executor.py took 0.054 seconds
[2024-04-09T08:48:31.391+0000] {processor.py:161} INFO - Started process (PID=2803) to work on /home/airflow/.local/lib/python3.12/site-packages/airflow/example_dags/example_local_kubernetes_executor.py
[2024-04-09T08:48:31.391+0000] {processor.py:830} INFO - Processing file /home/airflow/.local/lib/python3.12/site-packages/airflow/example_dags/example_local_kubernetes_executor.py for tasks to queue
[2024-04-09T08:48:31.392+0000] {logging_mixin.py:188} INFO - [2024-04-09T08:48:31.392+0000] {dagbag.py:540} INFO - Filling up the DagBag from /home/airflow/.local/lib/python3.12/site-packages/airflow/example_dags/example_local_kubernetes_executor.py
[2024-04-09T08:48:31.396+0000] {processor.py:840} INFO - DAG(s) 'example_local_kubernetes_executor' retrieved from /home/airflow/.local/lib/python3.12/site-packages/airflow/example_dags/example_local_kubernetes_executor.py
[2024-04-09T08:48:31.414+0000] {logging_mixin.py:188} INFO - [2024-04-09T08:48:31.414+0000] {dag.py:3096} INFO - Sync 1 DAGs
[2024-04-09T08:48:31.421+0000] {logging_mixin.py:188} INFO - [2024-04-09T08:48:31.421+0000] {dag.py:3954} INFO - Setting next_dagrun for example_local_kubernetes_executor to None, run_after=None
[2024-04-09T08:48:31.432+0000] {processor.py:183} INFO - Processing /home/airflow/.local/lib/python3.12/site-packages/airflow/example_dags/example_local_kubernetes_executor.py took 0.044 seconds
[2024-04-09T08:49:01.983+0000] {processor.py:161} INFO - Started process (PID=2861) to work on /home/airflow/.local/lib/python3.12/site-packages/airflow/example_dags/example_local_kubernetes_executor.py
[2024-04-09T08:49:01.983+0000] {processor.py:830} INFO - Processing file /home/airflow/.local/lib/python3.12/site-packages/airflow/example_dags/example_local_kubernetes_executor.py for tasks to queue
[2024-04-09T08:49:01.984+0000] {logging_mixin.py:188} INFO - [2024-04-09T08:49:01.984+0000] {dagbag.py:540} INFO - Filling up the DagBag from /home/airflow/.local/lib/python3.12/site-packages/airflow/example_dags/example_local_kubernetes_executor.py
[2024-04-09T08:49:01.988+0000] {processor.py:840} INFO - DAG(s) 'example_local_kubernetes_executor' retrieved from /home/airflow/.local/lib/python3.12/site-packages/airflow/example_dags/example_local_kubernetes_executor.py
[2024-04-09T08:49:02.007+0000] {logging_mixin.py:188} INFO - [2024-04-09T08:49:02.007+0000] {dag.py:3096} INFO - Sync 1 DAGs
[2024-04-09T08:49:02.014+0000] {logging_mixin.py:188} INFO - [2024-04-09T08:49:02.014+0000] {dag.py:3954} INFO - Setting next_dagrun for example_local_kubernetes_executor to None, run_after=None
[2024-04-09T08:49:02.026+0000] {processor.py:183} INFO - Processing /home/airflow/.local/lib/python3.12/site-packages/airflow/example_dags/example_local_kubernetes_executor.py took 0.046 seconds
[2024-04-09T08:49:32.625+0000] {processor.py:161} INFO - Started process (PID=2919) to work on /home/airflow/.local/lib/python3.12/site-packages/airflow/example_dags/example_local_kubernetes_executor.py
[2024-04-09T08:49:32.625+0000] {processor.py:830} INFO - Processing file /home/airflow/.local/lib/python3.12/site-packages/airflow/example_dags/example_local_kubernetes_executor.py for tasks to queue
[2024-04-09T08:49:32.626+0000] {logging_mixin.py:188} INFO - [2024-04-09T08:49:32.626+0000] {dagbag.py:540} INFO - Filling up the DagBag from /home/airflow/.local/lib/python3.12/site-packages/airflow/example_dags/example_local_kubernetes_executor.py
[2024-04-09T08:49:32.630+0000] {processor.py:840} INFO - DAG(s) 'example_local_kubernetes_executor' retrieved from /home/airflow/.local/lib/python3.12/site-packages/airflow/example_dags/example_local_kubernetes_executor.py
[2024-04-09T08:49:32.650+0000] {logging_mixin.py:188} INFO - [2024-04-09T08:49:32.650+0000] {dag.py:3096} INFO - Sync 1 DAGs
[2024-04-09T08:49:32.658+0000] {logging_mixin.py:188} INFO - [2024-04-09T08:49:32.658+0000] {dag.py:3954} INFO - Setting next_dagrun for example_local_kubernetes_executor to None, run_after=None
[2024-04-09T08:49:32.669+0000] {processor.py:183} INFO - Processing /home/airflow/.local/lib/python3.12/site-packages/airflow/example_dags/example_local_kubernetes_executor.py took 0.048 seconds
[2024-04-09T08:50:03.401+0000] {processor.py:161} INFO - Started process (PID=2977) to work on /home/airflow/.local/lib/python3.12/site-packages/airflow/example_dags/example_local_kubernetes_executor.py
[2024-04-09T08:50:03.401+0000] {processor.py:830} INFO - Processing file /home/airflow/.local/lib/python3.12/site-packages/airflow/example_dags/example_local_kubernetes_executor.py for tasks to queue
[2024-04-09T08:50:03.402+0000] {logging_mixin.py:188} INFO - [2024-04-09T08:50:03.402+0000] {dagbag.py:540} INFO - Filling up the DagBag from /home/airflow/.local/lib/python3.12/site-packages/airflow/example_dags/example_local_kubernetes_executor.py
[2024-04-09T08:50:03.406+0000] {processor.py:840} INFO - DAG(s) 'example_local_kubernetes_executor' retrieved from /home/airflow/.local/lib/python3.12/site-packages/airflow/example_dags/example_local_kubernetes_executor.py
[2024-04-09T08:50:03.424+0000] {logging_mixin.py:188} INFO - [2024-04-09T08:50:03.424+0000] {dag.py:3096} INFO - Sync 1 DAGs
[2024-04-09T08:50:03.431+0000] {logging_mixin.py:188} INFO - [2024-04-09T08:50:03.431+0000] {dag.py:3954} INFO - Setting next_dagrun for example_local_kubernetes_executor to None, run_after=None
[2024-04-09T08:50:03.441+0000] {processor.py:183} INFO - Processing /home/airflow/.local/lib/python3.12/site-packages/airflow/example_dags/example_local_kubernetes_executor.py took 0.043 seconds
[2024-04-09T08:50:34.033+0000] {processor.py:161} INFO - Started process (PID=3035) to work on /home/airflow/.local/lib/python3.12/site-packages/airflow/example_dags/example_local_kubernetes_executor.py
[2024-04-09T08:50:34.033+0000] {processor.py:830} INFO - Processing file /home/airflow/.local/lib/python3.12/site-packages/airflow/example_dags/example_local_kubernetes_executor.py for tasks to queue
[2024-04-09T08:50:34.034+0000] {logging_mixin.py:188} INFO - [2024-04-09T08:50:34.034+0000] {dagbag.py:540} INFO - Filling up the DagBag from /home/airflow/.local/lib/python3.12/site-packages/airflow/example_dags/example_local_kubernetes_executor.py
[2024-04-09T08:50:34.038+0000] {processor.py:840} INFO - DAG(s) 'example_local_kubernetes_executor' retrieved from /home/airflow/.local/lib/python3.12/site-packages/airflow/example_dags/example_local_kubernetes_executor.py
[2024-04-09T08:50:34.056+0000] {logging_mixin.py:188} INFO - [2024-04-09T08:50:34.056+0000] {dag.py:3096} INFO - Sync 1 DAGs
[2024-04-09T08:50:34.064+0000] {logging_mixin.py:188} INFO - [2024-04-09T08:50:34.063+0000] {dag.py:3954} INFO - Setting next_dagrun for example_local_kubernetes_executor to None, run_after=None
[2024-04-09T08:50:34.074+0000] {processor.py:183} INFO - Processing /home/airflow/.local/lib/python3.12/site-packages/airflow/example_dags/example_local_kubernetes_executor.py took 0.044 seconds
[2024-04-09T08:51:04.560+0000] {processor.py:161} INFO - Started process (PID=3093) to work on /home/airflow/.local/lib/python3.12/site-packages/airflow/example_dags/example_local_kubernetes_executor.py
[2024-04-09T08:51:04.560+0000] {processor.py:830} INFO - Processing file /home/airflow/.local/lib/python3.12/site-packages/airflow/example_dags/example_local_kubernetes_executor.py for tasks to queue
[2024-04-09T08:51:04.561+0000] {logging_mixin.py:188} INFO - [2024-04-09T08:51:04.561+0000] {dagbag.py:540} INFO - Filling up the DagBag from /home/airflow/.local/lib/python3.12/site-packages/airflow/example_dags/example_local_kubernetes_executor.py
[2024-04-09T08:51:04.565+0000] {processor.py:840} INFO - DAG(s) 'example_local_kubernetes_executor' retrieved from /home/airflow/.local/lib/python3.12/site-packages/airflow/example_dags/example_local_kubernetes_executor.py
[2024-04-09T08:51:04.584+0000] {logging_mixin.py:188} INFO - [2024-04-09T08:51:04.584+0000] {dag.py:3096} INFO - Sync 1 DAGs
[2024-04-09T08:51:04.592+0000] {logging_mixin.py:188} INFO - [2024-04-09T08:51:04.592+0000] {dag.py:3954} INFO - Setting next_dagrun for example_local_kubernetes_executor to None, run_after=None
[2024-04-09T08:51:04.602+0000] {processor.py:183} INFO - Processing /home/airflow/.local/lib/python3.12/site-packages/airflow/example_dags/example_local_kubernetes_executor.py took 0.046 seconds
[2024-04-09T08:51:35.076+0000] {processor.py:161} INFO - Started process (PID=3151) to work on /home/airflow/.local/lib/python3.12/site-packages/airflow/example_dags/example_local_kubernetes_executor.py
[2024-04-09T08:51:35.077+0000] {processor.py:830} INFO - Processing file /home/airflow/.local/lib/python3.12/site-packages/airflow/example_dags/example_local_kubernetes_executor.py for tasks to queue
[2024-04-09T08:51:35.078+0000] {logging_mixin.py:188} INFO - [2024-04-09T08:51:35.078+0000] {dagbag.py:540} INFO - Filling up the DagBag from /home/airflow/.local/lib/python3.12/site-packages/airflow/example_dags/example_local_kubernetes_executor.py
[2024-04-09T08:51:35.082+0000] {processor.py:840} INFO - DAG(s) 'example_local_kubernetes_executor' retrieved from /home/airflow/.local/lib/python3.12/site-packages/airflow/example_dags/example_local_kubernetes_executor.py
[2024-04-09T08:51:35.100+0000] {logging_mixin.py:188} INFO - [2024-04-09T08:51:35.099+0000] {dag.py:3096} INFO - Sync 1 DAGs
[2024-04-09T08:51:35.107+0000] {logging_mixin.py:188} INFO - [2024-04-09T08:51:35.107+0000] {dag.py:3954} INFO - Setting next_dagrun for example_local_kubernetes_executor to None, run_after=None
[2024-04-09T08:51:35.117+0000] {processor.py:183} INFO - Processing /home/airflow/.local/lib/python3.12/site-packages/airflow/example_dags/example_local_kubernetes_executor.py took 0.044 seconds
[2024-04-09T08:52:05.638+0000] {processor.py:161} INFO - Started process (PID=3209) to work on /home/airflow/.local/lib/python3.12/site-packages/airflow/example_dags/example_local_kubernetes_executor.py
[2024-04-09T08:52:05.638+0000] {processor.py:830} INFO - Processing file /home/airflow/.local/lib/python3.12/site-packages/airflow/example_dags/example_local_kubernetes_executor.py for tasks to queue
[2024-04-09T08:52:05.639+0000] {logging_mixin.py:188} INFO - [2024-04-09T08:52:05.639+0000] {dagbag.py:540} INFO - Filling up the DagBag from /home/airflow/.local/lib/python3.12/site-packages/airflow/example_dags/example_local_kubernetes_executor.py
[2024-04-09T08:52:05.643+0000] {processor.py:840} INFO - DAG(s) 'example_local_kubernetes_executor' retrieved from /home/airflow/.local/lib/python3.12/site-packages/airflow/example_dags/example_local_kubernetes_executor.py
[2024-04-09T08:52:05.664+0000] {logging_mixin.py:188} INFO - [2024-04-09T08:52:05.664+0000] {dag.py:3096} INFO - Sync 1 DAGs
[2024-04-09T08:52:05.671+0000] {logging_mixin.py:188} INFO - [2024-04-09T08:52:05.671+0000] {dag.py:3954} INFO - Setting next_dagrun for example_local_kubernetes_executor to None, run_after=None
[2024-04-09T08:52:05.682+0000] {processor.py:183} INFO - Processing /home/airflow/.local/lib/python3.12/site-packages/airflow/example_dags/example_local_kubernetes_executor.py took 0.047 seconds
[2024-04-09T08:52:36.345+0000] {processor.py:161} INFO - Started process (PID=3267) to work on /home/airflow/.local/lib/python3.12/site-packages/airflow/example_dags/example_local_kubernetes_executor.py
[2024-04-09T08:52:36.345+0000] {processor.py:830} INFO - Processing file /home/airflow/.local/lib/python3.12/site-packages/airflow/example_dags/example_local_kubernetes_executor.py for tasks to queue
[2024-04-09T08:52:36.346+0000] {logging_mixin.py:188} INFO - [2024-04-09T08:52:36.346+0000] {dagbag.py:540} INFO - Filling up the DagBag from /home/airflow/.local/lib/python3.12/site-packages/airflow/example_dags/example_local_kubernetes_executor.py
[2024-04-09T08:52:36.350+0000] {processor.py:840} INFO - DAG(s) 'example_local_kubernetes_executor' retrieved from /home/airflow/.local/lib/python3.12/site-packages/airflow/example_dags/example_local_kubernetes_executor.py
[2024-04-09T08:52:36.368+0000] {logging_mixin.py:188} INFO - [2024-04-09T08:52:36.367+0000] {dag.py:3096} INFO - Sync 1 DAGs
[2024-04-09T08:52:36.375+0000] {logging_mixin.py:188} INFO - [2024-04-09T08:52:36.375+0000] {dag.py:3954} INFO - Setting next_dagrun for example_local_kubernetes_executor to None, run_after=None
[2024-04-09T08:52:36.384+0000] {processor.py:183} INFO - Processing /home/airflow/.local/lib/python3.12/site-packages/airflow/example_dags/example_local_kubernetes_executor.py took 0.043 seconds
[2024-04-09T08:53:06.996+0000] {processor.py:161} INFO - Started process (PID=3325) to work on /home/airflow/.local/lib/python3.12/site-packages/airflow/example_dags/example_local_kubernetes_executor.py
[2024-04-09T08:53:06.997+0000] {processor.py:830} INFO - Processing file /home/airflow/.local/lib/python3.12/site-packages/airflow/example_dags/example_local_kubernetes_executor.py for tasks to queue
[2024-04-09T08:53:06.998+0000] {logging_mixin.py:188} INFO - [2024-04-09T08:53:06.998+0000] {dagbag.py:540} INFO - Filling up the DagBag from /home/airflow/.local/lib/python3.12/site-packages/airflow/example_dags/example_local_kubernetes_executor.py
[2024-04-09T08:53:07.003+0000] {processor.py:840} INFO - DAG(s) 'example_local_kubernetes_executor' retrieved from /home/airflow/.local/lib/python3.12/site-packages/airflow/example_dags/example_local_kubernetes_executor.py
[2024-04-09T08:53:07.028+0000] {logging_mixin.py:188} INFO - [2024-04-09T08:53:07.027+0000] {dag.py:3096} INFO - Sync 1 DAGs
[2024-04-09T08:53:07.037+0000] {logging_mixin.py:188} INFO - [2024-04-09T08:53:07.037+0000] {dag.py:3954} INFO - Setting next_dagrun for example_local_kubernetes_executor to None, run_after=None
[2024-04-09T08:53:07.052+0000] {processor.py:183} INFO - Processing /home/airflow/.local/lib/python3.12/site-packages/airflow/example_dags/example_local_kubernetes_executor.py took 0.059 seconds
[2024-04-09T08:53:37.169+0000] {processor.py:161} INFO - Started process (PID=3383) to work on /home/airflow/.local/lib/python3.12/site-packages/airflow/example_dags/example_local_kubernetes_executor.py
[2024-04-09T08:53:37.169+0000] {processor.py:830} INFO - Processing file /home/airflow/.local/lib/python3.12/site-packages/airflow/example_dags/example_local_kubernetes_executor.py for tasks to queue
[2024-04-09T08:53:37.170+0000] {logging_mixin.py:188} INFO - [2024-04-09T08:53:37.170+0000] {dagbag.py:540} INFO - Filling up the DagBag from /home/airflow/.local/lib/python3.12/site-packages/airflow/example_dags/example_local_kubernetes_executor.py
[2024-04-09T08:53:37.174+0000] {processor.py:840} INFO - DAG(s) 'example_local_kubernetes_executor' retrieved from /home/airflow/.local/lib/python3.12/site-packages/airflow/example_dags/example_local_kubernetes_executor.py
[2024-04-09T08:53:37.193+0000] {logging_mixin.py:188} INFO - [2024-04-09T08:53:37.193+0000] {dag.py:3096} INFO - Sync 1 DAGs
[2024-04-09T08:53:37.201+0000] {logging_mixin.py:188} INFO - [2024-04-09T08:53:37.201+0000] {dag.py:3954} INFO - Setting next_dagrun for example_local_kubernetes_executor to None, run_after=None
[2024-04-09T08:53:37.213+0000] {processor.py:183} INFO - Processing /home/airflow/.local/lib/python3.12/site-packages/airflow/example_dags/example_local_kubernetes_executor.py took 0.047 seconds
[2024-04-09T08:54:07.815+0000] {processor.py:161} INFO - Started process (PID=3441) to work on /home/airflow/.local/lib/python3.12/site-packages/airflow/example_dags/example_local_kubernetes_executor.py
[2024-04-09T08:54:07.816+0000] {processor.py:830} INFO - Processing file /home/airflow/.local/lib/python3.12/site-packages/airflow/example_dags/example_local_kubernetes_executor.py for tasks to queue
[2024-04-09T08:54:07.817+0000] {logging_mixin.py:188} INFO - [2024-04-09T08:54:07.817+0000] {dagbag.py:540} INFO - Filling up the DagBag from /home/airflow/.local/lib/python3.12/site-packages/airflow/example_dags/example_local_kubernetes_executor.py
[2024-04-09T08:54:07.821+0000] {processor.py:840} INFO - DAG(s) 'example_local_kubernetes_executor' retrieved from /home/airflow/.local/lib/python3.12/site-packages/airflow/example_dags/example_local_kubernetes_executor.py
[2024-04-09T08:54:07.839+0000] {logging_mixin.py:188} INFO - [2024-04-09T08:54:07.839+0000] {dag.py:3096} INFO - Sync 1 DAGs
[2024-04-09T08:54:07.847+0000] {logging_mixin.py:188} INFO - [2024-04-09T08:54:07.847+0000] {dag.py:3954} INFO - Setting next_dagrun for example_local_kubernetes_executor to None, run_after=None
[2024-04-09T08:54:07.858+0000] {processor.py:183} INFO - Processing /home/airflow/.local/lib/python3.12/site-packages/airflow/example_dags/example_local_kubernetes_executor.py took 0.046 seconds
[2024-04-09T08:54:38.531+0000] {processor.py:161} INFO - Started process (PID=3499) to work on /home/airflow/.local/lib/python3.12/site-packages/airflow/example_dags/example_local_kubernetes_executor.py
[2024-04-09T08:54:38.531+0000] {processor.py:830} INFO - Processing file /home/airflow/.local/lib/python3.12/site-packages/airflow/example_dags/example_local_kubernetes_executor.py for tasks to queue
[2024-04-09T08:54:38.532+0000] {logging_mixin.py:188} INFO - [2024-04-09T08:54:38.532+0000] {dagbag.py:540} INFO - Filling up the DagBag from /home/airflow/.local/lib/python3.12/site-packages/airflow/example_dags/example_local_kubernetes_executor.py
[2024-04-09T08:54:38.536+0000] {processor.py:840} INFO - DAG(s) 'example_local_kubernetes_executor' retrieved from /home/airflow/.local/lib/python3.12/site-packages/airflow/example_dags/example_local_kubernetes_executor.py
[2024-04-09T08:54:38.554+0000] {logging_mixin.py:188} INFO - [2024-04-09T08:54:38.553+0000] {dag.py:3096} INFO - Sync 1 DAGs
[2024-04-09T08:54:38.561+0000] {logging_mixin.py:188} INFO - [2024-04-09T08:54:38.561+0000] {dag.py:3954} INFO - Setting next_dagrun for example_local_kubernetes_executor to None, run_after=None
[2024-04-09T08:54:38.572+0000] {processor.py:183} INFO - Processing /home/airflow/.local/lib/python3.12/site-packages/airflow/example_dags/example_local_kubernetes_executor.py took 0.045 seconds
[2024-04-09T08:55:09.113+0000] {processor.py:161} INFO - Started process (PID=3557) to work on /home/airflow/.local/lib/python3.12/site-packages/airflow/example_dags/example_local_kubernetes_executor.py
[2024-04-09T08:55:09.114+0000] {processor.py:830} INFO - Processing file /home/airflow/.local/lib/python3.12/site-packages/airflow/example_dags/example_local_kubernetes_executor.py for tasks to queue
[2024-04-09T08:55:09.115+0000] {logging_mixin.py:188} INFO - [2024-04-09T08:55:09.115+0000] {dagbag.py:540} INFO - Filling up the DagBag from /home/airflow/.local/lib/python3.12/site-packages/airflow/example_dags/example_local_kubernetes_executor.py
[2024-04-09T08:55:09.119+0000] {processor.py:840} INFO - DAG(s) 'example_local_kubernetes_executor' retrieved from /home/airflow/.local/lib/python3.12/site-packages/airflow/example_dags/example_local_kubernetes_executor.py
[2024-04-09T08:55:09.137+0000] {logging_mixin.py:188} INFO - [2024-04-09T08:55:09.136+0000] {dag.py:3096} INFO - Sync 1 DAGs
[2024-04-09T08:55:09.144+0000] {logging_mixin.py:188} INFO - [2024-04-09T08:55:09.144+0000] {dag.py:3954} INFO - Setting next_dagrun for example_local_kubernetes_executor to None, run_after=None
[2024-04-09T08:55:09.154+0000] {processor.py:183} INFO - Processing /home/airflow/.local/lib/python3.12/site-packages/airflow/example_dags/example_local_kubernetes_executor.py took 0.043 seconds
[2024-04-09T08:55:39.806+0000] {processor.py:161} INFO - Started process (PID=3615) to work on /home/airflow/.local/lib/python3.12/site-packages/airflow/example_dags/example_local_kubernetes_executor.py
[2024-04-09T08:55:39.807+0000] {processor.py:830} INFO - Processing file /home/airflow/.local/lib/python3.12/site-packages/airflow/example_dags/example_local_kubernetes_executor.py for tasks to queue
[2024-04-09T08:55:39.808+0000] {logging_mixin.py:188} INFO - [2024-04-09T08:55:39.807+0000] {dagbag.py:540} INFO - Filling up the DagBag from /home/airflow/.local/lib/python3.12/site-packages/airflow/example_dags/example_local_kubernetes_executor.py
[2024-04-09T08:55:39.812+0000] {processor.py:840} INFO - DAG(s) 'example_local_kubernetes_executor' retrieved from /home/airflow/.local/lib/python3.12/site-packages/airflow/example_dags/example_local_kubernetes_executor.py
[2024-04-09T08:55:39.829+0000] {logging_mixin.py:188} INFO - [2024-04-09T08:55:39.829+0000] {dag.py:3096} INFO - Sync 1 DAGs
[2024-04-09T08:55:39.837+0000] {logging_mixin.py:188} INFO - [2024-04-09T08:55:39.837+0000] {dag.py:3954} INFO - Setting next_dagrun for example_local_kubernetes_executor to None, run_after=None
[2024-04-09T08:55:39.846+0000] {processor.py:183} INFO - Processing /home/airflow/.local/lib/python3.12/site-packages/airflow/example_dags/example_local_kubernetes_executor.py took 0.043 seconds
[2024-04-09T08:56:10.494+0000] {processor.py:161} INFO - Started process (PID=3673) to work on /home/airflow/.local/lib/python3.12/site-packages/airflow/example_dags/example_local_kubernetes_executor.py
[2024-04-09T08:56:10.494+0000] {processor.py:830} INFO - Processing file /home/airflow/.local/lib/python3.12/site-packages/airflow/example_dags/example_local_kubernetes_executor.py for tasks to queue
[2024-04-09T08:56:10.495+0000] {logging_mixin.py:188} INFO - [2024-04-09T08:56:10.495+0000] {dagbag.py:540} INFO - Filling up the DagBag from /home/airflow/.local/lib/python3.12/site-packages/airflow/example_dags/example_local_kubernetes_executor.py
[2024-04-09T08:56:10.499+0000] {processor.py:840} INFO - DAG(s) 'example_local_kubernetes_executor' retrieved from /home/airflow/.local/lib/python3.12/site-packages/airflow/example_dags/example_local_kubernetes_executor.py
[2024-04-09T08:56:10.518+0000] {logging_mixin.py:188} INFO - [2024-04-09T08:56:10.518+0000] {dag.py:3096} INFO - Sync 1 DAGs
[2024-04-09T08:56:10.526+0000] {logging_mixin.py:188} INFO - [2024-04-09T08:56:10.526+0000] {dag.py:3954} INFO - Setting next_dagrun for example_local_kubernetes_executor to None, run_after=None
[2024-04-09T08:56:10.538+0000] {processor.py:183} INFO - Processing /home/airflow/.local/lib/python3.12/site-packages/airflow/example_dags/example_local_kubernetes_executor.py took 0.047 seconds
[2024-04-09T08:56:41.194+0000] {processor.py:161} INFO - Started process (PID=3731) to work on /home/airflow/.local/lib/python3.12/site-packages/airflow/example_dags/example_local_kubernetes_executor.py
[2024-04-09T08:56:41.195+0000] {processor.py:830} INFO - Processing file /home/airflow/.local/lib/python3.12/site-packages/airflow/example_dags/example_local_kubernetes_executor.py for tasks to queue
[2024-04-09T08:56:41.196+0000] {logging_mixin.py:188} INFO - [2024-04-09T08:56:41.196+0000] {dagbag.py:540} INFO - Filling up the DagBag from /home/airflow/.local/lib/python3.12/site-packages/airflow/example_dags/example_local_kubernetes_executor.py
[2024-04-09T08:56:41.200+0000] {processor.py:840} INFO - DAG(s) 'example_local_kubernetes_executor' retrieved from /home/airflow/.local/lib/python3.12/site-packages/airflow/example_dags/example_local_kubernetes_executor.py
[2024-04-09T08:56:41.218+0000] {logging_mixin.py:188} INFO - [2024-04-09T08:56:41.217+0000] {dag.py:3096} INFO - Sync 1 DAGs
[2024-04-09T08:56:41.225+0000] {logging_mixin.py:188} INFO - [2024-04-09T08:56:41.225+0000] {dag.py:3954} INFO - Setting next_dagrun for example_local_kubernetes_executor to None, run_after=None
[2024-04-09T08:56:41.236+0000] {processor.py:183} INFO - Processing /home/airflow/.local/lib/python3.12/site-packages/airflow/example_dags/example_local_kubernetes_executor.py took 0.044 seconds
[2024-04-09T08:57:11.849+0000] {processor.py:161} INFO - Started process (PID=3789) to work on /home/airflow/.local/lib/python3.12/site-packages/airflow/example_dags/example_local_kubernetes_executor.py
[2024-04-09T08:57:11.849+0000] {processor.py:830} INFO - Processing file /home/airflow/.local/lib/python3.12/site-packages/airflow/example_dags/example_local_kubernetes_executor.py for tasks to queue
[2024-04-09T08:57:11.850+0000] {logging_mixin.py:188} INFO - [2024-04-09T08:57:11.850+0000] {dagbag.py:540} INFO - Filling up the DagBag from /home/airflow/.local/lib/python3.12/site-packages/airflow/example_dags/example_local_kubernetes_executor.py
[2024-04-09T08:57:11.854+0000] {processor.py:840} INFO - DAG(s) 'example_local_kubernetes_executor' retrieved from /home/airflow/.local/lib/python3.12/site-packages/airflow/example_dags/example_local_kubernetes_executor.py
[2024-04-09T08:57:11.873+0000] {logging_mixin.py:188} INFO - [2024-04-09T08:57:11.872+0000] {dag.py:3096} INFO - Sync 1 DAGs
[2024-04-09T08:57:11.880+0000] {logging_mixin.py:188} INFO - [2024-04-09T08:57:11.880+0000] {dag.py:3954} INFO - Setting next_dagrun for example_local_kubernetes_executor to None, run_after=None
[2024-04-09T08:57:11.891+0000] {processor.py:183} INFO - Processing /home/airflow/.local/lib/python3.12/site-packages/airflow/example_dags/example_local_kubernetes_executor.py took 0.045 seconds
[2024-04-09T08:57:42.542+0000] {processor.py:161} INFO - Started process (PID=3847) to work on /home/airflow/.local/lib/python3.12/site-packages/airflow/example_dags/example_local_kubernetes_executor.py
[2024-04-09T08:57:42.543+0000] {processor.py:830} INFO - Processing file /home/airflow/.local/lib/python3.12/site-packages/airflow/example_dags/example_local_kubernetes_executor.py for tasks to queue
[2024-04-09T08:57:42.544+0000] {logging_mixin.py:188} INFO - [2024-04-09T08:57:42.543+0000] {dagbag.py:540} INFO - Filling up the DagBag from /home/airflow/.local/lib/python3.12/site-packages/airflow/example_dags/example_local_kubernetes_executor.py
[2024-04-09T08:57:42.547+0000] {processor.py:840} INFO - DAG(s) 'example_local_kubernetes_executor' retrieved from /home/airflow/.local/lib/python3.12/site-packages/airflow/example_dags/example_local_kubernetes_executor.py
[2024-04-09T08:57:42.566+0000] {logging_mixin.py:188} INFO - [2024-04-09T08:57:42.566+0000] {dag.py:3096} INFO - Sync 1 DAGs
[2024-04-09T08:57:42.574+0000] {logging_mixin.py:188} INFO - [2024-04-09T08:57:42.574+0000] {dag.py:3954} INFO - Setting next_dagrun for example_local_kubernetes_executor to None, run_after=None
[2024-04-09T08:57:42.591+0000] {processor.py:183} INFO - Processing /home/airflow/.local/lib/python3.12/site-packages/airflow/example_dags/example_local_kubernetes_executor.py took 0.052 seconds
[2024-04-09T08:58:12.764+0000] {processor.py:161} INFO - Started process (PID=3905) to work on /home/airflow/.local/lib/python3.12/site-packages/airflow/example_dags/example_local_kubernetes_executor.py
[2024-04-09T08:58:12.764+0000] {processor.py:830} INFO - Processing file /home/airflow/.local/lib/python3.12/site-packages/airflow/example_dags/example_local_kubernetes_executor.py for tasks to queue
[2024-04-09T08:58:12.765+0000] {logging_mixin.py:188} INFO - [2024-04-09T08:58:12.765+0000] {dagbag.py:540} INFO - Filling up the DagBag from /home/airflow/.local/lib/python3.12/site-packages/airflow/example_dags/example_local_kubernetes_executor.py
[2024-04-09T08:58:12.769+0000] {processor.py:840} INFO - DAG(s) 'example_local_kubernetes_executor' retrieved from /home/airflow/.local/lib/python3.12/site-packages/airflow/example_dags/example_local_kubernetes_executor.py
[2024-04-09T08:58:12.788+0000] {logging_mixin.py:188} INFO - [2024-04-09T08:58:12.788+0000] {dag.py:3096} INFO - Sync 1 DAGs
[2024-04-09T08:58:12.795+0000] {logging_mixin.py:188} INFO - [2024-04-09T08:58:12.795+0000] {dag.py:3954} INFO - Setting next_dagrun for example_local_kubernetes_executor to None, run_after=None
[2024-04-09T08:58:12.807+0000] {processor.py:183} INFO - Processing /home/airflow/.local/lib/python3.12/site-packages/airflow/example_dags/example_local_kubernetes_executor.py took 0.046 seconds
