[2024-04-09T08:24:30.115+0000] {processor.py:161} INFO - Started process (PID=74) to work on /home/airflow/.local/lib/python3.12/site-packages/airflow/example_dags/example_latest_only_with_trigger.py
[2024-04-09T08:24:30.116+0000] {processor.py:830} INFO - Processing file /home/airflow/.local/lib/python3.12/site-packages/airflow/example_dags/example_latest_only_with_trigger.py for tasks to queue
[2024-04-09T08:24:30.117+0000] {logging_mixin.py:188} INFO - [2024-04-09T08:24:30.117+0000] {dagbag.py:540} INFO - Filling up the DagBag from /home/airflow/.local/lib/python3.12/site-packages/airflow/example_dags/example_latest_only_with_trigger.py
[2024-04-09T08:24:30.122+0000] {processor.py:840} INFO - DAG(s) 'latest_only_with_trigger' retrieved from /home/airflow/.local/lib/python3.12/site-packages/airflow/example_dags/example_latest_only_with_trigger.py
[2024-04-09T08:24:30.129+0000] {logging_mixin.py:188} INFO - [2024-04-09T08:24:30.129+0000] {dag.py:3096} INFO - Sync 1 DAGs
[2024-04-09T08:24:30.146+0000] {logging_mixin.py:188} INFO - [2024-04-09T08:24:30.146+0000] {dag.py:3954} INFO - Setting next_dagrun for latest_only_with_trigger to 2024-04-09 04:00:00+00:00, run_after=2024-04-09 08:00:00+00:00
[2024-04-09T08:24:30.158+0000] {processor.py:183} INFO - Processing /home/airflow/.local/lib/python3.12/site-packages/airflow/example_dags/example_latest_only_with_trigger.py took 0.046 seconds
[2024-04-09T08:25:00.770+0000] {processor.py:161} INFO - Started process (PID=132) to work on /home/airflow/.local/lib/python3.12/site-packages/airflow/example_dags/example_latest_only_with_trigger.py
[2024-04-09T08:25:00.771+0000] {processor.py:830} INFO - Processing file /home/airflow/.local/lib/python3.12/site-packages/airflow/example_dags/example_latest_only_with_trigger.py for tasks to queue
[2024-04-09T08:25:00.772+0000] {logging_mixin.py:188} INFO - [2024-04-09T08:25:00.771+0000] {dagbag.py:540} INFO - Filling up the DagBag from /home/airflow/.local/lib/python3.12/site-packages/airflow/example_dags/example_latest_only_with_trigger.py
[2024-04-09T08:25:00.774+0000] {processor.py:840} INFO - DAG(s) 'latest_only_with_trigger' retrieved from /home/airflow/.local/lib/python3.12/site-packages/airflow/example_dags/example_latest_only_with_trigger.py
[2024-04-09T08:25:00.836+0000] {logging_mixin.py:188} INFO - [2024-04-09T08:25:00.836+0000] {dag.py:3096} INFO - Sync 1 DAGs
[2024-04-09T08:25:00.850+0000] {logging_mixin.py:188} INFO - [2024-04-09T08:25:00.850+0000] {dag.py:3954} INFO - Setting next_dagrun for latest_only_with_trigger to 2024-04-09 04:00:00+00:00, run_after=2024-04-09 08:00:00+00:00
[2024-04-09T08:25:00.866+0000] {processor.py:183} INFO - Processing /home/airflow/.local/lib/python3.12/site-packages/airflow/example_dags/example_latest_only_with_trigger.py took 0.098 seconds
[2024-04-09T08:25:30.955+0000] {processor.py:161} INFO - Started process (PID=190) to work on /home/airflow/.local/lib/python3.12/site-packages/airflow/example_dags/example_latest_only_with_trigger.py
[2024-04-09T08:25:30.956+0000] {processor.py:830} INFO - Processing file /home/airflow/.local/lib/python3.12/site-packages/airflow/example_dags/example_latest_only_with_trigger.py for tasks to queue
[2024-04-09T08:25:30.957+0000] {logging_mixin.py:188} INFO - [2024-04-09T08:25:30.956+0000] {dagbag.py:540} INFO - Filling up the DagBag from /home/airflow/.local/lib/python3.12/site-packages/airflow/example_dags/example_latest_only_with_trigger.py
[2024-04-09T08:25:30.960+0000] {processor.py:840} INFO - DAG(s) 'latest_only_with_trigger' retrieved from /home/airflow/.local/lib/python3.12/site-packages/airflow/example_dags/example_latest_only_with_trigger.py
[2024-04-09T08:25:30.971+0000] {logging_mixin.py:188} INFO - [2024-04-09T08:25:30.971+0000] {dag.py:3096} INFO - Sync 1 DAGs
[2024-04-09T08:25:30.984+0000] {logging_mixin.py:188} INFO - [2024-04-09T08:25:30.984+0000] {dag.py:3954} INFO - Setting next_dagrun for latest_only_with_trigger to 2024-04-09 04:00:00+00:00, run_after=2024-04-09 08:00:00+00:00
[2024-04-09T08:25:30.996+0000] {processor.py:183} INFO - Processing /home/airflow/.local/lib/python3.12/site-packages/airflow/example_dags/example_latest_only_with_trigger.py took 0.043 seconds
[2024-04-09T08:26:01.710+0000] {processor.py:161} INFO - Started process (PID=248) to work on /home/airflow/.local/lib/python3.12/site-packages/airflow/example_dags/example_latest_only_with_trigger.py
[2024-04-09T08:26:01.711+0000] {processor.py:830} INFO - Processing file /home/airflow/.local/lib/python3.12/site-packages/airflow/example_dags/example_latest_only_with_trigger.py for tasks to queue
[2024-04-09T08:26:01.711+0000] {logging_mixin.py:188} INFO - [2024-04-09T08:26:01.711+0000] {dagbag.py:540} INFO - Filling up the DagBag from /home/airflow/.local/lib/python3.12/site-packages/airflow/example_dags/example_latest_only_with_trigger.py
[2024-04-09T08:26:01.714+0000] {processor.py:840} INFO - DAG(s) 'latest_only_with_trigger' retrieved from /home/airflow/.local/lib/python3.12/site-packages/airflow/example_dags/example_latest_only_with_trigger.py
[2024-04-09T08:26:01.725+0000] {logging_mixin.py:188} INFO - [2024-04-09T08:26:01.725+0000] {dag.py:3096} INFO - Sync 1 DAGs
[2024-04-09T08:26:01.737+0000] {logging_mixin.py:188} INFO - [2024-04-09T08:26:01.737+0000] {dag.py:3954} INFO - Setting next_dagrun for latest_only_with_trigger to 2024-04-09 04:00:00+00:00, run_after=2024-04-09 08:00:00+00:00
[2024-04-09T08:26:01.749+0000] {processor.py:183} INFO - Processing /home/airflow/.local/lib/python3.12/site-packages/airflow/example_dags/example_latest_only_with_trigger.py took 0.042 seconds
[2024-04-09T08:26:32.559+0000] {processor.py:161} INFO - Started process (PID=306) to work on /home/airflow/.local/lib/python3.12/site-packages/airflow/example_dags/example_latest_only_with_trigger.py
[2024-04-09T08:26:32.559+0000] {processor.py:830} INFO - Processing file /home/airflow/.local/lib/python3.12/site-packages/airflow/example_dags/example_latest_only_with_trigger.py for tasks to queue
[2024-04-09T08:26:32.560+0000] {logging_mixin.py:188} INFO - [2024-04-09T08:26:32.560+0000] {dagbag.py:540} INFO - Filling up the DagBag from /home/airflow/.local/lib/python3.12/site-packages/airflow/example_dags/example_latest_only_with_trigger.py
[2024-04-09T08:26:32.563+0000] {processor.py:840} INFO - DAG(s) 'latest_only_with_trigger' retrieved from /home/airflow/.local/lib/python3.12/site-packages/airflow/example_dags/example_latest_only_with_trigger.py
[2024-04-09T08:26:32.577+0000] {logging_mixin.py:188} INFO - [2024-04-09T08:26:32.576+0000] {dag.py:3096} INFO - Sync 1 DAGs
[2024-04-09T08:26:32.589+0000] {logging_mixin.py:188} INFO - [2024-04-09T08:26:32.589+0000] {dag.py:3954} INFO - Setting next_dagrun for latest_only_with_trigger to 2024-04-09 04:00:00+00:00, run_after=2024-04-09 08:00:00+00:00
[2024-04-09T08:26:32.604+0000] {processor.py:183} INFO - Processing /home/airflow/.local/lib/python3.12/site-packages/airflow/example_dags/example_latest_only_with_trigger.py took 0.048 seconds
[2024-04-09T08:27:02.700+0000] {processor.py:161} INFO - Started process (PID=364) to work on /home/airflow/.local/lib/python3.12/site-packages/airflow/example_dags/example_latest_only_with_trigger.py
[2024-04-09T08:27:02.700+0000] {processor.py:830} INFO - Processing file /home/airflow/.local/lib/python3.12/site-packages/airflow/example_dags/example_latest_only_with_trigger.py for tasks to queue
[2024-04-09T08:27:02.701+0000] {logging_mixin.py:188} INFO - [2024-04-09T08:27:02.701+0000] {dagbag.py:540} INFO - Filling up the DagBag from /home/airflow/.local/lib/python3.12/site-packages/airflow/example_dags/example_latest_only_with_trigger.py
[2024-04-09T08:27:02.704+0000] {processor.py:840} INFO - DAG(s) 'latest_only_with_trigger' retrieved from /home/airflow/.local/lib/python3.12/site-packages/airflow/example_dags/example_latest_only_with_trigger.py
[2024-04-09T08:27:02.715+0000] {logging_mixin.py:188} INFO - [2024-04-09T08:27:02.715+0000] {dag.py:3096} INFO - Sync 1 DAGs
[2024-04-09T08:27:02.728+0000] {logging_mixin.py:188} INFO - [2024-04-09T08:27:02.728+0000] {dag.py:3954} INFO - Setting next_dagrun for latest_only_with_trigger to 2024-04-09 04:00:00+00:00, run_after=2024-04-09 08:00:00+00:00
[2024-04-09T08:27:02.740+0000] {processor.py:183} INFO - Processing /home/airflow/.local/lib/python3.12/site-packages/airflow/example_dags/example_latest_only_with_trigger.py took 0.043 seconds
[2024-04-09T08:27:33.844+0000] {processor.py:161} INFO - Started process (PID=422) to work on /home/airflow/.local/lib/python3.12/site-packages/airflow/example_dags/example_latest_only_with_trigger.py
[2024-04-09T08:27:33.845+0000] {processor.py:830} INFO - Processing file /home/airflow/.local/lib/python3.12/site-packages/airflow/example_dags/example_latest_only_with_trigger.py for tasks to queue
[2024-04-09T08:27:33.846+0000] {logging_mixin.py:188} INFO - [2024-04-09T08:27:33.845+0000] {dagbag.py:540} INFO - Filling up the DagBag from /home/airflow/.local/lib/python3.12/site-packages/airflow/example_dags/example_latest_only_with_trigger.py
[2024-04-09T08:27:33.848+0000] {processor.py:840} INFO - DAG(s) 'latest_only_with_trigger' retrieved from /home/airflow/.local/lib/python3.12/site-packages/airflow/example_dags/example_latest_only_with_trigger.py
[2024-04-09T08:27:33.859+0000] {logging_mixin.py:188} INFO - [2024-04-09T08:27:33.859+0000] {dag.py:3096} INFO - Sync 1 DAGs
[2024-04-09T08:27:33.871+0000] {logging_mixin.py:188} INFO - [2024-04-09T08:27:33.871+0000] {dag.py:3954} INFO - Setting next_dagrun for latest_only_with_trigger to 2024-04-09 04:00:00+00:00, run_after=2024-04-09 08:00:00+00:00
[2024-04-09T08:27:33.881+0000] {processor.py:183} INFO - Processing /home/airflow/.local/lib/python3.12/site-packages/airflow/example_dags/example_latest_only_with_trigger.py took 0.040 seconds
[2024-04-09T08:28:03.976+0000] {processor.py:161} INFO - Started process (PID=480) to work on /home/airflow/.local/lib/python3.12/site-packages/airflow/example_dags/example_latest_only_with_trigger.py
[2024-04-09T08:28:03.977+0000] {processor.py:830} INFO - Processing file /home/airflow/.local/lib/python3.12/site-packages/airflow/example_dags/example_latest_only_with_trigger.py for tasks to queue
[2024-04-09T08:28:03.978+0000] {logging_mixin.py:188} INFO - [2024-04-09T08:28:03.977+0000] {dagbag.py:540} INFO - Filling up the DagBag from /home/airflow/.local/lib/python3.12/site-packages/airflow/example_dags/example_latest_only_with_trigger.py
[2024-04-09T08:28:03.981+0000] {processor.py:840} INFO - DAG(s) 'latest_only_with_trigger' retrieved from /home/airflow/.local/lib/python3.12/site-packages/airflow/example_dags/example_latest_only_with_trigger.py
[2024-04-09T08:28:03.993+0000] {logging_mixin.py:188} INFO - [2024-04-09T08:28:03.993+0000] {dag.py:3096} INFO - Sync 1 DAGs
[2024-04-09T08:28:04.006+0000] {logging_mixin.py:188} INFO - [2024-04-09T08:28:04.006+0000] {dag.py:3954} INFO - Setting next_dagrun for latest_only_with_trigger to 2024-04-09 04:00:00+00:00, run_after=2024-04-09 08:00:00+00:00
[2024-04-09T08:28:04.016+0000] {processor.py:183} INFO - Processing /home/airflow/.local/lib/python3.12/site-packages/airflow/example_dags/example_latest_only_with_trigger.py took 0.043 seconds
[2024-04-09T08:28:34.912+0000] {processor.py:161} INFO - Started process (PID=538) to work on /home/airflow/.local/lib/python3.12/site-packages/airflow/example_dags/example_latest_only_with_trigger.py
[2024-04-09T08:28:34.913+0000] {processor.py:830} INFO - Processing file /home/airflow/.local/lib/python3.12/site-packages/airflow/example_dags/example_latest_only_with_trigger.py for tasks to queue
[2024-04-09T08:28:34.914+0000] {logging_mixin.py:188} INFO - [2024-04-09T08:28:34.913+0000] {dagbag.py:540} INFO - Filling up the DagBag from /home/airflow/.local/lib/python3.12/site-packages/airflow/example_dags/example_latest_only_with_trigger.py
[2024-04-09T08:28:34.917+0000] {processor.py:840} INFO - DAG(s) 'latest_only_with_trigger' retrieved from /home/airflow/.local/lib/python3.12/site-packages/airflow/example_dags/example_latest_only_with_trigger.py
[2024-04-09T08:28:34.927+0000] {logging_mixin.py:188} INFO - [2024-04-09T08:28:34.927+0000] {dag.py:3096} INFO - Sync 1 DAGs
[2024-04-09T08:28:34.939+0000] {logging_mixin.py:188} INFO - [2024-04-09T08:28:34.939+0000] {dag.py:3954} INFO - Setting next_dagrun for latest_only_with_trigger to 2024-04-09 04:00:00+00:00, run_after=2024-04-09 08:00:00+00:00
[2024-04-09T08:28:34.950+0000] {processor.py:183} INFO - Processing /home/airflow/.local/lib/python3.12/site-packages/airflow/example_dags/example_latest_only_with_trigger.py took 0.041 seconds
[2024-04-09T08:29:05.608+0000] {processor.py:161} INFO - Started process (PID=596) to work on /home/airflow/.local/lib/python3.12/site-packages/airflow/example_dags/example_latest_only_with_trigger.py
[2024-04-09T08:29:05.608+0000] {processor.py:830} INFO - Processing file /home/airflow/.local/lib/python3.12/site-packages/airflow/example_dags/example_latest_only_with_trigger.py for tasks to queue
[2024-04-09T08:29:05.609+0000] {logging_mixin.py:188} INFO - [2024-04-09T08:29:05.609+0000] {dagbag.py:540} INFO - Filling up the DagBag from /home/airflow/.local/lib/python3.12/site-packages/airflow/example_dags/example_latest_only_with_trigger.py
[2024-04-09T08:29:05.612+0000] {processor.py:840} INFO - DAG(s) 'latest_only_with_trigger' retrieved from /home/airflow/.local/lib/python3.12/site-packages/airflow/example_dags/example_latest_only_with_trigger.py
[2024-04-09T08:29:05.623+0000] {logging_mixin.py:188} INFO - [2024-04-09T08:29:05.623+0000] {dag.py:3096} INFO - Sync 1 DAGs
[2024-04-09T08:29:05.634+0000] {logging_mixin.py:188} INFO - [2024-04-09T08:29:05.634+0000] {dag.py:3954} INFO - Setting next_dagrun for latest_only_with_trigger to 2024-04-09 04:00:00+00:00, run_after=2024-04-09 08:00:00+00:00
[2024-04-09T08:29:05.644+0000] {processor.py:183} INFO - Processing /home/airflow/.local/lib/python3.12/site-packages/airflow/example_dags/example_latest_only_with_trigger.py took 0.039 seconds
[2024-04-09T08:29:36.293+0000] {processor.py:161} INFO - Started process (PID=654) to work on /home/airflow/.local/lib/python3.12/site-packages/airflow/example_dags/example_latest_only_with_trigger.py
[2024-04-09T08:29:36.293+0000] {processor.py:830} INFO - Processing file /home/airflow/.local/lib/python3.12/site-packages/airflow/example_dags/example_latest_only_with_trigger.py for tasks to queue
[2024-04-09T08:29:36.294+0000] {logging_mixin.py:188} INFO - [2024-04-09T08:29:36.294+0000] {dagbag.py:540} INFO - Filling up the DagBag from /home/airflow/.local/lib/python3.12/site-packages/airflow/example_dags/example_latest_only_with_trigger.py
[2024-04-09T08:29:36.297+0000] {processor.py:840} INFO - DAG(s) 'latest_only_with_trigger' retrieved from /home/airflow/.local/lib/python3.12/site-packages/airflow/example_dags/example_latest_only_with_trigger.py
[2024-04-09T08:29:36.309+0000] {logging_mixin.py:188} INFO - [2024-04-09T08:29:36.308+0000] {dag.py:3096} INFO - Sync 1 DAGs
[2024-04-09T08:29:36.320+0000] {logging_mixin.py:188} INFO - [2024-04-09T08:29:36.320+0000] {dag.py:3954} INFO - Setting next_dagrun for latest_only_with_trigger to 2024-04-09 04:00:00+00:00, run_after=2024-04-09 08:00:00+00:00
[2024-04-09T08:29:36.331+0000] {processor.py:183} INFO - Processing /home/airflow/.local/lib/python3.12/site-packages/airflow/example_dags/example_latest_only_with_trigger.py took 0.041 seconds
[2024-04-09T08:30:07.070+0000] {processor.py:161} INFO - Started process (PID=712) to work on /home/airflow/.local/lib/python3.12/site-packages/airflow/example_dags/example_latest_only_with_trigger.py
[2024-04-09T08:30:07.071+0000] {processor.py:830} INFO - Processing file /home/airflow/.local/lib/python3.12/site-packages/airflow/example_dags/example_latest_only_with_trigger.py for tasks to queue
[2024-04-09T08:30:07.072+0000] {logging_mixin.py:188} INFO - [2024-04-09T08:30:07.072+0000] {dagbag.py:540} INFO - Filling up the DagBag from /home/airflow/.local/lib/python3.12/site-packages/airflow/example_dags/example_latest_only_with_trigger.py
[2024-04-09T08:30:07.075+0000] {processor.py:840} INFO - DAG(s) 'latest_only_with_trigger' retrieved from /home/airflow/.local/lib/python3.12/site-packages/airflow/example_dags/example_latest_only_with_trigger.py
[2024-04-09T08:30:07.087+0000] {logging_mixin.py:188} INFO - [2024-04-09T08:30:07.087+0000] {dag.py:3096} INFO - Sync 1 DAGs
[2024-04-09T08:30:07.100+0000] {logging_mixin.py:188} INFO - [2024-04-09T08:30:07.100+0000] {dag.py:3954} INFO - Setting next_dagrun for latest_only_with_trigger to 2024-04-09 04:00:00+00:00, run_after=2024-04-09 08:00:00+00:00
[2024-04-09T08:30:07.110+0000] {processor.py:183} INFO - Processing /home/airflow/.local/lib/python3.12/site-packages/airflow/example_dags/example_latest_only_with_trigger.py took 0.042 seconds
[2024-04-09T08:30:37.931+0000] {processor.py:161} INFO - Started process (PID=770) to work on /home/airflow/.local/lib/python3.12/site-packages/airflow/example_dags/example_latest_only_with_trigger.py
[2024-04-09T08:30:37.932+0000] {processor.py:830} INFO - Processing file /home/airflow/.local/lib/python3.12/site-packages/airflow/example_dags/example_latest_only_with_trigger.py for tasks to queue
[2024-04-09T08:30:37.933+0000] {logging_mixin.py:188} INFO - [2024-04-09T08:30:37.932+0000] {dagbag.py:540} INFO - Filling up the DagBag from /home/airflow/.local/lib/python3.12/site-packages/airflow/example_dags/example_latest_only_with_trigger.py
[2024-04-09T08:30:37.936+0000] {processor.py:840} INFO - DAG(s) 'latest_only_with_trigger' retrieved from /home/airflow/.local/lib/python3.12/site-packages/airflow/example_dags/example_latest_only_with_trigger.py
[2024-04-09T08:30:37.951+0000] {logging_mixin.py:188} INFO - [2024-04-09T08:30:37.951+0000] {dag.py:3096} INFO - Sync 1 DAGs
[2024-04-09T08:30:37.966+0000] {logging_mixin.py:188} INFO - [2024-04-09T08:30:37.965+0000] {dag.py:3954} INFO - Setting next_dagrun for latest_only_with_trigger to 2024-04-09 04:00:00+00:00, run_after=2024-04-09 08:00:00+00:00
[2024-04-09T08:30:37.978+0000] {processor.py:183} INFO - Processing /home/airflow/.local/lib/python3.12/site-packages/airflow/example_dags/example_latest_only_with_trigger.py took 0.051 seconds
[2024-04-09T08:31:08.230+0000] {processor.py:161} INFO - Started process (PID=828) to work on /home/airflow/.local/lib/python3.12/site-packages/airflow/example_dags/example_latest_only_with_trigger.py
[2024-04-09T08:31:08.231+0000] {processor.py:830} INFO - Processing file /home/airflow/.local/lib/python3.12/site-packages/airflow/example_dags/example_latest_only_with_trigger.py for tasks to queue
[2024-04-09T08:31:08.232+0000] {logging_mixin.py:188} INFO - [2024-04-09T08:31:08.232+0000] {dagbag.py:540} INFO - Filling up the DagBag from /home/airflow/.local/lib/python3.12/site-packages/airflow/example_dags/example_latest_only_with_trigger.py
[2024-04-09T08:31:08.236+0000] {processor.py:840} INFO - DAG(s) 'latest_only_with_trigger' retrieved from /home/airflow/.local/lib/python3.12/site-packages/airflow/example_dags/example_latest_only_with_trigger.py
[2024-04-09T08:31:08.248+0000] {logging_mixin.py:188} INFO - [2024-04-09T08:31:08.248+0000] {dag.py:3096} INFO - Sync 1 DAGs
[2024-04-09T08:31:08.263+0000] {logging_mixin.py:188} INFO - [2024-04-09T08:31:08.263+0000] {dag.py:3954} INFO - Setting next_dagrun for latest_only_with_trigger to 2024-04-09 04:00:00+00:00, run_after=2024-04-09 08:00:00+00:00
[2024-04-09T08:31:08.276+0000] {processor.py:183} INFO - Processing /home/airflow/.local/lib/python3.12/site-packages/airflow/example_dags/example_latest_only_with_trigger.py took 0.048 seconds
[2024-04-09T08:31:39.045+0000] {processor.py:161} INFO - Started process (PID=886) to work on /home/airflow/.local/lib/python3.12/site-packages/airflow/example_dags/example_latest_only_with_trigger.py
[2024-04-09T08:31:39.046+0000] {processor.py:830} INFO - Processing file /home/airflow/.local/lib/python3.12/site-packages/airflow/example_dags/example_latest_only_with_trigger.py for tasks to queue
[2024-04-09T08:31:39.047+0000] {logging_mixin.py:188} INFO - [2024-04-09T08:31:39.047+0000] {dagbag.py:540} INFO - Filling up the DagBag from /home/airflow/.local/lib/python3.12/site-packages/airflow/example_dags/example_latest_only_with_trigger.py
[2024-04-09T08:31:39.051+0000] {processor.py:840} INFO - DAG(s) 'latest_only_with_trigger' retrieved from /home/airflow/.local/lib/python3.12/site-packages/airflow/example_dags/example_latest_only_with_trigger.py
[2024-04-09T08:31:39.064+0000] {logging_mixin.py:188} INFO - [2024-04-09T08:31:39.064+0000] {dag.py:3096} INFO - Sync 1 DAGs
[2024-04-09T08:31:39.081+0000] {logging_mixin.py:188} INFO - [2024-04-09T08:31:39.081+0000] {dag.py:3954} INFO - Setting next_dagrun for latest_only_with_trigger to 2024-04-09 04:00:00+00:00, run_after=2024-04-09 08:00:00+00:00
[2024-04-09T08:31:39.094+0000] {processor.py:183} INFO - Processing /home/airflow/.local/lib/python3.12/site-packages/airflow/example_dags/example_latest_only_with_trigger.py took 0.053 seconds
[2024-04-09T08:32:09.338+0000] {processor.py:161} INFO - Started process (PID=944) to work on /home/airflow/.local/lib/python3.12/site-packages/airflow/example_dags/example_latest_only_with_trigger.py
[2024-04-09T08:32:09.338+0000] {processor.py:830} INFO - Processing file /home/airflow/.local/lib/python3.12/site-packages/airflow/example_dags/example_latest_only_with_trigger.py for tasks to queue
[2024-04-09T08:32:09.339+0000] {logging_mixin.py:188} INFO - [2024-04-09T08:32:09.339+0000] {dagbag.py:540} INFO - Filling up the DagBag from /home/airflow/.local/lib/python3.12/site-packages/airflow/example_dags/example_latest_only_with_trigger.py
[2024-04-09T08:32:09.342+0000] {processor.py:840} INFO - DAG(s) 'latest_only_with_trigger' retrieved from /home/airflow/.local/lib/python3.12/site-packages/airflow/example_dags/example_latest_only_with_trigger.py
[2024-04-09T08:32:09.353+0000] {logging_mixin.py:188} INFO - [2024-04-09T08:32:09.353+0000] {dag.py:3096} INFO - Sync 1 DAGs
[2024-04-09T08:32:09.366+0000] {logging_mixin.py:188} INFO - [2024-04-09T08:32:09.366+0000] {dag.py:3954} INFO - Setting next_dagrun for latest_only_with_trigger to 2024-04-09 04:00:00+00:00, run_after=2024-04-09 08:00:00+00:00
[2024-04-09T08:32:09.377+0000] {processor.py:183} INFO - Processing /home/airflow/.local/lib/python3.12/site-packages/airflow/example_dags/example_latest_only_with_trigger.py took 0.042 seconds
[2024-04-09T08:32:40.167+0000] {processor.py:161} INFO - Started process (PID=1002) to work on /home/airflow/.local/lib/python3.12/site-packages/airflow/example_dags/example_latest_only_with_trigger.py
[2024-04-09T08:32:40.168+0000] {processor.py:830} INFO - Processing file /home/airflow/.local/lib/python3.12/site-packages/airflow/example_dags/example_latest_only_with_trigger.py for tasks to queue
[2024-04-09T08:32:40.169+0000] {logging_mixin.py:188} INFO - [2024-04-09T08:32:40.169+0000] {dagbag.py:540} INFO - Filling up the DagBag from /home/airflow/.local/lib/python3.12/site-packages/airflow/example_dags/example_latest_only_with_trigger.py
[2024-04-09T08:32:40.172+0000] {processor.py:840} INFO - DAG(s) 'latest_only_with_trigger' retrieved from /home/airflow/.local/lib/python3.12/site-packages/airflow/example_dags/example_latest_only_with_trigger.py
[2024-04-09T08:32:40.186+0000] {logging_mixin.py:188} INFO - [2024-04-09T08:32:40.186+0000] {dag.py:3096} INFO - Sync 1 DAGs
[2024-04-09T08:32:40.202+0000] {logging_mixin.py:188} INFO - [2024-04-09T08:32:40.201+0000] {dag.py:3954} INFO - Setting next_dagrun for latest_only_with_trigger to 2024-04-09 04:00:00+00:00, run_after=2024-04-09 08:00:00+00:00
[2024-04-09T08:32:40.335+0000] {processor.py:183} INFO - Processing /home/airflow/.local/lib/python3.12/site-packages/airflow/example_dags/example_latest_only_with_trigger.py took 0.172 seconds
[2024-04-09T08:33:11.358+0000] {processor.py:161} INFO - Started process (PID=1060) to work on /home/airflow/.local/lib/python3.12/site-packages/airflow/example_dags/example_latest_only_with_trigger.py
[2024-04-09T08:33:11.358+0000] {processor.py:830} INFO - Processing file /home/airflow/.local/lib/python3.12/site-packages/airflow/example_dags/example_latest_only_with_trigger.py for tasks to queue
[2024-04-09T08:33:11.360+0000] {logging_mixin.py:188} INFO - [2024-04-09T08:33:11.359+0000] {dagbag.py:540} INFO - Filling up the DagBag from /home/airflow/.local/lib/python3.12/site-packages/airflow/example_dags/example_latest_only_with_trigger.py
[2024-04-09T08:33:11.363+0000] {processor.py:840} INFO - DAG(s) 'latest_only_with_trigger' retrieved from /home/airflow/.local/lib/python3.12/site-packages/airflow/example_dags/example_latest_only_with_trigger.py
[2024-04-09T08:33:11.377+0000] {logging_mixin.py:188} INFO - [2024-04-09T08:33:11.377+0000] {dag.py:3096} INFO - Sync 1 DAGs
[2024-04-09T08:33:11.395+0000] {logging_mixin.py:188} INFO - [2024-04-09T08:33:11.395+0000] {dag.py:3954} INFO - Setting next_dagrun for latest_only_with_trigger to 2024-04-09 04:00:00+00:00, run_after=2024-04-09 08:00:00+00:00
[2024-04-09T08:33:11.553+0000] {processor.py:183} INFO - Processing /home/airflow/.local/lib/python3.12/site-packages/airflow/example_dags/example_latest_only_with_trigger.py took 0.200 seconds
[2024-04-09T08:33:42.132+0000] {processor.py:161} INFO - Started process (PID=1118) to work on /home/airflow/.local/lib/python3.12/site-packages/airflow/example_dags/example_latest_only_with_trigger.py
[2024-04-09T08:33:42.133+0000] {processor.py:830} INFO - Processing file /home/airflow/.local/lib/python3.12/site-packages/airflow/example_dags/example_latest_only_with_trigger.py for tasks to queue
[2024-04-09T08:33:42.134+0000] {logging_mixin.py:188} INFO - [2024-04-09T08:33:42.134+0000] {dagbag.py:540} INFO - Filling up the DagBag from /home/airflow/.local/lib/python3.12/site-packages/airflow/example_dags/example_latest_only_with_trigger.py
[2024-04-09T08:33:42.137+0000] {processor.py:840} INFO - DAG(s) 'latest_only_with_trigger' retrieved from /home/airflow/.local/lib/python3.12/site-packages/airflow/example_dags/example_latest_only_with_trigger.py
[2024-04-09T08:33:42.150+0000] {logging_mixin.py:188} INFO - [2024-04-09T08:33:42.150+0000] {dag.py:3096} INFO - Sync 1 DAGs
[2024-04-09T08:33:42.165+0000] {logging_mixin.py:188} INFO - [2024-04-09T08:33:42.165+0000] {dag.py:3954} INFO - Setting next_dagrun for latest_only_with_trigger to 2024-04-09 04:00:00+00:00, run_after=2024-04-09 08:00:00+00:00
[2024-04-09T08:33:42.301+0000] {processor.py:183} INFO - Processing /home/airflow/.local/lib/python3.12/site-packages/airflow/example_dags/example_latest_only_with_trigger.py took 0.172 seconds
[2024-04-09T08:34:12.513+0000] {processor.py:161} INFO - Started process (PID=1176) to work on /home/airflow/.local/lib/python3.12/site-packages/airflow/example_dags/example_latest_only_with_trigger.py
[2024-04-09T08:34:12.513+0000] {processor.py:830} INFO - Processing file /home/airflow/.local/lib/python3.12/site-packages/airflow/example_dags/example_latest_only_with_trigger.py for tasks to queue
[2024-04-09T08:34:12.514+0000] {logging_mixin.py:188} INFO - [2024-04-09T08:34:12.514+0000] {dagbag.py:540} INFO - Filling up the DagBag from /home/airflow/.local/lib/python3.12/site-packages/airflow/example_dags/example_latest_only_with_trigger.py
[2024-04-09T08:34:12.517+0000] {processor.py:840} INFO - DAG(s) 'latest_only_with_trigger' retrieved from /home/airflow/.local/lib/python3.12/site-packages/airflow/example_dags/example_latest_only_with_trigger.py
[2024-04-09T08:34:12.529+0000] {logging_mixin.py:188} INFO - [2024-04-09T08:34:12.529+0000] {dag.py:3096} INFO - Sync 1 DAGs
[2024-04-09T08:34:12.543+0000] {logging_mixin.py:188} INFO - [2024-04-09T08:34:12.543+0000] {dag.py:3954} INFO - Setting next_dagrun for latest_only_with_trigger to 2024-04-09 04:00:00+00:00, run_after=2024-04-09 08:00:00+00:00
[2024-04-09T08:34:12.554+0000] {processor.py:183} INFO - Processing /home/airflow/.local/lib/python3.12/site-packages/airflow/example_dags/example_latest_only_with_trigger.py took 0.045 seconds
[2024-04-09T08:34:43.593+0000] {processor.py:161} INFO - Started process (PID=1234) to work on /home/airflow/.local/lib/python3.12/site-packages/airflow/example_dags/example_latest_only_with_trigger.py
[2024-04-09T08:34:43.593+0000] {processor.py:830} INFO - Processing file /home/airflow/.local/lib/python3.12/site-packages/airflow/example_dags/example_latest_only_with_trigger.py for tasks to queue
[2024-04-09T08:34:43.594+0000] {logging_mixin.py:188} INFO - [2024-04-09T08:34:43.594+0000] {dagbag.py:540} INFO - Filling up the DagBag from /home/airflow/.local/lib/python3.12/site-packages/airflow/example_dags/example_latest_only_with_trigger.py
[2024-04-09T08:34:43.597+0000] {processor.py:840} INFO - DAG(s) 'latest_only_with_trigger' retrieved from /home/airflow/.local/lib/python3.12/site-packages/airflow/example_dags/example_latest_only_with_trigger.py
[2024-04-09T08:34:43.609+0000] {logging_mixin.py:188} INFO - [2024-04-09T08:34:43.609+0000] {dag.py:3096} INFO - Sync 1 DAGs
[2024-04-09T08:34:43.622+0000] {logging_mixin.py:188} INFO - [2024-04-09T08:34:43.622+0000] {dag.py:3954} INFO - Setting next_dagrun for latest_only_with_trigger to 2024-04-09 04:00:00+00:00, run_after=2024-04-09 08:00:00+00:00
[2024-04-09T08:34:43.634+0000] {processor.py:183} INFO - Processing /home/airflow/.local/lib/python3.12/site-packages/airflow/example_dags/example_latest_only_with_trigger.py took 0.044 seconds
[2024-04-09T08:35:13.812+0000] {processor.py:161} INFO - Started process (PID=1292) to work on /home/airflow/.local/lib/python3.12/site-packages/airflow/example_dags/example_latest_only_with_trigger.py
[2024-04-09T08:35:13.813+0000] {processor.py:830} INFO - Processing file /home/airflow/.local/lib/python3.12/site-packages/airflow/example_dags/example_latest_only_with_trigger.py for tasks to queue
[2024-04-09T08:35:13.814+0000] {logging_mixin.py:188} INFO - [2024-04-09T08:35:13.814+0000] {dagbag.py:540} INFO - Filling up the DagBag from /home/airflow/.local/lib/python3.12/site-packages/airflow/example_dags/example_latest_only_with_trigger.py
[2024-04-09T08:35:13.817+0000] {processor.py:840} INFO - DAG(s) 'latest_only_with_trigger' retrieved from /home/airflow/.local/lib/python3.12/site-packages/airflow/example_dags/example_latest_only_with_trigger.py
[2024-04-09T08:35:13.829+0000] {logging_mixin.py:188} INFO - [2024-04-09T08:35:13.829+0000] {dag.py:3096} INFO - Sync 1 DAGs
[2024-04-09T08:35:13.844+0000] {logging_mixin.py:188} INFO - [2024-04-09T08:35:13.843+0000] {dag.py:3954} INFO - Setting next_dagrun for latest_only_with_trigger to 2024-04-09 04:00:00+00:00, run_after=2024-04-09 08:00:00+00:00
[2024-04-09T08:35:13.858+0000] {processor.py:183} INFO - Processing /home/airflow/.local/lib/python3.12/site-packages/airflow/example_dags/example_latest_only_with_trigger.py took 0.049 seconds
[2024-04-09T08:35:44.750+0000] {processor.py:161} INFO - Started process (PID=1350) to work on /home/airflow/.local/lib/python3.12/site-packages/airflow/example_dags/example_latest_only_with_trigger.py
[2024-04-09T08:35:44.750+0000] {processor.py:830} INFO - Processing file /home/airflow/.local/lib/python3.12/site-packages/airflow/example_dags/example_latest_only_with_trigger.py for tasks to queue
[2024-04-09T08:35:44.751+0000] {logging_mixin.py:188} INFO - [2024-04-09T08:35:44.751+0000] {dagbag.py:540} INFO - Filling up the DagBag from /home/airflow/.local/lib/python3.12/site-packages/airflow/example_dags/example_latest_only_with_trigger.py
[2024-04-09T08:35:44.754+0000] {processor.py:840} INFO - DAG(s) 'latest_only_with_trigger' retrieved from /home/airflow/.local/lib/python3.12/site-packages/airflow/example_dags/example_latest_only_with_trigger.py
[2024-04-09T08:35:44.768+0000] {logging_mixin.py:188} INFO - [2024-04-09T08:35:44.768+0000] {dag.py:3096} INFO - Sync 1 DAGs
[2024-04-09T08:35:44.780+0000] {logging_mixin.py:188} INFO - [2024-04-09T08:35:44.780+0000] {dag.py:3954} INFO - Setting next_dagrun for latest_only_with_trigger to 2024-04-09 04:00:00+00:00, run_after=2024-04-09 08:00:00+00:00
[2024-04-09T08:35:44.791+0000] {processor.py:183} INFO - Processing /home/airflow/.local/lib/python3.12/site-packages/airflow/example_dags/example_latest_only_with_trigger.py took 0.044 seconds
[2024-04-09T08:36:15.501+0000] {processor.py:161} INFO - Started process (PID=1408) to work on /home/airflow/.local/lib/python3.12/site-packages/airflow/example_dags/example_latest_only_with_trigger.py
[2024-04-09T08:36:15.502+0000] {processor.py:830} INFO - Processing file /home/airflow/.local/lib/python3.12/site-packages/airflow/example_dags/example_latest_only_with_trigger.py for tasks to queue
[2024-04-09T08:36:15.503+0000] {logging_mixin.py:188} INFO - [2024-04-09T08:36:15.503+0000] {dagbag.py:540} INFO - Filling up the DagBag from /home/airflow/.local/lib/python3.12/site-packages/airflow/example_dags/example_latest_only_with_trigger.py
[2024-04-09T08:36:15.506+0000] {processor.py:840} INFO - DAG(s) 'latest_only_with_trigger' retrieved from /home/airflow/.local/lib/python3.12/site-packages/airflow/example_dags/example_latest_only_with_trigger.py
[2024-04-09T08:36:15.518+0000] {logging_mixin.py:188} INFO - [2024-04-09T08:36:15.517+0000] {dag.py:3096} INFO - Sync 1 DAGs
[2024-04-09T08:36:15.531+0000] {logging_mixin.py:188} INFO - [2024-04-09T08:36:15.530+0000] {dag.py:3954} INFO - Setting next_dagrun for latest_only_with_trigger to 2024-04-09 04:00:00+00:00, run_after=2024-04-09 08:00:00+00:00
[2024-04-09T08:36:15.543+0000] {processor.py:183} INFO - Processing /home/airflow/.local/lib/python3.12/site-packages/airflow/example_dags/example_latest_only_with_trigger.py took 0.045 seconds
[2024-04-09T08:36:46.062+0000] {processor.py:161} INFO - Started process (PID=1466) to work on /home/airflow/.local/lib/python3.12/site-packages/airflow/example_dags/example_latest_only_with_trigger.py
[2024-04-09T08:36:46.063+0000] {processor.py:830} INFO - Processing file /home/airflow/.local/lib/python3.12/site-packages/airflow/example_dags/example_latest_only_with_trigger.py for tasks to queue
[2024-04-09T08:36:46.064+0000] {logging_mixin.py:188} INFO - [2024-04-09T08:36:46.064+0000] {dagbag.py:540} INFO - Filling up the DagBag from /home/airflow/.local/lib/python3.12/site-packages/airflow/example_dags/example_latest_only_with_trigger.py
[2024-04-09T08:36:46.067+0000] {processor.py:840} INFO - DAG(s) 'latest_only_with_trigger' retrieved from /home/airflow/.local/lib/python3.12/site-packages/airflow/example_dags/example_latest_only_with_trigger.py
[2024-04-09T08:36:46.079+0000] {logging_mixin.py:188} INFO - [2024-04-09T08:36:46.079+0000] {dag.py:3096} INFO - Sync 1 DAGs
[2024-04-09T08:36:46.091+0000] {logging_mixin.py:188} INFO - [2024-04-09T08:36:46.091+0000] {dag.py:3954} INFO - Setting next_dagrun for latest_only_with_trigger to 2024-04-09 04:00:00+00:00, run_after=2024-04-09 08:00:00+00:00
[2024-04-09T08:36:46.103+0000] {processor.py:183} INFO - Processing /home/airflow/.local/lib/python3.12/site-packages/airflow/example_dags/example_latest_only_with_trigger.py took 0.044 seconds
[2024-04-09T08:37:16.679+0000] {processor.py:161} INFO - Started process (PID=1524) to work on /home/airflow/.local/lib/python3.12/site-packages/airflow/example_dags/example_latest_only_with_trigger.py
[2024-04-09T08:37:16.680+0000] {processor.py:830} INFO - Processing file /home/airflow/.local/lib/python3.12/site-packages/airflow/example_dags/example_latest_only_with_trigger.py for tasks to queue
[2024-04-09T08:37:16.681+0000] {logging_mixin.py:188} INFO - [2024-04-09T08:37:16.680+0000] {dagbag.py:540} INFO - Filling up the DagBag from /home/airflow/.local/lib/python3.12/site-packages/airflow/example_dags/example_latest_only_with_trigger.py
[2024-04-09T08:37:16.684+0000] {processor.py:840} INFO - DAG(s) 'latest_only_with_trigger' retrieved from /home/airflow/.local/lib/python3.12/site-packages/airflow/example_dags/example_latest_only_with_trigger.py
[2024-04-09T08:37:16.695+0000] {logging_mixin.py:188} INFO - [2024-04-09T08:37:16.695+0000] {dag.py:3096} INFO - Sync 1 DAGs
[2024-04-09T08:37:16.708+0000] {logging_mixin.py:188} INFO - [2024-04-09T08:37:16.707+0000] {dag.py:3954} INFO - Setting next_dagrun for latest_only_with_trigger to 2024-04-09 04:00:00+00:00, run_after=2024-04-09 08:00:00+00:00
[2024-04-09T08:37:16.720+0000] {processor.py:183} INFO - Processing /home/airflow/.local/lib/python3.12/site-packages/airflow/example_dags/example_latest_only_with_trigger.py took 0.044 seconds
[2024-04-09T08:37:47.239+0000] {processor.py:161} INFO - Started process (PID=1582) to work on /home/airflow/.local/lib/python3.12/site-packages/airflow/example_dags/example_latest_only_with_trigger.py
[2024-04-09T08:37:47.239+0000] {processor.py:830} INFO - Processing file /home/airflow/.local/lib/python3.12/site-packages/airflow/example_dags/example_latest_only_with_trigger.py for tasks to queue
[2024-04-09T08:37:47.240+0000] {logging_mixin.py:188} INFO - [2024-04-09T08:37:47.240+0000] {dagbag.py:540} INFO - Filling up the DagBag from /home/airflow/.local/lib/python3.12/site-packages/airflow/example_dags/example_latest_only_with_trigger.py
[2024-04-09T08:37:47.243+0000] {processor.py:840} INFO - DAG(s) 'latest_only_with_trigger' retrieved from /home/airflow/.local/lib/python3.12/site-packages/airflow/example_dags/example_latest_only_with_trigger.py
[2024-04-09T08:37:47.254+0000] {logging_mixin.py:188} INFO - [2024-04-09T08:37:47.254+0000] {dag.py:3096} INFO - Sync 1 DAGs
[2024-04-09T08:37:47.267+0000] {logging_mixin.py:188} INFO - [2024-04-09T08:37:47.267+0000] {dag.py:3954} INFO - Setting next_dagrun for latest_only_with_trigger to 2024-04-09 04:00:00+00:00, run_after=2024-04-09 08:00:00+00:00
[2024-04-09T08:37:47.279+0000] {processor.py:183} INFO - Processing /home/airflow/.local/lib/python3.12/site-packages/airflow/example_dags/example_latest_only_with_trigger.py took 0.043 seconds
[2024-04-09T08:38:17.961+0000] {processor.py:161} INFO - Started process (PID=1646) to work on /home/airflow/.local/lib/python3.12/site-packages/airflow/example_dags/example_latest_only_with_trigger.py
[2024-04-09T08:38:17.962+0000] {processor.py:830} INFO - Processing file /home/airflow/.local/lib/python3.12/site-packages/airflow/example_dags/example_latest_only_with_trigger.py for tasks to queue
[2024-04-09T08:38:17.963+0000] {logging_mixin.py:188} INFO - [2024-04-09T08:38:17.963+0000] {dagbag.py:540} INFO - Filling up the DagBag from /home/airflow/.local/lib/python3.12/site-packages/airflow/example_dags/example_latest_only_with_trigger.py
[2024-04-09T08:38:17.966+0000] {processor.py:840} INFO - DAG(s) 'latest_only_with_trigger' retrieved from /home/airflow/.local/lib/python3.12/site-packages/airflow/example_dags/example_latest_only_with_trigger.py
[2024-04-09T08:38:17.977+0000] {logging_mixin.py:188} INFO - [2024-04-09T08:38:17.977+0000] {dag.py:3096} INFO - Sync 1 DAGs
[2024-04-09T08:38:17.989+0000] {logging_mixin.py:188} INFO - [2024-04-09T08:38:17.989+0000] {dag.py:3954} INFO - Setting next_dagrun for latest_only_with_trigger to 2024-04-09 04:00:00+00:00, run_after=2024-04-09 08:00:00+00:00
[2024-04-09T08:38:18.000+0000] {processor.py:183} INFO - Processing /home/airflow/.local/lib/python3.12/site-packages/airflow/example_dags/example_latest_only_with_trigger.py took 0.041 seconds
[2024-04-09T08:38:48.550+0000] {processor.py:161} INFO - Started process (PID=1704) to work on /home/airflow/.local/lib/python3.12/site-packages/airflow/example_dags/example_latest_only_with_trigger.py
[2024-04-09T08:38:48.550+0000] {processor.py:830} INFO - Processing file /home/airflow/.local/lib/python3.12/site-packages/airflow/example_dags/example_latest_only_with_trigger.py for tasks to queue
[2024-04-09T08:38:48.551+0000] {logging_mixin.py:188} INFO - [2024-04-09T08:38:48.551+0000] {dagbag.py:540} INFO - Filling up the DagBag from /home/airflow/.local/lib/python3.12/site-packages/airflow/example_dags/example_latest_only_with_trigger.py
[2024-04-09T08:38:48.555+0000] {processor.py:840} INFO - DAG(s) 'latest_only_with_trigger' retrieved from /home/airflow/.local/lib/python3.12/site-packages/airflow/example_dags/example_latest_only_with_trigger.py
[2024-04-09T08:38:48.566+0000] {logging_mixin.py:188} INFO - [2024-04-09T08:38:48.566+0000] {dag.py:3096} INFO - Sync 1 DAGs
[2024-04-09T08:38:48.579+0000] {logging_mixin.py:188} INFO - [2024-04-09T08:38:48.578+0000] {dag.py:3954} INFO - Setting next_dagrun for latest_only_with_trigger to 2024-04-09 04:00:00+00:00, run_after=2024-04-09 08:00:00+00:00
[2024-04-09T08:38:48.591+0000] {processor.py:183} INFO - Processing /home/airflow/.local/lib/python3.12/site-packages/airflow/example_dags/example_latest_only_with_trigger.py took 0.044 seconds
[2024-04-09T08:39:19.230+0000] {processor.py:161} INFO - Started process (PID=1762) to work on /home/airflow/.local/lib/python3.12/site-packages/airflow/example_dags/example_latest_only_with_trigger.py
[2024-04-09T08:39:19.231+0000] {processor.py:830} INFO - Processing file /home/airflow/.local/lib/python3.12/site-packages/airflow/example_dags/example_latest_only_with_trigger.py for tasks to queue
[2024-04-09T08:39:19.232+0000] {logging_mixin.py:188} INFO - [2024-04-09T08:39:19.232+0000] {dagbag.py:540} INFO - Filling up the DagBag from /home/airflow/.local/lib/python3.12/site-packages/airflow/example_dags/example_latest_only_with_trigger.py
[2024-04-09T08:39:19.235+0000] {processor.py:840} INFO - DAG(s) 'latest_only_with_trigger' retrieved from /home/airflow/.local/lib/python3.12/site-packages/airflow/example_dags/example_latest_only_with_trigger.py
[2024-04-09T08:39:19.246+0000] {logging_mixin.py:188} INFO - [2024-04-09T08:39:19.246+0000] {dag.py:3096} INFO - Sync 1 DAGs
[2024-04-09T08:39:19.259+0000] {logging_mixin.py:188} INFO - [2024-04-09T08:39:19.259+0000] {dag.py:3954} INFO - Setting next_dagrun for latest_only_with_trigger to 2024-04-09 04:00:00+00:00, run_after=2024-04-09 08:00:00+00:00
[2024-04-09T08:39:19.269+0000] {processor.py:183} INFO - Processing /home/airflow/.local/lib/python3.12/site-packages/airflow/example_dags/example_latest_only_with_trigger.py took 0.042 seconds
[2024-04-09T08:39:49.930+0000] {processor.py:161} INFO - Started process (PID=1820) to work on /home/airflow/.local/lib/python3.12/site-packages/airflow/example_dags/example_latest_only_with_trigger.py
[2024-04-09T08:39:49.930+0000] {processor.py:830} INFO - Processing file /home/airflow/.local/lib/python3.12/site-packages/airflow/example_dags/example_latest_only_with_trigger.py for tasks to queue
[2024-04-09T08:39:49.931+0000] {logging_mixin.py:188} INFO - [2024-04-09T08:39:49.931+0000] {dagbag.py:540} INFO - Filling up the DagBag from /home/airflow/.local/lib/python3.12/site-packages/airflow/example_dags/example_latest_only_with_trigger.py
[2024-04-09T08:39:49.934+0000] {processor.py:840} INFO - DAG(s) 'latest_only_with_trigger' retrieved from /home/airflow/.local/lib/python3.12/site-packages/airflow/example_dags/example_latest_only_with_trigger.py
[2024-04-09T08:39:49.946+0000] {logging_mixin.py:188} INFO - [2024-04-09T08:39:49.945+0000] {dag.py:3096} INFO - Sync 1 DAGs
[2024-04-09T08:39:49.957+0000] {logging_mixin.py:188} INFO - [2024-04-09T08:39:49.957+0000] {dag.py:3954} INFO - Setting next_dagrun for latest_only_with_trigger to 2024-04-09 04:00:00+00:00, run_after=2024-04-09 08:00:00+00:00
[2024-04-09T08:39:49.971+0000] {processor.py:183} INFO - Processing /home/airflow/.local/lib/python3.12/site-packages/airflow/example_dags/example_latest_only_with_trigger.py took 0.044 seconds
[2024-04-09T08:40:20.662+0000] {processor.py:161} INFO - Started process (PID=1878) to work on /home/airflow/.local/lib/python3.12/site-packages/airflow/example_dags/example_latest_only_with_trigger.py
[2024-04-09T08:40:20.662+0000] {processor.py:830} INFO - Processing file /home/airflow/.local/lib/python3.12/site-packages/airflow/example_dags/example_latest_only_with_trigger.py for tasks to queue
[2024-04-09T08:40:20.663+0000] {logging_mixin.py:188} INFO - [2024-04-09T08:40:20.663+0000] {dagbag.py:540} INFO - Filling up the DagBag from /home/airflow/.local/lib/python3.12/site-packages/airflow/example_dags/example_latest_only_with_trigger.py
[2024-04-09T08:40:20.666+0000] {processor.py:840} INFO - DAG(s) 'latest_only_with_trigger' retrieved from /home/airflow/.local/lib/python3.12/site-packages/airflow/example_dags/example_latest_only_with_trigger.py
[2024-04-09T08:40:20.677+0000] {logging_mixin.py:188} INFO - [2024-04-09T08:40:20.677+0000] {dag.py:3096} INFO - Sync 1 DAGs
[2024-04-09T08:40:20.689+0000] {logging_mixin.py:188} INFO - [2024-04-09T08:40:20.689+0000] {dag.py:3954} INFO - Setting next_dagrun for latest_only_with_trigger to 2024-04-09 04:00:00+00:00, run_after=2024-04-09 08:00:00+00:00
[2024-04-09T08:40:20.701+0000] {processor.py:183} INFO - Processing /home/airflow/.local/lib/python3.12/site-packages/airflow/example_dags/example_latest_only_with_trigger.py took 0.042 seconds
[2024-04-09T08:40:51.231+0000] {processor.py:161} INFO - Started process (PID=1936) to work on /home/airflow/.local/lib/python3.12/site-packages/airflow/example_dags/example_latest_only_with_trigger.py
[2024-04-09T08:40:51.232+0000] {processor.py:830} INFO - Processing file /home/airflow/.local/lib/python3.12/site-packages/airflow/example_dags/example_latest_only_with_trigger.py for tasks to queue
[2024-04-09T08:40:51.233+0000] {logging_mixin.py:188} INFO - [2024-04-09T08:40:51.232+0000] {dagbag.py:540} INFO - Filling up the DagBag from /home/airflow/.local/lib/python3.12/site-packages/airflow/example_dags/example_latest_only_with_trigger.py
[2024-04-09T08:40:51.236+0000] {processor.py:840} INFO - DAG(s) 'latest_only_with_trigger' retrieved from /home/airflow/.local/lib/python3.12/site-packages/airflow/example_dags/example_latest_only_with_trigger.py
[2024-04-09T08:40:51.247+0000] {logging_mixin.py:188} INFO - [2024-04-09T08:40:51.247+0000] {dag.py:3096} INFO - Sync 1 DAGs
[2024-04-09T08:40:51.259+0000] {logging_mixin.py:188} INFO - [2024-04-09T08:40:51.259+0000] {dag.py:3954} INFO - Setting next_dagrun for latest_only_with_trigger to 2024-04-09 04:00:00+00:00, run_after=2024-04-09 08:00:00+00:00
[2024-04-09T08:40:51.271+0000] {processor.py:183} INFO - Processing /home/airflow/.local/lib/python3.12/site-packages/airflow/example_dags/example_latest_only_with_trigger.py took 0.043 seconds
[2024-04-09T08:41:21.997+0000] {processor.py:161} INFO - Started process (PID=1994) to work on /home/airflow/.local/lib/python3.12/site-packages/airflow/example_dags/example_latest_only_with_trigger.py
[2024-04-09T08:41:21.997+0000] {processor.py:830} INFO - Processing file /home/airflow/.local/lib/python3.12/site-packages/airflow/example_dags/example_latest_only_with_trigger.py for tasks to queue
[2024-04-09T08:41:21.998+0000] {logging_mixin.py:188} INFO - [2024-04-09T08:41:21.998+0000] {dagbag.py:540} INFO - Filling up the DagBag from /home/airflow/.local/lib/python3.12/site-packages/airflow/example_dags/example_latest_only_with_trigger.py
[2024-04-09T08:41:22.001+0000] {processor.py:840} INFO - DAG(s) 'latest_only_with_trigger' retrieved from /home/airflow/.local/lib/python3.12/site-packages/airflow/example_dags/example_latest_only_with_trigger.py
[2024-04-09T08:41:22.014+0000] {logging_mixin.py:188} INFO - [2024-04-09T08:41:22.013+0000] {dag.py:3096} INFO - Sync 1 DAGs
[2024-04-09T08:41:22.027+0000] {logging_mixin.py:188} INFO - [2024-04-09T08:41:22.026+0000] {dag.py:3954} INFO - Setting next_dagrun for latest_only_with_trigger to 2024-04-09 04:00:00+00:00, run_after=2024-04-09 08:00:00+00:00
[2024-04-09T08:41:22.038+0000] {processor.py:183} INFO - Processing /home/airflow/.local/lib/python3.12/site-packages/airflow/example_dags/example_latest_only_with_trigger.py took 0.044 seconds
[2024-04-09T08:41:52.612+0000] {processor.py:161} INFO - Started process (PID=2052) to work on /home/airflow/.local/lib/python3.12/site-packages/airflow/example_dags/example_latest_only_with_trigger.py
[2024-04-09T08:41:52.612+0000] {processor.py:830} INFO - Processing file /home/airflow/.local/lib/python3.12/site-packages/airflow/example_dags/example_latest_only_with_trigger.py for tasks to queue
[2024-04-09T08:41:52.613+0000] {logging_mixin.py:188} INFO - [2024-04-09T08:41:52.613+0000] {dagbag.py:540} INFO - Filling up the DagBag from /home/airflow/.local/lib/python3.12/site-packages/airflow/example_dags/example_latest_only_with_trigger.py
[2024-04-09T08:41:52.616+0000] {processor.py:840} INFO - DAG(s) 'latest_only_with_trigger' retrieved from /home/airflow/.local/lib/python3.12/site-packages/airflow/example_dags/example_latest_only_with_trigger.py
[2024-04-09T08:41:52.627+0000] {logging_mixin.py:188} INFO - [2024-04-09T08:41:52.627+0000] {dag.py:3096} INFO - Sync 1 DAGs
[2024-04-09T08:41:52.639+0000] {logging_mixin.py:188} INFO - [2024-04-09T08:41:52.639+0000] {dag.py:3954} INFO - Setting next_dagrun for latest_only_with_trigger to 2024-04-09 04:00:00+00:00, run_after=2024-04-09 08:00:00+00:00
[2024-04-09T08:41:52.654+0000] {processor.py:183} INFO - Processing /home/airflow/.local/lib/python3.12/site-packages/airflow/example_dags/example_latest_only_with_trigger.py took 0.045 seconds
[2024-04-09T08:42:23.259+0000] {processor.py:161} INFO - Started process (PID=2110) to work on /home/airflow/.local/lib/python3.12/site-packages/airflow/example_dags/example_latest_only_with_trigger.py
[2024-04-09T08:42:23.259+0000] {processor.py:830} INFO - Processing file /home/airflow/.local/lib/python3.12/site-packages/airflow/example_dags/example_latest_only_with_trigger.py for tasks to queue
[2024-04-09T08:42:23.260+0000] {logging_mixin.py:188} INFO - [2024-04-09T08:42:23.260+0000] {dagbag.py:540} INFO - Filling up the DagBag from /home/airflow/.local/lib/python3.12/site-packages/airflow/example_dags/example_latest_only_with_trigger.py
[2024-04-09T08:42:23.263+0000] {processor.py:840} INFO - DAG(s) 'latest_only_with_trigger' retrieved from /home/airflow/.local/lib/python3.12/site-packages/airflow/example_dags/example_latest_only_with_trigger.py
[2024-04-09T08:42:23.275+0000] {logging_mixin.py:188} INFO - [2024-04-09T08:42:23.275+0000] {dag.py:3096} INFO - Sync 1 DAGs
[2024-04-09T08:42:23.288+0000] {logging_mixin.py:188} INFO - [2024-04-09T08:42:23.288+0000] {dag.py:3954} INFO - Setting next_dagrun for latest_only_with_trigger to 2024-04-09 04:00:00+00:00, run_after=2024-04-09 08:00:00+00:00
[2024-04-09T08:42:23.300+0000] {processor.py:183} INFO - Processing /home/airflow/.local/lib/python3.12/site-packages/airflow/example_dags/example_latest_only_with_trigger.py took 0.044 seconds
[2024-04-09T08:42:54.033+0000] {processor.py:161} INFO - Started process (PID=2168) to work on /home/airflow/.local/lib/python3.12/site-packages/airflow/example_dags/example_latest_only_with_trigger.py
[2024-04-09T08:42:54.033+0000] {processor.py:830} INFO - Processing file /home/airflow/.local/lib/python3.12/site-packages/airflow/example_dags/example_latest_only_with_trigger.py for tasks to queue
[2024-04-09T08:42:54.034+0000] {logging_mixin.py:188} INFO - [2024-04-09T08:42:54.034+0000] {dagbag.py:540} INFO - Filling up the DagBag from /home/airflow/.local/lib/python3.12/site-packages/airflow/example_dags/example_latest_only_with_trigger.py
[2024-04-09T08:42:54.037+0000] {processor.py:840} INFO - DAG(s) 'latest_only_with_trigger' retrieved from /home/airflow/.local/lib/python3.12/site-packages/airflow/example_dags/example_latest_only_with_trigger.py
[2024-04-09T08:42:54.048+0000] {logging_mixin.py:188} INFO - [2024-04-09T08:42:54.048+0000] {dag.py:3096} INFO - Sync 1 DAGs
[2024-04-09T08:42:54.060+0000] {logging_mixin.py:188} INFO - [2024-04-09T08:42:54.060+0000] {dag.py:3954} INFO - Setting next_dagrun for latest_only_with_trigger to 2024-04-09 04:00:00+00:00, run_after=2024-04-09 08:00:00+00:00
[2024-04-09T08:42:54.070+0000] {processor.py:183} INFO - Processing /home/airflow/.local/lib/python3.12/site-packages/airflow/example_dags/example_latest_only_with_trigger.py took 0.040 seconds
[2024-04-09T08:43:24.697+0000] {processor.py:161} INFO - Started process (PID=2226) to work on /home/airflow/.local/lib/python3.12/site-packages/airflow/example_dags/example_latest_only_with_trigger.py
[2024-04-09T08:43:24.697+0000] {processor.py:830} INFO - Processing file /home/airflow/.local/lib/python3.12/site-packages/airflow/example_dags/example_latest_only_with_trigger.py for tasks to queue
[2024-04-09T08:43:24.699+0000] {logging_mixin.py:188} INFO - [2024-04-09T08:43:24.698+0000] {dagbag.py:540} INFO - Filling up the DagBag from /home/airflow/.local/lib/python3.12/site-packages/airflow/example_dags/example_latest_only_with_trigger.py
[2024-04-09T08:43:24.702+0000] {processor.py:840} INFO - DAG(s) 'latest_only_with_trigger' retrieved from /home/airflow/.local/lib/python3.12/site-packages/airflow/example_dags/example_latest_only_with_trigger.py
[2024-04-09T08:43:24.712+0000] {logging_mixin.py:188} INFO - [2024-04-09T08:43:24.712+0000] {dag.py:3096} INFO - Sync 1 DAGs
[2024-04-09T08:43:24.724+0000] {logging_mixin.py:188} INFO - [2024-04-09T08:43:24.724+0000] {dag.py:3954} INFO - Setting next_dagrun for latest_only_with_trigger to 2024-04-09 04:00:00+00:00, run_after=2024-04-09 08:00:00+00:00
[2024-04-09T08:43:24.736+0000] {processor.py:183} INFO - Processing /home/airflow/.local/lib/python3.12/site-packages/airflow/example_dags/example_latest_only_with_trigger.py took 0.043 seconds
[2024-04-09T08:43:55.316+0000] {processor.py:161} INFO - Started process (PID=2284) to work on /home/airflow/.local/lib/python3.12/site-packages/airflow/example_dags/example_latest_only_with_trigger.py
[2024-04-09T08:43:55.317+0000] {processor.py:830} INFO - Processing file /home/airflow/.local/lib/python3.12/site-packages/airflow/example_dags/example_latest_only_with_trigger.py for tasks to queue
[2024-04-09T08:43:55.318+0000] {logging_mixin.py:188} INFO - [2024-04-09T08:43:55.317+0000] {dagbag.py:540} INFO - Filling up the DagBag from /home/airflow/.local/lib/python3.12/site-packages/airflow/example_dags/example_latest_only_with_trigger.py
[2024-04-09T08:43:55.321+0000] {processor.py:840} INFO - DAG(s) 'latest_only_with_trigger' retrieved from /home/airflow/.local/lib/python3.12/site-packages/airflow/example_dags/example_latest_only_with_trigger.py
[2024-04-09T08:43:55.332+0000] {logging_mixin.py:188} INFO - [2024-04-09T08:43:55.332+0000] {dag.py:3096} INFO - Sync 1 DAGs
[2024-04-09T08:43:55.344+0000] {logging_mixin.py:188} INFO - [2024-04-09T08:43:55.344+0000] {dag.py:3954} INFO - Setting next_dagrun for latest_only_with_trigger to 2024-04-09 04:00:00+00:00, run_after=2024-04-09 08:00:00+00:00
[2024-04-09T08:43:55.356+0000] {processor.py:183} INFO - Processing /home/airflow/.local/lib/python3.12/site-packages/airflow/example_dags/example_latest_only_with_trigger.py took 0.043 seconds
[2024-04-09T08:44:26.092+0000] {processor.py:161} INFO - Started process (PID=2342) to work on /home/airflow/.local/lib/python3.12/site-packages/airflow/example_dags/example_latest_only_with_trigger.py
[2024-04-09T08:44:26.092+0000] {processor.py:830} INFO - Processing file /home/airflow/.local/lib/python3.12/site-packages/airflow/example_dags/example_latest_only_with_trigger.py for tasks to queue
[2024-04-09T08:44:26.094+0000] {logging_mixin.py:188} INFO - [2024-04-09T08:44:26.093+0000] {dagbag.py:540} INFO - Filling up the DagBag from /home/airflow/.local/lib/python3.12/site-packages/airflow/example_dags/example_latest_only_with_trigger.py
[2024-04-09T08:44:26.097+0000] {processor.py:840} INFO - DAG(s) 'latest_only_with_trigger' retrieved from /home/airflow/.local/lib/python3.12/site-packages/airflow/example_dags/example_latest_only_with_trigger.py
[2024-04-09T08:44:26.108+0000] {logging_mixin.py:188} INFO - [2024-04-09T08:44:26.108+0000] {dag.py:3096} INFO - Sync 1 DAGs
[2024-04-09T08:44:26.121+0000] {logging_mixin.py:188} INFO - [2024-04-09T08:44:26.121+0000] {dag.py:3954} INFO - Setting next_dagrun for latest_only_with_trigger to 2024-04-09 04:00:00+00:00, run_after=2024-04-09 08:00:00+00:00
[2024-04-09T08:44:26.134+0000] {processor.py:183} INFO - Processing /home/airflow/.local/lib/python3.12/site-packages/airflow/example_dags/example_latest_only_with_trigger.py took 0.045 seconds
[2024-04-09T08:44:56.891+0000] {processor.py:161} INFO - Started process (PID=2400) to work on /home/airflow/.local/lib/python3.12/site-packages/airflow/example_dags/example_latest_only_with_trigger.py
[2024-04-09T08:44:56.891+0000] {processor.py:830} INFO - Processing file /home/airflow/.local/lib/python3.12/site-packages/airflow/example_dags/example_latest_only_with_trigger.py for tasks to queue
[2024-04-09T08:44:56.892+0000] {logging_mixin.py:188} INFO - [2024-04-09T08:44:56.892+0000] {dagbag.py:540} INFO - Filling up the DagBag from /home/airflow/.local/lib/python3.12/site-packages/airflow/example_dags/example_latest_only_with_trigger.py
[2024-04-09T08:44:56.896+0000] {processor.py:840} INFO - DAG(s) 'latest_only_with_trigger' retrieved from /home/airflow/.local/lib/python3.12/site-packages/airflow/example_dags/example_latest_only_with_trigger.py
[2024-04-09T08:44:56.910+0000] {logging_mixin.py:188} INFO - [2024-04-09T08:44:56.910+0000] {dag.py:3096} INFO - Sync 1 DAGs
[2024-04-09T08:44:56.924+0000] {logging_mixin.py:188} INFO - [2024-04-09T08:44:56.924+0000] {dag.py:3954} INFO - Setting next_dagrun for latest_only_with_trigger to 2024-04-09 04:00:00+00:00, run_after=2024-04-09 08:00:00+00:00
[2024-04-09T08:44:56.939+0000] {processor.py:183} INFO - Processing /home/airflow/.local/lib/python3.12/site-packages/airflow/example_dags/example_latest_only_with_trigger.py took 0.052 seconds
[2024-04-09T08:45:27.577+0000] {processor.py:161} INFO - Started process (PID=2458) to work on /home/airflow/.local/lib/python3.12/site-packages/airflow/example_dags/example_latest_only_with_trigger.py
[2024-04-09T08:45:27.578+0000] {processor.py:830} INFO - Processing file /home/airflow/.local/lib/python3.12/site-packages/airflow/example_dags/example_latest_only_with_trigger.py for tasks to queue
[2024-04-09T08:45:27.579+0000] {logging_mixin.py:188} INFO - [2024-04-09T08:45:27.578+0000] {dagbag.py:540} INFO - Filling up the DagBag from /home/airflow/.local/lib/python3.12/site-packages/airflow/example_dags/example_latest_only_with_trigger.py
[2024-04-09T08:45:27.582+0000] {processor.py:840} INFO - DAG(s) 'latest_only_with_trigger' retrieved from /home/airflow/.local/lib/python3.12/site-packages/airflow/example_dags/example_latest_only_with_trigger.py
[2024-04-09T08:45:27.593+0000] {logging_mixin.py:188} INFO - [2024-04-09T08:45:27.593+0000] {dag.py:3096} INFO - Sync 1 DAGs
[2024-04-09T08:45:27.607+0000] {logging_mixin.py:188} INFO - [2024-04-09T08:45:27.607+0000] {dag.py:3954} INFO - Setting next_dagrun for latest_only_with_trigger to 2024-04-09 04:00:00+00:00, run_after=2024-04-09 08:00:00+00:00
[2024-04-09T08:45:27.618+0000] {processor.py:183} INFO - Processing /home/airflow/.local/lib/python3.12/site-packages/airflow/example_dags/example_latest_only_with_trigger.py took 0.044 seconds
[2024-04-09T08:45:58.244+0000] {processor.py:161} INFO - Started process (PID=2516) to work on /home/airflow/.local/lib/python3.12/site-packages/airflow/example_dags/example_latest_only_with_trigger.py
[2024-04-09T08:45:58.245+0000] {processor.py:830} INFO - Processing file /home/airflow/.local/lib/python3.12/site-packages/airflow/example_dags/example_latest_only_with_trigger.py for tasks to queue
[2024-04-09T08:45:58.246+0000] {logging_mixin.py:188} INFO - [2024-04-09T08:45:58.246+0000] {dagbag.py:540} INFO - Filling up the DagBag from /home/airflow/.local/lib/python3.12/site-packages/airflow/example_dags/example_latest_only_with_trigger.py
[2024-04-09T08:45:58.249+0000] {processor.py:840} INFO - DAG(s) 'latest_only_with_trigger' retrieved from /home/airflow/.local/lib/python3.12/site-packages/airflow/example_dags/example_latest_only_with_trigger.py
[2024-04-09T08:45:58.261+0000] {logging_mixin.py:188} INFO - [2024-04-09T08:45:58.261+0000] {dag.py:3096} INFO - Sync 1 DAGs
[2024-04-09T08:45:58.274+0000] {logging_mixin.py:188} INFO - [2024-04-09T08:45:58.274+0000] {dag.py:3954} INFO - Setting next_dagrun for latest_only_with_trigger to 2024-04-09 04:00:00+00:00, run_after=2024-04-09 08:00:00+00:00
[2024-04-09T08:45:58.286+0000] {processor.py:183} INFO - Processing /home/airflow/.local/lib/python3.12/site-packages/airflow/example_dags/example_latest_only_with_trigger.py took 0.045 seconds
[2024-04-09T08:46:28.977+0000] {processor.py:161} INFO - Started process (PID=2574) to work on /home/airflow/.local/lib/python3.12/site-packages/airflow/example_dags/example_latest_only_with_trigger.py
[2024-04-09T08:46:28.977+0000] {processor.py:830} INFO - Processing file /home/airflow/.local/lib/python3.12/site-packages/airflow/example_dags/example_latest_only_with_trigger.py for tasks to queue
[2024-04-09T08:46:28.978+0000] {logging_mixin.py:188} INFO - [2024-04-09T08:46:28.978+0000] {dagbag.py:540} INFO - Filling up the DagBag from /home/airflow/.local/lib/python3.12/site-packages/airflow/example_dags/example_latest_only_with_trigger.py
[2024-04-09T08:46:28.981+0000] {processor.py:840} INFO - DAG(s) 'latest_only_with_trigger' retrieved from /home/airflow/.local/lib/python3.12/site-packages/airflow/example_dags/example_latest_only_with_trigger.py
[2024-04-09T08:46:28.992+0000] {logging_mixin.py:188} INFO - [2024-04-09T08:46:28.992+0000] {dag.py:3096} INFO - Sync 1 DAGs
[2024-04-09T08:46:29.004+0000] {logging_mixin.py:188} INFO - [2024-04-09T08:46:29.004+0000] {dag.py:3954} INFO - Setting next_dagrun for latest_only_with_trigger to 2024-04-09 04:00:00+00:00, run_after=2024-04-09 08:00:00+00:00
[2024-04-09T08:46:29.016+0000] {processor.py:183} INFO - Processing /home/airflow/.local/lib/python3.12/site-packages/airflow/example_dags/example_latest_only_with_trigger.py took 0.042 seconds
[2024-04-09T08:46:59.516+0000] {processor.py:161} INFO - Started process (PID=2632) to work on /home/airflow/.local/lib/python3.12/site-packages/airflow/example_dags/example_latest_only_with_trigger.py
[2024-04-09T08:46:59.517+0000] {processor.py:830} INFO - Processing file /home/airflow/.local/lib/python3.12/site-packages/airflow/example_dags/example_latest_only_with_trigger.py for tasks to queue
[2024-04-09T08:46:59.518+0000] {logging_mixin.py:188} INFO - [2024-04-09T08:46:59.518+0000] {dagbag.py:540} INFO - Filling up the DagBag from /home/airflow/.local/lib/python3.12/site-packages/airflow/example_dags/example_latest_only_with_trigger.py
[2024-04-09T08:46:59.521+0000] {processor.py:840} INFO - DAG(s) 'latest_only_with_trigger' retrieved from /home/airflow/.local/lib/python3.12/site-packages/airflow/example_dags/example_latest_only_with_trigger.py
[2024-04-09T08:46:59.535+0000] {logging_mixin.py:188} INFO - [2024-04-09T08:46:59.535+0000] {dag.py:3096} INFO - Sync 1 DAGs
[2024-04-09T08:46:59.549+0000] {logging_mixin.py:188} INFO - [2024-04-09T08:46:59.549+0000] {dag.py:3954} INFO - Setting next_dagrun for latest_only_with_trigger to 2024-04-09 04:00:00+00:00, run_after=2024-04-09 08:00:00+00:00
[2024-04-09T08:46:59.561+0000] {processor.py:183} INFO - Processing /home/airflow/.local/lib/python3.12/site-packages/airflow/example_dags/example_latest_only_with_trigger.py took 0.047 seconds
[2024-04-09T08:47:30.166+0000] {processor.py:161} INFO - Started process (PID=2690) to work on /home/airflow/.local/lib/python3.12/site-packages/airflow/example_dags/example_latest_only_with_trigger.py
[2024-04-09T08:47:30.167+0000] {processor.py:830} INFO - Processing file /home/airflow/.local/lib/python3.12/site-packages/airflow/example_dags/example_latest_only_with_trigger.py for tasks to queue
[2024-04-09T08:47:30.168+0000] {logging_mixin.py:188} INFO - [2024-04-09T08:47:30.168+0000] {dagbag.py:540} INFO - Filling up the DagBag from /home/airflow/.local/lib/python3.12/site-packages/airflow/example_dags/example_latest_only_with_trigger.py
[2024-04-09T08:47:30.171+0000] {processor.py:840} INFO - DAG(s) 'latest_only_with_trigger' retrieved from /home/airflow/.local/lib/python3.12/site-packages/airflow/example_dags/example_latest_only_with_trigger.py
[2024-04-09T08:47:30.183+0000] {logging_mixin.py:188} INFO - [2024-04-09T08:47:30.183+0000] {dag.py:3096} INFO - Sync 1 DAGs
[2024-04-09T08:47:30.198+0000] {logging_mixin.py:188} INFO - [2024-04-09T08:47:30.197+0000] {dag.py:3954} INFO - Setting next_dagrun for latest_only_with_trigger to 2024-04-09 04:00:00+00:00, run_after=2024-04-09 08:00:00+00:00
[2024-04-09T08:47:30.211+0000] {processor.py:183} INFO - Processing /home/airflow/.local/lib/python3.12/site-packages/airflow/example_dags/example_latest_only_with_trigger.py took 0.049 seconds
[2024-04-09T08:48:00.936+0000] {processor.py:161} INFO - Started process (PID=2748) to work on /home/airflow/.local/lib/python3.12/site-packages/airflow/example_dags/example_latest_only_with_trigger.py
[2024-04-09T08:48:00.936+0000] {processor.py:830} INFO - Processing file /home/airflow/.local/lib/python3.12/site-packages/airflow/example_dags/example_latest_only_with_trigger.py for tasks to queue
[2024-04-09T08:48:00.937+0000] {logging_mixin.py:188} INFO - [2024-04-09T08:48:00.937+0000] {dagbag.py:540} INFO - Filling up the DagBag from /home/airflow/.local/lib/python3.12/site-packages/airflow/example_dags/example_latest_only_with_trigger.py
[2024-04-09T08:48:00.940+0000] {processor.py:840} INFO - DAG(s) 'latest_only_with_trigger' retrieved from /home/airflow/.local/lib/python3.12/site-packages/airflow/example_dags/example_latest_only_with_trigger.py
[2024-04-09T08:48:00.952+0000] {logging_mixin.py:188} INFO - [2024-04-09T08:48:00.952+0000] {dag.py:3096} INFO - Sync 1 DAGs
[2024-04-09T08:48:00.964+0000] {logging_mixin.py:188} INFO - [2024-04-09T08:48:00.964+0000] {dag.py:3954} INFO - Setting next_dagrun for latest_only_with_trigger to 2024-04-09 04:00:00+00:00, run_after=2024-04-09 08:00:00+00:00
[2024-04-09T08:48:00.977+0000] {processor.py:183} INFO - Processing /home/airflow/.local/lib/python3.12/site-packages/airflow/example_dags/example_latest_only_with_trigger.py took 0.044 seconds
[2024-04-09T08:48:31.506+0000] {processor.py:161} INFO - Started process (PID=2806) to work on /home/airflow/.local/lib/python3.12/site-packages/airflow/example_dags/example_latest_only_with_trigger.py
[2024-04-09T08:48:31.506+0000] {processor.py:830} INFO - Processing file /home/airflow/.local/lib/python3.12/site-packages/airflow/example_dags/example_latest_only_with_trigger.py for tasks to queue
[2024-04-09T08:48:31.507+0000] {logging_mixin.py:188} INFO - [2024-04-09T08:48:31.507+0000] {dagbag.py:540} INFO - Filling up the DagBag from /home/airflow/.local/lib/python3.12/site-packages/airflow/example_dags/example_latest_only_with_trigger.py
[2024-04-09T08:48:31.511+0000] {processor.py:840} INFO - DAG(s) 'latest_only_with_trigger' retrieved from /home/airflow/.local/lib/python3.12/site-packages/airflow/example_dags/example_latest_only_with_trigger.py
[2024-04-09T08:48:31.521+0000] {logging_mixin.py:188} INFO - [2024-04-09T08:48:31.521+0000] {dag.py:3096} INFO - Sync 1 DAGs
[2024-04-09T08:48:31.533+0000] {logging_mixin.py:188} INFO - [2024-04-09T08:48:31.533+0000] {dag.py:3954} INFO - Setting next_dagrun for latest_only_with_trigger to 2024-04-09 04:00:00+00:00, run_after=2024-04-09 08:00:00+00:00
[2024-04-09T08:48:31.544+0000] {processor.py:183} INFO - Processing /home/airflow/.local/lib/python3.12/site-packages/airflow/example_dags/example_latest_only_with_trigger.py took 0.041 seconds
[2024-04-09T08:49:02.103+0000] {processor.py:161} INFO - Started process (PID=2864) to work on /home/airflow/.local/lib/python3.12/site-packages/airflow/example_dags/example_latest_only_with_trigger.py
[2024-04-09T08:49:02.104+0000] {processor.py:830} INFO - Processing file /home/airflow/.local/lib/python3.12/site-packages/airflow/example_dags/example_latest_only_with_trigger.py for tasks to queue
[2024-04-09T08:49:02.105+0000] {logging_mixin.py:188} INFO - [2024-04-09T08:49:02.104+0000] {dagbag.py:540} INFO - Filling up the DagBag from /home/airflow/.local/lib/python3.12/site-packages/airflow/example_dags/example_latest_only_with_trigger.py
[2024-04-09T08:49:02.108+0000] {processor.py:840} INFO - DAG(s) 'latest_only_with_trigger' retrieved from /home/airflow/.local/lib/python3.12/site-packages/airflow/example_dags/example_latest_only_with_trigger.py
[2024-04-09T08:49:02.119+0000] {logging_mixin.py:188} INFO - [2024-04-09T08:49:02.119+0000] {dag.py:3096} INFO - Sync 1 DAGs
[2024-04-09T08:49:02.131+0000] {logging_mixin.py:188} INFO - [2024-04-09T08:49:02.131+0000] {dag.py:3954} INFO - Setting next_dagrun for latest_only_with_trigger to 2024-04-09 04:00:00+00:00, run_after=2024-04-09 08:00:00+00:00
[2024-04-09T08:49:02.142+0000] {processor.py:183} INFO - Processing /home/airflow/.local/lib/python3.12/site-packages/airflow/example_dags/example_latest_only_with_trigger.py took 0.042 seconds
[2024-04-09T08:49:32.746+0000] {processor.py:161} INFO - Started process (PID=2922) to work on /home/airflow/.local/lib/python3.12/site-packages/airflow/example_dags/example_latest_only_with_trigger.py
[2024-04-09T08:49:32.747+0000] {processor.py:830} INFO - Processing file /home/airflow/.local/lib/python3.12/site-packages/airflow/example_dags/example_latest_only_with_trigger.py for tasks to queue
[2024-04-09T08:49:32.748+0000] {logging_mixin.py:188} INFO - [2024-04-09T08:49:32.747+0000] {dagbag.py:540} INFO - Filling up the DagBag from /home/airflow/.local/lib/python3.12/site-packages/airflow/example_dags/example_latest_only_with_trigger.py
[2024-04-09T08:49:32.751+0000] {processor.py:840} INFO - DAG(s) 'latest_only_with_trigger' retrieved from /home/airflow/.local/lib/python3.12/site-packages/airflow/example_dags/example_latest_only_with_trigger.py
[2024-04-09T08:49:32.762+0000] {logging_mixin.py:188} INFO - [2024-04-09T08:49:32.762+0000] {dag.py:3096} INFO - Sync 1 DAGs
[2024-04-09T08:49:32.774+0000] {logging_mixin.py:188} INFO - [2024-04-09T08:49:32.774+0000] {dag.py:3954} INFO - Setting next_dagrun for latest_only_with_trigger to 2024-04-09 04:00:00+00:00, run_after=2024-04-09 08:00:00+00:00
[2024-04-09T08:49:32.785+0000] {processor.py:183} INFO - Processing /home/airflow/.local/lib/python3.12/site-packages/airflow/example_dags/example_latest_only_with_trigger.py took 0.042 seconds
[2024-04-09T08:50:03.511+0000] {processor.py:161} INFO - Started process (PID=2980) to work on /home/airflow/.local/lib/python3.12/site-packages/airflow/example_dags/example_latest_only_with_trigger.py
[2024-04-09T08:50:03.511+0000] {processor.py:830} INFO - Processing file /home/airflow/.local/lib/python3.12/site-packages/airflow/example_dags/example_latest_only_with_trigger.py for tasks to queue
[2024-04-09T08:50:03.512+0000] {logging_mixin.py:188} INFO - [2024-04-09T08:50:03.512+0000] {dagbag.py:540} INFO - Filling up the DagBag from /home/airflow/.local/lib/python3.12/site-packages/airflow/example_dags/example_latest_only_with_trigger.py
[2024-04-09T08:50:03.515+0000] {processor.py:840} INFO - DAG(s) 'latest_only_with_trigger' retrieved from /home/airflow/.local/lib/python3.12/site-packages/airflow/example_dags/example_latest_only_with_trigger.py
[2024-04-09T08:50:03.527+0000] {logging_mixin.py:188} INFO - [2024-04-09T08:50:03.526+0000] {dag.py:3096} INFO - Sync 1 DAGs
[2024-04-09T08:50:03.539+0000] {logging_mixin.py:188} INFO - [2024-04-09T08:50:03.538+0000] {dag.py:3954} INFO - Setting next_dagrun for latest_only_with_trigger to 2024-04-09 04:00:00+00:00, run_after=2024-04-09 08:00:00+00:00
[2024-04-09T08:50:03.550+0000] {processor.py:183} INFO - Processing /home/airflow/.local/lib/python3.12/site-packages/airflow/example_dags/example_latest_only_with_trigger.py took 0.042 seconds
[2024-04-09T08:50:34.141+0000] {processor.py:161} INFO - Started process (PID=3038) to work on /home/airflow/.local/lib/python3.12/site-packages/airflow/example_dags/example_latest_only_with_trigger.py
[2024-04-09T08:50:34.142+0000] {processor.py:830} INFO - Processing file /home/airflow/.local/lib/python3.12/site-packages/airflow/example_dags/example_latest_only_with_trigger.py for tasks to queue
[2024-04-09T08:50:34.143+0000] {logging_mixin.py:188} INFO - [2024-04-09T08:50:34.143+0000] {dagbag.py:540} INFO - Filling up the DagBag from /home/airflow/.local/lib/python3.12/site-packages/airflow/example_dags/example_latest_only_with_trigger.py
[2024-04-09T08:50:34.146+0000] {processor.py:840} INFO - DAG(s) 'latest_only_with_trigger' retrieved from /home/airflow/.local/lib/python3.12/site-packages/airflow/example_dags/example_latest_only_with_trigger.py
[2024-04-09T08:50:34.157+0000] {logging_mixin.py:188} INFO - [2024-04-09T08:50:34.157+0000] {dag.py:3096} INFO - Sync 1 DAGs
[2024-04-09T08:50:34.169+0000] {logging_mixin.py:188} INFO - [2024-04-09T08:50:34.169+0000] {dag.py:3954} INFO - Setting next_dagrun for latest_only_with_trigger to 2024-04-09 04:00:00+00:00, run_after=2024-04-09 08:00:00+00:00
[2024-04-09T08:50:34.179+0000] {processor.py:183} INFO - Processing /home/airflow/.local/lib/python3.12/site-packages/airflow/example_dags/example_latest_only_with_trigger.py took 0.041 seconds
[2024-04-09T08:51:04.661+0000] {processor.py:161} INFO - Started process (PID=3096) to work on /home/airflow/.local/lib/python3.12/site-packages/airflow/example_dags/example_latest_only_with_trigger.py
[2024-04-09T08:51:04.662+0000] {processor.py:830} INFO - Processing file /home/airflow/.local/lib/python3.12/site-packages/airflow/example_dags/example_latest_only_with_trigger.py for tasks to queue
[2024-04-09T08:51:04.663+0000] {logging_mixin.py:188} INFO - [2024-04-09T08:51:04.663+0000] {dagbag.py:540} INFO - Filling up the DagBag from /home/airflow/.local/lib/python3.12/site-packages/airflow/example_dags/example_latest_only_with_trigger.py
[2024-04-09T08:51:04.666+0000] {processor.py:840} INFO - DAG(s) 'latest_only_with_trigger' retrieved from /home/airflow/.local/lib/python3.12/site-packages/airflow/example_dags/example_latest_only_with_trigger.py
[2024-04-09T08:51:04.678+0000] {logging_mixin.py:188} INFO - [2024-04-09T08:51:04.677+0000] {dag.py:3096} INFO - Sync 1 DAGs
[2024-04-09T08:51:04.690+0000] {logging_mixin.py:188} INFO - [2024-04-09T08:51:04.690+0000] {dag.py:3954} INFO - Setting next_dagrun for latest_only_with_trigger to 2024-04-09 04:00:00+00:00, run_after=2024-04-09 08:00:00+00:00
[2024-04-09T08:51:04.700+0000] {processor.py:183} INFO - Processing /home/airflow/.local/lib/python3.12/site-packages/airflow/example_dags/example_latest_only_with_trigger.py took 0.042 seconds
[2024-04-09T08:51:35.195+0000] {processor.py:161} INFO - Started process (PID=3154) to work on /home/airflow/.local/lib/python3.12/site-packages/airflow/example_dags/example_latest_only_with_trigger.py
[2024-04-09T08:51:35.195+0000] {processor.py:830} INFO - Processing file /home/airflow/.local/lib/python3.12/site-packages/airflow/example_dags/example_latest_only_with_trigger.py for tasks to queue
[2024-04-09T08:51:35.197+0000] {logging_mixin.py:188} INFO - [2024-04-09T08:51:35.196+0000] {dagbag.py:540} INFO - Filling up the DagBag from /home/airflow/.local/lib/python3.12/site-packages/airflow/example_dags/example_latest_only_with_trigger.py
[2024-04-09T08:51:35.200+0000] {processor.py:840} INFO - DAG(s) 'latest_only_with_trigger' retrieved from /home/airflow/.local/lib/python3.12/site-packages/airflow/example_dags/example_latest_only_with_trigger.py
[2024-04-09T08:51:35.212+0000] {logging_mixin.py:188} INFO - [2024-04-09T08:51:35.212+0000] {dag.py:3096} INFO - Sync 1 DAGs
[2024-04-09T08:51:35.225+0000] {logging_mixin.py:188} INFO - [2024-04-09T08:51:35.225+0000] {dag.py:3954} INFO - Setting next_dagrun for latest_only_with_trigger to 2024-04-09 04:00:00+00:00, run_after=2024-04-09 08:00:00+00:00
[2024-04-09T08:51:35.237+0000] {processor.py:183} INFO - Processing /home/airflow/.local/lib/python3.12/site-packages/airflow/example_dags/example_latest_only_with_trigger.py took 0.046 seconds
[2024-04-09T08:52:05.757+0000] {processor.py:161} INFO - Started process (PID=3212) to work on /home/airflow/.local/lib/python3.12/site-packages/airflow/example_dags/example_latest_only_with_trigger.py
[2024-04-09T08:52:05.758+0000] {processor.py:830} INFO - Processing file /home/airflow/.local/lib/python3.12/site-packages/airflow/example_dags/example_latest_only_with_trigger.py for tasks to queue
[2024-04-09T08:52:05.759+0000] {logging_mixin.py:188} INFO - [2024-04-09T08:52:05.759+0000] {dagbag.py:540} INFO - Filling up the DagBag from /home/airflow/.local/lib/python3.12/site-packages/airflow/example_dags/example_latest_only_with_trigger.py
[2024-04-09T08:52:05.762+0000] {processor.py:840} INFO - DAG(s) 'latest_only_with_trigger' retrieved from /home/airflow/.local/lib/python3.12/site-packages/airflow/example_dags/example_latest_only_with_trigger.py
[2024-04-09T08:52:05.774+0000] {logging_mixin.py:188} INFO - [2024-04-09T08:52:05.773+0000] {dag.py:3096} INFO - Sync 1 DAGs
[2024-04-09T08:52:05.786+0000] {logging_mixin.py:188} INFO - [2024-04-09T08:52:05.786+0000] {dag.py:3954} INFO - Setting next_dagrun for latest_only_with_trigger to 2024-04-09 04:00:00+00:00, run_after=2024-04-09 08:00:00+00:00
[2024-04-09T08:52:05.797+0000] {processor.py:183} INFO - Processing /home/airflow/.local/lib/python3.12/site-packages/airflow/example_dags/example_latest_only_with_trigger.py took 0.042 seconds
[2024-04-09T08:52:36.456+0000] {processor.py:161} INFO - Started process (PID=3270) to work on /home/airflow/.local/lib/python3.12/site-packages/airflow/example_dags/example_latest_only_with_trigger.py
[2024-04-09T08:52:36.457+0000] {processor.py:830} INFO - Processing file /home/airflow/.local/lib/python3.12/site-packages/airflow/example_dags/example_latest_only_with_trigger.py for tasks to queue
[2024-04-09T08:52:36.458+0000] {logging_mixin.py:188} INFO - [2024-04-09T08:52:36.458+0000] {dagbag.py:540} INFO - Filling up the DagBag from /home/airflow/.local/lib/python3.12/site-packages/airflow/example_dags/example_latest_only_with_trigger.py
[2024-04-09T08:52:36.461+0000] {processor.py:840} INFO - DAG(s) 'latest_only_with_trigger' retrieved from /home/airflow/.local/lib/python3.12/site-packages/airflow/example_dags/example_latest_only_with_trigger.py
[2024-04-09T08:52:36.472+0000] {logging_mixin.py:188} INFO - [2024-04-09T08:52:36.472+0000] {dag.py:3096} INFO - Sync 1 DAGs
[2024-04-09T08:52:36.484+0000] {logging_mixin.py:188} INFO - [2024-04-09T08:52:36.484+0000] {dag.py:3954} INFO - Setting next_dagrun for latest_only_with_trigger to 2024-04-09 04:00:00+00:00, run_after=2024-04-09 08:00:00+00:00
[2024-04-09T08:52:36.495+0000] {processor.py:183} INFO - Processing /home/airflow/.local/lib/python3.12/site-packages/airflow/example_dags/example_latest_only_with_trigger.py took 0.042 seconds
[2024-04-09T08:53:07.155+0000] {processor.py:161} INFO - Started process (PID=3328) to work on /home/airflow/.local/lib/python3.12/site-packages/airflow/example_dags/example_latest_only_with_trigger.py
[2024-04-09T08:53:07.156+0000] {processor.py:830} INFO - Processing file /home/airflow/.local/lib/python3.12/site-packages/airflow/example_dags/example_latest_only_with_trigger.py for tasks to queue
[2024-04-09T08:53:07.157+0000] {logging_mixin.py:188} INFO - [2024-04-09T08:53:07.157+0000] {dagbag.py:540} INFO - Filling up the DagBag from /home/airflow/.local/lib/python3.12/site-packages/airflow/example_dags/example_latest_only_with_trigger.py
[2024-04-09T08:53:07.161+0000] {processor.py:840} INFO - DAG(s) 'latest_only_with_trigger' retrieved from /home/airflow/.local/lib/python3.12/site-packages/airflow/example_dags/example_latest_only_with_trigger.py
[2024-04-09T08:53:07.174+0000] {logging_mixin.py:188} INFO - [2024-04-09T08:53:07.173+0000] {dag.py:3096} INFO - Sync 1 DAGs
[2024-04-09T08:53:07.191+0000] {logging_mixin.py:188} INFO - [2024-04-09T08:53:07.191+0000] {dag.py:3954} INFO - Setting next_dagrun for latest_only_with_trigger to 2024-04-09 04:00:00+00:00, run_after=2024-04-09 08:00:00+00:00
[2024-04-09T08:53:07.204+0000] {processor.py:183} INFO - Processing /home/airflow/.local/lib/python3.12/site-packages/airflow/example_dags/example_latest_only_with_trigger.py took 0.052 seconds
[2024-04-09T08:53:37.292+0000] {processor.py:161} INFO - Started process (PID=3386) to work on /home/airflow/.local/lib/python3.12/site-packages/airflow/example_dags/example_latest_only_with_trigger.py
[2024-04-09T08:53:37.292+0000] {processor.py:830} INFO - Processing file /home/airflow/.local/lib/python3.12/site-packages/airflow/example_dags/example_latest_only_with_trigger.py for tasks to queue
[2024-04-09T08:53:37.293+0000] {logging_mixin.py:188} INFO - [2024-04-09T08:53:37.293+0000] {dagbag.py:540} INFO - Filling up the DagBag from /home/airflow/.local/lib/python3.12/site-packages/airflow/example_dags/example_latest_only_with_trigger.py
[2024-04-09T08:53:37.296+0000] {processor.py:840} INFO - DAG(s) 'latest_only_with_trigger' retrieved from /home/airflow/.local/lib/python3.12/site-packages/airflow/example_dags/example_latest_only_with_trigger.py
[2024-04-09T08:53:37.307+0000] {logging_mixin.py:188} INFO - [2024-04-09T08:53:37.307+0000] {dag.py:3096} INFO - Sync 1 DAGs
[2024-04-09T08:53:37.319+0000] {logging_mixin.py:188} INFO - [2024-04-09T08:53:37.319+0000] {dag.py:3954} INFO - Setting next_dagrun for latest_only_with_trigger to 2024-04-09 04:00:00+00:00, run_after=2024-04-09 08:00:00+00:00
[2024-04-09T08:53:37.331+0000] {processor.py:183} INFO - Processing /home/airflow/.local/lib/python3.12/site-packages/airflow/example_dags/example_latest_only_with_trigger.py took 0.043 seconds
[2024-04-09T08:54:07.931+0000] {processor.py:161} INFO - Started process (PID=3444) to work on /home/airflow/.local/lib/python3.12/site-packages/airflow/example_dags/example_latest_only_with_trigger.py
[2024-04-09T08:54:07.932+0000] {processor.py:830} INFO - Processing file /home/airflow/.local/lib/python3.12/site-packages/airflow/example_dags/example_latest_only_with_trigger.py for tasks to queue
[2024-04-09T08:54:07.933+0000] {logging_mixin.py:188} INFO - [2024-04-09T08:54:07.933+0000] {dagbag.py:540} INFO - Filling up the DagBag from /home/airflow/.local/lib/python3.12/site-packages/airflow/example_dags/example_latest_only_with_trigger.py
[2024-04-09T08:54:07.936+0000] {processor.py:840} INFO - DAG(s) 'latest_only_with_trigger' retrieved from /home/airflow/.local/lib/python3.12/site-packages/airflow/example_dags/example_latest_only_with_trigger.py
[2024-04-09T08:54:07.948+0000] {logging_mixin.py:188} INFO - [2024-04-09T08:54:07.948+0000] {dag.py:3096} INFO - Sync 1 DAGs
[2024-04-09T08:54:07.961+0000] {logging_mixin.py:188} INFO - [2024-04-09T08:54:07.961+0000] {dag.py:3954} INFO - Setting next_dagrun for latest_only_with_trigger to 2024-04-09 04:00:00+00:00, run_after=2024-04-09 08:00:00+00:00
[2024-04-09T08:54:07.974+0000] {processor.py:183} INFO - Processing /home/airflow/.local/lib/python3.12/site-packages/airflow/example_dags/example_latest_only_with_trigger.py took 0.046 seconds
[2024-04-09T08:54:38.644+0000] {processor.py:161} INFO - Started process (PID=3502) to work on /home/airflow/.local/lib/python3.12/site-packages/airflow/example_dags/example_latest_only_with_trigger.py
[2024-04-09T08:54:38.645+0000] {processor.py:830} INFO - Processing file /home/airflow/.local/lib/python3.12/site-packages/airflow/example_dags/example_latest_only_with_trigger.py for tasks to queue
[2024-04-09T08:54:38.645+0000] {logging_mixin.py:188} INFO - [2024-04-09T08:54:38.645+0000] {dagbag.py:540} INFO - Filling up the DagBag from /home/airflow/.local/lib/python3.12/site-packages/airflow/example_dags/example_latest_only_with_trigger.py
[2024-04-09T08:54:38.648+0000] {processor.py:840} INFO - DAG(s) 'latest_only_with_trigger' retrieved from /home/airflow/.local/lib/python3.12/site-packages/airflow/example_dags/example_latest_only_with_trigger.py
[2024-04-09T08:54:38.661+0000] {logging_mixin.py:188} INFO - [2024-04-09T08:54:38.661+0000] {dag.py:3096} INFO - Sync 1 DAGs
[2024-04-09T08:54:38.673+0000] {logging_mixin.py:188} INFO - [2024-04-09T08:54:38.673+0000] {dag.py:3954} INFO - Setting next_dagrun for latest_only_with_trigger to 2024-04-09 04:00:00+00:00, run_after=2024-04-09 08:00:00+00:00
[2024-04-09T08:54:38.685+0000] {processor.py:183} INFO - Processing /home/airflow/.local/lib/python3.12/site-packages/airflow/example_dags/example_latest_only_with_trigger.py took 0.043 seconds
[2024-04-09T08:55:09.221+0000] {processor.py:161} INFO - Started process (PID=3560) to work on /home/airflow/.local/lib/python3.12/site-packages/airflow/example_dags/example_latest_only_with_trigger.py
[2024-04-09T08:55:09.222+0000] {processor.py:830} INFO - Processing file /home/airflow/.local/lib/python3.12/site-packages/airflow/example_dags/example_latest_only_with_trigger.py for tasks to queue
[2024-04-09T08:55:09.222+0000] {logging_mixin.py:188} INFO - [2024-04-09T08:55:09.222+0000] {dagbag.py:540} INFO - Filling up the DagBag from /home/airflow/.local/lib/python3.12/site-packages/airflow/example_dags/example_latest_only_with_trigger.py
[2024-04-09T08:55:09.225+0000] {processor.py:840} INFO - DAG(s) 'latest_only_with_trigger' retrieved from /home/airflow/.local/lib/python3.12/site-packages/airflow/example_dags/example_latest_only_with_trigger.py
[2024-04-09T08:55:09.237+0000] {logging_mixin.py:188} INFO - [2024-04-09T08:55:09.237+0000] {dag.py:3096} INFO - Sync 1 DAGs
[2024-04-09T08:55:09.249+0000] {logging_mixin.py:188} INFO - [2024-04-09T08:55:09.249+0000] {dag.py:3954} INFO - Setting next_dagrun for latest_only_with_trigger to 2024-04-09 04:00:00+00:00, run_after=2024-04-09 08:00:00+00:00
[2024-04-09T08:55:09.262+0000] {processor.py:183} INFO - Processing /home/airflow/.local/lib/python3.12/site-packages/airflow/example_dags/example_latest_only_with_trigger.py took 0.044 seconds
[2024-04-09T08:55:39.919+0000] {processor.py:161} INFO - Started process (PID=3618) to work on /home/airflow/.local/lib/python3.12/site-packages/airflow/example_dags/example_latest_only_with_trigger.py
[2024-04-09T08:55:39.920+0000] {processor.py:830} INFO - Processing file /home/airflow/.local/lib/python3.12/site-packages/airflow/example_dags/example_latest_only_with_trigger.py for tasks to queue
[2024-04-09T08:55:39.921+0000] {logging_mixin.py:188} INFO - [2024-04-09T08:55:39.921+0000] {dagbag.py:540} INFO - Filling up the DagBag from /home/airflow/.local/lib/python3.12/site-packages/airflow/example_dags/example_latest_only_with_trigger.py
[2024-04-09T08:55:39.924+0000] {processor.py:840} INFO - DAG(s) 'latest_only_with_trigger' retrieved from /home/airflow/.local/lib/python3.12/site-packages/airflow/example_dags/example_latest_only_with_trigger.py
[2024-04-09T08:55:39.937+0000] {logging_mixin.py:188} INFO - [2024-04-09T08:55:39.937+0000] {dag.py:3096} INFO - Sync 1 DAGs
[2024-04-09T08:55:39.950+0000] {logging_mixin.py:188} INFO - [2024-04-09T08:55:39.950+0000] {dag.py:3954} INFO - Setting next_dagrun for latest_only_with_trigger to 2024-04-09 04:00:00+00:00, run_after=2024-04-09 08:00:00+00:00
[2024-04-09T08:55:39.960+0000] {processor.py:183} INFO - Processing /home/airflow/.local/lib/python3.12/site-packages/airflow/example_dags/example_latest_only_with_trigger.py took 0.044 seconds
[2024-04-09T08:56:10.607+0000] {processor.py:161} INFO - Started process (PID=3676) to work on /home/airflow/.local/lib/python3.12/site-packages/airflow/example_dags/example_latest_only_with_trigger.py
[2024-04-09T08:56:10.607+0000] {processor.py:830} INFO - Processing file /home/airflow/.local/lib/python3.12/site-packages/airflow/example_dags/example_latest_only_with_trigger.py for tasks to queue
[2024-04-09T08:56:10.608+0000] {logging_mixin.py:188} INFO - [2024-04-09T08:56:10.608+0000] {dagbag.py:540} INFO - Filling up the DagBag from /home/airflow/.local/lib/python3.12/site-packages/airflow/example_dags/example_latest_only_with_trigger.py
[2024-04-09T08:56:10.611+0000] {processor.py:840} INFO - DAG(s) 'latest_only_with_trigger' retrieved from /home/airflow/.local/lib/python3.12/site-packages/airflow/example_dags/example_latest_only_with_trigger.py
[2024-04-09T08:56:10.622+0000] {logging_mixin.py:188} INFO - [2024-04-09T08:56:10.622+0000] {dag.py:3096} INFO - Sync 1 DAGs
[2024-04-09T08:56:10.635+0000] {logging_mixin.py:188} INFO - [2024-04-09T08:56:10.635+0000] {dag.py:3954} INFO - Setting next_dagrun for latest_only_with_trigger to 2024-04-09 04:00:00+00:00, run_after=2024-04-09 08:00:00+00:00
[2024-04-09T08:56:10.646+0000] {processor.py:183} INFO - Processing /home/airflow/.local/lib/python3.12/site-packages/airflow/example_dags/example_latest_only_with_trigger.py took 0.042 seconds
[2024-04-09T08:56:41.308+0000] {processor.py:161} INFO - Started process (PID=3734) to work on /home/airflow/.local/lib/python3.12/site-packages/airflow/example_dags/example_latest_only_with_trigger.py
[2024-04-09T08:56:41.309+0000] {processor.py:830} INFO - Processing file /home/airflow/.local/lib/python3.12/site-packages/airflow/example_dags/example_latest_only_with_trigger.py for tasks to queue
[2024-04-09T08:56:41.310+0000] {logging_mixin.py:188} INFO - [2024-04-09T08:56:41.310+0000] {dagbag.py:540} INFO - Filling up the DagBag from /home/airflow/.local/lib/python3.12/site-packages/airflow/example_dags/example_latest_only_with_trigger.py
[2024-04-09T08:56:41.313+0000] {processor.py:840} INFO - DAG(s) 'latest_only_with_trigger' retrieved from /home/airflow/.local/lib/python3.12/site-packages/airflow/example_dags/example_latest_only_with_trigger.py
[2024-04-09T08:56:41.325+0000] {logging_mixin.py:188} INFO - [2024-04-09T08:56:41.325+0000] {dag.py:3096} INFO - Sync 1 DAGs
[2024-04-09T08:56:41.337+0000] {logging_mixin.py:188} INFO - [2024-04-09T08:56:41.337+0000] {dag.py:3954} INFO - Setting next_dagrun for latest_only_with_trigger to 2024-04-09 04:00:00+00:00, run_after=2024-04-09 08:00:00+00:00
[2024-04-09T08:56:41.348+0000] {processor.py:183} INFO - Processing /home/airflow/.local/lib/python3.12/site-packages/airflow/example_dags/example_latest_only_with_trigger.py took 0.043 seconds
[2024-04-09T08:57:11.951+0000] {processor.py:161} INFO - Started process (PID=3792) to work on /home/airflow/.local/lib/python3.12/site-packages/airflow/example_dags/example_latest_only_with_trigger.py
[2024-04-09T08:57:11.952+0000] {processor.py:830} INFO - Processing file /home/airflow/.local/lib/python3.12/site-packages/airflow/example_dags/example_latest_only_with_trigger.py for tasks to queue
[2024-04-09T08:57:11.953+0000] {logging_mixin.py:188} INFO - [2024-04-09T08:57:11.953+0000] {dagbag.py:540} INFO - Filling up the DagBag from /home/airflow/.local/lib/python3.12/site-packages/airflow/example_dags/example_latest_only_with_trigger.py
[2024-04-09T08:57:11.956+0000] {processor.py:840} INFO - DAG(s) 'latest_only_with_trigger' retrieved from /home/airflow/.local/lib/python3.12/site-packages/airflow/example_dags/example_latest_only_with_trigger.py
[2024-04-09T08:57:11.968+0000] {logging_mixin.py:188} INFO - [2024-04-09T08:57:11.968+0000] {dag.py:3096} INFO - Sync 1 DAGs
[2024-04-09T08:57:11.981+0000] {logging_mixin.py:188} INFO - [2024-04-09T08:57:11.981+0000] {dag.py:3954} INFO - Setting next_dagrun for latest_only_with_trigger to 2024-04-09 04:00:00+00:00, run_after=2024-04-09 08:00:00+00:00
[2024-04-09T08:57:11.994+0000] {processor.py:183} INFO - Processing /home/airflow/.local/lib/python3.12/site-packages/airflow/example_dags/example_latest_only_with_trigger.py took 0.046 seconds
[2024-04-09T08:57:42.688+0000] {processor.py:161} INFO - Started process (PID=3850) to work on /home/airflow/.local/lib/python3.12/site-packages/airflow/example_dags/example_latest_only_with_trigger.py
[2024-04-09T08:57:42.689+0000] {processor.py:830} INFO - Processing file /home/airflow/.local/lib/python3.12/site-packages/airflow/example_dags/example_latest_only_with_trigger.py for tasks to queue
[2024-04-09T08:57:42.690+0000] {logging_mixin.py:188} INFO - [2024-04-09T08:57:42.690+0000] {dagbag.py:540} INFO - Filling up the DagBag from /home/airflow/.local/lib/python3.12/site-packages/airflow/example_dags/example_latest_only_with_trigger.py
[2024-04-09T08:57:42.693+0000] {processor.py:840} INFO - DAG(s) 'latest_only_with_trigger' retrieved from /home/airflow/.local/lib/python3.12/site-packages/airflow/example_dags/example_latest_only_with_trigger.py
[2024-04-09T08:57:42.709+0000] {logging_mixin.py:188} INFO - [2024-04-09T08:57:42.709+0000] {dag.py:3096} INFO - Sync 1 DAGs
[2024-04-09T08:57:42.724+0000] {logging_mixin.py:188} INFO - [2024-04-09T08:57:42.724+0000] {dag.py:3954} INFO - Setting next_dagrun for latest_only_with_trigger to 2024-04-09 04:00:00+00:00, run_after=2024-04-09 08:00:00+00:00
[2024-04-09T08:57:42.739+0000] {processor.py:183} INFO - Processing /home/airflow/.local/lib/python3.12/site-packages/airflow/example_dags/example_latest_only_with_trigger.py took 0.055 seconds
[2024-04-09T08:58:12.880+0000] {processor.py:161} INFO - Started process (PID=3908) to work on /home/airflow/.local/lib/python3.12/site-packages/airflow/example_dags/example_latest_only_with_trigger.py
[2024-04-09T08:58:12.880+0000] {processor.py:830} INFO - Processing file /home/airflow/.local/lib/python3.12/site-packages/airflow/example_dags/example_latest_only_with_trigger.py for tasks to queue
[2024-04-09T08:58:12.881+0000] {logging_mixin.py:188} INFO - [2024-04-09T08:58:12.881+0000] {dagbag.py:540} INFO - Filling up the DagBag from /home/airflow/.local/lib/python3.12/site-packages/airflow/example_dags/example_latest_only_with_trigger.py
[2024-04-09T08:58:12.884+0000] {processor.py:840} INFO - DAG(s) 'latest_only_with_trigger' retrieved from /home/airflow/.local/lib/python3.12/site-packages/airflow/example_dags/example_latest_only_with_trigger.py
[2024-04-09T08:58:12.896+0000] {logging_mixin.py:188} INFO - [2024-04-09T08:58:12.896+0000] {dag.py:3096} INFO - Sync 1 DAGs
[2024-04-09T08:58:12.908+0000] {logging_mixin.py:188} INFO - [2024-04-09T08:58:12.908+0000] {dag.py:3954} INFO - Setting next_dagrun for latest_only_with_trigger to 2024-04-09 04:00:00+00:00, run_after=2024-04-09 08:00:00+00:00
[2024-04-09T08:58:12.920+0000] {processor.py:183} INFO - Processing /home/airflow/.local/lib/python3.12/site-packages/airflow/example_dags/example_latest_only_with_trigger.py took 0.043 seconds
