[2024-04-09T08:24:29.661+0000] {processor.py:161} INFO - Started process (PID=63) to work on /home/airflow/.local/lib/python3.12/site-packages/airflow/example_dags/example_sla_dag.py
[2024-04-09T08:24:29.662+0000] {processor.py:830} INFO - Processing file /home/airflow/.local/lib/python3.12/site-packages/airflow/example_dags/example_sla_dag.py for tasks to queue
[2024-04-09T08:24:29.663+0000] {logging_mixin.py:188} INFO - [2024-04-09T08:24:29.663+0000] {dagbag.py:540} INFO - Filling up the DagBag from /home/airflow/.local/lib/python3.12/site-packages/airflow/example_dags/example_sla_dag.py
[2024-04-09T08:24:29.674+0000] {processor.py:840} INFO - DAG(s) 'example_sla_dag' retrieved from /home/airflow/.local/lib/python3.12/site-packages/airflow/example_dags/example_sla_dag.py
[2024-04-09T08:24:29.685+0000] {logging_mixin.py:188} INFO - [2024-04-09T08:24:29.685+0000] {dag.py:3096} INFO - Sync 1 DAGs
[2024-04-09T08:24:29.707+0000] {logging_mixin.py:188} INFO - [2024-04-09T08:24:29.707+0000] {dag.py:3954} INFO - Setting next_dagrun for example_sla_dag to 2024-04-09 08:22:00+00:00, run_after=2024-04-09 08:24:00+00:00
[2024-04-09T08:24:29.719+0000] {processor.py:183} INFO - Processing /home/airflow/.local/lib/python3.12/site-packages/airflow/example_dags/example_sla_dag.py took 0.063 seconds
[2024-04-09T08:25:00.167+0000] {processor.py:161} INFO - Started process (PID=121) to work on /home/airflow/.local/lib/python3.12/site-packages/airflow/example_dags/example_sla_dag.py
[2024-04-09T08:25:00.168+0000] {processor.py:830} INFO - Processing file /home/airflow/.local/lib/python3.12/site-packages/airflow/example_dags/example_sla_dag.py for tasks to queue
[2024-04-09T08:25:00.169+0000] {logging_mixin.py:188} INFO - [2024-04-09T08:25:00.169+0000] {dagbag.py:540} INFO - Filling up the DagBag from /home/airflow/.local/lib/python3.12/site-packages/airflow/example_dags/example_sla_dag.py
[2024-04-09T08:25:00.174+0000] {processor.py:840} INFO - DAG(s) 'example_sla_dag' retrieved from /home/airflow/.local/lib/python3.12/site-packages/airflow/example_dags/example_sla_dag.py
[2024-04-09T08:25:00.232+0000] {logging_mixin.py:188} INFO - [2024-04-09T08:25:00.232+0000] {dag.py:3096} INFO - Sync 1 DAGs
[2024-04-09T08:25:00.246+0000] {logging_mixin.py:188} INFO - [2024-04-09T08:25:00.246+0000] {dag.py:3954} INFO - Setting next_dagrun for example_sla_dag to 2024-04-09 08:22:00+00:00, run_after=2024-04-09 08:24:00+00:00
[2024-04-09T08:25:00.258+0000] {processor.py:183} INFO - Processing /home/airflow/.local/lib/python3.12/site-packages/airflow/example_dags/example_sla_dag.py took 0.094 seconds
[2024-04-09T08:25:30.614+0000] {processor.py:161} INFO - Started process (PID=179) to work on /home/airflow/.local/lib/python3.12/site-packages/airflow/example_dags/example_sla_dag.py
[2024-04-09T08:25:30.614+0000] {processor.py:830} INFO - Processing file /home/airflow/.local/lib/python3.12/site-packages/airflow/example_dags/example_sla_dag.py for tasks to queue
[2024-04-09T08:25:30.615+0000] {logging_mixin.py:188} INFO - [2024-04-09T08:25:30.615+0000] {dagbag.py:540} INFO - Filling up the DagBag from /home/airflow/.local/lib/python3.12/site-packages/airflow/example_dags/example_sla_dag.py
[2024-04-09T08:25:30.620+0000] {processor.py:840} INFO - DAG(s) 'example_sla_dag' retrieved from /home/airflow/.local/lib/python3.12/site-packages/airflow/example_dags/example_sla_dag.py
[2024-04-09T08:25:30.630+0000] {logging_mixin.py:188} INFO - [2024-04-09T08:25:30.630+0000] {dag.py:3096} INFO - Sync 1 DAGs
[2024-04-09T08:25:30.643+0000] {logging_mixin.py:188} INFO - [2024-04-09T08:25:30.643+0000] {dag.py:3954} INFO - Setting next_dagrun for example_sla_dag to 2024-04-09 08:22:00+00:00, run_after=2024-04-09 08:24:00+00:00
[2024-04-09T08:25:30.655+0000] {processor.py:183} INFO - Processing /home/airflow/.local/lib/python3.12/site-packages/airflow/example_dags/example_sla_dag.py took 0.044 seconds
[2024-04-09T08:26:01.342+0000] {processor.py:161} INFO - Started process (PID=237) to work on /home/airflow/.local/lib/python3.12/site-packages/airflow/example_dags/example_sla_dag.py
[2024-04-09T08:26:01.343+0000] {processor.py:830} INFO - Processing file /home/airflow/.local/lib/python3.12/site-packages/airflow/example_dags/example_sla_dag.py for tasks to queue
[2024-04-09T08:26:01.344+0000] {logging_mixin.py:188} INFO - [2024-04-09T08:26:01.343+0000] {dagbag.py:540} INFO - Filling up the DagBag from /home/airflow/.local/lib/python3.12/site-packages/airflow/example_dags/example_sla_dag.py
[2024-04-09T08:26:01.348+0000] {processor.py:840} INFO - DAG(s) 'example_sla_dag' retrieved from /home/airflow/.local/lib/python3.12/site-packages/airflow/example_dags/example_sla_dag.py
[2024-04-09T08:26:01.358+0000] {logging_mixin.py:188} INFO - [2024-04-09T08:26:01.358+0000] {dag.py:3096} INFO - Sync 1 DAGs
[2024-04-09T08:26:01.373+0000] {logging_mixin.py:188} INFO - [2024-04-09T08:26:01.372+0000] {dag.py:3954} INFO - Setting next_dagrun for example_sla_dag to 2024-04-09 08:24:00+00:00, run_after=2024-04-09 08:26:00+00:00
[2024-04-09T08:26:01.384+0000] {processor.py:183} INFO - Processing /home/airflow/.local/lib/python3.12/site-packages/airflow/example_dags/example_sla_dag.py took 0.045 seconds
[2024-04-09T08:26:32.129+0000] {processor.py:161} INFO - Started process (PID=295) to work on /home/airflow/.local/lib/python3.12/site-packages/airflow/example_dags/example_sla_dag.py
[2024-04-09T08:26:32.129+0000] {processor.py:830} INFO - Processing file /home/airflow/.local/lib/python3.12/site-packages/airflow/example_dags/example_sla_dag.py for tasks to queue
[2024-04-09T08:26:32.130+0000] {logging_mixin.py:188} INFO - [2024-04-09T08:26:32.130+0000] {dagbag.py:540} INFO - Filling up the DagBag from /home/airflow/.local/lib/python3.12/site-packages/airflow/example_dags/example_sla_dag.py
[2024-04-09T08:26:32.135+0000] {processor.py:840} INFO - DAG(s) 'example_sla_dag' retrieved from /home/airflow/.local/lib/python3.12/site-packages/airflow/example_dags/example_sla_dag.py
[2024-04-09T08:26:32.145+0000] {logging_mixin.py:188} INFO - [2024-04-09T08:26:32.144+0000] {dag.py:3096} INFO - Sync 1 DAGs
[2024-04-09T08:26:32.158+0000] {logging_mixin.py:188} INFO - [2024-04-09T08:26:32.158+0000] {dag.py:3954} INFO - Setting next_dagrun for example_sla_dag to 2024-04-09 08:24:00+00:00, run_after=2024-04-09 08:26:00+00:00
[2024-04-09T08:26:32.170+0000] {processor.py:183} INFO - Processing /home/airflow/.local/lib/python3.12/site-packages/airflow/example_dags/example_sla_dag.py took 0.044 seconds
[2024-04-09T08:27:02.328+0000] {processor.py:161} INFO - Started process (PID=353) to work on /home/airflow/.local/lib/python3.12/site-packages/airflow/example_dags/example_sla_dag.py
[2024-04-09T08:27:02.329+0000] {processor.py:830} INFO - Processing file /home/airflow/.local/lib/python3.12/site-packages/airflow/example_dags/example_sla_dag.py for tasks to queue
[2024-04-09T08:27:02.330+0000] {logging_mixin.py:188} INFO - [2024-04-09T08:27:02.330+0000] {dagbag.py:540} INFO - Filling up the DagBag from /home/airflow/.local/lib/python3.12/site-packages/airflow/example_dags/example_sla_dag.py
[2024-04-09T08:27:02.336+0000] {processor.py:840} INFO - DAG(s) 'example_sla_dag' retrieved from /home/airflow/.local/lib/python3.12/site-packages/airflow/example_dags/example_sla_dag.py
[2024-04-09T08:27:02.347+0000] {logging_mixin.py:188} INFO - [2024-04-09T08:27:02.347+0000] {dag.py:3096} INFO - Sync 1 DAGs
[2024-04-09T08:27:02.362+0000] {logging_mixin.py:188} INFO - [2024-04-09T08:27:02.362+0000] {dag.py:3954} INFO - Setting next_dagrun for example_sla_dag to 2024-04-09 08:24:00+00:00, run_after=2024-04-09 08:26:00+00:00
[2024-04-09T08:27:02.375+0000] {processor.py:183} INFO - Processing /home/airflow/.local/lib/python3.12/site-packages/airflow/example_dags/example_sla_dag.py took 0.050 seconds
[2024-04-09T08:27:33.441+0000] {processor.py:161} INFO - Started process (PID=411) to work on /home/airflow/.local/lib/python3.12/site-packages/airflow/example_dags/example_sla_dag.py
[2024-04-09T08:27:33.441+0000] {processor.py:830} INFO - Processing file /home/airflow/.local/lib/python3.12/site-packages/airflow/example_dags/example_sla_dag.py for tasks to queue
[2024-04-09T08:27:33.442+0000] {logging_mixin.py:188} INFO - [2024-04-09T08:27:33.442+0000] {dagbag.py:540} INFO - Filling up the DagBag from /home/airflow/.local/lib/python3.12/site-packages/airflow/example_dags/example_sla_dag.py
[2024-04-09T08:27:33.446+0000] {processor.py:840} INFO - DAG(s) 'example_sla_dag' retrieved from /home/airflow/.local/lib/python3.12/site-packages/airflow/example_dags/example_sla_dag.py
[2024-04-09T08:27:33.457+0000] {logging_mixin.py:188} INFO - [2024-04-09T08:27:33.457+0000] {dag.py:3096} INFO - Sync 1 DAGs
[2024-04-09T08:27:33.471+0000] {logging_mixin.py:188} INFO - [2024-04-09T08:27:33.471+0000] {dag.py:3954} INFO - Setting next_dagrun for example_sla_dag to 2024-04-09 08:24:00+00:00, run_after=2024-04-09 08:26:00+00:00
[2024-04-09T08:27:33.481+0000] {processor.py:183} INFO - Processing /home/airflow/.local/lib/python3.12/site-packages/airflow/example_dags/example_sla_dag.py took 0.043 seconds
[2024-04-09T08:28:03.639+0000] {processor.py:161} INFO - Started process (PID=469) to work on /home/airflow/.local/lib/python3.12/site-packages/airflow/example_dags/example_sla_dag.py
[2024-04-09T08:28:03.640+0000] {processor.py:830} INFO - Processing file /home/airflow/.local/lib/python3.12/site-packages/airflow/example_dags/example_sla_dag.py for tasks to queue
[2024-04-09T08:28:03.641+0000] {logging_mixin.py:188} INFO - [2024-04-09T08:28:03.641+0000] {dagbag.py:540} INFO - Filling up the DagBag from /home/airflow/.local/lib/python3.12/site-packages/airflow/example_dags/example_sla_dag.py
[2024-04-09T08:28:03.645+0000] {processor.py:840} INFO - DAG(s) 'example_sla_dag' retrieved from /home/airflow/.local/lib/python3.12/site-packages/airflow/example_dags/example_sla_dag.py
[2024-04-09T08:28:03.656+0000] {logging_mixin.py:188} INFO - [2024-04-09T08:28:03.656+0000] {dag.py:3096} INFO - Sync 1 DAGs
[2024-04-09T08:28:03.670+0000] {logging_mixin.py:188} INFO - [2024-04-09T08:28:03.670+0000] {dag.py:3954} INFO - Setting next_dagrun for example_sla_dag to 2024-04-09 08:26:00+00:00, run_after=2024-04-09 08:28:00+00:00
[2024-04-09T08:28:03.680+0000] {processor.py:183} INFO - Processing /home/airflow/.local/lib/python3.12/site-packages/airflow/example_dags/example_sla_dag.py took 0.044 seconds
[2024-04-09T08:28:34.607+0000] {processor.py:161} INFO - Started process (PID=527) to work on /home/airflow/.local/lib/python3.12/site-packages/airflow/example_dags/example_sla_dag.py
[2024-04-09T08:28:34.607+0000] {processor.py:830} INFO - Processing file /home/airflow/.local/lib/python3.12/site-packages/airflow/example_dags/example_sla_dag.py for tasks to queue
[2024-04-09T08:28:34.608+0000] {logging_mixin.py:188} INFO - [2024-04-09T08:28:34.608+0000] {dagbag.py:540} INFO - Filling up the DagBag from /home/airflow/.local/lib/python3.12/site-packages/airflow/example_dags/example_sla_dag.py
[2024-04-09T08:28:34.613+0000] {processor.py:840} INFO - DAG(s) 'example_sla_dag' retrieved from /home/airflow/.local/lib/python3.12/site-packages/airflow/example_dags/example_sla_dag.py
[2024-04-09T08:28:34.623+0000] {logging_mixin.py:188} INFO - [2024-04-09T08:28:34.623+0000] {dag.py:3096} INFO - Sync 1 DAGs
[2024-04-09T08:28:34.637+0000] {logging_mixin.py:188} INFO - [2024-04-09T08:28:34.637+0000] {dag.py:3954} INFO - Setting next_dagrun for example_sla_dag to 2024-04-09 08:26:00+00:00, run_after=2024-04-09 08:28:00+00:00
[2024-04-09T08:28:34.648+0000] {processor.py:183} INFO - Processing /home/airflow/.local/lib/python3.12/site-packages/airflow/example_dags/example_sla_dag.py took 0.044 seconds
[2024-04-09T08:29:05.183+0000] {processor.py:161} INFO - Started process (PID=585) to work on /home/airflow/.local/lib/python3.12/site-packages/airflow/example_dags/example_sla_dag.py
[2024-04-09T08:29:05.183+0000] {processor.py:830} INFO - Processing file /home/airflow/.local/lib/python3.12/site-packages/airflow/example_dags/example_sla_dag.py for tasks to queue
[2024-04-09T08:29:05.184+0000] {logging_mixin.py:188} INFO - [2024-04-09T08:29:05.184+0000] {dagbag.py:540} INFO - Filling up the DagBag from /home/airflow/.local/lib/python3.12/site-packages/airflow/example_dags/example_sla_dag.py
[2024-04-09T08:29:05.189+0000] {processor.py:840} INFO - DAG(s) 'example_sla_dag' retrieved from /home/airflow/.local/lib/python3.12/site-packages/airflow/example_dags/example_sla_dag.py
[2024-04-09T08:29:05.200+0000] {logging_mixin.py:188} INFO - [2024-04-09T08:29:05.199+0000] {dag.py:3096} INFO - Sync 1 DAGs
[2024-04-09T08:29:05.214+0000] {logging_mixin.py:188} INFO - [2024-04-09T08:29:05.214+0000] {dag.py:3954} INFO - Setting next_dagrun for example_sla_dag to 2024-04-09 08:26:00+00:00, run_after=2024-04-09 08:28:00+00:00
[2024-04-09T08:29:05.226+0000] {processor.py:183} INFO - Processing /home/airflow/.local/lib/python3.12/site-packages/airflow/example_dags/example_sla_dag.py took 0.046 seconds
[2024-04-09T08:29:35.995+0000] {processor.py:161} INFO - Started process (PID=643) to work on /home/airflow/.local/lib/python3.12/site-packages/airflow/example_dags/example_sla_dag.py
[2024-04-09T08:29:35.995+0000] {processor.py:830} INFO - Processing file /home/airflow/.local/lib/python3.12/site-packages/airflow/example_dags/example_sla_dag.py for tasks to queue
[2024-04-09T08:29:35.996+0000] {logging_mixin.py:188} INFO - [2024-04-09T08:29:35.996+0000] {dagbag.py:540} INFO - Filling up the DagBag from /home/airflow/.local/lib/python3.12/site-packages/airflow/example_dags/example_sla_dag.py
[2024-04-09T08:29:36.001+0000] {processor.py:840} INFO - DAG(s) 'example_sla_dag' retrieved from /home/airflow/.local/lib/python3.12/site-packages/airflow/example_dags/example_sla_dag.py
[2024-04-09T08:29:36.012+0000] {logging_mixin.py:188} INFO - [2024-04-09T08:29:36.012+0000] {dag.py:3096} INFO - Sync 1 DAGs
[2024-04-09T08:29:36.026+0000] {logging_mixin.py:188} INFO - [2024-04-09T08:29:36.026+0000] {dag.py:3954} INFO - Setting next_dagrun for example_sla_dag to 2024-04-09 08:26:00+00:00, run_after=2024-04-09 08:28:00+00:00
[2024-04-09T08:29:36.036+0000] {processor.py:183} INFO - Processing /home/airflow/.local/lib/python3.12/site-packages/airflow/example_dags/example_sla_dag.py took 0.044 seconds
[2024-04-09T08:30:06.708+0000] {processor.py:161} INFO - Started process (PID=701) to work on /home/airflow/.local/lib/python3.12/site-packages/airflow/example_dags/example_sla_dag.py
[2024-04-09T08:30:06.709+0000] {processor.py:830} INFO - Processing file /home/airflow/.local/lib/python3.12/site-packages/airflow/example_dags/example_sla_dag.py for tasks to queue
[2024-04-09T08:30:06.710+0000] {logging_mixin.py:188} INFO - [2024-04-09T08:30:06.709+0000] {dagbag.py:540} INFO - Filling up the DagBag from /home/airflow/.local/lib/python3.12/site-packages/airflow/example_dags/example_sla_dag.py
[2024-04-09T08:30:06.714+0000] {processor.py:840} INFO - DAG(s) 'example_sla_dag' retrieved from /home/airflow/.local/lib/python3.12/site-packages/airflow/example_dags/example_sla_dag.py
[2024-04-09T08:30:06.725+0000] {logging_mixin.py:188} INFO - [2024-04-09T08:30:06.725+0000] {dag.py:3096} INFO - Sync 1 DAGs
[2024-04-09T08:30:06.739+0000] {logging_mixin.py:188} INFO - [2024-04-09T08:30:06.739+0000] {dag.py:3954} INFO - Setting next_dagrun for example_sla_dag to 2024-04-09 08:28:00+00:00, run_after=2024-04-09 08:30:00+00:00
[2024-04-09T08:30:06.749+0000] {processor.py:183} INFO - Processing /home/airflow/.local/lib/python3.12/site-packages/airflow/example_dags/example_sla_dag.py took 0.044 seconds
[2024-04-09T08:30:37.459+0000] {processor.py:161} INFO - Started process (PID=759) to work on /home/airflow/.local/lib/python3.12/site-packages/airflow/example_dags/example_sla_dag.py
[2024-04-09T08:30:37.460+0000] {processor.py:830} INFO - Processing file /home/airflow/.local/lib/python3.12/site-packages/airflow/example_dags/example_sla_dag.py for tasks to queue
[2024-04-09T08:30:37.461+0000] {logging_mixin.py:188} INFO - [2024-04-09T08:30:37.460+0000] {dagbag.py:540} INFO - Filling up the DagBag from /home/airflow/.local/lib/python3.12/site-packages/airflow/example_dags/example_sla_dag.py
[2024-04-09T08:30:37.467+0000] {processor.py:840} INFO - DAG(s) 'example_sla_dag' retrieved from /home/airflow/.local/lib/python3.12/site-packages/airflow/example_dags/example_sla_dag.py
[2024-04-09T08:30:37.483+0000] {logging_mixin.py:188} INFO - [2024-04-09T08:30:37.483+0000] {dag.py:3096} INFO - Sync 1 DAGs
[2024-04-09T08:30:37.498+0000] {logging_mixin.py:188} INFO - [2024-04-09T08:30:37.497+0000] {dag.py:3954} INFO - Setting next_dagrun for example_sla_dag to 2024-04-09 08:28:00+00:00, run_after=2024-04-09 08:30:00+00:00
[2024-04-09T08:30:37.508+0000] {processor.py:183} INFO - Processing /home/airflow/.local/lib/python3.12/site-packages/airflow/example_dags/example_sla_dag.py took 0.053 seconds
[2024-04-09T08:31:07.768+0000] {processor.py:161} INFO - Started process (PID=817) to work on /home/airflow/.local/lib/python3.12/site-packages/airflow/example_dags/example_sla_dag.py
[2024-04-09T08:31:07.769+0000] {processor.py:830} INFO - Processing file /home/airflow/.local/lib/python3.12/site-packages/airflow/example_dags/example_sla_dag.py for tasks to queue
[2024-04-09T08:31:07.770+0000] {logging_mixin.py:188} INFO - [2024-04-09T08:31:07.770+0000] {dagbag.py:540} INFO - Filling up the DagBag from /home/airflow/.local/lib/python3.12/site-packages/airflow/example_dags/example_sla_dag.py
[2024-04-09T08:31:07.776+0000] {processor.py:840} INFO - DAG(s) 'example_sla_dag' retrieved from /home/airflow/.local/lib/python3.12/site-packages/airflow/example_dags/example_sla_dag.py
[2024-04-09T08:31:07.790+0000] {logging_mixin.py:188} INFO - [2024-04-09T08:31:07.790+0000] {dag.py:3096} INFO - Sync 1 DAGs
[2024-04-09T08:31:07.807+0000] {logging_mixin.py:188} INFO - [2024-04-09T08:31:07.807+0000] {dag.py:3954} INFO - Setting next_dagrun for example_sla_dag to 2024-04-09 08:28:00+00:00, run_after=2024-04-09 08:30:00+00:00
[2024-04-09T08:31:07.819+0000] {processor.py:183} INFO - Processing /home/airflow/.local/lib/python3.12/site-packages/airflow/example_dags/example_sla_dag.py took 0.055 seconds
[2024-04-09T08:31:38.626+0000] {processor.py:161} INFO - Started process (PID=875) to work on /home/airflow/.local/lib/python3.12/site-packages/airflow/example_dags/example_sla_dag.py
[2024-04-09T08:31:38.627+0000] {processor.py:830} INFO - Processing file /home/airflow/.local/lib/python3.12/site-packages/airflow/example_dags/example_sla_dag.py for tasks to queue
[2024-04-09T08:31:38.628+0000] {logging_mixin.py:188} INFO - [2024-04-09T08:31:38.628+0000] {dagbag.py:540} INFO - Filling up the DagBag from /home/airflow/.local/lib/python3.12/site-packages/airflow/example_dags/example_sla_dag.py
[2024-04-09T08:31:38.633+0000] {processor.py:840} INFO - DAG(s) 'example_sla_dag' retrieved from /home/airflow/.local/lib/python3.12/site-packages/airflow/example_dags/example_sla_dag.py
[2024-04-09T08:31:38.645+0000] {logging_mixin.py:188} INFO - [2024-04-09T08:31:38.644+0000] {dag.py:3096} INFO - Sync 1 DAGs
[2024-04-09T08:31:38.661+0000] {logging_mixin.py:188} INFO - [2024-04-09T08:31:38.661+0000] {dag.py:3954} INFO - Setting next_dagrun for example_sla_dag to 2024-04-09 08:28:00+00:00, run_after=2024-04-09 08:30:00+00:00
[2024-04-09T08:31:38.673+0000] {processor.py:183} INFO - Processing /home/airflow/.local/lib/python3.12/site-packages/airflow/example_dags/example_sla_dag.py took 0.050 seconds
[2024-04-09T08:32:08.794+0000] {processor.py:161} INFO - Started process (PID=932) to work on /home/airflow/.local/lib/python3.12/site-packages/airflow/example_dags/example_sla_dag.py
[2024-04-09T08:32:08.794+0000] {processor.py:830} INFO - Processing file /home/airflow/.local/lib/python3.12/site-packages/airflow/example_dags/example_sla_dag.py for tasks to queue
[2024-04-09T08:32:08.795+0000] {logging_mixin.py:188} INFO - [2024-04-09T08:32:08.795+0000] {dagbag.py:540} INFO - Filling up the DagBag from /home/airflow/.local/lib/python3.12/site-packages/airflow/example_dags/example_sla_dag.py
[2024-04-09T08:32:08.800+0000] {processor.py:840} INFO - DAG(s) 'example_sla_dag' retrieved from /home/airflow/.local/lib/python3.12/site-packages/airflow/example_dags/example_sla_dag.py
[2024-04-09T08:32:08.812+0000] {logging_mixin.py:188} INFO - [2024-04-09T08:32:08.811+0000] {dag.py:3096} INFO - Sync 1 DAGs
[2024-04-09T08:32:08.830+0000] {logging_mixin.py:188} INFO - [2024-04-09T08:32:08.830+0000] {dag.py:3954} INFO - Setting next_dagrun for example_sla_dag to 2024-04-09 08:30:00+00:00, run_after=2024-04-09 08:32:00+00:00
[2024-04-09T08:32:08.958+0000] {processor.py:183} INFO - Processing /home/airflow/.local/lib/python3.12/site-packages/airflow/example_dags/example_sla_dag.py took 0.168 seconds
[2024-04-09T08:32:39.140+0000] {processor.py:161} INFO - Started process (PID=990) to work on /home/airflow/.local/lib/python3.12/site-packages/airflow/example_dags/example_sla_dag.py
[2024-04-09T08:32:39.140+0000] {processor.py:830} INFO - Processing file /home/airflow/.local/lib/python3.12/site-packages/airflow/example_dags/example_sla_dag.py for tasks to queue
[2024-04-09T08:32:39.141+0000] {logging_mixin.py:188} INFO - [2024-04-09T08:32:39.141+0000] {dagbag.py:540} INFO - Filling up the DagBag from /home/airflow/.local/lib/python3.12/site-packages/airflow/example_dags/example_sla_dag.py
[2024-04-09T08:32:39.145+0000] {processor.py:840} INFO - DAG(s) 'example_sla_dag' retrieved from /home/airflow/.local/lib/python3.12/site-packages/airflow/example_dags/example_sla_dag.py
[2024-04-09T08:32:39.156+0000] {logging_mixin.py:188} INFO - [2024-04-09T08:32:39.156+0000] {dag.py:3096} INFO - Sync 1 DAGs
[2024-04-09T08:32:39.171+0000] {logging_mixin.py:188} INFO - [2024-04-09T08:32:39.171+0000] {dag.py:3954} INFO - Setting next_dagrun for example_sla_dag to 2024-04-09 08:30:00+00:00, run_after=2024-04-09 08:32:00+00:00
[2024-04-09T08:32:39.296+0000] {processor.py:183} INFO - Processing /home/airflow/.local/lib/python3.12/site-packages/airflow/example_dags/example_sla_dag.py took 0.159 seconds
[2024-04-09T08:33:09.356+0000] {processor.py:161} INFO - Started process (PID=1048) to work on /home/airflow/.local/lib/python3.12/site-packages/airflow/example_dags/example_sla_dag.py
[2024-04-09T08:33:09.357+0000] {processor.py:830} INFO - Processing file /home/airflow/.local/lib/python3.12/site-packages/airflow/example_dags/example_sla_dag.py for tasks to queue
[2024-04-09T08:33:09.358+0000] {logging_mixin.py:188} INFO - [2024-04-09T08:33:09.358+0000] {dagbag.py:540} INFO - Filling up the DagBag from /home/airflow/.local/lib/python3.12/site-packages/airflow/example_dags/example_sla_dag.py
[2024-04-09T08:33:09.363+0000] {processor.py:840} INFO - DAG(s) 'example_sla_dag' retrieved from /home/airflow/.local/lib/python3.12/site-packages/airflow/example_dags/example_sla_dag.py
[2024-04-09T08:33:09.375+0000] {logging_mixin.py:188} INFO - [2024-04-09T08:33:09.375+0000] {dag.py:3096} INFO - Sync 1 DAGs
[2024-04-09T08:33:09.391+0000] {logging_mixin.py:188} INFO - [2024-04-09T08:33:09.390+0000] {dag.py:3954} INFO - Setting next_dagrun for example_sla_dag to 2024-04-09 08:30:00+00:00, run_after=2024-04-09 08:32:00+00:00
[2024-04-09T08:33:09.401+0000] {processor.py:183} INFO - Processing /home/airflow/.local/lib/python3.12/site-packages/airflow/example_dags/example_sla_dag.py took 0.048 seconds
[2024-04-09T08:33:40.350+0000] {processor.py:161} INFO - Started process (PID=1106) to work on /home/airflow/.local/lib/python3.12/site-packages/airflow/example_dags/example_sla_dag.py
[2024-04-09T08:33:40.350+0000] {processor.py:830} INFO - Processing file /home/airflow/.local/lib/python3.12/site-packages/airflow/example_dags/example_sla_dag.py for tasks to queue
[2024-04-09T08:33:40.351+0000] {logging_mixin.py:188} INFO - [2024-04-09T08:33:40.351+0000] {dagbag.py:540} INFO - Filling up the DagBag from /home/airflow/.local/lib/python3.12/site-packages/airflow/example_dags/example_sla_dag.py
[2024-04-09T08:33:40.356+0000] {processor.py:840} INFO - DAG(s) 'example_sla_dag' retrieved from /home/airflow/.local/lib/python3.12/site-packages/airflow/example_dags/example_sla_dag.py
[2024-04-09T08:33:40.367+0000] {logging_mixin.py:188} INFO - [2024-04-09T08:33:40.367+0000] {dag.py:3096} INFO - Sync 1 DAGs
[2024-04-09T08:33:40.381+0000] {logging_mixin.py:188} INFO - [2024-04-09T08:33:40.381+0000] {dag.py:3954} INFO - Setting next_dagrun for example_sla_dag to 2024-04-09 08:30:00+00:00, run_after=2024-04-09 08:32:00+00:00
[2024-04-09T08:33:40.393+0000] {processor.py:183} INFO - Processing /home/airflow/.local/lib/python3.12/site-packages/airflow/example_dags/example_sla_dag.py took 0.047 seconds
[2024-04-09T08:34:11.058+0000] {processor.py:161} INFO - Started process (PID=1164) to work on /home/airflow/.local/lib/python3.12/site-packages/airflow/example_dags/example_sla_dag.py
[2024-04-09T08:34:11.058+0000] {processor.py:830} INFO - Processing file /home/airflow/.local/lib/python3.12/site-packages/airflow/example_dags/example_sla_dag.py for tasks to queue
[2024-04-09T08:34:11.059+0000] {logging_mixin.py:188} INFO - [2024-04-09T08:34:11.059+0000] {dagbag.py:540} INFO - Filling up the DagBag from /home/airflow/.local/lib/python3.12/site-packages/airflow/example_dags/example_sla_dag.py
[2024-04-09T08:34:11.064+0000] {processor.py:840} INFO - DAG(s) 'example_sla_dag' retrieved from /home/airflow/.local/lib/python3.12/site-packages/airflow/example_dags/example_sla_dag.py
[2024-04-09T08:34:11.075+0000] {logging_mixin.py:188} INFO - [2024-04-09T08:34:11.075+0000] {dag.py:3096} INFO - Sync 1 DAGs
[2024-04-09T08:34:11.090+0000] {logging_mixin.py:188} INFO - [2024-04-09T08:34:11.090+0000] {dag.py:3954} INFO - Setting next_dagrun for example_sla_dag to 2024-04-09 08:32:00+00:00, run_after=2024-04-09 08:34:00+00:00
[2024-04-09T08:34:11.100+0000] {processor.py:183} INFO - Processing /home/airflow/.local/lib/python3.12/site-packages/airflow/example_dags/example_sla_dag.py took 0.045 seconds
[2024-04-09T08:34:42.087+0000] {processor.py:161} INFO - Started process (PID=1222) to work on /home/airflow/.local/lib/python3.12/site-packages/airflow/example_dags/example_sla_dag.py
[2024-04-09T08:34:42.087+0000] {processor.py:830} INFO - Processing file /home/airflow/.local/lib/python3.12/site-packages/airflow/example_dags/example_sla_dag.py for tasks to queue
[2024-04-09T08:34:42.088+0000] {logging_mixin.py:188} INFO - [2024-04-09T08:34:42.088+0000] {dagbag.py:540} INFO - Filling up the DagBag from /home/airflow/.local/lib/python3.12/site-packages/airflow/example_dags/example_sla_dag.py
[2024-04-09T08:34:42.093+0000] {processor.py:840} INFO - DAG(s) 'example_sla_dag' retrieved from /home/airflow/.local/lib/python3.12/site-packages/airflow/example_dags/example_sla_dag.py
[2024-04-09T08:34:42.105+0000] {logging_mixin.py:188} INFO - [2024-04-09T08:34:42.105+0000] {dag.py:3096} INFO - Sync 1 DAGs
[2024-04-09T08:34:42.120+0000] {logging_mixin.py:188} INFO - [2024-04-09T08:34:42.120+0000] {dag.py:3954} INFO - Setting next_dagrun for example_sla_dag to 2024-04-09 08:32:00+00:00, run_after=2024-04-09 08:34:00+00:00
[2024-04-09T08:34:42.132+0000] {processor.py:183} INFO - Processing /home/airflow/.local/lib/python3.12/site-packages/airflow/example_dags/example_sla_dag.py took 0.049 seconds
[2024-04-09T08:35:12.295+0000] {processor.py:161} INFO - Started process (PID=1280) to work on /home/airflow/.local/lib/python3.12/site-packages/airflow/example_dags/example_sla_dag.py
[2024-04-09T08:35:12.296+0000] {processor.py:830} INFO - Processing file /home/airflow/.local/lib/python3.12/site-packages/airflow/example_dags/example_sla_dag.py for tasks to queue
[2024-04-09T08:35:12.297+0000] {logging_mixin.py:188} INFO - [2024-04-09T08:35:12.296+0000] {dagbag.py:540} INFO - Filling up the DagBag from /home/airflow/.local/lib/python3.12/site-packages/airflow/example_dags/example_sla_dag.py
[2024-04-09T08:35:12.301+0000] {processor.py:840} INFO - DAG(s) 'example_sla_dag' retrieved from /home/airflow/.local/lib/python3.12/site-packages/airflow/example_dags/example_sla_dag.py
[2024-04-09T08:35:12.312+0000] {logging_mixin.py:188} INFO - [2024-04-09T08:35:12.312+0000] {dag.py:3096} INFO - Sync 1 DAGs
[2024-04-09T08:35:12.326+0000] {logging_mixin.py:188} INFO - [2024-04-09T08:35:12.326+0000] {dag.py:3954} INFO - Setting next_dagrun for example_sla_dag to 2024-04-09 08:32:00+00:00, run_after=2024-04-09 08:34:00+00:00
[2024-04-09T08:35:12.338+0000] {processor.py:183} INFO - Processing /home/airflow/.local/lib/python3.12/site-packages/airflow/example_dags/example_sla_dag.py took 0.046 seconds
[2024-04-09T08:35:43.298+0000] {processor.py:161} INFO - Started process (PID=1338) to work on /home/airflow/.local/lib/python3.12/site-packages/airflow/example_dags/example_sla_dag.py
[2024-04-09T08:35:43.298+0000] {processor.py:830} INFO - Processing file /home/airflow/.local/lib/python3.12/site-packages/airflow/example_dags/example_sla_dag.py for tasks to queue
[2024-04-09T08:35:43.299+0000] {logging_mixin.py:188} INFO - [2024-04-09T08:35:43.299+0000] {dagbag.py:540} INFO - Filling up the DagBag from /home/airflow/.local/lib/python3.12/site-packages/airflow/example_dags/example_sla_dag.py
[2024-04-09T08:35:43.304+0000] {processor.py:840} INFO - DAG(s) 'example_sla_dag' retrieved from /home/airflow/.local/lib/python3.12/site-packages/airflow/example_dags/example_sla_dag.py
[2024-04-09T08:35:43.316+0000] {logging_mixin.py:188} INFO - [2024-04-09T08:35:43.316+0000] {dag.py:3096} INFO - Sync 1 DAGs
[2024-04-09T08:35:43.331+0000] {logging_mixin.py:188} INFO - [2024-04-09T08:35:43.331+0000] {dag.py:3954} INFO - Setting next_dagrun for example_sla_dag to 2024-04-09 08:32:00+00:00, run_after=2024-04-09 08:34:00+00:00
[2024-04-09T08:35:43.343+0000] {processor.py:183} INFO - Processing /home/airflow/.local/lib/python3.12/site-packages/airflow/example_dags/example_sla_dag.py took 0.049 seconds
[2024-04-09T08:36:14.087+0000] {processor.py:161} INFO - Started process (PID=1396) to work on /home/airflow/.local/lib/python3.12/site-packages/airflow/example_dags/example_sla_dag.py
[2024-04-09T08:36:14.088+0000] {processor.py:830} INFO - Processing file /home/airflow/.local/lib/python3.12/site-packages/airflow/example_dags/example_sla_dag.py for tasks to queue
[2024-04-09T08:36:14.089+0000] {logging_mixin.py:188} INFO - [2024-04-09T08:36:14.089+0000] {dagbag.py:540} INFO - Filling up the DagBag from /home/airflow/.local/lib/python3.12/site-packages/airflow/example_dags/example_sla_dag.py
[2024-04-09T08:36:14.093+0000] {processor.py:840} INFO - DAG(s) 'example_sla_dag' retrieved from /home/airflow/.local/lib/python3.12/site-packages/airflow/example_dags/example_sla_dag.py
[2024-04-09T08:36:14.103+0000] {logging_mixin.py:188} INFO - [2024-04-09T08:36:14.103+0000] {dag.py:3096} INFO - Sync 1 DAGs
[2024-04-09T08:36:14.118+0000] {logging_mixin.py:188} INFO - [2024-04-09T08:36:14.117+0000] {dag.py:3954} INFO - Setting next_dagrun for example_sla_dag to 2024-04-09 08:34:00+00:00, run_after=2024-04-09 08:36:00+00:00
[2024-04-09T08:36:14.129+0000] {processor.py:183} INFO - Processing /home/airflow/.local/lib/python3.12/site-packages/airflow/example_dags/example_sla_dag.py took 0.045 seconds
[2024-04-09T08:36:44.667+0000] {processor.py:161} INFO - Started process (PID=1454) to work on /home/airflow/.local/lib/python3.12/site-packages/airflow/example_dags/example_sla_dag.py
[2024-04-09T08:36:44.668+0000] {processor.py:830} INFO - Processing file /home/airflow/.local/lib/python3.12/site-packages/airflow/example_dags/example_sla_dag.py for tasks to queue
[2024-04-09T08:36:44.669+0000] {logging_mixin.py:188} INFO - [2024-04-09T08:36:44.669+0000] {dagbag.py:540} INFO - Filling up the DagBag from /home/airflow/.local/lib/python3.12/site-packages/airflow/example_dags/example_sla_dag.py
[2024-04-09T08:36:44.674+0000] {processor.py:840} INFO - DAG(s) 'example_sla_dag' retrieved from /home/airflow/.local/lib/python3.12/site-packages/airflow/example_dags/example_sla_dag.py
[2024-04-09T08:36:44.685+0000] {logging_mixin.py:188} INFO - [2024-04-09T08:36:44.685+0000] {dag.py:3096} INFO - Sync 1 DAGs
[2024-04-09T08:36:44.700+0000] {logging_mixin.py:188} INFO - [2024-04-09T08:36:44.700+0000] {dag.py:3954} INFO - Setting next_dagrun for example_sla_dag to 2024-04-09 08:34:00+00:00, run_after=2024-04-09 08:36:00+00:00
[2024-04-09T08:36:44.711+0000] {processor.py:183} INFO - Processing /home/airflow/.local/lib/python3.12/site-packages/airflow/example_dags/example_sla_dag.py took 0.048 seconds
[2024-04-09T08:37:15.289+0000] {processor.py:161} INFO - Started process (PID=1512) to work on /home/airflow/.local/lib/python3.12/site-packages/airflow/example_dags/example_sla_dag.py
[2024-04-09T08:37:15.289+0000] {processor.py:830} INFO - Processing file /home/airflow/.local/lib/python3.12/site-packages/airflow/example_dags/example_sla_dag.py for tasks to queue
[2024-04-09T08:37:15.290+0000] {logging_mixin.py:188} INFO - [2024-04-09T08:37:15.290+0000] {dagbag.py:540} INFO - Filling up the DagBag from /home/airflow/.local/lib/python3.12/site-packages/airflow/example_dags/example_sla_dag.py
[2024-04-09T08:37:15.295+0000] {processor.py:840} INFO - DAG(s) 'example_sla_dag' retrieved from /home/airflow/.local/lib/python3.12/site-packages/airflow/example_dags/example_sla_dag.py
[2024-04-09T08:37:15.305+0000] {logging_mixin.py:188} INFO - [2024-04-09T08:37:15.305+0000] {dag.py:3096} INFO - Sync 1 DAGs
[2024-04-09T08:37:15.319+0000] {logging_mixin.py:188} INFO - [2024-04-09T08:37:15.319+0000] {dag.py:3954} INFO - Setting next_dagrun for example_sla_dag to 2024-04-09 08:34:00+00:00, run_after=2024-04-09 08:36:00+00:00
[2024-04-09T08:37:15.329+0000] {processor.py:183} INFO - Processing /home/airflow/.local/lib/python3.12/site-packages/airflow/example_dags/example_sla_dag.py took 0.043 seconds
[2024-04-09T08:37:45.836+0000] {processor.py:161} INFO - Started process (PID=1570) to work on /home/airflow/.local/lib/python3.12/site-packages/airflow/example_dags/example_sla_dag.py
[2024-04-09T08:37:45.837+0000] {processor.py:830} INFO - Processing file /home/airflow/.local/lib/python3.12/site-packages/airflow/example_dags/example_sla_dag.py for tasks to queue
[2024-04-09T08:37:45.838+0000] {logging_mixin.py:188} INFO - [2024-04-09T08:37:45.837+0000] {dagbag.py:540} INFO - Filling up the DagBag from /home/airflow/.local/lib/python3.12/site-packages/airflow/example_dags/example_sla_dag.py
[2024-04-09T08:37:45.842+0000] {processor.py:840} INFO - DAG(s) 'example_sla_dag' retrieved from /home/airflow/.local/lib/python3.12/site-packages/airflow/example_dags/example_sla_dag.py
[2024-04-09T08:37:45.853+0000] {logging_mixin.py:188} INFO - [2024-04-09T08:37:45.853+0000] {dag.py:3096} INFO - Sync 1 DAGs
[2024-04-09T08:37:45.867+0000] {logging_mixin.py:188} INFO - [2024-04-09T08:37:45.866+0000] {dag.py:3954} INFO - Setting next_dagrun for example_sla_dag to 2024-04-09 08:34:00+00:00, run_after=2024-04-09 08:36:00+00:00
[2024-04-09T08:37:45.876+0000] {processor.py:183} INFO - Processing /home/airflow/.local/lib/python3.12/site-packages/airflow/example_dags/example_sla_dag.py took 0.043 seconds
[2024-04-09T08:38:16.423+0000] {processor.py:161} INFO - Started process (PID=1628) to work on /home/airflow/.local/lib/python3.12/site-packages/airflow/example_dags/example_sla_dag.py
[2024-04-09T08:38:16.423+0000] {processor.py:830} INFO - Processing file /home/airflow/.local/lib/python3.12/site-packages/airflow/example_dags/example_sla_dag.py for tasks to queue
[2024-04-09T08:38:16.424+0000] {logging_mixin.py:188} INFO - [2024-04-09T08:38:16.424+0000] {dagbag.py:540} INFO - Filling up the DagBag from /home/airflow/.local/lib/python3.12/site-packages/airflow/example_dags/example_sla_dag.py
[2024-04-09T08:38:16.430+0000] {processor.py:840} INFO - DAG(s) 'example_sla_dag' retrieved from /home/airflow/.local/lib/python3.12/site-packages/airflow/example_dags/example_sla_dag.py
[2024-04-09T08:38:16.441+0000] {logging_mixin.py:188} INFO - [2024-04-09T08:38:16.441+0000] {dag.py:3096} INFO - Sync 1 DAGs
[2024-04-09T08:38:16.457+0000] {logging_mixin.py:188} INFO - [2024-04-09T08:38:16.457+0000] {dag.py:3954} INFO - Setting next_dagrun for example_sla_dag to 2024-04-09 08:36:00+00:00, run_after=2024-04-09 08:38:00+00:00
[2024-04-09T08:38:16.469+0000] {processor.py:183} INFO - Processing /home/airflow/.local/lib/python3.12/site-packages/airflow/example_dags/example_sla_dag.py took 0.050 seconds
[2024-04-09T08:38:47.148+0000] {processor.py:161} INFO - Started process (PID=1686) to work on /home/airflow/.local/lib/python3.12/site-packages/airflow/example_dags/example_sla_dag.py
[2024-04-09T08:38:47.149+0000] {processor.py:830} INFO - Processing file /home/airflow/.local/lib/python3.12/site-packages/airflow/example_dags/example_sla_dag.py for tasks to queue
[2024-04-09T08:38:47.150+0000] {logging_mixin.py:188} INFO - [2024-04-09T08:38:47.150+0000] {dagbag.py:540} INFO - Filling up the DagBag from /home/airflow/.local/lib/python3.12/site-packages/airflow/example_dags/example_sla_dag.py
[2024-04-09T08:38:47.154+0000] {processor.py:840} INFO - DAG(s) 'example_sla_dag' retrieved from /home/airflow/.local/lib/python3.12/site-packages/airflow/example_dags/example_sla_dag.py
[2024-04-09T08:38:47.164+0000] {logging_mixin.py:188} INFO - [2024-04-09T08:38:47.164+0000] {dag.py:3096} INFO - Sync 1 DAGs
[2024-04-09T08:38:47.178+0000] {logging_mixin.py:188} INFO - [2024-04-09T08:38:47.178+0000] {dag.py:3954} INFO - Setting next_dagrun for example_sla_dag to 2024-04-09 08:36:00+00:00, run_after=2024-04-09 08:38:00+00:00
[2024-04-09T08:38:47.190+0000] {processor.py:183} INFO - Processing /home/airflow/.local/lib/python3.12/site-packages/airflow/example_dags/example_sla_dag.py took 0.044 seconds
[2024-04-09T08:39:17.818+0000] {processor.py:161} INFO - Started process (PID=1744) to work on /home/airflow/.local/lib/python3.12/site-packages/airflow/example_dags/example_sla_dag.py
[2024-04-09T08:39:17.819+0000] {processor.py:830} INFO - Processing file /home/airflow/.local/lib/python3.12/site-packages/airflow/example_dags/example_sla_dag.py for tasks to queue
[2024-04-09T08:39:17.820+0000] {logging_mixin.py:188} INFO - [2024-04-09T08:39:17.820+0000] {dagbag.py:540} INFO - Filling up the DagBag from /home/airflow/.local/lib/python3.12/site-packages/airflow/example_dags/example_sla_dag.py
[2024-04-09T08:39:17.824+0000] {processor.py:840} INFO - DAG(s) 'example_sla_dag' retrieved from /home/airflow/.local/lib/python3.12/site-packages/airflow/example_dags/example_sla_dag.py
[2024-04-09T08:39:17.835+0000] {logging_mixin.py:188} INFO - [2024-04-09T08:39:17.834+0000] {dag.py:3096} INFO - Sync 1 DAGs
[2024-04-09T08:39:17.849+0000] {logging_mixin.py:188} INFO - [2024-04-09T08:39:17.848+0000] {dag.py:3954} INFO - Setting next_dagrun for example_sla_dag to 2024-04-09 08:36:00+00:00, run_after=2024-04-09 08:38:00+00:00
[2024-04-09T08:39:17.861+0000] {processor.py:183} INFO - Processing /home/airflow/.local/lib/python3.12/site-packages/airflow/example_dags/example_sla_dag.py took 0.046 seconds
[2024-04-09T08:39:48.535+0000] {processor.py:161} INFO - Started process (PID=1808) to work on /home/airflow/.local/lib/python3.12/site-packages/airflow/example_dags/example_sla_dag.py
[2024-04-09T08:39:48.536+0000] {processor.py:830} INFO - Processing file /home/airflow/.local/lib/python3.12/site-packages/airflow/example_dags/example_sla_dag.py for tasks to queue
[2024-04-09T08:39:48.537+0000] {logging_mixin.py:188} INFO - [2024-04-09T08:39:48.537+0000] {dagbag.py:540} INFO - Filling up the DagBag from /home/airflow/.local/lib/python3.12/site-packages/airflow/example_dags/example_sla_dag.py
[2024-04-09T08:39:48.541+0000] {processor.py:840} INFO - DAG(s) 'example_sla_dag' retrieved from /home/airflow/.local/lib/python3.12/site-packages/airflow/example_dags/example_sla_dag.py
[2024-04-09T08:39:48.551+0000] {logging_mixin.py:188} INFO - [2024-04-09T08:39:48.551+0000] {dag.py:3096} INFO - Sync 1 DAGs
[2024-04-09T08:39:48.565+0000] {logging_mixin.py:188} INFO - [2024-04-09T08:39:48.565+0000] {dag.py:3954} INFO - Setting next_dagrun for example_sla_dag to 2024-04-09 08:36:00+00:00, run_after=2024-04-09 08:38:00+00:00
[2024-04-09T08:39:48.575+0000] {processor.py:183} INFO - Processing /home/airflow/.local/lib/python3.12/site-packages/airflow/example_dags/example_sla_dag.py took 0.042 seconds
[2024-04-09T08:40:19.219+0000] {processor.py:161} INFO - Started process (PID=1866) to work on /home/airflow/.local/lib/python3.12/site-packages/airflow/example_dags/example_sla_dag.py
[2024-04-09T08:40:19.219+0000] {processor.py:830} INFO - Processing file /home/airflow/.local/lib/python3.12/site-packages/airflow/example_dags/example_sla_dag.py for tasks to queue
[2024-04-09T08:40:19.220+0000] {logging_mixin.py:188} INFO - [2024-04-09T08:40:19.220+0000] {dagbag.py:540} INFO - Filling up the DagBag from /home/airflow/.local/lib/python3.12/site-packages/airflow/example_dags/example_sla_dag.py
[2024-04-09T08:40:19.224+0000] {processor.py:840} INFO - DAG(s) 'example_sla_dag' retrieved from /home/airflow/.local/lib/python3.12/site-packages/airflow/example_dags/example_sla_dag.py
[2024-04-09T08:40:19.236+0000] {logging_mixin.py:188} INFO - [2024-04-09T08:40:19.236+0000] {dag.py:3096} INFO - Sync 1 DAGs
[2024-04-09T08:40:19.251+0000] {logging_mixin.py:188} INFO - [2024-04-09T08:40:19.251+0000] {dag.py:3954} INFO - Setting next_dagrun for example_sla_dag to 2024-04-09 08:38:00+00:00, run_after=2024-04-09 08:40:00+00:00
[2024-04-09T08:40:19.263+0000] {processor.py:183} INFO - Processing /home/airflow/.local/lib/python3.12/site-packages/airflow/example_dags/example_sla_dag.py took 0.047 seconds
[2024-04-09T08:40:49.814+0000] {processor.py:161} INFO - Started process (PID=1924) to work on /home/airflow/.local/lib/python3.12/site-packages/airflow/example_dags/example_sla_dag.py
[2024-04-09T08:40:49.815+0000] {processor.py:830} INFO - Processing file /home/airflow/.local/lib/python3.12/site-packages/airflow/example_dags/example_sla_dag.py for tasks to queue
[2024-04-09T08:40:49.815+0000] {logging_mixin.py:188} INFO - [2024-04-09T08:40:49.815+0000] {dagbag.py:540} INFO - Filling up the DagBag from /home/airflow/.local/lib/python3.12/site-packages/airflow/example_dags/example_sla_dag.py
[2024-04-09T08:40:49.820+0000] {processor.py:840} INFO - DAG(s) 'example_sla_dag' retrieved from /home/airflow/.local/lib/python3.12/site-packages/airflow/example_dags/example_sla_dag.py
[2024-04-09T08:40:49.830+0000] {logging_mixin.py:188} INFO - [2024-04-09T08:40:49.830+0000] {dag.py:3096} INFO - Sync 1 DAGs
[2024-04-09T08:40:49.844+0000] {logging_mixin.py:188} INFO - [2024-04-09T08:40:49.844+0000] {dag.py:3954} INFO - Setting next_dagrun for example_sla_dag to 2024-04-09 08:38:00+00:00, run_after=2024-04-09 08:40:00+00:00
[2024-04-09T08:40:49.855+0000] {processor.py:183} INFO - Processing /home/airflow/.local/lib/python3.12/site-packages/airflow/example_dags/example_sla_dag.py took 0.044 seconds
[2024-04-09T08:41:20.599+0000] {processor.py:161} INFO - Started process (PID=1982) to work on /home/airflow/.local/lib/python3.12/site-packages/airflow/example_dags/example_sla_dag.py
[2024-04-09T08:41:20.599+0000] {processor.py:830} INFO - Processing file /home/airflow/.local/lib/python3.12/site-packages/airflow/example_dags/example_sla_dag.py for tasks to queue
[2024-04-09T08:41:20.600+0000] {logging_mixin.py:188} INFO - [2024-04-09T08:41:20.600+0000] {dagbag.py:540} INFO - Filling up the DagBag from /home/airflow/.local/lib/python3.12/site-packages/airflow/example_dags/example_sla_dag.py
[2024-04-09T08:41:20.605+0000] {processor.py:840} INFO - DAG(s) 'example_sla_dag' retrieved from /home/airflow/.local/lib/python3.12/site-packages/airflow/example_dags/example_sla_dag.py
[2024-04-09T08:41:20.615+0000] {logging_mixin.py:188} INFO - [2024-04-09T08:41:20.615+0000] {dag.py:3096} INFO - Sync 1 DAGs
[2024-04-09T08:41:20.629+0000] {logging_mixin.py:188} INFO - [2024-04-09T08:41:20.629+0000] {dag.py:3954} INFO - Setting next_dagrun for example_sla_dag to 2024-04-09 08:38:00+00:00, run_after=2024-04-09 08:40:00+00:00
[2024-04-09T08:41:20.640+0000] {processor.py:183} INFO - Processing /home/airflow/.local/lib/python3.12/site-packages/airflow/example_dags/example_sla_dag.py took 0.044 seconds
[2024-04-09T08:41:51.219+0000] {processor.py:161} INFO - Started process (PID=2040) to work on /home/airflow/.local/lib/python3.12/site-packages/airflow/example_dags/example_sla_dag.py
[2024-04-09T08:41:51.220+0000] {processor.py:830} INFO - Processing file /home/airflow/.local/lib/python3.12/site-packages/airflow/example_dags/example_sla_dag.py for tasks to queue
[2024-04-09T08:41:51.221+0000] {logging_mixin.py:188} INFO - [2024-04-09T08:41:51.221+0000] {dagbag.py:540} INFO - Filling up the DagBag from /home/airflow/.local/lib/python3.12/site-packages/airflow/example_dags/example_sla_dag.py
[2024-04-09T08:41:51.225+0000] {processor.py:840} INFO - DAG(s) 'example_sla_dag' retrieved from /home/airflow/.local/lib/python3.12/site-packages/airflow/example_dags/example_sla_dag.py
[2024-04-09T08:41:51.236+0000] {logging_mixin.py:188} INFO - [2024-04-09T08:41:51.236+0000] {dag.py:3096} INFO - Sync 1 DAGs
[2024-04-09T08:41:51.249+0000] {logging_mixin.py:188} INFO - [2024-04-09T08:41:51.249+0000] {dag.py:3954} INFO - Setting next_dagrun for example_sla_dag to 2024-04-09 08:38:00+00:00, run_after=2024-04-09 08:40:00+00:00
[2024-04-09T08:41:51.261+0000] {processor.py:183} INFO - Processing /home/airflow/.local/lib/python3.12/site-packages/airflow/example_dags/example_sla_dag.py took 0.045 seconds
[2024-04-09T08:42:21.844+0000] {processor.py:161} INFO - Started process (PID=2098) to work on /home/airflow/.local/lib/python3.12/site-packages/airflow/example_dags/example_sla_dag.py
[2024-04-09T08:42:21.844+0000] {processor.py:830} INFO - Processing file /home/airflow/.local/lib/python3.12/site-packages/airflow/example_dags/example_sla_dag.py for tasks to queue
[2024-04-09T08:42:21.845+0000] {logging_mixin.py:188} INFO - [2024-04-09T08:42:21.845+0000] {dagbag.py:540} INFO - Filling up the DagBag from /home/airflow/.local/lib/python3.12/site-packages/airflow/example_dags/example_sla_dag.py
[2024-04-09T08:42:21.850+0000] {processor.py:840} INFO - DAG(s) 'example_sla_dag' retrieved from /home/airflow/.local/lib/python3.12/site-packages/airflow/example_dags/example_sla_dag.py
[2024-04-09T08:42:21.860+0000] {logging_mixin.py:188} INFO - [2024-04-09T08:42:21.860+0000] {dag.py:3096} INFO - Sync 1 DAGs
[2024-04-09T08:42:21.875+0000] {logging_mixin.py:188} INFO - [2024-04-09T08:42:21.874+0000] {dag.py:3954} INFO - Setting next_dagrun for example_sla_dag to 2024-04-09 08:40:00+00:00, run_after=2024-04-09 08:42:00+00:00
[2024-04-09T08:42:21.884+0000] {processor.py:183} INFO - Processing /home/airflow/.local/lib/python3.12/site-packages/airflow/example_dags/example_sla_dag.py took 0.043 seconds
[2024-04-09T08:42:52.585+0000] {processor.py:161} INFO - Started process (PID=2156) to work on /home/airflow/.local/lib/python3.12/site-packages/airflow/example_dags/example_sla_dag.py
[2024-04-09T08:42:52.585+0000] {processor.py:830} INFO - Processing file /home/airflow/.local/lib/python3.12/site-packages/airflow/example_dags/example_sla_dag.py for tasks to queue
[2024-04-09T08:42:52.586+0000] {logging_mixin.py:188} INFO - [2024-04-09T08:42:52.586+0000] {dagbag.py:540} INFO - Filling up the DagBag from /home/airflow/.local/lib/python3.12/site-packages/airflow/example_dags/example_sla_dag.py
[2024-04-09T08:42:52.591+0000] {processor.py:840} INFO - DAG(s) 'example_sla_dag' retrieved from /home/airflow/.local/lib/python3.12/site-packages/airflow/example_dags/example_sla_dag.py
[2024-04-09T08:42:52.601+0000] {logging_mixin.py:188} INFO - [2024-04-09T08:42:52.601+0000] {dag.py:3096} INFO - Sync 1 DAGs
[2024-04-09T08:42:52.615+0000] {logging_mixin.py:188} INFO - [2024-04-09T08:42:52.615+0000] {dag.py:3954} INFO - Setting next_dagrun for example_sla_dag to 2024-04-09 08:40:00+00:00, run_after=2024-04-09 08:42:00+00:00
[2024-04-09T08:42:52.626+0000] {processor.py:183} INFO - Processing /home/airflow/.local/lib/python3.12/site-packages/airflow/example_dags/example_sla_dag.py took 0.045 seconds
[2024-04-09T08:43:23.238+0000] {processor.py:161} INFO - Started process (PID=2214) to work on /home/airflow/.local/lib/python3.12/site-packages/airflow/example_dags/example_sla_dag.py
[2024-04-09T08:43:23.238+0000] {processor.py:830} INFO - Processing file /home/airflow/.local/lib/python3.12/site-packages/airflow/example_dags/example_sla_dag.py for tasks to queue
[2024-04-09T08:43:23.239+0000] {logging_mixin.py:188} INFO - [2024-04-09T08:43:23.239+0000] {dagbag.py:540} INFO - Filling up the DagBag from /home/airflow/.local/lib/python3.12/site-packages/airflow/example_dags/example_sla_dag.py
[2024-04-09T08:43:23.244+0000] {processor.py:840} INFO - DAG(s) 'example_sla_dag' retrieved from /home/airflow/.local/lib/python3.12/site-packages/airflow/example_dags/example_sla_dag.py
[2024-04-09T08:43:23.254+0000] {logging_mixin.py:188} INFO - [2024-04-09T08:43:23.253+0000] {dag.py:3096} INFO - Sync 1 DAGs
[2024-04-09T08:43:23.268+0000] {logging_mixin.py:188} INFO - [2024-04-09T08:43:23.268+0000] {dag.py:3954} INFO - Setting next_dagrun for example_sla_dag to 2024-04-09 08:40:00+00:00, run_after=2024-04-09 08:42:00+00:00
[2024-04-09T08:43:23.279+0000] {processor.py:183} INFO - Processing /home/airflow/.local/lib/python3.12/site-packages/airflow/example_dags/example_sla_dag.py took 0.044 seconds
[2024-04-09T08:43:53.924+0000] {processor.py:161} INFO - Started process (PID=2272) to work on /home/airflow/.local/lib/python3.12/site-packages/airflow/example_dags/example_sla_dag.py
[2024-04-09T08:43:53.924+0000] {processor.py:830} INFO - Processing file /home/airflow/.local/lib/python3.12/site-packages/airflow/example_dags/example_sla_dag.py for tasks to queue
[2024-04-09T08:43:53.925+0000] {logging_mixin.py:188} INFO - [2024-04-09T08:43:53.925+0000] {dagbag.py:540} INFO - Filling up the DagBag from /home/airflow/.local/lib/python3.12/site-packages/airflow/example_dags/example_sla_dag.py
[2024-04-09T08:43:53.930+0000] {processor.py:840} INFO - DAG(s) 'example_sla_dag' retrieved from /home/airflow/.local/lib/python3.12/site-packages/airflow/example_dags/example_sla_dag.py
[2024-04-09T08:43:53.940+0000] {logging_mixin.py:188} INFO - [2024-04-09T08:43:53.940+0000] {dag.py:3096} INFO - Sync 1 DAGs
[2024-04-09T08:43:53.954+0000] {logging_mixin.py:188} INFO - [2024-04-09T08:43:53.954+0000] {dag.py:3954} INFO - Setting next_dagrun for example_sla_dag to 2024-04-09 08:40:00+00:00, run_after=2024-04-09 08:42:00+00:00
[2024-04-09T08:43:53.965+0000] {processor.py:183} INFO - Processing /home/airflow/.local/lib/python3.12/site-packages/airflow/example_dags/example_sla_dag.py took 0.045 seconds
[2024-04-09T08:44:24.669+0000] {processor.py:161} INFO - Started process (PID=2330) to work on /home/airflow/.local/lib/python3.12/site-packages/airflow/example_dags/example_sla_dag.py
[2024-04-09T08:44:24.669+0000] {processor.py:830} INFO - Processing file /home/airflow/.local/lib/python3.12/site-packages/airflow/example_dags/example_sla_dag.py for tasks to queue
[2024-04-09T08:44:24.670+0000] {logging_mixin.py:188} INFO - [2024-04-09T08:44:24.670+0000] {dagbag.py:540} INFO - Filling up the DagBag from /home/airflow/.local/lib/python3.12/site-packages/airflow/example_dags/example_sla_dag.py
[2024-04-09T08:44:24.675+0000] {processor.py:840} INFO - DAG(s) 'example_sla_dag' retrieved from /home/airflow/.local/lib/python3.12/site-packages/airflow/example_dags/example_sla_dag.py
[2024-04-09T08:44:24.686+0000] {logging_mixin.py:188} INFO - [2024-04-09T08:44:24.685+0000] {dag.py:3096} INFO - Sync 1 DAGs
[2024-04-09T08:44:24.701+0000] {logging_mixin.py:188} INFO - [2024-04-09T08:44:24.700+0000] {dag.py:3954} INFO - Setting next_dagrun for example_sla_dag to 2024-04-09 08:42:00+00:00, run_after=2024-04-09 08:44:00+00:00
[2024-04-09T08:44:24.712+0000] {processor.py:183} INFO - Processing /home/airflow/.local/lib/python3.12/site-packages/airflow/example_dags/example_sla_dag.py took 0.047 seconds
[2024-04-09T08:44:55.410+0000] {processor.py:161} INFO - Started process (PID=2388) to work on /home/airflow/.local/lib/python3.12/site-packages/airflow/example_dags/example_sla_dag.py
[2024-04-09T08:44:55.410+0000] {processor.py:830} INFO - Processing file /home/airflow/.local/lib/python3.12/site-packages/airflow/example_dags/example_sla_dag.py for tasks to queue
[2024-04-09T08:44:55.411+0000] {logging_mixin.py:188} INFO - [2024-04-09T08:44:55.411+0000] {dagbag.py:540} INFO - Filling up the DagBag from /home/airflow/.local/lib/python3.12/site-packages/airflow/example_dags/example_sla_dag.py
[2024-04-09T08:44:55.415+0000] {processor.py:840} INFO - DAG(s) 'example_sla_dag' retrieved from /home/airflow/.local/lib/python3.12/site-packages/airflow/example_dags/example_sla_dag.py
[2024-04-09T08:44:55.427+0000] {logging_mixin.py:188} INFO - [2024-04-09T08:44:55.426+0000] {dag.py:3096} INFO - Sync 1 DAGs
[2024-04-09T08:44:55.443+0000] {logging_mixin.py:188} INFO - [2024-04-09T08:44:55.443+0000] {dag.py:3954} INFO - Setting next_dagrun for example_sla_dag to 2024-04-09 08:42:00+00:00, run_after=2024-04-09 08:44:00+00:00
[2024-04-09T08:44:55.455+0000] {processor.py:183} INFO - Processing /home/airflow/.local/lib/python3.12/site-packages/airflow/example_dags/example_sla_dag.py took 0.049 seconds
[2024-04-09T08:45:26.169+0000] {processor.py:161} INFO - Started process (PID=2446) to work on /home/airflow/.local/lib/python3.12/site-packages/airflow/example_dags/example_sla_dag.py
[2024-04-09T08:45:26.170+0000] {processor.py:830} INFO - Processing file /home/airflow/.local/lib/python3.12/site-packages/airflow/example_dags/example_sla_dag.py for tasks to queue
[2024-04-09T08:45:26.171+0000] {logging_mixin.py:188} INFO - [2024-04-09T08:45:26.171+0000] {dagbag.py:540} INFO - Filling up the DagBag from /home/airflow/.local/lib/python3.12/site-packages/airflow/example_dags/example_sla_dag.py
[2024-04-09T08:45:26.177+0000] {processor.py:840} INFO - DAG(s) 'example_sla_dag' retrieved from /home/airflow/.local/lib/python3.12/site-packages/airflow/example_dags/example_sla_dag.py
[2024-04-09T08:45:26.188+0000] {logging_mixin.py:188} INFO - [2024-04-09T08:45:26.188+0000] {dag.py:3096} INFO - Sync 1 DAGs
[2024-04-09T08:45:26.203+0000] {logging_mixin.py:188} INFO - [2024-04-09T08:45:26.203+0000] {dag.py:3954} INFO - Setting next_dagrun for example_sla_dag to 2024-04-09 08:42:00+00:00, run_after=2024-04-09 08:44:00+00:00
[2024-04-09T08:45:26.215+0000] {processor.py:183} INFO - Processing /home/airflow/.local/lib/python3.12/site-packages/airflow/example_dags/example_sla_dag.py took 0.049 seconds
[2024-04-09T08:45:56.829+0000] {processor.py:161} INFO - Started process (PID=2504) to work on /home/airflow/.local/lib/python3.12/site-packages/airflow/example_dags/example_sla_dag.py
[2024-04-09T08:45:56.830+0000] {processor.py:830} INFO - Processing file /home/airflow/.local/lib/python3.12/site-packages/airflow/example_dags/example_sla_dag.py for tasks to queue
[2024-04-09T08:45:56.830+0000] {logging_mixin.py:188} INFO - [2024-04-09T08:45:56.830+0000] {dagbag.py:540} INFO - Filling up the DagBag from /home/airflow/.local/lib/python3.12/site-packages/airflow/example_dags/example_sla_dag.py
[2024-04-09T08:45:56.835+0000] {processor.py:840} INFO - DAG(s) 'example_sla_dag' retrieved from /home/airflow/.local/lib/python3.12/site-packages/airflow/example_dags/example_sla_dag.py
[2024-04-09T08:45:56.846+0000] {logging_mixin.py:188} INFO - [2024-04-09T08:45:56.846+0000] {dag.py:3096} INFO - Sync 1 DAGs
[2024-04-09T08:45:56.860+0000] {logging_mixin.py:188} INFO - [2024-04-09T08:45:56.859+0000] {dag.py:3954} INFO - Setting next_dagrun for example_sla_dag to 2024-04-09 08:42:00+00:00, run_after=2024-04-09 08:44:00+00:00
[2024-04-09T08:45:56.869+0000] {processor.py:183} INFO - Processing /home/airflow/.local/lib/python3.12/site-packages/airflow/example_dags/example_sla_dag.py took 0.043 seconds
[2024-04-09T08:46:27.533+0000] {processor.py:161} INFO - Started process (PID=2562) to work on /home/airflow/.local/lib/python3.12/site-packages/airflow/example_dags/example_sla_dag.py
[2024-04-09T08:46:27.533+0000] {processor.py:830} INFO - Processing file /home/airflow/.local/lib/python3.12/site-packages/airflow/example_dags/example_sla_dag.py for tasks to queue
[2024-04-09T08:46:27.534+0000] {logging_mixin.py:188} INFO - [2024-04-09T08:46:27.534+0000] {dagbag.py:540} INFO - Filling up the DagBag from /home/airflow/.local/lib/python3.12/site-packages/airflow/example_dags/example_sla_dag.py
[2024-04-09T08:46:27.538+0000] {processor.py:840} INFO - DAG(s) 'example_sla_dag' retrieved from /home/airflow/.local/lib/python3.12/site-packages/airflow/example_dags/example_sla_dag.py
[2024-04-09T08:46:27.550+0000] {logging_mixin.py:188} INFO - [2024-04-09T08:46:27.550+0000] {dag.py:3096} INFO - Sync 1 DAGs
[2024-04-09T08:46:27.565+0000] {logging_mixin.py:188} INFO - [2024-04-09T08:46:27.564+0000] {dag.py:3954} INFO - Setting next_dagrun for example_sla_dag to 2024-04-09 08:44:00+00:00, run_after=2024-04-09 08:46:00+00:00
[2024-04-09T08:46:27.575+0000] {processor.py:183} INFO - Processing /home/airflow/.local/lib/python3.12/site-packages/airflow/example_dags/example_sla_dag.py took 0.045 seconds
[2024-04-09T08:46:58.139+0000] {processor.py:161} INFO - Started process (PID=2620) to work on /home/airflow/.local/lib/python3.12/site-packages/airflow/example_dags/example_sla_dag.py
[2024-04-09T08:46:58.139+0000] {processor.py:830} INFO - Processing file /home/airflow/.local/lib/python3.12/site-packages/airflow/example_dags/example_sla_dag.py for tasks to queue
[2024-04-09T08:46:58.140+0000] {logging_mixin.py:188} INFO - [2024-04-09T08:46:58.140+0000] {dagbag.py:540} INFO - Filling up the DagBag from /home/airflow/.local/lib/python3.12/site-packages/airflow/example_dags/example_sla_dag.py
[2024-04-09T08:46:58.145+0000] {processor.py:840} INFO - DAG(s) 'example_sla_dag' retrieved from /home/airflow/.local/lib/python3.12/site-packages/airflow/example_dags/example_sla_dag.py
[2024-04-09T08:46:58.158+0000] {logging_mixin.py:188} INFO - [2024-04-09T08:46:58.157+0000] {dag.py:3096} INFO - Sync 1 DAGs
[2024-04-09T08:46:58.173+0000] {logging_mixin.py:188} INFO - [2024-04-09T08:46:58.173+0000] {dag.py:3954} INFO - Setting next_dagrun for example_sla_dag to 2024-04-09 08:44:00+00:00, run_after=2024-04-09 08:46:00+00:00
[2024-04-09T08:46:58.183+0000] {processor.py:183} INFO - Processing /home/airflow/.local/lib/python3.12/site-packages/airflow/example_dags/example_sla_dag.py took 0.048 seconds
[2024-04-09T08:47:28.740+0000] {processor.py:161} INFO - Started process (PID=2678) to work on /home/airflow/.local/lib/python3.12/site-packages/airflow/example_dags/example_sla_dag.py
[2024-04-09T08:47:28.741+0000] {processor.py:830} INFO - Processing file /home/airflow/.local/lib/python3.12/site-packages/airflow/example_dags/example_sla_dag.py for tasks to queue
[2024-04-09T08:47:28.742+0000] {logging_mixin.py:188} INFO - [2024-04-09T08:47:28.741+0000] {dagbag.py:540} INFO - Filling up the DagBag from /home/airflow/.local/lib/python3.12/site-packages/airflow/example_dags/example_sla_dag.py
[2024-04-09T08:47:28.747+0000] {processor.py:840} INFO - DAG(s) 'example_sla_dag' retrieved from /home/airflow/.local/lib/python3.12/site-packages/airflow/example_dags/example_sla_dag.py
[2024-04-09T08:47:28.757+0000] {logging_mixin.py:188} INFO - [2024-04-09T08:47:28.756+0000] {dag.py:3096} INFO - Sync 1 DAGs
[2024-04-09T08:47:28.771+0000] {logging_mixin.py:188} INFO - [2024-04-09T08:47:28.770+0000] {dag.py:3954} INFO - Setting next_dagrun for example_sla_dag to 2024-04-09 08:44:00+00:00, run_after=2024-04-09 08:46:00+00:00
[2024-04-09T08:47:28.781+0000] {processor.py:183} INFO - Processing /home/airflow/.local/lib/python3.12/site-packages/airflow/example_dags/example_sla_dag.py took 0.043 seconds
[2024-04-09T08:47:59.380+0000] {processor.py:161} INFO - Started process (PID=2736) to work on /home/airflow/.local/lib/python3.12/site-packages/airflow/example_dags/example_sla_dag.py
[2024-04-09T08:47:59.380+0000] {processor.py:830} INFO - Processing file /home/airflow/.local/lib/python3.12/site-packages/airflow/example_dags/example_sla_dag.py for tasks to queue
[2024-04-09T08:47:59.381+0000] {logging_mixin.py:188} INFO - [2024-04-09T08:47:59.381+0000] {dagbag.py:540} INFO - Filling up the DagBag from /home/airflow/.local/lib/python3.12/site-packages/airflow/example_dags/example_sla_dag.py
[2024-04-09T08:47:59.386+0000] {processor.py:840} INFO - DAG(s) 'example_sla_dag' retrieved from /home/airflow/.local/lib/python3.12/site-packages/airflow/example_dags/example_sla_dag.py
[2024-04-09T08:47:59.396+0000] {logging_mixin.py:188} INFO - [2024-04-09T08:47:59.396+0000] {dag.py:3096} INFO - Sync 1 DAGs
[2024-04-09T08:47:59.410+0000] {logging_mixin.py:188} INFO - [2024-04-09T08:47:59.410+0000] {dag.py:3954} INFO - Setting next_dagrun for example_sla_dag to 2024-04-09 08:44:00+00:00, run_after=2024-04-09 08:46:00+00:00
[2024-04-09T08:47:59.420+0000] {processor.py:183} INFO - Processing /home/airflow/.local/lib/python3.12/site-packages/airflow/example_dags/example_sla_dag.py took 0.044 seconds
[2024-04-09T08:48:30.098+0000] {processor.py:161} INFO - Started process (PID=2794) to work on /home/airflow/.local/lib/python3.12/site-packages/airflow/example_dags/example_sla_dag.py
[2024-04-09T08:48:30.098+0000] {processor.py:830} INFO - Processing file /home/airflow/.local/lib/python3.12/site-packages/airflow/example_dags/example_sla_dag.py for tasks to queue
[2024-04-09T08:48:30.099+0000] {logging_mixin.py:188} INFO - [2024-04-09T08:48:30.099+0000] {dagbag.py:540} INFO - Filling up the DagBag from /home/airflow/.local/lib/python3.12/site-packages/airflow/example_dags/example_sla_dag.py
[2024-04-09T08:48:30.104+0000] {processor.py:840} INFO - DAG(s) 'example_sla_dag' retrieved from /home/airflow/.local/lib/python3.12/site-packages/airflow/example_dags/example_sla_dag.py
[2024-04-09T08:48:30.114+0000] {logging_mixin.py:188} INFO - [2024-04-09T08:48:30.114+0000] {dag.py:3096} INFO - Sync 1 DAGs
[2024-04-09T08:48:30.128+0000] {logging_mixin.py:188} INFO - [2024-04-09T08:48:30.128+0000] {dag.py:3954} INFO - Setting next_dagrun for example_sla_dag to 2024-04-09 08:46:00+00:00, run_after=2024-04-09 08:48:00+00:00
[2024-04-09T08:48:30.138+0000] {processor.py:183} INFO - Processing /home/airflow/.local/lib/python3.12/site-packages/airflow/example_dags/example_sla_dag.py took 0.044 seconds
[2024-04-09T08:49:00.650+0000] {processor.py:161} INFO - Started process (PID=2852) to work on /home/airflow/.local/lib/python3.12/site-packages/airflow/example_dags/example_sla_dag.py
[2024-04-09T08:49:00.651+0000] {processor.py:830} INFO - Processing file /home/airflow/.local/lib/python3.12/site-packages/airflow/example_dags/example_sla_dag.py for tasks to queue
[2024-04-09T08:49:00.652+0000] {logging_mixin.py:188} INFO - [2024-04-09T08:49:00.652+0000] {dagbag.py:540} INFO - Filling up the DagBag from /home/airflow/.local/lib/python3.12/site-packages/airflow/example_dags/example_sla_dag.py
[2024-04-09T08:49:00.656+0000] {processor.py:840} INFO - DAG(s) 'example_sla_dag' retrieved from /home/airflow/.local/lib/python3.12/site-packages/airflow/example_dags/example_sla_dag.py
[2024-04-09T08:49:00.666+0000] {logging_mixin.py:188} INFO - [2024-04-09T08:49:00.666+0000] {dag.py:3096} INFO - Sync 1 DAGs
[2024-04-09T08:49:00.680+0000] {logging_mixin.py:188} INFO - [2024-04-09T08:49:00.680+0000] {dag.py:3954} INFO - Setting next_dagrun for example_sla_dag to 2024-04-09 08:46:00+00:00, run_after=2024-04-09 08:48:00+00:00
[2024-04-09T08:49:00.690+0000] {processor.py:183} INFO - Processing /home/airflow/.local/lib/python3.12/site-packages/airflow/example_dags/example_sla_dag.py took 0.043 seconds
[2024-04-09T08:49:31.294+0000] {processor.py:161} INFO - Started process (PID=2910) to work on /home/airflow/.local/lib/python3.12/site-packages/airflow/example_dags/example_sla_dag.py
[2024-04-09T08:49:31.295+0000] {processor.py:830} INFO - Processing file /home/airflow/.local/lib/python3.12/site-packages/airflow/example_dags/example_sla_dag.py for tasks to queue
[2024-04-09T08:49:31.296+0000] {logging_mixin.py:188} INFO - [2024-04-09T08:49:31.295+0000] {dagbag.py:540} INFO - Filling up the DagBag from /home/airflow/.local/lib/python3.12/site-packages/airflow/example_dags/example_sla_dag.py
[2024-04-09T08:49:31.300+0000] {processor.py:840} INFO - DAG(s) 'example_sla_dag' retrieved from /home/airflow/.local/lib/python3.12/site-packages/airflow/example_dags/example_sla_dag.py
[2024-04-09T08:49:31.310+0000] {logging_mixin.py:188} INFO - [2024-04-09T08:49:31.310+0000] {dag.py:3096} INFO - Sync 1 DAGs
[2024-04-09T08:49:31.324+0000] {logging_mixin.py:188} INFO - [2024-04-09T08:49:31.324+0000] {dag.py:3954} INFO - Setting next_dagrun for example_sla_dag to 2024-04-09 08:46:00+00:00, run_after=2024-04-09 08:48:00+00:00
[2024-04-09T08:49:31.334+0000] {processor.py:183} INFO - Processing /home/airflow/.local/lib/python3.12/site-packages/airflow/example_dags/example_sla_dag.py took 0.043 seconds
[2024-04-09T08:50:02.045+0000] {processor.py:161} INFO - Started process (PID=2968) to work on /home/airflow/.local/lib/python3.12/site-packages/airflow/example_dags/example_sla_dag.py
[2024-04-09T08:50:02.046+0000] {processor.py:830} INFO - Processing file /home/airflow/.local/lib/python3.12/site-packages/airflow/example_dags/example_sla_dag.py for tasks to queue
[2024-04-09T08:50:02.047+0000] {logging_mixin.py:188} INFO - [2024-04-09T08:50:02.047+0000] {dagbag.py:540} INFO - Filling up the DagBag from /home/airflow/.local/lib/python3.12/site-packages/airflow/example_dags/example_sla_dag.py
[2024-04-09T08:50:02.055+0000] {processor.py:840} INFO - DAG(s) 'example_sla_dag' retrieved from /home/airflow/.local/lib/python3.12/site-packages/airflow/example_dags/example_sla_dag.py
[2024-04-09T08:50:02.069+0000] {logging_mixin.py:188} INFO - [2024-04-09T08:50:02.069+0000] {dag.py:3096} INFO - Sync 1 DAGs
[2024-04-09T08:50:02.090+0000] {logging_mixin.py:188} INFO - [2024-04-09T08:50:02.089+0000] {dag.py:3954} INFO - Setting next_dagrun for example_sla_dag to 2024-04-09 08:48:00+00:00, run_after=2024-04-09 08:50:00+00:00
[2024-04-09T08:50:02.101+0000] {processor.py:183} INFO - Processing /home/airflow/.local/lib/python3.12/site-packages/airflow/example_dags/example_sla_dag.py took 0.062 seconds
[2024-04-09T08:50:32.707+0000] {processor.py:161} INFO - Started process (PID=3026) to work on /home/airflow/.local/lib/python3.12/site-packages/airflow/example_dags/example_sla_dag.py
[2024-04-09T08:50:32.708+0000] {processor.py:830} INFO - Processing file /home/airflow/.local/lib/python3.12/site-packages/airflow/example_dags/example_sla_dag.py for tasks to queue
[2024-04-09T08:50:32.708+0000] {logging_mixin.py:188} INFO - [2024-04-09T08:50:32.708+0000] {dagbag.py:540} INFO - Filling up the DagBag from /home/airflow/.local/lib/python3.12/site-packages/airflow/example_dags/example_sla_dag.py
[2024-04-09T08:50:32.713+0000] {processor.py:840} INFO - DAG(s) 'example_sla_dag' retrieved from /home/airflow/.local/lib/python3.12/site-packages/airflow/example_dags/example_sla_dag.py
[2024-04-09T08:50:32.723+0000] {logging_mixin.py:188} INFO - [2024-04-09T08:50:32.723+0000] {dag.py:3096} INFO - Sync 1 DAGs
[2024-04-09T08:50:32.736+0000] {logging_mixin.py:188} INFO - [2024-04-09T08:50:32.736+0000] {dag.py:3954} INFO - Setting next_dagrun for example_sla_dag to 2024-04-09 08:48:00+00:00, run_after=2024-04-09 08:50:00+00:00
[2024-04-09T08:50:32.746+0000] {processor.py:183} INFO - Processing /home/airflow/.local/lib/python3.12/site-packages/airflow/example_dags/example_sla_dag.py took 0.042 seconds
[2024-04-09T08:51:03.249+0000] {processor.py:161} INFO - Started process (PID=3084) to work on /home/airflow/.local/lib/python3.12/site-packages/airflow/example_dags/example_sla_dag.py
[2024-04-09T08:51:03.249+0000] {processor.py:830} INFO - Processing file /home/airflow/.local/lib/python3.12/site-packages/airflow/example_dags/example_sla_dag.py for tasks to queue
[2024-04-09T08:51:03.250+0000] {logging_mixin.py:188} INFO - [2024-04-09T08:51:03.250+0000] {dagbag.py:540} INFO - Filling up the DagBag from /home/airflow/.local/lib/python3.12/site-packages/airflow/example_dags/example_sla_dag.py
[2024-04-09T08:51:03.255+0000] {processor.py:840} INFO - DAG(s) 'example_sla_dag' retrieved from /home/airflow/.local/lib/python3.12/site-packages/airflow/example_dags/example_sla_dag.py
[2024-04-09T08:51:03.265+0000] {logging_mixin.py:188} INFO - [2024-04-09T08:51:03.265+0000] {dag.py:3096} INFO - Sync 1 DAGs
[2024-04-09T08:51:03.279+0000] {logging_mixin.py:188} INFO - [2024-04-09T08:51:03.279+0000] {dag.py:3954} INFO - Setting next_dagrun for example_sla_dag to 2024-04-09 08:48:00+00:00, run_after=2024-04-09 08:50:00+00:00
[2024-04-09T08:51:03.289+0000] {processor.py:183} INFO - Processing /home/airflow/.local/lib/python3.12/site-packages/airflow/example_dags/example_sla_dag.py took 0.043 seconds
[2024-04-09T08:51:33.825+0000] {processor.py:161} INFO - Started process (PID=3142) to work on /home/airflow/.local/lib/python3.12/site-packages/airflow/example_dags/example_sla_dag.py
[2024-04-09T08:51:33.826+0000] {processor.py:830} INFO - Processing file /home/airflow/.local/lib/python3.12/site-packages/airflow/example_dags/example_sla_dag.py for tasks to queue
[2024-04-09T08:51:33.826+0000] {logging_mixin.py:188} INFO - [2024-04-09T08:51:33.826+0000] {dagbag.py:540} INFO - Filling up the DagBag from /home/airflow/.local/lib/python3.12/site-packages/airflow/example_dags/example_sla_dag.py
[2024-04-09T08:51:33.831+0000] {processor.py:840} INFO - DAG(s) 'example_sla_dag' retrieved from /home/airflow/.local/lib/python3.12/site-packages/airflow/example_dags/example_sla_dag.py
[2024-04-09T08:51:33.842+0000] {logging_mixin.py:188} INFO - [2024-04-09T08:51:33.841+0000] {dag.py:3096} INFO - Sync 1 DAGs
[2024-04-09T08:51:33.856+0000] {logging_mixin.py:188} INFO - [2024-04-09T08:51:33.856+0000] {dag.py:3954} INFO - Setting next_dagrun for example_sla_dag to 2024-04-09 08:48:00+00:00, run_after=2024-04-09 08:50:00+00:00
[2024-04-09T08:51:33.866+0000] {processor.py:183} INFO - Processing /home/airflow/.local/lib/python3.12/site-packages/airflow/example_dags/example_sla_dag.py took 0.044 seconds
[2024-04-09T08:52:04.367+0000] {processor.py:161} INFO - Started process (PID=3200) to work on /home/airflow/.local/lib/python3.12/site-packages/airflow/example_dags/example_sla_dag.py
[2024-04-09T08:52:04.368+0000] {processor.py:830} INFO - Processing file /home/airflow/.local/lib/python3.12/site-packages/airflow/example_dags/example_sla_dag.py for tasks to queue
[2024-04-09T08:52:04.369+0000] {logging_mixin.py:188} INFO - [2024-04-09T08:52:04.369+0000] {dagbag.py:540} INFO - Filling up the DagBag from /home/airflow/.local/lib/python3.12/site-packages/airflow/example_dags/example_sla_dag.py
[2024-04-09T08:52:04.373+0000] {processor.py:840} INFO - DAG(s) 'example_sla_dag' retrieved from /home/airflow/.local/lib/python3.12/site-packages/airflow/example_dags/example_sla_dag.py
[2024-04-09T08:52:04.383+0000] {logging_mixin.py:188} INFO - [2024-04-09T08:52:04.383+0000] {dag.py:3096} INFO - Sync 1 DAGs
[2024-04-09T08:52:04.397+0000] {logging_mixin.py:188} INFO - [2024-04-09T08:52:04.397+0000] {dag.py:3954} INFO - Setting next_dagrun for example_sla_dag to 2024-04-09 08:50:00+00:00, run_after=2024-04-09 08:52:00+00:00
[2024-04-09T08:52:04.407+0000] {processor.py:183} INFO - Processing /home/airflow/.local/lib/python3.12/site-packages/airflow/example_dags/example_sla_dag.py took 0.043 seconds
[2024-04-09T08:52:34.987+0000] {processor.py:161} INFO - Started process (PID=3258) to work on /home/airflow/.local/lib/python3.12/site-packages/airflow/example_dags/example_sla_dag.py
[2024-04-09T08:52:34.988+0000] {processor.py:830} INFO - Processing file /home/airflow/.local/lib/python3.12/site-packages/airflow/example_dags/example_sla_dag.py for tasks to queue
[2024-04-09T08:52:34.988+0000] {logging_mixin.py:188} INFO - [2024-04-09T08:52:34.988+0000] {dagbag.py:540} INFO - Filling up the DagBag from /home/airflow/.local/lib/python3.12/site-packages/airflow/example_dags/example_sla_dag.py
[2024-04-09T08:52:34.993+0000] {processor.py:840} INFO - DAG(s) 'example_sla_dag' retrieved from /home/airflow/.local/lib/python3.12/site-packages/airflow/example_dags/example_sla_dag.py
[2024-04-09T08:52:35.003+0000] {logging_mixin.py:188} INFO - [2024-04-09T08:52:35.003+0000] {dag.py:3096} INFO - Sync 1 DAGs
[2024-04-09T08:52:35.017+0000] {logging_mixin.py:188} INFO - [2024-04-09T08:52:35.017+0000] {dag.py:3954} INFO - Setting next_dagrun for example_sla_dag to 2024-04-09 08:50:00+00:00, run_after=2024-04-09 08:52:00+00:00
[2024-04-09T08:52:35.028+0000] {processor.py:183} INFO - Processing /home/airflow/.local/lib/python3.12/site-packages/airflow/example_dags/example_sla_dag.py took 0.044 seconds
[2024-04-09T08:53:05.653+0000] {processor.py:161} INFO - Started process (PID=3316) to work on /home/airflow/.local/lib/python3.12/site-packages/airflow/example_dags/example_sla_dag.py
[2024-04-09T08:53:05.653+0000] {processor.py:830} INFO - Processing file /home/airflow/.local/lib/python3.12/site-packages/airflow/example_dags/example_sla_dag.py for tasks to queue
[2024-04-09T08:53:05.654+0000] {logging_mixin.py:188} INFO - [2024-04-09T08:53:05.654+0000] {dagbag.py:540} INFO - Filling up the DagBag from /home/airflow/.local/lib/python3.12/site-packages/airflow/example_dags/example_sla_dag.py
[2024-04-09T08:53:05.661+0000] {processor.py:840} INFO - DAG(s) 'example_sla_dag' retrieved from /home/airflow/.local/lib/python3.12/site-packages/airflow/example_dags/example_sla_dag.py
[2024-04-09T08:53:05.676+0000] {logging_mixin.py:188} INFO - [2024-04-09T08:53:05.676+0000] {dag.py:3096} INFO - Sync 1 DAGs
[2024-04-09T08:53:05.692+0000] {logging_mixin.py:188} INFO - [2024-04-09T08:53:05.692+0000] {dag.py:3954} INFO - Setting next_dagrun for example_sla_dag to 2024-04-09 08:50:00+00:00, run_after=2024-04-09 08:52:00+00:00
[2024-04-09T08:53:05.702+0000] {processor.py:183} INFO - Processing /home/airflow/.local/lib/python3.12/site-packages/airflow/example_dags/example_sla_dag.py took 0.052 seconds
[2024-04-09T08:53:35.802+0000] {processor.py:161} INFO - Started process (PID=3374) to work on /home/airflow/.local/lib/python3.12/site-packages/airflow/example_dags/example_sla_dag.py
[2024-04-09T08:53:35.802+0000] {processor.py:830} INFO - Processing file /home/airflow/.local/lib/python3.12/site-packages/airflow/example_dags/example_sla_dag.py for tasks to queue
[2024-04-09T08:53:35.803+0000] {logging_mixin.py:188} INFO - [2024-04-09T08:53:35.803+0000] {dagbag.py:540} INFO - Filling up the DagBag from /home/airflow/.local/lib/python3.12/site-packages/airflow/example_dags/example_sla_dag.py
[2024-04-09T08:53:35.808+0000] {processor.py:840} INFO - DAG(s) 'example_sla_dag' retrieved from /home/airflow/.local/lib/python3.12/site-packages/airflow/example_dags/example_sla_dag.py
[2024-04-09T08:53:35.818+0000] {logging_mixin.py:188} INFO - [2024-04-09T08:53:35.818+0000] {dag.py:3096} INFO - Sync 1 DAGs
[2024-04-09T08:53:35.832+0000] {logging_mixin.py:188} INFO - [2024-04-09T08:53:35.832+0000] {dag.py:3954} INFO - Setting next_dagrun for example_sla_dag to 2024-04-09 08:50:00+00:00, run_after=2024-04-09 08:52:00+00:00
[2024-04-09T08:53:35.844+0000] {processor.py:183} INFO - Processing /home/airflow/.local/lib/python3.12/site-packages/airflow/example_dags/example_sla_dag.py took 0.045 seconds
[2024-04-09T08:54:06.516+0000] {processor.py:161} INFO - Started process (PID=3432) to work on /home/airflow/.local/lib/python3.12/site-packages/airflow/example_dags/example_sla_dag.py
[2024-04-09T08:54:06.517+0000] {processor.py:830} INFO - Processing file /home/airflow/.local/lib/python3.12/site-packages/airflow/example_dags/example_sla_dag.py for tasks to queue
[2024-04-09T08:54:06.518+0000] {logging_mixin.py:188} INFO - [2024-04-09T08:54:06.517+0000] {dagbag.py:540} INFO - Filling up the DagBag from /home/airflow/.local/lib/python3.12/site-packages/airflow/example_dags/example_sla_dag.py
[2024-04-09T08:54:06.522+0000] {processor.py:840} INFO - DAG(s) 'example_sla_dag' retrieved from /home/airflow/.local/lib/python3.12/site-packages/airflow/example_dags/example_sla_dag.py
[2024-04-09T08:54:06.532+0000] {logging_mixin.py:188} INFO - [2024-04-09T08:54:06.532+0000] {dag.py:3096} INFO - Sync 1 DAGs
[2024-04-09T08:54:06.546+0000] {logging_mixin.py:188} INFO - [2024-04-09T08:54:06.546+0000] {dag.py:3954} INFO - Setting next_dagrun for example_sla_dag to 2024-04-09 08:52:00+00:00, run_after=2024-04-09 08:54:00+00:00
[2024-04-09T08:54:06.560+0000] {processor.py:183} INFO - Processing /home/airflow/.local/lib/python3.12/site-packages/airflow/example_dags/example_sla_dag.py took 0.046 seconds
[2024-04-09T08:54:37.178+0000] {processor.py:161} INFO - Started process (PID=3490) to work on /home/airflow/.local/lib/python3.12/site-packages/airflow/example_dags/example_sla_dag.py
[2024-04-09T08:54:37.178+0000] {processor.py:830} INFO - Processing file /home/airflow/.local/lib/python3.12/site-packages/airflow/example_dags/example_sla_dag.py for tasks to queue
[2024-04-09T08:54:37.179+0000] {logging_mixin.py:188} INFO - [2024-04-09T08:54:37.179+0000] {dagbag.py:540} INFO - Filling up the DagBag from /home/airflow/.local/lib/python3.12/site-packages/airflow/example_dags/example_sla_dag.py
[2024-04-09T08:54:37.185+0000] {processor.py:840} INFO - DAG(s) 'example_sla_dag' retrieved from /home/airflow/.local/lib/python3.12/site-packages/airflow/example_dags/example_sla_dag.py
[2024-04-09T08:54:37.195+0000] {logging_mixin.py:188} INFO - [2024-04-09T08:54:37.195+0000] {dag.py:3096} INFO - Sync 1 DAGs
[2024-04-09T08:54:37.210+0000] {logging_mixin.py:188} INFO - [2024-04-09T08:54:37.210+0000] {dag.py:3954} INFO - Setting next_dagrun for example_sla_dag to 2024-04-09 08:52:00+00:00, run_after=2024-04-09 08:54:00+00:00
[2024-04-09T08:54:37.222+0000] {processor.py:183} INFO - Processing /home/airflow/.local/lib/python3.12/site-packages/airflow/example_dags/example_sla_dag.py took 0.047 seconds
[2024-04-09T08:55:07.841+0000] {processor.py:161} INFO - Started process (PID=3548) to work on /home/airflow/.local/lib/python3.12/site-packages/airflow/example_dags/example_sla_dag.py
[2024-04-09T08:55:07.841+0000] {processor.py:830} INFO - Processing file /home/airflow/.local/lib/python3.12/site-packages/airflow/example_dags/example_sla_dag.py for tasks to queue
[2024-04-09T08:55:07.842+0000] {logging_mixin.py:188} INFO - [2024-04-09T08:55:07.842+0000] {dagbag.py:540} INFO - Filling up the DagBag from /home/airflow/.local/lib/python3.12/site-packages/airflow/example_dags/example_sla_dag.py
[2024-04-09T08:55:07.847+0000] {processor.py:840} INFO - DAG(s) 'example_sla_dag' retrieved from /home/airflow/.local/lib/python3.12/site-packages/airflow/example_dags/example_sla_dag.py
[2024-04-09T08:55:07.857+0000] {logging_mixin.py:188} INFO - [2024-04-09T08:55:07.857+0000] {dag.py:3096} INFO - Sync 1 DAGs
[2024-04-09T08:55:07.870+0000] {logging_mixin.py:188} INFO - [2024-04-09T08:55:07.870+0000] {dag.py:3954} INFO - Setting next_dagrun for example_sla_dag to 2024-04-09 08:52:00+00:00, run_after=2024-04-09 08:54:00+00:00
[2024-04-09T08:55:07.882+0000] {processor.py:183} INFO - Processing /home/airflow/.local/lib/python3.12/site-packages/airflow/example_dags/example_sla_dag.py took 0.044 seconds
[2024-04-09T08:55:38.453+0000] {processor.py:161} INFO - Started process (PID=3606) to work on /home/airflow/.local/lib/python3.12/site-packages/airflow/example_dags/example_sla_dag.py
[2024-04-09T08:55:38.454+0000] {processor.py:830} INFO - Processing file /home/airflow/.local/lib/python3.12/site-packages/airflow/example_dags/example_sla_dag.py for tasks to queue
[2024-04-09T08:55:38.455+0000] {logging_mixin.py:188} INFO - [2024-04-09T08:55:38.455+0000] {dagbag.py:540} INFO - Filling up the DagBag from /home/airflow/.local/lib/python3.12/site-packages/airflow/example_dags/example_sla_dag.py
[2024-04-09T08:55:38.459+0000] {processor.py:840} INFO - DAG(s) 'example_sla_dag' retrieved from /home/airflow/.local/lib/python3.12/site-packages/airflow/example_dags/example_sla_dag.py
[2024-04-09T08:55:38.470+0000] {logging_mixin.py:188} INFO - [2024-04-09T08:55:38.470+0000] {dag.py:3096} INFO - Sync 1 DAGs
[2024-04-09T08:55:38.484+0000] {logging_mixin.py:188} INFO - [2024-04-09T08:55:38.484+0000] {dag.py:3954} INFO - Setting next_dagrun for example_sla_dag to 2024-04-09 08:52:00+00:00, run_after=2024-04-09 08:54:00+00:00
[2024-04-09T08:55:38.494+0000] {processor.py:183} INFO - Processing /home/airflow/.local/lib/python3.12/site-packages/airflow/example_dags/example_sla_dag.py took 0.044 seconds
[2024-04-09T08:56:09.148+0000] {processor.py:161} INFO - Started process (PID=3664) to work on /home/airflow/.local/lib/python3.12/site-packages/airflow/example_dags/example_sla_dag.py
[2024-04-09T08:56:09.149+0000] {processor.py:830} INFO - Processing file /home/airflow/.local/lib/python3.12/site-packages/airflow/example_dags/example_sla_dag.py for tasks to queue
[2024-04-09T08:56:09.150+0000] {logging_mixin.py:188} INFO - [2024-04-09T08:56:09.150+0000] {dagbag.py:540} INFO - Filling up the DagBag from /home/airflow/.local/lib/python3.12/site-packages/airflow/example_dags/example_sla_dag.py
[2024-04-09T08:56:09.154+0000] {processor.py:840} INFO - DAG(s) 'example_sla_dag' retrieved from /home/airflow/.local/lib/python3.12/site-packages/airflow/example_dags/example_sla_dag.py
[2024-04-09T08:56:09.165+0000] {logging_mixin.py:188} INFO - [2024-04-09T08:56:09.164+0000] {dag.py:3096} INFO - Sync 1 DAGs
[2024-04-09T08:56:09.178+0000] {logging_mixin.py:188} INFO - [2024-04-09T08:56:09.178+0000] {dag.py:3954} INFO - Setting next_dagrun for example_sla_dag to 2024-04-09 08:54:00+00:00, run_after=2024-04-09 08:56:00+00:00
[2024-04-09T08:56:09.190+0000] {processor.py:183} INFO - Processing /home/airflow/.local/lib/python3.12/site-packages/airflow/example_dags/example_sla_dag.py took 0.045 seconds
[2024-04-09T08:56:39.830+0000] {processor.py:161} INFO - Started process (PID=3722) to work on /home/airflow/.local/lib/python3.12/site-packages/airflow/example_dags/example_sla_dag.py
[2024-04-09T08:56:39.831+0000] {processor.py:830} INFO - Processing file /home/airflow/.local/lib/python3.12/site-packages/airflow/example_dags/example_sla_dag.py for tasks to queue
[2024-04-09T08:56:39.831+0000] {logging_mixin.py:188} INFO - [2024-04-09T08:56:39.831+0000] {dagbag.py:540} INFO - Filling up the DagBag from /home/airflow/.local/lib/python3.12/site-packages/airflow/example_dags/example_sla_dag.py
[2024-04-09T08:56:39.836+0000] {processor.py:840} INFO - DAG(s) 'example_sla_dag' retrieved from /home/airflow/.local/lib/python3.12/site-packages/airflow/example_dags/example_sla_dag.py
[2024-04-09T08:56:39.847+0000] {logging_mixin.py:188} INFO - [2024-04-09T08:56:39.847+0000] {dag.py:3096} INFO - Sync 1 DAGs
[2024-04-09T08:56:39.863+0000] {logging_mixin.py:188} INFO - [2024-04-09T08:56:39.862+0000] {dag.py:3954} INFO - Setting next_dagrun for example_sla_dag to 2024-04-09 08:54:00+00:00, run_after=2024-04-09 08:56:00+00:00
[2024-04-09T08:56:39.875+0000] {processor.py:183} INFO - Processing /home/airflow/.local/lib/python3.12/site-packages/airflow/example_dags/example_sla_dag.py took 0.048 seconds
[2024-04-09T08:57:10.548+0000] {processor.py:161} INFO - Started process (PID=3780) to work on /home/airflow/.local/lib/python3.12/site-packages/airflow/example_dags/example_sla_dag.py
[2024-04-09T08:57:10.549+0000] {processor.py:830} INFO - Processing file /home/airflow/.local/lib/python3.12/site-packages/airflow/example_dags/example_sla_dag.py for tasks to queue
[2024-04-09T08:57:10.550+0000] {logging_mixin.py:188} INFO - [2024-04-09T08:57:10.549+0000] {dagbag.py:540} INFO - Filling up the DagBag from /home/airflow/.local/lib/python3.12/site-packages/airflow/example_dags/example_sla_dag.py
[2024-04-09T08:57:10.554+0000] {processor.py:840} INFO - DAG(s) 'example_sla_dag' retrieved from /home/airflow/.local/lib/python3.12/site-packages/airflow/example_dags/example_sla_dag.py
[2024-04-09T08:57:10.564+0000] {logging_mixin.py:188} INFO - [2024-04-09T08:57:10.564+0000] {dag.py:3096} INFO - Sync 1 DAGs
[2024-04-09T08:57:10.579+0000] {logging_mixin.py:188} INFO - [2024-04-09T08:57:10.579+0000] {dag.py:3954} INFO - Setting next_dagrun for example_sla_dag to 2024-04-09 08:54:00+00:00, run_after=2024-04-09 08:56:00+00:00
[2024-04-09T08:57:10.590+0000] {processor.py:183} INFO - Processing /home/airflow/.local/lib/python3.12/site-packages/airflow/example_dags/example_sla_dag.py took 0.045 seconds
[2024-04-09T08:57:41.244+0000] {processor.py:161} INFO - Started process (PID=3838) to work on /home/airflow/.local/lib/python3.12/site-packages/airflow/example_dags/example_sla_dag.py
[2024-04-09T08:57:41.244+0000] {processor.py:830} INFO - Processing file /home/airflow/.local/lib/python3.12/site-packages/airflow/example_dags/example_sla_dag.py for tasks to queue
[2024-04-09T08:57:41.245+0000] {logging_mixin.py:188} INFO - [2024-04-09T08:57:41.245+0000] {dagbag.py:540} INFO - Filling up the DagBag from /home/airflow/.local/lib/python3.12/site-packages/airflow/example_dags/example_sla_dag.py
[2024-04-09T08:57:41.250+0000] {processor.py:840} INFO - DAG(s) 'example_sla_dag' retrieved from /home/airflow/.local/lib/python3.12/site-packages/airflow/example_dags/example_sla_dag.py
[2024-04-09T08:57:41.260+0000] {logging_mixin.py:188} INFO - [2024-04-09T08:57:41.259+0000] {dag.py:3096} INFO - Sync 1 DAGs
[2024-04-09T08:57:41.273+0000] {logging_mixin.py:188} INFO - [2024-04-09T08:57:41.273+0000] {dag.py:3954} INFO - Setting next_dagrun for example_sla_dag to 2024-04-09 08:54:00+00:00, run_after=2024-04-09 08:56:00+00:00
[2024-04-09T08:57:41.283+0000] {processor.py:183} INFO - Processing /home/airflow/.local/lib/python3.12/site-packages/airflow/example_dags/example_sla_dag.py took 0.042 seconds
[2024-04-09T08:58:11.509+0000] {processor.py:161} INFO - Started process (PID=3896) to work on /home/airflow/.local/lib/python3.12/site-packages/airflow/example_dags/example_sla_dag.py
[2024-04-09T08:58:11.509+0000] {processor.py:830} INFO - Processing file /home/airflow/.local/lib/python3.12/site-packages/airflow/example_dags/example_sla_dag.py for tasks to queue
[2024-04-09T08:58:11.510+0000] {logging_mixin.py:188} INFO - [2024-04-09T08:58:11.510+0000] {dagbag.py:540} INFO - Filling up the DagBag from /home/airflow/.local/lib/python3.12/site-packages/airflow/example_dags/example_sla_dag.py
[2024-04-09T08:58:11.515+0000] {processor.py:840} INFO - DAG(s) 'example_sla_dag' retrieved from /home/airflow/.local/lib/python3.12/site-packages/airflow/example_dags/example_sla_dag.py
[2024-04-09T08:58:11.525+0000] {logging_mixin.py:188} INFO - [2024-04-09T08:58:11.525+0000] {dag.py:3096} INFO - Sync 1 DAGs
[2024-04-09T08:58:11.539+0000] {logging_mixin.py:188} INFO - [2024-04-09T08:58:11.539+0000] {dag.py:3954} INFO - Setting next_dagrun for example_sla_dag to 2024-04-09 08:56:00+00:00, run_after=2024-04-09 08:58:00+00:00
[2024-04-09T08:58:11.551+0000] {processor.py:183} INFO - Processing /home/airflow/.local/lib/python3.12/site-packages/airflow/example_dags/example_sla_dag.py took 0.045 seconds
